/Users/lzj/bss/201511/20151109/d7336.0014.fits  0014       10728  strumu    6.00   1
/Users/lzj/bss/201511/20151109/d7336.0015.fits  0015       10728  strumu   60.00   1
/Users/lzj/bss/201511/20151109/d7336.0016.fits  0016       10729  strumu    6.00   1
/Users/lzj/bss/201511/20151109/d7336.0017.fits  0017       10729  strumu   60.00   1
/Users/lzj/bss/201511/20151109/d7336.0018.fits  0018       10730  strumu    6.00   1
/Users/lzj/bss/201511/20151109/d7336.0019.fits  0019       10730  strumu   60.00   1
/Users/lzj/bss/201511/20151109/d7336.0020.fits  0020       10731  strumu    6.00   1
/Users/lzj/bss/201511/20151109/d7336.0021.fits  0021       10731  strumu   60.00   1
/Users/lzj/bss/201511/20151109/d7336.0022.fits  0022       10732  strumu    6.00   1
/Users/lzj/bss/201511/20151109/d7336.0023.fits  0023       10732  strumu   60.00   1
/Users/lzj/bss/201511/20151109/d7336.0024.fits  0024       10733  strumu    6.00   1
/Users/lzj/bss/201511/20151109/d7336.0025.fits  0025       10733  strumu   60.00   1
/Users/lzj/bss/201511/20151109/d7336.0026.fits  0026       10734  strumu    6.00   1
/Users/lzj/bss/201511/20151109/d7336.0027.fits  0027       10734  strumu   60.00   1
/Users/lzj/bss/201511/20151109/d7336.0028.fits  0028       10735  strumu    6.00   1
/Users/lzj/bss/201511/20151109/d7336.0029.fits  0029       10735  strumu   60.00   1
/Users/lzj/bss/201511/20151109/d7336.0030.fits  0030       10736  strumu    6.00   1
/Users/lzj/bss/201511/20151109/d7336.0031.fits  0031       10736  strumu   60.00   1
/Users/lzj/bss/201511/20151109/d7336.0032.fits  0032       10737  strumu    6.00   1
/Users/lzj/bss/201511/20151109/d7336.0033.fits  0033       10737  strumu   60.00   1
/Users/lzj/bss/201511/20151109/d7336.0034.fits  0034       10738  strumu    6.00   1
/Users/lzj/bss/201511/20151109/d7336.0035.fits  0035       10738  strumu   60.00   1
/Users/lzj/bss/201511/20151109/d7336.0036.fits  0036       10739  strumu    6.00   1
/Users/lzj/bss/201511/20151109/d7336.0037.fits  0037       10739  strumu   60.00   1
/Users/lzj/bss/201511/20151109/d7336.0038.fits  0038       11101  strumu    6.00   1
/Users/lzj/bss/201511/20151109/d7336.0039.fits  0039       11101  strumu   60.00   1
/Users/lzj/bss/201511/20151109/d7336.0040.fits  0040       10740  strumu    6.00   1
/Users/lzj/bss/201511/20151109/d7336.0041.fits  0041       10740  strumu   60.00   1
/Users/lzj/bss/201511/20151109/d7336.0042.fits  0042       11102  strumu    6.00   1
/Users/lzj/bss/201511/20151109/d7336.0043.fits  0043       11102  strumu   60.00   1
/Users/lzj/bss/201511/20151109/d7336.0044.fits  0044       10741  strumu    6.00   1
/Users/lzj/bss/201511/20151109/d7336.0045.fits  0045       10741  strumu   60.00   1
/Users/lzj/bss/201511/20151109/d7336.0046.fits  0046       11103  strumu    6.00   1
/Users/lzj/bss/201511/20151109/d7336.0047.fits  0047       11103  strumu   60.00   1
/Users/lzj/bss/201511/20151109/d7336.0048.fits  0048       10742  strumu    6.00   1
/Users/lzj/bss/201511/20151109/d7336.0049.fits  0049       10742  strumu   60.00   1
/Users/lzj/bss/201511/20151109/d7336.0050.fits  0050       11104  strumu    6.00   1
/Users/lzj/bss/201511/20151109/d7336.0051.fits  0051       11104  strumu   60.00   1
/Users/lzj/bss/201511/20151109/d7336.0052.fits  0052       10743  strumu    6.00   1
/Users/lzj/bss/201511/20151109/d7336.0053.fits  0053       10743  strumu   60.00   1
/Users/lzj/bss/201511/20151109/d7336.0054.fits  0054       11105  strumu    6.00   1
/Users/lzj/bss/201511/20151109/d7336.0055.fits  0055       11105  strumu   60.00   1
/Users/lzj/bss/201511/20151109/d7336.0056.fits  0056       10744  strumu    6.00   1
/Users/lzj/bss/201511/20151109/d7336.0057.fits  0057       10744  strumu   60.00   1
/Users/lzj/bss/201511/20151109/d7336.0058.fits  0058       11106  strumu    6.00   1
/Users/lzj/bss/201511/20151109/d7336.0059.fits  0059       11106  strumu   60.00   1
/Users/lzj/bss/201511/20151109/d7336.0060.fits  0060       10745  strumu    6.00   1
/Users/lzj/bss/201511/20151109/d7336.0061.fits  0061       10745  strumu   60.00   1
/Users/lzj/bss/201511/20151109/d7336.0062.fits  0062       11107  strumu    6.00   1
/Users/lzj/bss/201511/20151109/d7336.0063.fits  0063       11107  strumu   60.00   1
/Users/lzj/bss/201511/20151109/d7336.0064.fits  0064       10746  strumu    6.00   1
/Users/lzj/bss/201511/20151109/d7336.0065.fits  0065       10746  strumu   60.00   1
/Users/lzj/bss/201511/20151109/d7336.0066.fits  0066       10747  strumu    6.00   1
/Users/lzj/bss/201511/20151109/d7336.0067.fits  0067       10747  strumu   60.00   1
/Users/lzj/bss/201511/20151109/d7336.0068.fits  0068       10748  strumu    6.00   1
/Users/lzj/bss/201511/20151109/d7336.0069.fits  0069       10748  strumu   60.00   1
/Users/lzj/bss/201511/20151109/d7336.0070.fits  0070       10749  strumu    6.00   1
/Users/lzj/bss/201511/20151109/d7336.0071.fits  0071       10749  strumu   60.00   1
/Users/lzj/bss/201511/20151109/d7336.0072.fits  0072       10750  strumu    6.00   1
/Users/lzj/bss/201511/20151109/d7336.0073.fits  0073       10750  strumu   60.00   1
/Users/lzj/bss/201511/20151109/d7336.0074.fits  0074       10751  strumu    6.00   1
/Users/lzj/bss/201511/20151109/d7336.0075.fits  0075       10751  strumu   60.00   1
/Users/lzj/bss/201511/20151109/d7336.0076.fits  0076       10752  strumu    6.00   1
/Users/lzj/bss/201511/20151109/d7336.0077.fits  0077       10752  strumu   60.00   1
/Users/lzj/bss/201511/20151109/d7336.0078.fits  0078       10753  strumu    6.00   1
/Users/lzj/bss/201511/20151109/d7336.0079.fits  0079       10753  strumu   60.00   1
/Users/lzj/bss/201511/20151109/d7336.0080.fits  0080       10754  strumu    6.00   1
/Users/lzj/bss/201511/20151109/d7336.0081.fits  0081       10754  strumu   60.00   1
/Users/lzj/bss/201511/20151109/d7336.0082.fits  0082       10755  strumu    6.00   1
/Users/lzj/bss/201511/20151109/d7336.0083.fits  0083       10755  strumu   60.00   1
/Users/lzj/bss/201511/20151109/d7336.0084.fits  0084       10763  strumu    6.00   1
/Users/lzj/bss/201511/20151109/d7336.0085.fits  0085       10763  strumu   60.00   1
/Users/lzj/bss/201511/20151109/d7336.0086.fits  0086       10764  strumu    6.00   1
/Users/lzj/bss/201511/20151109/d7336.0087.fits  0087       10764  strumu   60.00   1
/Users/lzj/bss/201511/20151109/d7336.0088.fits  0088       10765  strumu    6.00   1
/Users/lzj/bss/201511/20151109/d7336.0089.fits  0089       10765  strumu   60.00   1
/Users/lzj/bss/201511/20151109/d7336.0090.fits  0090       10766  strumu    6.00   1
/Users/lzj/bss/201511/20151109/d7336.0091.fits  0091       10766  strumu   60.00   1
/Users/lzj/bss/201511/20151109/d7336.0092.fits  0092       10403  strumu    6.00   1
/Users/lzj/bss/201511/20151109/d7336.0093.fits  0093       10403  strumu   60.00   1
/Users/lzj/bss/201511/20151109/d7336.0094.fits  0094       10767  strumu    6.00   1
/Users/lzj/bss/201511/20151109/d7336.0095.fits  0095       10767  strumu   60.00   1
/Users/lzj/bss/201511/20151109/d7336.0096.fits  0096       10404  strumu    6.00   1
/Users/lzj/bss/201511/20151109/d7336.0097.fits  0097       10404  strumu   60.00   1
/Users/lzj/bss/201511/20151109/d7336.0098.fits  0098       10768  strumu    6.00   1
/Users/lzj/bss/201511/20151109/d7336.0099.fits  0099       10768  strumu   60.00   1
/Users/lzj/bss/201511/20151109/d7336.0100.fits  0100       10405  strumu    6.00   1
/Users/lzj/bss/201511/20151109/d7336.0101.fits  0101       10405  strumu   60.00   1
/Users/lzj/bss/201511/20151109/d7336.0102.fits  0102       10769  strumu    6.00   1
/Users/lzj/bss/201511/20151109/d7336.0103.fits  0103       10769  strumu   60.00   1
/Users/lzj/bss/201511/20151109/d7336.0104.fits  0104       10406  strumu    6.00   1
/Users/lzj/bss/201511/20151109/d7336.0105.fits  0105       10406  strumu   60.00   1
/Users/lzj/bss/201511/20151109/d7336.0106.fits  0106       10407  strumu    6.00   1
/Users/lzj/bss/201511/20151109/d7336.0107.fits  0107       10407  strumu   60.00   1
/Users/lzj/bss/201511/20151109/d7336.0108.fits  0108       10777  strumu    6.00   1
/Users/lzj/bss/201511/20151109/d7336.0109.fits  0109       10777  strumu   60.00   1
/Users/lzj/bss/201511/20151109/d7336.0110.fits  0110       10778  strumu    6.00   1
/Users/lzj/bss/201511/20151109/d7336.0111.fits  0111       10778  strumu   60.00   1
/Users/lzj/bss/201511/20151109/d7336.0112.fits  0112       10415  strumu    6.00   1
/Users/lzj/bss/201511/20151109/d7336.0113.fits  0113       10415  strumu   60.00   1
/Users/lzj/bss/201511/20151109/d7336.0115.fits  0115       10779  strumu    6.00   1
/Users/lzj/bss/201511/20151109/d7336.0116.fits  0116       10779  strumu   60.00   1
/Users/lzj/bss/201511/20151109/d7336.0117.fits  0117       10416  strumu    6.00   1
/Users/lzj/bss/201511/20151109/d7336.0118.fits  0118       10416  strumu   60.00   1
/Users/lzj/bss/201511/20151109/d7336.0119.fits  0119       10780  strumu    6.00   1
/Users/lzj/bss/201511/20151109/d7336.0120.fits  0120       10780  strumu   60.00   1
/Users/lzj/bss/201511/20151109/d7336.0121.fits  0121       10417  strumu    6.00   1
/Users/lzj/bss/201511/20151109/d7336.0122.fits  0122       10417  strumu   60.00   1
/Users/lzj/bss/201511/20151109/d7336.0123.fits  0123       10781  strumu    6.00   1
/Users/lzj/bss/201511/20151109/d7336.0124.fits  0124       10781  strumu   60.00   1
/Users/lzj/bss/201511/20151109/d7336.0125.fits  0125       10418  strumu    6.00   1
/Users/lzj/bss/201511/20151109/d7336.0126.fits  0126       10418  strumu   60.00   1
/Users/lzj/bss/201511/20151109/d7336.0127.fits  0127       10782  strumu    6.00   1
/Users/lzj/bss/201511/20151109/d7336.0128.fits  0128       10782  strumu   60.00   1
/Users/lzj/bss/201511/20151109/d7336.0129.fits  0129       10419  strumu    6.00   1
/Users/lzj/bss/201511/20151109/d7336.0130.fits  0130       10419  strumu   60.00   1
/Users/lzj/bss/201511/20151109/d7336.0131.fits  0131       10783  strumu    6.00   1
/Users/lzj/bss/201511/20151109/d7336.0132.fits  0132       10783  strumu   60.00   1
/Users/lzj/bss/201511/20151109/d7336.0133.fits  0133       10420  strumu    6.00   1
/Users/lzj/bss/201511/20151109/d7336.0134.fits  0134       10420  strumu   60.00   1
/Users/lzj/bss/201511/20151109/d7336.0135.fits  0135       10784  strumu    6.00   1
/Users/lzj/bss/201511/20151109/d7336.0136.fits  0136       10784  strumu   60.00   1
/Users/lzj/bss/201511/20151109/d7336.0137.fits  0137       10421  strumu    6.00   1
/Users/lzj/bss/201511/20151109/d7336.0138.fits  0138       10421  strumu   60.00   1
/Users/lzj/bss/201511/20151109/d7336.0139.fits  0139       10785  strumu    6.00   1
/Users/lzj/bss/201511/20151109/d7336.0140.fits  0140       10785  strumu   60.00   1
/Users/lzj/bss/201511/20151109/d7336.0141.fits  0141       10786  strumu    6.00   1
/Users/lzj/bss/201511/20151109/d7336.0142.fits  0142       10786  strumu   60.00   1
/Users/lzj/bss/201511/20151109/d7336.0143.fits  0143       10787  strumu    6.00   1
/Users/lzj/bss/201511/20151109/d7336.0144.fits  0144       10787  strumu   60.00   1
/Users/lzj/bss/201511/20151109/d7336.0145.fits  0145       10788  strumu    6.00   1
/Users/lzj/bss/201511/20151109/d7336.0146.fits  0146       10788  strumu   60.00   1
/Users/lzj/bss/201511/20151109/d7336.0147.fits  0147       10789  strumu    6.00   1
/Users/lzj/bss/201511/20151109/d7336.0148.fits  0148       10789  strumu   60.00   1
/Users/lzj/bss/201511/20151109/d7336.0149.fits  0149       10790  strumu    6.00   1
/Users/lzj/bss/201511/20151109/d7336.0150.fits  0150       10790  strumu   60.00   1
/Users/lzj/bss/201511/20151109/d7336.0151.fits  0151       10429  strumu    6.00   1
/Users/lzj/bss/201511/20151109/d7336.0152.fits  0152       10429  strumu   60.00   1
/Users/lzj/bss/201511/20151109/d7336.0153.fits  0153       10430  strumu    6.00   1
/Users/lzj/bss/201511/20151109/d7336.0154.fits  0154       10430  strumu   60.00   1
/Users/lzj/bss/201511/20151109/d7336.0155.fits  0155       10431  strumu    6.00   1
/Users/lzj/bss/201511/20151109/d7336.0156.fits  0156       10431  strumu   60.00   1
/Users/lzj/bss/201511/20151109/d7336.0157.fits  0157       10432  strumu    6.00   1
/Users/lzj/bss/201511/20151109/d7336.0158.fits  0158       10432  strumu   60.00   1
/Users/lzj/bss/201511/20151109/d7336.0159.fits  0159       10433  strumu    6.00   1
/Users/lzj/bss/201511/20151109/d7336.0160.fits  0160       10433  strumu   60.00   1
/Users/lzj/bss/201511/20151109/d7336.0161.fits  0161       10434  strumu    6.00   1
/Users/lzj/bss/201511/20151109/d7336.0162.fits  0162       10434  strumu   60.00   1
/Users/lzj/bss/201511/20151109/d7336.0163.fits  0163       10435  strumu    6.00   1
/Users/lzj/bss/201511/20151109/d7336.0164.fits  0164       10435  strumu   60.00   1
/Users/lzj/bss/201511/20151109/d7336.0165.fits  0165       10436  strumu    6.00   1
/Users/lzj/bss/201511/20151109/d7336.0166.fits  0166       10436  strumu   60.00   1
/Users/lzj/bss/201511/20151109/d7336.0167.fits  0167       10437  strumu    6.00   1
/Users/lzj/bss/201511/20151109/d7336.0168.fits  0168       10437  strumu   60.00   1
/Users/lzj/bss/201511/20151109/d7336.0169.fits  0169       10438  strumu    6.00   1
/Users/lzj/bss/201511/20151109/d7336.0170.fits  0170       10438  strumu   60.00   1
/Users/lzj/bss/201511/20151109/d7336.0171.fits  0171       10439  strumu    6.00   1
/Users/lzj/bss/201511/20151109/d7336.0172.fits  0172       10439  strumu   60.00   1
/Users/lzj/bss/201511/20151109/d7336.0173.fits  0173       10440  strumu    6.00   1
/Users/lzj/bss/201511/20151109/d7336.0174.fits  0174       10440  strumu   60.00   1
/Users/lzj/bss/201511/20151109/d7336.0175.fits  0175       10441  strumu    6.00   1
/Users/lzj/bss/201511/20151109/d7336.0176.fits  0176       10441  strumu   60.00   1
/Users/lzj/bss/201511/20151109/d7336.0177.fits  0177       10442  strumu    6.00   1
/Users/lzj/bss/201511/20151109/d7336.0178.fits  0178       10442  strumu   60.00   1
/Users/lzj/bss/201511/20151109/d7336.0179.fits  0179       10443  strumu    6.00   1
/Users/lzj/bss/201511/20151109/d7336.0180.fits  0180       10443  strumu   60.00   1
/Users/lzj/bss/201511/20151109/d7336.0181.fits  0181       10444  strumu    6.00   1
/Users/lzj/bss/201511/20151109/d7336.0182.fits  0182       10444  strumu   60.00   1
/Users/lzj/bss/201511/20151109/d7336.0183.fits  0183       10445  strumu    6.00   1
/Users/lzj/bss/201511/20151109/d7336.0184.fits  0184       10445  strumu   60.00   1
/Users/lzj/bss/201511/20151109/d7336.0185.fits  0185       10446  strumu    6.00   1
/Users/lzj/bss/201511/20151109/d7336.0186.fits  0186       10446  strumu   60.00   1
/Users/lzj/bss/201511/20151109/d7336.0187.fits  0187       10447  strumu    6.00   1
/Users/lzj/bss/201511/20151109/d7336.0188.fits  0188       10447  strumu   60.00   1
/Users/lzj/bss/201511/20151109/d7336.0189.fits  0189       10448  strumu    6.00   1
/Users/lzj/bss/201511/20151109/d7336.0190.fits  0190       10448  strumu   60.00   1
/Users/lzj/bss/201511/20151109/d7336.0191.fits  0191       10812  strumu    6.00   1
/Users/lzj/bss/201511/20151109/d7336.0192.fits  0192       10812  strumu   60.00   1
/Users/lzj/bss/201511/20151109/d7336.0193.fits  0193       10449  strumu    6.00   1
/Users/lzj/bss/201511/20151109/d7336.0194.fits  0194       10449  strumu   60.00   1
/Users/lzj/bss/201511/20151109/d7336.0195.fits  0195       10813  strumu    6.00   1
/Users/lzj/bss/201511/20151109/d7336.0196.fits  0196       10813  strumu   60.00   1
/Users/lzj/bss/201511/20151109/d7336.0197.fits  0197       10450  strumu    6.00   1
/Users/lzj/bss/201511/20151109/d7336.0198.fits  0198       10450  strumu   60.00   1
/Users/lzj/bss/201511/20151109/d7336.0199.fits  0199       10814  strumu    6.00   1
/Users/lzj/bss/201511/20151109/d7336.0200.fits  0200       10814  strumu   60.00   1
/Users/lzj/bss/201511/20151109/d7336.0201.fits  0201       10451  strumu    6.00   1
/Users/lzj/bss/201511/20151109/d7336.0202.fits  0202       10451  strumu   60.00   1
/Users/lzj/bss/201511/20151109/d7336.0203.fits  0203       10815  strumu    6.00   1
/Users/lzj/bss/201511/20151109/d7336.0204.fits  0204       10815  strumu   60.00   1
/Users/lzj/bss/201511/20151109/d7336.0205.fits  0205       10452  strumu    6.00   1
/Users/lzj/bss/201511/20151109/d7336.0206.fits  0206       10452  strumu   60.00   1
/Users/lzj/bss/201511/20151109/d7336.0207.fits  0207       10816  strumu    6.00   1
/Users/lzj/bss/201511/20151109/d7336.0208.fits  0208       10816  strumu   60.00   1
/Users/lzj/bss/201511/20151109/d7336.0209.fits  0209       10453  strumu    6.00   1
/Users/lzj/bss/201511/20151109/d7336.0210.fits  0210       10453  strumu   60.00   1
/Users/lzj/bss/201511/20151109/d7336.0211.fits  0211       10817  strumu    6.00   1
/Users/lzj/bss/201511/20151109/d7336.0212.fits  0212       10817  strumu   60.00   1
/Users/lzj/bss/201511/20151109/d7336.0213.fits  0213       10454  strumu    6.00   1
/Users/lzj/bss/201511/20151109/d7336.0214.fits  0214       10454  strumu   60.00   1
/Users/lzj/bss/201511/20151109/d7336.0216.fits  0216       10818  strumu    6.00   1
/Users/lzj/bss/201511/20151109/d7336.0217.fits  0217       10818  strumu   60.00   1
/Users/lzj/bss/201511/20151109/d7336.0218.fits  0218       10455  strumu    6.00   1
/Users/lzj/bss/201511/20151109/d7336.0219.fits  0219       10455  strumu   60.00   1
/Users/lzj/bss/201511/20151109/d7336.0220.fits  0220       10456  strumu    6.00   1
/Users/lzj/bss/201511/20151109/d7336.0221.fits  0221       10456  strumu   60.00   1
/Users/lzj/bss/201511/20151109/d7336.0222.fits  0222       10457  strumu    6.00   1
/Users/lzj/bss/201511/20151109/d7336.0223.fits  0223       10457  strumu   60.00   1
/Users/lzj/bss/201511/20151109/d7336.0224.fits  0224       10458  strumu    6.00   1
/Users/lzj/bss/201511/20151109/d7336.0225.fits  0225       10458  strumu   60.00   1
/Users/lzj/bss/201511/20151109/d7336.0226.fits  0226       10459  strumu    6.00   1
/Users/lzj/bss/201511/20151109/d7336.0227.fits  0227       10459  strumu   60.00   1
/Users/lzj/bss/201511/20151109/d7336.0228.fits  0228       10460  strumu    6.00   1
/Users/lzj/bss/201511/20151109/d7336.0229.fits  0229       10460  strumu   60.00   1
/Users/lzj/bss/201511/20151109/d7336.0230.fits  0230       10461  strumu    6.00   1
/Users/lzj/bss/201511/20151109/d7336.0231.fits  0231       10461  strumu   60.00   1
/Users/lzj/bss/201511/20151109/d7336.0232.fits  0232       10462  strumu    6.00   1
/Users/lzj/bss/201511/20151109/d7336.0233.fits  0233       10462  strumu   60.00   1
/Users/lzj/bss/201511/20151109/d7336.0234.fits  0234       10463  strumu    6.00   1
/Users/lzj/bss/201511/20151109/d7336.0235.fits  0235       10463  strumu   60.00   1
/Users/lzj/bss/201511/20151109/d7336.0236.fits  0236       10464  strumu    6.00   1
/Users/lzj/bss/201511/20151109/d7336.0237.fits  0237       10464  strumu   60.00   1
/Users/lzj/bss/201511/20151109/d7336.0238.fits  0238       10465  strumu    6.00   1
/Users/lzj/bss/201511/20151109/d7336.0239.fits  0239       10465  strumu   60.00   1
/Users/lzj/bss/201511/20151109/d7336.0240.fits  0240       10466  strumu    6.00   1
/Users/lzj/bss/201511/20151109/d7336.0241.fits  0241       10466  strumu   60.00   1
/Users/lzj/bss/201511/20151109/d7336.0242.fits  0242       10467  strumu    6.00   1
/Users/lzj/bss/201511/20151109/d7336.0243.fits  0243       10467  strumu   60.00   1
/Users/lzj/bss/201511/20151109/d7336.0244.fits  0244       10468  strumu    6.00   1
/Users/lzj/bss/201511/20151109/d7336.0245.fits  0245       10468  strumu   60.00   1
/Users/lzj/bss/201511/20151109/d7336.0246.fits  0246       10469  strumu    6.00   1
/Users/lzj/bss/201511/20151109/d7336.0247.fits  0247       10469  strumu   60.00   1
/Users/lzj/bss/201511/20151109/d7336.0248.fits  0248       10470  strumu    6.00   1
/Users/lzj/bss/201511/20151109/d7336.0249.fits  0249       10470  strumu   60.00   1
/Users/lzj/bss/201511/20151109/d7336.0250.fits  0250       10471  strumu    6.00   1
/Users/lzj/bss/201511/20151109/d7336.0251.fits  0251       10471  strumu   60.00   1
/Users/lzj/bss/201511/20151109/d7336.0252.fits  0252       10472  strumu    6.00   1
/Users/lzj/bss/201511/20151109/d7336.0253.fits  0253       10472  strumu   60.00   1
/Users/lzj/bss/201511/20151109/d7336.0254.fits  0254       10473  strumu    6.00   1
/Users/lzj/bss/201511/20151109/d7336.0255.fits  0255       10473  strumu   60.00   1
/Users/lzj/bss/201511/20151109/d7336.0256.fits  0256       10474  strumu    6.00   1
/Users/lzj/bss/201511/20151109/d7336.0257.fits  0257       10474  strumu   60.00   1
/Users/lzj/bss/201511/20151109/d7336.0258.fits  0258       10475  strumu    6.00   1
/Users/lzj/bss/201511/20151109/d7336.0259.fits  0259       10475  strumu   60.00   1
/Users/lzj/bss/201511/20151109/d7336.0260.fits  0260       10476  strumu    6.00   1
/Users/lzj/bss/201511/20151109/d7336.0261.fits  0261       10476  strumu   60.00   1
/Users/lzj/bss/201511/20151109/d7336.0262.fits  0262       10477  strumu    6.00   1
/Users/lzj/bss/201511/20151109/d7336.0263.fits  0263       10477  strumu   60.00   1
/Users/lzj/bss/201511/20151109/d7336.0264.fits  0264       10478  strumu    6.00   1
/Users/lzj/bss/201511/20151109/d7336.0265.fits  0265       10478  strumu   60.00   1
/Users/lzj/bss/201511/20151109/d7336.0266.fits  0266       10479  strumu    6.00   1
/Users/lzj/bss/201511/20151109/d7336.0267.fits  0267       10479  strumu   60.00   1
/Users/lzj/bss/201511/20151109/d7336.0268.fits  0268       10480  strumu    6.00   1
/Users/lzj/bss/201511/20151109/d7336.0269.fits  0269       10480  strumu   60.00   1
/Users/lzj/bss/201511/20151109/d7336.0270.fits  0270       10481  strumu    6.00   1
/Users/lzj/bss/201511/20151109/d7336.0271.fits  0271       10481  strumu   60.00   1
/Users/lzj/bss/201511/20151109/d7336.0272.fits  0272       10482  strumu    6.00   1
/Users/lzj/bss/201511/20151109/d7336.0273.fits  0273       10482  strumu   60.00   1
/Users/lzj/bss/201511/20151109/d7336.0274.fits  0274       10483  strumu    6.00   1
/Users/lzj/bss/201511/20151109/d7336.0275.fits  0275       10483  strumu   60.00   1
/Users/lzj/bss/201511/20151109/d7336.0276.fits  0276       10484  strumu    6.00   1
/Users/lzj/bss/201511/20151109/d7336.0277.fits  0277       10484  strumu   60.00   1
/Users/lzj/bss/201511/20151109/d7336.0278.fits  0278       10485  strumu    6.00   1
/Users/lzj/bss/201511/20151109/d7336.0279.fits  0279       10485  strumu   60.00   1
/Users/lzj/bss/201511/20151109/d7336.0280.fits  0280       10486  strumu    6.00   1
/Users/lzj/bss/201511/20151109/d7336.0281.fits  0281       10486  strumu   60.00   1
/Users/lzj/bss/201511/20151109/d7336.0282.fits  0282       10487  strumu    6.00   1
/Users/lzj/bss/201511/20151109/d7336.0283.fits  0283       10487  strumu   60.00   1
/Users/lzj/bss/201511/20151109/d7336.0284.fits  0284       10488  strumu    6.00   1
/Users/lzj/bss/201511/20151109/d7336.0285.fits  0285       10488  strumu   60.00   1
/Users/lzj/bss/201511/20151109/d7336.0286.fits  0286       10489  strumu    6.00   1
/Users/lzj/bss/201511/20151109/d7336.0287.fits  0287       10489  strumu   60.00   1
/Users/lzj/bss/201511/20151109/d7336.0288.fits  0288       10490  strumu    6.00   1
/Users/lzj/bss/201511/20151109/d7336.0289.fits  0289       10490  strumu   60.00   1
/Users/lzj/bss/201511/20151109/d7336.0290.fits  0290       10854  strumu    6.00   1
/Users/lzj/bss/201511/20151109/d7336.0291.fits  0291       10854  strumu   60.00   1
/Users/lzj/bss/201511/20151109/d7336.0292.fits  0292       10491  strumu    6.00   1
/Users/lzj/bss/201511/20151109/d7336.0293.fits  0293       10491  strumu   60.00   1
/Users/lzj/bss/201511/20151109/d7336.0294.fits  0294       10855  strumu    6.00   1
/Users/lzj/bss/201511/20151109/d7336.0295.fits  0295       10855  strumu   60.00   1
/Users/lzj/bss/201511/20151109/d7336.0296.fits  0296       10492  strumu    6.00   1
/Users/lzj/bss/201511/20151109/d7336.0297.fits  0297       10492  strumu   60.00   1
/Users/lzj/bss/201511/20151109/d7336.0298.fits  0298       10856  strumu    6.00   1
/Users/lzj/bss/201511/20151109/d7336.0299.fits  0299       10856  strumu   60.00   1
/Users/lzj/bss/201511/20151109/d7336.0300.fits  0300       11578  strumu    6.00   1
/Users/lzj/bss/201511/20151109/d7336.0301.fits  0301       11578  strumu   60.00   1
/Users/lzj/bss/201511/20151109/d7336.0302.fits  0302       10493  strumu    6.00   1
/Users/lzj/bss/201511/20151109/d7336.0303.fits  0303       10493  strumu   60.00   1
/Users/lzj/bss/201511/20151109/d7336.0304.fits  0304       10857  strumu    6.00   1
/Users/lzj/bss/201511/20151109/d7336.0305.fits  0305       10857  strumu   60.00   1
/Users/lzj/bss/201511/20151109/d7336.0306.fits  0306       10494  strumu    6.00   1
/Users/lzj/bss/201511/20151109/d7336.0307.fits  0307       10494  strumu   60.00   1
/Users/lzj/bss/201511/20151109/d7336.0308.fits  0308       10858  strumu    6.00   1
/Users/lzj/bss/201511/20151109/d7336.0309.fits  0309       10858  strumu   60.00   1
/Users/lzj/bss/201511/20151109/d7336.0310.fits  0310       10495  strumu    6.00   1
/Users/lzj/bss/201511/20151109/d7336.0311.fits  0311       10495  strumu   60.00   1
/Users/lzj/bss/201511/20151109/d7336.0312.fits  0312       11579  strumu    6.00   1
/Users/lzj/bss/201511/20151109/d7336.0313.fits  0313       11579  strumu   60.00   1
/Users/lzj/bss/201511/20151109/d7336.0314.fits  0314       11580  strumu    6.00   1
/Users/lzj/bss/201511/20151109/d7336.0315.fits  0315       11580  strumu   60.00   1
/Users/lzj/bss/201511/20151109/d7336.0316.fits  0316       10859  strumu    6.00   1
/Users/lzj/bss/201511/20151109/d7336.0317.fits  0317       10859  strumu   60.00   1
/Users/lzj/bss/201511/20151109/d7336.0318.fits  0318       10496  strumu    6.00   1
/Users/lzj/bss/201511/20151109/d7336.0319.fits  0319       10496  strumu   60.00   1
/Users/lzj/bss/201511/20151109/d7336.0320.fits  0320       11581  strumu    6.00   1
/Users/lzj/bss/201511/20151109/d7336.0321.fits  0321       11581  strumu   60.00   1
/Users/lzj/bss/201511/20151109/d7336.0322.fits  0322       10860  strumu    6.00   1
/Users/lzj/bss/201511/20151109/d7336.0323.fits  0323       10860  strumu   60.00   1
/Users/lzj/bss/201511/20151109/d7336.0324.fits  0324       10497  strumu    6.00   1
/Users/lzj/bss/201511/20151109/d7336.0325.fits  0325       10497  strumu   60.00   1
/Users/lzj/bss/201511/20151109/d7336.0326.fits  0326       11582  strumu    6.00   1
/Users/lzj/bss/201511/20151109/d7336.0327.fits  0327       11582  strumu   60.00   1
/Users/lzj/bss/201511/20151109/d7336.0328.fits  0328       10861  strumu    6.00   1
/Users/lzj/bss/201511/20151109/d7336.0329.fits  0329       10861  strumu   60.00   1
/Users/lzj/bss/201511/20151109/d7336.0330.fits  0330       10498  strumu    6.00   1
/Users/lzj/bss/201511/20151109/d7336.0331.fits  0331       10498  strumu   60.00   1
/Users/lzj/bss/201511/20151109/d7336.0332.fits  0332       11583  strumu    6.00   1
/Users/lzj/bss/201511/20151109/d7336.0333.fits  0333       11583  strumu   60.00   1
/Users/lzj/bss/201511/20151109/d7336.0334.fits  0334       10862  strumu    6.00   1
/Users/lzj/bss/201511/20151109/d7336.0335.fits  0335       10862  strumu   60.00   1
/Users/lzj/bss/201511/20151109/d7336.0336.fits  0336       10499  strumu    6.00   1
/Users/lzj/bss/201511/20151109/d7336.0337.fits  0337       10499  strumu   60.00   1
/Users/lzj/bss/201511/20151109/d7336.0338.fits  0338       11584  strumu    6.00   1
/Users/lzj/bss/201511/20151109/d7336.0339.fits  0339       11584  strumu   60.00   1
/Users/lzj/bss/201511/20151109/d7336.0340.fits  0340       10863  strumu    6.00   1
/Users/lzj/bss/201511/20151109/d7336.0341.fits  0341       10863  strumu   60.00   1
/Users/lzj/bss/201511/20151109/d7336.0342.fits  0342       10500  strumu    6.00   1
/Users/lzj/bss/201511/20151109/d7336.0343.fits  0343       10500  strumu   60.00   1
/Users/lzj/bss/201511/20151109/d7336.0344.fits  0344       10864  strumu    6.00   1
/Users/lzj/bss/201511/20151109/d7336.0345.fits  0345       10864  strumu   60.00   1
/Users/lzj/bss/201511/20151109/d7336.0346.fits  0346       10501  strumu    6.00   1
/Users/lzj/bss/201511/20151109/d7336.0347.fits  0347       10501  strumu   60.00   1
/Users/lzj/bss/201511/20151109/d7336.0348.fits  0348       10865  strumu    6.00   1
/Users/lzj/bss/201511/20151109/d7336.0349.fits  0349       10865  strumu   60.00   1
/Users/lzj/bss/201511/20151109/d7336.0350.fits  0350       10502  strumu    6.00   1
/Users/lzj/bss/201511/20151109/d7336.0351.fits  0351       10502  strumu   60.00   1
/Users/lzj/bss/201511/20151109/d7336.0352.fits  0352       10866  strumu    6.00   1
/Users/lzj/bss/201511/20151109/d7336.0353.fits  0353       10866  strumu   60.00   1
/Users/lzj/bss/201511/20151109/d7336.0354.fits  0354       10503  strumu    6.00   1
/Users/lzj/bss/201511/20151109/d7336.0355.fits  0355       10503  strumu   60.00   1
/Users/lzj/bss/201511/20151109/d7336.0356.fits  0356       10867  strumu    6.00   1
/Users/lzj/bss/201511/20151109/d7336.0357.fits  0357       10867  strumu   60.00   1
/Users/lzj/bss/201511/20151109/d7336.0358.fits  0358       10504  strumu    6.00   1
/Users/lzj/bss/201511/20151109/d7336.0359.fits  0359       10504  strumu   60.00   1
/Users/lzj/bss/201511/20151109/d7336.0360.fits  0360       10505  strumu    6.00   1
/Users/lzj/bss/201511/20151109/d7336.0361.fits  0361       10505  strumu   60.00   1
/Users/lzj/bss/201511/20151109/d7336.0362.fits  0362       10506  strumu    6.00   1
/Users/lzj/bss/201511/20151109/d7336.0363.fits  0363       10506  strumu   60.00   1
/Users/lzj/bss/201511/20151109/d7336.0364.fits  0364       10507  strumu    6.00   1
/Users/lzj/bss/201511/20151109/d7336.0365.fits  0365       10507  strumu   60.00   1
/Users/lzj/bss/201511/20151109/d7336.0366.fits  0366       10508  strumu    6.00   1
/Users/lzj/bss/201511/20151109/d7336.0367.fits  0367       10508  strumu   60.00   1
/Users/lzj/bss/201511/20151109/d7336.0368.fits  0368       10509  strumu    6.00   1
/Users/lzj/bss/201511/20151109/d7336.0369.fits  0369       10509  strumu   60.00   1
/Users/lzj/bss/201511/20151109/d7336.0370.fits  0370       10510  strumu    6.00   1
/Users/lzj/bss/201511/20151109/d7336.0371.fits  0371       10510  strumu   60.00   1
/Users/lzj/bss/201511/20151109/d7336.0372.fits  0372       10511  strumu    6.00   1
/Users/lzj/bss/201511/20151109/d7336.0373.fits  0373       10511  strumu   60.00   1
/Users/lzj/bss/201511/20151109/d7336.0374.fits  0374       10875  strumu    6.00   1
/Users/lzj/bss/201511/20151109/d7336.0375.fits  0375       10875  strumu   60.00   1
/Users/lzj/bss/201511/20151109/d7336.0376.fits  0376       10512  strumu    6.00   1
/Users/lzj/bss/201511/20151109/d7336.0377.fits  0377       10512  strumu   60.00   1
/Users/lzj/bss/201511/20151109/d7336.0378.fits  0378       10876  strumu    6.00   1
/Users/lzj/bss/201511/20151109/d7336.0379.fits  0379       10876  strumu   60.00   1
/Users/lzj/bss/201511/20151109/d7336.0380.fits  0380       10513  strumu    6.00   1
/Users/lzj/bss/201511/20151109/d7336.0381.fits  0381       10513  strumu   60.00   1
/Users/lzj/bss/201511/20151109/d7336.0382.fits  0382       10877  strumu    6.00   1
/Users/lzj/bss/201511/20151109/d7336.0383.fits  0383       10877  strumu   60.00   1
/Users/lzj/bss/201511/20151109/d7336.0384.fits  0384       10514  strumu    6.00   1
/Users/lzj/bss/201511/20151109/d7336.0385.fits  0385       10514  strumu   60.00   1
/Users/lzj/bss/201511/20151109/d7336.0386.fits  0386       10878  strumu    6.00   1
/Users/lzj/bss/201511/20151109/d7336.0387.fits  0387       10878  strumu   60.00   1
/Users/lzj/bss/201511/20151109/d7336.0388.fits  0388       10515  strumu    6.00   1
/Users/lzj/bss/201511/20151109/d7336.0389.fits  0389       10515  strumu   60.00   1
/Users/lzj/bss/201511/20151109/d7336.0390.fits  0390       10879  strumu    6.00   1
/Users/lzj/bss/201511/20151109/d7336.0391.fits  0391       10879  strumu   60.00   1
/Users/lzj/bss/201511/20151109/d7336.0392.fits  0392       10516  strumu    6.00   1
/Users/lzj/bss/201511/20151109/d7336.0393.fits  0393       10516  strumu   60.00   1
/Users/lzj/bss/201511/20151109/d7336.0394.fits  0394       10880  strumu    6.00   1
/Users/lzj/bss/201511/20151109/d7336.0395.fits  0395       10880  strumu   60.00   1
/Users/lzj/bss/201511/20151109/d7336.0396.fits  0396       10517  strumu    6.00   1
/Users/lzj/bss/201511/20151109/d7336.0397.fits  0397       10517  strumu   60.00   1
/Users/lzj/bss/201511/20151109/d7336.0398.fits  0398       10881  strumu    6.00   1
/Users/lzj/bss/201511/20151109/d7336.0399.fits  0399       10881  strumu   60.00   1
/Users/lzj/bss/201511/20151109/d7336.0400.fits  0400       10518  strumu    6.00   1
/Users/lzj/bss/201511/20151109/d7336.0401.fits  0401       10518  strumu   60.00   1
/Users/lzj/bss/201511/20151109/d7336.0402.fits  0402       10882  strumu    6.00   1
/Users/lzj/bss/201511/20151109/d7336.0403.fits  0403       10882  strumu   60.00   1
/Users/lzj/bss/201511/20151109/d7336.0404.fits  0404       10519  strumu    6.00   1
/Users/lzj/bss/201511/20151109/d7336.0405.fits  0405       10519  strumu   60.00   1
/Users/lzj/bss/201511/20151109/d7336.0406.fits  0406       10883  strumu    6.00   1
/Users/lzj/bss/201511/20151109/d7336.0407.fits  0407       10883  strumu   60.00   1
/Users/lzj/bss/201511/20151109/d7336.0408.fits  0408       10520  strumu    6.00   1
/Users/lzj/bss/201511/20151109/d7336.0409.fits  0409       10520  strumu   60.00   1
/Users/lzj/bss/201511/20151109/d7336.0410.fits  0410       10884  strumu    6.00   1
/Users/lzj/bss/201511/20151109/d7336.0411.fits  0411       10884  strumu   60.00   1
/Users/lzj/bss/201511/20151109/d7336.0412.fits  0412       10521  strumu    6.00   1
/Users/lzj/bss/201511/20151109/d7336.0413.fits  0413       10521  strumu   60.00   1
/Users/lzj/bss/201511/20151109/d7336.0414.fits  0414       10885  strumu    6.00   1
/Users/lzj/bss/201511/20151109/d7336.0415.fits  0415       10885  strumu   60.00   1
/Users/lzj/bss/201511/20151109/d7336.0416.fits  0416       10522  strumu    6.00   1
/Users/lzj/bss/201511/20151109/d7336.0417.fits  0417       10522  strumu   60.00   1
