/Users/lzj/bss/201511/20151106/d7333.0008.fits  0008       10721  strumu   60.00   1
/Users/lzj/bss/201511/20151106/d7333.0009.fits  0009       10722  strumu   60.00   1
/Users/lzj/bss/201511/20151106/d7333.0010.fits  0010       10723  strumu   60.00   1
/Users/lzj/bss/201511/20151106/d7333.0011.fits  0011       10724  strumu   60.00   1
/Users/lzj/bss/201511/20151106/d7333.0012.fits  0012       10725  strumu   60.00   1
/Users/lzj/bss/201511/20151106/d7333.0013.fits  0013       10726  strumu   60.00   1
/Users/lzj/bss/201511/20151106/d7333.0014.fits  0014       10727  strumu   60.00   1
/Users/lzj/bss/201511/20151106/d7333.0015.fits  0015       10721  strumu    6.00   1
/Users/lzj/bss/201511/20151106/d7333.0016.fits  0016       10722  strumu    6.00   1
/Users/lzj/bss/201511/20151106/d7333.0017.fits  0017       10723  strumu    6.00   1
/Users/lzj/bss/201511/20151106/d7333.0018.fits  0018       10724  strumu    6.00   1
/Users/lzj/bss/201511/20151106/d7333.0019.fits  0019       10725  strumu    6.00   1
/Users/lzj/bss/201511/20151106/d7333.0020.fits  0020       10726  strumu    6.00   1
/Users/lzj/bss/201511/20151106/d7333.0021.fits  0021       10727  strumu    6.00   1
/Users/lzj/bss/201511/20151106/d7333.0022.fits  0022       10728  strumu   60.00   1
/Users/lzj/bss/201511/20151106/d7333.0023.fits  0023       10729  strumu   60.00   1
/Users/lzj/bss/201511/20151106/d7333.0024.fits  0024       10730  strumu   60.00   1
/Users/lzj/bss/201511/20151106/d7333.0025.fits  0025       10731  strumu   60.00   1
/Users/lzj/bss/201511/20151106/d7333.0026.fits  0026       10732  strumu   60.00   1
/Users/lzj/bss/201511/20151106/d7333.0027.fits  0027       10733  strumu   60.00   1
/Users/lzj/bss/201511/20151106/d7333.0028.fits  0028       10734  strumu   60.00   1
/Users/lzj/bss/201511/20151106/d7333.0029.fits  0029       10728  strumu    6.00   1
/Users/lzj/bss/201511/20151106/d7333.0030.fits  0030       10729  strumu    6.00   1
/Users/lzj/bss/201511/20151106/d7333.0031.fits  0031       10730  strumu    6.00   1
/Users/lzj/bss/201511/20151106/d7333.0032.fits  0032       10731  strumu    6.00   1
/Users/lzj/bss/201511/20151106/d7333.0033.fits  0033       10732  strumu    6.00   1
/Users/lzj/bss/201511/20151106/d7333.0034.fits  0034       10733  strumu    6.00   1
/Users/lzj/bss/201511/20151106/d7333.0035.fits  0035       10734  strumu    6.00   1
/Users/lzj/bss/201511/20151106/d7333.0036.fits  0036       10735  strumu   60.00   1
/Users/lzj/bss/201511/20151106/d7333.0037.fits  0037       10736  strumu   60.00   1
/Users/lzj/bss/201511/20151106/d7333.0038.fits  0038       10737  strumu   60.00   1
/Users/lzj/bss/201511/20151106/d7333.0039.fits  0039       10738  strumu   60.00   1
/Users/lzj/bss/201511/20151106/d7333.0040.fits  0040       10739  strumu   60.00   1
/Users/lzj/bss/201511/20151106/d7333.0041.fits  0041       10740  strumu   60.00   1
/Users/lzj/bss/201511/20151106/d7333.0042.fits  0042       10741  strumu   60.00   1
/Users/lzj/bss/201511/20151106/d7333.0043.fits  0043       10735  strumu    6.00   1
/Users/lzj/bss/201511/20151106/d7333.0044.fits  0044       10736  strumu    6.00   1
/Users/lzj/bss/201511/20151106/d7333.0045.fits  0045       10737  strumu    6.00   1
/Users/lzj/bss/201511/20151106/d7333.0046.fits  0046       10738  strumu    6.00   1
/Users/lzj/bss/201511/20151106/d7333.0047.fits  0047       10739  strumu    6.00   1
/Users/lzj/bss/201511/20151106/d7333.0048.fits  0048       10740  strumu    6.00   1
/Users/lzj/bss/201511/20151106/d7333.0049.fits  0049       10741  strumu    6.00   1
/Users/lzj/bss/201511/20151106/d7333.0050.fits  0050       10742  strumu   60.00   1
/Users/lzj/bss/201511/20151106/d7333.0051.fits  0051       10743  strumu   60.00   1
/Users/lzj/bss/201511/20151106/d7333.0052.fits  0052       10744  strumu   60.00   1
/Users/lzj/bss/201511/20151106/d7333.0053.fits  0053       10745  strumu   60.00   1
/Users/lzj/bss/201511/20151106/d7333.0054.fits  0054       10746  strumu   60.00   1
/Users/lzj/bss/201511/20151106/d7333.0055.fits  0055       10747  strumu   60.00   1
/Users/lzj/bss/201511/20151106/d7333.0056.fits  0056       10748  strumu   60.00   1
/Users/lzj/bss/201511/20151106/d7333.0057.fits  0057       10742  strumu    6.00   1
/Users/lzj/bss/201511/20151106/d7333.0058.fits  0058       10743  strumu    6.00   1
/Users/lzj/bss/201511/20151106/d7333.0059.fits  0059       10744  strumu    6.00   1
/Users/lzj/bss/201511/20151106/d7333.0060.fits  0060       10745  strumu    6.00   1
/Users/lzj/bss/201511/20151106/d7333.0061.fits  0061       10746  strumu    6.00   1
/Users/lzj/bss/201511/20151106/d7333.0062.fits  0062       10747  strumu    6.00   1
/Users/lzj/bss/201511/20151106/d7333.0063.fits  0063       10748  strumu    6.00   1
/Users/lzj/bss/201511/20151106/d7333.0064.fits  0064       10749  strumu   60.00   1
/Users/lzj/bss/201511/20151106/d7333.0065.fits  0065       10750  strumu   60.00   1
/Users/lzj/bss/201511/20151106/d7333.0066.fits  0066       10751  strumu   60.00   1
/Users/lzj/bss/201511/20151106/d7333.0067.fits  0067       10752  strumu   60.00   1
/Users/lzj/bss/201511/20151106/d7333.0068.fits  0068       10753  strumu   60.00   1
/Users/lzj/bss/201511/20151106/d7333.0069.fits  0069       10754  strumu   60.00   1
/Users/lzj/bss/201511/20151106/d7333.0070.fits  0070       10755  strumu   60.00   1
/Users/lzj/bss/201511/20151106/d7333.0071.fits  0071       10749  strumu    6.00   1
/Users/lzj/bss/201511/20151106/d7333.0072.fits  0072       10750  strumu    6.00   1
/Users/lzj/bss/201511/20151106/d7333.0073.fits  0073       10751  strumu    6.00   1
/Users/lzj/bss/201511/20151106/d7333.0074.fits  0074       10752  strumu    6.00   1
/Users/lzj/bss/201511/20151106/d7333.0075.fits  0075       10753  strumu    6.00   1
/Users/lzj/bss/201511/20151106/d7333.0076.fits  0076       10754  strumu    6.00   1
/Users/lzj/bss/201511/20151106/d7333.0077.fits  0077       10755  strumu    6.00   1
/Users/lzj/bss/201511/20151106/d7333.0078.fits  0078       10763  strumu   60.00   1
/Users/lzj/bss/201511/20151106/d7333.0079.fits  0079       10764  strumu   60.00   1
/Users/lzj/bss/201511/20151106/d7333.0080.fits  0080       10765  strumu   60.00   1
/Users/lzj/bss/201511/20151106/d7333.0081.fits  0081       10766  strumu   60.00   1
/Users/lzj/bss/201511/20151106/d7333.0082.fits  0082       10767  strumu   60.00   1
/Users/lzj/bss/201511/20151106/d7333.0083.fits  0083       10768  strumu   60.00   1
/Users/lzj/bss/201511/20151106/d7333.0084.fits  0084       10769  strumu   60.00   1
/Users/lzj/bss/201511/20151106/d7333.0085.fits  0085       10763  strumu    6.00   1
/Users/lzj/bss/201511/20151106/d7333.0086.fits  0086       10764  strumu    6.00   1
/Users/lzj/bss/201511/20151106/d7333.0087.fits  0087       10765  strumu    6.00   1
/Users/lzj/bss/201511/20151106/d7333.0088.fits  0088       10766  strumu    6.00   1
/Users/lzj/bss/201511/20151106/d7333.0089.fits  0089       10767  strumu    6.00   1
/Users/lzj/bss/201511/20151106/d7333.0090.fits  0090       10768  strumu    6.00   1
/Users/lzj/bss/201511/20151106/d7333.0091.fits  0091       10769  strumu    6.00   1
/Users/lzj/bss/201511/20151106/d7333.0092.fits  0092       11480  strumu   60.00   1
/Users/lzj/bss/201511/20151106/d7333.0093.fits  0093       11481  strumu   60.00   1
/Users/lzj/bss/201511/20151106/d7333.0094.fits  0094       11482  strumu   60.00   1
/Users/lzj/bss/201511/20151106/d7333.0095.fits  0095       11483  strumu   60.00   1
/Users/lzj/bss/201511/20151106/d7333.0096.fits  0096       11484  strumu   60.00   1
/Users/lzj/bss/201511/20151106/d7333.0097.fits  0097       11485  strumu   60.00   1
/Users/lzj/bss/201511/20151106/d7333.0098.fits  0098       11486  strumu   60.00   1
/Users/lzj/bss/201511/20151106/d7333.0099.fits  0099       11480  strumu    6.00   1
/Users/lzj/bss/201511/20151106/d7333.0100.fits  0100       11481  strumu    6.00   1
/Users/lzj/bss/201511/20151106/d7333.0101.fits  0101       11482  strumu    6.00   1
/Users/lzj/bss/201511/20151106/d7333.0102.fits  0102       11483  strumu    6.00   1
/Users/lzj/bss/201511/20151106/d7333.0103.fits  0103       11484  strumu    6.00   1
/Users/lzj/bss/201511/20151106/d7333.0104.fits  0104       11485  strumu    6.00   1
/Users/lzj/bss/201511/20151106/d7333.0105.fits  0105       11486  strumu    6.00   1
/Users/lzj/bss/201511/20151106/d7333.0106.fits  0106       10408  strumu   60.00   1
/Users/lzj/bss/201511/20151106/d7333.0107.fits  0107       10409  strumu   60.00   1
/Users/lzj/bss/201511/20151106/d7333.0108.fits  0108       10410  strumu   60.00   1
/Users/lzj/bss/201511/20151106/d7333.0109.fits  0109       10411  strumu   60.00   1
/Users/lzj/bss/201511/20151106/d7333.0110.fits  0110       10412  strumu   60.00   1
/Users/lzj/bss/201511/20151106/d7333.0111.fits  0111       10413  strumu   60.00   1
/Users/lzj/bss/201511/20151106/d7333.0112.fits  0112       10414  strumu   60.00   1
/Users/lzj/bss/201511/20151106/d7333.0113.fits  0113       10408  strumu    6.00   1
/Users/lzj/bss/201511/20151106/d7333.0114.fits  0114       10409  strumu    6.00   1
/Users/lzj/bss/201511/20151106/d7333.0115.fits  0115       10410  strumu    6.00   1
/Users/lzj/bss/201511/20151106/d7333.0116.fits  0116       10411  strumu    6.00   1
/Users/lzj/bss/201511/20151106/d7333.0117.fits  0117       10412  strumu    6.00   1
/Users/lzj/bss/201511/20151106/d7333.0118.fits  0118       10413  strumu    6.00   1
/Users/lzj/bss/201511/20151106/d7333.0119.fits  0119       10414  strumu    6.00   1
/Users/lzj/bss/201511/20151106/d7333.0120.fits  0120       10770  strumu   60.00   1
/Users/lzj/bss/201511/20151106/d7333.0121.fits  0121       10771  strumu   60.00   1
/Users/lzj/bss/201511/20151106/d7333.0122.fits  0122       10772  strumu   60.00   1
/Users/lzj/bss/201511/20151106/d7333.0123.fits  0123       10773  strumu   60.00   1
/Users/lzj/bss/201511/20151106/d7333.0124.fits  0124       10774  strumu   60.00   1
/Users/lzj/bss/201511/20151106/d7333.0125.fits  0125       10775  strumu   60.00   1
/Users/lzj/bss/201511/20151106/d7333.0126.fits  0126       10776  strumu   60.00   1
/Users/lzj/bss/201511/20151106/d7333.0127.fits  0127       10770  strumu    6.00   1
/Users/lzj/bss/201511/20151106/d7333.0128.fits  0128       10771  strumu    6.00   1
/Users/lzj/bss/201511/20151106/d7333.0129.fits  0129       10772  strumu    6.00   1
/Users/lzj/bss/201511/20151106/d7333.0130.fits  0130       10773  strumu    6.00   1
/Users/lzj/bss/201511/20151106/d7333.0131.fits  0131       10774  strumu    6.00   1
/Users/lzj/bss/201511/20151106/d7333.0132.fits  0132       10775  strumu    6.00   1
/Users/lzj/bss/201511/20151106/d7333.0133.fits  0133       10776  strumu    6.00   1
/Users/lzj/bss/201511/20151106/d7333.0134.fits  0134       10777  strumu   60.00   1
/Users/lzj/bss/201511/20151106/d7333.0135.fits  0135       10778  strumu   60.00   1
/Users/lzj/bss/201511/20151106/d7333.0136.fits  0136       10779  strumu   60.00   1
/Users/lzj/bss/201511/20151106/d7333.0137.fits  0137       10780  strumu   60.00   1
/Users/lzj/bss/201511/20151106/d7333.0138.fits  0138       10781  strumu   60.00   1
/Users/lzj/bss/201511/20151106/d7333.0139.fits  0139       10782  strumu   60.00   1
/Users/lzj/bss/201511/20151106/d7333.0140.fits  0140       10783  strumu   60.00   1
/Users/lzj/bss/201511/20151106/d7333.0141.fits  0141       10777  strumu    6.00   1
/Users/lzj/bss/201511/20151106/d7333.0142.fits  0142       10778  strumu    6.00   1
/Users/lzj/bss/201511/20151106/d7333.0143.fits  0143       10779  strumu    6.00   1
/Users/lzj/bss/201511/20151106/d7333.0144.fits  0144       10780  strumu    6.00   1
/Users/lzj/bss/201511/20151106/d7333.0145.fits  0145       10781  strumu    6.00   1
/Users/lzj/bss/201511/20151106/d7333.0146.fits  0146       10782  strumu    6.00   1
/Users/lzj/bss/201511/20151106/d7333.0147.fits  0147       10783  strumu    6.00   1
/Users/lzj/bss/201511/20151106/d7333.0148.fits  0148       10422  strumu   60.00   1
/Users/lzj/bss/201511/20151106/d7333.0149.fits  0149       10423  strumu   60.00   1
/Users/lzj/bss/201511/20151106/d7333.0150.fits  0150       10424  strumu   60.00   1
/Users/lzj/bss/201511/20151106/d7333.0151.fits  0151       10425  strumu   60.00   1
/Users/lzj/bss/201511/20151106/d7333.0152.fits  0152       10426  strumu   60.00   1
/Users/lzj/bss/201511/20151106/d7333.0153.fits  0153       10427  strumu   60.00   1
/Users/lzj/bss/201511/20151106/d7333.0154.fits  0154       10428  strumu   60.00   1
/Users/lzj/bss/201511/20151106/d7333.0155.fits  0155       10422  strumu    6.00   1
/Users/lzj/bss/201511/20151106/d7333.0156.fits  0156       10423  strumu    6.00   1
/Users/lzj/bss/201511/20151106/d7333.0157.fits  0157       10424  strumu    6.00   1
/Users/lzj/bss/201511/20151106/d7333.0158.fits  0158       10425  strumu    6.00   1
/Users/lzj/bss/201511/20151106/d7333.0159.fits  0159       10426  strumu    6.00   1
/Users/lzj/bss/201511/20151106/d7333.0160.fits  0160       10427  strumu    6.00   1
/Users/lzj/bss/201511/20151106/d7333.0161.fits  0161       10428  strumu    6.00   1
/Users/lzj/bss/201511/20151106/d7333.0162.fits  0162   depthtest  strumu    1.00   1
/Users/lzj/bss/201511/20151106/d7333.0163.fits  0163   depthtest  strumu    2.00   1
/Users/lzj/bss/201511/20151106/d7333.0164.fits  0164   depthtest  strumu    6.00   1
/Users/lzj/bss/201511/20151106/d7333.0165.fits  0165   depthtest  strumu   10.00   1
/Users/lzj/bss/201511/20151106/d7333.0166.fits  0166   depthtest  strumu   20.00   1
/Users/lzj/bss/201511/20151106/d7333.0167.fits  0167   depthtest  strumu   30.00   1
/Users/lzj/bss/201511/20151106/d7333.0168.fits  0168   depthtest  strumu   50.00   1
/Users/lzj/bss/201511/20151106/d7333.0169.fits  0169   depthtest  strumu   60.00   1
/Users/lzj/bss/201511/20151106/d7333.0171.fits  0171       10429  strumu   60.00   1
/Users/lzj/bss/201511/20151106/d7333.0172.fits  0172       10430  strumu   60.00   1
/Users/lzj/bss/201511/20151106/d7333.0173.fits  0173       10431  strumu   60.00   1
/Users/lzj/bss/201511/20151106/d7333.0174.fits  0174       10432  strumu   60.00   1
/Users/lzj/bss/201511/20151106/d7333.0175.fits  0175       10433  strumu   60.00   1
/Users/lzj/bss/201511/20151106/d7333.0176.fits  0176       10434  strumu   60.00   1
/Users/lzj/bss/201511/20151106/d7333.0177.fits  0177       10435  strumu   60.00   1
/Users/lzj/bss/201511/20151106/d7333.0178.fits  0178       10429  strumu    6.00   1
/Users/lzj/bss/201511/20151106/d7333.0179.fits  0179       10430  strumu    6.00   1
/Users/lzj/bss/201511/20151106/d7333.0180.fits  0180       10431  strumu    6.00   1
/Users/lzj/bss/201511/20151106/d7333.0181.fits  0181       10432  strumu    6.00   1
/Users/lzj/bss/201511/20151106/d7333.0182.fits  0182       10433  strumu    6.00   1
/Users/lzj/bss/201511/20151106/d7333.0183.fits  0183       10434  strumu    6.00   1
/Users/lzj/bss/201511/20151106/d7333.0184.fits  0184       10435  strumu    6.00   1
/Users/lzj/bss/201511/20151106/d7333.0185.fits  0185       10436  strumu   60.00   1
/Users/lzj/bss/201511/20151106/d7333.0186.fits  0186       10437  strumu   60.00   1
/Users/lzj/bss/201511/20151106/d7333.0187.fits  0187       10438  strumu   60.00   1
/Users/lzj/bss/201511/20151106/d7333.0188.fits  0188       10439  strumu   60.00   1
/Users/lzj/bss/201511/20151106/d7333.0189.fits  0189       10440  strumu   60.00   1
/Users/lzj/bss/201511/20151106/d7333.0190.fits  0190       10441  strumu   60.00   1
/Users/lzj/bss/201511/20151106/d7333.0191.fits  0191       10442  strumu   60.00   1
/Users/lzj/bss/201511/20151106/d7333.0192.fits  0192       10436  strumu    6.00   1
/Users/lzj/bss/201511/20151106/d7333.0193.fits  0193       10437  strumu    6.00   1
/Users/lzj/bss/201511/20151106/d7333.0194.fits  0194       10438  strumu    6.00   1
/Users/lzj/bss/201511/20151106/d7333.0195.fits  0195       10439  strumu    6.00   1
/Users/lzj/bss/201511/20151106/d7333.0196.fits  0196       10440  strumu    6.00   1
/Users/lzj/bss/201511/20151106/d7333.0197.fits  0197       10441  strumu    6.00   1
/Users/lzj/bss/201511/20151106/d7333.0198.fits  0198       10442  strumu    6.00   1
/Users/lzj/bss/201511/20151106/d7333.0199.fits  0199       10798  strumu   60.00   1
/Users/lzj/bss/201511/20151106/d7333.0200.fits  0200       10799  strumu   60.00   1
/Users/lzj/bss/201511/20151106/d7333.0201.fits  0201       10800  strumu   60.00   1
/Users/lzj/bss/201511/20151106/d7333.0202.fits  0202       10801  strumu   60.00   1
/Users/lzj/bss/201511/20151106/d7333.0203.fits  0203       10802  strumu   60.00   1
/Users/lzj/bss/201511/20151106/d7333.0204.fits  0204       10803  strumu   60.00   1
/Users/lzj/bss/201511/20151106/d7333.0205.fits  0205       10804  strumu   60.00   1
/Users/lzj/bss/201511/20151106/d7333.0206.fits  0206       10798  strumu    6.00   1
/Users/lzj/bss/201511/20151106/d7333.0207.fits  0207       10799  strumu    6.00   1
/Users/lzj/bss/201511/20151106/d7333.0208.fits  0208       10800  strumu    6.00   1
/Users/lzj/bss/201511/20151106/d7333.0209.fits  0209       10801  strumu    6.00   1
/Users/lzj/bss/201511/20151106/d7333.0210.fits  0210       10802  strumu    6.00   1
/Users/lzj/bss/201511/20151106/d7333.0211.fits  0211       10803  strumu    6.00   1
/Users/lzj/bss/201511/20151106/d7333.0212.fits  0212       10804  strumu    6.00   1
/Users/lzj/bss/201511/20151106/d7333.0213.fits  0213       10443  strumu   60.00   1
/Users/lzj/bss/201511/20151106/d7333.0214.fits  0214       10444  strumu   60.00   1
/Users/lzj/bss/201511/20151106/d7333.0215.fits  0215       10445  strumu   60.00   1
/Users/lzj/bss/201511/20151106/d7333.0216.fits  0216       10446  strumu   60.00   1
/Users/lzj/bss/201511/20151106/d7333.0217.fits  0217       10447  strumu   60.00   1
/Users/lzj/bss/201511/20151106/d7333.0218.fits  0218       10448  strumu   60.00   1
/Users/lzj/bss/201511/20151106/d7333.0219.fits  0219       10449  strumu   60.00   1
/Users/lzj/bss/201511/20151106/d7333.0220.fits  0220       10443  strumu    6.00   1
/Users/lzj/bss/201511/20151106/d7333.0221.fits  0221       10444  strumu    6.00   1
/Users/lzj/bss/201511/20151106/d7333.0222.fits  0222       10445  strumu    6.00   1
/Users/lzj/bss/201511/20151106/d7333.0223.fits  0223       10446  strumu    6.00   1
/Users/lzj/bss/201511/20151106/d7333.0224.fits  0224       10447  strumu    6.00   1
/Users/lzj/bss/201511/20151106/d7333.0225.fits  0225       10448  strumu    6.00   1
/Users/lzj/bss/201511/20151106/d7333.0226.fits  0226       10449  strumu    6.00   1
/Users/lzj/bss/201511/20151106/d7333.0227.fits  0227       10450  strumu   60.00   1
/Users/lzj/bss/201511/20151106/d7333.0228.fits  0228       10451  strumu   60.00   1
/Users/lzj/bss/201511/20151106/d7333.0229.fits  0229       10452  strumu   60.00   1
/Users/lzj/bss/201511/20151106/d7333.0230.fits  0230       10453  strumu   60.00   1
/Users/lzj/bss/201511/20151106/d7333.0231.fits  0231       10454  strumu   60.00   1
/Users/lzj/bss/201511/20151106/d7333.0232.fits  0232       10455  strumu   60.00   1
/Users/lzj/bss/201511/20151106/d7333.0233.fits  0233       10456  strumu   60.00   1
/Users/lzj/bss/201511/20151106/d7333.0234.fits  0234       10450  strumu    6.00   1
/Users/lzj/bss/201511/20151106/d7333.0235.fits  0235       10451  strumu    6.00   1
/Users/lzj/bss/201511/20151106/d7333.0236.fits  0236       10452  strumu    6.00   1
/Users/lzj/bss/201511/20151106/d7333.0237.fits  0237       10453  strumu    6.00   1
/Users/lzj/bss/201511/20151106/d7333.0238.fits  0238       10454  strumu    6.00   1
/Users/lzj/bss/201511/20151106/d7333.0239.fits  0239       10455  strumu    6.00   1
/Users/lzj/bss/201511/20151106/d7333.0240.fits  0240       10456  strumu    6.00   1
/Users/lzj/bss/201511/20151106/d7333.0241.fits  0241       10457  strumu   60.00   1
/Users/lzj/bss/201511/20151106/d7333.0242.fits  0242       10458  strumu   60.00   1
/Users/lzj/bss/201511/20151106/d7333.0243.fits  0243       10459  strumu   60.00   1
/Users/lzj/bss/201511/20151106/d7333.0244.fits  0244       10460  strumu   60.00   1
/Users/lzj/bss/201511/20151106/d7333.0245.fits  0245       10461  strumu   60.00   1
/Users/lzj/bss/201511/20151106/d7333.0246.fits  0246       10462  strumu   60.00   1
/Users/lzj/bss/201511/20151106/d7333.0247.fits  0247       10463  strumu   60.00   1
/Users/lzj/bss/201511/20151106/d7333.0248.fits  0248       10457  strumu    6.00   1
/Users/lzj/bss/201511/20151106/d7333.0249.fits  0249       10458  strumu    6.00   1
/Users/lzj/bss/201511/20151106/d7333.0250.fits  0250       10459  strumu    6.00   1
/Users/lzj/bss/201511/20151106/d7333.0251.fits  0251       10460  strumu    6.00   1
/Users/lzj/bss/201511/20151106/d7333.0252.fits  0252       10461  strumu    6.00   1
/Users/lzj/bss/201511/20151106/d7333.0253.fits  0253       10462  strumu    6.00   1
/Users/lzj/bss/201511/20151106/d7333.0254.fits  0254       10463  strumu    6.00   1
/Users/lzj/bss/201511/20151106/d7333.0255.fits  0255       10819  strumu   60.00   1
/Users/lzj/bss/201511/20151106/d7333.0256.fits  0256       10820  strumu   60.00   1
/Users/lzj/bss/201511/20151106/d7333.0257.fits  0257       10821  strumu   60.00   1
/Users/lzj/bss/201511/20151106/d7333.0258.fits  0258       10822  strumu   60.00   1
/Users/lzj/bss/201511/20151106/d7333.0259.fits  0259       10823  strumu   60.00   1
/Users/lzj/bss/201511/20151106/d7333.0260.fits  0260       10824  strumu   60.00   1
/Users/lzj/bss/201511/20151106/d7333.0261.fits  0261       10825  strumu   60.00   1
/Users/lzj/bss/201511/20151106/d7333.0262.fits  0262       10819  strumu    6.00   1
/Users/lzj/bss/201511/20151106/d7333.0263.fits  0263       10820  strumu    6.00   1
/Users/lzj/bss/201511/20151106/d7333.0264.fits  0264       10821  strumu    6.00   1
/Users/lzj/bss/201511/20151106/d7333.0265.fits  0265       10822  strumu    6.00   1
/Users/lzj/bss/201511/20151106/d7333.0266.fits  0266       10823  strumu    6.00   1
/Users/lzj/bss/201511/20151106/d7333.0267.fits  0267       10824  strumu    6.00   1
/Users/lzj/bss/201511/20151106/d7333.0268.fits  0268       10825  strumu    6.00   1
/Users/lzj/bss/201511/20151106/d7333.0269.fits  0269       10464  strumu   60.00   1
/Users/lzj/bss/201511/20151106/d7333.0270.fits  0270       10465  strumu   60.00   1
/Users/lzj/bss/201511/20151106/d7333.0271.fits  0271       10466  strumu   60.00   1
/Users/lzj/bss/201511/20151106/d7333.0272.fits  0272       10467  strumu   60.00   1
/Users/lzj/bss/201511/20151106/d7333.0273.fits  0273       10468  strumu   60.00   1
/Users/lzj/bss/201511/20151106/d7333.0274.fits  0274       10469  strumu   60.00   1
/Users/lzj/bss/201511/20151106/d7333.0275.fits  0275       10470  strumu   60.00   1
/Users/lzj/bss/201511/20151106/d7333.0276.fits  0276       10464  strumu    6.00   1
/Users/lzj/bss/201511/20151106/d7333.0277.fits  0277       10465  strumu    6.00   1
/Users/lzj/bss/201511/20151106/d7333.0278.fits  0278       10466  strumu    6.00   1
/Users/lzj/bss/201511/20151106/d7333.0279.fits  0279       10467  strumu    6.00   1
/Users/lzj/bss/201511/20151106/d7333.0280.fits  0280       10468  strumu    6.00   1
/Users/lzj/bss/201511/20151106/d7333.0281.fits  0281       10469  strumu    6.00   1
/Users/lzj/bss/201511/20151106/d7333.0282.fits  0282       10470  strumu    6.00   1
/Users/lzj/bss/201511/20151106/d7333.0283.fits  0283       10471  strumu   60.00   1
/Users/lzj/bss/201511/20151106/d7333.0284.fits  0284       10472  strumu   60.00   1
/Users/lzj/bss/201511/20151106/d7333.0285.fits  0285       10473  strumu   60.00   1
/Users/lzj/bss/201511/20151106/d7333.0286.fits  0286       10474  strumu   60.00   1
/Users/lzj/bss/201511/20151106/d7333.0287.fits  0287       10475  strumu   60.00   1
/Users/lzj/bss/201511/20151106/d7333.0288.fits  0288       10476  strumu   60.00   1
/Users/lzj/bss/201511/20151106/d7333.0289.fits  0289       10477  strumu   60.00   1
/Users/lzj/bss/201511/20151106/d7333.0290.fits  0290       10471  strumu    6.00   1
/Users/lzj/bss/201511/20151106/d7333.0291.fits  0291       10472  strumu    6.00   1
/Users/lzj/bss/201511/20151106/d7333.0292.fits  0292       10473  strumu    6.00   1
/Users/lzj/bss/201511/20151106/d7333.0293.fits  0293       10474  strumu    6.00   1
/Users/lzj/bss/201511/20151106/d7333.0294.fits  0294       10475  strumu    6.00   1
/Users/lzj/bss/201511/20151106/d7333.0295.fits  0295       10476  strumu    6.00   1
/Users/lzj/bss/201511/20151106/d7333.0296.fits  0296       10477  strumu    6.00   1
/Users/lzj/bss/201511/20151106/d7333.0297.fits  0297       10478  strumu   60.00   1
/Users/lzj/bss/201511/20151106/d7333.0298.fits  0298       10479  strumu   60.00   1
/Users/lzj/bss/201511/20151106/d7333.0299.fits  0299       10480  strumu   60.00   1
/Users/lzj/bss/201511/20151106/d7333.0300.fits  0300       10481  strumu   60.00   1
/Users/lzj/bss/201511/20151106/d7333.0301.fits  0301       10482  strumu   60.00   1
/Users/lzj/bss/201511/20151106/d7333.0302.fits  0302       10483  strumu   60.00   1
/Users/lzj/bss/201511/20151106/d7333.0303.fits  0303       10484  strumu   60.00   1
/Users/lzj/bss/201511/20151106/d7333.0304.fits  0304       10478  strumu    6.00   1
/Users/lzj/bss/201511/20151106/d7333.0305.fits  0305       10479  strumu    6.00   1
/Users/lzj/bss/201511/20151106/d7333.0306.fits  0306       10480  strumu    6.00   1
/Users/lzj/bss/201511/20151106/d7333.0307.fits  0307       10481  strumu    6.00   1
/Users/lzj/bss/201511/20151106/d7333.0308.fits  0308       10482  strumu    6.00   1
/Users/lzj/bss/201511/20151106/d7333.0309.fits  0309       10483  strumu    6.00   1
/Users/lzj/bss/201511/20151106/d7333.0310.fits  0310       10484  strumu    6.00   1
/Users/lzj/bss/201511/20151106/d7333.0313.fits  0313       10485  strumu   60.00   1
/Users/lzj/bss/201511/20151106/d7333.0314.fits  0314       10486  strumu   60.00   1
/Users/lzj/bss/201511/20151106/d7333.0315.fits  0315       10487  strumu   60.00   1
/Users/lzj/bss/201511/20151106/d7333.0316.fits  0316       10488  strumu   60.00   1
/Users/lzj/bss/201511/20151106/d7333.0317.fits  0317       10489  strumu   60.00   1
/Users/lzj/bss/201511/20151106/d7333.0318.fits  0318       10490  strumu   60.00   1
/Users/lzj/bss/201511/20151106/d7333.0319.fits  0319       10491  strumu   60.00   1
/Users/lzj/bss/201511/20151106/d7333.0320.fits  0320       10485  strumu    6.00   1
/Users/lzj/bss/201511/20151106/d7333.0321.fits  0321       10486  strumu    6.00   1
/Users/lzj/bss/201511/20151106/d7333.0322.fits  0322       10487  strumu    6.00   1
/Users/lzj/bss/201511/20151106/d7333.0323.fits  0323       10488  strumu    6.00   1
/Users/lzj/bss/201511/20151106/d7333.0324.fits  0324       10489  strumu    6.00   1
/Users/lzj/bss/201511/20151106/d7333.0325.fits  0325       10490  strumu    6.00   1
/Users/lzj/bss/201511/20151106/d7333.0326.fits  0326       10491  strumu    6.00   1
/Users/lzj/bss/201511/20151106/d7333.0327.fits  0327       10492  strumu   60.00   1
/Users/lzj/bss/201511/20151106/d7333.0328.fits  0328       10493  strumu   60.00   1
/Users/lzj/bss/201511/20151106/d7333.0329.fits  0329       10494  strumu   60.00   1
/Users/lzj/bss/201511/20151106/d7333.0330.fits  0330       10495  strumu   60.00   1
/Users/lzj/bss/201511/20151106/d7333.0331.fits  0331       10496  strumu   60.00   1
/Users/lzj/bss/201511/20151106/d7333.0332.fits  0332       10497  strumu   60.00   1
/Users/lzj/bss/201511/20151106/d7333.0333.fits  0333       10498  strumu   60.00   1
/Users/lzj/bss/201511/20151106/d7333.0334.fits  0334       10492  strumu    6.00   1
/Users/lzj/bss/201511/20151106/d7333.0335.fits  0335       10493  strumu    6.00   1
/Users/lzj/bss/201511/20151106/d7333.0336.fits  0336       10494  strumu    6.00   1
/Users/lzj/bss/201511/20151106/d7333.0337.fits  0337       10495  strumu    6.00   1
/Users/lzj/bss/201511/20151106/d7333.0338.fits  0338       10496  strumu    6.00   1
/Users/lzj/bss/201511/20151106/d7333.0339.fits  0339       10497  strumu    6.00   1
/Users/lzj/bss/201511/20151106/d7333.0340.fits  0340       10498  strumu    6.00   1
/Users/lzj/bss/201511/20151106/d7333.0341.fits  0341       10513  strumu   60.00   1
/Users/lzj/bss/201511/20151106/d7333.0342.fits  0342       10514  strumu   60.00   1
/Users/lzj/bss/201511/20151106/d7333.0343.fits  0343       10515  strumu   60.00   1
/Users/lzj/bss/201511/20151106/d7333.0344.fits  0344       10516  strumu   60.00   1
/Users/lzj/bss/201511/20151106/d7333.0345.fits  0345       10517  strumu   60.00   1
