/Users/lzj/bss/201511/20151105/d7332.0020.fits  0020        test  strumv    1.00   1
/Users/lzj/bss/201511/20151105/d7332.0021.fits  0021        test    none    2.00   1
/Users/lzj/bss/201511/20151105/d7332.0022.fits  0022        test    none    5.00   1
/Users/lzj/bss/201511/20151105/d7332.0023.fits  0023        test    none    8.00   1
/Users/lzj/bss/201511/20151105/d7332.0024.fits  0024        test    none   10.00   1
/Users/lzj/bss/201511/20151105/d7332.0025.fits  0025        test    none   20.00   1
/Users/lzj/bss/201511/20151105/d7332.0026.fits  0026        test    none   50.00   1
/Users/lzj/bss/201511/20151105/d7332.0033.fits  0033        test  strumv    1.00   1
/Users/lzj/bss/201511/20151105/d7332.0034.fits  0034        test  strumv    2.00   1
/Users/lzj/bss/201511/20151105/d7332.0035.fits  0035        test  strumv    5.00   1
/Users/lzj/bss/201511/20151105/d7332.0036.fits  0036        test  strumv    8.00   1
/Users/lzj/bss/201511/20151105/d7332.0037.fits  0037        test  strumv   10.00   1
/Users/lzj/bss/201511/20151105/d7332.0038.fits  0038        test  strumv   20.00   1
/Users/lzj/bss/201511/20151105/d7332.0039.fits  0039        test  strumv   50.00   1
/Users/lzj/bss/201511/20151105/d7332.0040.fits  0040        test  strumu    1.00   1
/Users/lzj/bss/201511/20151105/d7332.0041.fits  0041        test  strumu    2.00   1
/Users/lzj/bss/201511/20151105/d7332.0042.fits  0042        test  strumu    5.00   1
/Users/lzj/bss/201511/20151105/d7332.0043.fits  0043        test  strumu    8.00   1
/Users/lzj/bss/201511/20151105/d7332.0044.fits  0044        test  strumu   10.00   1
/Users/lzj/bss/201511/20151105/d7332.0045.fits  0045        test  strumu   20.00   1
/Users/lzj/bss/201511/20151105/d7332.0046.fits  0046        test  strumu   50.00   1
/Users/lzj/bss/201511/20151105/d7332.0047.fits  0047        test  strumu   80.00   1
/Users/lzj/bss/201511/20151105/d7332.0048.fits  0048        test  strumu  100.00   1
/Users/lzj/bss/201511/20151105/d7332.0049.fits  0049        test  strumv    0.20   1
/Users/lzj/bss/201511/20151105/d7332.0050.fits  0050        test  strumv    0.50   1
/Users/lzj/bss/201511/20151105/d7332.0052.fits  0052        test  strumv    0.20   1
/Users/lzj/bss/201511/20151105/d7332.0053.fits  0053        test  strumv    0.50   1
/Users/lzj/bss/201511/20151105/d7332.0054.fits  0054        test  strumv    1.00   1
/Users/lzj/bss/201511/20151105/d7332.0055.fits  0055        test  strumv    2.00   1
/Users/lzj/bss/201511/20151105/d7332.0056.fits  0056        test  strumv    0.20   1
/Users/lzj/bss/201511/20151105/d7332.0057.fits  0057        test  strumv    0.50   1
/Users/lzj/bss/201511/20151105/d7332.0058.fits  0058        test  strumv    1.00   1
/Users/lzj/bss/201511/20151105/d7332.0059.fits  0059        test  strumv    2.00   1
/Users/lzj/bss/201511/20151105/d7332.0061.fits  0061        test  strumv   20.00   1
/Users/lzj/bss/201511/20151105/d7332.0062.fits  0062       10763  strumu   60.00   1
/Users/lzj/bss/201511/20151105/d7332.0063.fits  0063       10764  strumu   60.00   1
/Users/lzj/bss/201511/20151105/d7332.0064.fits  0064       10765  strumu   60.00   1
/Users/lzj/bss/201511/20151105/d7332.0065.fits  0065       10766  strumu   60.00   1
/Users/lzj/bss/201511/20151105/d7332.0066.fits  0066       10767  strumu   60.00   1
/Users/lzj/bss/201511/20151105/d7332.0067.fits  0067       10768  strumu   60.00   1
/Users/lzj/bss/201511/20151105/d7332.0068.fits  0068       10769  strumu   60.00   1
/Users/lzj/bss/201511/20151105/d7332.0069.fits  0069       10763  strumu    6.00   1
/Users/lzj/bss/201511/20151105/d7332.0070.fits  0070       10764  strumu    6.00   1
/Users/lzj/bss/201511/20151105/d7332.0071.fits  0071       10765  strumu    6.00   1
/Users/lzj/bss/201511/20151105/d7332.0072.fits  0072       10766  strumu    6.00   1
/Users/lzj/bss/201511/20151105/d7332.0073.fits  0073       10767  strumu    6.00   1
/Users/lzj/bss/201511/20151105/d7332.0074.fits  0074       10768  strumu    6.00   1
/Users/lzj/bss/201511/20151105/d7332.0075.fits  0075       10769  strumu    6.00   1
/Users/lzj/bss/201511/20151105/d7332.0076.fits  0076       10763  strumv   20.00   1
/Users/lzj/bss/201511/20151105/d7332.0077.fits  0077       10764  strumv   20.00   1
/Users/lzj/bss/201511/20151105/d7332.0078.fits  0078       10765  strumv   20.00   1
/Users/lzj/bss/201511/20151105/d7332.0079.fits  0079       10766  strumv   20.00   1
/Users/lzj/bss/201511/20151105/d7332.0080.fits  0080       10767  strumv   20.00   1
/Users/lzj/bss/201511/20151105/d7332.0081.fits  0081       10768  strumv   20.00   1
/Users/lzj/bss/201511/20151105/d7332.0082.fits  0082       10769  strumv   20.00   1
/Users/lzj/bss/201511/20151105/d7332.0083.fits  0083       10763  strumv    2.00   1
/Users/lzj/bss/201511/20151105/d7332.0084.fits  0084       10764  strumv    2.00   1
/Users/lzj/bss/201511/20151105/d7332.0085.fits  0085       10765  strumv    2.00   1
/Users/lzj/bss/201511/20151105/d7332.0086.fits  0086       10766  strumv    2.00   1
/Users/lzj/bss/201511/20151105/d7332.0087.fits  0087       10767  strumv    2.00   1
/Users/lzj/bss/201511/20151105/d7332.0088.fits  0088       10768  strumv    2.00   1
/Users/lzj/bss/201511/20151105/d7332.0089.fits  0089       10769  strumv    2.00   1
/Users/lzj/bss/201511/20151105/d7332.0090.fits  0090       10403  strumu   60.00   1
/Users/lzj/bss/201511/20151105/d7332.0091.fits  0091       10404  strumu   60.00   1
/Users/lzj/bss/201511/20151105/d7332.0092.fits  0092       10405  strumu   60.00   1
/Users/lzj/bss/201511/20151105/d7332.0093.fits  0093       10406  strumu   60.00   1
/Users/lzj/bss/201511/20151105/d7332.0094.fits  0094       10407  strumu   60.00   1
/Users/lzj/bss/201511/20151105/d7332.0095.fits  0095       10403  strumu    6.00   1
/Users/lzj/bss/201511/20151105/d7332.0096.fits  0096       10404  strumu    6.00   1
/Users/lzj/bss/201511/20151105/d7332.0097.fits  0097       10405  strumu    6.00   1
/Users/lzj/bss/201511/20151105/d7332.0098.fits  0098       10406  strumu    6.00   1
/Users/lzj/bss/201511/20151105/d7332.0099.fits  0099       10407  strumu    6.00   1
/Users/lzj/bss/201511/20151105/d7332.0100.fits  0100       10403  strumv   20.00   1
/Users/lzj/bss/201511/20151105/d7332.0101.fits  0101       10404  strumv   20.00   1
/Users/lzj/bss/201511/20151105/d7332.0102.fits  0102       10405  strumv   20.00   1
/Users/lzj/bss/201511/20151105/d7332.0103.fits  0103       10406  strumv   20.00   1
/Users/lzj/bss/201511/20151105/d7332.0104.fits  0104       10407  strumv   20.00   1
/Users/lzj/bss/201511/20151105/d7332.0105.fits  0105       10403  strumv    2.00   1
/Users/lzj/bss/201511/20151105/d7332.0106.fits  0106       10404  strumv    2.00   1
/Users/lzj/bss/201511/20151105/d7332.0107.fits  0107       10405  strumv    2.00   1
/Users/lzj/bss/201511/20151105/d7332.0108.fits  0108       10406  strumv    2.00   1
/Users/lzj/bss/201511/20151105/d7332.0109.fits  0109       10407  strumv    2.00   1
/Users/lzj/bss/201511/20151105/d7332.0110.fits  0110       10777  strumu   60.00   1
/Users/lzj/bss/201511/20151105/d7332.0111.fits  0111       10778  strumu   60.00   1
/Users/lzj/bss/201511/20151105/d7332.0112.fits  0112       10779  strumu   60.00   1
/Users/lzj/bss/201511/20151105/d7332.0113.fits  0113       10780  strumu   60.00   1
/Users/lzj/bss/201511/20151105/d7332.0114.fits  0114       10781  strumu   60.00   1
/Users/lzj/bss/201511/20151105/d7332.0115.fits  0115       10782  strumu   60.00   1
/Users/lzj/bss/201511/20151105/d7332.0116.fits  0116       10783  strumu   60.00   1
/Users/lzj/bss/201511/20151105/d7332.0117.fits  0117       10777  strumu    6.00   1
/Users/lzj/bss/201511/20151105/d7332.0118.fits  0118       10778  strumu    6.00   1
/Users/lzj/bss/201511/20151105/d7332.0119.fits  0119       10779  strumu    6.00   1
/Users/lzj/bss/201511/20151105/d7332.0120.fits  0120       10780  strumu    6.00   1
/Users/lzj/bss/201511/20151105/d7332.0121.fits  0121       10781  strumu    6.00   1
/Users/lzj/bss/201511/20151105/d7332.0122.fits  0122       10782  strumu    6.00   1
/Users/lzj/bss/201511/20151105/d7332.0123.fits  0123       10783  strumu    6.00   1
/Users/lzj/bss/201511/20151105/d7332.0124.fits  0124       10777  strumv   20.00   1
/Users/lzj/bss/201511/20151105/d7332.0125.fits  0125       10778  strumv   20.00   1
/Users/lzj/bss/201511/20151105/d7332.0126.fits  0126       10779  strumv   20.00   1
/Users/lzj/bss/201511/20151105/d7332.0127.fits  0127       10780  strumv   20.00   1
/Users/lzj/bss/201511/20151105/d7332.0128.fits  0128       10781  strumv   20.00   1
/Users/lzj/bss/201511/20151105/d7332.0129.fits  0129       10782  strumv   20.00   1
/Users/lzj/bss/201511/20151105/d7332.0130.fits  0130       10783  strumv   20.00   1
/Users/lzj/bss/201511/20151105/d7332.0131.fits  0131       10777  strumv    2.00   1
/Users/lzj/bss/201511/20151105/d7332.0132.fits  0132       10778  strumv    2.00   1
/Users/lzj/bss/201511/20151105/d7332.0133.fits  0133       10779  strumv    2.00   1
/Users/lzj/bss/201511/20151105/d7332.0134.fits  0134       10780  strumv    2.00   1
/Users/lzj/bss/201511/20151105/d7332.0135.fits  0135       10781  strumv    2.00   1
/Users/lzj/bss/201511/20151105/d7332.0136.fits  0136       10782  strumv    2.00   1
/Users/lzj/bss/201511/20151105/d7332.0137.fits  0137       10783  strumv    2.00   1
/Users/lzj/bss/201511/20151105/d7332.0138.fits  0138       10784  strumu   60.00   1
/Users/lzj/bss/201511/20151105/d7332.0139.fits  0139       10785  strumu   60.00   1
/Users/lzj/bss/201511/20151105/d7332.0140.fits  0140       10786  strumu   60.00   1
/Users/lzj/bss/201511/20151105/d7332.0141.fits  0141       10787  strumu   60.00   1
/Users/lzj/bss/201511/20151105/d7332.0142.fits  0142       10788  strumu   60.00   1
/Users/lzj/bss/201511/20151105/d7332.0143.fits  0143       10789  strumu   60.00   1
/Users/lzj/bss/201511/20151105/d7332.0144.fits  0144       10790  strumu   60.00   1
/Users/lzj/bss/201511/20151105/d7332.0145.fits  0145       10784  strumu    6.00   1
/Users/lzj/bss/201511/20151105/d7332.0146.fits  0146       10785  strumu    6.00   1
/Users/lzj/bss/201511/20151105/d7332.0147.fits  0147       10786  strumu    6.00   1
/Users/lzj/bss/201511/20151105/d7332.0148.fits  0148       10787  strumu    6.00   1
/Users/lzj/bss/201511/20151105/d7332.0149.fits  0149       10788  strumu    6.00   1
/Users/lzj/bss/201511/20151105/d7332.0150.fits  0150       10789  strumu    6.00   1
/Users/lzj/bss/201511/20151105/d7332.0151.fits  0151       10790  strumu    6.00   1
/Users/lzj/bss/201511/20151105/d7332.0152.fits  0152       10784  strumv   20.00   1
/Users/lzj/bss/201511/20151105/d7332.0153.fits  0153       10785  strumv   20.00   1
/Users/lzj/bss/201511/20151105/d7332.0154.fits  0154       10786  strumv   20.00   1
/Users/lzj/bss/201511/20151105/d7332.0155.fits  0155       10787  strumv   20.00   1
/Users/lzj/bss/201511/20151105/d7332.0156.fits  0156       10788  strumv   20.00   1
/Users/lzj/bss/201511/20151105/d7332.0157.fits  0157       10789  strumv   20.00   1
/Users/lzj/bss/201511/20151105/d7332.0158.fits  0158       10790  strumv   20.00   1
/Users/lzj/bss/201511/20151105/d7332.0159.fits  0159       10784  strumv    2.00   1
/Users/lzj/bss/201511/20151105/d7332.0160.fits  0160       10785  strumv    2.00   1
/Users/lzj/bss/201511/20151105/d7332.0161.fits  0161       10786  strumv    2.00   1
/Users/lzj/bss/201511/20151105/d7332.0162.fits  0162       10787  strumv    2.00   1
/Users/lzj/bss/201511/20151105/d7332.0163.fits  0163       10788  strumv    2.00   1
/Users/lzj/bss/201511/20151105/d7332.0164.fits  0164       10789  strumv    2.00   1
/Users/lzj/bss/201511/20151105/d7332.0165.fits  0165       10790  strumv    2.00   1
/Users/lzj/bss/201511/20151105/d7332.0166.fits  0166       10791  strumu   60.00   1
/Users/lzj/bss/201511/20151105/d7332.0167.fits  0167       10792  strumu   60.00   1
/Users/lzj/bss/201511/20151105/d7332.0168.fits  0168       10793  strumu   60.00   1
/Users/lzj/bss/201511/20151105/d7332.0169.fits  0169       10794  strumu   60.00   1
/Users/lzj/bss/201511/20151105/d7332.0170.fits  0170       10795  strumu   60.00   1
/Users/lzj/bss/201511/20151105/d7332.0171.fits  0171       10796  strumu   60.00   1
/Users/lzj/bss/201511/20151105/d7332.0172.fits  0172       10797  strumu   60.00   1
/Users/lzj/bss/201511/20151105/d7332.0173.fits  0173       10791  strumu    6.00   1
/Users/lzj/bss/201511/20151105/d7332.0174.fits  0174       10792  strumu    6.00   1
/Users/lzj/bss/201511/20151105/d7332.0175.fits  0175       10793  strumu    6.00   1
/Users/lzj/bss/201511/20151105/d7332.0176.fits  0176       10794  strumu    6.00   1
/Users/lzj/bss/201511/20151105/d7332.0179.fits  0179       10795  strumu    6.00   1
/Users/lzj/bss/201511/20151105/d7332.0180.fits  0180       10796  strumu    6.00   1
/Users/lzj/bss/201511/20151105/d7332.0181.fits  0181       10797  strumu    6.00   1
/Users/lzj/bss/201511/20151105/d7332.0182.fits  0182       10791  strumv   20.00   1
/Users/lzj/bss/201511/20151105/d7332.0183.fits  0183       10792  strumv   20.00   1
/Users/lzj/bss/201511/20151105/d7332.0184.fits  0184       10793  strumv   20.00   1
/Users/lzj/bss/201511/20151105/d7332.0185.fits  0185       10794  strumv   20.00   1
/Users/lzj/bss/201511/20151105/d7332.0186.fits  0186       10795  strumv   20.00   1
/Users/lzj/bss/201511/20151105/d7332.0187.fits  0187       10796  strumv   20.00   1
/Users/lzj/bss/201511/20151105/d7332.0188.fits  0188       10797  strumv   20.00   1
/Users/lzj/bss/201511/20151105/d7332.0189.fits  0189       10791  strumv    2.00   1
/Users/lzj/bss/201511/20151105/d7332.0190.fits  0190       10792  strumv    2.00   1
/Users/lzj/bss/201511/20151105/d7332.0191.fits  0191       10793  strumv    2.00   1
/Users/lzj/bss/201511/20151105/d7332.0192.fits  0192       10794  strumv    2.00   1
/Users/lzj/bss/201511/20151105/d7332.0193.fits  0193       10795  strumv    2.00   1
/Users/lzj/bss/201511/20151105/d7332.0194.fits  0194       10796  strumv    2.00   1
/Users/lzj/bss/201511/20151105/d7332.0195.fits  0195       10797  strumv    2.00   1
/Users/lzj/bss/201511/20151105/d7332.0196.fits  0196       10798  strumu   60.00   1
/Users/lzj/bss/201511/20151105/d7332.0197.fits  0197       10799  strumu   60.00   1
/Users/lzj/bss/201511/20151105/d7332.0198.fits  0198       10800  strumu   60.00   1
/Users/lzj/bss/201511/20151105/d7332.0199.fits  0199       10801  strumu   60.00   1
/Users/lzj/bss/201511/20151105/d7332.0200.fits  0200       10802  strumu   60.00   1
/Users/lzj/bss/201511/20151105/d7332.0201.fits  0201       10803  strumu   60.00   1
/Users/lzj/bss/201511/20151105/d7332.0202.fits  0202       10804  strumu   60.00   1
/Users/lzj/bss/201511/20151105/d7332.0203.fits  0203       10798  strumu    6.00   1
/Users/lzj/bss/201511/20151105/d7332.0204.fits  0204       10799  strumu    6.00   1
/Users/lzj/bss/201511/20151105/d7332.0205.fits  0205       10800  strumu    6.00   1
/Users/lzj/bss/201511/20151105/d7332.0206.fits  0206       10801  strumu    6.00   1
/Users/lzj/bss/201511/20151105/d7332.0207.fits  0207       10802  strumu    6.00   1
/Users/lzj/bss/201511/20151105/d7332.0208.fits  0208       10803  strumu    6.00   1
/Users/lzj/bss/201511/20151105/d7332.0209.fits  0209       10804  strumu    6.00   1
/Users/lzj/bss/201511/20151105/d7332.0210.fits  0210       10798  strumv   20.00   1
/Users/lzj/bss/201511/20151105/d7332.0211.fits  0211       10799  strumv   20.00   1
/Users/lzj/bss/201511/20151105/d7332.0212.fits  0212       10800  strumv   20.00   1
/Users/lzj/bss/201511/20151105/d7332.0213.fits  0213       10801  strumv   20.00   1
/Users/lzj/bss/201511/20151105/d7332.0214.fits  0214       10802  strumv   20.00   1
/Users/lzj/bss/201511/20151105/d7332.0215.fits  0215       10803  strumv   20.00   1
/Users/lzj/bss/201511/20151105/d7332.0216.fits  0216       10804  strumv   20.00   1
/Users/lzj/bss/201511/20151105/d7332.0217.fits  0217       10798  strumv    2.00   1
/Users/lzj/bss/201511/20151105/d7332.0218.fits  0218       10799  strumv    2.00   1
/Users/lzj/bss/201511/20151105/d7332.0219.fits  0219       10800  strumv    2.00   1
/Users/lzj/bss/201511/20151105/d7332.0220.fits  0220       10801  strumv    2.00   1
/Users/lzj/bss/201511/20151105/d7332.0221.fits  0221       10802  strumv    2.00   1
/Users/lzj/bss/201511/20151105/d7332.0222.fits  0222       10803  strumv    2.00   1
/Users/lzj/bss/201511/20151105/d7332.0223.fits  0223       10804  strumv    2.00   1
/Users/lzj/bss/201511/20151105/d7332.0224.fits  0224       10443  strumu   60.00   1
/Users/lzj/bss/201511/20151105/d7332.0225.fits  0225       10444  strumu   60.00   1
/Users/lzj/bss/201511/20151105/d7332.0226.fits  0226       10445  strumu   60.00   1
/Users/lzj/bss/201511/20151105/d7332.0227.fits  0227       10446  strumu   60.00   1
/Users/lzj/bss/201511/20151105/d7332.0228.fits  0228       10447  strumu   60.00   1
/Users/lzj/bss/201511/20151105/d7332.0229.fits  0229       10448  strumu   60.00   1
/Users/lzj/bss/201511/20151105/d7332.0230.fits  0230       10449  strumu   60.00   1
/Users/lzj/bss/201511/20151105/d7332.0231.fits  0231       10443  strumu    6.00   1
/Users/lzj/bss/201511/20151105/d7332.0232.fits  0232       10444  strumu    6.00   1
/Users/lzj/bss/201511/20151105/d7332.0233.fits  0233       10445  strumu    6.00   1
/Users/lzj/bss/201511/20151105/d7332.0234.fits  0234       10446  strumu    6.00   1
/Users/lzj/bss/201511/20151105/d7332.0235.fits  0235       10447  strumu    6.00   1
/Users/lzj/bss/201511/20151105/d7332.0236.fits  0236       10448  strumu    6.00   1
/Users/lzj/bss/201511/20151105/d7332.0237.fits  0237       10449  strumu    6.00   1
/Users/lzj/bss/201511/20151105/d7332.0238.fits  0238       10443  strumv   20.00   1
/Users/lzj/bss/201511/20151105/d7332.0239.fits  0239       10444  strumv   20.00   1
/Users/lzj/bss/201511/20151105/d7332.0240.fits  0240       10445  strumv   20.00   1
/Users/lzj/bss/201511/20151105/d7332.0241.fits  0241       10446  strumv   20.00   1
/Users/lzj/bss/201511/20151105/d7332.0242.fits  0242       10447  strumv   20.00   1
/Users/lzj/bss/201511/20151105/d7332.0243.fits  0243       10448  strumv   20.00   1
/Users/lzj/bss/201511/20151105/d7332.0244.fits  0244       10449  strumv   20.00   1
/Users/lzj/bss/201511/20151105/d7332.0245.fits  0245       10443  strumv    2.00   1
/Users/lzj/bss/201511/20151105/d7332.0246.fits  0246       10444  strumv    2.00   1
/Users/lzj/bss/201511/20151105/d7332.0247.fits  0247       10445  strumv    2.00   1
/Users/lzj/bss/201511/20151105/d7332.0248.fits  0248       10446  strumv    2.00   1
/Users/lzj/bss/201511/20151105/d7332.0249.fits  0249       10447  strumv    2.00   1
/Users/lzj/bss/201511/20151105/d7332.0250.fits  0250       10448  strumv    2.00   1
/Users/lzj/bss/201511/20151105/d7332.0251.fits  0251       10449  strumv    2.00   1
/Users/lzj/bss/201511/20151105/d7332.0252.fits  0252       11177  strumu   60.00   1
/Users/lzj/bss/201511/20151105/d7332.0253.fits  0253       11178  strumu   60.00   1
/Users/lzj/bss/201511/20151105/d7332.0254.fits  0254       11179  strumu   60.00   1
/Users/lzj/bss/201511/20151105/d7332.0255.fits  0255       11180  strumu   60.00   1
/Users/lzj/bss/201511/20151105/d7332.0256.fits  0256       11181  strumu   60.00   1
/Users/lzj/bss/201511/20151105/d7332.0257.fits  0257       11182  strumu   60.00   1
/Users/lzj/bss/201511/20151105/d7332.0258.fits  0258       11183  strumu   60.00   1
/Users/lzj/bss/201511/20151105/d7332.0259.fits  0259       11177  strumu    6.00   1
/Users/lzj/bss/201511/20151105/d7332.0260.fits  0260       11178  strumu    6.00   1
/Users/lzj/bss/201511/20151105/d7332.0261.fits  0261       11179  strumu    6.00   1
/Users/lzj/bss/201511/20151105/d7332.0262.fits  0262       11180  strumu    6.00   1
/Users/lzj/bss/201511/20151105/d7332.0263.fits  0263       11181  strumu    6.00   1
/Users/lzj/bss/201511/20151105/d7332.0264.fits  0264       11182  strumu    6.00   1
/Users/lzj/bss/201511/20151105/d7332.0265.fits  0265       11183  strumu    6.00   1
/Users/lzj/bss/201511/20151105/d7332.0266.fits  0266       11177  strumv   20.00   1
/Users/lzj/bss/201511/20151105/d7332.0267.fits  0267       11178  strumv   20.00   1
/Users/lzj/bss/201511/20151105/d7332.0268.fits  0268       11179  strumv   20.00   1
/Users/lzj/bss/201511/20151105/d7332.0269.fits  0269       11180  strumv   20.00   1
/Users/lzj/bss/201511/20151105/d7332.0270.fits  0270       11181  strumv   20.00   1
/Users/lzj/bss/201511/20151105/d7332.0271.fits  0271       11182  strumv   20.00   1
/Users/lzj/bss/201511/20151105/d7332.0272.fits  0272       11183  strumv   20.00   1
/Users/lzj/bss/201511/20151105/d7332.0273.fits  0273       11177  strumv    2.00   1
/Users/lzj/bss/201511/20151105/d7332.0274.fits  0274       11178  strumv    2.00   1
/Users/lzj/bss/201511/20151105/d7332.0275.fits  0275       11179  strumv    2.00   1
/Users/lzj/bss/201511/20151105/d7332.0276.fits  0276       11180  strumv    2.00   1
/Users/lzj/bss/201511/20151105/d7332.0277.fits  0277       11181  strumv    2.00   1
/Users/lzj/bss/201511/20151105/d7332.0278.fits  0278       11182  strumv    2.00   1
/Users/lzj/bss/201511/20151105/d7332.0279.fits  0279       11183  strumv    2.00   1
/Users/lzj/bss/201511/20151105/d7332.0280.fits  0280       10464  strumu   60.00   1
/Users/lzj/bss/201511/20151105/d7332.0281.fits  0281       10465  strumu   60.00   1
/Users/lzj/bss/201511/20151105/d7332.0282.fits  0282       10466  strumu   60.00   1
/Users/lzj/bss/201511/20151105/d7332.0283.fits  0283       10467  strumu   60.00   1
/Users/lzj/bss/201511/20151105/d7332.0284.fits  0284       10468  strumu   60.00   1
/Users/lzj/bss/201511/20151105/d7332.0285.fits  0285       10469  strumu   60.00   1
/Users/lzj/bss/201511/20151105/d7332.0286.fits  0286       10470  strumu   60.00   1
/Users/lzj/bss/201511/20151105/d7332.0287.fits  0287       10464  strumu    6.00   1
/Users/lzj/bss/201511/20151105/d7332.0288.fits  0288       10465  strumu    6.00   1
/Users/lzj/bss/201511/20151105/d7332.0289.fits  0289       10466  strumu    6.00   1
/Users/lzj/bss/201511/20151105/d7332.0290.fits  0290       10467  strumu    6.00   1
/Users/lzj/bss/201511/20151105/d7332.0291.fits  0291       10468  strumu    6.00   1
/Users/lzj/bss/201511/20151105/d7332.0292.fits  0292       10469  strumu    6.00   1
/Users/lzj/bss/201511/20151105/d7332.0293.fits  0293       10470  strumu    6.00   1
/Users/lzj/bss/201511/20151105/d7332.0294.fits  0294       10464  strumv   20.00   1
/Users/lzj/bss/201511/20151105/d7332.0295.fits  0295       10465  strumv   20.00   1
/Users/lzj/bss/201511/20151105/d7332.0296.fits  0296       10466  strumv   20.00   1
/Users/lzj/bss/201511/20151105/d7332.0297.fits  0297       10467  strumv   20.00   1
/Users/lzj/bss/201511/20151105/d7332.0298.fits  0298       10468  strumv   20.00   1
/Users/lzj/bss/201511/20151105/d7332.0299.fits  0299       10469  strumv   20.00   1
/Users/lzj/bss/201511/20151105/d7332.0300.fits  0300       10470  strumv   20.00   1
/Users/lzj/bss/201511/20151105/d7332.0301.fits  0301       10464  strumv    2.00   1
/Users/lzj/bss/201511/20151105/d7332.0302.fits  0302       10465  strumv    2.00   1
/Users/lzj/bss/201511/20151105/d7332.0303.fits  0303       10466  strumv    2.00   1
/Users/lzj/bss/201511/20151105/d7332.0304.fits  0304       10467  strumv    2.00   1
/Users/lzj/bss/201511/20151105/d7332.0305.fits  0305       10468  strumv    2.00   1
/Users/lzj/bss/201511/20151105/d7332.0306.fits  0306       10469  strumv    2.00   1
/Users/lzj/bss/201511/20151105/d7332.0307.fits  0307       10470  strumv    2.00   1
/Users/lzj/bss/201511/20151105/d7332.0308.fits  0308       11198  strumu   60.00   1
/Users/lzj/bss/201511/20151105/d7332.0309.fits  0309       11199  strumu   60.00   1
/Users/lzj/bss/201511/20151105/d7332.0310.fits  0310       11200  strumu   60.00   1
/Users/lzj/bss/201511/20151105/d7332.0311.fits  0311       11201  strumu   60.00   1
/Users/lzj/bss/201511/20151105/d7332.0312.fits  0312       11202  strumu   60.00   1
/Users/lzj/bss/201511/20151105/d7332.0313.fits  0313       11203  strumu   60.00   1
/Users/lzj/bss/201511/20151105/d7332.0314.fits  0314       11204  strumu   60.00   1
/Users/lzj/bss/201511/20151105/d7332.0315.fits  0315       11198  strumu    6.00   1
/Users/lzj/bss/201511/20151105/d7332.0316.fits  0316       11199  strumu    6.00   1
/Users/lzj/bss/201511/20151105/d7332.0317.fits  0317       11200  strumu    6.00   1
/Users/lzj/bss/201511/20151105/d7332.0318.fits  0318       11201  strumu    6.00   1
/Users/lzj/bss/201511/20151105/d7332.0319.fits  0319       11202  strumu    6.00   1
/Users/lzj/bss/201511/20151105/d7332.0320.fits  0320       11203  strumu    6.00   1
/Users/lzj/bss/201511/20151105/d7332.0321.fits  0321       11204  strumu    6.00   1
/Users/lzj/bss/201511/20151105/d7332.0322.fits  0322       11198  strumv   20.00   1
/Users/lzj/bss/201511/20151105/d7332.0323.fits  0323       11199  strumv   20.00   1
/Users/lzj/bss/201511/20151105/d7332.0324.fits  0324       11200  strumv   20.00   1
/Users/lzj/bss/201511/20151105/d7332.0325.fits  0325       11201  strumv   20.00   1
/Users/lzj/bss/201511/20151105/d7332.0326.fits  0326       11202  strumv   20.00   1
/Users/lzj/bss/201511/20151105/d7332.0327.fits  0327       11203  strumv   20.00   1
/Users/lzj/bss/201511/20151105/d7332.0328.fits  0328       11204  strumv   20.00   1
/Users/lzj/bss/201511/20151105/d7332.0329.fits  0329       11198  strumv    2.00   1
/Users/lzj/bss/201511/20151105/d7332.0330.fits  0330       11199  strumv    2.00   1
/Users/lzj/bss/201511/20151105/d7332.0331.fits  0331       11200  strumv    2.00   1
/Users/lzj/bss/201511/20151105/d7332.0332.fits  0332       11201  strumv    2.00   1
/Users/lzj/bss/201511/20151105/d7332.0333.fits  0333       11202  strumv    2.00   1
/Users/lzj/bss/201511/20151105/d7332.0334.fits  0334       11203  strumv    2.00   1
/Users/lzj/bss/201511/20151105/d7332.0335.fits  0335       11204  strumv    2.00   1
/Users/lzj/bss/201511/20151105/d7332.0336.fits  0336       10478  strumu   60.00   1
/Users/lzj/bss/201511/20151105/d7332.0337.fits  0337       10479  strumu   60.00   1
/Users/lzj/bss/201511/20151105/d7332.0338.fits  0338       10480  strumu   60.00   1
/Users/lzj/bss/201511/20151105/d7332.0339.fits  0339       10481  strumu   60.00   1
/Users/lzj/bss/201511/20151105/d7332.0340.fits  0340       10482  strumu   60.00   1
/Users/lzj/bss/201511/20151105/d7332.0341.fits  0341       10483  strumu   60.00   1
/Users/lzj/bss/201511/20151105/d7332.0342.fits  0342       10484  strumu   60.00   1
/Users/lzj/bss/201511/20151105/d7332.0343.fits  0343       10478  strumu    6.00   1
/Users/lzj/bss/201511/20151105/d7332.0344.fits  0344       10479  strumu    6.00   1
/Users/lzj/bss/201511/20151105/d7332.0345.fits  0345       10480  strumu    6.00   1
/Users/lzj/bss/201511/20151105/d7332.0346.fits  0346       10481  strumu    6.00   1
/Users/lzj/bss/201511/20151105/d7332.0347.fits  0347       10482  strumu    6.00   1
/Users/lzj/bss/201511/20151105/d7332.0348.fits  0348       10483  strumu    6.00   1
/Users/lzj/bss/201511/20151105/d7332.0349.fits  0349       10484  strumu    6.00   1
/Users/lzj/bss/201511/20151105/d7332.0350.fits  0350       10478  strumv   20.00   1
/Users/lzj/bss/201511/20151105/d7332.0351.fits  0351       10479  strumv   20.00   1
/Users/lzj/bss/201511/20151105/d7332.0352.fits  0352       10480  strumv   20.00   1
/Users/lzj/bss/201511/20151105/d7332.0353.fits  0353       10481  strumv   20.00   1
/Users/lzj/bss/201511/20151105/d7332.0354.fits  0354       10482  strumv   20.00   1
/Users/lzj/bss/201511/20151105/d7332.0355.fits  0355       10483  strumv   20.00   1
/Users/lzj/bss/201511/20151105/d7332.0356.fits  0356       10484  strumv   20.00   1
/Users/lzj/bss/201511/20151105/d7332.0357.fits  0357       10478  strumv    2.00   1
/Users/lzj/bss/201511/20151105/d7332.0358.fits  0358       10479  strumv    2.00   1
/Users/lzj/bss/201511/20151105/d7332.0359.fits  0359       10480  strumv    2.00   1
/Users/lzj/bss/201511/20151105/d7332.0360.fits  0360       10481  strumv    2.00   1
/Users/lzj/bss/201511/20151105/d7332.0361.fits  0361       10482  strumv    2.00   1
/Users/lzj/bss/201511/20151105/d7332.0362.fits  0362       10483  strumv    2.00   1
/Users/lzj/bss/201511/20151105/d7332.0363.fits  0363       10484  strumv    2.00   1
/Users/lzj/bss/201511/20151105/d7332.0364.fits  0364       10485  strumu   60.00   1
/Users/lzj/bss/201511/20151105/d7332.0365.fits  0365       10486  strumu   60.00   1
/Users/lzj/bss/201511/20151105/d7332.0366.fits  0366       10487  strumu   60.00   1
/Users/lzj/bss/201511/20151105/d7332.0367.fits  0367       10488  strumu   60.00   1
/Users/lzj/bss/201511/20151105/d7332.0368.fits  0368       10489  strumu   60.00   1
/Users/lzj/bss/201511/20151105/d7332.0369.fits  0369       10490  strumu   60.00   1
/Users/lzj/bss/201511/20151105/d7332.0370.fits  0370       10491  strumu   60.00   1
/Users/lzj/bss/201511/20151105/d7332.0371.fits  0371       10485  strumu    6.00   1
/Users/lzj/bss/201511/20151105/d7332.0372.fits  0372       10486  strumu    6.00   1
/Users/lzj/bss/201511/20151105/d7332.0373.fits  0373       10487  strumu    6.00   1
/Users/lzj/bss/201511/20151105/d7332.0374.fits  0374       10488  strumu    6.00   1
/Users/lzj/bss/201511/20151105/d7332.0375.fits  0375       10489  strumu    6.00   1
/Users/lzj/bss/201511/20151105/d7332.0376.fits  0376       10490  strumu    6.00   1
/Users/lzj/bss/201511/20151105/d7332.0377.fits  0377       10491  strumu    6.00   1
/Users/lzj/bss/201511/20151105/d7332.0378.fits  0378       10485  strumv   20.00   1
/Users/lzj/bss/201511/20151105/d7332.0379.fits  0379       10486  strumv   20.00   1
/Users/lzj/bss/201511/20151105/d7332.0380.fits  0380       10487  strumv   20.00   1
/Users/lzj/bss/201511/20151105/d7332.0381.fits  0381       10488  strumv   20.00   1
/Users/lzj/bss/201511/20151105/d7332.0382.fits  0382       10489  strumv   20.00   1
/Users/lzj/bss/201511/20151105/d7332.0383.fits  0383       10490  strumv   20.00   1
/Users/lzj/bss/201511/20151105/d7332.0384.fits  0384       10491  strumv   20.00   1
/Users/lzj/bss/201511/20151105/d7332.0385.fits  0385       10485  strumv    2.00   1
/Users/lzj/bss/201511/20151105/d7332.0386.fits  0386       10486  strumv    2.00   1
/Users/lzj/bss/201511/20151105/d7332.0387.fits  0387       10487  strumv    2.00   1
/Users/lzj/bss/201511/20151105/d7332.0388.fits  0388       10488  strumv    2.00   1
/Users/lzj/bss/201511/20151105/d7332.0389.fits  0389       10489  strumv    2.00   1
/Users/lzj/bss/201511/20151105/d7332.0390.fits  0390       10490  strumv    2.00   1
/Users/lzj/bss/201511/20151105/d7332.0391.fits  0391       10491  strumv    2.00   1
