/Users/lzj/bss/201511/20151110/d7337.0015.fits  0015       10728  strumu    6.00   1
/Users/lzj/bss/201511/20151110/d7337.0016.fits  0016       10728  strumu   60.00   1
/Users/lzj/bss/201511/20151110/d7337.0017.fits  0017       10729  strumu    6.00   1
/Users/lzj/bss/201511/20151110/d7337.0018.fits  0018       10729  strumu   60.00   1
/Users/lzj/bss/201511/20151110/d7337.0019.fits  0019       10730  strumu    6.00   1
/Users/lzj/bss/201511/20151110/d7337.0020.fits  0020       10730  strumu   60.00   1
/Users/lzj/bss/201511/20151110/d7337.0021.fits  0021       10731  strumu    6.00   1
/Users/lzj/bss/201511/20151110/d7337.0022.fits  0022       10731  strumu   60.00   1
/Users/lzj/bss/201511/20151110/d7337.0023.fits  0023       10732  strumu    6.00   1
/Users/lzj/bss/201511/20151110/d7337.0024.fits  0024       10732  strumu   60.00   1
/Users/lzj/bss/201511/20151110/d7337.0025.fits  0025       10733  strumu    6.00   1
/Users/lzj/bss/201511/20151110/d7337.0026.fits  0026       10733  strumu   60.00   1
/Users/lzj/bss/201511/20151110/d7337.0027.fits  0027       10734  strumu    6.00   1
/Users/lzj/bss/201511/20151110/d7337.0028.fits  0028       10734  strumu   60.00   1
/Users/lzj/bss/201511/20151110/d7337.0029.fits  0029       10735  strumu    6.00   1
/Users/lzj/bss/201511/20151110/d7337.0030.fits  0030       10735  strumu   60.00   1
/Users/lzj/bss/201511/20151110/d7337.0031.fits  0031       10736  strumu    6.00   1
/Users/lzj/bss/201511/20151110/d7337.0032.fits  0032       10736  strumu   60.00   1
/Users/lzj/bss/201511/20151110/d7337.0033.fits  0033       10737  strumu    6.00   1
/Users/lzj/bss/201511/20151110/d7337.0034.fits  0034       10737  strumu   60.00   1
/Users/lzj/bss/201511/20151110/d7337.0035.fits  0035       10738  strumu    6.00   1
/Users/lzj/bss/201511/20151110/d7337.0036.fits  0036       10738  strumu   60.00   1
/Users/lzj/bss/201511/20151110/d7337.0037.fits  0037       10739  strumu    6.00   1
/Users/lzj/bss/201511/20151110/d7337.0038.fits  0038       10739  strumu   60.00   1
/Users/lzj/bss/201511/20151110/d7337.0039.fits  0039       10740  strumu    6.00   1
/Users/lzj/bss/201511/20151110/d7337.0040.fits  0040       10740  strumu   60.00   1
/Users/lzj/bss/201511/20151110/d7337.0041.fits  0041       10741  strumu    6.00   1
/Users/lzj/bss/201511/20151110/d7337.0042.fits  0042       10741  strumu   60.00   1
/Users/lzj/bss/201511/20151110/d7337.0043.fits  0043       10742  strumu    6.00   1
/Users/lzj/bss/201511/20151110/d7337.0044.fits  0044       10742  strumu   60.00   1
/Users/lzj/bss/201511/20151110/d7337.0045.fits  0045       10743  strumu    6.00   1
/Users/lzj/bss/201511/20151110/d7337.0046.fits  0046       10743  strumu   60.00   1
/Users/lzj/bss/201511/20151110/d7337.0047.fits  0047       10744  strumu    6.00   1
/Users/lzj/bss/201511/20151110/d7337.0048.fits  0048       10744  strumu   60.00   1
/Users/lzj/bss/201511/20151110/d7337.0049.fits  0049       10745  strumu    6.00   1
/Users/lzj/bss/201511/20151110/d7337.0050.fits  0050       10745  strumu   60.00   1
/Users/lzj/bss/201511/20151110/d7337.0051.fits  0051       10746  strumu    6.00   1
/Users/lzj/bss/201511/20151110/d7337.0052.fits  0052       10746  strumu   60.00   1
/Users/lzj/bss/201511/20151110/d7337.0053.fits  0053       10747  strumu    6.00   1
/Users/lzj/bss/201511/20151110/d7337.0054.fits  0054       10747  strumu   60.00   1
/Users/lzj/bss/201511/20151110/d7337.0055.fits  0055       10748  strumu    6.00   1
/Users/lzj/bss/201511/20151110/d7337.0056.fits  0056       10748  strumu   60.00   1
/Users/lzj/bss/201511/20151110/d7337.0057.fits  0057       10749  strumu    6.00   1
/Users/lzj/bss/201511/20151110/d7337.0058.fits  0058       10749  strumu   60.00   1
/Users/lzj/bss/201511/20151110/d7337.0059.fits  0059       10750  strumu    6.00   1
/Users/lzj/bss/201511/20151110/d7337.0060.fits  0060       10750  strumu   60.00   1
/Users/lzj/bss/201511/20151110/d7337.0061.fits  0061       10751  strumu    6.00   1
/Users/lzj/bss/201511/20151110/d7337.0062.fits  0062       10751  strumu   60.00   1
/Users/lzj/bss/201511/20151110/d7337.0063.fits  0063       10752  strumu    6.00   1
/Users/lzj/bss/201511/20151110/d7337.0064.fits  0064       10752  strumu   60.00   1
/Users/lzj/bss/201511/20151110/d7337.0065.fits  0065       10753  strumu    6.00   1
/Users/lzj/bss/201511/20151110/d7337.0066.fits  0066       10753  strumu   60.00   1
/Users/lzj/bss/201511/20151110/d7337.0067.fits  0067       10754  strumu    6.00   1
/Users/lzj/bss/201511/20151110/d7337.0068.fits  0068       10754  strumu   60.00   1
/Users/lzj/bss/201511/20151110/d7337.0069.fits  0069       10755  strumu    6.00   1
/Users/lzj/bss/201511/20151110/d7337.0070.fits  0070       10755  strumu   60.00   1
/Users/lzj/bss/201511/20151110/d7337.0071.fits  0071       11480  strumu    6.00   1
/Users/lzj/bss/201511/20151110/d7337.0072.fits  0072       11480  strumu   60.00   1
/Users/lzj/bss/201511/20151110/d7337.0073.fits  0073       11481  strumu    6.00   1
/Users/lzj/bss/201511/20151110/d7337.0074.fits  0074       11481  strumu   60.00   1
/Users/lzj/bss/201511/20151110/d7337.0075.fits  0075       11482  strumu    6.00   1
/Users/lzj/bss/201511/20151110/d7337.0076.fits  0076       11482  strumu   60.00   1
/Users/lzj/bss/201511/20151110/d7337.0077.fits  0077       11483  strumu    6.00   1
/Users/lzj/bss/201511/20151110/d7337.0078.fits  0078       11483  strumu   60.00   1
/Users/lzj/bss/201511/20151110/d7337.0079.fits  0079       11484  strumu    6.00   1
/Users/lzj/bss/201511/20151110/d7337.0080.fits  0080       11484  strumu   60.00   1
/Users/lzj/bss/201511/20151110/d7337.0081.fits  0081       11485  strumu    6.00   1
/Users/lzj/bss/201511/20151110/d7337.0082.fits  0082       11485  strumu   60.00   1
/Users/lzj/bss/201511/20151110/d7337.0083.fits  0083       11486  strumu    6.00   1
/Users/lzj/bss/201511/20151110/d7337.0084.fits  0084       11486  strumu   60.00   1
/Users/lzj/bss/201511/20151110/d7337.0085.fits  0085       10763  strumu    6.00   1
/Users/lzj/bss/201511/20151110/d7337.0086.fits  0086       10763  strumu   60.00   1
/Users/lzj/bss/201511/20151110/d7337.0087.fits  0087       10764  strumu    6.00   1
/Users/lzj/bss/201511/20151110/d7337.0088.fits  0088       10764  strumu   60.00   1
/Users/lzj/bss/201511/20151110/d7337.0089.fits  0089       10765  strumu    6.00   1
/Users/lzj/bss/201511/20151110/d7337.0090.fits  0090       10765  strumu   60.00   1
/Users/lzj/bss/201511/20151110/d7337.0091.fits  0091       10766  strumu    6.00   1
/Users/lzj/bss/201511/20151110/d7337.0092.fits  0092       10766  strumu   60.00   1
/Users/lzj/bss/201511/20151110/d7337.0093.fits  0093       10767  strumu    6.00   1
/Users/lzj/bss/201511/20151110/d7337.0094.fits  0094       10767  strumu   60.00   1
/Users/lzj/bss/201511/20151110/d7337.0095.fits  0095       10768  strumu    6.00   1
/Users/lzj/bss/201511/20151110/d7337.0096.fits  0096       10768  strumu   60.00   1
/Users/lzj/bss/201511/20151110/d7337.0097.fits  0097       10769  strumu    6.00   1
/Users/lzj/bss/201511/20151110/d7337.0098.fits  0098       10769  strumu   60.00   1
/Users/lzj/bss/201511/20151110/d7337.0099.fits  0099       10770  strumu    6.00   1
/Users/lzj/bss/201511/20151110/d7337.0100.fits  0100       10770  strumu   60.00   1
/Users/lzj/bss/201511/20151110/d7337.0101.fits  0101       10771  strumu    6.00   1
/Users/lzj/bss/201511/20151110/d7337.0102.fits  0102       10771  strumu   60.00   1
/Users/lzj/bss/201511/20151110/d7337.0103.fits  0103       10408  strumu    6.00   1
/Users/lzj/bss/201511/20151110/d7337.0104.fits  0104       10408  strumu   60.00   1
/Users/lzj/bss/201511/20151110/d7337.0105.fits  0105       10772  strumu    6.00   1
/Users/lzj/bss/201511/20151110/d7337.0106.fits  0106       10772  strumu   60.00   1
/Users/lzj/bss/201511/20151110/d7337.0107.fits  0107       10409  strumu    6.00   1
/Users/lzj/bss/201511/20151110/d7337.0108.fits  0108       10409  strumu   60.00   1
/Users/lzj/bss/201511/20151110/d7337.0109.fits  0109       10773  strumu    6.00   1
/Users/lzj/bss/201511/20151110/d7337.0110.fits  0110       10773  strumu   60.00   1
/Users/lzj/bss/201511/20151110/d7337.0111.fits  0111       10410  strumu    6.00   1
/Users/lzj/bss/201511/20151110/d7337.0112.fits  0112       10410  strumu   60.00   1
/Users/lzj/bss/201511/20151110/d7337.0113.fits  0113       10774  strumu    6.00   1
/Users/lzj/bss/201511/20151110/d7337.0114.fits  0114       10774  strumu   60.00   1
/Users/lzj/bss/201511/20151110/d7337.0116.fits  0116       10411  strumu    6.00   1
/Users/lzj/bss/201511/20151110/d7337.0117.fits  0117       10411  strumu   60.00   1
/Users/lzj/bss/201511/20151110/d7337.0118.fits  0118       10775  strumu    6.00   1
/Users/lzj/bss/201511/20151110/d7337.0119.fits  0119       10775  strumu   60.00   1
/Users/lzj/bss/201511/20151110/d7337.0120.fits  0120       10412  strumu    6.00   1
/Users/lzj/bss/201511/20151110/d7337.0121.fits  0121       10412  strumu   60.00   1
/Users/lzj/bss/201511/20151110/d7337.0122.fits  0122       10776  strumu    6.00   1
/Users/lzj/bss/201511/20151110/d7337.0123.fits  0123       10776  strumu   60.00   1
/Users/lzj/bss/201511/20151110/d7337.0124.fits  0124       10413  strumu    6.00   1
/Users/lzj/bss/201511/20151110/d7337.0125.fits  0125       10413  strumu   60.00   1
/Users/lzj/bss/201511/20151110/d7337.0126.fits  0126       10414  strumu    6.00   1
/Users/lzj/bss/201511/20151110/d7337.0127.fits  0127       10414  strumu   60.00   1
/Users/lzj/bss/201511/20151110/d7337.0128.fits  0128       10422  strumu    6.00   1
/Users/lzj/bss/201511/20151110/d7337.0129.fits  0129       10422  strumu   60.00   1
/Users/lzj/bss/201511/20151110/d7337.0130.fits  0130       10423  strumu    6.00   1
/Users/lzj/bss/201511/20151110/d7337.0131.fits  0131       10423  strumu   60.00   1
/Users/lzj/bss/201511/20151110/d7337.0132.fits  0132       10424  strumu    6.00   1
/Users/lzj/bss/201511/20151110/d7337.0133.fits  0133       10424  strumu   60.00   1
/Users/lzj/bss/201511/20151110/d7337.0134.fits  0134       10425  strumu    6.00   1
/Users/lzj/bss/201511/20151110/d7337.0135.fits  0135       10425  strumu   60.00   1
/Users/lzj/bss/201511/20151110/d7337.0136.fits  0136       10426  strumu    6.00   1
/Users/lzj/bss/201511/20151110/d7337.0137.fits  0137       10426  strumu   60.00   1
/Users/lzj/bss/201511/20151110/d7337.0138.fits  0138       10427  strumu    6.00   1
/Users/lzj/bss/201511/20151110/d7337.0139.fits  0139       10427  strumu   60.00   1
/Users/lzj/bss/201511/20151110/d7337.0140.fits  0140       10428  strumu    6.00   1
/Users/lzj/bss/201511/20151110/d7337.0141.fits  0141       10428  strumu   60.00   1
/Users/lzj/bss/201511/20151110/d7337.0142.fits  0142       10429  strumu    6.00   1
/Users/lzj/bss/201511/20151110/d7337.0143.fits  0143       10429  strumu   60.00   1
/Users/lzj/bss/201511/20151110/d7337.0144.fits  0144       10430  strumu    6.00   1
/Users/lzj/bss/201511/20151110/d7337.0145.fits  0145       10430  strumu   60.00   1
/Users/lzj/bss/201511/20151110/d7337.0146.fits  0146       10431  strumu    6.00   1
/Users/lzj/bss/201511/20151110/d7337.0147.fits  0147       10431  strumu   60.00   1
/Users/lzj/bss/201511/20151110/d7337.0148.fits  0148       10432  strumu    6.00   1
/Users/lzj/bss/201511/20151110/d7337.0149.fits  0149       10432  strumu   60.00   1
/Users/lzj/bss/201511/20151110/d7337.0150.fits  0150       10433  strumu    6.00   1
/Users/lzj/bss/201511/20151110/d7337.0151.fits  0151       10433  strumu   60.00   1
/Users/lzj/bss/201511/20151110/d7337.0152.fits  0152       10434  strumu    6.00   1
/Users/lzj/bss/201511/20151110/d7337.0153.fits  0153       10434  strumu   60.00   1
/Users/lzj/bss/201511/20151110/d7337.0154.fits  0154       10435  strumu    6.00   1
/Users/lzj/bss/201511/20151110/d7337.0155.fits  0155       10435  strumu   60.00   1
/Users/lzj/bss/201511/20151110/d7337.0156.fits  0156       10436  strumu    6.00   1
/Users/lzj/bss/201511/20151110/d7337.0157.fits  0157       10436  strumu   60.00   1
/Users/lzj/bss/201511/20151110/d7337.0158.fits  0158       10437  strumu    6.00   1
/Users/lzj/bss/201511/20151110/d7337.0159.fits  0159       10437  strumu   60.00   1
/Users/lzj/bss/201511/20151110/d7337.0160.fits  0160       10438  strumu    6.00   1
/Users/lzj/bss/201511/20151110/d7337.0161.fits  0161       10438  strumu   60.00   1
/Users/lzj/bss/201511/20151110/d7337.0162.fits  0162       10439  strumu    6.00   1
/Users/lzj/bss/201511/20151110/d7337.0163.fits  0163       10439  strumu   60.00   1
/Users/lzj/bss/201511/20151110/d7337.0164.fits  0164       10440  strumu    6.00   1
/Users/lzj/bss/201511/20151110/d7337.0165.fits  0165       10440  strumu   60.00   1
/Users/lzj/bss/201511/20151110/d7337.0166.fits  0166       10441  strumu    6.00   1
/Users/lzj/bss/201511/20151110/d7337.0167.fits  0167       10441  strumu   60.00   1
/Users/lzj/bss/201511/20151110/d7337.0168.fits  0168       10442  strumu    6.00   1
/Users/lzj/bss/201511/20151110/d7337.0169.fits  0169       10442  strumu   60.00   1
/Users/lzj/bss/201511/20151110/d7337.0170.fits  0170       10443  strumu    6.00   1
/Users/lzj/bss/201511/20151110/d7337.0171.fits  0171       10443  strumu   60.00   1
/Users/lzj/bss/201511/20151110/d7337.0172.fits  0172       10444  strumu    6.00   1
/Users/lzj/bss/201511/20151110/d7337.0173.fits  0173       10444  strumu   60.00   1
/Users/lzj/bss/201511/20151110/d7337.0174.fits  0174       10445  strumu    6.00   1
/Users/lzj/bss/201511/20151110/d7337.0175.fits  0175       10445  strumu   60.00   1
/Users/lzj/bss/201511/20151110/d7337.0176.fits  0176       10446  strumu    6.00   1
/Users/lzj/bss/201511/20151110/d7337.0177.fits  0177       10446  strumu   60.00   1
/Users/lzj/bss/201511/20151110/d7337.0178.fits  0178       10447  strumu    6.00   1
/Users/lzj/bss/201511/20151110/d7337.0179.fits  0179       10447  strumu   60.00   1
/Users/lzj/bss/201511/20151110/d7337.0180.fits  0180       10448  strumu    6.00   1
/Users/lzj/bss/201511/20151110/d7337.0181.fits  0181       10448  strumu   60.00   1
/Users/lzj/bss/201511/20151110/d7337.0182.fits  0182       10812  strumu    6.00   1
/Users/lzj/bss/201511/20151110/d7337.0183.fits  0183       10812  strumu   60.00   1
/Users/lzj/bss/201511/20151110/d7337.0184.fits  0184       10449  strumu    6.00   1
/Users/lzj/bss/201511/20151110/d7337.0185.fits  0185       10449  strumu   60.00   1
/Users/lzj/bss/201511/20151110/d7337.0186.fits  0186       10813  strumu    6.00   1
/Users/lzj/bss/201511/20151110/d7337.0187.fits  0187       10813  strumu   60.00   1
/Users/lzj/bss/201511/20151110/d7337.0188.fits  0188       10450  strumu    6.00   1
/Users/lzj/bss/201511/20151110/d7337.0189.fits  0189       10450  strumu   60.00   1
/Users/lzj/bss/201511/20151110/d7337.0190.fits  0190       10814  strumu    6.00   1
/Users/lzj/bss/201511/20151110/d7337.0191.fits  0191       10814  strumu   60.00   1
/Users/lzj/bss/201511/20151110/d7337.0192.fits  0192       10451  strumu    6.00   1
/Users/lzj/bss/201511/20151110/d7337.0193.fits  0193       10451  strumu   60.00   1
/Users/lzj/bss/201511/20151110/d7337.0194.fits  0194       10815  strumu    6.00   1
/Users/lzj/bss/201511/20151110/d7337.0195.fits  0195       10815  strumu   60.00   1
/Users/lzj/bss/201511/20151110/d7337.0196.fits  0196       10452  strumu    6.00   1
/Users/lzj/bss/201511/20151110/d7337.0197.fits  0197       10452  strumu   60.00   1
/Users/lzj/bss/201511/20151110/d7337.0198.fits  0198       10816  strumu    6.00   1
/Users/lzj/bss/201511/20151110/d7337.0199.fits  0199       10816  strumu   60.00   1
/Users/lzj/bss/201511/20151110/d7337.0200.fits  0200       10453  strumu    6.00   1
/Users/lzj/bss/201511/20151110/d7337.0201.fits  0201       10453  strumu   60.00   1
/Users/lzj/bss/201511/20151110/d7337.0202.fits  0202       10817  strumu    6.00   1
/Users/lzj/bss/201511/20151110/d7337.0203.fits  0203       10817  strumu   60.00   1
/Users/lzj/bss/201511/20151110/d7337.0204.fits  0204       10454  strumu    6.00   1
/Users/lzj/bss/201511/20151110/d7337.0205.fits  0205       10454  strumu   60.00   1
/Users/lzj/bss/201511/20151110/d7337.0206.fits  0206       10818  strumu    6.00   1
/Users/lzj/bss/201511/20151110/d7337.0207.fits  0207       10818  strumu   60.00   1
/Users/lzj/bss/201511/20151110/d7337.0208.fits  0208       10455  strumu    6.00   1
/Users/lzj/bss/201511/20151110/d7337.0209.fits  0209       10455  strumu   60.00   1
/Users/lzj/bss/201511/20151110/d7337.0210.fits  0210       10819  strumu    6.00   1
/Users/lzj/bss/201511/20151110/d7337.0211.fits  0211       10819  strumu   60.00   1
/Users/lzj/bss/201511/20151110/d7337.0212.fits  0212       10456  strumu    6.00   1
/Users/lzj/bss/201511/20151110/d7337.0213.fits  0213       10456  strumu   60.00   1
/Users/lzj/bss/201511/20151110/d7337.0214.fits  0214       10820  strumu    6.00   1
/Users/lzj/bss/201511/20151110/d7337.0215.fits  0215       10820  strumu   60.00   1
/Users/lzj/bss/201511/20151110/d7337.0218.fits  0218       10457  strumu    6.00   1
/Users/lzj/bss/201511/20151110/d7337.0219.fits  0219       10457  strumu   60.00   1
/Users/lzj/bss/201511/20151110/d7337.0220.fits  0220       10821  strumu    6.00   1
/Users/lzj/bss/201511/20151110/d7337.0221.fits  0221       10821  strumu   60.00   1
/Users/lzj/bss/201511/20151110/d7337.0222.fits  0222       10458  strumu    6.00   1
/Users/lzj/bss/201511/20151110/d7337.0223.fits  0223       10458  strumu   60.00   1
/Users/lzj/bss/201511/20151110/d7337.0224.fits  0224       10822  strumu    6.00   1
/Users/lzj/bss/201511/20151110/d7337.0225.fits  0225       10822  strumu   60.00   1
/Users/lzj/bss/201511/20151110/d7337.0226.fits  0226       10459  strumu    6.00   1
/Users/lzj/bss/201511/20151110/d7337.0227.fits  0227       10459  strumu   60.00   1
/Users/lzj/bss/201511/20151110/d7337.0228.fits  0228       10823  strumu    6.00   1
/Users/lzj/bss/201511/20151110/d7337.0229.fits  0229       10823  strumu   60.00   1
/Users/lzj/bss/201511/20151110/d7337.0230.fits  0230       10460  strumu    6.00   1
/Users/lzj/bss/201511/20151110/d7337.0231.fits  0231       10460  strumu   60.00   1
/Users/lzj/bss/201511/20151110/d7337.0232.fits  0232       10824  strumu    6.00   1
/Users/lzj/bss/201511/20151110/d7337.0233.fits  0233       10824  strumu   60.00   1
/Users/lzj/bss/201511/20151110/d7337.0234.fits  0234       10461  strumu    6.00   1
/Users/lzj/bss/201511/20151110/d7337.0235.fits  0235       10461  strumu   60.00   1
/Users/lzj/bss/201511/20151110/d7337.0236.fits  0236       10825  strumu    6.00   1
/Users/lzj/bss/201511/20151110/d7337.0237.fits  0237       10825  strumu   60.00   1
/Users/lzj/bss/201511/20151110/d7337.0238.fits  0238       10462  strumu    6.00   1
/Users/lzj/bss/201511/20151110/d7337.0239.fits  0239       10462  strumu   60.00   1
/Users/lzj/bss/201511/20151110/d7337.0240.fits  0240       10463  strumu    6.00   1
/Users/lzj/bss/201511/20151110/d7337.0241.fits  0241       10463  strumu   60.00   1
/Users/lzj/bss/201511/20151110/d7337.0242.fits  0242       10464  strumu    6.00   1
/Users/lzj/bss/201511/20151110/d7337.0243.fits  0243       10464  strumu   60.00   1
/Users/lzj/bss/201511/20151110/d7337.0244.fits  0244       10465  strumu    6.00   1
/Users/lzj/bss/201511/20151110/d7337.0245.fits  0245       10465  strumu   60.00   1
/Users/lzj/bss/201511/20151110/d7337.0246.fits  0246       10466  strumu    6.00   1
/Users/lzj/bss/201511/20151110/d7337.0247.fits  0247       10466  strumu   60.00   1
/Users/lzj/bss/201511/20151110/d7337.0248.fits  0248       10467  strumu    6.00   1
/Users/lzj/bss/201511/20151110/d7337.0249.fits  0249       10467  strumu   60.00   1
/Users/lzj/bss/201511/20151110/d7337.0250.fits  0250       10468  strumu    6.00   1
/Users/lzj/bss/201511/20151110/d7337.0251.fits  0251       10468  strumu   60.00   1
/Users/lzj/bss/201511/20151110/d7337.0252.fits  0252       10469  strumu    6.00   1
/Users/lzj/bss/201511/20151110/d7337.0253.fits  0253       10469  strumu   60.00   1
/Users/lzj/bss/201511/20151110/d7337.0254.fits  0254       10470  strumu    6.00   1
/Users/lzj/bss/201511/20151110/d7337.0255.fits  0255       10470  strumu   60.00   1
/Users/lzj/bss/201511/20151110/d7337.0256.fits  0256       10471  strumu    6.00   1
/Users/lzj/bss/201511/20151110/d7337.0257.fits  0257       10471  strumu   60.00   1
/Users/lzj/bss/201511/20151110/d7337.0258.fits  0258       10472  strumu    6.00   1
/Users/lzj/bss/201511/20151110/d7337.0259.fits  0259       10472  strumu   60.00   1
/Users/lzj/bss/201511/20151110/d7337.0260.fits  0260       10473  strumu    6.00   1
/Users/lzj/bss/201511/20151110/d7337.0261.fits  0261       10473  strumu   60.00   1
/Users/lzj/bss/201511/20151110/d7337.0262.fits  0262       10474  strumu    6.00   1
/Users/lzj/bss/201511/20151110/d7337.0263.fits  0263       10474  strumu   60.00   1
/Users/lzj/bss/201511/20151110/d7337.0264.fits  0264       10475  strumu    6.00   1
/Users/lzj/bss/201511/20151110/d7337.0265.fits  0265       10475  strumu   60.00   1
/Users/lzj/bss/201511/20151110/d7337.0266.fits  0266       10476  strumu    6.00   1
/Users/lzj/bss/201511/20151110/d7337.0267.fits  0267       10476  strumu   60.00   1
/Users/lzj/bss/201511/20151110/d7337.0268.fits  0268       10477  strumu    6.00   1
/Users/lzj/bss/201511/20151110/d7337.0269.fits  0269       10477  strumu   60.00   1
/Users/lzj/bss/201511/20151110/d7337.0270.fits  0270       10485  strumu    6.00   1
/Users/lzj/bss/201511/20151110/d7337.0271.fits  0271       10485  strumu   60.00   1
/Users/lzj/bss/201511/20151110/d7337.0272.fits  0272       11571  strumu    6.00   1
/Users/lzj/bss/201511/20151110/d7337.0273.fits  0273       11571  strumu   60.00   1
/Users/lzj/bss/201511/20151110/d7337.0274.fits  0274       10486  strumu    6.00   1
/Users/lzj/bss/201511/20151110/d7337.0275.fits  0275       10486  strumu   60.00   1
/Users/lzj/bss/201511/20151110/d7337.0276.fits  0276       11572  strumu    6.00   1
/Users/lzj/bss/201511/20151110/d7337.0277.fits  0277       11572  strumu   60.00   1
/Users/lzj/bss/201511/20151110/d7337.0278.fits  0278       10487  strumu    6.00   1
/Users/lzj/bss/201511/20151110/d7337.0279.fits  0279       10487  strumu   60.00   1
/Users/lzj/bss/201511/20151110/d7337.0280.fits  0280       11573  strumu    6.00   1
/Users/lzj/bss/201511/20151110/d7337.0281.fits  0281       11573  strumu   60.00   1
/Users/lzj/bss/201511/20151110/d7337.0282.fits  0282       10488  strumu    6.00   1
/Users/lzj/bss/201511/20151110/d7337.0283.fits  0283       10488  strumu   60.00   1
/Users/lzj/bss/201511/20151110/d7337.0284.fits  0284       11574  strumu    6.00   1
/Users/lzj/bss/201511/20151110/d7337.0285.fits  0285       11574  strumu   60.00   1
/Users/lzj/bss/201511/20151110/d7337.0286.fits  0286       10489  strumu    6.00   1
/Users/lzj/bss/201511/20151110/d7337.0287.fits  0287       10489  strumu   60.00   1
/Users/lzj/bss/201511/20151110/d7337.0288.fits  0288       11575  strumu    6.00   1
/Users/lzj/bss/201511/20151110/d7337.0289.fits  0289       11575  strumu   60.00   1
/Users/lzj/bss/201511/20151110/d7337.0290.fits  0290       10490  strumu    6.00   1
/Users/lzj/bss/201511/20151110/d7337.0291.fits  0291       10490  strumu   60.00   1
/Users/lzj/bss/201511/20151110/d7337.0292.fits  0292       11576  strumu    6.00   1
/Users/lzj/bss/201511/20151110/d7337.0293.fits  0293       11576  strumu   60.00   1
/Users/lzj/bss/201511/20151110/d7337.0294.fits  0294       10854  strumu    6.00   1
/Users/lzj/bss/201511/20151110/d7337.0295.fits  0295       10854  strumu   60.00   1
/Users/lzj/bss/201511/20151110/d7337.0296.fits  0296       10491  strumu    6.00   1
/Users/lzj/bss/201511/20151110/d7337.0297.fits  0297       10491  strumu   60.00   1
/Users/lzj/bss/201511/20151110/d7337.0298.fits  0298       11577  strumu    6.00   1
/Users/lzj/bss/201511/20151110/d7337.0299.fits  0299       11577  strumu   60.00   1
/Users/lzj/bss/201511/20151110/d7337.0300.fits  0300       10855  strumu    6.00   1
/Users/lzj/bss/201511/20151110/d7337.0301.fits  0301       10855  strumu   60.00   1
/Users/lzj/bss/201511/20151110/d7337.0302.fits  0302       10492  strumu    6.00   1
/Users/lzj/bss/201511/20151110/d7337.0303.fits  0303       10492  strumu   60.00   1
/Users/lzj/bss/201511/20151110/d7337.0304.fits  0304       10856  strumu    6.00   1
/Users/lzj/bss/201511/20151110/d7337.0305.fits  0305       10856  strumu   60.00   1
/Users/lzj/bss/201511/20151110/d7337.0306.fits  0306       10493  strumu    6.00   1
/Users/lzj/bss/201511/20151110/d7337.0307.fits  0307       10493  strumu   60.00   1
/Users/lzj/bss/201511/20151110/d7337.0308.fits  0308       10857  strumu    6.00   1
/Users/lzj/bss/201511/20151110/d7337.0309.fits  0309       10857  strumu   60.00   1
/Users/lzj/bss/201511/20151110/d7337.0310.fits  0310       10494  strumu    6.00   1
/Users/lzj/bss/201511/20151110/d7337.0311.fits  0311       10494  strumu   60.00   1
/Users/lzj/bss/201511/20151110/d7337.0312.fits  0312       10858  strumu    6.00   1
/Users/lzj/bss/201511/20151110/d7337.0313.fits  0313       10858  strumu   60.00   1
/Users/lzj/bss/201511/20151110/d7337.0314.fits  0314       10495  strumu    6.00   1
/Users/lzj/bss/201511/20151110/d7337.0315.fits  0315       10495  strumu   60.00   1
/Users/lzj/bss/201511/20151110/d7337.0316.fits  0316       10859  strumu    6.00   1
/Users/lzj/bss/201511/20151110/d7337.0317.fits  0317       10859  strumu   60.00   1
/Users/lzj/bss/201511/20151110/d7337.0319.fits  0319       10496  strumu    6.00   1
/Users/lzj/bss/201511/20151110/d7337.0320.fits  0320       10496  strumu   60.00   1
/Users/lzj/bss/201511/20151110/d7337.0321.fits  0321       10860  strumu    6.00   1
/Users/lzj/bss/201511/20151110/d7337.0322.fits  0322       10860  strumu   60.00   1
/Users/lzj/bss/201511/20151110/d7337.0323.fits  0323       10497  strumu    6.00   1
/Users/lzj/bss/201511/20151110/d7337.0324.fits  0324       10497  strumu   60.00   1
/Users/lzj/bss/201511/20151110/d7337.0325.fits  0325       10861  strumu    6.00   1
/Users/lzj/bss/201511/20151110/d7337.0326.fits  0326       10861  strumu   60.00   1
/Users/lzj/bss/201511/20151110/d7337.0327.fits  0327       10498  strumu    6.00   1
/Users/lzj/bss/201511/20151110/d7337.0328.fits  0328       10498  strumu   60.00   1
/Users/lzj/bss/201511/20151110/d7337.0329.fits  0329       10862  strumu    6.00   1
/Users/lzj/bss/201511/20151110/d7337.0330.fits  0330       10862  strumu   60.00   1
/Users/lzj/bss/201511/20151110/d7337.0331.fits  0331       10499  strumu    6.00   1
/Users/lzj/bss/201511/20151110/d7337.0332.fits  0332       10499  strumu   60.00   1
/Users/lzj/bss/201511/20151110/d7337.0333.fits  0333       10863  strumu    6.00   1
/Users/lzj/bss/201511/20151110/d7337.0334.fits  0334       10863  strumu   60.00   1
/Users/lzj/bss/201511/20151110/d7337.0335.fits  0335       10500  strumu    6.00   1
/Users/lzj/bss/201511/20151110/d7337.0336.fits  0336       10500  strumu   60.00   1
/Users/lzj/bss/201511/20151110/d7337.0337.fits  0337       10864  strumu    6.00   1
/Users/lzj/bss/201511/20151110/d7337.0338.fits  0338       10864  strumu   60.00   1
/Users/lzj/bss/201511/20151110/d7337.0339.fits  0339       10501  strumu    6.00   1
/Users/lzj/bss/201511/20151110/d7337.0340.fits  0340       10501  strumu   60.00   1
/Users/lzj/bss/201511/20151110/d7337.0341.fits  0341       10865  strumu    6.00   1
/Users/lzj/bss/201511/20151110/d7337.0342.fits  0342       10865  strumu   60.00   1
/Users/lzj/bss/201511/20151110/d7337.0343.fits  0343       10502  strumu    6.00   1
/Users/lzj/bss/201511/20151110/d7337.0344.fits  0344       10502  strumu   60.00   1
/Users/lzj/bss/201511/20151110/d7337.0345.fits  0345       10866  strumu    6.00   1
/Users/lzj/bss/201511/20151110/d7337.0346.fits  0346       10866  strumu   60.00   1
/Users/lzj/bss/201511/20151110/d7337.0347.fits  0347       10503  strumu    6.00   1
/Users/lzj/bss/201511/20151110/d7337.0348.fits  0348       10503  strumu   60.00   1
/Users/lzj/bss/201511/20151110/d7337.0349.fits  0349       10867  strumu    6.00   1
/Users/lzj/bss/201511/20151110/d7337.0350.fits  0350       10867  strumu   60.00   1
/Users/lzj/bss/201511/20151110/d7337.0351.fits  0351       10504  strumu    6.00   1
/Users/lzj/bss/201511/20151110/d7337.0352.fits  0352       10504  strumu   60.00   1
/Users/lzj/bss/201511/20151110/d7337.0353.fits  0353       10868  strumu    6.00   1
/Users/lzj/bss/201511/20151110/d7337.0354.fits  0354       10868  strumu   60.00   1
/Users/lzj/bss/201511/20151110/d7337.0355.fits  0355       10505  strumu    6.00   1
/Users/lzj/bss/201511/20151110/d7337.0356.fits  0356       10505  strumu   60.00   1
/Users/lzj/bss/201511/20151110/d7337.0357.fits  0357       10869  strumu    6.00   1
/Users/lzj/bss/201511/20151110/d7337.0358.fits  0358       10869  strumu   60.00   1
/Users/lzj/bss/201511/20151110/d7337.0359.fits  0359       10506  strumu    6.00   1
/Users/lzj/bss/201511/20151110/d7337.0360.fits  0360       10506  strumu   60.00   1
/Users/lzj/bss/201511/20151110/d7337.0361.fits  0361       10870  strumu    6.00   1
/Users/lzj/bss/201511/20151110/d7337.0362.fits  0362       10870  strumu   60.00   1
/Users/lzj/bss/201511/20151110/d7337.0363.fits  0363       10507  strumu    6.00   1
/Users/lzj/bss/201511/20151110/d7337.0364.fits  0364       10507  strumu   60.00   1
/Users/lzj/bss/201511/20151110/d7337.0365.fits  0365       10871  strumu    6.00   1
/Users/lzj/bss/201511/20151110/d7337.0366.fits  0366       10871  strumu   60.00   1
/Users/lzj/bss/201511/20151110/d7337.0367.fits  0367       10508  strumu    6.00   1
/Users/lzj/bss/201511/20151110/d7337.0368.fits  0368       10508  strumu   60.00   1
/Users/lzj/bss/201511/20151110/d7337.0369.fits  0369       10872  strumu    6.00   1
/Users/lzj/bss/201511/20151110/d7337.0370.fits  0370       10872  strumu   60.00   1
/Users/lzj/bss/201511/20151110/d7337.0371.fits  0371       10509  strumu    6.00   1
/Users/lzj/bss/201511/20151110/d7337.0372.fits  0372       10509  strumu   60.00   1
/Users/lzj/bss/201511/20151110/d7337.0373.fits  0373       10873  strumu    6.00   1
/Users/lzj/bss/201511/20151110/d7337.0374.fits  0374       10873  strumu   60.00   1
/Users/lzj/bss/201511/20151110/d7337.0375.fits  0375       10510  strumu    6.00   1
/Users/lzj/bss/201511/20151110/d7337.0376.fits  0376       10510  strumu   60.00   1
/Users/lzj/bss/201511/20151110/d7337.0377.fits  0377       10874  strumu    6.00   1
/Users/lzj/bss/201511/20151110/d7337.0378.fits  0378       10874  strumu   60.00   1
/Users/lzj/bss/201511/20151110/d7337.0379.fits  0379       10511  strumu    6.00   1
/Users/lzj/bss/201511/20151110/d7337.0380.fits  0380       10511  strumu   60.00   1
/Users/lzj/bss/201511/20151110/d7337.0381.fits  0381       10875  strumu    6.00   1
/Users/lzj/bss/201511/20151110/d7337.0382.fits  0382       10875  strumu   60.00   1
/Users/lzj/bss/201511/20151110/d7337.0383.fits  0383       10512  strumu    6.00   1
/Users/lzj/bss/201511/20151110/d7337.0384.fits  0384       10512  strumu   60.00   1
/Users/lzj/bss/201511/20151110/d7337.0385.fits  0385       10876  strumu    6.00   1
/Users/lzj/bss/201511/20151110/d7337.0386.fits  0386       10876  strumu   60.00   1
/Users/lzj/bss/201511/20151110/d7337.0387.fits  0387       10513  strumu    6.00   1
/Users/lzj/bss/201511/20151110/d7337.0388.fits  0388       10513  strumu   60.00   1
/Users/lzj/bss/201511/20151110/d7337.0389.fits  0389       10877  strumu    6.00   1
/Users/lzj/bss/201511/20151110/d7337.0390.fits  0390       10877  strumu   60.00   1
/Users/lzj/bss/201511/20151110/d7337.0391.fits  0391       10514  strumu    6.00   1
/Users/lzj/bss/201511/20151110/d7337.0392.fits  0392       10514  strumu   60.00   1
/Users/lzj/bss/201511/20151110/d7337.0393.fits  0393       10878  strumu    6.00   1
/Users/lzj/bss/201511/20151110/d7337.0394.fits  0394       10878  strumu   60.00   1
/Users/lzj/bss/201511/20151110/d7337.0395.fits  0395       10515  strumu    6.00   1
/Users/lzj/bss/201511/20151110/d7337.0396.fits  0396       10515  strumu   60.00   1
/Users/lzj/bss/201511/20151110/d7337.0397.fits  0397       10879  strumu    6.00   1
/Users/lzj/bss/201511/20151110/d7337.0398.fits  0398       10879  strumu   60.00   1
/Users/lzj/bss/201511/20151110/d7337.0399.fits  0399       10516  strumu    6.00   1
/Users/lzj/bss/201511/20151110/d7337.0400.fits  0400       10516  strumu   60.00   1
/Users/lzj/bss/201511/20151110/d7337.0401.fits  0401       10880  strumu    6.00   1
/Users/lzj/bss/201511/20151110/d7337.0402.fits  0402       10880  strumu   60.00   1
/Users/lzj/bss/201511/20151110/d7337.0403.fits  0403       10517  strumu    6.00   1
/Users/lzj/bss/201511/20151110/d7337.0404.fits  0404       10517  strumu   60.00   1
