/Users/lzj/bss/201511/20151107/d7334.0014.fits  0014       10721  strumu    6.00   1
/Users/lzj/bss/201511/20151107/d7334.0015.fits  0015       10721  strumu   60.00   1
/Users/lzj/bss/201511/20151107/d7334.0016.fits  0016       10722  strumu    6.00   1
/Users/lzj/bss/201511/20151107/d7334.0017.fits  0017       10722  strumu   60.00   1
/Users/lzj/bss/201511/20151107/d7334.0018.fits  0018       10723  strumu    6.00   1
/Users/lzj/bss/201511/20151107/d7334.0019.fits  0019       10723  strumu   60.00   1
/Users/lzj/bss/201511/20151107/d7334.0020.fits  0020       10724  strumu    6.00   1
/Users/lzj/bss/201511/20151107/d7334.0021.fits  0021       10724  strumu   60.00   1
/Users/lzj/bss/201511/20151107/d7334.0022.fits  0022       10725  strumu    6.00   1
/Users/lzj/bss/201511/20151107/d7334.0023.fits  0023       10725  strumu   60.00   1
/Users/lzj/bss/201511/20151107/d7334.0024.fits  0024       10726  strumu    6.00   1
/Users/lzj/bss/201511/20151107/d7334.0025.fits  0025       10726  strumu   60.00   1
/Users/lzj/bss/201511/20151107/d7334.0026.fits  0026       10727  strumu    6.00   1
/Users/lzj/bss/201511/20151107/d7334.0027.fits  0027       10727  strumu   60.00   1
/Users/lzj/bss/201511/20151107/d7334.0028.fits  0028       10728  strumu    6.00   1
/Users/lzj/bss/201511/20151107/d7334.0029.fits  0029       10728  strumu   60.00   1
/Users/lzj/bss/201511/20151107/d7334.0030.fits  0030       10729  strumu    6.00   1
/Users/lzj/bss/201511/20151107/d7334.0031.fits  0031       10729  strumu   60.00   1
/Users/lzj/bss/201511/20151107/d7334.0032.fits  0032       10730  strumu    6.00   1
/Users/lzj/bss/201511/20151107/d7334.0033.fits  0033       10730  strumu   60.00   1
/Users/lzj/bss/201511/20151107/d7334.0034.fits  0034       10731  strumu    6.00   1
/Users/lzj/bss/201511/20151107/d7334.0035.fits  0035       10731  strumu   60.00   1
/Users/lzj/bss/201511/20151107/d7334.0036.fits  0036       10732  strumu    6.00   1
/Users/lzj/bss/201511/20151107/d7334.0037.fits  0037       10732  strumu   60.00   1
/Users/lzj/bss/201511/20151107/d7334.0038.fits  0038       10733  strumu    6.00   1
/Users/lzj/bss/201511/20151107/d7334.0039.fits  0039       10733  strumu   60.00   1
/Users/lzj/bss/201511/20151107/d7334.0040.fits  0040       10734  strumu    6.00   1
/Users/lzj/bss/201511/20151107/d7334.0041.fits  0041       10734  strumu   60.00   1
/Users/lzj/bss/201511/20151107/d7334.0042.fits  0042       10735  strumu    6.00   1
/Users/lzj/bss/201511/20151107/d7334.0043.fits  0043       10735  strumu   60.00   1
/Users/lzj/bss/201511/20151107/d7334.0044.fits  0044       10736  strumu    6.00   1
/Users/lzj/bss/201511/20151107/d7334.0045.fits  0045       10736  strumu   60.00   1
/Users/lzj/bss/201511/20151107/d7334.0046.fits  0046       10737  strumu    6.00   1
/Users/lzj/bss/201511/20151107/d7334.0047.fits  0047       10737  strumu   60.00   1
/Users/lzj/bss/201511/20151107/d7334.0048.fits  0048       10738  strumu    6.00   1
/Users/lzj/bss/201511/20151107/d7334.0049.fits  0049       10738  strumu   60.00   1
/Users/lzj/bss/201511/20151107/d7334.0050.fits  0050       10739  strumu    6.00   1
/Users/lzj/bss/201511/20151107/d7334.0051.fits  0051       10739  strumu   60.00   1
/Users/lzj/bss/201511/20151107/d7334.0052.fits  0052       10740  strumu    6.00   1
/Users/lzj/bss/201511/20151107/d7334.0053.fits  0053       10740  strumu   60.00   1
/Users/lzj/bss/201511/20151107/d7334.0054.fits  0054       10741  strumu    6.00   1
/Users/lzj/bss/201511/20151107/d7334.0055.fits  0055       10741  strumu   60.00   1
/Users/lzj/bss/201511/20151107/d7334.0056.fits  0056       10742  strumu    6.00   1
/Users/lzj/bss/201511/20151107/d7334.0057.fits  0057       10742  strumu   60.00   1
/Users/lzj/bss/201511/20151107/d7334.0058.fits  0058       10743  strumu    6.00   1
/Users/lzj/bss/201511/20151107/d7334.0059.fits  0059       10743  strumu   60.00   1
/Users/lzj/bss/201511/20151107/d7334.0060.fits  0060       10744  strumu    6.00   1
/Users/lzj/bss/201511/20151107/d7334.0061.fits  0061       10744  strumu   60.00   1
/Users/lzj/bss/201511/20151107/d7334.0062.fits  0062       10745  strumu    6.00   1
/Users/lzj/bss/201511/20151107/d7334.0063.fits  0063       10745  strumu   60.00   1
/Users/lzj/bss/201511/20151107/d7334.0064.fits  0064       10746  strumu    6.00   1
/Users/lzj/bss/201511/20151107/d7334.0065.fits  0065       10746  strumu   60.00   1
/Users/lzj/bss/201511/20151107/d7334.0066.fits  0066       10747  strumu    6.00   1
/Users/lzj/bss/201511/20151107/d7334.0067.fits  0067       10747  strumu   60.00   1
/Users/lzj/bss/201511/20151107/d7334.0068.fits  0068       10748  strumu    6.00   1
/Users/lzj/bss/201511/20151107/d7334.0069.fits  0069       10748  strumu   60.00   1
/Users/lzj/bss/201511/20151107/d7334.0070.fits  0070       10749  strumu    6.00   1
/Users/lzj/bss/201511/20151107/d7334.0071.fits  0071       10749  strumu   60.00   1
/Users/lzj/bss/201511/20151107/d7334.0072.fits  0072       10750  strumu    6.00   1
/Users/lzj/bss/201511/20151107/d7334.0073.fits  0073       10750  strumu   60.00   1
/Users/lzj/bss/201511/20151107/d7334.0074.fits  0074       10751  strumu    6.00   1
/Users/lzj/bss/201511/20151107/d7334.0075.fits  0075       10751  strumu   60.00   1
/Users/lzj/bss/201511/20151107/d7334.0076.fits  0076       10752  strumu    6.00   1
/Users/lzj/bss/201511/20151107/d7334.0077.fits  0077       10752  strumu   60.00   1
/Users/lzj/bss/201511/20151107/d7334.0078.fits  0078       10753  strumu    6.00   1
/Users/lzj/bss/201511/20151107/d7334.0079.fits  0079       10753  strumu   60.00   1
/Users/lzj/bss/201511/20151107/d7334.0080.fits  0080       10754  strumu    6.00   1
/Users/lzj/bss/201511/20151107/d7334.0081.fits  0081       10754  strumu   60.00   1
/Users/lzj/bss/201511/20151107/d7334.0082.fits  0082       10755  strumu    6.00   1
/Users/lzj/bss/201511/20151107/d7334.0083.fits  0083       10755  strumu   60.00   1
/Users/lzj/bss/201511/20151107/d7334.0084.fits  0084       10763  strumu    6.00   1
/Users/lzj/bss/201511/20151107/d7334.0085.fits  0085       10763  strumu   60.00   1
/Users/lzj/bss/201511/20151107/d7334.0086.fits  0086       10764  strumu    6.00   1
/Users/lzj/bss/201511/20151107/d7334.0087.fits  0087       10764  strumu   60.00   1
/Users/lzj/bss/201511/20151107/d7334.0088.fits  0088       10765  strumu    6.00   1
/Users/lzj/bss/201511/20151107/d7334.0089.fits  0089       10765  strumu   60.00   1
/Users/lzj/bss/201511/20151107/d7334.0090.fits  0090       10766  strumu    6.00   1
/Users/lzj/bss/201511/20151107/d7334.0091.fits  0091       10766  strumu   60.00   1
/Users/lzj/bss/201511/20151107/d7334.0092.fits  0092       10403  strumu    6.00   1
/Users/lzj/bss/201511/20151107/d7334.0093.fits  0093       10403  strumu   60.00   1
/Users/lzj/bss/201511/20151107/d7334.0094.fits  0094       10767  strumu    6.00   1
/Users/lzj/bss/201511/20151107/d7334.0095.fits  0095       10767  strumu   60.00   1
/Users/lzj/bss/201511/20151107/d7334.0096.fits  0096       10404  strumu    6.00   1
/Users/lzj/bss/201511/20151107/d7334.0097.fits  0097       10404  strumu   60.00   1
/Users/lzj/bss/201511/20151107/d7334.0098.fits  0098       10768  strumu    6.00   1
/Users/lzj/bss/201511/20151107/d7334.0099.fits  0099       10768  strumu   60.00   1
/Users/lzj/bss/201511/20151107/d7334.0100.fits  0100       10405  strumu    6.00   1
/Users/lzj/bss/201511/20151107/d7334.0101.fits  0101       10405  strumu   60.00   1
/Users/lzj/bss/201511/20151107/d7334.0102.fits  0102       10769  strumu    6.00   1
/Users/lzj/bss/201511/20151107/d7334.0103.fits  0103       10769  strumu   60.00   1
/Users/lzj/bss/201511/20151107/d7334.0104.fits  0104       10406  strumu    6.00   1
/Users/lzj/bss/201511/20151107/d7334.0105.fits  0105       10406  strumu   60.00   1
/Users/lzj/bss/201511/20151107/d7334.0106.fits  0106       10407  strumu    6.00   1
/Users/lzj/bss/201511/20151107/d7334.0107.fits  0107       10407  strumu   60.00   1
/Users/lzj/bss/201511/20151107/d7334.0108.fits  0108       10408  strumu    6.00   1
/Users/lzj/bss/201511/20151107/d7334.0109.fits  0109       10408  strumu   60.00   1
/Users/lzj/bss/201511/20151107/d7334.0110.fits  0110       10409  strumu    6.00   1
/Users/lzj/bss/201511/20151107/d7334.0111.fits  0111       10409  strumu   60.00   1
/Users/lzj/bss/201511/20151107/d7334.0112.fits  0112       10410  strumu    6.00   1
/Users/lzj/bss/201511/20151107/d7334.0113.fits  0113       10410  strumu   60.00   1
/Users/lzj/bss/201511/20151107/d7334.0114.fits  0114       10411  strumu    6.00   1
/Users/lzj/bss/201511/20151107/d7334.0115.fits  0115       10411  strumu   60.00   1
/Users/lzj/bss/201511/20151107/d7334.0116.fits  0116       10412  strumu    6.00   1
/Users/lzj/bss/201511/20151107/d7334.0117.fits  0117       10412  strumu   60.00   1
/Users/lzj/bss/201511/20151107/d7334.0118.fits  0118       10413  strumu    6.00   1
/Users/lzj/bss/201511/20151107/d7334.0119.fits  0119       10413  strumu   60.00   1
/Users/lzj/bss/201511/20151107/d7334.0120.fits  0120       10414  strumu    6.00   1
/Users/lzj/bss/201511/20151107/d7334.0121.fits  0121       10414  strumu   60.00   1
/Users/lzj/bss/201511/20151107/d7334.0122.fits  0122       10415  strumu    6.00   1
/Users/lzj/bss/201511/20151107/d7334.0123.fits  0123       10415  strumu   60.00   1
/Users/lzj/bss/201511/20151107/d7334.0126.fits  0126       10416  strumu    6.00   1
/Users/lzj/bss/201511/20151107/d7334.0127.fits  0127       10416  strumu   60.00   1
/Users/lzj/bss/201511/20151107/d7334.0128.fits  0128       10417  strumu    6.00   1
/Users/lzj/bss/201511/20151107/d7334.0129.fits  0129       10417  strumu   60.00   1
/Users/lzj/bss/201511/20151107/d7334.0130.fits  0130       10418  strumu    6.00   1
/Users/lzj/bss/201511/20151107/d7334.0131.fits  0131       10418  strumu   60.00   1
/Users/lzj/bss/201511/20151107/d7334.0132.fits  0132       10419  strumu    6.00   1
/Users/lzj/bss/201511/20151107/d7334.0133.fits  0133       10419  strumu   60.00   1
/Users/lzj/bss/201511/20151107/d7334.0134.fits  0134       10420  strumu    6.00   1
/Users/lzj/bss/201511/20151107/d7334.0135.fits  0135       10420  strumu   60.00   1
/Users/lzj/bss/201511/20151107/d7334.0136.fits  0136       10421  strumu    6.00   1
/Users/lzj/bss/201511/20151107/d7334.0137.fits  0137       10421  strumu   60.00   1
/Users/lzj/bss/201511/20151107/d7334.0138.fits  0138       10422  strumu    6.00   1
/Users/lzj/bss/201511/20151107/d7334.0139.fits  0139       10422  strumu   60.00   1
/Users/lzj/bss/201511/20151107/d7334.0140.fits  0140       10423  strumu    6.00   1
/Users/lzj/bss/201511/20151107/d7334.0141.fits  0141       10423  strumu   60.00   1
/Users/lzj/bss/201511/20151107/d7334.0142.fits  0142       10424  strumu    6.00   1
/Users/lzj/bss/201511/20151107/d7334.0143.fits  0143       10424  strumu   60.00   1
/Users/lzj/bss/201511/20151107/d7334.0144.fits  0144       10425  strumu    6.00   1
/Users/lzj/bss/201511/20151107/d7334.0145.fits  0145       10425  strumu   60.00   1
/Users/lzj/bss/201511/20151107/d7334.0146.fits  0146       10426  strumu    6.00   1
/Users/lzj/bss/201511/20151107/d7334.0147.fits  0147       10426  strumu   60.00   1
/Users/lzj/bss/201511/20151107/d7334.0148.fits  0148       10427  strumu    6.00   1
/Users/lzj/bss/201511/20151107/d7334.0149.fits  0149       10427  strumu   60.00   1
/Users/lzj/bss/201511/20151107/d7334.0150.fits  0150       10428  strumu    6.00   1
/Users/lzj/bss/201511/20151107/d7334.0151.fits  0151       10428  strumu   60.00   1
/Users/lzj/bss/201511/20151107/d7334.0152.fits  0152       10429  strumu    6.00   1
/Users/lzj/bss/201511/20151107/d7334.0153.fits  0153       10429  strumu   60.00   1
/Users/lzj/bss/201511/20151107/d7334.0154.fits  0154       10430  strumu    6.00   1
/Users/lzj/bss/201511/20151107/d7334.0155.fits  0155       10430  strumu   60.00   1
/Users/lzj/bss/201511/20151107/d7334.0156.fits  0156       10431  strumu    6.00   1
/Users/lzj/bss/201511/20151107/d7334.0157.fits  0157       10431  strumu   60.00   1
/Users/lzj/bss/201511/20151107/d7334.0158.fits  0158       10432  strumu    6.00   1
/Users/lzj/bss/201511/20151107/d7334.0159.fits  0159       10432  strumu   60.00   1
/Users/lzj/bss/201511/20151107/d7334.0160.fits  0160       10433  strumu    6.00   1
/Users/lzj/bss/201511/20151107/d7334.0161.fits  0161       10433  strumu   60.00   1
/Users/lzj/bss/201511/20151107/d7334.0162.fits  0162       10434  strumu    6.00   1
/Users/lzj/bss/201511/20151107/d7334.0163.fits  0163       10434  strumu   60.00   1
/Users/lzj/bss/201511/20151107/d7334.0164.fits  0164       10435  strumu    6.00   1
/Users/lzj/bss/201511/20151107/d7334.0165.fits  0165       10435  strumu   60.00   1
/Users/lzj/bss/201511/20151107/d7334.0166.fits  0166       10436  strumu    6.00   1
/Users/lzj/bss/201511/20151107/d7334.0167.fits  0167       10436  strumu   60.00   1
/Users/lzj/bss/201511/20151107/d7334.0168.fits  0168       10437  strumu    6.00   1
/Users/lzj/bss/201511/20151107/d7334.0169.fits  0169       10437  strumu   60.00   1
/Users/lzj/bss/201511/20151107/d7334.0170.fits  0170       10438  strumu    6.00   1
/Users/lzj/bss/201511/20151107/d7334.0171.fits  0171       10438  strumu   60.00   1
/Users/lzj/bss/201511/20151107/d7334.0172.fits  0172       10439  strumu    6.00   1
/Users/lzj/bss/201511/20151107/d7334.0173.fits  0173       10439  strumu   60.00   1
/Users/lzj/bss/201511/20151107/d7334.0174.fits  0174       10440  strumu    6.00   1
/Users/lzj/bss/201511/20151107/d7334.0175.fits  0175       10440  strumu   60.00   1
/Users/lzj/bss/201511/20151107/d7334.0176.fits  0176       10441  strumu    6.00   1
/Users/lzj/bss/201511/20151107/d7334.0177.fits  0177       10441  strumu   60.00   1
/Users/lzj/bss/201511/20151107/d7334.0178.fits  0178       10442  strumu    6.00   1
/Users/lzj/bss/201511/20151107/d7334.0179.fits  0179       10442  strumu   60.00   1
/Users/lzj/bss/201511/20151107/d7334.0180.fits  0180       10443  strumu    6.00   1
/Users/lzj/bss/201511/20151107/d7334.0181.fits  0181       10443  strumu   60.00   1
/Users/lzj/bss/201511/20151107/d7334.0182.fits  0182       10444  strumu    6.00   1
/Users/lzj/bss/201511/20151107/d7334.0183.fits  0183       10444  strumu   60.00   1
/Users/lzj/bss/201511/20151107/d7334.0184.fits  0184       10445  strumu    6.00   1
/Users/lzj/bss/201511/20151107/d7334.0185.fits  0185       10445  strumu   60.00   1
/Users/lzj/bss/201511/20151107/d7334.0186.fits  0186       10446  strumu    6.00   1
/Users/lzj/bss/201511/20151107/d7334.0187.fits  0187       10446  strumu   60.00   1
/Users/lzj/bss/201511/20151107/d7334.0188.fits  0188       10447  strumu    6.00   1
/Users/lzj/bss/201511/20151107/d7334.0189.fits  0189       10447  strumu   60.00   1
/Users/lzj/bss/201511/20151107/d7334.0190.fits  0190       10448  strumu    6.00   1
/Users/lzj/bss/201511/20151107/d7334.0191.fits  0191       10448  strumu   60.00   1
/Users/lzj/bss/201511/20151107/d7334.0192.fits  0192       10812  strumu    6.00   1
/Users/lzj/bss/201511/20151107/d7334.0193.fits  0193       10812  strumu   60.00   1
/Users/lzj/bss/201511/20151107/d7334.0194.fits  0194       10449  strumu    6.00   1
/Users/lzj/bss/201511/20151107/d7334.0195.fits  0195       10449  strumu   60.00   1
/Users/lzj/bss/201511/20151107/d7334.0196.fits  0196       10813  strumu    6.00   1
/Users/lzj/bss/201511/20151107/d7334.0197.fits  0197       10813  strumu   60.00   1
/Users/lzj/bss/201511/20151107/d7334.0198.fits  0198       10450  strumu    6.00   1
/Users/lzj/bss/201511/20151107/d7334.0199.fits  0199       10450  strumu   60.00   1
/Users/lzj/bss/201511/20151107/d7334.0200.fits  0200       10814  strumu    6.00   1
/Users/lzj/bss/201511/20151107/d7334.0201.fits  0201       10814  strumu   60.00   1
/Users/lzj/bss/201511/20151107/d7334.0202.fits  0202       10451  strumu    6.00   1
/Users/lzj/bss/201511/20151107/d7334.0203.fits  0203       10451  strumu   60.00   1
/Users/lzj/bss/201511/20151107/d7334.0204.fits  0204       10815  strumu    6.00   1
/Users/lzj/bss/201511/20151107/d7334.0205.fits  0205       10815  strumu   60.00   1
/Users/lzj/bss/201511/20151107/d7334.0206.fits  0206       10452  strumu    6.00   1
/Users/lzj/bss/201511/20151107/d7334.0207.fits  0207       10452  strumu   60.00   1
/Users/lzj/bss/201511/20151107/d7334.0208.fits  0208       10816  strumu    6.00   1
/Users/lzj/bss/201511/20151107/d7334.0209.fits  0209       10816  strumu   60.00   1
/Users/lzj/bss/201511/20151107/d7334.0210.fits  0210       10453  strumu    6.00   1
/Users/lzj/bss/201511/20151107/d7334.0211.fits  0211       10453  strumu   60.00   1
/Users/lzj/bss/201511/20151107/d7334.0212.fits  0212       10817  strumu    6.00   1
/Users/lzj/bss/201511/20151107/d7334.0213.fits  0213       10817  strumu   60.00   1
/Users/lzj/bss/201511/20151107/d7334.0214.fits  0214       10454  strumu    6.00   1
/Users/lzj/bss/201511/20151107/d7334.0215.fits  0215       10454  strumu   60.00   1
/Users/lzj/bss/201511/20151107/d7334.0216.fits  0216       10818  strumu    6.00   1
/Users/lzj/bss/201511/20151107/d7334.0217.fits  0217       10818  strumu   60.00   1
/Users/lzj/bss/201511/20151107/d7334.0218.fits  0218       10455  strumu    6.00   1
/Users/lzj/bss/201511/20151107/d7334.0219.fits  0219       10455  strumu   60.00   1
/Users/lzj/bss/201511/20151107/d7334.0220.fits  0220       10819  strumu    6.00   1
/Users/lzj/bss/201511/20151107/d7334.0221.fits  0221       10819  strumu   60.00   1
/Users/lzj/bss/201511/20151107/d7334.0222.fits  0222       10456  strumu    6.00   1
/Users/lzj/bss/201511/20151107/d7334.0223.fits  0223       10456  strumu   60.00   1
/Users/lzj/bss/201511/20151107/d7334.0224.fits  0224       10820  strumu    6.00   1
/Users/lzj/bss/201511/20151107/d7334.0225.fits  0225       10820  strumu   60.00   1
/Users/lzj/bss/201511/20151107/d7334.0226.fits  0226       10457  strumu    6.00   1
/Users/lzj/bss/201511/20151107/d7334.0227.fits  0227       10457  strumu   60.00   1
/Users/lzj/bss/201511/20151107/d7334.0228.fits  0228       10821  strumu    6.00   1
/Users/lzj/bss/201511/20151107/d7334.0229.fits  0229       10821  strumu   60.00   1
/Users/lzj/bss/201511/20151107/d7334.0230.fits  0230       10458  strumu    6.00   1
/Users/lzj/bss/201511/20151107/d7334.0231.fits  0231       10458  strumu   60.00   1
/Users/lzj/bss/201511/20151107/d7334.0232.fits  0232       10822  strumu    6.00   1
/Users/lzj/bss/201511/20151107/d7334.0233.fits  0233       10822  strumu   60.00   1
/Users/lzj/bss/201511/20151107/d7334.0234.fits  0234       10459  strumu    6.00   1
/Users/lzj/bss/201511/20151107/d7334.0235.fits  0235       10459  strumu   60.00   1
/Users/lzj/bss/201511/20151107/d7334.0237.fits  0237       10823  strumu    6.00   1
/Users/lzj/bss/201511/20151107/d7334.0238.fits  0238       10823  strumu   60.00   1
/Users/lzj/bss/201511/20151107/d7334.0239.fits  0239       10460  strumu    6.00   1
/Users/lzj/bss/201511/20151107/d7334.0240.fits  0240       10460  strumu   60.00   1
/Users/lzj/bss/201511/20151107/d7334.0241.fits  0241       10824  strumu    6.00   1
/Users/lzj/bss/201511/20151107/d7334.0242.fits  0242       10824  strumu   60.00   1
/Users/lzj/bss/201511/20151107/d7334.0243.fits  0243       10461  strumu    6.00   1
/Users/lzj/bss/201511/20151107/d7334.0244.fits  0244       10461  strumu   60.00   1
/Users/lzj/bss/201511/20151107/d7334.0245.fits  0245       10825  strumu    6.00   1
/Users/lzj/bss/201511/20151107/d7334.0246.fits  0246   depthtes3  strumu    2.00   1
/Users/lzj/bss/201511/20151107/d7334.0247.fits  0247   depthtes3  strumu    4.00   1
/Users/lzj/bss/201511/20151107/d7334.0248.fits  0248   depthtes3  strumu    6.00   1
/Users/lzj/bss/201511/20151107/d7334.0249.fits  0249   depthtes3  strumu   10.00   1
/Users/lzj/bss/201511/20151107/d7334.0250.fits  0250   depthtes3  strumu   15.00   1
/Users/lzj/bss/201511/20151107/d7334.0251.fits  0251   depthtes3  strumu   20.00   1
/Users/lzj/bss/201511/20151107/d7334.0252.fits  0252   depthtes3  strumu   30.00   1
/Users/lzj/bss/201511/20151107/d7334.0253.fits  0253   depthtes3  strumu   45.00   1
/Users/lzj/bss/201511/20151107/d7334.0254.fits  0254   depthtes3  strumu   60.00   1
/Users/lzj/bss/201511/20151107/d7334.0255.fits  0255   depthtes3  strumu    2.00   1
/Users/lzj/bss/201511/20151107/d7334.0256.fits  0256   depthtes3  strumu    4.00   1
/Users/lzj/bss/201511/20151107/d7334.0257.fits  0257   depthtes3  strumu    6.00   1
/Users/lzj/bss/201511/20151107/d7334.0258.fits  0258   depthtes3  strumu   10.00   1
/Users/lzj/bss/201511/20151107/d7334.0259.fits  0259   depthtes3  strumu   15.00   1
/Users/lzj/bss/201511/20151107/d7334.0260.fits  0260   depthtes3  strumu   20.00   1
/Users/lzj/bss/201511/20151107/d7334.0261.fits  0261   depthtes3  strumu   30.00   1
/Users/lzj/bss/201511/20151107/d7334.0262.fits  0262   depthtes3  strumu   45.00   1
/Users/lzj/bss/201511/20151107/d7334.0263.fits  0263   depthtes3  strumu   60.00   1
/Users/lzj/bss/201511/20151107/d7334.0264.fits  0264       10825  strumu   60.00   1
/Users/lzj/bss/201511/20151107/d7334.0265.fits  0265       10462  strumu    6.00   1
/Users/lzj/bss/201511/20151107/d7334.0266.fits  0266       10462  strumu   60.00   1
/Users/lzj/bss/201511/20151107/d7334.0267.fits  0267       10463  strumu    6.00   1
/Users/lzj/bss/201511/20151107/d7334.0268.fits  0268       10463  strumu   60.00   1
/Users/lzj/bss/201511/20151107/d7334.0269.fits  0269       10464  strumu    6.00   1
/Users/lzj/bss/201511/20151107/d7334.0270.fits  0270       10464  strumu   60.00   1
/Users/lzj/bss/201511/20151107/d7334.0271.fits  0271       10465  strumu    6.00   1
/Users/lzj/bss/201511/20151107/d7334.0272.fits  0272       10465  strumu   60.00   1
/Users/lzj/bss/201511/20151107/d7334.0273.fits  0273       10466  strumu    6.00   1
/Users/lzj/bss/201511/20151107/d7334.0274.fits  0274       10466  strumu   60.00   1
/Users/lzj/bss/201511/20151107/d7334.0275.fits  0275       10467  strumu    6.00   1
/Users/lzj/bss/201511/20151107/d7334.0276.fits  0276       10467  strumu   60.00   1
/Users/lzj/bss/201511/20151107/d7334.0277.fits  0277       10468  strumu    6.00   1
/Users/lzj/bss/201511/20151107/d7334.0278.fits  0278       10468  strumu   60.00   1
/Users/lzj/bss/201511/20151107/d7334.0279.fits  0279       10469  strumu    6.00   1
/Users/lzj/bss/201511/20151107/d7334.0280.fits  0280       10469  strumu   60.00   1
/Users/lzj/bss/201511/20151107/d7334.0281.fits  0281       10470  strumu    6.00   1
/Users/lzj/bss/201511/20151107/d7334.0282.fits  0282       10470  strumu   60.00   1
/Users/lzj/bss/201511/20151107/d7334.0283.fits  0283       10471  strumu    6.00   1
/Users/lzj/bss/201511/20151107/d7334.0284.fits  0284       10471  strumu   60.00   1
/Users/lzj/bss/201511/20151107/d7334.0285.fits  0285       10472  strumu    6.00   1
/Users/lzj/bss/201511/20151107/d7334.0286.fits  0286       10472  strumu   60.00   1
/Users/lzj/bss/201511/20151107/d7334.0287.fits  0287       10473  strumu    6.00   1
/Users/lzj/bss/201511/20151107/d7334.0288.fits  0288       10473  strumu   60.00   1
/Users/lzj/bss/201511/20151107/d7334.0289.fits  0289       10474  strumu    6.00   1
/Users/lzj/bss/201511/20151107/d7334.0290.fits  0290       10474  strumu   60.00   1
/Users/lzj/bss/201511/20151107/d7334.0291.fits  0291       10475  strumu    6.00   1
/Users/lzj/bss/201511/20151107/d7334.0292.fits  0292       10475  strumu   60.00   1
/Users/lzj/bss/201511/20151107/d7334.0293.fits  0293       10476  strumu    6.00   1
/Users/lzj/bss/201511/20151107/d7334.0294.fits  0294       10476  strumu   60.00   1
/Users/lzj/bss/201511/20151107/d7334.0295.fits  0295       10477  strumu    6.00   1
/Users/lzj/bss/201511/20151107/d7334.0296.fits  0296       10477  strumu   60.00   1
/Users/lzj/bss/201511/20151107/d7334.0297.fits  0297       10478  strumu    6.00   1
/Users/lzj/bss/201511/20151107/d7334.0298.fits  0298       10478  strumu   60.00   1
/Users/lzj/bss/201511/20151107/d7334.0299.fits  0299       10479  strumu    6.00   1
/Users/lzj/bss/201511/20151107/d7334.0300.fits  0300       10479  strumu   60.00   1
/Users/lzj/bss/201511/20151107/d7334.0301.fits  0301       10480  strumu    6.00   1
/Users/lzj/bss/201511/20151107/d7334.0302.fits  0302       10480  strumu   60.00   1
/Users/lzj/bss/201511/20151107/d7334.0303.fits  0303       10481  strumu    6.00   1
/Users/lzj/bss/201511/20151107/d7334.0304.fits  0304       10481  strumu   60.00   1
/Users/lzj/bss/201511/20151107/d7334.0305.fits  0305       10482  strumu    6.00   1
/Users/lzj/bss/201511/20151107/d7334.0306.fits  0306       10482  strumu   60.00   1
/Users/lzj/bss/201511/20151107/d7334.0307.fits  0307       10483  strumu    6.00   1
/Users/lzj/bss/201511/20151107/d7334.0308.fits  0308       10483  strumu   60.00   1
/Users/lzj/bss/201511/20151107/d7334.0309.fits  0309       10484  strumu    6.00   1
/Users/lzj/bss/201511/20151107/d7334.0310.fits  0310       10484  strumu   60.00   1
/Users/lzj/bss/201511/20151107/d7334.0311.fits  0311       11571  strumu    6.00   1
/Users/lzj/bss/201511/20151107/d7334.0312.fits  0312       11571  strumu   60.00   1
/Users/lzj/bss/201511/20151107/d7334.0313.fits  0313       11572  strumu    6.00   1
/Users/lzj/bss/201511/20151107/d7334.0314.fits  0314       11572  strumu   60.00   1
/Users/lzj/bss/201511/20151107/d7334.0315.fits  0315       11573  strumu    6.00   1
/Users/lzj/bss/201511/20151107/d7334.0316.fits  0316       11573  strumu   60.00   1
/Users/lzj/bss/201511/20151107/d7334.0317.fits  0317       11574  strumu    6.00   1
/Users/lzj/bss/201511/20151107/d7334.0318.fits  0318       11574  strumu   60.00   1
/Users/lzj/bss/201511/20151107/d7334.0319.fits  0319       11575  strumu    6.00   1
/Users/lzj/bss/201511/20151107/d7334.0320.fits  0320       11575  strumu   60.00   1
/Users/lzj/bss/201511/20151107/d7334.0321.fits  0321       11576  strumu    6.00   1
/Users/lzj/bss/201511/20151107/d7334.0322.fits  0322       11576  strumu   60.00   1
/Users/lzj/bss/201511/20151107/d7334.0323.fits  0323       10854  strumu    6.00   1
/Users/lzj/bss/201511/20151107/d7334.0324.fits  0324       10854  strumu   60.00   1
/Users/lzj/bss/201511/20151107/d7334.0325.fits  0325       11577  strumu    6.00   1
/Users/lzj/bss/201511/20151107/d7334.0326.fits  0326       11577  strumu   60.00   1
/Users/lzj/bss/201511/20151107/d7334.0327.fits  0327       10855  strumu    6.00   1
/Users/lzj/bss/201511/20151107/d7334.0328.fits  0328       10855  strumu   60.00   1
/Users/lzj/bss/201511/20151107/d7334.0329.fits  0329       10492  strumu    6.00   1
/Users/lzj/bss/201511/20151107/d7334.0330.fits  0330       10492  strumu   60.00   1
/Users/lzj/bss/201511/20151107/d7334.0331.fits  0331       10856  strumu    6.00   1
/Users/lzj/bss/201511/20151107/d7334.0332.fits  0332       10856  strumu   60.00   1
/Users/lzj/bss/201511/20151107/d7334.0333.fits  0333       11578  strumu    6.00   1
/Users/lzj/bss/201511/20151107/d7334.0334.fits  0334       11578  strumu   60.00   1
/Users/lzj/bss/201511/20151107/d7334.0335.fits  0335       10493  strumu    6.00   1
/Users/lzj/bss/201511/20151107/d7334.0336.fits  0336       10493  strumu   60.00   1
/Users/lzj/bss/201511/20151107/d7334.0337.fits  0337       10857  strumu    6.00   1
/Users/lzj/bss/201511/20151107/d7334.0338.fits  0338       10857  strumu   60.00   1
/Users/lzj/bss/201511/20151107/d7334.0339.fits  0339       10494  strumu    6.00   1
/Users/lzj/bss/201511/20151107/d7334.0340.fits  0340       10494  strumu   60.00   1
/Users/lzj/bss/201511/20151107/d7334.0341.fits  0341       10858  strumu    6.00   1
/Users/lzj/bss/201511/20151107/d7334.0342.fits  0342       10858  strumu   60.00   1
/Users/lzj/bss/201511/20151107/d7334.0343.fits  0343       10495  strumu    6.00   1
/Users/lzj/bss/201511/20151107/d7334.0344.fits  0344       10495  strumu   60.00   1
/Users/lzj/bss/201511/20151107/d7334.0345.fits  0345       11579  strumu    6.00   1
/Users/lzj/bss/201511/20151107/d7334.0346.fits  0346       11579  strumu   60.00   1
/Users/lzj/bss/201511/20151107/d7334.0347.fits  0347       11580  strumu    6.00   1
/Users/lzj/bss/201511/20151107/d7334.0348.fits  0348       11580  strumu   60.00   1
/Users/lzj/bss/201511/20151107/d7334.0349.fits  0349       10859  strumu    6.00   1
/Users/lzj/bss/201511/20151107/d7334.0350.fits  0350       10859  strumu   60.00   1
/Users/lzj/bss/201511/20151107/d7334.0351.fits  0351       10496  strumu    6.00   1
/Users/lzj/bss/201511/20151107/d7334.0352.fits  0352       10496  strumu   60.00   1
/Users/lzj/bss/201511/20151107/d7334.0353.fits  0353       11581  strumu    6.00   1
/Users/lzj/bss/201511/20151107/d7334.0354.fits  0354       11581  strumu   60.00   1
/Users/lzj/bss/201511/20151107/d7334.0355.fits  0355       10860  strumu    6.00   1
/Users/lzj/bss/201511/20151107/d7334.0356.fits  0356       10860  strumu   60.00   1
/Users/lzj/bss/201511/20151107/d7334.0357.fits  0357       10497  strumu    6.00   1
/Users/lzj/bss/201511/20151107/d7334.0358.fits  0358       10497  strumu   60.00   1
/Users/lzj/bss/201511/20151107/d7334.0359.fits  0359       11582  strumu    6.00   1
/Users/lzj/bss/201511/20151107/d7334.0360.fits  0360       11582  strumu   60.00   1
/Users/lzj/bss/201511/20151107/d7334.0361.fits  0361       10861  strumu    6.00   1
/Users/lzj/bss/201511/20151107/d7334.0362.fits  0362       10861  strumu   60.00   1
/Users/lzj/bss/201511/20151107/d7334.0363.fits  0363       10498  strumu    6.00   1
/Users/lzj/bss/201511/20151107/d7334.0364.fits  0364       10498  strumu   60.00   1
/Users/lzj/bss/201511/20151107/d7334.0366.fits  0366       11583  strumu    6.00   1
/Users/lzj/bss/201511/20151107/d7334.0367.fits  0367       11583  strumu   60.00   1
/Users/lzj/bss/201511/20151107/d7334.0368.fits  0368       10862  strumu    6.00   1
/Users/lzj/bss/201511/20151107/d7334.0369.fits  0369       10862  strumu   60.00   1
/Users/lzj/bss/201511/20151107/d7334.0370.fits  0370       10499  strumu    6.00   1
/Users/lzj/bss/201511/20151107/d7334.0371.fits  0371       10499  strumu   60.00   1
/Users/lzj/bss/201511/20151107/d7334.0372.fits  0372       11584  strumu    6.00   1
/Users/lzj/bss/201511/20151107/d7334.0373.fits  0373       11584  strumu   60.00   1
/Users/lzj/bss/201511/20151107/d7334.0374.fits  0374       10863  strumu    6.00   1
/Users/lzj/bss/201511/20151107/d7334.0375.fits  0375       10863  strumu   60.00   1
/Users/lzj/bss/201511/20151107/d7334.0376.fits  0376       10500  strumu    6.00   1
/Users/lzj/bss/201511/20151107/d7334.0377.fits  0377       10500  strumu   60.00   1
/Users/lzj/bss/201511/20151107/d7334.0378.fits  0378       10864  strumu    6.00   1
/Users/lzj/bss/201511/20151107/d7334.0379.fits  0379       10864  strumu   60.00   1
/Users/lzj/bss/201511/20151107/d7334.0380.fits  0380       10501  strumu    6.00   1
/Users/lzj/bss/201511/20151107/d7334.0381.fits  0381       10501  strumu   60.00   1
/Users/lzj/bss/201511/20151107/d7334.0382.fits  0382       10865  strumu    6.00   1
/Users/lzj/bss/201511/20151107/d7334.0383.fits  0383       10865  strumu   60.00   1
/Users/lzj/bss/201511/20151107/d7334.0384.fits  0384       10502  strumu    6.00   1
/Users/lzj/bss/201511/20151107/d7334.0385.fits  0385       10502  strumu   60.00   1
/Users/lzj/bss/201511/20151107/d7334.0386.fits  0386       10866  strumu    6.00   1
/Users/lzj/bss/201511/20151107/d7334.0387.fits  0387       10866  strumu   60.00   1
/Users/lzj/bss/201511/20151107/d7334.0388.fits  0388       10503  strumu    6.00   1
/Users/lzj/bss/201511/20151107/d7334.0389.fits  0389       10503  strumu   60.00   1
/Users/lzj/bss/201511/20151107/d7334.0390.fits  0390       10867  strumu    6.00   1
/Users/lzj/bss/201511/20151107/d7334.0391.fits  0391       10867  strumu   60.00   1
/Users/lzj/bss/201511/20151107/d7334.0392.fits  0392       10504  strumu    6.00   1
/Users/lzj/bss/201511/20151107/d7334.0393.fits  0393       10504  strumu   60.00   1
/Users/lzj/bss/201511/20151107/d7334.0394.fits  0394       10868  strumu    6.00   1
/Users/lzj/bss/201511/20151107/d7334.0395.fits  0395       10868  strumu   60.00   1
/Users/lzj/bss/201511/20151107/d7334.0396.fits  0396       10505  strumu    6.00   1
/Users/lzj/bss/201511/20151107/d7334.0397.fits  0397       10505  strumu   60.00   1
/Users/lzj/bss/201511/20151107/d7334.0398.fits  0398       10869  strumu    6.00   1
/Users/lzj/bss/201511/20151107/d7334.0399.fits  0399       10869  strumu   60.00   1
/Users/lzj/bss/201511/20151107/d7334.0400.fits  0400       10506  strumu    6.00   1
/Users/lzj/bss/201511/20151107/d7334.0401.fits  0401       10506  strumu   60.00   1
/Users/lzj/bss/201511/20151107/d7334.0402.fits  0402       10870  strumu    6.00   1
/Users/lzj/bss/201511/20151107/d7334.0403.fits  0403       10870  strumu   60.00   1
/Users/lzj/bss/201511/20151107/d7334.0404.fits  0404       10507  strumu    6.00   1
/Users/lzj/bss/201511/20151107/d7334.0405.fits  0405       10507  strumu   60.00   1
/Users/lzj/bss/201511/20151107/d7334.0406.fits  0406       10871  strumu    6.00   1
/Users/lzj/bss/201511/20151107/d7334.0407.fits  0407       10871  strumu   60.00   1
/Users/lzj/bss/201511/20151107/d7334.0408.fits  0408       10508  strumu    6.00   1
/Users/lzj/bss/201511/20151107/d7334.0409.fits  0409       10508  strumu   60.00   1
/Users/lzj/bss/201511/20151107/d7334.0410.fits  0410       10872  strumu    6.00   1
/Users/lzj/bss/201511/20151107/d7334.0411.fits  0411       10872  strumu   60.00   1
/Users/lzj/bss/201511/20151107/d7334.0412.fits  0412       10509  strumu    6.00   1
/Users/lzj/bss/201511/20151107/d7334.0413.fits  0413       10509  strumu   60.00   1
/Users/lzj/bss/201511/20151107/d7334.0414.fits  0414       10873  strumu    6.00   1
/Users/lzj/bss/201511/20151107/d7334.0415.fits  0415       10873  strumu   60.00   1
/Users/lzj/bss/201511/20151107/d7334.0416.fits  0416       10510  strumu    6.00   1
/Users/lzj/bss/201511/20151107/d7334.0417.fits  0417       10510  strumu   60.00   1
