/Users/lzj/bss/201511/20151108/d7335.0014.fits  0014       10728  strumu    6.00   1
/Users/lzj/bss/201511/20151108/d7335.0015.fits  0015       10728  strumu   60.00   1
/Users/lzj/bss/201511/20151108/d7335.0016.fits  0016       10729  strumu    6.00   1
/Users/lzj/bss/201511/20151108/d7335.0017.fits  0017       10729  strumu   60.00   1
/Users/lzj/bss/201511/20151108/d7335.0018.fits  0018       10730  strumu    6.00   1
/Users/lzj/bss/201511/20151108/d7335.0019.fits  0019       10730  strumu   60.00   1
/Users/lzj/bss/201511/20151108/d7335.0020.fits  0020       10731  strumu    6.00   1
/Users/lzj/bss/201511/20151108/d7335.0021.fits  0021       10731  strumu   60.00   1
/Users/lzj/bss/201511/20151108/d7335.0022.fits  0022       10732  strumu    6.00   1
/Users/lzj/bss/201511/20151108/d7335.0023.fits  0023       10732  strumu   60.00   1
/Users/lzj/bss/201511/20151108/d7335.0024.fits  0024       10733  strumu    6.00   1
/Users/lzj/bss/201511/20151108/d7335.0025.fits  0025       10733  strumu   60.00   1
/Users/lzj/bss/201511/20151108/d7335.0026.fits  0026       10734  strumu    6.00   1
/Users/lzj/bss/201511/20151108/d7335.0027.fits  0027       10734  strumu   60.00   1
/Users/lzj/bss/201511/20151108/d7335.0028.fits  0028       10735  strumu    6.00   1
/Users/lzj/bss/201511/20151108/d7335.0029.fits  0029       10735  strumu   60.00   1
/Users/lzj/bss/201511/20151108/d7335.0030.fits  0030       10736  strumu    6.00   1
/Users/lzj/bss/201511/20151108/d7335.0031.fits  0031       10736  strumu   60.00   1
/Users/lzj/bss/201511/20151108/d7335.0032.fits  0032       10737  strumu    6.00   1
/Users/lzj/bss/201511/20151108/d7335.0033.fits  0033       10737  strumu   60.00   1
/Users/lzj/bss/201511/20151108/d7335.0034.fits  0034       10738  strumu    6.00   1
/Users/lzj/bss/201511/20151108/d7335.0035.fits  0035       10738  strumu   60.00   1
/Users/lzj/bss/201511/20151108/d7335.0036.fits  0036       10739  strumu    6.00   1
/Users/lzj/bss/201511/20151108/d7335.0037.fits  0037       10739  strumu   60.00   1
/Users/lzj/bss/201511/20151108/d7335.0038.fits  0038       11101  strumu    6.00   1
/Users/lzj/bss/201511/20151108/d7335.0039.fits  0039       11101  strumu   60.00   1
/Users/lzj/bss/201511/20151108/d7335.0040.fits  0040       10740  strumu    6.00   1
/Users/lzj/bss/201511/20151108/d7335.0041.fits  0041       10740  strumu   60.00   1
/Users/lzj/bss/201511/20151108/d7335.0042.fits  0042       11102  strumu    6.00   1
/Users/lzj/bss/201511/20151108/d7335.0043.fits  0043       11102  strumu   60.00   1
/Users/lzj/bss/201511/20151108/d7335.0044.fits  0044       10741  strumu    6.00   1
/Users/lzj/bss/201511/20151108/d7335.0045.fits  0045       10741  strumu   60.00   1
/Users/lzj/bss/201511/20151108/d7335.0046.fits  0046       11103  strumu    6.00   1
/Users/lzj/bss/201511/20151108/d7335.0047.fits  0047       11103  strumu   60.00   1
/Users/lzj/bss/201511/20151108/d7335.0048.fits  0048       10742  strumu    6.00   1
/Users/lzj/bss/201511/20151108/d7335.0049.fits  0049       10742  strumu   60.00   1
/Users/lzj/bss/201511/20151108/d7335.0050.fits  0050       11104  strumu    6.00   1
/Users/lzj/bss/201511/20151108/d7335.0051.fits  0051       11104  strumu   60.00   1
/Users/lzj/bss/201511/20151108/d7335.0052.fits  0052       10743  strumu    6.00   1
/Users/lzj/bss/201511/20151108/d7335.0053.fits  0053       10743  strumu   60.00   1
/Users/lzj/bss/201511/20151108/d7335.0054.fits  0054       11105  strumu    6.00   1
/Users/lzj/bss/201511/20151108/d7335.0055.fits  0055       11105  strumu   60.00   1
/Users/lzj/bss/201511/20151108/d7335.0056.fits  0056       10744  strumu    6.00   1
/Users/lzj/bss/201511/20151108/d7335.0057.fits  0057       10744  strumu   60.00   1
/Users/lzj/bss/201511/20151108/d7335.0058.fits  0058       11106  strumu    6.00   1
/Users/lzj/bss/201511/20151108/d7335.0059.fits  0059       11106  strumu   60.00   1
/Users/lzj/bss/201511/20151108/d7335.0060.fits  0060       10745  strumu    6.00   1
/Users/lzj/bss/201511/20151108/d7335.0061.fits  0061       10745  strumu   60.00   1
/Users/lzj/bss/201511/20151108/d7335.0062.fits  0062       11107  strumu    6.00   1
/Users/lzj/bss/201511/20151108/d7335.0063.fits  0063       11107  strumu   60.00   1
/Users/lzj/bss/201511/20151108/d7335.0064.fits  0064       10746  strumu    6.00   1
/Users/lzj/bss/201511/20151108/d7335.0065.fits  0065       10746  strumu   60.00   1
/Users/lzj/bss/201511/20151108/d7335.0066.fits  0066       10747  strumu    6.00   1
/Users/lzj/bss/201511/20151108/d7335.0067.fits  0067       10747  strumu   60.00   1
/Users/lzj/bss/201511/20151108/d7335.0068.fits  0068       10748  strumu    6.00   1
/Users/lzj/bss/201511/20151108/d7335.0069.fits  0069       10748  strumu   60.00   1
/Users/lzj/bss/201511/20151108/d7335.0070.fits  0070       10749  strumu    6.00   1
/Users/lzj/bss/201511/20151108/d7335.0071.fits  0071       10749  strumu   60.00   1
/Users/lzj/bss/201511/20151108/d7335.0072.fits  0072       10750  strumu    6.00   1
/Users/lzj/bss/201511/20151108/d7335.0073.fits  0073       10750  strumu   60.00   1
/Users/lzj/bss/201511/20151108/d7335.0074.fits  0074       10751  strumu    6.00   1
/Users/lzj/bss/201511/20151108/d7335.0075.fits  0075       10751  strumu   60.00   1
/Users/lzj/bss/201511/20151108/d7335.0076.fits  0076       10752  strumu    6.00   1
/Users/lzj/bss/201511/20151108/d7335.0077.fits  0077       10752  strumu   60.00   1
/Users/lzj/bss/201511/20151108/d7335.0078.fits  0078       10753  strumu    6.00   1
/Users/lzj/bss/201511/20151108/d7335.0079.fits  0079       10753  strumu   60.00   1
/Users/lzj/bss/201511/20151108/d7335.0080.fits  0080       10754  strumu    6.00   1
/Users/lzj/bss/201511/20151108/d7335.0081.fits  0081       10754  strumu   60.00   1
/Users/lzj/bss/201511/20151108/d7335.0082.fits  0082       10755  strumu    6.00   1
/Users/lzj/bss/201511/20151108/d7335.0083.fits  0083       10755  strumu   60.00   1
/Users/lzj/bss/201511/20151108/d7335.0084.fits  0084       10763  strumu    6.00   1
/Users/lzj/bss/201511/20151108/d7335.0085.fits  0085       10763  strumu   60.00   1
/Users/lzj/bss/201511/20151108/d7335.0086.fits  0086       10764  strumu    6.00   1
/Users/lzj/bss/201511/20151108/d7335.0087.fits  0087       10764  strumu   60.00   1
/Users/lzj/bss/201511/20151108/d7335.0088.fits  0088       10765  strumu    6.00   1
/Users/lzj/bss/201511/20151108/d7335.0089.fits  0089       10765  strumu   60.00   1
/Users/lzj/bss/201511/20151108/d7335.0090.fits  0090       10766  strumu    6.00   1
/Users/lzj/bss/201511/20151108/d7335.0091.fits  0091       10766  strumu   60.00   1
/Users/lzj/bss/201511/20151108/d7335.0092.fits  0092       10767  strumu    6.00   1
/Users/lzj/bss/201511/20151108/d7335.0093.fits  0093       10767  strumu   60.00   1
/Users/lzj/bss/201511/20151108/d7335.0094.fits  0094       10768  strumu    6.00   1
/Users/lzj/bss/201511/20151108/d7335.0095.fits  0095       10768  strumu   60.00   1
/Users/lzj/bss/201511/20151108/d7335.0096.fits  0096       10769  strumu    6.00   1
/Users/lzj/bss/201511/20151108/d7335.0097.fits  0097       10769  strumu   60.00   1
/Users/lzj/bss/201511/20151108/d7335.0098.fits  0098       10770  strumu    6.00   1
/Users/lzj/bss/201511/20151108/d7335.0099.fits  0099       10770  strumu   60.00   1
/Users/lzj/bss/201511/20151108/d7335.0100.fits  0100       10771  strumu    6.00   1
/Users/lzj/bss/201511/20151108/d7335.0101.fits  0101       10771  strumu   60.00   1
/Users/lzj/bss/201511/20151108/d7335.0102.fits  0102       10408  strumu    6.00   1
/Users/lzj/bss/201511/20151108/d7335.0103.fits  0103       10408  strumu   60.00   1
/Users/lzj/bss/201511/20151108/d7335.0104.fits  0104       10772  strumu    6.00   1
/Users/lzj/bss/201511/20151108/d7335.0105.fits  0105       10772  strumu   60.00   1
/Users/lzj/bss/201511/20151108/d7335.0106.fits  0106       10409  strumu    6.00   1
/Users/lzj/bss/201511/20151108/d7335.0107.fits  0107       10409  strumu   60.00   1
/Users/lzj/bss/201511/20151108/d7335.0108.fits  0108       10773  strumu    6.00   1
/Users/lzj/bss/201511/20151108/d7335.0109.fits  0109       10773  strumu   60.00   1
/Users/lzj/bss/201511/20151108/d7335.0110.fits  0110       10410  strumu    6.00   1
/Users/lzj/bss/201511/20151108/d7335.0111.fits  0111       10410  strumu   60.00   1
/Users/lzj/bss/201511/20151108/d7335.0112.fits  0112       10774  strumu    6.00   1
/Users/lzj/bss/201511/20151108/d7335.0113.fits  0113       10774  strumu   60.00   1
/Users/lzj/bss/201511/20151108/d7335.0116.fits  0116       10411  strumu    6.00   1
/Users/lzj/bss/201511/20151108/d7335.0117.fits  0117       10411  strumu   60.00   1
/Users/lzj/bss/201511/20151108/d7335.0118.fits  0118       10775  strumu    6.00   1
/Users/lzj/bss/201511/20151108/d7335.0119.fits  0119       10775  strumu   60.00   1
/Users/lzj/bss/201511/20151108/d7335.0120.fits  0120       10412  strumu    6.00   1
/Users/lzj/bss/201511/20151108/d7335.0121.fits  0121       10412  strumu   60.00   1
/Users/lzj/bss/201511/20151108/d7335.0122.fits  0122       10776  strumu    6.00   1
/Users/lzj/bss/201511/20151108/d7335.0123.fits  0123       10776  strumu   60.00   1
/Users/lzj/bss/201511/20151108/d7335.0124.fits  0124       10413  strumu    6.00   1
/Users/lzj/bss/201511/20151108/d7335.0125.fits  0125       10413  strumu   60.00   1
/Users/lzj/bss/201511/20151108/d7335.0126.fits  0126       10414  strumu    6.00   1
/Users/lzj/bss/201511/20151108/d7335.0127.fits  0127       10414  strumu   60.00   1
/Users/lzj/bss/201511/20151108/d7335.0128.fits  0128       10415  strumu    6.00   1
/Users/lzj/bss/201511/20151108/d7335.0129.fits  0129       10415  strumu   60.00   1
/Users/lzj/bss/201511/20151108/d7335.0130.fits  0130       10416  strumu    6.00   1
/Users/lzj/bss/201511/20151108/d7335.0131.fits  0131       10416  strumu   60.00   1
/Users/lzj/bss/201511/20151108/d7335.0132.fits  0132       10417  strumu    6.00   1
/Users/lzj/bss/201511/20151108/d7335.0133.fits  0133       10417  strumu   60.00   1
/Users/lzj/bss/201511/20151108/d7335.0134.fits  0134       10418  strumu    6.00   1
/Users/lzj/bss/201511/20151108/d7335.0135.fits  0135       10418  strumu   60.00   1
/Users/lzj/bss/201511/20151108/d7335.0136.fits  0136       10419  strumu    6.00   1
/Users/lzj/bss/201511/20151108/d7335.0137.fits  0137       10419  strumu   60.00   1
/Users/lzj/bss/201511/20151108/d7335.0138.fits  0138       10420  strumu    6.00   1
/Users/lzj/bss/201511/20151108/d7335.0139.fits  0139       10420  strumu   60.00   1
/Users/lzj/bss/201511/20151108/d7335.0140.fits  0140       10421  strumu    6.00   1
/Users/lzj/bss/201511/20151108/d7335.0141.fits  0141       10421  strumu   60.00   1
/Users/lzj/bss/201511/20151108/d7335.0142.fits  0142       10422  strumu    6.00   1
/Users/lzj/bss/201511/20151108/d7335.0143.fits  0143       10422  strumu   60.00   1
/Users/lzj/bss/201511/20151108/d7335.0144.fits  0144       10423  strumu    6.00   1
/Users/lzj/bss/201511/20151108/d7335.0145.fits  0145       10423  strumu   60.00   1
/Users/lzj/bss/201511/20151108/d7335.0146.fits  0146       10424  strumu    6.00   1
/Users/lzj/bss/201511/20151108/d7335.0147.fits  0147       10424  strumu   60.00   1
/Users/lzj/bss/201511/20151108/d7335.0148.fits  0148       10425  strumu    6.00   1
/Users/lzj/bss/201511/20151108/d7335.0149.fits  0149       10425  strumu   60.00   1
/Users/lzj/bss/201511/20151108/d7335.0150.fits  0150       10426  strumu    6.00   1
/Users/lzj/bss/201511/20151108/d7335.0151.fits  0151       10426  strumu   60.00   1
/Users/lzj/bss/201511/20151108/d7335.0152.fits  0152       10427  strumu    6.00   1
/Users/lzj/bss/201511/20151108/d7335.0153.fits  0153       10427  strumu   60.00   1
/Users/lzj/bss/201511/20151108/d7335.0154.fits  0154       10428  strumu    6.00   1
/Users/lzj/bss/201511/20151108/d7335.0155.fits  0155       10428  strumu   60.00   1
/Users/lzj/bss/201511/20151108/d7335.0156.fits  0156       10429  strumu    6.00   1
/Users/lzj/bss/201511/20151108/d7335.0157.fits  0157       10429  strumu   60.00   1
/Users/lzj/bss/201511/20151108/d7335.0158.fits  0158       10430  strumu    6.00   1
/Users/lzj/bss/201511/20151108/d7335.0159.fits  0159       10430  strumu   60.00   1
/Users/lzj/bss/201511/20151108/d7335.0160.fits  0160       10431  strumu    6.00   1
/Users/lzj/bss/201511/20151108/d7335.0161.fits  0161       10431  strumu   60.00   1
/Users/lzj/bss/201511/20151108/d7335.0162.fits  0162       10432  strumu    6.00   1
/Users/lzj/bss/201511/20151108/d7335.0163.fits  0163       10432  strumu   60.00   1
/Users/lzj/bss/201511/20151108/d7335.0164.fits  0164       10433  strumu    6.00   1
/Users/lzj/bss/201511/20151108/d7335.0165.fits  0165       10433  strumu   60.00   1
/Users/lzj/bss/201511/20151108/d7335.0166.fits  0166       10434  strumu    6.00   1
/Users/lzj/bss/201511/20151108/d7335.0167.fits  0167       10434  strumu   60.00   1
/Users/lzj/bss/201511/20151108/d7335.0168.fits  0168       10435  strumu    6.00   1
/Users/lzj/bss/201511/20151108/d7335.0169.fits  0169       10435  strumu   60.00   1
/Users/lzj/bss/201511/20151108/d7335.0170.fits  0170       10436  strumu    6.00   1
/Users/lzj/bss/201511/20151108/d7335.0171.fits  0171       10436  strumu   60.00   1
/Users/lzj/bss/201511/20151108/d7335.0172.fits  0172       10437  strumu    6.00   1
/Users/lzj/bss/201511/20151108/d7335.0173.fits  0173       10437  strumu   60.00   1
/Users/lzj/bss/201511/20151108/d7335.0174.fits  0174       10438  strumu    6.00   1
/Users/lzj/bss/201511/20151108/d7335.0175.fits  0175       10438  strumu   60.00   1
/Users/lzj/bss/201511/20151108/d7335.0176.fits  0176       10439  strumu    6.00   1
/Users/lzj/bss/201511/20151108/d7335.0177.fits  0177       10439  strumu   60.00   1
/Users/lzj/bss/201511/20151108/d7335.0178.fits  0178       10440  strumu    6.00   1
/Users/lzj/bss/201511/20151108/d7335.0179.fits  0179       10440  strumu   60.00   1
/Users/lzj/bss/201511/20151108/d7335.0180.fits  0180       10441  strumu    6.00   1
/Users/lzj/bss/201511/20151108/d7335.0181.fits  0181       10441  strumu   60.00   1
/Users/lzj/bss/201511/20151108/d7335.0182.fits  0182       10442  strumu    6.00   1
/Users/lzj/bss/201511/20151108/d7335.0183.fits  0183       10442  strumu   60.00   1
/Users/lzj/bss/201511/20151108/d7335.0184.fits  0184       10443  strumu    6.00   1
/Users/lzj/bss/201511/20151108/d7335.0185.fits  0185       10443  strumu   60.00   1
/Users/lzj/bss/201511/20151108/d7335.0186.fits  0186       10444  strumu    6.00   1
/Users/lzj/bss/201511/20151108/d7335.0187.fits  0187       10444  strumu   60.00   1
/Users/lzj/bss/201511/20151108/d7335.0188.fits  0188       10445  strumu    6.00   1
/Users/lzj/bss/201511/20151108/d7335.0189.fits  0189       10445  strumu   60.00   1
/Users/lzj/bss/201511/20151108/d7335.0190.fits  0190       10446  strumu    6.00   1
/Users/lzj/bss/201511/20151108/d7335.0191.fits  0191       10446  strumu   60.00   1
/Users/lzj/bss/201511/20151108/d7335.0192.fits  0192       10447  strumu    6.00   1
/Users/lzj/bss/201511/20151108/d7335.0193.fits  0193       10447  strumu   60.00   1
/Users/lzj/bss/201511/20151108/d7335.0194.fits  0194       10448  strumu    6.00   1
/Users/lzj/bss/201511/20151108/d7335.0195.fits  0195       10448  strumu   60.00   1
/Users/lzj/bss/201511/20151108/d7335.0196.fits  0196       10449  strumu    6.00   1
/Users/lzj/bss/201511/20151108/d7335.0197.fits  0197       10449  strumu   60.00   1
/Users/lzj/bss/201511/20151108/d7335.0198.fits  0198       10450  strumu    6.00   1
/Users/lzj/bss/201511/20151108/d7335.0199.fits  0199       10450  strumu   60.00   1
/Users/lzj/bss/201511/20151108/d7335.0200.fits  0200       10451  strumu    6.00   1
/Users/lzj/bss/201511/20151108/d7335.0201.fits  0201       10451  strumu   60.00   1
/Users/lzj/bss/201511/20151108/d7335.0202.fits  0202       10452  strumu    6.00   1
/Users/lzj/bss/201511/20151108/d7335.0203.fits  0203       10452  strumu   60.00   1
/Users/lzj/bss/201511/20151108/d7335.0204.fits  0204       10453  strumu    6.00   1
/Users/lzj/bss/201511/20151108/d7335.0205.fits  0205       10453  strumu   60.00   1
/Users/lzj/bss/201511/20151108/d7335.0206.fits  0206       10454  strumu    6.00   1
/Users/lzj/bss/201511/20151108/d7335.0207.fits  0207       10454  strumu   60.00   1
/Users/lzj/bss/201511/20151108/d7335.0208.fits  0208       10455  strumu    6.00   1
/Users/lzj/bss/201511/20151108/d7335.0209.fits  0209       10455  strumu   60.00   1
/Users/lzj/bss/201511/20151108/d7335.0210.fits  0210       10819  strumu    6.00   1
/Users/lzj/bss/201511/20151108/d7335.0211.fits  0211       10819  strumu   60.00   1
/Users/lzj/bss/201511/20151108/d7335.0212.fits  0212       10456  strumu    6.00   1
/Users/lzj/bss/201511/20151108/d7335.0213.fits  0213       10456  strumu   60.00   1
/Users/lzj/bss/201511/20151108/d7335.0214.fits  0214       10820  strumu    6.00   1
/Users/lzj/bss/201511/20151108/d7335.0215.fits  0215       10820  strumu   60.00   1
/Users/lzj/bss/201511/20151108/d7335.0217.fits  0217       10457  strumu    6.00   1
/Users/lzj/bss/201511/20151108/d7335.0218.fits  0218       10457  strumu   60.00   1
/Users/lzj/bss/201511/20151108/d7335.0219.fits  0219       10821  strumu    6.00   1
/Users/lzj/bss/201511/20151108/d7335.0220.fits  0220       10821  strumu   60.00   1
/Users/lzj/bss/201511/20151108/d7335.0221.fits  0221       10458  strumu    6.00   1
/Users/lzj/bss/201511/20151108/d7335.0222.fits  0222       10458  strumu   60.00   1
/Users/lzj/bss/201511/20151108/d7335.0223.fits  0223       10822  strumu    6.00   1
/Users/lzj/bss/201511/20151108/d7335.0224.fits  0224       10822  strumu   60.00   1
/Users/lzj/bss/201511/20151108/d7335.0225.fits  0225       10459  strumu    6.00   1
/Users/lzj/bss/201511/20151108/d7335.0226.fits  0226       10459  strumu   60.00   1
/Users/lzj/bss/201511/20151108/d7335.0227.fits  0227       10823  strumu    6.00   1
/Users/lzj/bss/201511/20151108/d7335.0228.fits  0228       10823  strumu   60.00   1
/Users/lzj/bss/201511/20151108/d7335.0229.fits  0229       10460  strumu    6.00   1
/Users/lzj/bss/201511/20151108/d7335.0230.fits  0230       10460  strumu   60.00   1
/Users/lzj/bss/201511/20151108/d7335.0231.fits  0231       10824  strumu    6.00   1
/Users/lzj/bss/201511/20151108/d7335.0232.fits  0232       10824  strumu   60.00   1
/Users/lzj/bss/201511/20151108/d7335.0233.fits  0233       10461  strumu    6.00   1
/Users/lzj/bss/201511/20151108/d7335.0234.fits  0234       10461  strumu   60.00   1
/Users/lzj/bss/201511/20151108/d7335.0235.fits  0235       10825  strumu    6.00   1
/Users/lzj/bss/201511/20151108/d7335.0236.fits  0236       10825  strumu   60.00   1
/Users/lzj/bss/201511/20151108/d7335.0237.fits  0237       10462  strumu    6.00   1
/Users/lzj/bss/201511/20151108/d7335.0238.fits  0238       10462  strumu   60.00   1
/Users/lzj/bss/201511/20151108/d7335.0239.fits  0239       10463  strumu    6.00   1
/Users/lzj/bss/201511/20151108/d7335.0240.fits  0240       10463  strumu   60.00   1
/Users/lzj/bss/201511/20151108/d7335.0241.fits  0241       10464  strumu    6.00   1
/Users/lzj/bss/201511/20151108/d7335.0242.fits  0242       10464  strumu   60.00   1
/Users/lzj/bss/201511/20151108/d7335.0243.fits  0243       10465  strumu    6.00   1
/Users/lzj/bss/201511/20151108/d7335.0244.fits  0244       10465  strumu   60.00   1
/Users/lzj/bss/201511/20151108/d7335.0245.fits  0245       10466  strumu    6.00   1
/Users/lzj/bss/201511/20151108/d7335.0246.fits  0246       10466  strumu   60.00   1
/Users/lzj/bss/201511/20151108/d7335.0247.fits  0247       10467  strumu    6.00   1
/Users/lzj/bss/201511/20151108/d7335.0248.fits  0248       10467  strumu   60.00   1
/Users/lzj/bss/201511/20151108/d7335.0249.fits  0249       10468  strumu    6.00   1
/Users/lzj/bss/201511/20151108/d7335.0250.fits  0250       10468  strumu   60.00   1
/Users/lzj/bss/201511/20151108/d7335.0251.fits  0251       10469  strumu    6.00   1
/Users/lzj/bss/201511/20151108/d7335.0252.fits  0252       10469  strumu   60.00   1
/Users/lzj/bss/201511/20151108/d7335.0253.fits  0253       10470  strumu    6.00   1
/Users/lzj/bss/201511/20151108/d7335.0254.fits  0254       10470  strumu   60.00   1
/Users/lzj/bss/201511/20151108/d7335.0255.fits  0255       10471  strumu    6.00   1
/Users/lzj/bss/201511/20151108/d7335.0256.fits  0256       10471  strumu   60.00   1
/Users/lzj/bss/201511/20151108/d7335.0257.fits  0257       10472  strumu    6.00   1
/Users/lzj/bss/201511/20151108/d7335.0258.fits  0258       10472  strumu   60.00   1
/Users/lzj/bss/201511/20151108/d7335.0259.fits  0259       10473  strumu    6.00   1
/Users/lzj/bss/201511/20151108/d7335.0260.fits  0260       10473  strumu   60.00   1
/Users/lzj/bss/201511/20151108/d7335.0261.fits  0261       10474  strumu    6.00   1
/Users/lzj/bss/201511/20151108/d7335.0262.fits  0262       10474  strumu   60.00   1
/Users/lzj/bss/201511/20151108/d7335.0263.fits  0263       10475  strumu    6.00   1
/Users/lzj/bss/201511/20151108/d7335.0264.fits  0264       10475  strumu   60.00   1
/Users/lzj/bss/201511/20151108/d7335.0265.fits  0265       10476  strumu    6.00   1
/Users/lzj/bss/201511/20151108/d7335.0266.fits  0266       10476  strumu   60.00   1
/Users/lzj/bss/201511/20151108/d7335.0267.fits  0267       10477  strumu    6.00   1
/Users/lzj/bss/201511/20151108/d7335.0268.fits  0268       10477  strumu   60.00   1
/Users/lzj/bss/201511/20151108/d7335.0269.fits  0269       10478  strumu    6.00   1
/Users/lzj/bss/201511/20151108/d7335.0270.fits  0270       10478  strumu   60.00   1
/Users/lzj/bss/201511/20151108/d7335.0271.fits  0271       10479  strumu    6.00   1
/Users/lzj/bss/201511/20151108/d7335.0272.fits  0272       10479  strumu   60.00   1
/Users/lzj/bss/201511/20151108/d7335.0273.fits  0273       10480  strumu    6.00   1
/Users/lzj/bss/201511/20151108/d7335.0274.fits  0274       10480  strumu   60.00   1
/Users/lzj/bss/201511/20151108/d7335.0275.fits  0275       10481  strumu    6.00   1
/Users/lzj/bss/201511/20151108/d7335.0276.fits  0276       10481  strumu   60.00   1
/Users/lzj/bss/201511/20151108/d7335.0277.fits  0277       10482  strumu    6.00   1
/Users/lzj/bss/201511/20151108/d7335.0278.fits  0278       10482  strumu   60.00   1
/Users/lzj/bss/201511/20151108/d7335.0279.fits  0279       10483  strumu    6.00   1
/Users/lzj/bss/201511/20151108/d7335.0280.fits  0280       10483  strumu   60.00   1
/Users/lzj/bss/201511/20151108/d7335.0281.fits  0281       10484  strumu    6.00   1
/Users/lzj/bss/201511/20151108/d7335.0282.fits  0282       10484  strumu   60.00   1
/Users/lzj/bss/201511/20151108/d7335.0283.fits  0283       11571  strumu    6.00   1
/Users/lzj/bss/201511/20151108/d7335.0284.fits  0284       11571  strumu   60.00   1
/Users/lzj/bss/201511/20151108/d7335.0285.fits  0285       11572  strumu    6.00   1
/Users/lzj/bss/201511/20151108/d7335.0286.fits  0286       11572  strumu   60.00   1
/Users/lzj/bss/201511/20151108/d7335.0287.fits  0287       11573  strumu    6.00   1
/Users/lzj/bss/201511/20151108/d7335.0288.fits  0288       11573  strumu   60.00   1
/Users/lzj/bss/201511/20151108/d7335.0289.fits  0289       11574  strumu    6.00   1
/Users/lzj/bss/201511/20151108/d7335.0290.fits  0290       11574  strumu   60.00   1
/Users/lzj/bss/201511/20151108/d7335.0291.fits  0291       11575  strumu    6.00   1
/Users/lzj/bss/201511/20151108/d7335.0292.fits  0292       11575  strumu   60.00   1
/Users/lzj/bss/201511/20151108/d7335.0293.fits  0293       11576  strumu    6.00   1
/Users/lzj/bss/201511/20151108/d7335.0294.fits  0294       11576  strumu   60.00   1
/Users/lzj/bss/201511/20151108/d7335.0295.fits  0295       10854  strumu    6.00   1
/Users/lzj/bss/201511/20151108/d7335.0296.fits  0296       10854  strumu   60.00   1
/Users/lzj/bss/201511/20151108/d7335.0297.fits  0297       11577  strumu    6.00   1
/Users/lzj/bss/201511/20151108/d7335.0298.fits  0298       11577  strumu   60.00   1
/Users/lzj/bss/201511/20151108/d7335.0299.fits  0299       10855  strumu    6.00   1
/Users/lzj/bss/201511/20151108/d7335.0300.fits  0300       10855  strumu   60.00   1
/Users/lzj/bss/201511/20151108/d7335.0301.fits  0301       10492  strumu    6.00   1
/Users/lzj/bss/201511/20151108/d7335.0302.fits  0302       10492  strumu   60.00   1
/Users/lzj/bss/201511/20151108/d7335.0303.fits  0303       10856  strumu    6.00   1
/Users/lzj/bss/201511/20151108/d7335.0304.fits  0304       10856  strumu   60.00   1
/Users/lzj/bss/201511/20151108/d7335.0305.fits  0305       11578  strumu    6.00   1
/Users/lzj/bss/201511/20151108/d7335.0306.fits  0306       11578  strumu   60.00   1
/Users/lzj/bss/201511/20151108/d7335.0307.fits  0307       10493  strumu    6.00   1
/Users/lzj/bss/201511/20151108/d7335.0308.fits  0308       10493  strumu   60.00   1
/Users/lzj/bss/201511/20151108/d7335.0309.fits  0309       10857  strumu    6.00   1
/Users/lzj/bss/201511/20151108/d7335.0310.fits  0310       10857  strumu   60.00   1
/Users/lzj/bss/201511/20151108/d7335.0311.fits  0311       10494  strumu    6.00   1
/Users/lzj/bss/201511/20151108/d7335.0312.fits  0312       10494  strumu   60.00   1
/Users/lzj/bss/201511/20151108/d7335.0313.fits  0313       10858  strumu    6.00   1
/Users/lzj/bss/201511/20151108/d7335.0314.fits  0314       10858  strumu   60.00   1
/Users/lzj/bss/201511/20151108/d7335.0315.fits  0315       10495  strumu    6.00   1
/Users/lzj/bss/201511/20151108/d7335.0316.fits  0316       10495  strumu   60.00   1
/Users/lzj/bss/201511/20151108/d7335.0318.fits  0318       11579  strumu    6.00   1
/Users/lzj/bss/201511/20151108/d7335.0319.fits  0319       11579  strumu   60.00   1
/Users/lzj/bss/201511/20151108/d7335.0320.fits  0320       11580  strumu    6.00   1
/Users/lzj/bss/201511/20151108/d7335.0321.fits  0321       11580  strumu   60.00   1
/Users/lzj/bss/201511/20151108/d7335.0322.fits  0322       10859  strumu    6.00   1
/Users/lzj/bss/201511/20151108/d7335.0323.fits  0323       10859  strumu   60.00   1
/Users/lzj/bss/201511/20151108/d7335.0324.fits  0324       10496  strumu    6.00   1
/Users/lzj/bss/201511/20151108/d7335.0325.fits  0325       10496  strumu   60.00   1
/Users/lzj/bss/201511/20151108/d7335.0326.fits  0326       11581  strumu    6.00   1
/Users/lzj/bss/201511/20151108/d7335.0327.fits  0327       11581  strumu   60.00   1
/Users/lzj/bss/201511/20151108/d7335.0328.fits  0328       10860  strumu    6.00   1
/Users/lzj/bss/201511/20151108/d7335.0329.fits  0329       10860  strumu   60.00   1
/Users/lzj/bss/201511/20151108/d7335.0330.fits  0330       10497  strumu    6.00   1
/Users/lzj/bss/201511/20151108/d7335.0331.fits  0331       10497  strumu   60.00   1
/Users/lzj/bss/201511/20151108/d7335.0332.fits  0332       11582  strumu    6.00   1
/Users/lzj/bss/201511/20151108/d7335.0333.fits  0333       11582  strumu   60.00   1
/Users/lzj/bss/201511/20151108/d7335.0334.fits  0334       10861  strumu    6.00   1
/Users/lzj/bss/201511/20151108/d7335.0335.fits  0335       10861  strumu   60.00   1
/Users/lzj/bss/201511/20151108/d7335.0336.fits  0336       10498  strumu    6.00   1
/Users/lzj/bss/201511/20151108/d7335.0337.fits  0337       10498  strumu   60.00   1
/Users/lzj/bss/201511/20151108/d7335.0338.fits  0338       11583  strumu    6.00   1
/Users/lzj/bss/201511/20151108/d7335.0339.fits  0339       11583  strumu   60.00   1
/Users/lzj/bss/201511/20151108/d7335.0340.fits  0340       10862  strumu    6.00   1
/Users/lzj/bss/201511/20151108/d7335.0341.fits  0341       10862  strumu   60.00   1
/Users/lzj/bss/201511/20151108/d7335.0342.fits  0342       10499  strumu    6.00   1
/Users/lzj/bss/201511/20151108/d7335.0343.fits  0343       10499  strumu   60.00   1
/Users/lzj/bss/201511/20151108/d7335.0344.fits  0344       11584  strumu    6.00   1
/Users/lzj/bss/201511/20151108/d7335.0345.fits  0345       11584  strumu   60.00   1
/Users/lzj/bss/201511/20151108/d7335.0346.fits  0346       10863  strumu    6.00   1
/Users/lzj/bss/201511/20151108/d7335.0347.fits  0347       10863  strumu   60.00   1
/Users/lzj/bss/201511/20151108/d7335.0348.fits  0348       10500  strumu    6.00   1
/Users/lzj/bss/201511/20151108/d7335.0349.fits  0349       10500  strumu   60.00   1
/Users/lzj/bss/201511/20151108/d7335.0350.fits  0350       10864  strumu    6.00   1
/Users/lzj/bss/201511/20151108/d7335.0351.fits  0351       10864  strumu   60.00   1
/Users/lzj/bss/201511/20151108/d7335.0352.fits  0352       10501  strumu    6.00   1
/Users/lzj/bss/201511/20151108/d7335.0353.fits  0353       10501  strumu   60.00   1
/Users/lzj/bss/201511/20151108/d7335.0354.fits  0354       10865  strumu    6.00   1
/Users/lzj/bss/201511/20151108/d7335.0355.fits  0355       10865  strumu   60.00   1
/Users/lzj/bss/201511/20151108/d7335.0356.fits  0356       10502  strumu    6.00   1
/Users/lzj/bss/201511/20151108/d7335.0357.fits  0357       10502  strumu   60.00   1
/Users/lzj/bss/201511/20151108/d7335.0358.fits  0358       10866  strumu    6.00   1
/Users/lzj/bss/201511/20151108/d7335.0359.fits  0359       10866  strumu   60.00   1
/Users/lzj/bss/201511/20151108/d7335.0360.fits  0360       10503  strumu    6.00   1
/Users/lzj/bss/201511/20151108/d7335.0361.fits  0361       10503  strumu   60.00   1
/Users/lzj/bss/201511/20151108/d7335.0362.fits  0362       10867  strumu    6.00   1
/Users/lzj/bss/201511/20151108/d7335.0363.fits  0363       10867  strumu   60.00   1
/Users/lzj/bss/201511/20151108/d7335.0364.fits  0364       10504  strumu    6.00   1
/Users/lzj/bss/201511/20151108/d7335.0365.fits  0365       10504  strumu   60.00   1
/Users/lzj/bss/201511/20151108/d7335.0366.fits  0366       10868  strumu    6.00   1
/Users/lzj/bss/201511/20151108/d7335.0367.fits  0367       10868  strumu   60.00   1
/Users/lzj/bss/201511/20151108/d7335.0368.fits  0368       10505  strumu    6.00   1
/Users/lzj/bss/201511/20151108/d7335.0369.fits  0369       10505  strumu   60.00   1
/Users/lzj/bss/201511/20151108/d7335.0370.fits  0370       10869  strumu    6.00   1
/Users/lzj/bss/201511/20151108/d7335.0371.fits  0371       10869  strumu   60.00   1
/Users/lzj/bss/201511/20151108/d7335.0372.fits  0372       10506  strumu    6.00   1
/Users/lzj/bss/201511/20151108/d7335.0373.fits  0373       10506  strumu   60.00   1
/Users/lzj/bss/201511/20151108/d7335.0374.fits  0374       10870  strumu    6.00   1
/Users/lzj/bss/201511/20151108/d7335.0375.fits  0375       10870  strumu   60.00   1
/Users/lzj/bss/201511/20151108/d7335.0376.fits  0376       10507  strumu    6.00   1
/Users/lzj/bss/201511/20151108/d7335.0377.fits  0377       10507  strumu   60.00   1
/Users/lzj/bss/201511/20151108/d7335.0378.fits  0378       10871  strumu    6.00   1
/Users/lzj/bss/201511/20151108/d7335.0379.fits  0379       10871  strumu   60.00   1
/Users/lzj/bss/201511/20151108/d7335.0380.fits  0380       10508  strumu    6.00   1
/Users/lzj/bss/201511/20151108/d7335.0381.fits  0381       10508  strumu   60.00   1
/Users/lzj/bss/201511/20151108/d7335.0382.fits  0382       10872  strumu    6.00   1
/Users/lzj/bss/201511/20151108/d7335.0383.fits  0383       10872  strumu   60.00   1
/Users/lzj/bss/201511/20151108/d7335.0384.fits  0384       10509  strumu    6.00   1
/Users/lzj/bss/201511/20151108/d7335.0385.fits  0385       10509  strumu   60.00   1
/Users/lzj/bss/201511/20151108/d7335.0386.fits  0386       10873  strumu    6.00   1
/Users/lzj/bss/201511/20151108/d7335.0387.fits  0387       10873  strumu   60.00   1
/Users/lzj/bss/201511/20151108/d7335.0388.fits  0388       10510  strumu    6.00   1
/Users/lzj/bss/201511/20151108/d7335.0389.fits  0389       10510  strumu   60.00   1
/Users/lzj/bss/201511/20151108/d7335.0390.fits  0390       10874  strumu    6.00   1
/Users/lzj/bss/201511/20151108/d7335.0391.fits  0391       10874  strumu   60.00   1
/Users/lzj/bss/201511/20151108/d7335.0392.fits  0392       10511  strumu    6.00   1
/Users/lzj/bss/201511/20151108/d7335.0393.fits  0393       10511  strumu   60.00   1
/Users/lzj/bss/201511/20151108/d7335.0394.fits  0394       10875  strumu    6.00   1
/Users/lzj/bss/201511/20151108/d7335.0395.fits  0395       10875  strumu   60.00   1
/Users/lzj/bss/201511/20151108/d7335.0396.fits  0396       10512  strumu    6.00   1
/Users/lzj/bss/201511/20151108/d7335.0397.fits  0397       10512  strumu   60.00   1
/Users/lzj/bss/201511/20151108/d7335.0398.fits  0398       10876  strumu    6.00   1
/Users/lzj/bss/201511/20151108/d7335.0399.fits  0399       10876  strumu   60.00   1
/Users/lzj/bss/201511/20151108/d7335.0400.fits  0400       10513  strumu    6.00   1
/Users/lzj/bss/201511/20151108/d7335.0401.fits  0401       10513  strumu   60.00   1
/Users/lzj/bss/201511/20151108/d7335.0402.fits  0402       10877  strumu    6.00   1
/Users/lzj/bss/201511/20151108/d7335.0403.fits  0403       10877  strumu   60.00   1
/Users/lzj/bss/201511/20151108/d7335.0404.fits  0404       10514  strumu    6.00   1
/Users/lzj/bss/201511/20151108/d7335.0405.fits  0405       10514  strumu   60.00   1
/Users/lzj/bss/201511/20151108/d7335.0406.fits  0406       10878  strumu    6.00   1
/Users/lzj/bss/201511/20151108/d7335.0407.fits  0407       10878  strumu   60.00   1
/Users/lzj/bss/201511/20151108/d7335.0408.fits  0408       10515  strumu    6.00   1
/Users/lzj/bss/201511/20151108/d7335.0409.fits  0409       10515  strumu   60.00   1
/Users/lzj/bss/201511/20151108/d7335.0410.fits  0410       10879  strumu    6.00   1
/Users/lzj/bss/201511/20151108/d7335.0411.fits  0411       10879  strumu   60.00   1
/Users/lzj/bss/201511/20151108/d7335.0412.fits  0412       10516  strumu    6.00   1
/Users/lzj/bss/201511/20151108/d7335.0413.fits  0413       10516  strumu   60.00   1
/Users/lzj/bss/201511/20151108/d7335.0414.fits  0414       10880  strumu    6.00   1
/Users/lzj/bss/201511/20151108/d7335.0415.fits  0415       10880  strumu   60.00   1
/Users/lzj/bss/201511/20151108/d7335.0416.fits  0416       10517  strumu    6.00   1
/Users/lzj/bss/201511/20151108/d7335.0417.fits  0417       10517  strumu   60.00   1
/Users/lzj/bss/201511/20151108/d7335.0418.fits  0418       10881  strumu    6.00   1
/Users/lzj/bss/201511/20151108/d7335.0419.fits  0419       10881  strumu   60.00   1
/Users/lzj/bss/201511/20151108/d7335.0420.fits  0420       10518  strumu    6.00   1
/Users/lzj/bss/201511/20151108/d7335.0421.fits  0421       10518  strumu   60.00   1
