/Users/lzj/bss/201511/20151103/bias_20151103.fits
/Users/lzj/bss/201511/20151103/d7330.0001.fits
/Users/lzj/bss/201511/20151103/d7330.0002.fits
/Users/lzj/bss/201511/20151103/d7330.0003.fits
/Users/lzj/bss/201511/20151103/d7330.0004.fits
/Users/lzj/bss/201511/20151103/d7330.0005.fits
/Users/lzj/bss/201511/20151103/d7330.0006.fits
/Users/lzj/bss/201511/20151103/d7330.0007.fits
/Users/lzj/bss/201511/20151103/d7330.0008.fits
/Users/lzj/bss/201511/20151103/d7330.0009.fits
/Users/lzj/bss/201511/20151103/d7330.0010.fits
/Users/lzj/bss/201511/20151103/d7330.0011.fits
/Users/lzj/bss/201511/20151103/d7330.0012.fits
/Users/lzj/bss/201511/20151103/d7330.0013.fits
/Users/lzj/bss/201511/20151103/d7330.0014.fits
/Users/lzj/bss/201511/20151103/d7330.0015.fits
/Users/lzj/bss/201511/20151103/d7330.0016.fits
/Users/lzj/bss/201511/20151103/d7330.0017.fits
/Users/lzj/bss/201511/20151103/d7330.0018.fits
/Users/lzj/bss/201511/20151103/d7330.0019.fits
/Users/lzj/bss/201511/20151103/d7330.0020.fits
/Users/lzj/bss/201511/20151103/d7330.0021.fits
/Users/lzj/bss/201511/20151103/d7330.0022.fits
/Users/lzj/bss/201511/20151103/d7330.0023.fits
/Users/lzj/bss/201511/20151103/d7330.0024.fits
/Users/lzj/bss/201511/20151103/d7330.0025.fits
/Users/lzj/bss/201511/20151103/d7330.0026.fits
/Users/lzj/bss/201511/20151103/d7330.0027.fits
/Users/lzj/bss/201511/20151103/d7330.0028.fits
/Users/lzj/bss/201511/20151103/d7330.0029.fits
/Users/lzj/bss/201511/20151103/d7330.0030.fits
/Users/lzj/bss/201511/20151103/d7330.0031.fits
/Users/lzj/bss/201511/20151103/d7330.0032.fits
/Users/lzj/bss/201511/20151103/d7330.0033.fits
/Users/lzj/bss/201511/20151103/d7330.0034.fits
/Users/lzj/bss/201511/20151103/d7330.0035.fits
/Users/lzj/bss/201511/20151103/d7330.0036.fits
/Users/lzj/bss/201511/20151103/d7330.0037.fits
/Users/lzj/bss/201511/20151103/d7330.0038.fits
/Users/lzj/bss/201511/20151103/d7330.0039.fits
/Users/lzj/bss/201511/20151103/d7330.0040.fits
/Users/lzj/bss/201511/20151103/d7330.0041.fits
/Users/lzj/bss/201511/20151103/d7330.0042.fits
/Users/lzj/bss/201511/20151103/d7330.0043.fits
/Users/lzj/bss/201511/20151103/d7330.0044.fits
/Users/lzj/bss/201511/20151103/d7330.0045.fits
/Users/lzj/bss/201511/20151103/d7330.0046.fits
/Users/lzj/bss/201511/20151103/d7330.0047.fits
/Users/lzj/bss/201511/20151103/d7330.0048.fits
/Users/lzj/bss/201511/20151103/d7330.0049.fits
/Users/lzj/bss/201511/20151103/d7330.0050.fits
/Users/lzj/bss/201511/20151103/d7330.0051.fits
/Users/lzj/bss/201511/20151103/d7330.0052.fits
/Users/lzj/bss/201511/20151103/d7330.0053.fits
/Users/lzj/bss/201511/20151103/d7330.0054.fits
/Users/lzj/bss/201511/20151103/d7330.0055.fits
/Users/lzj/bss/201511/20151103/d7330.0056.fits
/Users/lzj/bss/201511/20151103/d7330.0057.fits
/Users/lzj/bss/201511/20151103/d7330.0058.fits
/Users/lzj/bss/201511/20151103/d7330.0059.fits
/Users/lzj/bss/201511/20151103/d7330.0060.fits
/Users/lzj/bss/201511/20151103/d7330.0061.fits
/Users/lzj/bss/201511/20151103/d7330.0062.fits
/Users/lzj/bss/201511/20151103/d7330.0063.fits
/Users/lzj/bss/201511/20151103/d7330.0064.fits
/Users/lzj/bss/201511/20151103/d7330.0065.fits
/Users/lzj/bss/201511/20151103/d7330.0066.fits
/Users/lzj/bss/201511/20151103/d7330.0067.fits
/Users/lzj/bss/201511/20151103/d7330.0068.fits
/Users/lzj/bss/201511/20151103/d7330.0069.fits
/Users/lzj/bss/201511/20151103/d7330.0070.fits
/Users/lzj/bss/201511/20151103/d7330.0071.fits
/Users/lzj/bss/201511/20151103/d7330.0072.fits
/Users/lzj/bss/201511/20151103/d7330.0073.fits
/Users/lzj/bss/201511/20151103/d7330.0074.fits
/Users/lzj/bss/201511/20151103/d7330.0075.fits
/Users/lzj/bss/201511/20151103/d7330.0076.fits
/Users/lzj/bss/201511/20151103/d7330.0077.fits
/Users/lzj/bss/201511/20151103/d7330.0078.fits
/Users/lzj/bss/201511/20151103/d7330.0079.fits
/Users/lzj/bss/201511/20151103/d7330.0080.fits
/Users/lzj/bss/201511/20151103/d7330.0081.fits
/Users/lzj/bss/201511/20151103/d7330.0082.fits
/Users/lzj/bss/201511/20151103/d7330.0083.fits
/Users/lzj/bss/201511/20151103/d7330.0084.fits
/Users/lzj/bss/201511/20151103/d7330.0085.fits
/Users/lzj/bss/201511/20151103/d7330.0086.fits
/Users/lzj/bss/201511/20151103/d7330.0087.fits
/Users/lzj/bss/201511/20151103/d7330.0088.fits
/Users/lzj/bss/201511/20151103/d7330.0089.fits
/Users/lzj/bss/201511/20151103/d7330.0090.fits
/Users/lzj/bss/201511/20151103/d7330.0091.fits
/Users/lzj/bss/201511/20151103/d7330.0092.fits
/Users/lzj/bss/201511/20151103/d7330.0093.fits
/Users/lzj/bss/201511/20151103/d7330.0094.fits
/Users/lzj/bss/201511/20151103/d7330.0095.fits
/Users/lzj/bss/201511/20151103/d7330.0096.fits
/Users/lzj/bss/201511/20151103/d7330.0097.fits
/Users/lzj/bss/201511/20151103/d7330.0098.fits
/Users/lzj/bss/201511/20151103/d7330.0099.fits
/Users/lzj/bss/201511/20151103/d7330.0100.fits
/Users/lzj/bss/201511/20151103/d7330.0101.fits
/Users/lzj/bss/201511/20151103/d7330.0102.fits
/Users/lzj/bss/201511/20151103/d7330.0103.fits
/Users/lzj/bss/201511/20151103/d7330.0104.fits
/Users/lzj/bss/201511/20151103/d7330.0105.fits
/Users/lzj/bss/201511/20151103/d7330.0106.fits
/Users/lzj/bss/201511/20151103/d7330.0107.fits
/Users/lzj/bss/201511/20151103/d7330.0108.fits
/Users/lzj/bss/201511/20151103/d7330.0109.fits
/Users/lzj/bss/201511/20151103/d7330.0110.fits
/Users/lzj/bss/201511/20151103/d7330.0111.fits
/Users/lzj/bss/201511/20151103/d7330.0112.fits
/Users/lzj/bss/201511/20151103/d7330.0113.fits
/Users/lzj/bss/201511/20151103/d7330.0114.fits
/Users/lzj/bss/201511/20151103/d7330.0115.fits
/Users/lzj/bss/201511/20151103/d7330.0116.fits
/Users/lzj/bss/201511/20151103/d7330.0117.fits
/Users/lzj/bss/201511/20151103/d7330.0118.fits
/Users/lzj/bss/201511/20151103/d7330.0119.fits
/Users/lzj/bss/201511/20151103/d7330.0120.fits
/Users/lzj/bss/201511/20151103/d7330.0121.fits
/Users/lzj/bss/201511/20151103/d7330.0122.fits
/Users/lzj/bss/201511/20151103/d7330.0123.fits
/Users/lzj/bss/201511/20151103/d7330.0124.fits
/Users/lzj/bss/201511/20151103/d7330.0125.fits
/Users/lzj/bss/201511/20151103/d7330.0126.fits
/Users/lzj/bss/201511/20151103/d7330.0127.fits
/Users/lzj/bss/201511/20151103/d7330.0128.fits
/Users/lzj/bss/201511/20151103/d7330.0129.fits
/Users/lzj/bss/201511/20151103/d7330.0130.fits
/Users/lzj/bss/201511/20151103/d7330.0131.fits
/Users/lzj/bss/201511/20151103/d7330.0132.fits
/Users/lzj/bss/201511/20151103/d7330.0133.fits
/Users/lzj/bss/201511/20151103/d7330.0134.fits
/Users/lzj/bss/201511/20151103/d7330.0135.fits
/Users/lzj/bss/201511/20151103/d7330.0136.fits
/Users/lzj/bss/201511/20151103/d7330.0137.fits
/Users/lzj/bss/201511/20151103/d7330.0138.fits
/Users/lzj/bss/201511/20151103/d7330.0139.fits
/Users/lzj/bss/201511/20151103/d7330.0140.fits
/Users/lzj/bss/201511/20151103/d7330.0141.fits
/Users/lzj/bss/201511/20151103/d7330.0142.fits
/Users/lzj/bss/201511/20151103/d7330.0143.fits
/Users/lzj/bss/201511/20151103/d7330.0144.fits
/Users/lzj/bss/201511/20151103/d7330.0145.fits
/Users/lzj/bss/201511/20151103/d7330.0146.fits
/Users/lzj/bss/201511/20151103/d7330.0147.fits
/Users/lzj/bss/201511/20151103/d7330.0148.fits
/Users/lzj/bss/201511/20151103/d7330.0149.fits
/Users/lzj/bss/201511/20151103/d7330.0150.fits
/Users/lzj/bss/201511/20151103/d7330.0151.fits
/Users/lzj/bss/201511/20151103/d7330.0152.fits
/Users/lzj/bss/201511/20151103/d7330.0153.fits
/Users/lzj/bss/201511/20151103/d7330.0154.fits
/Users/lzj/bss/201511/20151103/d7330.0155.fits
/Users/lzj/bss/201511/20151103/d7330.0156.fits
/Users/lzj/bss/201511/20151103/d7330.0157.fits
/Users/lzj/bss/201511/20151103/d7330.0158.fits
/Users/lzj/bss/201511/20151103/flat_20151103_u_0.1.fits
/Users/lzj/bss/201511/20151103/flat_20151103_u_0.2.fits
/Users/lzj/bss/201511/20151103/flat_20151103_u_0.3.fits
/Users/lzj/bss/201511/20151103/flat_20151103_u_0.4.fits
/Users/lzj/bss/201511/20151103/flat_20151103_u_0.5.fits
/Users/lzj/bss/201511/20151103/flat_20151103_u_0.6.fits
/Users/lzj/bss/201511/20151103/flat_20151103_u_0.7.fits
/Users/lzj/bss/201511/20151103/flat_20151103_u_0.8.fits
/Users/lzj/bss/201511/20151103/flat_20151103_u_0.9.fits
/Users/lzj/bss/201511/20151103/flat_20151103_u_1.0.fits
/Users/lzj/bss/201511/20151103/flat_20151103_u_100.fits
/Users/lzj/bss/201511/20151103/flat_20151103_u_12..fits
/Users/lzj/bss/201511/20151103/flat_20151103_u_16..fits
/Users/lzj/bss/201511/20151103/flat_20151103_u_2.0.fits
/Users/lzj/bss/201511/20151103/flat_20151103_u_20..fits
/Users/lzj/bss/201511/20151103/flat_20151103_u_30..fits
/Users/lzj/bss/201511/20151103/flat_20151103_u_4.0.fits
/Users/lzj/bss/201511/20151103/flat_20151103_u_40..fits
/Users/lzj/bss/201511/20151103/flat_20151103_u_6.0.fits
/Users/lzj/bss/201511/20151103/flat_20151103_u_60..fits
/Users/lzj/bss/201511/20151103/flat_20151103_u_8.0.fits
/Users/lzj/bss/201511/20151103/flat_20151103_u_80..fits
/Users/lzj/bss/201511/20151103/flat_20151103_v_0.1.fits
/Users/lzj/bss/201511/20151103/flat_20151103_v_0.2.fits
/Users/lzj/bss/201511/20151103/flat_20151103_v_0.3.fits
/Users/lzj/bss/201511/20151103/flat_20151103_v_0.4.fits
/Users/lzj/bss/201511/20151103/flat_20151103_v_0.5.fits
/Users/lzj/bss/201511/20151103/flat_20151103_v_0.6.fits
/Users/lzj/bss/201511/20151103/flat_20151103_v_0.7.fits
/Users/lzj/bss/201511/20151103/flat_20151103_v_0.8.fits
/Users/lzj/bss/201511/20151103/flat_20151103_v_0.9.fits
/Users/lzj/bss/201511/20151103/flat_20151103_v_1.0.fits
/Users/lzj/bss/201511/20151103/flat_20151103_v_10..fits
/Users/lzj/bss/201511/20151103/flat_20151103_v_2.0.fits
/Users/lzj/bss/201511/20151103/flat_20151103_v_3.0.fits
/Users/lzj/bss/201511/20151103/flat_20151103_v_4.0.fits
/Users/lzj/bss/201511/20151103/flat_20151103_v_5.0.fits
/Users/lzj/bss/201511/20151103/flat_20151103_v_6.0.fits
/Users/lzj/bss/201511/20151103/flat_20151103_v_7.0.fits
/Users/lzj/bss/201511/20151103/flat_20151103_v_8.0.fits
/Users/lzj/bss/201511/20151103/flat_20151103_v_9.0.fits
