0155   OBJECT       3493        g  40.0   2.74503 +10.00000 /data/image_data/20160902/sage_survey/3493/3493_g_20160902173004_40s_0155.fits
0277   OBJECT       3493        g  40.0   2.74503 +10.00000 /data/image_data/20160902/sage_survey/3493/3493_g_20160902210520_40s_0277.fits
0282   OBJECT       3493        r  40.0   2.74503 +10.00000 /data/image_data/20160902/sage_survey/3493/3493_r_20160902211359_40s_0282.fits
0278   OBJECT       3494        g  40.0   2.81273 +10.00000 /data/image_data/20160902/sage_survey/3494/3494_g_20160902210705_40s_0278.fits
0283   OBJECT       3494        r  40.0   2.81273 +10.00000 /data/image_data/20160902/sage_survey/3494/3494_r_20160902211544_40s_0283.fits
0279   OBJECT       3495        g  40.0   2.88043 +10.00000 /data/image_data/20160902/sage_survey/3495/3495_g_20160902210849_40s_0279.fits
0284   OBJECT       3495        r  40.0   2.88043 +10.00000 /data/image_data/20160902/sage_survey/3495/3495_r_20160902211727_40s_0284.fits
0280   OBJECT       3496        g  40.0   2.94812 +10.00000 /data/image_data/20160902/sage_survey/3496/3496_g_20160902211023_40s_0280.fits
0281   OBJECT       3497        g  40.0   3.01582 +10.00000 /data/image_data/20160902/sage_survey/3497/3497_g_20160902211206_40s_0281.fits
0286   OBJECT       3497        r  40.0   3.01582 +10.00000 /data/image_data/20160902/sage_survey/3497/3497_r_20160902212044_40s_0286.fits
0297   OBJECT       3498        g  40.0   3.08351 +10.00000 /data/image_data/20160902/sage_survey/3498/3498_g_20160902213924_40s_0297.fits
0302   OBJECT       3498        r  40.0   3.08351 +10.00000 /data/image_data/20160902/sage_survey/3498/3498_r_20160902214802_40s_0302.fits
0298   OBJECT       3499        g  40.0   3.15121 +10.00000 /data/image_data/20160902/sage_survey/3499/3499_g_20160902214107_40s_0298.fits
0303   OBJECT       3499        r  40.0   3.15121 +10.00000 /data/image_data/20160902/sage_survey/3499/3499_r_20160902214948_40s_0303.fits
0299   OBJECT       3500        g  40.0   3.21890 +10.00000 /data/image_data/20160902/sage_survey/3500/3500_g_20160902214242_40s_0299.fits
0300   OBJECT       3501        g  40.0   3.28660 +10.00000 /data/image_data/20160902/sage_survey/3501/3501_g_20160902214425_40s_0300.fits
0305   OBJECT       3501        r  40.0   3.28660 +10.00000 /data/image_data/20160902/sage_survey/3501/3501_r_20160902215306_40s_0305.fits
0301   OBJECT       3502        g  40.0   3.35429 +10.00000 /data/image_data/20160902/sage_survey/3502/3502_g_20160902214609_40s_0301.fits
0306   OBJECT       3502        r  40.0   3.35429 +10.00000 /data/image_data/20160902/sage_survey/3502/3502_r_20160902215451_40s_0306.fits
0129   OBJECT       3798        g  40.0   2.41436 +11.00000 /data/image_data/20160902/sage_survey/3798/3798_g_20160902164505_40s_0129.fits
0251   OBJECT       3798        g  40.0   2.41436 +11.00000 /data/image_data/20160902/sage_survey/3798/3798_g_20160902202002_40s_0251.fits
0132   OBJECT       3798        r  40.0   2.41436 +11.00000 /data/image_data/20160902/sage_survey/3798/3798_r_20160902165030_40s_0132.fits
0254   OBJECT       3798        r  40.0   2.41436 +11.00000 /data/image_data/20160902/sage_survey/3798/3798_r_20160902202525_40s_0254.fits
0130   OBJECT       3800        g  40.0   2.55019 +11.00000 /data/image_data/20160902/sage_survey/3800/3800_g_20160902164651_40s_0130.fits
0252   OBJECT       3800        g  40.0   2.55019 +11.00000 /data/image_data/20160902/sage_survey/3800/3800_g_20160902202148_40s_0252.fits
0133   OBJECT       3800        r  40.0   2.55019 +11.00000 /data/image_data/20160902/sage_survey/3800/3800_r_20160902165215_40s_0133.fits
0255   OBJECT       3800        r  40.0   2.55019 +11.00000 /data/image_data/20160902/sage_survey/3800/3800_r_20160902202710_40s_0255.fits
0131   OBJECT       3802        g  40.0   2.68601 +11.00000 /data/image_data/20160902/sage_survey/3802/3802_g_20160902164837_40s_0131.fits
0253   OBJECT       3802        g  40.0   2.68601 +11.00000 /data/image_data/20160902/sage_survey/3802/3802_g_20160902202332_40s_0253.fits
0134   OBJECT       3802        r  40.0   2.68601 +11.00000 /data/image_data/20160902/sage_survey/3802/3802_r_20160902165359_40s_0134.fits
0256   OBJECT       3802        r  40.0   2.68601 +11.00000 /data/image_data/20160902/sage_survey/3802/3802_r_20160902202854_40s_0256.fits
0287   OBJECT       3803        g  40.0   2.75393 +11.00000 /data/image_data/20160902/sage_survey/3803/3803_g_20160902212232_40s_0287.fits
0292   OBJECT       3803        r  40.0   2.75393 +11.00000 /data/image_data/20160902/sage_survey/3803/3803_r_20160902213101_40s_0292.fits
0288   OBJECT       3804        g  40.0   2.82184 +11.00000 /data/image_data/20160902/sage_survey/3804/3804_g_20160902212406_40s_0288.fits
0289   OBJECT       3805        g  40.0   2.88976 +11.00000 /data/image_data/20160902/sage_survey/3805/3805_g_20160902212550_40s_0289.fits
0294   OBJECT       3805        r  40.0   2.88976 +11.00000 /data/image_data/20160902/sage_survey/3805/3805_r_20160902213420_40s_0294.fits
0290   OBJECT       3806        g  40.0   2.95767 +11.00000 /data/image_data/20160902/sage_survey/3806/3806_g_20160902212734_40s_0290.fits
0295   OBJECT       3806        r  40.0   2.95767 +11.00000 /data/image_data/20160902/sage_survey/3806/3806_r_20160902213604_40s_0295.fits
0291   OBJECT       3807        g  40.0   3.02559 +11.00000 /data/image_data/20160902/sage_survey/3807/3807_g_20160902212908_40s_0291.fits
0296   OBJECT       3807        r  40.0   3.02559 +11.00000 /data/image_data/20160902/sage_survey/3807/3807_r_20160902213738_40s_0296.fits
0317   OBJECT       3808        g  40.0   3.09350 +11.00000 /data/image_data/20160902/sage_survey/3808/3808_g_20160902221353_40s_0317.fits
0322   OBJECT       3808        r  40.0   3.09350 +11.00000 /data/image_data/20160902/sage_survey/3808/3808_r_20160902222233_40s_0322.fits
0323   OBJECT       3809        r  40.0   3.16142 +11.00000 /data/image_data/20160902/sage_survey/3809/3809_r_20160902222420_40s_0323.fits
0325   OBJECT       3811        r  40.0   3.29724 +11.00000 /data/image_data/20160902/sage_survey/3811/3811_r_20160902222739_40s_0325.fits
0321   OBJECT       3812        g  40.0   3.36516 +11.00000 /data/image_data/20160902/sage_survey/3812/3812_g_20160902222039_40s_0321.fits
0135   OBJECT       4107        g  40.0   2.49110 +12.00000 /data/image_data/20160902/sage_survey/4107/4107_g_20160902165544_40s_0135.fits
0257   OBJECT       4107        g  40.0   2.49110 +12.00000 /data/image_data/20160902/sage_survey/4107/4107_g_20160902203039_40s_0257.fits
0140   OBJECT       4107        r  40.0   2.49110 +12.00000 /data/image_data/20160902/sage_survey/4107/4107_r_20160902170423_40s_0140.fits
0262   OBJECT       4107        r  40.0   2.49110 +12.00000 /data/image_data/20160902/sage_survey/4107/4107_r_20160902203919_40s_0262.fits
0136   OBJECT       4108        g  40.0   2.55926 +12.00000 /data/image_data/20160902/sage_survey/4108/4108_g_20160902165728_40s_0136.fits
0258   OBJECT       4108        g  40.0   2.55926 +12.00000 /data/image_data/20160902/sage_survey/4108/4108_g_20160902203222_40s_0258.fits
0141   OBJECT       4108        r  40.0   2.55926 +12.00000 /data/image_data/20160902/sage_survey/4108/4108_r_20160902170608_40s_0141.fits
0263   OBJECT       4108        r  40.0   2.55926 +12.00000 /data/image_data/20160902/sage_survey/4108/4108_r_20160902204104_40s_0263.fits
0137   OBJECT       4109        g  40.0   2.62741 +12.00000 /data/image_data/20160902/sage_survey/4109/4109_g_20160902165903_40s_0137.fits
0142   OBJECT       4109        r  40.0   2.62741 +12.00000 /data/image_data/20160902/sage_survey/4109/4109_r_20160902170742_40s_0142.fits
0264   OBJECT       4109        r  40.0   2.62741 +12.00000 /data/image_data/20160902/sage_survey/4109/4109_r_20160902204238_40s_0264.fits
0138   OBJECT       4110        g  40.0   2.69557 +12.00000 /data/image_data/20160902/sage_survey/4110/4110_g_20160902170046_40s_0138.fits
0260   OBJECT       4110        g  40.0   2.69557 +12.00000 /data/image_data/20160902/sage_survey/4110/4110_g_20160902203541_40s_0260.fits
0143   OBJECT       4110        r  40.0   2.69557 +12.00000 /data/image_data/20160902/sage_survey/4110/4110_r_20160902170926_40s_0143.fits
0265   OBJECT       4110        r  40.0   2.69557 +12.00000 /data/image_data/20160902/sage_survey/4110/4110_r_20160902204422_40s_0265.fits
0139   OBJECT       4111        g  40.0   2.76373 +12.00000 /data/image_data/20160902/sage_survey/4111/4111_g_20160902170229_40s_0139.fits
0261   OBJECT       4111        g  40.0   2.76373 +12.00000 /data/image_data/20160902/sage_survey/4111/4111_g_20160902203726_40s_0261.fits
0144   OBJECT       4111        r  40.0   2.76373 +12.00000 /data/image_data/20160902/sage_survey/4111/4111_r_20160902171110_40s_0144.fits
0266   OBJECT       4111        r  40.0   2.76373 +12.00000 /data/image_data/20160902/sage_survey/4111/4111_r_20160902204607_40s_0266.fits
0307   OBJECT       4112        g  40.0   2.83188 +12.00000 /data/image_data/20160902/sage_survey/4112/4112_g_20160902215639_40s_0307.fits
0312   OBJECT       4112        r  40.0   2.83188 +12.00000 /data/image_data/20160902/sage_survey/4112/4112_r_20160902220520_40s_0312.fits
0308   OBJECT       4113        g  40.0   2.90004 +12.00000 /data/image_data/20160902/sage_survey/4113/4113_g_20160902215823_40s_0308.fits
0313   OBJECT       4113        r  40.0   2.90004 +12.00000 /data/image_data/20160902/sage_survey/4113/4113_r_20160902220705_40s_0313.fits
0314   OBJECT       4114        r  40.0   2.96819 +12.00000 /data/image_data/20160902/sage_survey/4114/4114_r_20160902220849_40s_0314.fits
0311   OBJECT       4116        g  40.0   3.10451 +12.00000 /data/image_data/20160902/sage_survey/4116/4116_g_20160902220325_40s_0311.fits
0316   OBJECT       4116        r  40.0   3.10451 +12.00000 /data/image_data/20160902/sage_survey/4116/4116_r_20160902221208_40s_0316.fits
0127   OBJECT       4413        r  40.0   2.36392 +13.00000 /data/image_data/20160902/sage_survey/4413/4413_r_20160902164147_40s_0127.fits
0249   OBJECT       4413        r  40.0   2.36392 +13.00000 /data/image_data/20160902/sage_survey/4413/4413_r_20160902201643_40s_0249.fits
0126   OBJECT       4414        g  40.0   2.43234 +13.00000 /data/image_data/20160902/sage_survey/4414/4414_g_20160902163954_40s_0126.fits
0248   OBJECT       4414        g  40.0   2.43234 +13.00000 /data/image_data/20160902/sage_survey/4414/4414_g_20160902201450_40s_0248.fits
0128   OBJECT       4414        r  40.0   2.43234 +13.00000 /data/image_data/20160902/sage_survey/4414/4414_r_20160902164322_40s_0128.fits
0145   OBJECT       4415        g  40.0   2.50076 +13.00000 /data/image_data/20160902/sage_survey/4415/4415_g_20160902171255_40s_0145.fits
0267   OBJECT       4415        g  40.0   2.50076 +13.00000 /data/image_data/20160902/sage_survey/4415/4415_g_20160902204751_40s_0267.fits
0150   OBJECT       4415        r  40.0   2.50076 +13.00000 /data/image_data/20160902/sage_survey/4415/4415_r_20160902172134_40s_0150.fits
0272   OBJECT       4415        r  40.0   2.50076 +13.00000 /data/image_data/20160902/sage_survey/4415/4415_r_20160902205648_40s_0272.fits
0146   OBJECT       4416        g  40.0   2.56918 +13.00000 /data/image_data/20160902/sage_survey/4416/4416_g_20160902171437_40s_0146.fits
0268   OBJECT       4416        g  40.0   2.56918 +13.00000 /data/image_data/20160902/sage_survey/4416/4416_g_20160902204935_40s_0268.fits
0151   OBJECT       4416        r  40.0   2.56918 +13.00000 /data/image_data/20160902/sage_survey/4416/4416_r_20160902172318_40s_0151.fits
0273   OBJECT       4416        r  40.0   2.56918 +13.00000 /data/image_data/20160902/sage_survey/4416/4416_r_20160902205832_40s_0273.fits
0147   OBJECT       4417        g  40.0   2.63760 +13.00000 /data/image_data/20160902/sage_survey/4417/4417_g_20160902171611_40s_0147.fits
0269   OBJECT       4417        g  40.0   2.63760 +13.00000 /data/image_data/20160902/sage_survey/4417/4417_g_20160902205109_40s_0269.fits
0152   OBJECT       4417        r  40.0   2.63760 +13.00000 /data/image_data/20160902/sage_survey/4417/4417_r_20160902172452_40s_0152.fits
0274   OBJECT       4417        r  40.0   2.63760 +13.00000 /data/image_data/20160902/sage_survey/4417/4417_r_20160902210006_40s_0274.fits
0148   OBJECT       4418        g  40.0   2.70602 +13.00000 /data/image_data/20160902/sage_survey/4418/4418_g_20160902171755_40s_0148.fits
0270   OBJECT       4418        g  40.0   2.70602 +13.00000 /data/image_data/20160902/sage_survey/4418/4418_g_20160902205254_40s_0270.fits
0153   OBJECT       4418        r  40.0   2.70602 +13.00000 /data/image_data/20160902/sage_survey/4418/4418_r_20160902172636_40s_0153.fits
0275   OBJECT       4418        r  40.0   2.70602 +13.00000 /data/image_data/20160902/sage_survey/4418/4418_r_20160902210151_40s_0275.fits
0149   OBJECT       4419        g  40.0   2.77444 +13.00000 /data/image_data/20160902/sage_survey/4419/4419_g_20160902171939_40s_0149.fits
0271   OBJECT       4419        g  40.0   2.77444 +13.00000 /data/image_data/20160902/sage_survey/4419/4419_g_20160902205437_40s_0271.fits
0154   OBJECT       4419        r  40.0   2.77444 +13.00000 /data/image_data/20160902/sage_survey/4419/4419_r_20160902172819_40s_0154.fits
0276   OBJECT       4419        r  40.0   2.77444 +13.00000 /data/image_data/20160902/sage_survey/4419/4419_r_20160902210335_40s_0276.fits
0327   OBJECT       4420        g  40.0   2.84286 +13.00000 /data/image_data/20160902/sage_survey/4420/4420_g_20160902223138_40s_0327.fits
0332   OBJECT       4420        r  40.0   2.84286 +13.00000 /data/image_data/20160902/sage_survey/4420/4420_r_20160902224045_40s_0332.fits
0328   OBJECT       4421        g  40.0   2.91128 +13.00000 /data/image_data/20160902/sage_survey/4421/4421_g_20160902223323_40s_0328.fits
0333   OBJECT       4421        r  40.0   2.91128 +13.00000 /data/image_data/20160902/sage_survey/4421/4421_r_20160902224229_40s_0333.fits
0329   OBJECT       4422        g  40.0   2.97970 +13.00000 /data/image_data/20160902/sage_survey/4422/4422_g_20160902223533_40s_0329.fits
0331   OBJECT       4424        g  40.0   3.11654 +13.00000 /data/image_data/20160902/sage_survey/4424/4424_g_20160902223851_40s_0331.fits
0116   OBJECT       4715        g  40.0   2.16773 +14.00000 /data/image_data/20160902/sage_survey/4715/4715_g_20160902162304_40s_0116.fits
0238   OBJECT       4715        g  40.0   2.16773 +14.00000 /data/image_data/20160902/sage_survey/4715/4715_g_20160902195757_40s_0238.fits
0121   OBJECT       4715        r  40.0   2.16773 +14.00000 /data/image_data/20160902/sage_survey/4715/4715_r_20160902163135_40s_0121.fits
0243   OBJECT       4715        r  40.0   2.16773 +14.00000 /data/image_data/20160902/sage_survey/4715/4715_r_20160902200629_40s_0243.fits
0117   OBJECT       4716        g  40.0   2.23643 +14.00000 /data/image_data/20160902/sage_survey/4716/4716_g_20160902162439_40s_0117.fits
0239   OBJECT       4716        g  40.0   2.23643 +14.00000 /data/image_data/20160902/sage_survey/4716/4716_g_20160902195931_40s_0239.fits
0122   OBJECT       4716        r  40.0   2.23643 +14.00000 /data/image_data/20160902/sage_survey/4716/4716_r_20160902163309_40s_0122.fits
0244   OBJECT       4716        r  40.0   2.23643 +14.00000 /data/image_data/20160902/sage_survey/4716/4716_r_20160902200803_40s_0244.fits
0118   OBJECT       4717        g  40.0   2.30514 +14.00000 /data/image_data/20160902/sage_survey/4717/4717_g_20160902162622_40s_0118.fits
0240   OBJECT       4717        g  40.0   2.30514 +14.00000 /data/image_data/20160902/sage_survey/4717/4717_g_20160902200114_40s_0240.fits
0123   OBJECT       4717        r  40.0   2.30514 +14.00000 /data/image_data/20160902/sage_survey/4717/4717_r_20160902163453_40s_0123.fits
0245   OBJECT       4717        r  40.0   2.30514 +14.00000 /data/image_data/20160902/sage_survey/4717/4717_r_20160902200947_40s_0245.fits
0119   OBJECT       4718        g  40.0   2.37384 +14.00000 /data/image_data/20160902/sage_survey/4718/4718_g_20160902162807_40s_0119.fits
0241   OBJECT       4718        g  40.0   2.37384 +14.00000 /data/image_data/20160902/sage_survey/4718/4718_g_20160902200259_40s_0241.fits
0124   OBJECT       4718        r  40.0   2.37384 +14.00000 /data/image_data/20160902/sage_survey/4718/4718_r_20160902163636_40s_0124.fits
0246   OBJECT       4718        r  40.0   2.37384 +14.00000 /data/image_data/20160902/sage_survey/4718/4718_r_20160902201131_40s_0246.fits
0242   OBJECT       4719        g  40.0   2.44255 +14.00000 /data/image_data/20160902/sage_survey/4719/4719_g_20160902200433_40s_0242.fits
0125   OBJECT       4719        r  40.0   2.44255 +14.00000 /data/image_data/20160902/sage_survey/4719/4719_r_20160902163810_40s_0125.fits
0247   OBJECT       4719        r  40.0   2.44255 +14.00000 /data/image_data/20160902/sage_survey/4719/4719_r_20160902201306_40s_0247.fits
0066   OBJECT       4946        g  40.0  21.19972 +14.00000 /data/image_data/20160902/sage_survey/4946/4946_g_20160902145425_40s_0066.fits
0188   OBJECT       4946        g  40.0  21.19972 +14.00000 /data/image_data/20160902/sage_survey/4946/4946_g_20160902182758_40s_0188.fits
0071   OBJECT       4946        r  40.0  21.19972 +14.00000 /data/image_data/20160902/sage_survey/4946/4946_r_20160902150315_40s_0071.fits
0193   OBJECT       4946        r  40.0  21.19972 +14.00000 /data/image_data/20160902/sage_survey/4946/4946_r_20160902183638_40s_0193.fits
0067   OBJECT       4947        g  40.0  21.26843 +14.00000 /data/image_data/20160902/sage_survey/4947/4947_g_20160902145609_40s_0067.fits
0189   OBJECT       4947        g  40.0  21.26843 +14.00000 /data/image_data/20160902/sage_survey/4947/4947_g_20160902182942_40s_0189.fits
0072   OBJECT       4947        r  40.0  21.26843 +14.00000 /data/image_data/20160902/sage_survey/4947/4947_r_20160902150500_40s_0072.fits
0194   OBJECT       4947        r  40.0  21.26843 +14.00000 /data/image_data/20160902/sage_survey/4947/4947_r_20160902183822_40s_0194.fits
0068   OBJECT       4948        g  40.0  21.33714 +14.00000 /data/image_data/20160902/sage_survey/4948/4948_g_20160902145743_40s_0068.fits
0190   OBJECT       4948        g  40.0  21.33714 +14.00000 /data/image_data/20160902/sage_survey/4948/4948_g_20160902183116_40s_0190.fits
0073   OBJECT       4948        r  40.0  21.33714 +14.00000 /data/image_data/20160902/sage_survey/4948/4948_r_20160902150634_40s_0073.fits
0195   OBJECT       4948        r  40.0  21.33714 +14.00000 /data/image_data/20160902/sage_survey/4948/4948_r_20160902183956_40s_0195.fits
0069   OBJECT       4949        g  40.0  21.40584 +14.00000 /data/image_data/20160902/sage_survey/4949/4949_g_20160902145928_40s_0069.fits
0191   OBJECT       4949        g  40.0  21.40584 +14.00000 /data/image_data/20160902/sage_survey/4949/4949_g_20160902183300_40s_0191.fits
0074   OBJECT       4949        r  40.0  21.40584 +14.00000 /data/image_data/20160902/sage_survey/4949/4949_r_20160902150818_40s_0074.fits
0196   OBJECT       4949        r  40.0  21.40584 +14.00000 /data/image_data/20160902/sage_survey/4949/4949_r_20160902184140_40s_0196.fits
0070   OBJECT       4950        g  40.0  21.47455 +14.00000 /data/image_data/20160902/sage_survey/4950/4950_g_20160902150112_40s_0070.fits
0192   OBJECT       4950        g  40.0  21.47455 +14.00000 /data/image_data/20160902/sage_survey/4950/4950_g_20160902183444_40s_0192.fits
0075   OBJECT       4950        r  40.0  21.47455 +14.00000 /data/image_data/20160902/sage_survey/4950/4950_r_20160902151001_40s_0075.fits
0197   OBJECT       4950        r  40.0  21.47455 +14.00000 /data/image_data/20160902/sage_survey/4950/4950_r_20160902184324_40s_0197.fits
0079   OBJECT       4951        r  40.0  21.54326 +14.00000 /data/image_data/20160902/sage_survey/4951/4951_r_20160902151807_40s_0079.fits
0199   OBJECT       4951        r  40.0  21.54326 +14.00000 /data/image_data/20160902/sage_survey/4951/4951_r_20160902184704_40s_0199.fits
0080   OBJECT       4952        r  40.0  21.61197 +14.00000 /data/image_data/20160902/sage_survey/4952/4952_r_20160902151951_40s_0080.fits
0200   OBJECT       4952        r  40.0  21.61197 +14.00000 /data/image_data/20160902/sage_survey/4952/4952_r_20160902184849_40s_0200.fits
0081   OBJECT       4953        r  40.0  21.68067 +14.00000 /data/image_data/20160902/sage_survey/4953/4953_r_20160902152135_40s_0081.fits
0201   OBJECT       4953        r  40.0  21.68067 +14.00000 /data/image_data/20160902/sage_survey/4953/4953_r_20160902185033_40s_0201.fits
0082   OBJECT       4954        r  40.0  21.74939 +14.00000 /data/image_data/20160902/sage_survey/4954/4954_r_20160902152309_40s_0082.fits
0202   OBJECT       4954        r  40.0  21.74939 +14.00000 /data/image_data/20160902/sage_survey/4954/4954_r_20160902185207_40s_0202.fits
0078   OBJECT       4955        g  40.0  21.81809 +14.00000 /data/image_data/20160902/sage_survey/4955/4955_g_20160902151609_40s_0078.fits
0198   OBJECT       4955        g  40.0  21.81809 +14.00000 /data/image_data/20160902/sage_survey/4955/4955_g_20160902184509_40s_0198.fits
0083   OBJECT       4955        r  40.0  21.81809 +14.00000 /data/image_data/20160902/sage_survey/4955/4955_r_20160902152453_40s_0083.fits
0203   OBJECT       4955        r  40.0  21.81809 +14.00000 /data/image_data/20160902/sage_survey/4955/4955_r_20160902185350_40s_0203.fits
0111   OBJECT       5239        r  40.0  20.46741 +15.00000 /data/image_data/20160902/sage_survey/5239/5239_r_20160902161332_40s_0111.fits
0237   OBJECT       5239        r  40.0  20.46741 +15.00000 /data/image_data/20160902/sage_survey/5239/5239_r_20160902195555_40s_0237.fits
0034   OBJECT       5241        g  40.0  20.60544 +15.00000 /data/image_data/20160902/sage_survey/5241/5241_g_20160902135617_40s_0034.fits
0084   OBJECT       5246        r  40.0  20.95054 +15.00000 /data/image_data/20160902/sage_survey/5246/5246_r_20160902152643_40s_0084.fits
0206   OBJECT       5246        r  40.0  20.95054 +15.00000 /data/image_data/20160902/sage_survey/5246/5246_r_20160902185931_40s_0206.fits
0076   OBJECT       5250        g  40.0  21.22661 +15.00000 /data/image_data/20160902/sage_survey/5250/5250_g_20160902151223_40s_0076.fits
0204   OBJECT       5250        g  40.0  21.22661 +15.00000 /data/image_data/20160902/sage_survey/5250/5250_g_20160902185541_40s_0204.fits
0077   OBJECT       5252        r  40.0  21.36464 +15.00000 /data/image_data/20160902/sage_survey/5252/5252_r_20160902151424_40s_0077.fits
0205   OBJECT       5252        r  40.0  21.36464 +15.00000 /data/image_data/20160902/sage_survey/5252/5252_r_20160902185746_40s_0205.fits
0095   OBJECT       5255        g  40.0  21.57171 +15.00000 /data/image_data/20160902/sage_survey/5255/5255_g_20160902154556_40s_0095.fits
0227   OBJECT       5255        g  40.0  21.57171 +15.00000 /data/image_data/20160902/sage_survey/5255/5255_g_20160902193824_40s_0227.fits
0100   OBJECT       5255        r  40.0  21.57171 +15.00000 /data/image_data/20160902/sage_survey/5255/5255_r_20160902155443_40s_0100.fits
0232   OBJECT       5255        r  40.0  21.57171 +15.00000 /data/image_data/20160902/sage_survey/5255/5255_r_20160902194655_40s_0232.fits
0096   OBJECT       5256        g  40.0  21.64072 +15.00000 /data/image_data/20160902/sage_survey/5256/5256_g_20160902154730_40s_0096.fits
0228   OBJECT       5256        g  40.0  21.64072 +15.00000 /data/image_data/20160902/sage_survey/5256/5256_g_20160902193958_40s_0228.fits
0101   OBJECT       5256        r  40.0  21.64072 +15.00000 /data/image_data/20160902/sage_survey/5256/5256_r_20160902155617_40s_0101.fits
0233   OBJECT       5256        r  40.0  21.64072 +15.00000 /data/image_data/20160902/sage_survey/5256/5256_r_20160902194829_40s_0233.fits
0097   OBJECT       5257        g  40.0  21.70974 +15.00000 /data/image_data/20160902/sage_survey/5257/5257_g_20160902154914_40s_0097.fits
0229   OBJECT       5257        g  40.0  21.70974 +15.00000 /data/image_data/20160902/sage_survey/5257/5257_g_20160902194141_40s_0229.fits
0102   OBJECT       5257        r  40.0  21.70974 +15.00000 /data/image_data/20160902/sage_survey/5257/5257_r_20160902155802_40s_0102.fits
0234   OBJECT       5257        r  40.0  21.70974 +15.00000 /data/image_data/20160902/sage_survey/5257/5257_r_20160902195012_40s_0234.fits
0098   OBJECT       5258        g  40.0  21.77876 +15.00000 /data/image_data/20160902/sage_survey/5258/5258_g_20160902155058_40s_0098.fits
0230   OBJECT       5258        g  40.0  21.77876 +15.00000 /data/image_data/20160902/sage_survey/5258/5258_g_20160902194325_40s_0230.fits
0103   OBJECT       5258        r  40.0  21.77876 +15.00000 /data/image_data/20160902/sage_survey/5258/5258_r_20160902155946_40s_0103.fits
0235   OBJECT       5258        r  40.0  21.77876 +15.00000 /data/image_data/20160902/sage_survey/5258/5258_r_20160902195156_40s_0235.fits
0231   OBJECT       5259        g  40.0  21.84778 +15.00000 /data/image_data/20160902/sage_survey/5259/5259_g_20160902194459_40s_0231.fits
0104   OBJECT       5259        r  40.0  21.84778 +15.00000 /data/image_data/20160902/sage_survey/5259/5259_r_20160902160121_40s_0104.fits
0236   OBJECT       5259        r  40.0  21.84778 +15.00000 /data/image_data/20160902/sage_survey/5259/5259_r_20160902195330_40s_0236.fits
0035   OBJECT       5537        g  40.0  20.28931 +16.00000 /data/image_data/20160902/sage_survey/5537/5537_g_20160902135803_40s_0035.fits
0157   OBJECT       5537        g  40.0  20.28931 +16.00000 /data/image_data/20160902/sage_survey/5537/5537_g_20160902173437_40s_0157.fits
0040   OBJECT       5537        r  40.0  20.28931 +16.00000 /data/image_data/20160902/sage_survey/5537/5537_r_20160902140720_40s_0040.fits
0162   OBJECT       5537        r  40.0  20.28931 +16.00000 /data/image_data/20160902/sage_survey/5537/5537_r_20160902174318_40s_0162.fits
0036   OBJECT       5538        g  40.0  20.35866 +16.00000 /data/image_data/20160902/sage_survey/5538/5538_g_20160902135947_40s_0036.fits
0158   OBJECT       5538        g  40.0  20.35866 +16.00000 /data/image_data/20160902/sage_survey/5538/5538_g_20160902173622_40s_0158.fits
0041   OBJECT       5538        r  40.0  20.35866 +16.00000 /data/image_data/20160902/sage_survey/5538/5538_r_20160902140905_40s_0041.fits
0037   OBJECT       5539        g  40.0  20.42801 +16.00000 /data/image_data/20160902/sage_survey/5539/5539_g_20160902140121_40s_0037.fits
0159   OBJECT       5539        g  40.0  20.42801 +16.00000 /data/image_data/20160902/sage_survey/5539/5539_g_20160902173756_40s_0159.fits
0042   OBJECT       5539        r  40.0  20.42801 +16.00000 /data/image_data/20160902/sage_survey/5539/5539_r_20160902141039_40s_0042.fits
0164   OBJECT       5539        r  40.0  20.42801 +16.00000 /data/image_data/20160902/sage_survey/5539/5539_r_20160902174636_40s_0164.fits
0038   OBJECT       5540        g  40.0  20.49737 +16.00000 /data/image_data/20160902/sage_survey/5540/5540_g_20160902140304_40s_0038.fits
0160   OBJECT       5540        g  40.0  20.49737 +16.00000 /data/image_data/20160902/sage_survey/5540/5540_g_20160902173940_40s_0160.fits
0043   OBJECT       5540        r  40.0  20.49737 +16.00000 /data/image_data/20160902/sage_survey/5540/5540_r_20160902141223_40s_0043.fits
0165   OBJECT       5540        r  40.0  20.49737 +16.00000 /data/image_data/20160902/sage_survey/5540/5540_r_20160902174820_40s_0165.fits
0039   OBJECT       5541        g  40.0  20.56672 +16.00000 /data/image_data/20160902/sage_survey/5541/5541_g_20160902140449_40s_0039.fits
0161   OBJECT       5541        g  40.0  20.56672 +16.00000 /data/image_data/20160902/sage_survey/5541/5541_g_20160902174124_40s_0161.fits
0044   OBJECT       5541        r  40.0  20.56672 +16.00000 /data/image_data/20160902/sage_survey/5541/5541_r_20160902141406_40s_0044.fits
0166   OBJECT       5541        r  40.0  20.56672 +16.00000 /data/image_data/20160902/sage_survey/5541/5541_r_20160902175003_40s_0166.fits
0085   OBJECT       5542        g  40.0  20.63607 +16.00000 /data/image_data/20160902/sage_survey/5542/5542_g_20160902152829_40s_0085.fits
0207   OBJECT       5542        g  40.0  20.63607 +16.00000 /data/image_data/20160902/sage_survey/5542/5542_g_20160902190120_40s_0207.fits
0090   OBJECT       5542        r  40.0  20.63607 +16.00000 /data/image_data/20160902/sage_survey/5542/5542_r_20160902153718_40s_0090.fits
0212   OBJECT       5542        r  40.0  20.63607 +16.00000 /data/image_data/20160902/sage_survey/5542/5542_r_20160902191046_40s_0212.fits
0086   OBJECT       5543        g  40.0  20.70543 +16.00000 /data/image_data/20160902/sage_survey/5543/5543_g_20160902153013_40s_0086.fits
0208   OBJECT       5543        g  40.0  20.70543 +16.00000 /data/image_data/20160902/sage_survey/5543/5543_g_20160902190316_40s_0208.fits
0213   OBJECT       5543        r  40.0  20.70543 +16.00000 /data/image_data/20160902/sage_survey/5543/5543_r_20160902191245_40s_0213.fits
0087   OBJECT       5544        g  40.0  20.77478 +16.00000 /data/image_data/20160902/sage_survey/5544/5544_g_20160902153157_40s_0087.fits
0209   OBJECT       5544        g  40.0  20.77478 +16.00000 /data/image_data/20160902/sage_survey/5544/5544_g_20160902190500_40s_0209.fits
0092   OBJECT       5544        r  40.0  20.77478 +16.00000 /data/image_data/20160902/sage_survey/5544/5544_r_20160902154046_40s_0092.fits
0214   OBJECT       5544        r  40.0  20.77478 +16.00000 /data/image_data/20160902/sage_survey/5544/5544_r_20160902191428_40s_0214.fits
0088   OBJECT       5545        g  40.0  20.84413 +16.00000 /data/image_data/20160902/sage_survey/5545/5545_g_20160902153331_40s_0088.fits
0210   OBJECT       5545        g  40.0  20.84413 +16.00000 /data/image_data/20160902/sage_survey/5545/5545_g_20160902190634_40s_0210.fits
0089   OBJECT       5546        g  40.0  20.91349 +16.00000 /data/image_data/20160902/sage_survey/5546/5546_g_20160902153515_40s_0089.fits
0211   OBJECT       5546        g  40.0  20.91349 +16.00000 /data/image_data/20160902/sage_survey/5546/5546_g_20160902190819_40s_0211.fits
0094   OBJECT       5546        r  40.0  20.91349 +16.00000 /data/image_data/20160902/sage_survey/5546/5546_r_20160902154406_40s_0094.fits
0216   OBJECT       5546        r  40.0  20.91349 +16.00000 /data/image_data/20160902/sage_survey/5546/5546_r_20160902191802_40s_0216.fits
0055   OBJECT       5548        g  40.0  21.05219 +16.00000 /data/image_data/20160902/sage_survey/5548/5548_g_20160902143353_40s_0055.fits
0177   OBJECT       5548        g  40.0  21.05219 +16.00000 /data/image_data/20160902/sage_survey/5548/5548_g_20160902180903_40s_0177.fits
0105   OBJECT       5557        g  40.0  21.67637 +16.00000 /data/image_data/20160902/sage_survey/5557/5557_g_20160902160305_40s_0105.fits
0108   OBJECT       5557        r  40.0  21.67637 +16.00000 /data/image_data/20160902/sage_survey/5557/5557_r_20160902160818_40s_0108.fits
0107   OBJECT       5559        g  40.0  21.81508 +16.00000 /data/image_data/20160902/sage_survey/5559/5559_g_20160902160623_40s_0107.fits
0110   OBJECT       5559        r  40.0  21.81508 +16.00000 /data/image_data/20160902/sage_survey/5559/5559_r_20160902161135_40s_0110.fits
0217   OBJECT       5837        g  40.0  20.32476 +17.00000 /data/image_data/20160902/sage_survey/5837/5837_g_20160902192027_40s_0217.fits
0222   OBJECT       5837        r  40.0  20.32476 +17.00000 /data/image_data/20160902/sage_survey/5837/5837_r_20160902192914_40s_0222.fits
0218   OBJECT       5838        g  40.0  20.39447 +17.00000 /data/image_data/20160902/sage_survey/5838/5838_g_20160902192211_40s_0218.fits
0223   OBJECT       5838        r  40.0  20.39447 +17.00000 /data/image_data/20160902/sage_survey/5838/5838_r_20160902193058_40s_0223.fits
0219   OBJECT       5839        g  40.0  20.46419 +17.00000 /data/image_data/20160902/sage_survey/5839/5839_g_20160902192354_40s_0219.fits
0224   OBJECT       5839        r  40.0  20.46419 +17.00000 /data/image_data/20160902/sage_survey/5839/5839_r_20160902193241_40s_0224.fits
0220   OBJECT       5840        g  40.0  20.53390 +17.00000 /data/image_data/20160902/sage_survey/5840/5840_g_20160902192528_40s_0220.fits
0225   OBJECT       5840        r  40.0  20.53390 +17.00000 /data/image_data/20160902/sage_survey/5840/5840_r_20160902193415_40s_0225.fits
0221   OBJECT       5841        g  40.0  20.60361 +17.00000 /data/image_data/20160902/sage_survey/5841/5841_g_20160902192712_40s_0221.fits
0226   OBJECT       5841        r  40.0  20.60361 +17.00000 /data/image_data/20160902/sage_survey/5841/5841_r_20160902193559_40s_0226.fits
0056   OBJECT       5842        g  40.0  20.67333 +17.00000 /data/image_data/20160902/sage_survey/5842/5842_g_20160902143538_40s_0056.fits
0178   OBJECT       5842        g  40.0  20.67333 +17.00000 /data/image_data/20160902/sage_survey/5842/5842_g_20160902181049_40s_0178.fits
0061   OBJECT       5842        r  40.0  20.67333 +17.00000 /data/image_data/20160902/sage_survey/5842/5842_r_20160902144548_40s_0061.fits
0183   OBJECT       5842        r  40.0  20.67333 +17.00000 /data/image_data/20160902/sage_survey/5842/5842_r_20160902181928_40s_0183.fits
0057   OBJECT       5843        g  40.0  20.74304 +17.00000 /data/image_data/20160902/sage_survey/5843/5843_g_20160902143712_40s_0057.fits
0179   OBJECT       5843        g  40.0  20.74304 +17.00000 /data/image_data/20160902/sage_survey/5843/5843_g_20160902181223_40s_0179.fits
0184   OBJECT       5843        r  40.0  20.74304 +17.00000 /data/image_data/20160902/sage_survey/5843/5843_r_20160902182102_40s_0184.fits
0058   OBJECT       5844        g  40.0  20.81275 +17.00000 /data/image_data/20160902/sage_survey/5844/5844_g_20160902143856_40s_0058.fits
0180   OBJECT       5844        g  40.0  20.81275 +17.00000 /data/image_data/20160902/sage_survey/5844/5844_g_20160902181407_40s_0180.fits
0063   OBJECT       5844        r  40.0  20.81275 +17.00000 /data/image_data/20160902/sage_survey/5844/5844_r_20160902144907_40s_0063.fits
0185   OBJECT       5844        r  40.0  20.81275 +17.00000 /data/image_data/20160902/sage_survey/5844/5844_r_20160902182246_40s_0185.fits
0059   OBJECT       5845        g  40.0  20.88247 +17.00000 /data/image_data/20160902/sage_survey/5845/5845_g_20160902144155_40s_0059.fits
0181   OBJECT       5845        g  40.0  20.88247 +17.00000 /data/image_data/20160902/sage_survey/5845/5845_g_20160902181550_40s_0181.fits
0064   OBJECT       5845        r  40.0  20.88247 +17.00000 /data/image_data/20160902/sage_survey/5845/5845_r_20160902145053_40s_0064.fits
0186   OBJECT       5845        r  40.0  20.88247 +17.00000 /data/image_data/20160902/sage_survey/5845/5845_r_20160902182429_40s_0186.fits
0060   OBJECT       5846        g  40.0  20.95218 +17.00000 /data/image_data/20160902/sage_survey/5846/5846_g_20160902144340_40s_0060.fits
0182   OBJECT       5846        g  40.0  20.95218 +17.00000 /data/image_data/20160902/sage_survey/5846/5846_g_20160902181734_40s_0182.fits
0065   OBJECT       5846        r  40.0  20.95218 +17.00000 /data/image_data/20160902/sage_survey/5846/5846_r_20160902145237_40s_0065.fits
0187   OBJECT       5846        r  40.0  20.95218 +17.00000 /data/image_data/20160902/sage_survey/5846/5846_r_20160902182613_40s_0187.fits
0045   OBJECT       5847        g  40.0  21.02189 +17.00000 /data/image_data/20160902/sage_survey/5847/5847_g_20160902141556_40s_0045.fits
0167   OBJECT       5847        g  40.0  21.02189 +17.00000 /data/image_data/20160902/sage_survey/5847/5847_g_20160902175149_40s_0167.fits
0050   OBJECT       5847        r  40.0  21.02189 +17.00000 /data/image_data/20160902/sage_survey/5847/5847_r_20160902142441_40s_0050.fits
0172   OBJECT       5847        r  40.0  21.02189 +17.00000 /data/image_data/20160902/sage_survey/5847/5847_r_20160902180028_40s_0172.fits
0046   OBJECT       5848        g  40.0  21.09160 +17.00000 /data/image_data/20160902/sage_survey/5848/5848_g_20160902141739_40s_0046.fits
0168   OBJECT       5848        g  40.0  21.09160 +17.00000 /data/image_data/20160902/sage_survey/5848/5848_g_20160902175332_40s_0168.fits
0051   OBJECT       5848        r  40.0  21.09160 +17.00000 /data/image_data/20160902/sage_survey/5848/5848_r_20160902142625_40s_0051.fits
0173   OBJECT       5848        r  40.0  21.09160 +17.00000 /data/image_data/20160902/sage_survey/5848/5848_r_20160902180213_40s_0173.fits
0047   OBJECT       5849        g  40.0  21.16131 +17.00000 /data/image_data/20160902/sage_survey/5849/5849_g_20160902141923_40s_0047.fits
0169   OBJECT       5849        g  40.0  21.16131 +17.00000 /data/image_data/20160902/sage_survey/5849/5849_g_20160902175516_40s_0169.fits
0052   OBJECT       5849        r  40.0  21.16131 +17.00000 /data/image_data/20160902/sage_survey/5849/5849_r_20160902142827_40s_0052.fits
0174   OBJECT       5849        r  40.0  21.16131 +17.00000 /data/image_data/20160902/sage_survey/5849/5849_r_20160902180357_40s_0174.fits
0048   OBJECT       5850        g  40.0  21.23103 +17.00000 /data/image_data/20160902/sage_survey/5850/5850_g_20160902142057_40s_0048.fits
0170   OBJECT       5850        g  40.0  21.23103 +17.00000 /data/image_data/20160902/sage_survey/5850/5850_g_20160902175650_40s_0170.fits
0053   OBJECT       5850        r  40.0  21.23103 +17.00000 /data/image_data/20160902/sage_survey/5850/5850_r_20160902143001_40s_0053.fits
0175   OBJECT       5850        r  40.0  21.23103 +17.00000 /data/image_data/20160902/sage_survey/5850/5850_r_20160902180531_40s_0175.fits
0049   OBJECT       5851        g  40.0  21.30074 +17.00000 /data/image_data/20160902/sage_survey/5851/5851_g_20160902142241_40s_0049.fits
0171   OBJECT       5851        g  40.0  21.30074 +17.00000 /data/image_data/20160902/sage_survey/5851/5851_g_20160902175834_40s_0171.fits
0054   OBJECT       5851        r  40.0  21.30074 +17.00000 /data/image_data/20160902/sage_survey/5851/5851_r_20160902143145_40s_0054.fits
0176   OBJECT       5851        r  40.0  21.30074 +17.00000 /data/image_data/20160902/sage_survey/5851/5851_r_20160902180715_40s_0176.fits
0112   OBJECT       5857        g  40.0  21.71901 +17.00000 /data/image_data/20160902/sage_survey/5857/5857_g_20160902161529_40s_0112.fits
0114   OBJECT       5857        r  40.0  21.71901 +17.00000 /data/image_data/20160902/sage_survey/5857/5857_r_20160902161907_40s_0114.fits
0113   OBJECT       5858        g  40.0  21.78873 +17.00000 /data/image_data/20160902/sage_survey/5858/5858_g_20160902161712_40s_0113.fits
0115   OBJECT       5858        r  40.0  21.78873 +17.00000 /data/image_data/20160902/sage_survey/5858/5858_r_20160902162052_40s_0115.fits
