0032   object      11545   strumu  60.0  48.25283 +22.89997 /data/raw/bok/u/201603A/J7464/good/d7464.0032.fits
0033   object      11546   strumu  60.0  49.12133 +22.89992 /data/raw/bok/u/201603A/J7464/good/d7464.0033.fits
0034   object      11547   strumu  60.0  49.98979 +22.89992 /data/raw/bok/u/201603A/J7464/good/d7464.0034.fits
0035   object      11548   strumu  60.0  50.85817 +22.89994 /data/raw/bok/u/201603A/J7464/good/d7464.0035.fits
0036   object      11549   strumu  60.0  51.72658 +22.89992 /data/raw/bok/u/201603A/J7464/good/d7464.0036.fits
0037   object      11902   strumu  60.0  48.54433 +23.70000 /data/raw/bok/u/201603A/J7464/good/d7464.0037.fits
0038   object      11903   strumu  60.0  49.41783 +23.69994 /data/raw/bok/u/201603A/J7464/good/d7464.0038.fits
0039   object      11904   strumu  60.0  50.29129 +23.69994 /data/raw/bok/u/201603A/J7464/good/d7464.0039.fits
0040   object      11905   strumu  60.0  51.16500 +23.69994 /data/raw/bok/u/201603A/J7464/good/d7464.0040.fits
0041   object      11906   strumu  60.0  52.03875 +23.69994 /data/raw/bok/u/201603A/J7464/good/d7464.0041.fits
0042   object      11907   strumu  60.0  52.91217 +23.69994 /data/raw/bok/u/201603A/J7464/good/d7464.0042.fits
0043   object      11908   strumu  60.0  53.78633 +23.69994 /data/raw/bok/u/201603A/J7464/good/d7464.0043.fits
0044   object      11909   strumu  60.0  54.65983 +23.69994 /data/raw/bok/u/201603A/J7464/good/d7464.0044.fits
0045   object      11910   strumu  60.0  55.53375 +23.69994 /data/raw/bok/u/201603A/J7464/good/d7464.0045.fits
0046   object      11911   strumu  60.0  56.40708 +23.69994 /data/raw/bok/u/201603A/J7464/good/d7464.0046.fits
0047   object      11912   strumu  60.0  57.28058 +23.69994 /data/raw/bok/u/201603A/J7464/good/d7464.0047.fits
0048   object      12624   strumu  60.0  62.43917 +25.30000 /data/raw/bok/u/201603A/J7464/good/d7464.0048.fits
0049   object      12625   strumu  60.0  63.32379 +25.29994 /data/raw/bok/u/201603A/J7464/good/d7464.0049.fits
0050   object      12626   strumu  60.0  64.20879 +25.29994 /data/raw/bok/u/201603A/J7464/good/d7464.0050.fits
0060   object      13729   strumu  60.0 149.59446 +27.69994 /data/raw/bok/u/201603A/J7464/good/d7464.0060.fits
0061   object      13730   strumu  60.0 150.49767 +27.70000 /data/raw/bok/u/201603A/J7464/good/d7464.0061.fits
0062   object      13388   strumu  60.0 151.21129 +26.90003 /data/raw/bok/u/201603A/J7464/good/d7464.0062.fits
0063   object      13389   strumu  60.0 152.10804 +26.89994 /data/raw/bok/u/201603A/J7464/good/d7464.0063.fits
0064   object      13390   strumu  60.0 153.00525 +26.89994 /data/raw/bok/u/201603A/J7464/good/d7464.0064.fits
0070   object      13391   strumu  60.0 153.90238 +26.89997 /data/raw/bok/u/201603A/J7464/good/d7464.0070.fits
0071   object      13392   strumu  60.0 154.79946 +26.89997 /data/raw/bok/u/201603A/J7464/good/d7464.0071.fits
0072   object      13393   strumu  60.0 155.69658 +26.89997 /data/raw/bok/u/201603A/J7464/good/d7464.0072.fits
0073   object      13394   strumu  60.0 156.59358 +26.89997 /data/raw/bok/u/201603A/J7464/good/d7464.0073.fits
0074   object      13731   strumu  60.0 151.40162 +27.70000 /data/raw/bok/u/201603A/J7464/good/d7464.0074.fits
0075   object      13732   strumu  60.0 152.30492 +27.69997 /data/raw/bok/u/201603A/J7464/good/d7464.0075.fits
0076   object      13733   strumu  60.0 153.20871 +27.69994 /data/raw/bok/u/201603A/J7464/good/d7464.0076.fits
0077   object      13734   strumu  60.0 154.11188 +27.69997 /data/raw/bok/u/201603A/J7464/good/d7464.0077.fits
0078   object      13735   strumu  60.0 155.01563 +27.70000 /data/raw/bok/u/201603A/J7464/good/d7464.0078.fits
0079   object      13736   strumu  60.0 155.91904 +27.70000 /data/raw/bok/u/201603A/J7464/good/d7464.0079.fits
0080   object      13737   strumu  60.0 156.82271 +27.69997 /data/raw/bok/u/201603A/J7464/good/d7464.0080.fits
0081   object      13049   strumu  60.0 157.28904 +26.10017 /data/raw/bok/u/201603A/J7464/good/d7464.0081.fits
0082   object      13050   strumu  60.0 158.17962 +26.10000 /data/raw/bok/u/201603A/J7464/good/d7464.0082.fits
0083   object      13051   strumu  60.0 159.07033 +26.10000 /data/raw/bok/u/201603A/J7464/good/d7464.0083.fits
0084   object      13052   strumu  60.0 159.96158 +26.10000 /data/raw/bok/u/201603A/J7464/good/d7464.0084.fits
0085   object      13053   strumu  60.0 160.85242 +26.09997 /data/raw/bok/u/201603A/J7464/good/d7464.0085.fits
0086   object      13054   strumu  60.0 161.74308 +26.10000 /data/raw/bok/u/201603A/J7464/good/d7464.0086.fits
0087   object      13055   strumu  60.0 162.63396 +26.10000 /data/raw/bok/u/201603A/J7464/good/d7464.0087.fits
0088   object      13395   strumu  60.0 157.49083 +26.89997 /data/raw/bok/u/201603A/J7464/good/d7464.0088.fits
0089   object      13396   strumu  60.0 158.38788 +26.89994 /data/raw/bok/u/201603A/J7464/good/d7464.0089.fits
0090   object      13397   strumu  60.0 159.28492 +26.89997 /data/raw/bok/u/201603A/J7464/good/d7464.0090.fits
0091   object      13398   strumu  60.0 160.18196 +26.89994 /data/raw/bok/u/201603A/J7464/good/d7464.0091.fits
0092   object      13399   strumu  60.0 161.07904 +26.89997 /data/raw/bok/u/201603A/J7464/good/d7464.0092.fits
0093   object      13400   strumu  60.0 161.97608 +26.89997 /data/raw/bok/u/201603A/J7464/good/d7464.0093.fits
0094   object      13401   strumu  60.0 162.87333 +26.89997 /data/raw/bok/u/201603A/J7464/good/d7464.0094.fits
0095   object      13738   strumu  60.0 157.72671 +27.69997 /data/raw/bok/u/201603A/J7464/good/d7464.0095.fits
0096   object      13739   strumu  60.0 158.62987 +27.69997 /data/raw/bok/u/201603A/J7464/good/d7464.0096.fits
0097   object      13740   strumu  60.0 159.53346 +27.70000 /data/raw/bok/u/201603A/J7464/good/d7464.0097.fits
0098   object      13741   strumu  60.0 160.43708 +27.70000 /data/raw/bok/u/201603A/J7464/good/d7464.0098.fits
0099   object      13742   strumu  60.0 161.34079 +27.70000 /data/raw/bok/u/201603A/J7464/good/d7464.0099.fits
0100   object      13743   strumu  60.0 162.24408 +27.70000 /data/raw/bok/u/201603A/J7464/good/d7464.0100.fits
0101   object      13744   strumu  60.0 163.14779 +27.70000 /data/raw/bok/u/201603A/J7464/good/d7464.0101.fits
0102   object      13056   strumu  60.0 163.52492 +26.10019 /data/raw/bok/u/201603A/J7464/good/d7464.0102.fits
0103   object      13057   strumu  60.0 164.41575 +26.09997 /data/raw/bok/u/201603A/J7464/good/d7464.0103.fits
0104   object      13058   strumu  60.0 165.30662 +26.09997 /data/raw/bok/u/201603A/J7464/good/d7464.0104.fits
0105   object      13059   strumu  60.0 166.19729 +26.09997 /data/raw/bok/u/201603A/J7464/good/d7464.0105.fits
0106   object      13060   strumu  60.0 167.08825 +26.09997 /data/raw/bok/u/201603A/J7464/good/d7464.0106.fits
0107   object      13061   strumu  60.0 167.97904 +26.09997 /data/raw/bok/u/201603A/J7464/good/d7464.0107.fits
0108   object      13062   strumu  60.0 168.86992 +26.09997 /data/raw/bok/u/201603A/J7464/good/d7464.0108.fits
0109   object      12359   strumu  60.0 164.01800 +24.49994 /data/raw/bok/u/201603A/J7464/good/d7464.0109.fits
0110   object      12360   strumu  60.0 164.89683 +24.49994 /data/raw/bok/u/201603A/J7464/good/d7464.0110.fits
0111   object      12361   strumu  60.0 165.77613 +24.49994 /data/raw/bok/u/201603A/J7464/good/d7464.0111.fits
0112   object      12362   strumu  60.0 166.65504 +24.49994 /data/raw/bok/u/201603A/J7464/good/d7464.0112.fits
0113   object      12363   strumu  60.0 167.53442 +24.49994 /data/raw/bok/u/201603A/J7464/good/d7464.0113.fits
0114   object      12364   strumu  60.0 168.41371 +24.50000 /data/raw/bok/u/201603A/J7464/good/d7464.0114.fits
0115   object      12365   strumu  60.0 169.29250 +24.49997 /data/raw/bok/u/201603A/J7464/good/d7464.0115.fits
0116   object      12710   strumu  60.0 164.19946 +25.30000 /data/raw/bok/u/201603A/J7464/good/d7464.0116.fits
0117   object      12711   strumu  60.0 165.08450 +25.29997 /data/raw/bok/u/201603A/J7464/good/d7464.0117.fits
0118   object      12712   strumu  60.0 165.96913 +25.29997 /data/raw/bok/u/201603A/J7464/good/d7464.0118.fits
0119   object      12713   strumu  60.0 166.85408 +25.29997 /data/raw/bok/u/201603A/J7464/good/d7464.0119.fits
0120   object      12714   strumu  60.0 167.73917 +25.30000 /data/raw/bok/u/201603A/J7464/good/d7464.0120.fits
0123   object      12715   strumu  60.0 168.62400 +25.30000 /data/raw/bok/u/201603A/J7464/good/d7464.0123.fits
0124   object      12716   strumu  60.0 169.50858 +25.30000 /data/raw/bok/u/201603A/J7464/good/d7464.0124.fits
0126   object      12715   strumu  60.0 168.62421 +25.30000 /data/raw/bok/u/201603A/J7464/good/d7464.0126.fits
0127   object      12716   strumu  60.0 169.50854 +25.29997 /data/raw/bok/u/201603A/J7464/good/d7464.0127.fits
0128   object      14097   strumu  60.0 177.11279 +28.50000 /data/raw/bok/u/201603A/J7464/good/d7464.0128.fits
0129   object      14098   strumu  60.0 178.02325 +28.50000 /data/raw/bok/u/201603A/J7464/good/d7464.0129.fits
0130   object      14099   strumu  60.0 178.93350 +28.50000 /data/raw/bok/u/201603A/J7464/good/d7464.0130.fits
0131   object      14100   strumu  60.0 179.84392 +28.50000 /data/raw/bok/u/201603A/J7464/good/d7464.0131.fits
0132   object      14101   strumu  60.0 180.75392 +28.50000 /data/raw/bok/u/201603A/J7464/good/d7464.0132.fits
0133   object      14102   strumu  60.0 181.66433 +28.50000 /data/raw/bok/u/201603A/J7464/good/d7464.0133.fits
0134   object      14103   strumu  60.0 182.57492 +28.50000 /data/raw/bok/u/201603A/J7464/good/d7464.0134.fits
0138   object      18466   strumu  60.0 181.50500 +39.69983 /data/raw/bok/u/201603A/J7464/good/d7464.0138.fits
0139   object      18467   strumu  60.0 182.54492 +39.69997 /data/raw/bok/u/201603A/J7464/good/d7464.0139.fits
0140   object      18468   strumu  60.0 183.58446 +39.69997 /data/raw/bok/u/201603A/J7464/good/d7464.0140.fits
0141   object      18469   strumu  60.0 184.62450 +39.69997 /data/raw/bok/u/201603A/J7464/good/d7464.0141.fits
0142   object      18470   strumu  60.0 185.66404 +39.69994 /data/raw/bok/u/201603A/J7464/good/d7464.0142.fits
0143   object      18471   strumu  60.0 186.70413 +39.69994 /data/raw/bok/u/201603A/J7464/good/d7464.0143.fits
0144   object      18472   strumu  60.0 187.74367 +39.69997 /data/raw/bok/u/201603A/J7464/good/d7464.0144.fits
0147   object      17303   strumu  60.0 186.66246 +36.50000 /data/raw/bok/u/201603A/J7464/good/d7464.0147.fits
0148   object      17304   strumu  60.0 187.65771 +36.50000 /data/raw/bok/u/201603A/J7464/good/d7464.0148.fits
0149   object      17305   strumu  60.0 188.65279 +36.49997 /data/raw/bok/u/201603A/J7464/good/d7464.0149.fits
0150   object      17306   strumu  60.0 189.64817 +36.49997 /data/raw/bok/u/201603A/J7464/good/d7464.0150.fits
0151   object      17307   strumu  60.0 190.64321 +36.49997 /data/raw/bok/u/201603A/J7464/good/d7464.0151.fits
0152   object      17308   strumu  60.0 191.63867 +36.50000 /data/raw/bok/u/201603A/J7464/good/d7464.0152.fits
0153   object      17309   strumu  60.0 192.63363 +36.49997 /data/raw/bok/u/201603A/J7464/good/d7464.0153.fits
0154   object      17601   strumu  60.0 186.61825 +37.29994 /data/raw/bok/u/201603A/J7464/good/d7464.0154.fits
0155   object      17602   strumu  60.0 187.62387 +37.29994 /data/raw/bok/u/201603A/J7464/good/d7464.0155.fits
0156   object      17603   strumu  60.0 188.62942 +37.29994 /data/raw/bok/u/201603A/J7464/good/d7464.0156.fits
0157   object      17604   strumu  60.0 189.63529 +37.29994 /data/raw/bok/u/201603A/J7464/good/d7464.0157.fits
0158   object      17605   strumu  60.0 190.64112 +37.29994 /data/raw/bok/u/201603A/J7464/good/d7464.0158.fits
0159   object      17606   strumu  60.0 191.64650 +37.29994 /data/raw/bok/u/201603A/J7464/good/d7464.0159.fits
0160   object      17607   strumu  60.0 192.65242 +37.29994 /data/raw/bok/u/201603A/J7464/good/d7464.0160.fits
0161   object      16388   strumu  60.0 191.83363 +34.10017 /data/raw/bok/u/201603A/J7464/good/d7464.0161.fits
0162   object      16389   strumu  60.0 192.79987 +34.09997 /data/raw/bok/u/201603A/J7464/good/d7464.0162.fits
0163   object      16390   strumu  60.0 193.76604 +34.09997 /data/raw/bok/u/201603A/J7464/good/d7464.0163.fits
0164   object      16391   strumu  60.0 194.73175 +34.09994 /data/raw/bok/u/201603A/J7464/good/d7464.0164.fits
0165   object      16392   strumu  60.0 195.69800 +34.09997 /data/raw/bok/u/201603A/J7464/good/d7464.0165.fits
0166   object      16393   strumu  60.0 196.66421 +34.09997 /data/raw/bok/u/201603A/J7464/good/d7464.0166.fits
0167   object      16394   strumu  60.0 197.63025 +34.09997 /data/raw/bok/u/201603A/J7464/good/d7464.0167.fits
0168   object      16698   strumu  60.0 192.70837 +34.89997 /data/raw/bok/u/201603A/J7464/good/d7464.0168.fits
0169   object      16699   strumu  60.0 193.68371 +34.89997 /data/raw/bok/u/201603A/J7464/good/d7464.0169.fits
0170   object      16700   strumu  60.0 194.65904 +34.89997 /data/raw/bok/u/201603A/J7464/good/d7464.0170.fits
0171   object      16701   strumu  60.0 195.63433 +34.90000 /data/raw/bok/u/201603A/J7464/good/d7464.0171.fits
0172   object      16702   strumu  60.0 196.61004 +34.89997 /data/raw/bok/u/201603A/J7464/good/d7464.0172.fits
0173   object      16703   strumu  60.0 197.58508 +34.89997 /data/raw/bok/u/201603A/J7464/good/d7464.0173.fits
0174   object      16704   strumu  60.0 198.56079 +34.89997 /data/raw/bok/u/201603A/J7464/good/d7464.0174.fits
0175   object      15114   strumu  60.0 197.24608 +30.90019 /data/raw/bok/u/201603A/J7464/good/d7464.0175.fits
0176   object      15115   strumu  60.0 198.17825 +30.90000 /data/raw/bok/u/201603A/J7464/good/d7464.0176.fits
0177   object      15116   strumu  60.0 199.11050 +30.90000 /data/raw/bok/u/201603A/J7464/good/d7464.0177.fits
0184   object      15117   strumu  60.0 200.04329 +30.90000 /data/raw/bok/u/201603A/J7464/good/d7464.0184.fits
0185   object      15118   strumu  60.0 200.97525 +30.90000 /data/raw/bok/u/201603A/J7464/good/d7464.0185.fits
0186   object      15119   strumu  60.0 201.90787 +30.90000 /data/raw/bok/u/201603A/J7464/good/d7464.0186.fits
0187   object      15120   strumu  60.0 202.83963 +30.90000 /data/raw/bok/u/201603A/J7464/good/d7464.0187.fits
0188   object      15439   strumu  60.0 197.04717 +31.70000 /data/raw/bok/u/201603A/J7464/good/d7464.0188.fits
0189   object      15440   strumu  60.0 197.98754 +31.69997 /data/raw/bok/u/201603A/J7464/good/d7464.0189.fits
0190   object      15441   strumu  60.0 198.92775 +31.70000 /data/raw/bok/u/201603A/J7464/good/d7464.0190.fits
0191   object      15442   strumu  60.0 199.86779 +31.70000 /data/raw/bok/u/201603A/J7464/good/d7464.0191.fits
0192   object      15443   strumu  60.0 200.80813 +31.70000 /data/raw/bok/u/201603A/J7464/good/d7464.0192.fits
0193   object      15444   strumu  60.0 201.74875 +31.70000 /data/raw/bok/u/201603A/J7464/good/d7464.0193.fits
0194   object      15445   strumu  60.0 202.68854 +31.70000 /data/raw/bok/u/201603A/J7464/good/d7464.0194.fits
0195   object      15761   strumu  60.0 197.83204 +32.49997 /data/raw/bok/u/201603A/J7464/good/d7464.0195.fits
0196   object      15762   strumu  60.0 198.78058 +32.49997 /data/raw/bok/u/201603A/J7464/good/d7464.0196.fits
0197   object      15763   strumu  60.0 199.72888 +32.50000 /data/raw/bok/u/201603A/J7464/good/d7464.0197.fits
0198   object      15764   strumu  60.0 200.67783 +32.50000 /data/raw/bok/u/201603A/J7464/good/d7464.0198.fits
0199   object      15765   strumu  60.0 201.62604 +32.49997 /data/raw/bok/u/201603A/J7464/good/d7464.0199.fits
0200   object      15766   strumu  60.0 202.57479 +32.49997 /data/raw/bok/u/201603A/J7464/good/d7464.0200.fits
0201   object      15767   strumu  60.0 203.52317 +32.49997 /data/raw/bok/u/201603A/J7464/good/d7464.0201.fits
0202   object      14125   strumu  60.0 202.60200 +28.50003 /data/raw/bok/u/201603A/J7464/good/d7464.0202.fits
0203   object      14126   strumu  60.0 203.51179 +28.50000 /data/raw/bok/u/201603A/J7464/good/d7464.0203.fits
0204   object      14127   strumu  60.0 204.42213 +28.50000 /data/raw/bok/u/201603A/J7464/good/d7464.0204.fits
0205   object      14128   strumu  60.0 205.33271 +28.50000 /data/raw/bok/u/201603A/J7464/good/d7464.0205.fits
0206   object      14129   strumu  60.0 206.24308 +28.50000 /data/raw/bok/u/201603A/J7464/good/d7464.0206.fits
0207   object      14130   strumu  60.0 207.15317 +28.50000 /data/raw/bok/u/201603A/J7464/good/d7464.0207.fits
0208   object      14131   strumu  60.0 208.06350 +28.50000 /data/raw/bok/u/201603A/J7464/good/d7464.0208.fits
0209   object      14460   strumu  60.0 202.33500 +29.30000 /data/raw/bok/u/201603A/J7464/good/d7464.0209.fits
0210   object      14461   strumu  60.0 203.25200 +29.30000 /data/raw/bok/u/201603A/J7464/good/d7464.0210.fits
0211   object      14462   strumu  60.0 204.16942 +29.30000 /data/raw/bok/u/201603A/J7464/good/d7464.0211.fits
0212   object      14463   strumu  60.0 205.08687 +29.30000 /data/raw/bok/u/201603A/J7464/good/d7464.0212.fits
0213   object      14464   strumu  60.0 206.00412 +29.30000 /data/raw/bok/u/201603A/J7464/good/d7464.0213.fits
0214   object      14465   strumu  60.0 206.92142 +29.30000 /data/raw/bok/u/201603A/J7464/good/d7464.0214.fits
0215   object      14466   strumu  60.0 207.83904 +29.30000 /data/raw/bok/u/201603A/J7464/good/d7464.0215.fits
0219   object      16079   strumu  60.0 197.71292 +33.29992 /data/raw/bok/u/201603A/J7464/good/d7464.0219.fits
0220   object      16080   strumu  60.0 198.67000 +33.29994 /data/raw/bok/u/201603A/J7464/good/d7464.0220.fits
0221   object      16081   strumu  60.0 199.62721 +33.29994 /data/raw/bok/u/201603A/J7464/good/d7464.0221.fits
0222   object      16082   strumu  60.0 200.58454 +33.29994 /data/raw/bok/u/201603A/J7464/good/d7464.0222.fits
0223   object      16083   strumu  60.0 201.54150 +33.29994 /data/raw/bok/u/201603A/J7464/good/d7464.0223.fits
0224   object      16084   strumu  60.0 202.49833 +33.29994 /data/raw/bok/u/201603A/J7464/good/d7464.0224.fits
0225   object      16085   strumu  60.0 203.45563 +33.29994 /data/raw/bok/u/201603A/J7464/good/d7464.0225.fits
0226   object      14792   strumu  60.0 203.02779 +30.10017 /data/raw/bok/u/201603A/J7464/good/d7464.0226.fits
0227   object      14793   strumu  60.0 203.95288 +30.10000 /data/raw/bok/u/201603A/J7464/good/d7464.0227.fits
0228   object      14794   strumu  60.0 204.87742 +30.10000 /data/raw/bok/u/201603A/J7464/good/d7464.0228.fits
0229   object      14795   strumu  60.0 205.80208 +30.10000 /data/raw/bok/u/201603A/J7464/good/d7464.0229.fits
0230   object      14796   strumu  60.0 206.72642 +30.10000 /data/raw/bok/u/201603A/J7464/good/d7464.0230.fits
0231   object      14797   strumu  60.0 207.65171 +30.10000 /data/raw/bok/u/201603A/J7464/good/d7464.0231.fits
0232   object      14798   strumu  60.0 208.57596 +30.10000 /data/raw/bok/u/201603A/J7464/good/d7464.0232.fits
0233   object      15121   strumu  60.0 203.77271 +30.89997 /data/raw/bok/u/201603A/J7464/good/d7464.0233.fits
0234   object      15122   strumu  60.0 204.70454 +30.90000 /data/raw/bok/u/201603A/J7464/good/d7464.0234.fits
0235   object      15123   strumu  60.0 205.63700 +30.90000 /data/raw/bok/u/201603A/J7464/good/d7464.0235.fits
0236   object      15124   strumu  60.0 206.56950 +30.90000 /data/raw/bok/u/201603A/J7464/good/d7464.0236.fits
0237   object      15125   strumu  60.0 207.50163 +30.90000 /data/raw/bok/u/201603A/J7464/good/d7464.0237.fits
0238   object      15126   strumu  60.0 208.43408 +30.90000 /data/raw/bok/u/201603A/J7464/good/d7464.0238.fits
0239   object      15127   strumu  60.0 209.36625 +30.90000 /data/raw/bok/u/201603A/J7464/good/d7464.0239.fits
0240   object      14132   strumu  60.0 208.97408 +28.50003 /data/raw/bok/u/201603A/J7464/good/d7464.0240.fits
0241   object      14133   strumu  60.0 209.88433 +28.50000 /data/raw/bok/u/201603A/J7464/good/d7464.0241.fits
0242   object      14134   strumu  60.0 210.79442 +28.50000 /data/raw/bok/u/201603A/J7464/good/d7464.0242.fits
0243   object      14135   strumu  60.0 211.70483 +28.50000 /data/raw/bok/u/201603A/J7464/good/d7464.0243.fits
0244   object      14136   strumu  60.0 212.61533 +28.50000 /data/raw/bok/u/201603A/J7464/good/d7464.0244.fits
0245   object      14137   strumu  60.0 213.52558 +28.50000 /data/raw/bok/u/201603A/J7464/good/d7464.0245.fits
0246   object      14138   strumu  60.0 214.43579 +28.50000 /data/raw/bok/u/201603A/J7464/good/d7464.0246.fits
0247   object      15446   strumu  60.0 203.62942 +31.69997 /data/raw/bok/u/201603A/J7464/good/d7464.0247.fits
0248   object      15447   strumu  60.0 204.56954 +31.70000 /data/raw/bok/u/201603A/J7464/good/d7464.0248.fits
0249   object      14138   strumu  60.0 214.43579 +28.49997 /data/raw/bok/u/201603A/J7464/good/d7464.0249.fits
0250   object      15448   strumu  60.0 205.50958 +31.70000 /data/raw/bok/u/201603A/J7464/good/d7464.0250.fits
0251   object      15449   strumu  60.0 206.44992 +31.70000 /data/raw/bok/u/201603A/J7464/good/d7464.0251.fits
0252   object      15450   strumu  60.0 207.39021 +31.70000 /data/raw/bok/u/201603A/J7464/good/d7464.0252.fits
0253   object      15451   strumu  60.0 208.33000 +31.70000 /data/raw/bok/u/201603A/J7464/good/d7464.0253.fits
0254   object      15452   strumu  60.0 209.27079 +31.70000 /data/raw/bok/u/201603A/J7464/good/d7464.0254.fits
0255   object      14467   strumu  60.0 208.75625 +29.30019 /data/raw/bok/u/201603A/J7464/good/d7464.0255.fits
0256   object      14468   strumu  60.0 209.67358 +29.30000 /data/raw/bok/u/201603A/J7464/good/d7464.0256.fits
0257   object      14469   strumu  60.0 210.59104 +29.30000 /data/raw/bok/u/201603A/J7464/good/d7464.0257.fits
0258   object      14470   strumu  60.0 211.50825 +29.30000 /data/raw/bok/u/201603A/J7464/good/d7464.0258.fits
0259   object      14471   strumu  60.0 212.42575 +29.30000 /data/raw/bok/u/201603A/J7464/good/d7464.0259.fits
0260   object      14472   strumu  60.0 213.34333 +29.30000 /data/raw/bok/u/201603A/J7464/good/d7464.0260.fits
0261   object      14473   strumu  60.0 214.26025 +29.30000 /data/raw/bok/u/201603A/J7464/good/d7464.0261.fits
0262   object      14799   strumu  60.0 209.50092 +30.10000 /data/raw/bok/u/201603A/J7464/good/d7464.0262.fits
0263   object      14800   strumu  60.0 210.42538 +30.10000 /data/raw/bok/u/201603A/J7464/good/d7464.0263.fits
0264   object      14801   strumu  60.0 211.35038 +30.10000 /data/raw/bok/u/201603A/J7464/good/d7464.0264.fits
0265   object      14802   strumu  60.0 212.27504 +30.10000 /data/raw/bok/u/201603A/J7464/good/d7464.0265.fits
0266   object      14803   strumu  60.0 213.19942 +30.10000 /data/raw/bok/u/201603A/J7464/good/d7464.0266.fits
0267   object      14804   strumu  60.0 214.12438 +30.10000 /data/raw/bok/u/201603A/J7464/good/d7464.0267.fits
0268   object      14805   strumu  60.0 215.04892 +30.10000 /data/raw/bok/u/201603A/J7464/good/d7464.0268.fits
0269   object      13458   strumu  60.0 214.00575 +26.90008 /data/raw/bok/u/201603A/J7464/good/d7464.0269.fits
0270   object      13459   strumu  60.0 214.90279 +26.89997 /data/raw/bok/u/201603A/J7464/good/d7464.0270.fits
0271   object      13460   strumu  60.0 215.79992 +26.89997 /data/raw/bok/u/201603A/J7464/good/d7464.0271.fits
0272   object      13461   strumu  60.0 216.69700 +26.89997 /data/raw/bok/u/201603A/J7464/good/d7464.0272.fits
0273   object      13462   strumu  60.0 217.59400 +26.89997 /data/raw/bok/u/201603A/J7464/good/d7464.0273.fits
0274   object      13463   strumu  60.0 218.49113 +26.89997 /data/raw/bok/u/201603A/J7464/good/d7464.0274.fits
0275   object      13464   strumu  60.0 219.38821 +26.89997 /data/raw/bok/u/201603A/J7464/good/d7464.0275.fits
0276   object      13801   strumu  60.0 214.65071 +27.70000 /data/raw/bok/u/201603A/J7464/good/d7464.0276.fits
0277   object      13802   strumu  60.0 215.55363 +27.70000 /data/raw/bok/u/201603A/J7464/good/d7464.0277.fits
0278   object      13803   strumu  60.0 216.45733 +27.70000 /data/raw/bok/u/201603A/J7464/good/d7464.0278.fits
0279   object      13804   strumu  60.0 217.36071 +27.70000 /data/raw/bok/u/201603A/J7464/good/d7464.0279.fits
0280   object      13805   strumu  60.0 218.26442 +27.70000 /data/raw/bok/u/201603A/J7464/good/d7464.0280.fits
0284   object      13806   strumu  60.0 219.16792 +27.70000 /data/raw/bok/u/201603A/J7464/good/d7464.0284.fits
0285   object      13807   strumu  60.0 220.07162 +27.70000 /data/raw/bok/u/201603A/J7464/good/d7464.0285.fits
0286   object      12068   strumu  60.0 218.91242 +23.70008 /data/raw/bok/u/201603A/J7464/good/d7464.0286.fits
0287   object      12069   strumu  60.0 219.78617 +23.70000 /data/raw/bok/u/201603A/J7464/good/d7464.0287.fits
0288   object      12070   strumu  60.0 220.66004 +23.70000 /data/raw/bok/u/201603A/J7464/good/d7464.0288.fits
0289   object      12071   strumu  60.0 221.53388 +23.70000 /data/raw/bok/u/201603A/J7464/good/d7464.0289.fits
0290   object      12072   strumu  60.0 222.40700 +23.70000 /data/raw/bok/u/201603A/J7464/good/d7464.0290.fits
0291   object      12073   strumu  60.0 223.28092 +23.70000 /data/raw/bok/u/201603A/J7464/good/d7464.0291.fits
0292   object      12074   strumu  60.0 224.15458 +23.70000 /data/raw/bok/u/201603A/J7464/good/d7464.0292.fits
0293   object      14139   strumu  60.0 215.34629 +28.49997 /data/raw/bok/u/201603A/J7464/good/d7464.0293.fits
0294   object      14140   strumu  60.0 216.25667 +28.49997 /data/raw/bok/u/201603A/J7464/good/d7464.0294.fits
0295   object      14141   strumu  60.0 217.16700 +28.50000 /data/raw/bok/u/201603A/J7464/good/d7464.0295.fits
0296   object      14142   strumu  60.0 218.07700 +28.50000 /data/raw/bok/u/201603A/J7464/good/d7464.0296.fits
0297   object      14143   strumu  60.0 218.98729 +28.50000 /data/raw/bok/u/201603A/J7464/good/d7464.0297.fits
0299   object      14145   strumu  60.0 220.80837 +28.50000 /data/raw/bok/u/201603A/J7464/good/d7464.0299.fits
0300   object      12773   strumu  60.0 219.94667 +25.30014 /data/raw/bok/u/201603A/J7464/good/d7464.0300.fits
0301   object      12774   strumu  60.0 220.83154 +25.30000 /data/raw/bok/u/201603A/J7464/good/d7464.0301.fits
0302   object      12775   strumu  60.0 221.71667 +25.30000 /data/raw/bok/u/201603A/J7464/good/d7464.0302.fits
0303   object      12776   strumu  60.0 222.60096 +25.30000 /data/raw/bok/u/201603A/J7464/good/d7464.0303.fits
0304   object      12777   strumu  60.0 223.48621 +25.30000 /data/raw/bok/u/201603A/J7464/good/d7464.0304.fits
0305   object      12778   strumu  60.0 224.37129 +25.30000 /data/raw/bok/u/201603A/J7464/good/d7464.0305.fits
0306   object      12779   strumu  60.0 225.25571 +25.30003 /data/raw/bok/u/201603A/J7464/good/d7464.0306.fits
0065   object      13729   strumv  60.0 149.59442 +27.70000 /data/raw/bok/v/201603A/J7464/good/d7464.0065.fits
0066   object      13730   strumv  60.0 150.49771 +27.69997 /data/raw/bok/v/201603A/J7464/good/d7464.0066.fits
0067   object      13388   strumv  60.0 151.21121 +26.90011 /data/raw/bok/v/201603A/J7464/good/d7464.0067.fits
0068   object      13389   strumv  60.0 152.10829 +26.89997 /data/raw/bok/v/201603A/J7464/good/d7464.0068.fits
0069   object      13390   strumv  60.0 153.00533 +26.89997 /data/raw/bok/v/201603A/J7464/good/d7464.0069.fits
0135   object      14101   strumv  60.0 180.75429 +28.49994 /data/raw/bok/v/201603A/J7464/good/d7464.0135.fits
0136   object      14102   strumv  60.0 181.66425 +28.50000 /data/raw/bok/v/201603A/J7464/good/d7464.0136.fits
0137   object      14103   strumv  60.0 182.57467 +28.50000 /data/raw/bok/v/201603A/J7464/good/d7464.0137.fits
0180   object      15114   strumv  60.0 197.24604 +30.90003 /data/raw/bok/v/201603A/J7464/good/d7464.0180.fits
0181   object      15115   strumv  60.0 198.17829 +30.90000 /data/raw/bok/v/201603A/J7464/good/d7464.0181.fits
0182   object      15116   strumv  60.0 199.11079 +30.90000 /data/raw/bok/v/201603A/J7464/good/d7464.0182.fits
0216   object      16079   strumv  60.0 197.71292 +33.29992 /data/raw/bok/v/201603A/J7464/good/d7464.0216.fits
0217   object      16080   strumv  60.0 198.67000 +33.29994 /data/raw/bok/v/201603A/J7464/good/d7464.0217.fits
0218   object      16081   strumv  60.0 199.62742 +33.29994 /data/raw/bok/v/201603A/J7464/good/d7464.0218.fits
0281   object      13803   strumv  60.0 216.45754 +27.69997 /data/raw/bok/v/201603A/J7464/good/d7464.0281.fits
0282   object      13804   strumv  60.0 217.36067 +27.70000 /data/raw/bok/v/201603A/J7464/good/d7464.0282.fits
0283   object      13805   strumv  60.0 218.26442 +27.70000 /data/raw/bok/v/201603A/J7464/good/d7464.0283.fits
0052   object    Moon12A   strumu  60.0 110.00000 +30.00000 /data/raw/bok/u/201603A/J7464/other/d7464.0052.fits
0053   object    Moon12B   strumu  60.0 110.08333 +30.08322 /data/raw/bok/u/201603A/J7464/other/d7464.0053.fits
0054   object    Moon14A   strumu  60.0 119.99988 +20.00000 /data/raw/bok/u/201603A/J7464/other/d7464.0054.fits
0055   object    Moon14B   strumu  60.0 120.08321 +20.08322 /data/raw/bok/u/201603A/J7464/other/d7464.0055.fits
0056   object    Moon21A   strumu  60.0 129.99988 +19.99997 /data/raw/bok/u/201603A/J7464/other/d7464.0056.fits
0057   object    Moon21B   strumu  60.0 130.08317 +20.08317 /data/raw/bok/u/201603A/J7464/other/d7464.0057.fits
0058   object    Moon32A   strumu  60.0 140.00004 +29.99986 /data/raw/bok/u/201603A/J7464/other/d7464.0058.fits
0059   object    Moon32B   strumu  60.0 140.08333 +30.08322 /data/raw/bok/u/201603A/J7464/other/d7464.0059.fits
0121   object    Moon42A   strumu  60.0 149.99988 +39.99997 /data/raw/bok/u/201603A/J7464/other/d7464.0121.fits
0122   object    Moon42B   strumu  60.0 150.08342 +40.08314 /data/raw/bok/u/201603A/J7464/other/d7464.0122.fits
0145   object    Moon55A   strumu  60.0 165.00004 +39.99994 /data/raw/bok/u/201603A/J7464/other/d7464.0145.fits
0146   object    Moon55B   strumu  60.0 165.08329 +40.08322 /data/raw/bok/u/201603A/J7464/other/d7464.0146.fits
0178   object    Moon67A   strumu  60.0 179.99988 +39.99997 /data/raw/bok/u/201603A/J7464/other/d7464.0178.fits
0179   object    Moon67B   strumu  60.0 180.08321 +40.08306 /data/raw/bok/u/201603A/J7464/other/d7464.0179.fits
