0067   object      12326   strumu  60.0 135.00579 +24.50000 /data/raw/bok/u/201603A/J7462/good/d7462.0067.fits
0068   object      12327   strumu  60.0 135.88496 +24.50000 /data/raw/bok/u/201603A/J7462/good/d7462.0068.fits
0069   object      12328   strumu  60.0 136.76408 +24.50000 /data/raw/bok/u/201603A/J7462/good/d7462.0069.fits
0070   object      12329   strumu  60.0 137.64304 +24.49997 /data/raw/bok/u/201603A/J7462/good/d7462.0070.fits
0071   object      12330   strumu  60.0 138.52229 +24.50000 /data/raw/bok/u/201603A/J7462/good/d7462.0071.fits
0072   object      12331   strumu  60.0 139.40150 +24.50000 /data/raw/bok/u/201603A/J7462/good/d7462.0072.fits
0074   object      12332   strumu  60.0 140.28062 +24.50000 /data/raw/bok/u/201603A/J7462/good/d7462.0074.fits
0075   object      12670   strumu  60.0 128.80446 +25.30000 /data/raw/bok/u/201603A/J7462/good/d7462.0075.fits
0076   object      12671   strumu  60.0 129.68954 +25.29997 /data/raw/bok/u/201603A/J7462/good/d7462.0076.fits
0077   object      12672   strumu  60.0 130.57408 +25.29997 /data/raw/bok/u/201603A/J7462/good/d7462.0077.fits
0078   object      12673   strumu  60.0 131.45908 +25.29997 /data/raw/bok/u/201603A/J7462/good/d7462.0078.fits
0079   object      12674   strumu  60.0 132.34408 +25.29997 /data/raw/bok/u/201603A/J7462/good/d7462.0079.fits
0080   object      12340   strumu  60.0 147.31408 +24.50003 /data/raw/bok/u/201603A/J7462/good/d7462.0080.fits
0081   object      12341   strumu  60.0 148.19275 +24.49997 /data/raw/bok/u/201603A/J7462/good/d7462.0081.fits
0082   object      12342   strumu  60.0 149.07192 +24.50000 /data/raw/bok/u/201603A/J7462/good/d7462.0082.fits
0083   object      12343   strumu  60.0 149.95108 +24.49997 /data/raw/bok/u/201603A/J7462/good/d7462.0083.fits
0084   object      12344   strumu  60.0 150.83025 +24.50000 /data/raw/bok/u/201603A/J7462/good/d7462.0084.fits
0085   object      11279   strumu  60.0 154.17717 +22.09997 /data/raw/bok/u/201603A/J7462/good/d7462.0085.fits
0086   object      11280   strumu  60.0 155.04125 +22.10000 /data/raw/bok/u/201603A/J7462/good/d7462.0086.fits
0087   object      11281   strumu  60.0 155.90429 +22.09997 /data/raw/bok/u/201603A/J7462/good/d7462.0087.fits
0088   object      10926   strumu  60.0 161.90992 +21.30000 /data/raw/bok/u/201603A/J7462/good/d7462.0088.fits
0089   object      10927   strumu  60.0 162.76808 +21.29997 /data/raw/bok/u/201603A/J7462/good/d7462.0089.fits
0090   object      10928   strumu  60.0 163.62696 +21.29997 /data/raw/bok/u/201603A/J7462/good/d7462.0090.fits
0091   object      12345   strumu  60.0 151.70954 +24.50000 /data/raw/bok/u/201603A/J7462/good/d7462.0091.fits
0092   object      12346   strumu  60.0 152.58858 +24.49997 /data/raw/bok/u/201603A/J7462/good/d7462.0092.fits
0093   object      12347   strumu  60.0 153.46783 +24.50000 /data/raw/bok/u/201603A/J7462/good/d7462.0093.fits
0094   object      12348   strumu  60.0 154.34687 +24.50000 /data/raw/bok/u/201603A/J7462/good/d7462.0094.fits
0095   object      12349   strumu  60.0 155.22608 +24.50000 /data/raw/bok/u/201603A/J7462/good/d7462.0095.fits
0096   object      12350   strumu  60.0 156.10525 +24.50000 /data/raw/bok/u/201603A/J7462/good/d7462.0096.fits
0097   object      12351   strumu  60.0 156.98446 +24.49997 /data/raw/bok/u/201603A/J7462/good/d7462.0097.fits
0098   object      11289   strumu  60.0 162.81204 +22.10000 /data/raw/bok/u/201603A/J7462/good/d7462.0098.fits
0099   object      11648   strumu  60.0 162.88771 +22.89975 /data/raw/bok/u/201603A/J7462/good/d7462.0099.fits
0100   object      11999   strumu  60.0 158.62846 +23.70000 /data/raw/bok/u/201603A/J7462/good/d7462.0100.fits
0101   object      12000   strumu  60.0 159.50171 +23.70000 /data/raw/bok/u/201603A/J7462/good/d7462.0101.fits
0102   object      12001   strumu  60.0 160.37558 +23.70000 /data/raw/bok/u/201603A/J7462/good/d7462.0102.fits
0103   object      12002   strumu  60.0 161.24896 +23.70000 /data/raw/bok/u/201603A/J7462/good/d7462.0103.fits
0104   object      12003   strumu  60.0 162.12279 +23.70000 /data/raw/bok/u/201603A/J7462/good/d7462.0104.fits
0106   object      12003   strumu  60.0 162.12288 +23.70000 /data/raw/bok/u/201603A/J7462/good/d7462.0106.fits
0107   object      12004   strumu  60.0 162.99654 +23.70000 /data/raw/bok/u/201603A/J7462/good/d7462.0107.fits
0108   object      11290   strumu  60.0 163.67529 +22.10019 /data/raw/bok/u/201603A/J7462/good/d7462.0108.fits
0109   object      11291   strumu  60.0 164.53862 +22.09994 /data/raw/bok/u/201603A/J7462/good/d7462.0109.fits
0110   object      11292   strumu  60.0 165.40246 +22.09997 /data/raw/bok/u/201603A/J7462/good/d7462.0110.fits
0111   object      11293   strumu  60.0 166.26567 +22.09997 /data/raw/bok/u/201603A/J7462/good/d7462.0111.fits
0112   object      11294   strumu  60.0 167.12900 +22.09997 /data/raw/bok/u/201603A/J7462/good/d7462.0112.fits
0113   object      11295   strumu  60.0 167.99221 +22.09997 /data/raw/bok/u/201603A/J7462/good/d7462.0113.fits
0114   object      11296   strumu  60.0 168.85608 +22.09997 /data/raw/bok/u/201603A/J7462/good/d7462.0114.fits
0117   object      10566   strumu  60.0 164.46554 +20.50000 /data/raw/bok/u/201603A/J7462/good/d7462.0117.fits
0118   object      10567   strumu  60.0 165.31896 +20.49997 /data/raw/bok/u/201603A/J7462/good/d7462.0118.fits
0119   object      10568   strumu  60.0 166.17296 +20.49997 /data/raw/bok/u/201603A/J7462/good/d7462.0119.fits
0120   object      10569   strumu  60.0 167.02725 +20.49997 /data/raw/bok/u/201603A/J7462/good/d7462.0120.fits
0121   object      10570   strumu  60.0 167.88121 +20.49997 /data/raw/bok/u/201603A/J7462/good/d7462.0121.fits
0122   object      10571   strumu  60.0 168.73567 +20.50000 /data/raw/bok/u/201603A/J7462/good/d7462.0122.fits
0123   object      10572   strumu  60.0 169.58929 +20.49997 /data/raw/bok/u/201603A/J7462/good/d7462.0123.fits
0124   object      10929   strumu  60.0 164.48592 +21.30000 /data/raw/bok/u/201603A/J7462/good/d7462.0124.fits
0125   object      10930   strumu  60.0 165.34446 +21.29997 /data/raw/bok/u/201603A/J7462/good/d7462.0125.fits
0126   object      10931   strumu  60.0 166.20329 +21.29997 /data/raw/bok/u/201603A/J7462/good/d7462.0126.fits
0127   object      10932   strumu  60.0 167.06137 +21.29997 /data/raw/bok/u/201603A/J7462/good/d7462.0127.fits
0128   object      10933   strumu  60.0 167.92038 +21.29997 /data/raw/bok/u/201603A/J7462/good/d7462.0128.fits
0129   object      10934   strumu  60.0 168.77892 +21.29997 /data/raw/bok/u/201603A/J7462/good/d7462.0129.fits
0130   object      10935   strumu  60.0 169.63758 +21.29997 /data/raw/bok/u/201603A/J7462/good/d7462.0130.fits
0131   object      11649   strumu  60.0 163.75629 +22.89997 /data/raw/bok/u/201603A/J7462/good/d7462.0131.fits
0132   object      11650   strumu  60.0 164.62492 +22.89997 /data/raw/bok/u/201603A/J7462/good/d7462.0132.fits
0133   object      11651   strumu  60.0 165.49321 +22.89997 /data/raw/bok/u/201603A/J7462/good/d7462.0133.fits
0134   object      11652   strumu  60.0 166.36167 +22.89994 /data/raw/bok/u/201603A/J7462/good/d7462.0134.fits
0135   object      11653   strumu  60.0 167.22983 +22.89994 /data/raw/bok/u/201603A/J7462/good/d7462.0135.fits
0136   object      11654   strumu  60.0 168.09850 +22.89994 /data/raw/bok/u/201603A/J7462/good/d7462.0136.fits
0137   object      11655   strumu  60.0 168.96708 +22.89994 /data/raw/bok/u/201603A/J7462/good/d7462.0137.fits
0138   object      12352   strumu  60.0 157.86379 +24.50000 /data/raw/bok/u/201603A/J7462/good/d7462.0138.fits
0139   object      12353   strumu  60.0 158.74283 +24.49997 /data/raw/bok/u/201603A/J7462/good/d7462.0139.fits
0140   object      12354   strumu  60.0 159.62208 +24.49997 /data/raw/bok/u/201603A/J7462/good/d7462.0140.fits
0141   object      12355   strumu  60.0 160.50104 +24.49997 /data/raw/bok/u/201603A/J7462/good/d7462.0141.fits
0142   object      12356   strumu  60.0 161.38029 +24.49997 /data/raw/bok/u/201603A/J7462/good/d7462.0142.fits
0143   object      12357   strumu  60.0 162.25942 +24.50000 /data/raw/bok/u/201603A/J7462/good/d7462.0143.fits
0144   object      12358   strumu  60.0 163.13867 +24.50000 /data/raw/bok/u/201603A/J7462/good/d7462.0144.fits
0145   object      12005   strumu  60.0 163.87037 +23.70014 /data/raw/bok/u/201603A/J7462/good/d7462.0145.fits
0146   object      12006   strumu  60.0 164.74396 +23.70000 /data/raw/bok/u/201603A/J7462/good/d7462.0146.fits
0147   object      12007   strumu  60.0 165.61796 +23.70000 /data/raw/bok/u/201603A/J7462/good/d7462.0147.fits
0148   object      12008   strumu  60.0 166.49100 +23.70000 /data/raw/bok/u/201603A/J7462/good/d7462.0148.fits
0149   object      12009   strumu  60.0 167.36471 +23.70000 /data/raw/bok/u/201603A/J7462/good/d7462.0149.fits
0150   object      12010   strumu  60.0 168.23867 +23.70000 /data/raw/bok/u/201603A/J7462/good/d7462.0150.fits
0151   object      12011   strumu  60.0 169.11238 +23.69997 /data/raw/bok/u/201603A/J7462/good/d7462.0151.fits
0152   object      11297   strumu  60.0 169.71954 +22.10017 /data/raw/bok/u/201603A/J7462/good/d7462.0152.fits
0153   object      11298   strumu  60.0 170.58292 +22.10003 /data/raw/bok/u/201603A/J7462/good/d7462.0153.fits
0154   object      11299   strumu  60.0 171.44617 +22.09997 /data/raw/bok/u/201603A/J7462/good/d7462.0154.fits
0155   object      11300   strumu  60.0 172.31004 +22.10000 /data/raw/bok/u/201603A/J7462/good/d7462.0155.fits
0156   object      11301   strumu  60.0 173.17337 +22.10000 /data/raw/bok/u/201603A/J7462/good/d7462.0156.fits
0157   object      11302   strumu  60.0 174.03642 +22.10000 /data/raw/bok/u/201603A/J7462/good/d7462.0157.fits
0158   object      11303   strumu  60.0 174.90000 +22.10000 /data/raw/bok/u/201603A/J7462/good/d7462.0158.fits
0159   object      11656   strumu  60.0 169.83537 +22.89997 /data/raw/bok/u/201603A/J7462/good/d7462.0159.fits
0160   object      11657   strumu  60.0 170.70392 +22.89997 /data/raw/bok/u/201603A/J7462/good/d7462.0160.fits
0161   object      11658   strumu  60.0 171.57254 +22.89997 /data/raw/bok/u/201603A/J7462/good/d7462.0161.fits
0162   object      11659   strumu  60.0 172.44071 +22.89994 /data/raw/bok/u/201603A/J7462/good/d7462.0162.fits
0163   object      11660   strumu  60.0 173.30917 +22.89997 /data/raw/bok/u/201603A/J7462/good/d7462.0163.fits
0164   object      11661   strumu  60.0 174.17796 +22.89994 /data/raw/bok/u/201603A/J7462/good/d7462.0164.fits
0169   object      11662   strumu  60.0 175.04617 +22.89994 /data/raw/bok/u/201603A/J7462/good/d7462.0169.fits
0170   object      10573   strumu  60.0 170.44387 +20.49997 /data/raw/bok/u/201603A/J7462/good/d7462.0170.fits
0171   object      10574   strumu  60.0 171.29775 +20.50003 /data/raw/bok/u/201603A/J7462/good/d7462.0171.fits
0172   object      10575   strumu  60.0 172.15204 +20.49997 /data/raw/bok/u/201603A/J7462/good/d7462.0172.fits
0173   object      10576   strumu  60.0 173.00604 +20.50000 /data/raw/bok/u/201603A/J7462/good/d7462.0173.fits
0174   object      10577   strumu  60.0 173.85983 +20.49997 /data/raw/bok/u/201603A/J7462/good/d7462.0174.fits
0175   object      10578   strumu  60.0 174.71408 +20.50003 /data/raw/bok/u/201603A/J7462/good/d7462.0175.fits
0176   object      10579   strumu  60.0 175.56812 +20.49997 /data/raw/bok/u/201603A/J7462/good/d7462.0176.fits
0177   object      13070   strumu  60.0 175.99671 +26.09975 /data/raw/bok/u/201603A/J7462/good/d7462.0177.fits
0178   object      13071   strumu  60.0 176.88746 +26.10003 /data/raw/bok/u/201603A/J7462/good/d7462.0178.fits
0179   object      13072   strumu  60.0 177.77821 +26.10000 /data/raw/bok/u/201603A/J7462/good/d7462.0179.fits
0180   object      13073   strumu  60.0 178.66896 +26.10000 /data/raw/bok/u/201603A/J7462/good/d7462.0180.fits
0181   object      13074   strumu  60.0 179.56000 +26.10000 /data/raw/bok/u/201603A/J7462/good/d7462.0181.fits
0182   object      13075   strumu  60.0 180.45067 +26.09994 /data/raw/bok/u/201603A/J7462/good/d7462.0182.fits
0183   object      13076   strumu  60.0 181.34196 +26.10000 /data/raw/bok/u/201603A/J7462/good/d7462.0183.fits
0184   object      12724   strumu  60.0 176.58796 +25.30000 /data/raw/bok/u/201603A/J7462/good/d7462.0184.fits
0185   object      12725   strumu  60.0 177.47296 +25.30003 /data/raw/bok/u/201603A/J7462/good/d7462.0185.fits
0186   object      12726   strumu  60.0 178.35729 +25.30000 /data/raw/bok/u/201603A/J7462/good/d7462.0186.fits
0187   object      12727   strumu  60.0 179.24238 +25.30000 /data/raw/bok/u/201603A/J7462/good/d7462.0187.fits
0188   object      12728   strumu  60.0 180.12746 +25.30000 /data/raw/bok/u/201603A/J7462/good/d7462.0188.fits
0189   object      12729   strumu  60.0 181.01196 +25.30000 /data/raw/bok/u/201603A/J7462/good/d7462.0189.fits
0190   object      12730   strumu  60.0 181.89696 +25.29994 /data/raw/bok/u/201603A/J7462/good/d7462.0190.fits
0191   object      13430   strumu  60.0 188.88825 +26.89997 /data/raw/bok/u/201603A/J7462/good/d7462.0191.fits
0192   object      13431   strumu  60.0 189.78538 +26.89997 /data/raw/bok/u/201603A/J7462/good/d7462.0192.fits
0193   object      13432   strumu  60.0 190.68254 +26.89997 /data/raw/bok/u/201603A/J7462/good/d7462.0193.fits
0194   object      13433   strumu  60.0 191.57900 +26.89997 /data/raw/bok/u/201603A/J7462/good/d7462.0194.fits
0195   object      13434   strumu  60.0 192.47621 +26.89997 /data/raw/bok/u/201603A/J7462/good/d7462.0195.fits
0196   object      13435   strumu  60.0 193.37321 +26.89997 /data/raw/bok/u/201603A/J7462/good/d7462.0196.fits
0197   object      13436   strumu  60.0 194.27029 +26.89994 /data/raw/bok/u/201603A/J7462/good/d7462.0197.fits
0198   object      16065   strumu  60.0 184.31283 +33.29992 /data/raw/bok/u/201603A/J7462/good/d7462.0198.fits
0199   object      16066   strumu  60.0 185.27013 +33.29994 /data/raw/bok/u/201603A/J7462/good/d7462.0199.fits
0200   object      16067   strumu  60.0 186.22683 +33.29997 /data/raw/bok/u/201603A/J7462/good/d7462.0200.fits
0201   object      16068   strumu  60.0 187.18413 +33.29994 /data/raw/bok/u/201603A/J7462/good/d7462.0201.fits
0202   object      16069   strumu  60.0 188.14121 +33.29994 /data/raw/bok/u/201603A/J7462/good/d7462.0202.fits
0203   object      16070   strumu  60.0 189.09854 +33.29997 /data/raw/bok/u/201603A/J7462/good/d7462.0203.fits
0204   object      16071   strumu  60.0 190.05579 +33.29994 /data/raw/bok/u/201603A/J7462/good/d7462.0204.fits
0205   object      13087   strumu  60.0 191.14121 +26.10011 /data/raw/bok/u/201603A/J7462/good/d7462.0205.fits
0206   object      13088   strumu  60.0 192.03204 +26.10000 /data/raw/bok/u/201603A/J7462/good/d7462.0206.fits
0207   object      13089   strumu  60.0 192.92292 +26.10000 /data/raw/bok/u/201603A/J7462/good/d7462.0207.fits
0208   object      13090   strumu  60.0 193.81354 +26.10000 /data/raw/bok/u/201603A/J7462/good/d7462.0208.fits
0209   object      16381   strumu  60.0 185.07121 +34.09992 /data/raw/bok/u/201603A/J7462/good/d7462.0209.fits
0210   object      16382   strumu  60.0 186.03696 +34.10000 /data/raw/bok/u/201603A/J7462/good/d7462.0210.fits
0211   object      16383   strumu  60.0 187.00308 +34.10000 /data/raw/bok/u/201603A/J7462/good/d7462.0211.fits
0212   object      16384   strumu  60.0 187.96938 +34.09997 /data/raw/bok/u/201603A/J7462/good/d7462.0212.fits
0213   object      16385   strumu  60.0 188.93512 +34.10000 /data/raw/bok/u/201603A/J7462/good/d7462.0213.fits
0214   object      16386   strumu  60.0 189.90146 +34.09997 /data/raw/bok/u/201603A/J7462/good/d7462.0214.fits
0215   object      16387   strumu  60.0 190.86783 +34.09997 /data/raw/bok/u/201603A/J7462/good/d7462.0215.fits
0216   object      14778   strumu  60.0 190.08237 +30.10017 /data/raw/bok/u/201603A/J7462/good/d7462.0216.fits
0217   object      14779   strumu  60.0 191.00717 +30.10003 /data/raw/bok/u/201603A/J7462/good/d7462.0217.fits
0218   object      14780   strumu  60.0 191.93150 +30.10000 /data/raw/bok/u/201603A/J7462/good/d7462.0218.fits
0219   object      14781   strumu  60.0 192.85621 +30.10000 /data/raw/bok/u/201603A/J7462/good/d7462.0219.fits
0220   object      14782   strumu  60.0 193.78117 +30.10000 /data/raw/bok/u/201603A/J7462/good/d7462.0220.fits
0221   object      14783   strumu  60.0 194.70579 +30.10000 /data/raw/bok/u/201603A/J7462/good/d7462.0221.fits
0222   object      14784   strumu  60.0 195.63033 +30.10000 /data/raw/bok/u/201603A/J7462/good/d7462.0222.fits
0228   object      12744   strumu  60.0 194.28533 +25.30011 /data/raw/bok/u/201603A/J7462/good/d7462.0228.fits
0229   object      12040   strumu  60.0 194.44900 +23.70003 /data/raw/bok/u/201603A/J7462/good/d7462.0229.fits
0230   object      12041   strumu  60.0 195.32258 +23.70000 /data/raw/bok/u/201603A/J7462/good/d7462.0230.fits
0231   object      11685   strumu  60.0 195.02029 +22.90003 /data/raw/bok/u/201603A/J7462/good/d7462.0231.fits
0232   object      11686   strumu  60.0 195.88862 +22.89997 /data/raw/bok/u/201603A/J7462/good/d7462.0232.fits
0233   object      16691   strumu  60.0 185.87987 +34.89978 /data/raw/bok/u/201603A/J7462/good/d7462.0233.fits
0234   object      16692   strumu  60.0 186.85583 +34.90000 /data/raw/bok/u/201603A/J7462/good/d7462.0234.fits
0235   object      16693   strumu  60.0 187.83125 +34.90000 /data/raw/bok/u/201603A/J7462/good/d7462.0235.fits
0236   object      16694   strumu  60.0 188.80662 +34.90000 /data/raw/bok/u/201603A/J7462/good/d7462.0236.fits
0237   object      16695   strumu  60.0 189.78208 +34.90000 /data/raw/bok/u/201603A/J7462/good/d7462.0237.fits
0238   object      16696   strumu  60.0 190.75746 +34.90000 /data/raw/bok/u/201603A/J7462/good/d7462.0238.fits
0239   object      16697   strumu  60.0 191.73279 +34.90000 /data/raw/bok/u/201603A/J7462/good/d7462.0239.fits
0240   object      12394   strumu  60.0 194.78821 +24.50011 /data/raw/bok/u/201603A/J7462/good/d7462.0240.fits
0241   object      12395   strumu  60.0 195.66737 +24.50000 /data/raw/bok/u/201603A/J7462/good/d7462.0241.fits
0242   object      12396   strumu  60.0 196.54667 +24.50003 /data/raw/bok/u/201603A/J7462/good/d7462.0242.fits
0243   object      12397   strumu  60.0 197.42546 +24.50000 /data/raw/bok/u/201603A/J7462/good/d7462.0243.fits
0244   object      12398   strumu  60.0 198.30500 +24.50003 /data/raw/bok/u/201603A/J7462/good/d7462.0244.fits
0245   object      12399   strumu  60.0 199.18417 +24.50000 /data/raw/bok/u/201603A/J7462/good/d7462.0245.fits
0246   object      12400   strumu  60.0 200.06321 +24.50000 /data/raw/bok/u/201603A/J7462/good/d7462.0246.fits
0247   object      13091   strumu  60.0 194.70467 +26.09997 /data/raw/bok/u/201603A/J7462/good/d7462.0247.fits
0248   object      13092   strumu  60.0 195.59525 +26.10000 /data/raw/bok/u/201603A/J7462/good/d7462.0248.fits
0249   object      13093   strumu  60.0 196.48625 +26.10000 /data/raw/bok/u/201603A/J7462/good/d7462.0249.fits
0250   object      13094   strumu  60.0 197.37688 +26.10000 /data/raw/bok/u/201603A/J7462/good/d7462.0250.fits
0251   object      13095   strumu  60.0 198.26796 +26.10000 /data/raw/bok/u/201603A/J7462/good/d7462.0251.fits
0252   object      13096   strumu  60.0 199.15867 +26.10000 /data/raw/bok/u/201603A/J7462/good/d7462.0252.fits
0253   object      13097   strumu  60.0 200.04942 +26.10000 /data/raw/bok/u/201603A/J7462/good/d7462.0253.fits
0254   object      12745   strumu  60.0 195.17050 +25.30000 /data/raw/bok/u/201603A/J7462/good/d7462.0254.fits
0255   object      12746   strumu  60.0 196.05488 +25.30000 /data/raw/bok/u/201603A/J7462/good/d7462.0255.fits
0256   object      12747   strumu  60.0 196.93971 +25.30003 /data/raw/bok/u/201603A/J7462/good/d7462.0256.fits
0257   object      12748   strumu  60.0 197.82504 +25.30000 /data/raw/bok/u/201603A/J7462/good/d7462.0257.fits
0258   object      12749   strumu  60.0 198.70967 +25.30000 /data/raw/bok/u/201603A/J7462/good/d7462.0258.fits
0259   object      12750   strumu  60.0 199.59429 +25.30000 /data/raw/bok/u/201603A/J7462/good/d7462.0259.fits
0260   object      12751   strumu  60.0 200.47950 +25.30003 /data/raw/bok/u/201603A/J7462/good/d7462.0260.fits
0262   object      11344   strumu  60.0 210.30121 +22.09997 /data/raw/bok/u/201603A/J7462/good/d7462.0262.fits
0263   object      11345   strumu  60.0 211.16437 +22.10000 /data/raw/bok/u/201603A/J7462/good/d7462.0263.fits
0264   object      12411   strumu  60.0 209.73413 +24.49986 /data/raw/bok/u/201603A/J7462/good/d7462.0264.fits
0265   object      12412   strumu  60.0 210.61329 +24.50000 /data/raw/bok/u/201603A/J7462/good/d7462.0265.fits
0266   object      12413   strumu  60.0 211.49250 +24.50000 /data/raw/bok/u/201603A/J7462/good/d7462.0266.fits
0267   object      12414   strumu  60.0 212.37158 +24.50000 /data/raw/bok/u/201603A/J7462/good/d7462.0267.fits
0268   object      12762   strumu  60.0 210.21300 +25.29997 /data/raw/bok/u/201603A/J7462/good/d7462.0268.fits
0269   object      12763   strumu  60.0 211.09792 +25.30000 /data/raw/bok/u/201603A/J7462/good/d7462.0269.fits
0270   object      12764   strumu  60.0 211.98271 +25.30000 /data/raw/bok/u/201603A/J7462/good/d7462.0270.fits
0271   object      12765   strumu  60.0 212.86796 +25.30000 /data/raw/bok/u/201603A/J7462/good/d7462.0271.fits
0272   object      11705   strumu  60.0 212.38942 +22.90006 /data/raw/bok/u/201603A/J7462/good/d7462.0272.fits
0273   object      11706   strumu  60.0 213.25767 +22.89994 /data/raw/bok/u/201603A/J7462/good/d7462.0273.fits
0274   object      11707   strumu  60.0 214.12621 +22.89997 /data/raw/bok/u/201603A/J7462/good/d7462.0274.fits
0275   object      11708   strumu  60.0 214.99425 +22.89997 /data/raw/bok/u/201603A/J7462/good/d7462.0275.fits
0276   object      11709   strumu  60.0 215.86333 +22.89997 /data/raw/bok/u/201603A/J7462/good/d7462.0276.fits
0277   object      11710   strumu  60.0 216.73158 +22.89997 /data/raw/bok/u/201603A/J7462/good/d7462.0277.fits
0278   object      11711   strumu  60.0 217.59987 +22.89997 /data/raw/bok/u/201603A/J7462/good/d7462.0278.fits
0279   object      12061   strumu  60.0 212.79675 +23.70003 /data/raw/bok/u/201603A/J7462/good/d7462.0279.fits
0280   object      12062   strumu  60.0 213.67046 +23.70000 /data/raw/bok/u/201603A/J7462/good/d7462.0280.fits
0282   object      12063   strumu  60.0 214.54404 +23.70000 /data/raw/bok/u/201603A/J7462/good/d7462.0282.fits
0283   object      12064   strumu  60.0 215.41771 +23.70000 /data/raw/bok/u/201603A/J7462/good/d7462.0283.fits
0284   object      12065   strumu  60.0 216.29167 +23.70000 /data/raw/bok/u/201603A/J7462/good/d7462.0284.fits
0285   object      12066   strumu  60.0 217.16479 +23.70003 /data/raw/bok/u/201603A/J7462/good/d7462.0285.fits
0286   object      12067   strumu  60.0 218.03879 +23.69997 /data/raw/bok/u/201603A/J7462/good/d7462.0286.fits
0287   object      12415   strumu  60.0 213.25083 +24.50000 /data/raw/bok/u/201603A/J7462/good/d7462.0287.fits
0288   object      12416   strumu  60.0 214.13000 +24.50000 /data/raw/bok/u/201603A/J7462/good/d7462.0288.fits
0289   object      12417   strumu  60.0 215.00904 +24.50000 /data/raw/bok/u/201603A/J7462/good/d7462.0289.fits
0290   object      12418   strumu  60.0 215.88813 +24.50000 /data/raw/bok/u/201603A/J7462/good/d7462.0290.fits
0056   object    unknown   strumv   5.0 120.00004 +31.00000 /data/raw/bok/v/201603A/J7462/good/d7462.0056.fits
0057   object    unknown   strumv   5.0 120.00000 +31.00000 /data/raw/bok/v/201603A/J7462/good/d7462.0057.fits
0058   object    unknown   strumv   5.0 120.00000 +31.00000 /data/raw/bok/v/201603A/J7462/good/d7462.0058.fits
0059   object    unknown   strumv   5.0 119.99996 +31.00000 /data/raw/bok/v/201603A/J7462/good/d7462.0059.fits
0060   object    unknown   strumv   5.0 120.00004 +31.00000 /data/raw/bok/v/201603A/J7462/good/d7462.0060.fits
0061   object    unknown   strumv   5.0 120.00000 +31.00000 /data/raw/bok/v/201603A/J7462/good/d7462.0061.fits
0062   object    unknown   strumv   5.0 120.00000 +31.00000 /data/raw/bok/v/201603A/J7462/good/d7462.0062.fits
0063   object    unknown   strumv   5.0 119.99996 +31.00003 /data/raw/bok/v/201603A/J7462/good/d7462.0063.fits
0064   object    unknown   strumv   5.0 120.00000 +31.00000 /data/raw/bok/v/201603A/J7462/good/d7462.0064.fits
0065   object    unknown   strumv   5.0 120.00000 +31.00000 /data/raw/bok/v/201603A/J7462/good/d7462.0065.fits
0165   object      11662   strumv  60.0 175.04629 +22.89997 /data/raw/bok/v/201603A/J7462/good/d7462.0165.fits
0166   object      10573   strumv  60.0 170.44383 +20.49997 /data/raw/bok/v/201603A/J7462/good/d7462.0166.fits
0167   object      10574   strumv  60.0 171.29779 +20.50003 /data/raw/bok/v/201603A/J7462/good/d7462.0167.fits
0168   object      10575   strumv  60.0 172.15192 +20.49997 /data/raw/bok/v/201603A/J7462/good/d7462.0168.fits
0223   object      14781   strumv  60.0 192.85629 +30.09997 /data/raw/bok/v/201603A/J7462/good/d7462.0223.fits
0224   object      14782   strumv  60.0 193.78108 +30.10000 /data/raw/bok/v/201603A/J7462/good/d7462.0224.fits
0225   object      14783   strumv  60.0 194.70562 +30.10003 /data/raw/bok/v/201603A/J7462/good/d7462.0225.fits
0226   object      14784   strumv  60.0 195.63017 +30.10000 /data/raw/bok/v/201603A/J7462/good/d7462.0226.fits
0033   object    Moon25A   strumu  60.0  54.99971  +5.00000 /data/raw/bok/u/201603A/J7462/other/d7462.0033.fits
0034   object    Moon25B   strumu  60.0  55.08321  +5.08325 /data/raw/bok/u/201603A/J7462/other/d7462.0034.fits
0035   object    Moon32A   strumu  60.0 110.00017 +30.00011 /data/raw/bok/u/201603A/J7462/other/d7462.0035.fits
0036   object    Moon32B   strumu  60.0 110.08304 +30.08308 /data/raw/bok/u/201603A/J7462/other/d7462.0036.fits
0037   object    Moon32A   strumu  60.0 110.00000 +29.99989 /data/raw/bok/u/201603A/J7462/other/d7462.0037.fits
0038   object    Moon32B   strumu  60.0 110.08325 +30.08322 /data/raw/bok/u/201603A/J7462/other/d7462.0038.fits
0040   object    Moon32A   strumu  60.0 109.99992 +30.00000 /data/raw/bok/u/201603A/J7462/other/d7462.0040.fits
0041   object    Moon32B   strumu  60.0 110.08346 +30.08322 /data/raw/bok/u/201603A/J7462/other/d7462.0041.fits
0042   object    Moon40A   strumu  60.0 119.99971 +20.00006 /data/raw/bok/u/201603A/J7462/other/d7462.0042.fits
0043   object    Moon40B   strumu  60.0 120.08312 +20.08319 /data/raw/bok/u/201603A/J7462/other/d7462.0043.fits
0044   object    Moon50A   strumu  60.0 129.99971 +20.00000 /data/raw/bok/u/201603A/J7462/other/d7462.0044.fits
0045   object    Moon50B   strumu  60.0 130.08329 +20.08314 /data/raw/bok/u/201603A/J7462/other/d7462.0045.fits
0046   object    Moon58A   strumu  60.0 140.00000 +29.99989 /data/raw/bok/u/201603A/J7462/other/d7462.0046.fits
0047   object    Moon58B   strumu  60.0 140.08312 +30.08311 /data/raw/bok/u/201603A/J7462/other/d7462.0047.fits
0049   object    Moon66A   strumu  60.0 149.99983 +39.99997 /data/raw/bok/u/201603A/J7462/other/d7462.0049.fits
0050   object    Moon66B   strumu  60.0 150.08317 +40.08314 /data/raw/bok/u/201603A/J7462/other/d7462.0050.fits
0051   object    Moon77A   strumu  60.0 164.99962 +39.99994 /data/raw/bok/u/201603A/J7462/other/d7462.0051.fits
0052   object    Moon77B   strumu  60.0 165.08333 +40.08319 /data/raw/bok/u/201603A/J7462/other/d7462.0052.fits
0053   object    Moon88A   strumu  60.0 179.99983 +39.99997 /data/raw/bok/u/201603A/J7462/other/d7462.0053.fits
0054   object    Moon88B   strumu  60.0 180.08329 +40.08319 /data/raw/bok/u/201603A/J7462/other/d7462.0054.fits
