0032   object      11163   strumu  60.0  29.84250 +22.09997 /data/raw/bok/u/201603A/J7463/good/d7463.0032.fits
0033   object      11176   strumu  60.0  41.06679 +22.10003 /data/raw/bok/u/201603A/J7463/good/d7463.0033.fits
0034   object      11524   strumu  60.0  30.01592 +22.89997 /data/raw/bok/u/201603A/J7463/good/d7463.0034.fits
0037   object      11525   strumu  60.0  30.88400 +22.89992 /data/raw/bok/u/201603A/J7463/good/d7463.0037.fits
0040   object      12679   strumu  60.0 136.76821 +25.29997 /data/raw/bok/u/201603A/J7463/good/d7463.0040.fits
0041   object      12680   strumu  60.0 137.65333 +25.29997 /data/raw/bok/u/201603A/J7463/good/d7463.0041.fits
0042   object      12681   strumu  60.0 138.53821 +25.29997 /data/raw/bok/u/201603A/J7463/good/d7463.0042.fits
0043   object      13372   strumu  60.0 136.85829 +26.89992 /data/raw/bok/u/201603A/J7463/good/d7463.0043.fits
0044   object      13373   strumu  60.0 137.75542 +26.89994 /data/raw/bok/u/201603A/J7463/good/d7463.0044.fits
0045   object      13374   strumu  60.0 138.65246 +26.89994 /data/raw/bok/u/201603A/J7463/good/d7463.0045.fits
0046   object      13375   strumu  60.0 139.54946 +26.89994 /data/raw/bok/u/201603A/J7463/good/d7463.0046.fits
0047   object      13376   strumu  60.0 140.44642 +26.89994 /data/raw/bok/u/201603A/J7463/good/d7463.0047.fits
0048   object      13377   strumu  60.0 141.34371 +26.89994 /data/raw/bok/u/201603A/J7463/good/d7463.0048.fits
0049   object      13378   strumu  60.0 142.24083 +26.89994 /data/raw/bok/u/201603A/J7463/good/d7463.0049.fits
0050   object      13379   strumu  60.0 143.13787 +26.89994 /data/raw/bok/u/201603A/J7463/good/d7463.0050.fits
0051   object      13380   strumu  60.0 144.03504 +26.89994 /data/raw/bok/u/201603A/J7463/good/d7463.0051.fits
0052   object      13714   strumu  60.0 136.04142 +27.70000 /data/raw/bok/u/201603A/J7463/good/d7463.0052.fits
0053   object      13715   strumu  60.0 136.94421 +27.69997 /data/raw/bok/u/201603A/J7463/good/d7463.0053.fits
0054   object      13716   strumu  60.0 137.84804 +27.69997 /data/raw/bok/u/201603A/J7463/good/d7463.0054.fits
0055   object      13035   strumu  60.0 144.81725 +26.09997 /data/raw/bok/u/201603A/J7463/good/d7463.0055.fits
0056   object      13036   strumu  60.0 145.70825 +26.10000 /data/raw/bok/u/201603A/J7463/good/d7463.0056.fits
0057   object      13037   strumu  60.0 146.59913 +26.09997 /data/raw/bok/u/201603A/J7463/good/d7463.0057.fits
0058   object      13038   strumu  60.0 147.49004 +26.10000 /data/raw/bok/u/201603A/J7463/good/d7463.0058.fits
0059   object      13039   strumu  60.0 148.38083 +26.10000 /data/raw/bok/u/201603A/J7463/good/d7463.0059.fits
0060   object      13040   strumu  60.0 149.27146 +26.10000 /data/raw/bok/u/201603A/J7463/good/d7463.0060.fits
0061   object      13041   strumu  60.0 150.16250 +26.10000 /data/raw/bok/u/201603A/J7463/good/d7463.0061.fits
0062   object      12691   strumu  60.0 147.38712 +25.29997 /data/raw/bok/u/201603A/J7463/good/d7463.0062.fits
0063   object      12692   strumu  60.0 148.27167 +25.30000 /data/raw/bok/u/201603A/J7463/good/d7463.0063.fits
0064   object      12693   strumu  60.0 149.15654 +25.29997 /data/raw/bok/u/201603A/J7463/good/d7463.0064.fits
0065   object      12694   strumu  60.0 150.04158 +25.30000 /data/raw/bok/u/201603A/J7463/good/d7463.0065.fits
0066   object      12695   strumu  60.0 150.92650 +25.30000 /data/raw/bok/u/201603A/J7463/good/d7463.0066.fits
0067   object      13717   strumu  60.0 138.75171 +27.70000 /data/raw/bok/u/201603A/J7463/good/d7463.0067.fits
0068   object      13718   strumu  60.0 139.65533 +27.69994 /data/raw/bok/u/201603A/J7463/good/d7463.0068.fits
0069   object      13719   strumu  60.0 140.55850 +27.69997 /data/raw/bok/u/201603A/J7463/good/d7463.0069.fits
0070   object      13720   strumu  60.0 141.46237 +27.69997 /data/raw/bok/u/201603A/J7463/good/d7463.0070.fits
0071   object      13721   strumu  60.0 142.36617 +27.69997 /data/raw/bok/u/201603A/J7463/good/d7463.0071.fits
0072   object      13722   strumu  60.0 143.26942 +27.69997 /data/raw/bok/u/201603A/J7463/good/d7463.0072.fits
0073   object      13723   strumu  60.0 144.17329 +27.69997 /data/raw/bok/u/201603A/J7463/good/d7463.0073.fits
0074   object      13381   strumu  60.0 144.93200 +26.90014 /data/raw/bok/u/201603A/J7463/good/d7463.0074.fits
0075   object      13382   strumu  60.0 145.82912 +26.89997 /data/raw/bok/u/201603A/J7463/good/d7463.0075.fits
0076   object      13383   strumu  60.0 146.72604 +26.89997 /data/raw/bok/u/201603A/J7463/good/d7463.0076.fits
0077   object      13384   strumu  60.0 147.62313 +26.89997 /data/raw/bok/u/201603A/J7463/good/d7463.0077.fits
0078   object      13385   strumu  60.0 148.52013 +26.89997 /data/raw/bok/u/201603A/J7463/good/d7463.0078.fits
0079   object      13386   strumu  60.0 149.41746 +26.89997 /data/raw/bok/u/201603A/J7463/good/d7463.0079.fits
0080   object      13387   strumu  60.0 150.31438 +26.89997 /data/raw/bok/u/201603A/J7463/good/d7463.0080.fits
0081   object      13042   strumu  60.0 151.05321 +26.10014 /data/raw/bok/u/201603A/J7463/good/d7463.0081.fits
0082   object      13043   strumu  60.0 151.94404 +26.10000 /data/raw/bok/u/201603A/J7463/good/d7463.0082.fits
0083   object      13044   strumu  60.0 152.83500 +26.10000 /data/raw/bok/u/201603A/J7463/good/d7463.0083.fits
0084   object      13045   strumu  60.0 153.72567 +26.10000 /data/raw/bok/u/201603A/J7463/good/d7463.0084.fits
0085   object      13046   strumu  60.0 154.61658 +26.09997 /data/raw/bok/u/201603A/J7463/good/d7463.0085.fits
0086   object      13047   strumu  60.0 155.50733 +26.09997 /data/raw/bok/u/201603A/J7463/good/d7463.0086.fits
0087   object      13048   strumu  60.0 156.39825 +26.10000 /data/raw/bok/u/201603A/J7463/good/d7463.0087.fits
0088   object      12696   strumu  60.0 151.81125 +25.29997 /data/raw/bok/u/201603A/J7463/good/d7463.0088.fits
0089   object      12697   strumu  60.0 152.69612 +25.30000 /data/raw/bok/u/201603A/J7463/good/d7463.0089.fits
0090   object      12698   strumu  60.0 153.58104 +25.30000 /data/raw/bok/u/201603A/J7463/good/d7463.0090.fits
0091   object      12699   strumu  60.0 154.46583 +25.30000 /data/raw/bok/u/201603A/J7463/good/d7463.0091.fits
0092   object      12700   strumu  60.0 155.35083 +25.30000 /data/raw/bok/u/201603A/J7463/good/d7463.0092.fits
0093   object      12701   strumu  60.0 156.23571 +25.29997 /data/raw/bok/u/201603A/J7463/good/d7463.0093.fits
0094   object      12702   strumu  60.0 157.12029 +25.29997 /data/raw/bok/u/201603A/J7463/good/d7463.0094.fits
0095   object      13416   strumu  60.0 176.32900 +26.89997 /data/raw/bok/u/201603A/J7463/good/d7463.0095.fits
0096   object      13417   strumu  60.0 177.22608 +26.89994 /data/raw/bok/u/201603A/J7463/good/d7463.0096.fits
0097   object      13418   strumu  60.0 178.12308 +26.89994 /data/raw/bok/u/201603A/J7463/good/d7463.0097.fits
0098   object      13419   strumu  60.0 179.02046 +26.89994 /data/raw/bok/u/201603A/J7463/good/d7463.0098.fits
0099   object      13420   strumu  60.0 179.91737 +26.89994 /data/raw/bok/u/201603A/J7463/good/d7463.0099.fits
0100   object      13421   strumu  60.0 180.81446 +26.89997 /data/raw/bok/u/201603A/J7463/good/d7463.0100.fits
0101   object      13422   strumu  60.0 181.71146 +26.89997 /data/raw/bok/u/201603A/J7463/good/d7463.0101.fits
0102   object      12703   strumu  60.0 158.00546 +25.30000 /data/raw/bok/u/201603A/J7463/good/d7463.0102.fits
0103   object      12704   strumu  60.0 158.89033 +25.30000 /data/raw/bok/u/201603A/J7463/good/d7463.0103.fits
0104   object      12705   strumu  60.0 159.77533 +25.30000 /data/raw/bok/u/201603A/J7463/good/d7463.0104.fits
0105   object      12706   strumu  60.0 160.65996 +25.30000 /data/raw/bok/u/201603A/J7463/good/d7463.0105.fits
0106   object      12707   strumu  60.0 161.54492 +25.30000 /data/raw/bok/u/201603A/J7463/good/d7463.0106.fits
0107   object      12708   strumu  60.0 162.42988 +25.30000 /data/raw/bok/u/201603A/J7463/good/d7463.0107.fits
0108   object      12709   strumu  60.0 163.31437 +25.29997 /data/raw/bok/u/201603A/J7463/good/d7463.0108.fits
0118   object      17889   strumu  60.0 180.51029 +38.09997 /data/raw/bok/u/201603A/J7463/good/d7463.0118.fits
0119   object      17890   strumu  60.0 181.52696 +38.09997 /data/raw/bok/u/201603A/J7463/good/d7463.0119.fits
0120   object      17891   strumu  60.0 182.54354 +38.09997 /data/raw/bok/u/201603A/J7463/good/d7463.0120.fits
0121   object      17892   strumu  60.0 183.56029 +38.09997 /data/raw/bok/u/201603A/J7463/good/d7463.0121.fits
0122   object      17893   strumu  60.0 184.57683 +38.09997 /data/raw/bok/u/201603A/J7463/good/d7463.0122.fits
0123   object      17894   strumu  60.0 185.59313 +38.09997 /data/raw/bok/u/201603A/J7463/good/d7463.0123.fits
0124   object      17895   strumu  60.0 186.60979 +38.09997 /data/raw/bok/u/201603A/J7463/good/d7463.0124.fits
0125   object      18180   strumu  60.0 180.47046 +38.89997 /data/raw/bok/u/201603A/J7463/good/d7463.0125.fits
0126   object      18181   strumu  60.0 181.49858 +38.89997 /data/raw/bok/u/201603A/J7463/good/d7463.0126.fits
0127   object      18182   strumu  60.0 182.52637 +38.89997 /data/raw/bok/u/201603A/J7463/good/d7463.0127.fits
0128   object      18183   strumu  60.0 183.55429 +38.89997 /data/raw/bok/u/201603A/J7463/good/d7463.0128.fits
0129   object      18184   strumu  60.0 184.58238 +38.89997 /data/raw/bok/u/201603A/J7463/good/d7463.0129.fits
0130   object      18185   strumu  60.0 185.61038 +38.89997 /data/raw/bok/u/201603A/J7463/good/d7463.0130.fits
0131   object      18186   strumu  60.0 186.63792 +38.89994 /data/raw/bok/u/201603A/J7463/good/d7463.0131.fits
0132   object      16999   strumu  60.0 185.75658 +35.70006 /data/raw/bok/u/201603A/J7463/good/d7463.0132.fits
0133   object      17000   strumu  60.0 186.74200 +35.69997 /data/raw/bok/u/201603A/J7463/good/d7463.0133.fits
0134   object      17001   strumu  60.0 187.72704 +35.69994 /data/raw/bok/u/201603A/J7463/good/d7463.0134.fits
0135   object      17002   strumu  60.0 188.71192 +35.69997 /data/raw/bok/u/201603A/J7463/good/d7463.0135.fits
0136   object      17003   strumu  60.0 189.69696 +35.69997 /data/raw/bok/u/201603A/J7463/good/d7463.0136.fits
0137   object      17004   strumu  60.0 190.68242 +35.69997 /data/raw/bok/u/201603A/J7463/good/d7463.0137.fits
0138   object      17005   strumu  60.0 191.66746 +35.69997 /data/raw/bok/u/201603A/J7463/good/d7463.0138.fits
0139   object      15107   strumu  60.0 190.71996 +30.90008 /data/raw/bok/u/201603A/J7463/good/d7463.0139.fits
0140   object      15108   strumu  60.0 191.65192 +30.90000 /data/raw/bok/u/201603A/J7463/good/d7463.0140.fits
0141   object      15109   strumu  60.0 192.58454 +30.90000 /data/raw/bok/u/201603A/J7463/good/d7463.0141.fits
0142   object      15110   strumu  60.0 193.51654 +30.90000 /data/raw/bok/u/201603A/J7463/good/d7463.0142.fits
0143   object      15111   strumu  60.0 194.44892 +30.89997 /data/raw/bok/u/201603A/J7463/good/d7463.0143.fits
0144   object      15112   strumu  60.0 195.38137 +30.90000 /data/raw/bok/u/201603A/J7463/good/d7463.0144.fits
0145   object      15113   strumu  60.0 196.31350 +30.90000 /data/raw/bok/u/201603A/J7463/good/d7463.0145.fits
0146   object      15432   strumu  60.0 190.46538 +31.70000 /data/raw/bok/u/201603A/J7463/good/d7463.0146.fits
0147   object      15433   strumu  60.0 191.40525 +31.70000 /data/raw/bok/u/201603A/J7463/good/d7463.0147.fits
0148   object      15434   strumu  60.0 192.34563 +31.69997 /data/raw/bok/u/201603A/J7463/good/d7463.0148.fits
0149   object      15435   strumu  60.0 193.28617 +31.70000 /data/raw/bok/u/201603A/J7463/good/d7463.0149.fits
0150   object      15436   strumu  60.0 194.22612 +31.70000 /data/raw/bok/u/201603A/J7463/good/d7463.0150.fits
0151   object      15437   strumu  60.0 195.16658 +31.70000 /data/raw/bok/u/201603A/J7463/good/d7463.0151.fits
0152   object      15438   strumu  60.0 196.10692 +31.70000 /data/raw/bok/u/201603A/J7463/good/d7463.0152.fits
0153   object      15754   strumu  60.0 191.19254 +32.49997 /data/raw/bok/u/201603A/J7463/good/d7463.0153.fits
0154   object      15755   strumu  60.0 192.14075 +32.49997 /data/raw/bok/u/201603A/J7463/good/d7463.0154.fits
0155   object      15756   strumu  60.0 193.08933 +32.49997 /data/raw/bok/u/201603A/J7463/good/d7463.0155.fits
0156   object      15757   strumu  60.0 194.03796 +32.49997 /data/raw/bok/u/201603A/J7463/good/d7463.0156.fits
0157   object      15758   strumu  60.0 194.98638 +32.49994 /data/raw/bok/u/201603A/J7463/good/d7463.0157.fits
0158   object      15759   strumu  60.0 195.93488 +32.49997 /data/raw/bok/u/201603A/J7463/good/d7463.0158.fits
0159   object      15760   strumu  60.0 196.88346 +32.49997 /data/raw/bok/u/201603A/J7463/good/d7463.0159.fits
0160   object      13438   strumu  60.0 196.06450 +26.90014 /data/raw/bok/u/201603A/J7463/good/d7463.0160.fits
0161   object      13439   strumu  60.0 196.96125 +26.89997 /data/raw/bok/u/201603A/J7463/good/d7463.0161.fits
0162   object      13440   strumu  60.0 197.85858 +26.89997 /data/raw/bok/u/201603A/J7463/good/d7463.0162.fits
0163   object      13441   strumu  60.0 198.75571 +26.89994 /data/raw/bok/u/201603A/J7463/good/d7463.0163.fits
0164   object      13442   strumu  60.0 199.65283 +26.89997 /data/raw/bok/u/201603A/J7463/good/d7463.0164.fits
0165   object      13443   strumu  60.0 200.54975 +26.89997 /data/raw/bok/u/201603A/J7463/good/d7463.0165.fits
0166   object      13781   strumu  60.0 196.57908 +27.70000 /data/raw/bok/u/201603A/J7463/good/d7463.0166.fits
0167   object      13782   strumu  60.0 197.48258 +27.70000 /data/raw/bok/u/201603A/J7463/good/d7463.0167.fits
0168   object      13783   strumu  60.0 198.38612 +27.70000 /data/raw/bok/u/201603A/J7463/good/d7463.0168.fits
0169   object      13784   strumu  60.0 199.28979 +27.70000 /data/raw/bok/u/201603A/J7463/good/d7463.0169.fits
0170   object      13785   strumu  60.0 200.19300 +27.70000 /data/raw/bok/u/201603A/J7463/good/d7463.0170.fits
0171   object      13786   strumu  60.0 201.09704 +27.70000 /data/raw/bok/u/201603A/J7463/good/d7463.0171.fits
0172   object      14118   strumu  60.0 196.22954 +28.50000 /data/raw/bok/u/201603A/J7463/good/d7463.0172.fits
0173   object      14119   strumu  60.0 197.13996 +28.50000 /data/raw/bok/u/201603A/J7463/good/d7463.0173.fits
0174   object      14120   strumu  60.0 198.05042 +28.50000 /data/raw/bok/u/201603A/J7463/good/d7463.0174.fits
0175   object      14121   strumu  60.0 198.96058 +28.50000 /data/raw/bok/u/201603A/J7463/good/d7463.0175.fits
0176   object      14122   strumu  60.0 199.87075 +28.50000 /data/raw/bok/u/201603A/J7463/good/d7463.0176.fits
0177   object      14123   strumu  60.0 200.78112 +28.50000 /data/raw/bok/u/201603A/J7463/good/d7463.0177.fits
0178   object      14124   strumu  60.0 201.69133 +28.50000 /data/raw/bok/u/201603A/J7463/good/d7463.0178.fits
0179   object      14453   strumu  60.0 195.91342 +29.30000 /data/raw/bok/u/201603A/J7463/good/d7463.0179.fits
0180   object      14454   strumu  60.0 196.83083 +29.30000 /data/raw/bok/u/201603A/J7463/good/d7463.0180.fits
0181   object      14455   strumu  60.0 197.74792 +29.30000 /data/raw/bok/u/201603A/J7463/good/d7463.0181.fits
0182   object      14456   strumu  60.0 198.66521 +29.30000 /data/raw/bok/u/201603A/J7463/good/d7463.0182.fits
0183   object      14457   strumu  60.0 199.58254 +29.29997 /data/raw/bok/u/201603A/J7463/good/d7463.0183.fits
0184   object      14458   strumu  60.0 200.49992 +29.30000 /data/raw/bok/u/201603A/J7463/good/d7463.0184.fits
0185   object      14459   strumu  60.0 201.41737 +29.30000 /data/raw/bok/u/201603A/J7463/good/d7463.0185.fits
0186   object      14456   strumu  60.0 198.66537 +29.29997 /data/raw/bok/u/201603A/J7463/good/d7463.0186.fits
0192   object      16072   strumu  60.0 191.01287 +33.29997 /data/raw/bok/u/201603A/J7463/good/d7463.0192.fits
0193   object      16073   strumu  60.0 191.96975 +33.29994 /data/raw/bok/u/201603A/J7463/good/d7463.0193.fits
0194   object      16074   strumu  60.0 192.92679 +33.29994 /data/raw/bok/u/201603A/J7463/good/d7463.0194.fits
0195   object      16075   strumu  60.0 193.88429 +33.29994 /data/raw/bok/u/201603A/J7463/good/d7463.0195.fits
0196   object      16076   strumu  60.0 194.84142 +33.29994 /data/raw/bok/u/201603A/J7463/good/d7463.0196.fits
0197   object      16077   strumu  60.0 195.79858 +33.29994 /data/raw/bok/u/201603A/J7463/good/d7463.0197.fits
0198   object      16078   strumu  60.0 196.75575 +33.29994 /data/raw/bok/u/201603A/J7463/good/d7463.0198.fits
0199   object      14785   strumu  60.0 196.55475 +30.10006 /data/raw/bok/u/201603A/J7463/good/d7463.0199.fits
0200   object      14786   strumu  60.0 197.47988 +30.10000 /data/raw/bok/u/201603A/J7463/good/d7463.0200.fits
0201   object      14787   strumu  60.0 198.40450 +30.10000 /data/raw/bok/u/201603A/J7463/good/d7463.0201.fits
0202   object      14788   strumu  60.0 199.32908 +30.10000 /data/raw/bok/u/201603A/J7463/good/d7463.0202.fits
0203   object      14789   strumu  60.0 200.25404 +30.10000 /data/raw/bok/u/201603A/J7463/good/d7463.0203.fits
0204   object      14790   strumu  60.0 201.17858 +30.10000 /data/raw/bok/u/201603A/J7463/good/d7463.0204.fits
0205   object      14791   strumu  60.0 202.10329 +30.10000 /data/raw/bok/u/201603A/J7463/good/d7463.0205.fits
0206   object      12401   strumu  60.0 200.94242 +24.49992 /data/raw/bok/u/201603A/J7463/good/d7463.0206.fits
0207   object      12402   strumu  60.0 201.82142 +24.50000 /data/raw/bok/u/201603A/J7463/good/d7463.0207.fits
0208   object      12403   strumu  60.0 202.70054 +24.50000 /data/raw/bok/u/201603A/J7463/good/d7463.0208.fits
0209   object      12404   strumu  60.0 203.57979 +24.50000 /data/raw/bok/u/201603A/J7463/good/d7463.0209.fits
0210   object      12405   strumu  60.0 204.45900 +24.50000 /data/raw/bok/u/201603A/J7463/good/d7463.0210.fits
0211   object      12406   strumu  60.0 205.33817 +24.50000 /data/raw/bok/u/201603A/J7463/good/d7463.0211.fits
0212   object      12407   strumu  60.0 206.21729 +24.50000 /data/raw/bok/u/201603A/J7463/good/d7463.0212.fits
0213   object      12047   strumu  60.0 200.56500 +23.70000 /data/raw/bok/u/201603A/J7463/good/d7463.0213.fits
0214   object      12048   strumu  60.0 201.43858 +23.70000 /data/raw/bok/u/201603A/J7463/good/d7463.0214.fits
0215   object      12049   strumu  60.0 202.31242 +23.70000 /data/raw/bok/u/201603A/J7463/good/d7463.0215.fits
0216   object      12050   strumu  60.0 203.18629 +23.70000 /data/raw/bok/u/201603A/J7463/good/d7463.0216.fits
0217   object      12051   strumu  60.0 204.05975 +23.70000 /data/raw/bok/u/201603A/J7463/good/d7463.0217.fits
0218   object      12052   strumu  60.0 204.93358 +23.70000 /data/raw/bok/u/201603A/J7463/good/d7463.0218.fits
0219   object      12053   strumu  60.0 205.80683 +23.70000 /data/raw/bok/u/201603A/J7463/good/d7463.0219.fits
0220   object      13098   strumu  60.0 200.94042 +26.10000 /data/raw/bok/u/201603A/J7463/good/d7463.0220.fits
0221   object      13099   strumu  60.0 201.83112 +26.10000 /data/raw/bok/u/201603A/J7463/good/d7463.0221.fits
0222   object      13100   strumu  60.0 202.72183 +26.10000 /data/raw/bok/u/201603A/J7463/good/d7463.0222.fits
0223   object      13101   strumu  60.0 203.61271 +26.10000 /data/raw/bok/u/201603A/J7463/good/d7463.0223.fits
0224   object      13102   strumu  60.0 204.50383 +26.10000 /data/raw/bok/u/201603A/J7463/good/d7463.0224.fits
0225   object      13103   strumu  60.0 205.39413 +26.10000 /data/raw/bok/u/201603A/J7463/good/d7463.0225.fits
0226   object      13104   strumu  60.0 206.28529 +26.10000 /data/raw/bok/u/201603A/J7463/good/d7463.0226.fits
0227   object      12752   strumu  60.0 201.36425 +25.29997 /data/raw/bok/u/201603A/J7463/good/d7463.0227.fits
0228   object      12753   strumu  60.0 202.24887 +25.30000 /data/raw/bok/u/201603A/J7463/good/d7463.0228.fits
0229   object      12754   strumu  60.0 203.13404 +25.30000 /data/raw/bok/u/201603A/J7463/good/d7463.0229.fits
0230   object      12755   strumu  60.0 204.01917 +25.30000 /data/raw/bok/u/201603A/J7463/good/d7463.0230.fits
0231   object      12756   strumu  60.0 204.90363 +25.30000 /data/raw/bok/u/201603A/J7463/good/d7463.0231.fits
0232   object      12757   strumu  60.0 205.78854 +25.30000 /data/raw/bok/u/201603A/J7463/good/d7463.0232.fits
0233   object      12758   strumu  60.0 206.67354 +25.30000 /data/raw/bok/u/201603A/J7463/good/d7463.0233.fits
0234   object      13444   strumu  60.0 201.44708 +26.89997 /data/raw/bok/u/201603A/J7463/good/d7463.0234.fits
0235   object      13445   strumu  60.0 202.34400 +26.89997 /data/raw/bok/u/201603A/J7463/good/d7463.0235.fits
0236   object      13446   strumu  60.0 203.24121 +26.89997 /data/raw/bok/u/201603A/J7463/good/d7463.0236.fits
0237   object      13447   strumu  60.0 204.13825 +26.89997 /data/raw/bok/u/201603A/J7463/good/d7463.0237.fits
0238   object      13448   strumu  60.0 205.03525 +26.89997 /data/raw/bok/u/201603A/J7463/good/d7463.0238.fits
0239   object      13449   strumu  60.0 205.93238 +26.89997 /data/raw/bok/u/201603A/J7463/good/d7463.0239.fits
0240   object      13450   strumu  60.0 206.82958 +26.89997 /data/raw/bok/u/201603A/J7463/good/d7463.0240.fits
0241   object      13787   strumu  60.0 202.00042 +27.70000 /data/raw/bok/u/201603A/J7463/good/d7463.0241.fits
0242   object      13788   strumu  60.0 202.90387 +27.70000 /data/raw/bok/u/201603A/J7463/good/d7463.0242.fits
0243   object      13789   strumu  60.0 203.80721 +27.70000 /data/raw/bok/u/201603A/J7463/good/d7463.0243.fits
0244   object      13790   strumu  60.0 204.71117 +27.70000 /data/raw/bok/u/201603A/J7463/good/d7463.0244.fits
0245   object      13791   strumu  60.0 205.61462 +27.70000 /data/raw/bok/u/201603A/J7463/good/d7463.0245.fits
0246   object      13792   strumu  60.0 206.51829 +27.70000 /data/raw/bok/u/201603A/J7463/good/d7463.0246.fits
0247   object      13793   strumu  60.0 207.42154 +27.70000 /data/raw/bok/u/201603A/J7463/good/d7463.0247.fits
0248   object      12408   strumu  60.0 207.09663 +24.50006 /data/raw/bok/u/201603A/J7463/good/d7463.0248.fits
0249   object      12409   strumu  60.0 207.97567 +24.49997 /data/raw/bok/u/201603A/J7463/good/d7463.0249.fits
0250   object      12410   strumu  60.0 208.85504 +24.50000 /data/raw/bok/u/201603A/J7463/good/d7463.0250.fits
0251   object      12759   strumu  60.0 207.55829 +25.30000 /data/raw/bok/u/201603A/J7463/good/d7463.0251.fits
0252   object      12760   strumu  60.0 208.44321 +25.30000 /data/raw/bok/u/201603A/J7463/good/d7463.0252.fits
0253   object      12761   strumu  60.0 209.32825 +25.30000 /data/raw/bok/u/201603A/J7463/good/d7463.0253.fits
0254   object      13105   strumu  60.0 207.17650 +26.10000 /data/raw/bok/u/201603A/J7463/good/d7463.0254.fits
0255   object      13106   strumu  60.0 208.06704 +26.10000 /data/raw/bok/u/201603A/J7463/good/d7463.0255.fits
0256   object      13107   strumu  60.0 208.95788 +26.10000 /data/raw/bok/u/201603A/J7463/good/d7463.0256.fits
0257   object      13108   strumu  60.0 209.84858 +26.10000 /data/raw/bok/u/201603A/J7463/good/d7463.0257.fits
0258   object      13109   strumu  60.0 210.73950 +26.10000 /data/raw/bok/u/201603A/J7463/good/d7463.0258.fits
0259   object      13110   strumu  60.0 211.63033 +26.10000 /data/raw/bok/u/201603A/J7463/good/d7463.0259.fits
0260   object      13111   strumu  60.0 212.52117 +26.10000 /data/raw/bok/u/201603A/J7463/good/d7463.0260.fits
0261   object      13451   strumu  60.0 207.72667 +26.89997 /data/raw/bok/u/201603A/J7463/good/d7463.0261.fits
0267   object      13452   strumu  60.0 208.62375 +26.89997 /data/raw/bok/u/201603A/J7463/good/d7463.0267.fits
0268   object      13453   strumu  60.0 209.52075 +26.89997 /data/raw/bok/u/201603A/J7463/good/d7463.0268.fits
0269   object      13454   strumu  60.0 210.41779 +26.89997 /data/raw/bok/u/201603A/J7463/good/d7463.0269.fits
0270   object      13455   strumu  60.0 211.31442 +26.89997 /data/raw/bok/u/201603A/J7463/good/d7463.0270.fits
0271   object      13456   strumu  60.0 212.21162 +26.89997 /data/raw/bok/u/201603A/J7463/good/d7463.0271.fits
0272   object      13457   strumu  60.0 213.10854 +26.89997 /data/raw/bok/u/201603A/J7463/good/d7463.0272.fits
0273   object      13794   strumu  60.0 208.32533 +27.70000 /data/raw/bok/u/201603A/J7463/good/d7463.0273.fits
0274   object      13795   strumu  60.0 209.22900 +27.70000 /data/raw/bok/u/201603A/J7463/good/d7463.0274.fits
0275   object      13796   strumu  60.0 210.13225 +27.70000 /data/raw/bok/u/201603A/J7463/good/d7463.0275.fits
0276   object      13797   strumu  60.0 211.03612 +27.70000 /data/raw/bok/u/201603A/J7463/good/d7463.0276.fits
0277   object      13798   strumu  60.0 211.93950 +27.69997 /data/raw/bok/u/201603A/J7463/good/d7463.0277.fits
0278   object      13799   strumu  60.0 212.84313 +27.70000 /data/raw/bok/u/201603A/J7463/good/d7463.0278.fits
0279   object      13800   strumu  60.0 213.74658 +27.70000 /data/raw/bok/u/201603A/J7463/good/d7463.0279.fits
0280   object      12766   strumu  60.0 213.75242 +25.30008 /data/raw/bok/u/201603A/J7463/good/d7463.0280.fits
0281   object      12767   strumu  60.0 214.63742 +25.30000 /data/raw/bok/u/201603A/J7463/good/d7463.0281.fits
0282   object      12768   strumu  60.0 215.52246 +25.30000 /data/raw/bok/u/201603A/J7463/good/d7463.0282.fits
0283   object      12769   strumu  60.0 216.40696 +25.30003 /data/raw/bok/u/201603A/J7463/good/d7463.0283.fits
0284   object      12770   strumu  60.0 217.29196 +25.30000 /data/raw/bok/u/201603A/J7463/good/d7463.0284.fits
0285   object      12771   strumu  60.0 218.17700 +25.30000 /data/raw/bok/u/201603A/J7463/good/d7463.0285.fits
0286   object      12772   strumu  60.0 219.06158 +25.30000 /data/raw/bok/u/201603A/J7463/good/d7463.0286.fits
0287   object      12419   strumu  60.0 216.76750 +24.49997 /data/raw/bok/u/201603A/J7463/good/d7463.0287.fits
0288   object      12420   strumu  60.0 217.64671 +24.50000 /data/raw/bok/u/201603A/J7463/good/d7463.0288.fits
0289   object      12421   strumu  60.0 218.52562 +24.50000 /data/raw/bok/u/201603A/J7463/good/d7463.0289.fits
0290   object      13112   strumu  60.0 213.41221 +26.10000 /data/raw/bok/u/201603A/J7463/good/d7463.0290.fits
0291   object      13113   strumu  60.0 214.30271 +26.10000 /data/raw/bok/u/201603A/J7463/good/d7463.0291.fits
0292   object      13114   strumu  60.0 215.19354 +26.10000 /data/raw/bok/u/201603A/J7463/good/d7463.0292.fits
0293   object      13115   strumu  60.0 216.08450 +26.10000 /data/raw/bok/u/201603A/J7463/good/d7463.0293.fits
0294   object      13116   strumu  60.0 216.97517 +26.10003 /data/raw/bok/u/201603A/J7463/good/d7463.0294.fits
0295   object      13117   strumu  60.0 217.86621 +26.10000 /data/raw/bok/u/201603A/J7463/good/d7463.0295.fits
0296   object      13118   strumu  60.0 218.75692 +26.10000 /data/raw/bok/u/201603A/J7463/good/d7463.0296.fits
0297   object      11712   strumu  60.0 218.46829 +22.90000 /data/raw/bok/u/201603A/J7463/good/d7463.0297.fits
0298   object      11713   strumu  60.0 219.33712 +22.89997 /data/raw/bok/u/201603A/J7463/good/d7463.0298.fits
0299   object      11714   strumu  60.0 220.20537 +22.89997 /data/raw/bok/u/201603A/J7463/good/d7463.0299.fits
0300   object      11715   strumu  60.0 221.07362 +22.90000 /data/raw/bok/u/201603A/J7463/good/d7463.0300.fits
0301   object      11716   strumu  60.0 221.94246 +22.89997 /data/raw/bok/u/201603A/J7463/good/d7463.0301.fits
0302   object      11717   strumu  60.0 222.81075 +22.89997 /data/raw/bok/u/201603A/J7463/good/d7463.0302.fits
0303   object      11718   strumu  60.0 223.67896 +22.89997 /data/raw/bok/u/201603A/J7463/good/d7463.0303.fits
0304   object      12422   strumu  60.0 219.40508 +24.50000 /data/raw/bok/u/201603A/J7463/good/d7463.0304.fits
0305   object      12423   strumu  60.0 220.28412 +24.50000 /data/raw/bok/u/201603A/J7463/good/d7463.0305.fits
0306   object      12424   strumu  60.0 221.16346 +24.50000 /data/raw/bok/u/201603A/J7463/good/d7463.0306.fits
0307   object      12425   strumu  60.0 222.04229 +24.50000 /data/raw/bok/u/201603A/J7463/good/d7463.0307.fits
0109   object      12703   strumv  60.0 158.00546 +25.30000 /data/raw/bok/v/201603A/J7463/good/d7463.0109.fits
0110   object      12704   strumv  60.0 158.89029 +25.30000 /data/raw/bok/v/201603A/J7463/good/d7463.0110.fits
0111   object      12705   strumv  60.0 159.77542 +25.30000 /data/raw/bok/v/201603A/J7463/good/d7463.0111.fits
0112   object      12706   strumv  60.0 160.65975 +25.30000 /data/raw/bok/v/201603A/J7463/good/d7463.0112.fits
0113   object      12707   strumv  60.0 161.54483 +25.30000 /data/raw/bok/v/201603A/J7463/good/d7463.0113.fits
0114   object      12708   strumv  60.0 162.42996 +25.30000 /data/raw/bok/v/201603A/J7463/good/d7463.0114.fits
0115   object      12709   strumv  60.0 163.31442 +25.29997 /data/raw/bok/v/201603A/J7463/good/d7463.0115.fits
0187   object      14457   strumv  60.0 199.58283 +29.29997 /data/raw/bok/v/201603A/J7463/good/d7463.0187.fits
0188   object      14458   strumv  60.0 200.49988 +29.30000 /data/raw/bok/v/201603A/J7463/good/d7463.0188.fits
0189   object      14459   strumv  60.0 201.41708 +29.30000 /data/raw/bok/v/201603A/J7463/good/d7463.0189.fits
0262   object      13109   strumv  60.0 210.73921 +26.09997 /data/raw/bok/v/201603A/J7463/good/d7463.0262.fits
0263   object      13110   strumv  60.0 211.63038 +26.10000 /data/raw/bok/v/201603A/J7463/good/d7463.0263.fits
0264   object      13111   strumv  60.0 212.52121 +26.10000 /data/raw/bok/v/201603A/J7463/good/d7463.0264.fits
0265   object      13451   strumv  60.0 207.72683 +26.89997 /data/raw/bok/v/201603A/J7463/good/d7463.0265.fits
