0016 object   10742      strumu     3.0 339.55304 +20.50000 /data/raw/bok/u/201512/J7365/good/d7365.0016.fits
0017 object   10742      strumu    40.0 339.55325 +20.50000 /data/raw/bok/u/201512/J7365/good/d7365.0017.fits
0018 object   10743      strumu     3.0 340.40708 +20.50000 /data/raw/bok/u/201512/J7365/good/d7365.0018.fits
0019 object   10743      strumu    40.0 340.40700 +20.50003 /data/raw/bok/u/201512/J7365/good/d7365.0019.fits
0020 object   10744      strumu     3.0 341.26117 +20.50000 /data/raw/bok/u/201512/J7365/good/d7365.0020.fits
0021 object   10744      strumu    40.0 341.26129 +20.50000 /data/raw/bok/u/201512/J7365/good/d7365.0021.fits
0022 object   10745      strumu     3.0 342.11529 +20.50000 /data/raw/bok/u/201512/J7365/good/d7365.0022.fits
0023 object   10745      strumu    40.0 342.11525 +20.50000 /data/raw/bok/u/201512/J7365/good/d7365.0023.fits
0024 object   10746      strumu     3.0 342.96942 +20.50000 /data/raw/bok/u/201512/J7365/good/d7365.0024.fits
0025 object   10746      strumu    40.0 342.96954 +20.50003 /data/raw/bok/u/201512/J7365/good/d7365.0025.fits
0026 object   10747      strumu     3.0 343.82342 +20.50000 /data/raw/bok/u/201512/J7365/good/d7365.0026.fits
0027 object   10747      strumu    40.0 343.82354 +20.50000 /data/raw/bok/u/201512/J7365/good/d7365.0027.fits
0028 object   10748      strumu     3.0 344.67737 +20.50000 /data/raw/bok/u/201512/J7365/good/d7365.0028.fits
0029 object   10748      strumu    40.0 344.67737 +20.50000 /data/raw/bok/u/201512/J7365/good/d7365.0029.fits
0030 object   10749      strumu     3.0 345.53163 +20.50000 /data/raw/bok/u/201512/J7365/good/d7365.0030.fits
0031 object   10749      strumu    40.0 345.53154 +20.49997 /data/raw/bok/u/201512/J7365/good/d7365.0031.fits
0032 object   10750      strumu     3.0 346.38567 +20.50000 /data/raw/bok/u/201512/J7365/good/d7365.0032.fits
0033 object   10750      strumu    40.0 346.38567 +20.50003 /data/raw/bok/u/201512/J7365/good/d7365.0033.fits
0034 object   10751      strumu     3.0 347.23975 +20.50000 /data/raw/bok/u/201512/J7365/good/d7365.0034.fits
0035 object   10751      strumu    40.0 347.23992 +20.50003 /data/raw/bok/u/201512/J7365/good/d7365.0035.fits
0036 object   10752      strumu     3.0 348.09417 +20.50000 /data/raw/bok/u/201512/J7365/good/d7365.0036.fits
0037 object   10752      strumu    40.0 348.09421 +20.50003 /data/raw/bok/u/201512/J7365/good/d7365.0037.fits
0038 object   10753      strumu     3.0 348.94825 +20.50000 /data/raw/bok/u/201512/J7365/good/d7365.0038.fits
0039 object   10753      strumu    40.0 348.94833 +20.50000 /data/raw/bok/u/201512/J7365/good/d7365.0039.fits
0040 object   10754      strumu     3.0 349.80204 +20.50000 /data/raw/bok/u/201512/J7365/good/d7365.0040.fits
0041 object   10754      strumu    40.0 349.80192 +20.50000 /data/raw/bok/u/201512/J7365/good/d7365.0041.fits
0042 object   10755      strumu     3.0 350.65617 +20.50000 /data/raw/bok/u/201512/J7365/good/d7365.0042.fits
0043 object   10755      strumu    40.0 350.65617 +20.50000 /data/raw/bok/u/201512/J7365/good/d7365.0043.fits
0044 object   10756      strumu     3.0 351.51029 +20.49997 /data/raw/bok/u/201512/J7365/good/d7365.0044.fits
0045 object   10756      strumu    40.0 351.51033 +20.50000 /data/raw/bok/u/201512/J7365/good/d7365.0045.fits
0046 object   10757      strumu     3.0 352.36442 +20.50000 /data/raw/bok/u/201512/J7365/good/d7365.0046.fits
0047 object   10757      strumu    40.0 352.36458 +20.50003 /data/raw/bok/u/201512/J7365/good/d7365.0047.fits
0048 object   10758      strumu     3.0 353.21883 +20.50003 /data/raw/bok/u/201512/J7365/good/d7365.0048.fits
0049 object   10758      strumu    40.0 353.21871 +20.50003 /data/raw/bok/u/201512/J7365/good/d7365.0049.fits
0050 object   10759      strumu     3.0 354.07246 +20.50000 /data/raw/bok/u/201512/J7365/good/d7365.0050.fits
0051 object   10759      strumu    40.0 354.07246 +20.50000 /data/raw/bok/u/201512/J7365/good/d7365.0051.fits
0052 object   10760      strumu     3.0 354.92663 +20.50000 /data/raw/bok/u/201512/J7365/good/d7365.0052.fits
0053 object   10760      strumu    40.0 354.92658 +20.50000 /data/raw/bok/u/201512/J7365/good/d7365.0053.fits
0054 object   10761      strumu     3.0 355.78071 +20.50000 /data/raw/bok/u/201512/J7365/good/d7365.0054.fits
0055 object   10761      strumu    40.0 355.78083 +20.50000 /data/raw/bok/u/201512/J7365/good/d7365.0055.fits
0056 object   10762      strumu     3.0 356.63500 +20.50000 /data/raw/bok/u/201512/J7365/good/d7365.0056.fits
0057 object   10762      strumu    40.0 356.63487 +20.50000 /data/raw/bok/u/201512/J7365/good/d7365.0057.fits
0058 object   10403      strumu     3.0   0.48013 +20.50000 /data/raw/bok/u/201512/J7365/good/d7365.0058.fits
0059 object   10403      strumu    40.0   0.48017 +20.50000 /data/raw/bok/u/201512/J7365/good/d7365.0059.fits
0060 object   11129      strumu     3.0   0.48583 +22.09981 /data/raw/bok/u/201512/J7365/good/d7365.0060.fits
0061 object   11129      strumu    40.0   0.48567 +22.10000 /data/raw/bok/u/201512/J7365/good/d7365.0061.fits
0062 object   10404      strumu     3.0   1.33442 +20.50019 /data/raw/bok/u/201512/J7365/good/d7365.0062.fits
0063 object   10404      strumu    40.0   1.33442 +20.50000 /data/raw/bok/u/201512/J7365/good/d7365.0063.fits
0064 object   11130      strumu     3.0   1.34896 +22.09989 /data/raw/bok/u/201512/J7365/good/d7365.0064.fits
0065 object   11130      strumu    40.0   1.34917 +22.10000 /data/raw/bok/u/201512/J7365/good/d7365.0065.fits
0066 object   10405      strumu     3.0   2.18858 +20.50008 /data/raw/bok/u/201512/J7365/good/d7365.0066.fits
0067 object   10405      strumu    40.0   2.18871 +20.50000 /data/raw/bok/u/201512/J7365/good/d7365.0067.fits
0068 object   11131      strumu     3.0   2.21233 +22.09989 /data/raw/bok/u/201512/J7365/good/d7365.0068.fits
0069 object   11131      strumu    40.0   2.21242 +22.10000 /data/raw/bok/u/201512/J7365/good/d7365.0069.fits
0070 object   10406      strumu     3.0   3.04250 +20.50008 /data/raw/bok/u/201512/J7365/good/d7365.0070.fits
0071 object   10406      strumu    40.0   3.04246 +20.50000 /data/raw/bok/u/201512/J7365/good/d7365.0071.fits
0072 object   10770      strumu     3.0   3.05854 +21.29978 /data/raw/bok/u/201512/J7365/good/d7365.0072.fits
0073 object   10770      strumu    40.0   3.05858 +21.30000 /data/raw/bok/u/201512/J7365/good/d7365.0073.fits
0074 object   11132      strumu     3.0   3.07587 +22.09978 /data/raw/bok/u/201512/J7365/good/d7365.0074.fits
0075 object   11132      strumu    40.0   3.07571 +22.10000 /data/raw/bok/u/201512/J7365/good/d7365.0075.fits
0076 object   10407      strumu     3.0   3.89658 +20.50008 /data/raw/bok/u/201512/J7365/good/d7365.0076.fits
0077 object   10407      strumu    40.0   3.89671 +20.50000 /data/raw/bok/u/201512/J7365/good/d7365.0077.fits
0078 object   10771      strumu     3.0   3.91742 +21.29989 /data/raw/bok/u/201512/J7365/good/d7365.0078.fits
0079 object   10771      strumu    40.0   3.91746 +21.30000 /data/raw/bok/u/201512/J7365/good/d7365.0079.fits
0094 object   10427      strumu     3.0  20.97825 +20.50000 /data/raw/bok/u/201512/J7365/good/d7365.0094.fits
0095 object   10427      strumu    40.0  20.97821 +20.50000 /data/raw/bok/u/201512/J7365/good/d7365.0095.fits
0096 object   10428      strumu     3.0  21.83242 +20.49997 /data/raw/bok/u/201512/J7365/good/d7365.0096.fits
0097 object   10428      strumu    40.0  21.83242 +20.50000 /data/raw/bok/u/201512/J7365/good/d7365.0097.fits
0098 object   10429      strumu     3.0  22.68667 +20.50000 /data/raw/bok/u/201512/J7365/good/d7365.0098.fits
0099 object   10429      strumu    40.0  22.68662 +20.50000 /data/raw/bok/u/201512/J7365/good/d7365.0099.fits
0100 object   10430      strumu     3.0  23.54087 +20.49997 /data/raw/bok/u/201512/J7365/good/d7365.0100.fits
0101 object   10430      strumu    40.0  23.54083 +20.50000 /data/raw/bok/u/201512/J7365/good/d7365.0101.fits
0102 object   10431      strumu     3.0  24.39483 +20.49997 /data/raw/bok/u/201512/J7365/good/d7365.0102.fits
0103 object   10431      strumu    40.0  24.39487 +20.50000 /data/raw/bok/u/201512/J7365/good/d7365.0103.fits
0104 object   10432      strumu     3.0  25.24908 +20.50000 /data/raw/bok/u/201512/J7365/good/d7365.0104.fits
0105 object   10432      strumu    40.0  25.24904 +20.50000 /data/raw/bok/u/201512/J7365/good/d7365.0105.fits
0106 object   10433      strumu     3.0  26.10283 +20.50000 /data/raw/bok/u/201512/J7365/good/d7365.0106.fits
0107 object   10433      strumu    40.0  26.10288 +20.50003 /data/raw/bok/u/201512/J7365/good/d7365.0107.fits
0108 object   10434      strumu     3.0  26.95687 +20.49997 /data/raw/bok/u/201512/J7365/good/d7365.0108.fits
0109 object   10434      strumu    40.0  26.95712 +20.50000 /data/raw/bok/u/201512/J7365/good/d7365.0109.fits
0110 object   10435      strumu     3.0  27.81125 +20.49997 /data/raw/bok/u/201512/J7365/good/d7365.0110.fits
0111 object   10435      strumu    40.0  27.81117 +20.50000 /data/raw/bok/u/201512/J7365/good/d7365.0111.fits
0112 object   10436      strumu     3.0  28.66533 +20.49997 /data/raw/bok/u/201512/J7365/good/d7365.0112.fits
0113 object   10436      strumu    40.0  28.66538 +20.50000 /data/raw/bok/u/201512/J7365/good/d7365.0113.fits
0114 object   10437      strumu     3.0  29.51950 +20.49997 /data/raw/bok/u/201512/J7365/good/d7365.0114.fits
0115 object   10437      strumu    40.0  29.51946 +20.50000 /data/raw/bok/u/201512/J7365/good/d7365.0115.fits
0116 object   10438      strumu     3.0  30.37333 +20.49997 /data/raw/bok/u/201512/J7365/good/d7365.0116.fits
0117 object   10438      strumu    40.0  30.37337 +20.50000 /data/raw/bok/u/201512/J7365/good/d7365.0117.fits
0118 object   10439      strumu     3.0  31.22729 +20.49997 /data/raw/bok/u/201512/J7365/good/d7365.0118.fits
0119 object   10439      strumu    40.0  31.22746 +20.50000 /data/raw/bok/u/201512/J7365/good/d7365.0119.fits
0120 object   10440      strumu     3.0  32.08150 +20.49997 /data/raw/bok/u/201512/J7365/good/d7365.0120.fits
0121 object   10440      strumu    40.0  32.08158 +20.50000 /data/raw/bok/u/201512/J7365/good/d7365.0121.fits
0122 object   10441      strumu     3.0  32.93575 +20.49997 /data/raw/bok/u/201512/J7365/good/d7365.0122.fits
0123 object   10441      strumu    40.0  32.93571 +20.50000 /data/raw/bok/u/201512/J7365/good/d7365.0123.fits
0124 object   10442      strumu     3.0  33.78983 +20.49997 /data/raw/bok/u/201512/J7365/good/d7365.0124.fits
0125 object   10442      strumu    40.0  33.78983 +20.50000 /data/raw/bok/u/201512/J7365/good/d7365.0125.fits
0126 object   10443      strumu     3.0  34.64375 +20.49997 /data/raw/bok/u/201512/J7365/good/d7365.0126.fits
0127 object   10443      strumu    40.0  34.64358 +20.50000 /data/raw/bok/u/201512/J7365/good/d7365.0127.fits
0128 object   10444      strumu     3.0  35.49783 +20.50000 /data/raw/bok/u/201512/J7365/good/d7365.0128.fits
0129 object   10444      strumu    40.0  35.49792 +20.50000 /data/raw/bok/u/201512/J7365/good/d7365.0129.fits
0130 object   10445      strumu     3.0  36.35196 +20.49997 /data/raw/bok/u/201512/J7365/good/d7365.0130.fits
0131 object   10445      strumu    40.0  36.35217 +20.50000 /data/raw/bok/u/201512/J7365/good/d7365.0131.fits
0132 object   10446      strumu     3.0  37.20621 +20.49997 /data/raw/bok/u/201512/J7365/good/d7365.0132.fits
0133 object   10446      strumu    40.0  37.20617 +20.50000 /data/raw/bok/u/201512/J7365/good/d7365.0133.fits
0134 object   10447      strumu     3.0  38.06033 +20.49997 /data/raw/bok/u/201512/J7365/good/d7365.0134.fits
0135 object   10447      strumu    40.0  38.06046 +20.50000 /data/raw/bok/u/201512/J7365/good/d7365.0135.fits
0136 object   10448      strumu     3.0  38.91396 +20.49997 /data/raw/bok/u/201512/J7365/good/d7365.0136.fits
0137 object   10448      strumu    40.0  38.91408 +20.50000 /data/raw/bok/u/201512/J7365/good/d7365.0137.fits
0138 object   10449      strumu     3.0  39.76825 +20.49997 /data/raw/bok/u/201512/J7365/good/d7365.0138.fits
0139 object   10449      strumu    40.0  39.76825 +20.50000 /data/raw/bok/u/201512/J7365/good/d7365.0139.fits
0140 object   10450      strumu     3.0  40.62221 +20.49997 /data/raw/bok/u/201512/J7365/good/d7365.0140.fits
0141 object   10450      strumu    40.0  40.62246 +20.50000 /data/raw/bok/u/201512/J7365/good/d7365.0141.fits
0142 object   10451      strumu     3.0  41.47650 +20.49997 /data/raw/bok/u/201512/J7365/good/d7365.0142.fits
0143 object   10451      strumu    40.0  41.47667 +20.50003 /data/raw/bok/u/201512/J7365/good/d7365.0143.fits
0144 object   10452      strumu     3.0  42.33087 +20.49997 /data/raw/bok/u/201512/J7365/good/d7365.0144.fits
0145 object   10452      strumu    40.0  42.33067 +20.50000 /data/raw/bok/u/201512/J7365/good/d7365.0145.fits
0146 object   10453      strumu     3.0  43.18496 +20.49997 /data/raw/bok/u/201512/J7365/good/d7365.0146.fits
0147 object   10453      strumu    40.0  43.18496 +20.50000 /data/raw/bok/u/201512/J7365/good/d7365.0147.fits
0148 object   10454      strumu     3.0  44.03875 +20.49997 /data/raw/bok/u/201512/J7365/good/d7365.0148.fits
0149 object   10454      strumu    40.0  44.03858 +20.50000 /data/raw/bok/u/201512/J7365/good/d7365.0149.fits
0150 object   10455      strumu     3.0  44.89300 +20.49997 /data/raw/bok/u/201512/J7365/good/d7365.0150.fits
0151 object   10455      strumu    40.0  44.89283 +20.50000 /data/raw/bok/u/201512/J7365/good/d7365.0151.fits
0160 object   10464      strumu     3.0  52.57979 +20.50000 /data/raw/bok/u/201512/J7365/good/d7365.0160.fits
0161 object   10464      strumu    40.0  52.57963 +20.50000 /data/raw/bok/u/201512/J7365/good/d7365.0161.fits
0162 object   10465      strumu     3.0  53.43383 +20.49997 /data/raw/bok/u/201512/J7365/good/d7365.0162.fits
0163 object   10465      strumu    40.0  53.43367 +20.50003 /data/raw/bok/u/201512/J7365/good/d7365.0163.fits
0164 object   10466      strumu     3.0  54.28783 +20.49997 /data/raw/bok/u/201512/J7365/good/d7365.0164.fits
0165 object   10466      strumu    40.0  54.28783 +20.50000 /data/raw/bok/u/201512/J7365/good/d7365.0165.fits
0166 object   10467      strumu     3.0  55.14204 +20.49997 /data/raw/bok/u/201512/J7365/good/d7365.0166.fits
0167 object   10467      strumu    40.0  55.14208 +20.49997 /data/raw/bok/u/201512/J7365/good/d7365.0167.fits
0168 object   10468      strumu     3.0  55.99621 +20.49997 /data/raw/bok/u/201512/J7365/good/d7365.0168.fits
0169 object   10468      strumu    40.0  55.99621 +20.49997 /data/raw/bok/u/201512/J7365/good/d7365.0169.fits
0170 object   10469      strumu     3.0  56.84975 +20.49997 /data/raw/bok/u/201512/J7365/good/d7365.0170.fits
0171 object   10469      strumu    40.0  56.85004 +20.50003 /data/raw/bok/u/201512/J7365/good/d7365.0171.fits
0172 object   10470      strumu     3.0  57.70383 +20.49997 /data/raw/bok/u/201512/J7365/good/d7365.0172.fits
0173 object   10470      strumu    40.0  57.70413 +20.50003 /data/raw/bok/u/201512/J7365/good/d7365.0173.fits
0174 object   10471      strumu     3.0  58.55829 +20.49997 /data/raw/bok/u/201512/J7365/good/d7365.0174.fits
0175 object   10471      strumu    40.0  58.55821 +20.50000 /data/raw/bok/u/201512/J7365/good/d7365.0175.fits
0176 object   10472      strumu     3.0  59.41246 +20.49997 /data/raw/bok/u/201512/J7365/good/d7365.0176.fits
0177 object   10472      strumu    40.0  59.41254 +20.50003 /data/raw/bok/u/201512/J7365/good/d7365.0177.fits
0178 object   10473      strumu     3.0  60.26658 +20.49997 /data/raw/bok/u/201512/J7365/good/d7365.0178.fits
0179 object   10473      strumu    40.0  60.26658 +20.49997 /data/raw/bok/u/201512/J7365/good/d7365.0179.fits
0180 object   10474      strumu     3.0  61.12067 +20.49997 /data/raw/bok/u/201512/J7365/good/d7365.0180.fits
0181 object   10474      strumu    40.0  61.12075 +20.50000 /data/raw/bok/u/201512/J7365/good/d7365.0181.fits
0182 object   10475      strumu     3.0  61.97437 +20.49997 /data/raw/bok/u/201512/J7365/good/d7365.0182.fits
0183 object   10475      strumu    40.0  61.97450 +20.50000 /data/raw/bok/u/201512/J7365/good/d7365.0183.fits
0184 object   10476      strumu     3.0  62.82875 +20.49997 /data/raw/bok/u/201512/J7365/good/d7365.0184.fits
0185 object   10476      strumu    40.0  62.82867 +20.50000 /data/raw/bok/u/201512/J7365/good/d7365.0185.fits
0186 object   10477      strumu     3.0  63.68287 +20.49997 /data/raw/bok/u/201512/J7365/good/d7365.0186.fits
0187 object   10477      strumu    40.0  63.68292 +20.50000 /data/raw/bok/u/201512/J7365/good/d7365.0187.fits
0188 object   10485      strumu     3.0  70.51525 +20.50000 /data/raw/bok/u/201512/J7365/good/d7365.0188.fits
0189 object   10485      strumu    40.0  70.51533 +20.50000 /data/raw/bok/u/201512/J7365/good/d7365.0189.fits
0190 object   10486      strumu     3.0  71.36954 +20.49997 /data/raw/bok/u/201512/J7365/good/d7365.0190.fits
0191 object   10486      strumu    40.0  71.36958 +20.50000 /data/raw/bok/u/201512/J7365/good/d7365.0191.fits
0192 object   10487      strumu     3.0  72.22362 +20.49997 /data/raw/bok/u/201512/J7365/good/d7365.0192.fits
0193 object   10487      strumu    40.0  72.22367 +20.50000 /data/raw/bok/u/201512/J7365/good/d7365.0193.fits
0194 object   10488      strumu     3.0  73.07792 +20.49997 /data/raw/bok/u/201512/J7365/good/d7365.0194.fits
0195 object   10488      strumu    40.0  73.07775 +20.50000 /data/raw/bok/u/201512/J7365/good/d7365.0195.fits
0196 object   10489      strumu     3.0  73.93188 +20.49997 /data/raw/bok/u/201512/J7365/good/d7365.0196.fits
0197 object   10489      strumu    40.0  73.93204 +20.50000 /data/raw/bok/u/201512/J7365/good/d7365.0197.fits
0198 object   10490      strumu     3.0  74.78554 +20.49997 /data/raw/bok/u/201512/J7365/good/d7365.0198.fits
0199 object   10490      strumu    40.0  74.78579 +20.50000 /data/raw/bok/u/201512/J7365/good/d7365.0199.fits
0200 object   10491      strumu     3.0  75.63983 +20.49997 /data/raw/bok/u/201512/J7365/good/d7365.0200.fits
0201 object   10491      strumu    40.0  75.63987 +20.50000 /data/raw/bok/u/201512/J7365/good/d7365.0201.fits
0202 object   10492      strumu     3.0  76.49421 +20.49997 /data/raw/bok/u/201512/J7365/good/d7365.0202.fits
0203 object   10492      strumu    40.0  76.49412 +20.50000 /data/raw/bok/u/201512/J7365/good/d7365.0203.fits
0204 object   10493      strumu     3.0  77.34812 +20.49997 /data/raw/bok/u/201512/J7365/good/d7365.0204.fits
0205 object   10493      strumu    40.0  77.34829 +20.50000 /data/raw/bok/u/201512/J7365/good/d7365.0205.fits
0206 object   10494      strumu     3.0  78.20242 +20.49997 /data/raw/bok/u/201512/J7365/good/d7365.0206.fits
0207 object   10494      strumu    40.0  78.20246 +20.50000 /data/raw/bok/u/201512/J7365/good/d7365.0207.fits
0208 object   10495      strumu     3.0  79.05629 +20.49997 /data/raw/bok/u/201512/J7365/good/d7365.0208.fits
0209 object   10495      strumu    40.0  79.05650 +20.50000 /data/raw/bok/u/201512/J7365/good/d7365.0209.fits
0218 object   10496      strumu     3.0 104.67938 +20.50000 /data/raw/bok/u/201512/J7365/good/d7365.0218.fits
0219 object   10496      strumu    40.0 104.67904 +20.50000 /data/raw/bok/u/201512/J7365/good/d7365.0219.fits
0222 object   10496      strumu     3.0 104.67908 +20.50000 /data/raw/bok/u/201512/J7365/good/d7365.0222.fits
0223 object   10496      strumu    40.0 104.67908 +20.50000 /data/raw/bok/u/201512/J7365/good/d7365.0223.fits
0224 object   10497      strumu     3.0 105.53333 +20.50000 /data/raw/bok/u/201512/J7365/good/d7365.0224.fits
0225 object   10497      strumu    40.0 105.53329 +20.50000 /data/raw/bok/u/201512/J7365/good/d7365.0225.fits
0226 object   10861      strumu     3.0 106.09746 +21.29994 /data/raw/bok/u/201512/J7365/good/d7365.0226.fits
0227 object   10861      strumu    40.0 106.09737 +21.30000 /data/raw/bok/u/201512/J7365/good/d7365.0227.fits
0228 object   10498      strumu     3.0 106.38700 +20.50019 /data/raw/bok/u/201512/J7365/good/d7365.0228.fits
0229 object   10498      strumu    40.0 106.38700 +20.50003 /data/raw/bok/u/201512/J7365/good/d7365.0229.fits
0230 object   10862      strumu     3.0 106.95579 +21.29992 /data/raw/bok/u/201512/J7365/good/d7365.0230.fits
0231 object   10862      strumu    40.0 106.95571 +21.30000 /data/raw/bok/u/201512/J7365/good/d7365.0231.fits
0232 object   10499      strumu     3.0 107.24125 +20.50008 /data/raw/bok/u/201512/J7365/good/d7365.0232.fits
0233 object   10499      strumu    40.0 107.24121 +20.50000 /data/raw/bok/u/201512/J7365/good/d7365.0233.fits
0234 object   10863      strumu     3.0 107.81454 +21.29989 /data/raw/bok/u/201512/J7365/good/d7365.0234.fits
0235 object   10863      strumu    40.0 107.81442 +21.30000 /data/raw/bok/u/201512/J7365/good/d7365.0235.fits
0236 object   10500      strumu     3.0 108.09546 +20.50014 /data/raw/bok/u/201512/J7365/good/d7365.0236.fits
0237 object   10500      strumu    40.0 108.09538 +20.50003 /data/raw/bok/u/201512/J7365/good/d7365.0237.fits
0238 object   10864      strumu     3.0 108.67333 +21.29981 /data/raw/bok/u/201512/J7365/good/d7365.0238.fits
0239 object   10864      strumu    40.0 108.67329 +21.30000 /data/raw/bok/u/201512/J7365/good/d7365.0239.fits
0240 object   10501      strumu     3.0 108.94963 +20.50022 /data/raw/bok/u/201512/J7365/good/d7365.0240.fits
0241 object   10501      strumu    40.0 108.94958 +20.50000 /data/raw/bok/u/201512/J7365/good/d7365.0241.fits
0242 object   10865      strumu     3.0 109.53200 +21.29986 /data/raw/bok/u/201512/J7365/good/d7365.0242.fits
0243 object   10865      strumu    40.0 109.53212 +21.30000 /data/raw/bok/u/201512/J7365/good/d7365.0243.fits
0244 object   10502      strumu     3.0 109.80358 +20.50017 /data/raw/bok/u/201512/J7365/good/d7365.0244.fits
0245 object   10502      strumu    40.0 109.80371 +20.50003 /data/raw/bok/u/201512/J7365/good/d7365.0245.fits
0246 object   10866      strumu     3.0 110.39092 +21.29992 /data/raw/bok/u/201512/J7365/good/d7365.0246.fits
0247 object   10866      strumu    40.0 110.39079 +21.30000 /data/raw/bok/u/201512/J7365/good/d7365.0247.fits
0248 object   10503      strumu     3.0 110.65788 +20.50008 /data/raw/bok/u/201512/J7365/good/d7365.0248.fits
0249 object   10503      strumu    40.0 110.65792 +20.50000 /data/raw/bok/u/201512/J7365/good/d7365.0249.fits
0250 object   10867      strumu     3.0 111.24913 +21.29983 /data/raw/bok/u/201512/J7365/good/d7365.0250.fits
0251 object   10867      strumu    40.0 111.24917 +21.29997 /data/raw/bok/u/201512/J7365/good/d7365.0251.fits
0252 object   10504      strumu     3.0 111.51158 +20.50011 /data/raw/bok/u/201512/J7365/good/d7365.0252.fits
0253 object   10504      strumu    40.0 111.51154 +20.50000 /data/raw/bok/u/201512/J7365/good/d7365.0253.fits
0254 object   10868      strumu     3.0 112.10783 +21.29994 /data/raw/bok/u/201512/J7365/good/d7365.0254.fits
0255 object   10868      strumu    40.0 112.10779 +21.30000 /data/raw/bok/u/201512/J7365/good/d7365.0255.fits
0256 object   10505      strumu     3.0 112.36579 +20.50006 /data/raw/bok/u/201512/J7365/good/d7365.0256.fits
0257 object   10505      strumu    40.0 112.36567 +20.49997 /data/raw/bok/u/201512/J7365/good/d7365.0257.fits
0258 object   10869      strumu     3.0 112.96675 +21.29981 /data/raw/bok/u/201512/J7365/good/d7365.0258.fits
0259 object   10869      strumu    40.0 112.96654 +21.29997 /data/raw/bok/u/201512/J7365/good/d7365.0259.fits
0260 object   10506      strumu     3.0 113.22004 +20.50008 /data/raw/bok/u/201512/J7365/good/d7365.0260.fits
0261 object   10506      strumu    40.0 113.21983 +20.50003 /data/raw/bok/u/201512/J7365/good/d7365.0261.fits
0262 object   10870      strumu     3.0 113.82533 +21.29978 /data/raw/bok/u/201512/J7365/good/d7365.0262.fits
0263 object   10870      strumu    40.0 113.82529 +21.30003 /data/raw/bok/u/201512/J7365/good/d7365.0263.fits
0264 object   10507      strumu     3.0 114.07404 +20.50028 /data/raw/bok/u/201512/J7365/good/d7365.0264.fits
0265 object   10507      strumu    40.0 114.07417 +20.50000 /data/raw/bok/u/201512/J7365/good/d7365.0265.fits
0266 object   10871      strumu     3.0 114.68367 +21.29989 /data/raw/bok/u/201512/J7365/good/d7365.0266.fits
0267 object   10871      strumu    40.0 114.68354 +21.30000 /data/raw/bok/u/201512/J7365/good/d7365.0267.fits
0268 object   10508      strumu     3.0 114.92833 +20.50011 /data/raw/bok/u/201512/J7365/good/d7365.0268.fits
0269 object   10508      strumu    40.0 114.92825 +20.50003 /data/raw/bok/u/201512/J7365/good/d7365.0269.fits
0270 object   10872      strumu     3.0 115.54250 +21.29992 /data/raw/bok/u/201512/J7365/good/d7365.0270.fits
0271 object   10872      strumu    40.0 115.54233 +21.30000 /data/raw/bok/u/201512/J7365/good/d7365.0271.fits
0272 object   10509      strumu     3.0 115.78213 +20.50017 /data/raw/bok/u/201512/J7365/good/d7365.0272.fits
0273 object   10509      strumu    40.0 115.78208 +20.50003 /data/raw/bok/u/201512/J7365/good/d7365.0273.fits
0274 object   10873      strumu     3.0 116.40112 +21.29989 /data/raw/bok/u/201512/J7365/good/d7365.0274.fits
0275 object   10873      strumu    40.0 116.40117 +21.30000 /data/raw/bok/u/201512/J7365/good/d7365.0275.fits
0276 object   10510      strumu     3.0 116.63625 +20.50006 /data/raw/bok/u/201512/J7365/good/d7365.0276.fits
0277 object   10510      strumu    40.0 116.63625 +20.50003 /data/raw/bok/u/201512/J7365/good/d7365.0277.fits
0278 object   10874      strumu     3.0 117.26004 +21.29989 /data/raw/bok/u/201512/J7365/good/d7365.0278.fits
0279 object   10874      strumu    40.0 117.25983 +21.30000 /data/raw/bok/u/201512/J7365/good/d7365.0279.fits
0280 object   10511      strumu     3.0 117.49046 +20.50014 /data/raw/bok/u/201512/J7365/good/d7365.0280.fits
0281 object   10511      strumu    40.0 117.49038 +20.50003 /data/raw/bok/u/201512/J7365/good/d7365.0281.fits
0282 object   10875      strumu     3.0 118.11838 +21.29978 /data/raw/bok/u/201512/J7365/good/d7365.0282.fits
0283 object   10875      strumu    40.0 118.11821 +21.30000 /data/raw/bok/u/201512/J7365/good/d7365.0283.fits
0284 object   10512      strumu     3.0 118.34462 +20.50008 /data/raw/bok/u/201512/J7365/good/d7365.0284.fits
0285 object   10512      strumu    40.0 118.34454 +20.50000 /data/raw/bok/u/201512/J7365/good/d7365.0285.fits
0286 object   10876      strumu     3.0 118.97713 +21.29978 /data/raw/bok/u/201512/J7365/good/d7365.0286.fits
0287 object   10876      strumu    40.0 118.97692 +21.30000 /data/raw/bok/u/201512/J7365/good/d7365.0287.fits
0288 object   10513      strumu     3.0 119.19875 +20.50017 /data/raw/bok/u/201512/J7365/good/d7365.0288.fits
0289 object   10513      strumu    40.0 119.19875 +20.50003 /data/raw/bok/u/201512/J7365/good/d7365.0289.fits
0290 object   10877      strumu     3.0 119.83592 +21.29989 /data/raw/bok/u/201512/J7365/good/d7365.0290.fits
0291 object   10877      strumu    40.0 119.83583 +21.30000 /data/raw/bok/u/201512/J7365/good/d7365.0291.fits
0298 object   10514      strumu     3.0 120.05254 +20.50000 /data/raw/bok/u/201512/J7365/good/d7365.0298.fits
0299 object   10514      strumu    40.0 120.05250 +20.50000 /data/raw/bok/u/201512/J7365/good/d7365.0299.fits
0300 object   10878      strumu     3.0 120.69450 +21.29972 /data/raw/bok/u/201512/J7365/good/d7365.0300.fits
0301 object   10878      strumu    40.0 120.69458 +21.30000 /data/raw/bok/u/201512/J7365/good/d7365.0301.fits
0302 object   10515      strumu     3.0 120.90667 +20.50008 /data/raw/bok/u/201512/J7365/good/d7365.0302.fits
0303 object   10515      strumu    40.0 120.90658 +20.49997 /data/raw/bok/u/201512/J7365/good/d7365.0303.fits
0304 object   10879      strumu     3.0 121.55342 +21.29978 /data/raw/bok/u/201512/J7365/good/d7365.0304.fits
0305 object   10879      strumu    40.0 121.55333 +21.30000 /data/raw/bok/u/201512/J7365/good/d7365.0305.fits
0306 object   10516      strumu     3.0 121.76075 +20.50006 /data/raw/bok/u/201512/J7365/good/d7365.0306.fits
0307 object   10516      strumu    40.0 121.76079 +20.49997 /data/raw/bok/u/201512/J7365/good/d7365.0307.fits
0308 object   10880      strumu     3.0 122.41175 +21.29983 /data/raw/bok/u/201512/J7365/good/d7365.0308.fits
0309 object   10880      strumu    40.0 122.41163 +21.30000 /data/raw/bok/u/201512/J7365/good/d7365.0309.fits
0310 object   10517      strumu     3.0 122.61504 +20.50006 /data/raw/bok/u/201512/J7365/good/d7365.0310.fits
0311 object   10517      strumu    40.0 122.61504 +20.50000 /data/raw/bok/u/201512/J7365/good/d7365.0311.fits
0312 object   10881      strumu     3.0 123.27033 +21.29978 /data/raw/bok/u/201512/J7365/good/d7365.0312.fits
0313 object   10881      strumu    40.0 123.27038 +21.30000 /data/raw/bok/u/201512/J7365/good/d7365.0313.fits
0314 object   10518      strumu     3.0 123.46921 +20.50017 /data/raw/bok/u/201512/J7365/good/d7365.0314.fits
0315 object   10518      strumu    40.0 123.46921 +20.50000 /data/raw/bok/u/201512/J7365/good/d7365.0315.fits
0316 object   10882      strumu     3.0 124.12908 +21.29992 /data/raw/bok/u/201512/J7365/good/d7365.0316.fits
0317 object   10882      strumu    40.0 124.12904 +21.30000 /data/raw/bok/u/201512/J7365/good/d7365.0317.fits
0318 object   10519      strumu     3.0 124.32279 +20.50028 /data/raw/bok/u/201512/J7365/good/d7365.0318.fits
0319 object   10519      strumu    40.0 124.32279 +20.50000 /data/raw/bok/u/201512/J7365/good/d7365.0319.fits
0320 object   10883      strumu     3.0 124.98788 +21.29992 /data/raw/bok/u/201512/J7365/good/d7365.0320.fits
0321 object   10883      strumu    40.0 124.98796 +21.30000 /data/raw/bok/u/201512/J7365/good/d7365.0321.fits
0322 object   10520      strumu     3.0 125.17708 +20.50019 /data/raw/bok/u/201512/J7365/good/d7365.0322.fits
0323 object   10520      strumu    40.0 125.17708 +20.50000 /data/raw/bok/u/201512/J7365/good/d7365.0323.fits
0324 object   10884      strumu     3.0 125.84629 +21.29992 /data/raw/bok/u/201512/J7365/good/d7365.0324.fits
0325 object   10884      strumu    40.0 125.84617 +21.30000 /data/raw/bok/u/201512/J7365/good/d7365.0325.fits
0326 object   10521      strumu     3.0 126.03125 +20.50019 /data/raw/bok/u/201512/J7365/good/d7365.0326.fits
0327 object   10521      strumu    40.0 126.03117 +20.50000 /data/raw/bok/u/201512/J7365/good/d7365.0327.fits
0328 object   10885      strumu     3.0 126.70508 +21.29989 /data/raw/bok/u/201512/J7365/good/d7365.0328.fits
0329 object   10885      strumu    40.0 126.70504 +21.30000 /data/raw/bok/u/201512/J7365/good/d7365.0329.fits
0330 object   10522      strumu     3.0 126.88529 +20.50006 /data/raw/bok/u/201512/J7365/good/d7365.0330.fits
0331 object   10522      strumu    40.0 126.88525 +20.50000 /data/raw/bok/u/201512/J7365/good/d7365.0331.fits
0333 object   10886      strumu     3.0 127.56375 +21.30000 /data/raw/bok/u/201512/J7365/good/d7365.0333.fits
0334 object   10886      strumu    40.0 127.56358 +21.30000 /data/raw/bok/u/201512/J7365/good/d7365.0334.fits
0335 object   10523      strumu     3.0 127.73946 +20.50011 /data/raw/bok/u/201512/J7365/good/d7365.0335.fits
0336 object   10523      strumu    40.0 127.73942 +20.50000 /data/raw/bok/u/201512/J7365/good/d7365.0336.fits
0337 object   10887      strumu     3.0 128.42242 +21.29989 /data/raw/bok/u/201512/J7365/good/d7365.0337.fits
0338 object   10887      strumu    40.0 128.42233 +21.30000 /data/raw/bok/u/201512/J7365/good/d7365.0338.fits
0339 object   10524      strumu     3.0 128.59325 +20.50006 /data/raw/bok/u/201512/J7365/good/d7365.0339.fits
0340 object   10524      strumu    40.0 128.59321 +20.50003 /data/raw/bok/u/201512/J7365/good/d7365.0340.fits
0341 object   10888      strumu     3.0 129.28071 +21.29992 /data/raw/bok/u/201512/J7365/good/d7365.0341.fits
0342 object   10888      strumu    40.0 129.28083 +21.30000 /data/raw/bok/u/201512/J7365/good/d7365.0342.fits
0343 object   10525      strumu     3.0 129.44742 +20.50022 /data/raw/bok/u/201512/J7365/good/d7365.0343.fits
0344 object   10525      strumu    40.0 129.44733 +20.50000 /data/raw/bok/u/201512/J7365/good/d7365.0344.fits
0345 object   10889      strumu     3.0 130.13950 +21.29992 /data/raw/bok/u/201512/J7365/good/d7365.0345.fits
0346 object   10889      strumu    40.0 130.13954 +21.30000 /data/raw/bok/u/201512/J7365/good/d7365.0346.fits
0347 object   10526      strumu     3.0 130.30167 +20.50006 /data/raw/bok/u/201512/J7365/good/d7365.0347.fits
0348 object   10526      strumu    40.0 130.30154 +20.50000 /data/raw/bok/u/201512/J7365/good/d7365.0348.fits
0349 object   10890      strumu     3.0 130.99833 +21.29978 /data/raw/bok/u/201512/J7365/good/d7365.0349.fits
0350 object   10890      strumu    40.0 130.99821 +21.30003 /data/raw/bok/u/201512/J7365/good/d7365.0350.fits
0351 object   10527      strumu     3.0 131.15583 +20.50011 /data/raw/bok/u/201512/J7365/good/d7365.0351.fits
0352 object   10527      strumu    40.0 131.15567 +20.50000 /data/raw/bok/u/201512/J7365/good/d7365.0352.fits
0353 object   10528      strumu     3.0 132.00988 +20.49997 /data/raw/bok/u/201512/J7365/good/d7365.0353.fits
0354 object   10528      strumu    40.0 132.01000 +20.50000 /data/raw/bok/u/201512/J7365/good/d7365.0354.fits
0355 object   10529      strumu     3.0 132.86400 +20.49997 /data/raw/bok/u/201512/J7365/good/d7365.0355.fits
0356 object   10529      strumu    40.0 132.86400 +20.50000 /data/raw/bok/u/201512/J7365/good/d7365.0356.fits
0357 object   10530      strumu     3.0 133.71792 +20.49997 /data/raw/bok/u/201512/J7365/good/d7365.0357.fits
0358 object   10530      strumu    40.0 133.71800 +20.50003 /data/raw/bok/u/201512/J7365/good/d7365.0358.fits
0359 object   10531      strumu     3.0 134.57196 +20.49997 /data/raw/bok/u/201512/J7365/good/d7365.0359.fits
0360 object   10531      strumu    40.0 134.57200 +20.50000 /data/raw/bok/u/201512/J7365/good/d7365.0360.fits
0361 object   10532      strumu     3.0 135.42617 +20.49997 /data/raw/bok/u/201512/J7365/good/d7365.0361.fits
0362 object   10532      strumu    40.0 135.42625 +20.50000 /data/raw/bok/u/201512/J7365/good/d7365.0362.fits
0363 object   10533      strumu     3.0 136.28021 +20.49997 /data/raw/bok/u/201512/J7365/good/d7365.0363.fits
0364 object   10533      strumu    40.0 136.28029 +20.50000 /data/raw/bok/u/201512/J7365/good/d7365.0364.fits
0365 object   10534      strumu     3.0 137.13446 +20.49997 /data/raw/bok/u/201512/J7365/good/d7365.0365.fits
0366 object   10534      strumu    40.0 137.13454 +20.50000 /data/raw/bok/u/201512/J7365/good/d7365.0366.fits
0367 object   10898      strumu     3.0 137.86754 +21.29992 /data/raw/bok/u/201512/J7365/good/d7365.0367.fits
0368 object   10898      strumu    40.0 137.86742 +21.30003 /data/raw/bok/u/201512/J7365/good/d7365.0368.fits
0369 object   10535      strumu     3.0 137.98837 +20.50008 /data/raw/bok/u/201512/J7365/good/d7365.0369.fits
0370 object   10535      strumu    40.0 137.98817 +20.50000 /data/raw/bok/u/201512/J7365/good/d7365.0370.fits
0371 object   10899      strumu     3.0 138.72625 +21.29975 /data/raw/bok/u/201512/J7365/good/d7365.0371.fits
0372 object   10899      strumu    40.0 138.72625 +21.30000 /data/raw/bok/u/201512/J7365/good/d7365.0372.fits
0373 object   10536      strumu     3.0 138.84250 +20.50017 /data/raw/bok/u/201512/J7365/good/d7365.0373.fits
0374 object   10536      strumu    40.0 138.84250 +20.50000 /data/raw/bok/u/201512/J7365/good/d7365.0374.fits
0375 object   10900      strumu     3.0 139.58500 +21.29992 /data/raw/bok/u/201512/J7365/good/d7365.0375.fits
0376 object   10900      strumu    40.0 139.58492 +21.30000 /data/raw/bok/u/201512/J7365/good/d7365.0376.fits
0377 object   10537      strumu     3.0 139.69667 +20.50025 /data/raw/bok/u/201512/J7365/good/d7365.0377.fits
0378 object   10537      strumu    40.0 139.69658 +20.50000 /data/raw/bok/u/201512/J7365/good/d7365.0378.fits
0379 object   10901      strumu     3.0 140.44338 +21.29989 /data/raw/bok/u/201512/J7365/good/d7365.0379.fits
0380 object   10901      strumu    40.0 140.44317 +21.30000 /data/raw/bok/u/201512/J7365/good/d7365.0380.fits
0381 object   10538      strumu     3.0 140.55075 +20.50019 /data/raw/bok/u/201512/J7365/good/d7365.0381.fits
0382 object   10538      strumu    40.0 140.55071 +20.50000 /data/raw/bok/u/201512/J7365/good/d7365.0382.fits
0383 object   10902      strumu     3.0 141.30221 +21.29989 /data/raw/bok/u/201512/J7365/good/d7365.0383.fits
0384 object   10902      strumu    40.0 141.30187 +21.30003 /data/raw/bok/u/201512/J7365/good/d7365.0384.fits
0385 object   10539      strumu     3.0 141.40496 +20.50008 /data/raw/bok/u/201512/J7365/good/d7365.0385.fits
0386 object   10539      strumu    40.0 141.40496 +20.50000 /data/raw/bok/u/201512/J7365/good/d7365.0386.fits
0387 object   10903      strumu     3.0 142.16088 +21.29994 /data/raw/bok/u/201512/J7365/good/d7365.0387.fits
0388 object   10903      strumu    40.0 142.16071 +21.30000 /data/raw/bok/u/201512/J7365/good/d7365.0388.fits
0389 object   10540      strumu     3.0 142.25871 +20.50017 /data/raw/bok/u/201512/J7365/good/d7365.0389.fits
0390 object   10540      strumu    40.0 142.25862 +20.50003 /data/raw/bok/u/201512/J7365/good/d7365.0390.fits
0391 object   10904      strumu     3.0 143.01967 +21.29983 /data/raw/bok/u/201512/J7365/good/d7365.0391.fits
0392 object   10904      strumu    40.0 143.01954 +21.30003 /data/raw/bok/u/201512/J7365/good/d7365.0392.fits
0154 object   10464      strumv     3.0  52.57954 +20.49992 /data/raw/bok/v/201512/J7365/good/d7365.0154.fits
0155 object   10464      strumv    40.0  52.57937 +20.50000 /data/raw/bok/v/201512/J7365/good/d7365.0155.fits
0156 object   10465      strumv     3.0  53.43362 +20.49997 /data/raw/bok/v/201512/J7365/good/d7365.0156.fits
0157 object   10465      strumv    40.0  53.43375 +20.50000 /data/raw/bok/v/201512/J7365/good/d7365.0157.fits
0158 object   10466      strumv     3.0  54.28783 +20.49997 /data/raw/bok/v/201512/J7365/good/d7365.0158.fits
0159 object   10466      strumv    40.0  54.28783 +20.50000 /data/raw/bok/v/201512/J7365/good/d7365.0159.fits
0212 object   10496      strumv     3.0 104.67908 +20.50000 /data/raw/bok/v/201512/J7365/good/d7365.0212.fits
0213 object   10496      strumv    40.0 104.67904 +20.50000 /data/raw/bok/v/201512/J7365/good/d7365.0213.fits
0214 object   10497      strumv     3.0 105.53300 +20.49997 /data/raw/bok/v/201512/J7365/good/d7365.0214.fits
0215 object   10497      strumv    40.0 105.53308 +20.50000 /data/raw/bok/v/201512/J7365/good/d7365.0215.fits
0216 object   10861      strumv     3.0 106.09742 +21.29989 /data/raw/bok/v/201512/J7365/good/d7365.0216.fits
0217 object   10861      strumv    40.0 106.09729 +21.30000 /data/raw/bok/v/201512/J7365/good/d7365.0217.fits
0292 object   10514      strumv     3.0 120.05242 +20.50008 /data/raw/bok/v/201512/J7365/good/d7365.0292.fits
0293 object   10514      strumv    40.0 120.05242 +20.50003 /data/raw/bok/v/201512/J7365/good/d7365.0293.fits
0294 object   10878      strumv     3.0 120.69458 +21.29992 /data/raw/bok/v/201512/J7365/good/d7365.0294.fits
0295 object   10878      strumv    40.0 120.69454 +21.30000 /data/raw/bok/v/201512/J7365/good/d7365.0295.fits
0296 object   10515      strumv     3.0 120.90667 +20.50028 /data/raw/bok/v/201512/J7365/good/d7365.0296.fits
0297 object   10515      strumv    40.0 120.90663 +20.50000 /data/raw/bok/v/201512/J7365/good/d7365.0297.fits
