0002 object   10444      strumu     3.0  35.49788 +20.50000 /data/raw/bok/u/201512/J7371/good/d7371.0002.fits
0003 object   10444      strumu    40.0  35.49783 +20.50000 /data/raw/bok/u/201512/J7371/good/d7371.0003.fits
0004 object   10808      strumu     3.0  35.68788 +21.29981 /data/raw/bok/u/201512/J7371/good/d7371.0004.fits
0005 object   10808      strumu    40.0  35.68788 +21.30003 /data/raw/bok/u/201512/J7371/good/d7371.0005.fits
0006 object   10445      strumu     3.0  36.35213 +20.50019 /data/raw/bok/u/201512/J7371/good/d7371.0006.fits
0007 object   10445      strumu    40.0  36.35200 +20.50000 /data/raw/bok/u/201512/J7371/good/d7371.0007.fits
0008 object   10809      strumu     3.0  36.54613 +21.29989 /data/raw/bok/u/201512/J7371/good/d7371.0008.fits
0009 object   10809      strumu    40.0  36.54613 +21.29997 /data/raw/bok/u/201512/J7371/good/d7371.0009.fits
0010 object   10446      strumu     3.0  37.20629 +20.50008 /data/raw/bok/u/201512/J7371/good/d7371.0010.fits
0011 object   10446      strumu    40.0  37.20625 +20.49997 /data/raw/bok/u/201512/J7371/good/d7371.0011.fits
0012 object   10810      strumu     3.0  37.40483 +21.29992 /data/raw/bok/u/201512/J7371/good/d7371.0012.fits
0013 object   10810      strumu    40.0  37.40487 +21.29997 /data/raw/bok/u/201512/J7371/good/d7371.0013.fits
0014 object   10447      strumu     3.0  38.06038 +20.50022 /data/raw/bok/u/201512/J7371/good/d7371.0014.fits
0015 object   10447      strumu    40.0  38.06038 +20.50000 /data/raw/bok/u/201512/J7371/good/d7371.0015.fits
0016 object   10811      strumu     3.0  38.26371 +21.29994 /data/raw/bok/u/201512/J7371/good/d7371.0016.fits
0017 object   10811      strumu    40.0  38.26367 +21.30000 /data/raw/bok/u/201512/J7371/good/d7371.0017.fits
0018 object   10448      strumu     3.0  38.91408 +20.50011 /data/raw/bok/u/201512/J7371/good/d7371.0018.fits
0019 object   10448      strumu    40.0  38.91417 +20.50000 /data/raw/bok/u/201512/J7371/good/d7371.0019.fits
0020 object   10449      strumu     3.0  39.76812 +20.50000 /data/raw/bok/u/201512/J7371/good/d7371.0020.fits
0021 object   10449      strumu    40.0  39.76821 +20.50000 /data/raw/bok/u/201512/J7371/good/d7371.0021.fits
0022 object   10819      strumu     3.0  45.13271 +21.30003 /data/raw/bok/u/201512/J7371/good/d7371.0022.fits
0023 object   10819      strumu    40.0  45.13271 +21.30000 /data/raw/bok/u/201512/J7371/good/d7371.0023.fits
0024 object   10820      strumu     3.0  45.99158 +21.29997 /data/raw/bok/u/201512/J7371/good/d7371.0024.fits
0025 object   10820      strumu    40.0  45.99167 +21.30003 /data/raw/bok/u/201512/J7371/good/d7371.0025.fits
0026 object   10457      strumu     3.0  46.60129 +20.50028 /data/raw/bok/u/201512/J7371/good/d7371.0026.fits
0027 object   10457      strumu    40.0  46.60117 +20.50000 /data/raw/bok/u/201512/J7371/good/d7371.0027.fits
0028 object   10821      strumu     3.0  46.85029 +21.29989 /data/raw/bok/u/201512/J7371/good/d7371.0028.fits
0029 object   10821      strumu    40.0  46.85042 +21.30000 /data/raw/bok/u/201512/J7371/good/d7371.0029.fits
0030 object   10458      strumu     3.0  47.45538 +20.50008 /data/raw/bok/u/201512/J7371/good/d7371.0030.fits
0031 object   10458      strumu    40.0  47.45546 +20.50000 /data/raw/bok/u/201512/J7371/good/d7371.0031.fits
0032 object   10822      strumu     3.0  47.70862 +21.29981 /data/raw/bok/u/201512/J7371/good/d7371.0032.fits
0033 object   10822      strumu    40.0  47.70867 +21.30000 /data/raw/bok/u/201512/J7371/good/d7371.0033.fits
0034 object   10459      strumu     3.0  48.30900 +20.50014 /data/raw/bok/u/201512/J7371/good/d7371.0034.fits
0035 object   10459      strumu    40.0  48.30913 +20.50000 /data/raw/bok/u/201512/J7371/good/d7371.0035.fits
0036 object   10823      strumu     3.0  48.56733 +21.29981 /data/raw/bok/u/201512/J7371/good/d7371.0036.fits
0037 object   10823      strumu    40.0  48.56737 +21.30000 /data/raw/bok/u/201512/J7371/good/d7371.0037.fits
0038 object   10460      strumu     3.0  49.16329 +20.50017 /data/raw/bok/u/201512/J7371/good/d7371.0038.fits
0039 object   10460      strumu    40.0  49.16333 +20.50000 /data/raw/bok/u/201512/J7371/good/d7371.0039.fits
0040 object   10824      strumu     3.0  49.42621 +21.29994 /data/raw/bok/u/201512/J7371/good/d7371.0040.fits
0041 object   10824      strumu    40.0  49.42608 +21.30003 /data/raw/bok/u/201512/J7371/good/d7371.0041.fits
0042 object   10461      strumu     3.0  50.01750 +20.50011 /data/raw/bok/u/201512/J7371/good/d7371.0042.fits
0043 object   10461      strumu    40.0  50.01738 +20.50000 /data/raw/bok/u/201512/J7371/good/d7371.0043.fits
0044 object   10825      strumu     3.0  50.28487 +21.29986 /data/raw/bok/u/201512/J7371/good/d7371.0044.fits
0045 object   10825      strumu    40.0  50.28504 +21.30000 /data/raw/bok/u/201512/J7371/good/d7371.0045.fits
0046 object   10462      strumu     3.0  50.87154 +20.50014 /data/raw/bok/u/201512/J7371/good/d7371.0046.fits
0047 object   10462      strumu    40.0  50.87167 +20.49997 /data/raw/bok/u/201512/J7371/good/d7371.0047.fits
0048 object   10463      strumu     3.0  51.72571 +20.50000 /data/raw/bok/u/201512/J7371/good/d7371.0048.fits
0049 object   10463      strumu    40.0  51.72583 +20.49997 /data/raw/bok/u/201512/J7371/good/d7371.0049.fits
0050 object   10464      strumu     3.0  52.57954 +20.50000 /data/raw/bok/u/201512/J7371/good/d7371.0050.fits
0051 object   10464      strumu    40.0  52.57954 +20.50000 /data/raw/bok/u/201512/J7371/good/d7371.0051.fits
0052 object   10465      strumu     3.0  53.43350 +20.50000 /data/raw/bok/u/201512/J7371/good/d7371.0052.fits
0053 object   10465      strumu    40.0  53.43362 +20.50000 /data/raw/bok/u/201512/J7371/good/d7371.0053.fits
0054 object   11191      strumu     3.0  54.01867 +22.09986 /data/raw/bok/u/201512/J7371/good/d7371.0054.fits
0055 object   11191      strumu    40.0  54.01871 +22.10000 /data/raw/bok/u/201512/J7371/good/d7371.0055.fits
0056 object   10466      strumu     3.0  54.28787 +20.50019 /data/raw/bok/u/201512/J7371/good/d7371.0056.fits
0057 object   10466      strumu    40.0  54.28775 +20.50000 /data/raw/bok/u/201512/J7371/good/d7371.0057.fits
0058 object   11192      strumu     3.0  54.88200 +22.09992 /data/raw/bok/u/201512/J7371/good/d7371.0058.fits
0059 object   11192      strumu    40.0  54.88204 +22.10003 /data/raw/bok/u/201512/J7371/good/d7371.0059.fits
0060 object   10467      strumu     3.0  55.14213 +20.50019 /data/raw/bok/u/201512/J7371/good/d7371.0060.fits
0061 object   10467      strumu    40.0  55.14196 +20.50000 /data/raw/bok/u/201512/J7371/good/d7371.0061.fits
0062 object   11193      strumu     3.0  55.74575 +22.09983 /data/raw/bok/u/201512/J7371/good/d7371.0062.fits
0063 object   11193      strumu    40.0  55.74571 +22.09997 /data/raw/bok/u/201512/J7371/good/d7371.0063.fits
0064 object   10468      strumu     3.0  55.99621 +20.50019 /data/raw/bok/u/201512/J7371/good/d7371.0064.fits
0065 object   10468      strumu    40.0  55.99612 +20.50000 /data/raw/bok/u/201512/J7371/good/d7371.0065.fits
0066 object   11194      strumu     3.0  56.60917 +22.09992 /data/raw/bok/u/201512/J7371/good/d7371.0066.fits
0067 object   11194      strumu    40.0  56.60912 +22.10000 /data/raw/bok/u/201512/J7371/good/d7371.0067.fits
0068 object   10469      strumu     3.0  56.84983 +20.50017 /data/raw/bok/u/201512/J7371/good/d7371.0068.fits
0069 object   10469      strumu    40.0  56.84996 +20.50000 /data/raw/bok/u/201512/J7371/good/d7371.0069.fits
0070 object   11195      strumu     3.0  57.47242 +22.09992 /data/raw/bok/u/201512/J7371/good/d7371.0070.fits
0071 object   11195      strumu    40.0  57.47242 +22.10000 /data/raw/bok/u/201512/J7371/good/d7371.0071.fits
0072 object   10470      strumu     3.0  57.70396 +20.50008 /data/raw/bok/u/201512/J7371/good/d7371.0072.fits
0073 object   10470      strumu    40.0  57.70404 +20.50000 /data/raw/bok/u/201512/J7371/good/d7371.0073.fits
0074 object   11196      strumu     3.0  58.33567 +22.09992 /data/raw/bok/u/201512/J7371/good/d7371.0074.fits
0075 object   11196      strumu    40.0  58.33567 +22.10000 /data/raw/bok/u/201512/J7371/good/d7371.0075.fits
0076 object   10471      strumu     3.0  58.55833 +20.50014 /data/raw/bok/u/201512/J7371/good/d7371.0076.fits
0077 object   10471      strumu    40.0  58.55833 +20.50000 /data/raw/bok/u/201512/J7371/good/d7371.0077.fits
0078 object   11197      strumu     3.0  59.19958 +22.09981 /data/raw/bok/u/201512/J7371/good/d7371.0078.fits
0079 object   11197      strumu    40.0  59.19954 +22.10000 /data/raw/bok/u/201512/J7371/good/d7371.0079.fits
0080 object   10472      strumu     3.0  59.41238 +20.50022 /data/raw/bok/u/201512/J7371/good/d7371.0080.fits
0081 object   10472      strumu    40.0  59.41254 +20.50000 /data/raw/bok/u/201512/J7371/good/d7371.0081.fits
0082 object   10473      strumu     3.0  60.26663 +20.50000 /data/raw/bok/u/201512/J7371/good/d7371.0082.fits
0083 object   10473      strumu    40.0  60.26650 +20.50000 /data/raw/bok/u/201512/J7371/good/d7371.0083.fits
0084 object   10474      strumu     3.0  61.12075 +20.50000 /data/raw/bok/u/201512/J7371/good/d7371.0084.fits
0085 object   10474      strumu    40.0  61.12079 +20.50000 /data/raw/bok/u/201512/J7371/good/d7371.0085.fits
0086 object   10475      strumu     3.0  61.97454 +20.50000 /data/raw/bok/u/201512/J7371/good/d7371.0086.fits
0087 object   10475      strumu    40.0  61.97437 +20.49997 /data/raw/bok/u/201512/J7371/good/d7371.0087.fits
0088 object   10476      strumu     3.0  62.82858 +20.50000 /data/raw/bok/u/201512/J7371/good/d7371.0088.fits
0089 object   10476      strumu    40.0  62.82858 +20.50000 /data/raw/bok/u/201512/J7371/good/d7371.0089.fits
0090 object   10477      strumu     3.0  63.68267 +20.50000 /data/raw/bok/u/201512/J7371/good/d7371.0090.fits
0091 object   10477      strumu    40.0  63.68283 +20.50000 /data/raw/bok/u/201512/J7371/good/d7371.0091.fits
0092 object   10478      strumu     3.0  64.53696 +20.50000 /data/raw/bok/u/201512/J7371/good/d7371.0092.fits
0093 object   10478      strumu    40.0  64.53696 +20.50000 /data/raw/bok/u/201512/J7371/good/d7371.0093.fits
0094 object   10479      strumu     3.0  65.39108 +20.50000 /data/raw/bok/u/201512/J7371/good/d7371.0094.fits
0095 object   10479      strumu    40.0  65.39121 +20.49997 /data/raw/bok/u/201512/J7371/good/d7371.0095.fits
0096 object   10480      strumu     3.0  66.24483 +20.50000 /data/raw/bok/u/201512/J7371/good/d7371.0096.fits
0097 object   10480      strumu    40.0  66.24488 +20.49997 /data/raw/bok/u/201512/J7371/good/d7371.0097.fits
0098 object   10481      strumu     3.0  67.09900 +20.50000 /data/raw/bok/u/201512/J7371/good/d7371.0098.fits
0099 object   10481      strumu    40.0  67.09904 +20.49997 /data/raw/bok/u/201512/J7371/good/d7371.0099.fits
0101 object   11204      strumu     3.0  65.24317 +22.10000 /data/raw/bok/u/201512/J7371/good/d7371.0101.fits
0102 object   11204      strumu    40.0  65.24321 +22.10000 /data/raw/bok/u/201512/J7371/good/d7371.0102.fits
0103 object   11205      strumu     3.0  66.10692 +22.09997 /data/raw/bok/u/201512/J7371/good/d7371.0103.fits
0104 object   11205      strumu    40.0  66.10700 +22.10000 /data/raw/bok/u/201512/J7371/good/d7371.0104.fits
0105 object   11206      strumu     3.0  66.97021 +22.10000 /data/raw/bok/u/201512/J7371/good/d7371.0105.fits
0106 object   11206      strumu    40.0  66.97033 +22.10003 /data/raw/bok/u/201512/J7371/good/d7371.0106.fits
0107 object   11207      strumu     3.0  67.83367 +22.09997 /data/raw/bok/u/201512/J7371/good/d7371.0107.fits
0108 object   11207      strumu    40.0  67.83358 +22.09997 /data/raw/bok/u/201512/J7371/good/d7371.0108.fits
0109 object   11208      strumu     3.0  68.69675 +22.09997 /data/raw/bok/u/201512/J7371/good/d7371.0109.fits
0110 object   11208      strumu    40.0  68.69708 +22.10000 /data/raw/bok/u/201512/J7371/good/d7371.0110.fits
0111 object   11209      strumu     3.0  69.56071 +22.09997 /data/raw/bok/u/201512/J7371/good/d7371.0111.fits
0112 object   11209      strumu    40.0  69.56079 +22.09997 /data/raw/bok/u/201512/J7371/good/d7371.0112.fits
0113 object   11210      strumu     3.0  70.42417 +22.09997 /data/raw/bok/u/201512/J7371/good/d7371.0113.fits
0114 object   11210      strumu    40.0  70.42396 +22.10000 /data/raw/bok/u/201512/J7371/good/d7371.0114.fits
0115 object   11571      strumu     3.0  70.83250 +22.89978 /data/raw/bok/u/201512/J7371/good/d7371.0115.fits
0116 object   11571      strumu    40.0  70.83233 +22.89997 /data/raw/bok/u/201512/J7371/good/d7371.0116.fits
0117 object   11211      strumu     3.0  71.28737 +22.10014 /data/raw/bok/u/201512/J7371/good/d7371.0117.fits
0118 object   11211      strumu    40.0  71.28746 +22.10000 /data/raw/bok/u/201512/J7371/good/d7371.0118.fits
0119 object   11572      strumu     3.0  71.70129 +22.89992 /data/raw/bok/u/201512/J7371/good/d7371.0119.fits
0120 object   11572      strumu    40.0  71.70104 +22.89997 /data/raw/bok/u/201512/J7371/good/d7371.0120.fits
0121 object   12635      strumu     3.0  72.17233 +25.29989 /data/raw/bok/u/201512/J7371/good/d7371.0121.fits
0122 object   12635      strumu    40.0  72.17250 +25.30000 /data/raw/bok/u/201512/J7371/good/d7371.0122.fits
0123 object   11573      strumu     3.0  72.56942 +22.90014 /data/raw/bok/u/201512/J7371/good/d7371.0123.fits
0124 object   11573      strumu    40.0  72.56954 +22.89994 /data/raw/bok/u/201512/J7371/good/d7371.0124.fits
0125 object   12636      strumu     3.0  73.05742 +25.29975 /data/raw/bok/u/201512/J7371/good/d7371.0125.fits
0126 object   12636      strumu    40.0  73.05750 +25.30000 /data/raw/bok/u/201512/J7371/good/d7371.0126.fits
0127 object   11574      strumu     3.0  73.43779 +22.90006 /data/raw/bok/u/201512/J7371/good/d7371.0127.fits
0128 object   11574      strumu    40.0  73.43779 +22.89997 /data/raw/bok/u/201512/J7371/good/d7371.0128.fits
0129 object   12637      strumu     3.0  73.94254 +25.29994 /data/raw/bok/u/201512/J7371/good/d7371.0129.fits
0130 object   12637      strumu    40.0  73.94242 +25.30000 /data/raw/bok/u/201512/J7371/good/d7371.0130.fits
0131 object   11575      strumu     3.0  74.30625 +22.90014 /data/raw/bok/u/201512/J7371/good/d7371.0131.fits
0132 object   11575      strumu    40.0  74.30612 +22.89997 /data/raw/bok/u/201512/J7371/good/d7371.0132.fits
0133 object   12638      strumu     3.0  74.82696 +25.29989 /data/raw/bok/u/201512/J7371/good/d7371.0133.fits
0134 object   12638      strumu    40.0  74.82700 +25.30000 /data/raw/bok/u/201512/J7371/good/d7371.0134.fits
0135 object   11576      strumu     3.0  75.17496 +22.90006 /data/raw/bok/u/201512/J7371/good/d7371.0135.fits
0136 object   11576      strumu    40.0  75.17504 +22.89997 /data/raw/bok/u/201512/J7371/good/d7371.0136.fits
0137 object   12639      strumu     3.0  75.71208 +25.29989 /data/raw/bok/u/201512/J7371/good/d7371.0137.fits
0138 object   12639      strumu    40.0  75.71200 +25.30000 /data/raw/bok/u/201512/J7371/good/d7371.0138.fits
0139 object   11577      strumu     3.0  76.04337 +22.90003 /data/raw/bok/u/201512/J7371/good/d7371.0139.fits
0140 object   11577      strumu    40.0  76.04333 +22.89997 /data/raw/bok/u/201512/J7371/good/d7371.0140.fits
0141 object   12640      strumu     3.0 102.25825 +25.30006 /data/raw/bok/u/201512/J7371/good/d7371.0141.fits
0142 object   12640      strumu    40.0 102.25825 +25.30000 /data/raw/bok/u/201512/J7371/good/d7371.0142.fits
0143 object   12641      strumu     3.0 103.14292 +25.30000 /data/raw/bok/u/201512/J7371/good/d7371.0143.fits
0144 object   12641      strumu    40.0 103.14308 +25.30000 /data/raw/bok/u/201512/J7371/good/d7371.0144.fits
0145 object   10861      strumu     3.0 106.09742 +21.30003 /data/raw/bok/u/201512/J7371/good/d7371.0145.fits
0146 object   10861      strumu    40.0 106.09729 +21.29997 /data/raw/bok/u/201512/J7371/good/d7371.0146.fits
0147 object   10862      strumu     3.0 106.95575 +21.30000 /data/raw/bok/u/201512/J7371/good/d7371.0147.fits
0148 object   10862      strumu    40.0 106.95562 +21.30000 /data/raw/bok/u/201512/J7371/good/d7371.0148.fits
0149 object   10863      strumu     3.0 107.81450 +21.30000 /data/raw/bok/u/201512/J7371/good/d7371.0149.fits
0150 object   10863      strumu    40.0 107.81442 +21.30000 /data/raw/bok/u/201512/J7371/good/d7371.0150.fits
0151 object   10864      strumu     3.0 108.67325 +21.30000 /data/raw/bok/u/201512/J7371/good/d7371.0151.fits
0152 object   10864      strumu    40.0 108.67325 +21.30000 /data/raw/bok/u/201512/J7371/good/d7371.0152.fits
0153 object   10865      strumu     3.0 109.53187 +21.29997 /data/raw/bok/u/201512/J7371/good/d7371.0153.fits
0154 object   10865      strumu    40.0 109.53200 +21.29997 /data/raw/bok/u/201512/J7371/good/d7371.0154.fits
0155 object   10866      strumu     3.0 110.39054 +21.30000 /data/raw/bok/u/201512/J7371/good/d7371.0155.fits
0156 object   10866      strumu    40.0 110.39067 +21.30000 /data/raw/bok/u/201512/J7371/good/d7371.0156.fits
0157 object   10867      strumu     3.0 111.24908 +21.30000 /data/raw/bok/u/201512/J7371/good/d7371.0157.fits
0158 object   10867      strumu    40.0 111.24908 +21.30000 /data/raw/bok/u/201512/J7371/good/d7371.0158.fits
0159 object   11233      strumu     3.0 114.45946 +22.10000 /data/raw/bok/u/201512/J7371/good/d7371.0159.fits
0160 object   11233      strumu    40.0 114.45929 +22.10000 /data/raw/bok/u/201512/J7371/good/d7371.0160.fits
0161 object   11234      strumu     3.0 115.32271 +22.09997 /data/raw/bok/u/201512/J7371/good/d7371.0161.fits
0162 object   11234      strumu    40.0 115.32283 +22.10000 /data/raw/bok/u/201512/J7371/good/d7371.0162.fits
0163 object   11235      strumu     3.0 116.18621 +22.10000 /data/raw/bok/u/201512/J7371/good/d7371.0163.fits
0164 object   11235      strumu    40.0 116.18604 +22.10000 /data/raw/bok/u/201512/J7371/good/d7371.0164.fits
0165 object   11236      strumu     3.0 117.04975 +22.10000 /data/raw/bok/u/201512/J7371/good/d7371.0165.fits
0166 object   11236      strumu    40.0 117.04983 +22.10000 /data/raw/bok/u/201512/J7371/good/d7371.0166.fits
0167 object   11237      strumu     3.0 117.91313 +22.10000 /data/raw/bok/u/201512/J7371/good/d7371.0167.fits
0168 object   11237      strumu    40.0 117.91325 +22.10000 /data/raw/bok/u/201512/J7371/good/d7371.0168.fits
0169 object   11238      strumu     3.0 118.77658 +22.09997 /data/raw/bok/u/201512/J7371/good/d7371.0169.fits
0170 object   11238      strumu    40.0 118.77642 +22.10000 /data/raw/bok/u/201512/J7371/good/d7371.0170.fits
0171 object   11239      strumu     3.0 119.63983 +22.09997 /data/raw/bok/u/201512/J7371/good/d7371.0171.fits
0172 object   11239      strumu    40.0 119.63987 +22.10000 /data/raw/bok/u/201512/J7371/good/d7371.0172.fits
0173 object   11955      strumu     3.0 120.18613 +23.69989 /data/raw/bok/u/201512/J7371/good/d7371.0173.fits
0174 object   11955      strumu    40.0 120.18621 +23.69997 /data/raw/bok/u/201512/J7371/good/d7371.0174.fits
0175 object   11599      strumu     3.0 120.33413 +22.90008 /data/raw/bok/u/201512/J7371/good/d7371.0175.fits
0176 object   11599      strumu    40.0 120.33400 +22.89997 /data/raw/bok/u/201512/J7371/good/d7371.0176.fits
0177 object   11240      strumu     3.0 120.50367 +22.10014 /data/raw/bok/u/201512/J7371/good/d7371.0177.fits
0178 object   11240      strumu    40.0 120.50358 +22.10000 /data/raw/bok/u/201512/J7371/good/d7371.0178.fits
0179 object   11956      strumu     3.0 121.05983 +23.69978 /data/raw/bok/u/201512/J7371/good/d7371.0179.fits
0180 object   11956      strumu    40.0 121.05979 +23.70000 /data/raw/bok/u/201512/J7371/good/d7371.0180.fits
0181 object   11600      strumu     3.0 121.20242 +22.90019 /data/raw/bok/u/201512/J7371/good/d7371.0181.fits
0182 object   11600      strumu    40.0 121.20246 +22.89997 /data/raw/bok/u/201512/J7371/good/d7371.0182.fits
0183 object   11241      strumu     3.0 121.36687 +22.10028 /data/raw/bok/u/201512/J7371/good/d7371.0183.fits
0184 object   11241      strumu    40.0 121.36696 +22.10000 /data/raw/bok/u/201512/J7371/good/d7371.0184.fits
0185 object   11957      strumu     3.0 121.93371 +23.69992 /data/raw/bok/u/201512/J7371/good/d7371.0185.fits
0186 object   11957      strumu    40.0 121.93354 +23.70000 /data/raw/bok/u/201512/J7371/good/d7371.0186.fits
0187 object   11601      strumu     3.0 122.07071 +22.90003 /data/raw/bok/u/201512/J7371/good/d7371.0187.fits
0188 object   11601      strumu    40.0 122.07075 +22.89994 /data/raw/bok/u/201512/J7371/good/d7371.0188.fits
0189 object   11242      strumu     3.0 122.23033 +22.10019 /data/raw/bok/u/201512/J7371/good/d7371.0189.fits
0190 object   11242      strumu    40.0 122.23037 +22.10000 /data/raw/bok/u/201512/J7371/good/d7371.0190.fits
0191 object   11958      strumu     3.0 122.80692 +23.69981 /data/raw/bok/u/201512/J7371/good/d7371.0191.fits
0192 object   11958      strumu    40.0 122.80696 +23.70000 /data/raw/bok/u/201512/J7371/good/d7371.0192.fits
0193 object   11602      strumu     3.0 122.93954 +22.90003 /data/raw/bok/u/201512/J7371/good/d7371.0193.fits
0194 object   11602      strumu    40.0 122.93946 +22.89997 /data/raw/bok/u/201512/J7371/good/d7371.0194.fits
0195 object   11243      strumu     3.0 123.09362 +22.10011 /data/raw/bok/u/201512/J7371/good/d7371.0195.fits
0196 object   11243      strumu    40.0 123.09358 +22.10000 /data/raw/bok/u/201512/J7371/good/d7371.0196.fits
0197 object   11959      strumu     3.0 123.68088 +23.69978 /data/raw/bok/u/201512/J7371/good/d7371.0197.fits
0198 object   11959      strumu    40.0 123.68067 +23.70000 /data/raw/bok/u/201512/J7371/good/d7371.0198.fits
0199 object   11603      strumu     3.0 123.80779 +22.90000 /data/raw/bok/u/201512/J7371/good/d7371.0199.fits
0200 object   11603      strumu    40.0 123.80775 +22.89997 /data/raw/bok/u/201512/J7371/good/d7371.0200.fits
0201 object   11244      strumu     3.0 123.95746 +22.10006 /data/raw/bok/u/201512/J7371/good/d7371.0201.fits
0202 object   11244      strumu    40.0 123.95733 +22.10000 /data/raw/bok/u/201512/J7371/good/d7371.0202.fits
0205 object   11960      strumu     3.0 124.55438 +23.69989 /data/raw/bok/u/201512/J7371/good/d7371.0205.fits
0206 object   11960      strumu    40.0 124.55446 +23.70000 /data/raw/bok/u/201512/J7371/good/d7371.0206.fits
0207 object   11604      strumu     3.0 124.67613 +22.90008 /data/raw/bok/u/201512/J7371/good/d7371.0207.fits
0208 object   11604      strumu    40.0 124.67604 +22.89997 /data/raw/bok/u/201512/J7371/good/d7371.0208.fits
0209 object   11245      strumu     3.0 124.82075 +22.10017 /data/raw/bok/u/201512/J7371/good/d7371.0209.fits
0210 object   11245      strumu    40.0 124.82058 +22.10000 /data/raw/bok/u/201512/J7371/good/d7371.0210.fits
0211 object   11961      strumu     3.0 125.42821 +23.69986 /data/raw/bok/u/201512/J7371/good/d7371.0211.fits
0212 object   11961      strumu    40.0 125.42821 +23.70000 /data/raw/bok/u/201512/J7371/good/d7371.0212.fits
0213 object   11605      strumu     3.0 125.54442 +22.90025 /data/raw/bok/u/201512/J7371/good/d7371.0213.fits
0214 object   11605      strumu    40.0 125.54442 +22.89997 /data/raw/bok/u/201512/J7371/good/d7371.0214.fits
0215 object   11246      strumu     3.0 125.68413 +22.10017 /data/raw/bok/u/201512/J7371/good/d7371.0215.fits
0216 object   11246      strumu    40.0 125.68408 +22.10000 /data/raw/bok/u/201512/J7371/good/d7371.0216.fits
0218 object   11606      strumu     3.0 126.41333 +22.89986 /data/raw/bok/u/201512/J7371/good/d7371.0218.fits
0219 object   11606      strumu    40.0 126.41325 +22.89994 /data/raw/bok/u/201512/J7371/good/d7371.0219.fits
0220 object   11247      strumu     3.0 126.54746 +22.10022 /data/raw/bok/u/201512/J7371/good/d7371.0220.fits
0221 object   11247      strumu    40.0 126.54742 +22.10000 /data/raw/bok/u/201512/J7371/good/d7371.0221.fits
0222 object   11607      strumu     3.0 127.28158 +22.89986 /data/raw/bok/u/201512/J7371/good/d7371.0222.fits
0223 object   11607      strumu    40.0 127.28154 +22.89997 /data/raw/bok/u/201512/J7371/good/d7371.0223.fits
0224 object   11248      strumu     3.0 127.41121 +22.10017 /data/raw/bok/u/201512/J7371/good/d7371.0224.fits
0225 object   11248      strumu    40.0 127.41117 +22.09997 /data/raw/bok/u/201512/J7371/good/d7371.0225.fits
0226 object   11608      strumu     3.0 128.14996 +22.89986 /data/raw/bok/u/201512/J7371/good/d7371.0226.fits
0227 object   11608      strumu    40.0 128.14983 +22.89997 /data/raw/bok/u/201512/J7371/good/d7371.0227.fits
0228 object   11249      strumu     3.0 128.27450 +22.10011 /data/raw/bok/u/201512/J7371/good/d7371.0228.fits
0229 object   11249      strumu    40.0 128.27446 +22.10000 /data/raw/bok/u/201512/J7371/good/d7371.0229.fits
0230 object   11609      strumu     3.0 129.01867 +22.89989 /data/raw/bok/u/201512/J7371/good/d7371.0230.fits
0231 object   11609      strumu    40.0 129.01854 +22.89997 /data/raw/bok/u/201512/J7371/good/d7371.0231.fits
0232 object   11250      strumu     3.0 129.13771 +22.10019 /data/raw/bok/u/201512/J7371/good/d7371.0232.fits
0233 object   11250      strumu    40.0 129.13775 +22.10000 /data/raw/bok/u/201512/J7371/good/d7371.0233.fits
0234 object   11610      strumu     3.0 129.88704 +22.89986 /data/raw/bok/u/201512/J7371/good/d7371.0234.fits
0235 object   11610      strumu    40.0 129.88692 +22.89997 /data/raw/bok/u/201512/J7371/good/d7371.0235.fits
0236 object   11251      strumu     3.0 130.00117 +22.10006 /data/raw/bok/u/201512/J7371/good/d7371.0236.fits
0237 object   11251      strumu    40.0 130.00108 +22.09997 /data/raw/bok/u/201512/J7371/good/d7371.0237.fits
0238 object   11611      strumu     3.0 130.75525 +22.89975 /data/raw/bok/u/201512/J7371/good/d7371.0238.fits
0239 object   11611      strumu    40.0 130.75521 +22.89997 /data/raw/bok/u/201512/J7371/good/d7371.0239.fits
0240 object   11252      strumu     3.0 130.86492 +22.10011 /data/raw/bok/u/201512/J7371/good/d7371.0240.fits
0241 object   11252      strumu    40.0 130.86496 +22.09997 /data/raw/bok/u/201512/J7371/good/d7371.0241.fits
0242 object   11612      strumu     3.0 131.62363 +22.89989 /data/raw/bok/u/201512/J7371/good/d7371.0242.fits
0243 object   11612      strumu    40.0 131.62350 +22.89997 /data/raw/bok/u/201512/J7371/good/d7371.0243.fits
0244 object   11253      strumu     3.0 131.72825 +22.10022 /data/raw/bok/u/201512/J7371/good/d7371.0244.fits
0245 object   11253      strumu    40.0 131.72817 +22.10000 /data/raw/bok/u/201512/J7371/good/d7371.0245.fits
0246 object   11613      strumu     3.0 132.49242 +22.89986 /data/raw/bok/u/201512/J7371/good/d7371.0246.fits
0247 object   11613      strumu    40.0 132.49242 +22.89997 /data/raw/bok/u/201512/J7371/good/d7371.0247.fits
0248 object   11254      strumu     3.0 132.59150 +22.10019 /data/raw/bok/u/201512/J7371/good/d7371.0248.fits
0249 object   11254      strumu    40.0 132.59146 +22.09997 /data/raw/bok/u/201512/J7371/good/d7371.0249.fits
0250 object   11614      strumu     3.0 133.36079 +22.89986 /data/raw/bok/u/201512/J7371/good/d7371.0250.fits
0251 object   11614      strumu    40.0 133.36067 +22.89997 /data/raw/bok/u/201512/J7371/good/d7371.0251.fits
0252 object   11255      strumu     3.0 133.45479 +22.10008 /data/raw/bok/u/201512/J7371/good/d7371.0252.fits
0253 object   11255      strumu    40.0 133.45475 +22.10000 /data/raw/bok/u/201512/J7371/good/d7371.0253.fits
0254 object   11615      strumu     3.0 134.22917 +22.89994 /data/raw/bok/u/201512/J7371/good/d7371.0254.fits
0255 object   11615      strumu    40.0 134.22908 +22.89997 /data/raw/bok/u/201512/J7371/good/d7371.0255.fits
0256 object   11256      strumu     3.0 134.31862 +22.10025 /data/raw/bok/u/201512/J7371/good/d7371.0256.fits
0257 object   11256      strumu    40.0 134.31862 +22.10000 /data/raw/bok/u/201512/J7371/good/d7371.0257.fits
0258 object   11616      strumu     3.0 135.09742 +22.89986 /data/raw/bok/u/201512/J7371/good/d7371.0258.fits
0259 object   11616      strumu    40.0 135.09746 +22.90000 /data/raw/bok/u/201512/J7371/good/d7371.0259.fits
0260 object   11257      strumu     3.0 135.18196 +22.10003 /data/raw/bok/u/201512/J7371/good/d7371.0260.fits
0261 object   11257      strumu    40.0 135.18192 +22.09997 /data/raw/bok/u/201512/J7371/good/d7371.0261.fits
0262 object   11617      strumu     3.0 135.96604 +22.89986 /data/raw/bok/u/201512/J7371/good/d7371.0262.fits
0263 object   11617      strumu    40.0 135.96600 +22.89994 /data/raw/bok/u/201512/J7371/good/d7371.0263.fits
0264 object   11258      strumu     3.0 136.04529 +22.10019 /data/raw/bok/u/201512/J7371/good/d7371.0264.fits
0265 object   11258      strumu    40.0 136.04533 +22.10000 /data/raw/bok/u/201512/J7371/good/d7371.0265.fits
0266 object   11618      strumu     3.0 136.83446 +22.89981 /data/raw/bok/u/201512/J7371/good/d7371.0266.fits
0267 object   11618      strumu    40.0 136.83442 +22.89997 /data/raw/bok/u/201512/J7371/good/d7371.0267.fits
0268 object   11259      strumu     3.0 136.90875 +22.10006 /data/raw/bok/u/201512/J7371/good/d7371.0268.fits
0269 object   11259      strumu    40.0 136.90875 +22.09997 /data/raw/bok/u/201512/J7371/good/d7371.0269.fits
0270 object   10534      strumu     3.0 137.13442 +20.50019 /data/raw/bok/u/201512/J7371/good/d7371.0270.fits
0271 object   10534      strumu    40.0 137.13450 +20.50000 /data/raw/bok/u/201512/J7371/good/d7371.0271.fits
0272 object   11619      strumu     3.0 137.70292 +22.89983 /data/raw/bok/u/201512/J7371/good/d7371.0272.fits
0273 object   11619      strumu    40.0 137.70287 +22.89997 /data/raw/bok/u/201512/J7371/good/d7371.0273.fits
0274 object   11260      strumu     3.0 137.77233 +22.10011 /data/raw/bok/u/201512/J7371/good/d7371.0274.fits
0275 object   11260      strumu    40.0 137.77242 +22.10000 /data/raw/bok/u/201512/J7371/good/d7371.0275.fits
0276 object   10898      strumu     3.0 137.86746 +21.30006 /data/raw/bok/u/201512/J7371/good/d7371.0276.fits
0277 object   10898      strumu    40.0 137.86754 +21.30000 /data/raw/bok/u/201512/J7371/good/d7371.0277.fits
0278 object   10535      strumu     3.0 137.98833 +20.50011 /data/raw/bok/u/201512/J7371/good/d7371.0278.fits
0279 object   10535      strumu    40.0 137.98812 +20.50000 /data/raw/bok/u/201512/J7371/good/d7371.0279.fits
0280 object   10899      strumu     3.0 138.72612 +21.29981 /data/raw/bok/u/201512/J7371/good/d7371.0280.fits
0281 object   10899      strumu    40.0 138.72617 +21.30000 /data/raw/bok/u/201512/J7371/good/d7371.0281.fits
0282 object   10536      strumu     3.0 138.84233 +20.50006 /data/raw/bok/u/201512/J7371/good/d7371.0282.fits
0283 object   10536      strumu    40.0 138.84233 +20.50000 /data/raw/bok/u/201512/J7371/good/d7371.0283.fits
0284 object   10900      strumu     3.0 139.58500 +21.29989 /data/raw/bok/u/201512/J7371/good/d7371.0284.fits
0285 object   10900      strumu    40.0 139.58483 +21.30000 /data/raw/bok/u/201512/J7371/good/d7371.0285.fits
0286 object   10537      strumu     3.0 139.69658 +20.50008 /data/raw/bok/u/201512/J7371/good/d7371.0286.fits
0287 object   10537      strumu    40.0 139.69667 +20.50000 /data/raw/bok/u/201512/J7371/good/d7371.0287.fits
0288 object   10901      strumu     3.0 140.44333 +21.30000 /data/raw/bok/u/201512/J7371/good/d7371.0288.fits
0289 object   10901      strumu    40.0 140.44325 +21.30003 /data/raw/bok/u/201512/J7371/good/d7371.0289.fits
0290 object   10538      strumu     3.0 140.55071 +20.50011 /data/raw/bok/u/201512/J7371/good/d7371.0290.fits
0291 object   10538      strumu    40.0 140.55075 +20.50000 /data/raw/bok/u/201512/J7371/good/d7371.0291.fits
0292 object   10902      strumu     3.0 141.30204 +21.29986 /data/raw/bok/u/201512/J7371/good/d7371.0292.fits
0293 object   10902      strumu    40.0 141.30187 +21.30000 /data/raw/bok/u/201512/J7371/good/d7371.0293.fits
0294 object   10539      strumu     3.0 141.40496 +20.50008 /data/raw/bok/u/201512/J7371/good/d7371.0294.fits
0295 object   10539      strumu    40.0 141.40483 +20.50000 /data/raw/bok/u/201512/J7371/good/d7371.0295.fits
0296 object   10903      strumu     3.0 142.16088 +21.29981 /data/raw/bok/u/201512/J7371/good/d7371.0296.fits
0297 object   10903      strumu    40.0 142.16079 +21.30000 /data/raw/bok/u/201512/J7371/good/d7371.0297.fits
0298 object   10540      strumu     3.0 142.25879 +20.50008 /data/raw/bok/u/201512/J7371/good/d7371.0298.fits
0299 object   10540      strumu    40.0 142.25858 +20.50000 /data/raw/bok/u/201512/J7371/good/d7371.0299.fits
0300 object   10904      strumu     3.0 143.01954 +21.29989 /data/raw/bok/u/201512/J7371/good/d7371.0300.fits
0301 object   10904      strumu    40.0 143.01946 +21.30000 /data/raw/bok/u/201512/J7371/good/d7371.0301.fits
0302 object   10905      strumu     3.0 143.87825 +21.30000 /data/raw/bok/u/201512/J7371/good/d7371.0302.fits
0303 object   10905      strumu    40.0 143.87821 +21.30000 /data/raw/bok/u/201512/J7371/good/d7371.0303.fits
0304 object   11627      strumu     3.0 144.65037 +22.89992 /data/raw/bok/u/201512/J7371/good/d7371.0304.fits
0305 object   11627      strumu    40.0 144.65033 +22.89997 /data/raw/bok/u/201512/J7371/good/d7371.0305.fits
0306 object   10906      strumu     3.0 144.73654 +21.30022 /data/raw/bok/u/201512/J7371/good/d7371.0306.fits
0307 object   10906      strumu    40.0 144.73654 +21.30000 /data/raw/bok/u/201512/J7371/good/d7371.0307.fits
0308 object   11628      strumu     3.0 145.51900 +22.89986 /data/raw/bok/u/201512/J7371/good/d7371.0308.fits
0309 object   11628      strumu    40.0 145.51904 +22.89997 /data/raw/bok/u/201512/J7371/good/d7371.0309.fits
0310 object   10907      strumu     3.0 145.59529 +21.30006 /data/raw/bok/u/201512/J7371/good/d7371.0310.fits
0311 object   10907      strumu    40.0 145.59537 +21.30000 /data/raw/bok/u/201512/J7371/good/d7371.0311.fits
0312 object   11629      strumu     3.0 146.38750 +22.89983 /data/raw/bok/u/201512/J7371/good/d7371.0312.fits
0313 object   11629      strumu    40.0 146.38733 +22.89997 /data/raw/bok/u/201512/J7371/good/d7371.0313.fits
0314 object   10908      strumu     3.0 146.45404 +21.30006 /data/raw/bok/u/201512/J7371/good/d7371.0314.fits
0315 object   10908      strumu    40.0 146.45408 +21.29997 /data/raw/bok/u/201512/J7371/good/d7371.0315.fits
0316 object   11630      strumu     3.0 147.25575 +22.89981 /data/raw/bok/u/201512/J7371/good/d7371.0316.fits
0317 object   11630      strumu    40.0 147.25571 +22.89997 /data/raw/bok/u/201512/J7371/good/d7371.0317.fits
0318 object   10909      strumu     3.0 147.31288 +21.30017 /data/raw/bok/u/201512/J7371/good/d7371.0318.fits
0319 object   10909      strumu    40.0 147.31275 +21.30000 /data/raw/bok/u/201512/J7371/good/d7371.0319.fits
0320 object   11631      strumu     3.0 148.12412 +22.89992 /data/raw/bok/u/201512/J7371/good/d7371.0320.fits
0321 object   11631      strumu    40.0 148.12400 +22.89997 /data/raw/bok/u/201512/J7371/good/d7371.0321.fits
0322 object   10910      strumu     3.0 148.17121 +21.30017 /data/raw/bok/u/201512/J7371/good/d7371.0322.fits
0323 object   10910      strumu    40.0 148.17125 +21.29997 /data/raw/bok/u/201512/J7371/good/d7371.0323.fits
0324 object   11632      strumu     3.0 148.99292 +22.89983 /data/raw/bok/u/201512/J7371/good/d7371.0324.fits
0325 object   11632      strumu    40.0 148.99287 +22.89997 /data/raw/bok/u/201512/J7371/good/d7371.0325.fits
0326 object   10911      strumu     3.0 149.03000 +21.30017 /data/raw/bok/u/201512/J7371/good/d7371.0326.fits
0327 object   10911      strumu    40.0 149.02992 +21.29997 /data/raw/bok/u/201512/J7371/good/d7371.0327.fits
0328 object   11633      strumu     3.0 149.86125 +22.89972 /data/raw/bok/u/201512/J7371/good/d7371.0328.fits
0329 object   11633      strumu    40.0 149.86129 +22.90000 /data/raw/bok/u/201512/J7371/good/d7371.0329.fits
0331 object   14436      strumu     3.0 180.31813 +29.29997 /data/raw/bok/u/201512/J7371/good/d7371.0331.fits
0332 object   14436      strumu    40.0 180.31821 +29.30000 /data/raw/bok/u/201512/J7371/good/d7371.0332.fits
0333 object   14437      strumu     3.0 181.23521 +29.30000 /data/raw/bok/u/201512/J7371/good/d7371.0333.fits
0334 object   14437      strumu    40.0 181.23521 +29.30000 /data/raw/bok/u/201512/J7371/good/d7371.0334.fits
0335 object   14438      strumu     3.0 182.15283 +29.30000 /data/raw/bok/u/201512/J7371/good/d7371.0335.fits
0336 object   14438      strumu    40.0 182.15287 +29.30000 /data/raw/bok/u/201512/J7371/good/d7371.0336.fits
0337 object   14439      strumu     3.0 183.07025 +29.30000 /data/raw/bok/u/201512/J7371/good/d7371.0337.fits
0338 object   14439      strumu    40.0 183.07029 +29.29997 /data/raw/bok/u/201512/J7371/good/d7371.0338.fits
0339 object   14440      strumu     3.0 183.98746 +29.30000 /data/raw/bok/u/201512/J7371/good/d7371.0339.fits
0340 object   14440      strumu    40.0 183.98733 +29.30000 /data/raw/bok/u/201512/J7371/good/d7371.0340.fits
0341 object   12733      strumu     3.0 184.55142 +25.30003 /data/raw/bok/u/201512/J7371/good/d7371.0341.fits
0342 object   12733      strumu    40.0 184.55154 +25.29997 /data/raw/bok/u/201512/J7371/good/d7371.0342.fits
0343 object   14441      strumu     3.0 184.90483 +29.29989 /data/raw/bok/u/201512/J7371/good/d7371.0343.fits
0344 object   14441      strumu    40.0 184.90488 +29.30000 /data/raw/bok/u/201512/J7371/good/d7371.0344.fits
0345 object   13080      strumu     3.0 184.90521 +26.10011 /data/raw/bok/u/201512/J7371/good/d7371.0345.fits
0346 object   13080      strumu    40.0 184.90525 +26.10000 /data/raw/bok/u/201512/J7371/good/d7371.0346.fits
0347 object   12734      strumu     3.0 185.43650 +25.30011 /data/raw/bok/u/201512/J7371/good/d7371.0347.fits
0348 object   12734      strumu    40.0 185.43658 +25.30000 /data/raw/bok/u/201512/J7371/good/d7371.0348.fits
0349 object   13081      strumu     3.0 185.79621 +26.09992 /data/raw/bok/u/201512/J7371/good/d7371.0349.fits
0350 object   13081      strumu    40.0 185.79621 +26.10000 /data/raw/bok/u/201512/J7371/good/d7371.0350.fits
0351 object   14442      strumu     3.0 185.82229 +29.29983 /data/raw/bok/u/201512/J7371/good/d7371.0351.fits
0352 object   14442      strumu    40.0 185.82225 +29.30000 /data/raw/bok/u/201512/J7371/good/d7371.0352.fits
0353 object   12735      strumu     3.0 186.32146 +25.30003 /data/raw/bok/u/201512/J7371/good/d7371.0353.fits
0354 object   12735      strumu    40.0 186.32162 +25.30000 /data/raw/bok/u/201512/J7371/good/d7371.0354.fits
0355 object   13082      strumu     3.0 186.68700 +26.09981 /data/raw/bok/u/201512/J7371/good/d7371.0355.fits
0356 object   13082      strumu    40.0 186.68700 +26.10000 /data/raw/bok/u/201512/J7371/good/d7371.0356.fits
0357 object   12736      strumu     3.0 187.20608 +25.30019 /data/raw/bok/u/201512/J7371/good/d7371.0357.fits
0358 object   12736      strumu    40.0 187.20621 +25.30000 /data/raw/bok/u/201512/J7371/good/d7371.0358.fits
0359 object   13083      strumu     3.0 187.57783 +26.09975 /data/raw/bok/u/201512/J7371/good/d7371.0359.fits
0360 object   13083      strumu    40.0 187.57767 +26.10000 /data/raw/bok/u/201512/J7371/good/d7371.0360.fits
0361 object   12737      strumu     3.0 188.09125 +25.30022 /data/raw/bok/u/201512/J7371/good/d7371.0361.fits
0362 object   12737      strumu    40.0 188.09125 +25.30000 /data/raw/bok/u/201512/J7371/good/d7371.0362.fits
0363 object   13084      strumu     3.0 188.46871 +26.09975 /data/raw/bok/u/201512/J7371/good/d7371.0363.fits
0364 object   13084      strumu    40.0 188.46867 +26.10000 /data/raw/bok/u/201512/J7371/good/d7371.0364.fits
0365 object   12738      strumu     3.0 188.97608 +25.30011 /data/raw/bok/u/201512/J7371/good/d7371.0365.fits
0366 object   12738      strumu    40.0 188.97621 +25.30000 /data/raw/bok/u/201512/J7371/good/d7371.0366.fits
0367 object   13085      strumu     3.0 189.35950 +26.09981 /data/raw/bok/u/201512/J7371/good/d7371.0367.fits
0368 object   13085      strumu    40.0 189.35942 +26.10000 /data/raw/bok/u/201512/J7371/good/d7371.0368.fits
0369 object   12739      strumu     3.0 189.86075 +25.30019 /data/raw/bok/u/201512/J7371/good/d7371.0369.fits
0370 object   12739      strumu    40.0 189.86058 +25.30000 /data/raw/bok/u/201512/J7371/good/d7371.0370.fits
0371 object   13086      strumu     3.0 190.25033 +26.09989 /data/raw/bok/u/201512/J7371/good/d7371.0371.fits
0372 object   13086      strumu    40.0 190.25017 +26.10000 /data/raw/bok/u/201512/J7371/good/d7371.0372.fits
0373 object   10961      strumu     3.0 191.96279 +21.30019 /data/raw/bok/u/201512/J7371/good/d7371.0373.fits
