0006 object   10735      strumu     3.0 333.57442 +20.50003 /data/raw/bok/u/201512/J7372/good/d7372.0006.fits
0007 object   10735      strumu    40.0 333.57463 +20.50000 /data/raw/bok/u/201512/J7372/good/d7372.0007.fits
0008 object   10736      strumu     3.0 334.42875 +20.50000 /data/raw/bok/u/201512/J7372/good/d7372.0008.fits
0009 object   10736      strumu    40.0 334.42875 +20.50003 /data/raw/bok/u/201512/J7372/good/d7372.0009.fits
0010 object   10737      strumu     3.0 335.28213 +20.50000 /data/raw/bok/u/201512/J7372/good/d7372.0010.fits
0011 object   10737      strumu    40.0 335.28229 +20.50000 /data/raw/bok/u/201512/J7372/good/d7372.0011.fits
0012 object   10738      strumu     3.0 336.13633 +20.50000 /data/raw/bok/u/201512/J7372/good/d7372.0012.fits
0013 object   10738      strumu    40.0 336.13667 +20.50003 /data/raw/bok/u/201512/J7372/good/d7372.0013.fits
0014 object   10739      strumu     3.0 336.99067 +20.50000 /data/raw/bok/u/201512/J7372/good/d7372.0014.fits
0015 object   10739      strumu    40.0 336.99071 +20.50000 /data/raw/bok/u/201512/J7372/good/d7372.0015.fits
0016 object   11101      strumu     3.0 337.07546 +21.29992 /data/raw/bok/u/201512/J7372/good/d7372.0016.fits
0017 object   11101      strumu    40.0 337.07533 +21.30000 /data/raw/bok/u/201512/J7372/good/d7372.0017.fits
0018 object   10740      strumu     3.0 337.84488 +20.50006 /data/raw/bok/u/201512/J7372/good/d7372.0018.fits
0019 object   10740      strumu    40.0 337.84488 +20.50000 /data/raw/bok/u/201512/J7372/good/d7372.0019.fits
0020 object   11836      strumu     3.0 351.34050 +22.90000 /data/raw/bok/u/201512/J7372/good/d7372.0020.fits
0021 object   11836      strumu    40.0 351.34075 +22.90003 /data/raw/bok/u/201512/J7372/good/d7372.0021.fits
0022 object   11837      strumu     3.0 352.20904 +22.89997 /data/raw/bok/u/201512/J7372/good/d7372.0022.fits
0023 object   11837      strumu    40.0 352.20908 +22.89997 /data/raw/bok/u/201512/J7372/good/d7372.0023.fits
0024 object   11838      strumu     3.0 353.07733 +22.89997 /data/raw/bok/u/201512/J7372/good/d7372.0024.fits
0025 object   11838      strumu    40.0 353.07729 +22.89997 /data/raw/bok/u/201512/J7372/good/d7372.0025.fits
0026 object   11839      strumu     3.0 353.94600 +22.89997 /data/raw/bok/u/201512/J7372/good/d7372.0026.fits
0027 object   11839      strumu    40.0 353.94625 +22.90000 /data/raw/bok/u/201512/J7372/good/d7372.0027.fits
0029 object   11840      strumu     3.0 354.81450 +22.89997 /data/raw/bok/u/201512/J7372/good/d7372.0029.fits
0030 object   11840      strumu    40.0 354.81442 +22.89997 /data/raw/bok/u/201512/J7372/good/d7372.0030.fits
0031 object   11841      strumu     3.0 355.68283 +22.89997 /data/raw/bok/u/201512/J7372/good/d7372.0031.fits
0032 object   11841      strumu    40.0 355.68287 +22.89997 /data/raw/bok/u/201512/J7372/good/d7372.0032.fits
0033 object   11842      strumu     3.0 356.55171 +22.89997 /data/raw/bok/u/201512/J7372/good/d7372.0033.fits
0034 object   11842      strumu    40.0 356.55167 +22.89994 /data/raw/bok/u/201512/J7372/good/d7372.0034.fits
0035 object   11843      strumu     3.0 357.41987 +22.89997 /data/raw/bok/u/201512/J7372/good/d7372.0035.fits
0036 object   11843      strumu    40.0 357.41996 +22.90000 /data/raw/bok/u/201512/J7372/good/d7372.0036.fits
0037 object   11844      strumu     3.0 358.28821 +22.89994 /data/raw/bok/u/201512/J7372/good/d7372.0037.fits
0038 object   11844      strumu    40.0 358.28821 +22.89997 /data/raw/bok/u/201512/J7372/good/d7372.0038.fits
0039 object   11845      strumu     3.0 359.15658 +22.89997 /data/raw/bok/u/201512/J7372/good/d7372.0039.fits
0040 object   11845      strumu    40.0 359.15671 +22.89997 /data/raw/bok/u/201512/J7372/good/d7372.0040.fits
0041 object   11846      strumu     3.0   0.02529 +22.89997 /data/raw/bok/u/201512/J7372/good/d7372.0041.fits
0042 object   11846      strumu    40.0   0.02525 +22.89997 /data/raw/bok/u/201512/J7372/good/d7372.0042.fits
0043 object   11847      strumu     3.0   0.49125 +23.69989 /data/raw/bok/u/201512/J7372/good/d7372.0043.fits
0044 object   11847      strumu    40.0   0.49125 +23.70000 /data/raw/bok/u/201512/J7372/good/d7372.0044.fits
0045 object   11848      strumu     3.0   1.36483 +23.70000 /data/raw/bok/u/201512/J7372/good/d7372.0045.fits
0046 object   11848      strumu    40.0   1.36496 +23.70003 /data/raw/bok/u/201512/J7372/good/d7372.0046.fits
0048 object   11849      strumu     3.0   2.23875 +23.70000 /data/raw/bok/u/201512/J7372/good/d7372.0048.fits
0049 object   11849      strumu    40.0   2.23875 +23.69997 /data/raw/bok/u/201512/J7372/good/d7372.0049.fits
0050 object   11850      strumu     3.0   3.11233 +23.70000 /data/raw/bok/u/201512/J7372/good/d7372.0050.fits
0051 object   11850      strumu    40.0   3.11246 +23.70000 /data/raw/bok/u/201512/J7372/good/d7372.0051.fits
0052 object   11851      strumu     3.0   3.98604 +23.69997 /data/raw/bok/u/201512/J7372/good/d7372.0052.fits
0053 object   11851      strumu    40.0   3.98608 +23.70000 /data/raw/bok/u/201512/J7372/good/d7372.0053.fits
0054 object   11852      strumu     3.0   4.86004 +23.70000 /data/raw/bok/u/201512/J7372/good/d7372.0054.fits
0055 object   11852      strumu    40.0   4.86000 +23.70000 /data/raw/bok/u/201512/J7372/good/d7372.0055.fits
0056 object   11853      strumu     3.0   5.73375 +23.69997 /data/raw/bok/u/201512/J7372/good/d7372.0056.fits
0057 object   11853      strumu    40.0   5.73362 +23.69997 /data/raw/bok/u/201512/J7372/good/d7372.0057.fits
0058 object   11854      strumu     3.0   6.60688 +23.70000 /data/raw/bok/u/201512/J7372/good/d7372.0058.fits
0059 object   11854      strumu    40.0   6.60692 +23.70000 /data/raw/bok/u/201512/J7372/good/d7372.0059.fits
0060 object   11855      strumu     3.0   7.48062 +23.70000 /data/raw/bok/u/201512/J7372/good/d7372.0060.fits
0061 object   11855      strumu    40.0   7.48075 +23.70000 /data/raw/bok/u/201512/J7372/good/d7372.0061.fits
0062 object   11856      strumu     3.0   8.35008 +23.69997 /data/raw/bok/u/201512/J7372/good/d7372.0062.fits
0063 object   11856      strumu    40.0   8.35450 +23.70000 /data/raw/bok/u/201512/J7372/good/d7372.0063.fits
0084 object   12629      strumu     3.0  66.86321 +25.30000 /data/raw/bok/u/201512/J7372/good/d7372.0084.fits
0085 object   12629      strumu    40.0  66.86337 +25.29997 /data/raw/bok/u/201512/J7372/good/d7372.0085.fits
0086 object   13323      strumu     3.0  66.88742 +26.89975 /data/raw/bok/u/201512/J7372/good/d7372.0086.fits
0087 object   13323      strumu    40.0  66.88742 +26.89997 /data/raw/bok/u/201512/J7372/good/d7372.0087.fits
0088 object   12630      strumu     3.0  67.74833 +25.30011 /data/raw/bok/u/201512/J7372/good/d7372.0088.fits
0089 object   12630      strumu    40.0  67.74833 +25.30003 /data/raw/bok/u/201512/J7372/good/d7372.0089.fits
0090 object   13324      strumu     3.0  67.78454 +26.89983 /data/raw/bok/u/201512/J7372/good/d7372.0090.fits
0091 object   13324      strumu    40.0  67.78454 +26.89997 /data/raw/bok/u/201512/J7372/good/d7372.0091.fits
0092 object   12631      strumu     3.0  68.63283 +25.30014 /data/raw/bok/u/201512/J7372/good/d7372.0092.fits
0093 object   12631      strumu    40.0  68.63287 +25.30000 /data/raw/bok/u/201512/J7372/good/d7372.0093.fits
0094 object   13325      strumu     3.0  68.68150 +26.89981 /data/raw/bok/u/201512/J7372/good/d7372.0094.fits
0095 object   13325      strumu    40.0  68.68167 +26.89997 /data/raw/bok/u/201512/J7372/good/d7372.0095.fits
0096 object   12632      strumu     3.0  69.51779 +25.30006 /data/raw/bok/u/201512/J7372/good/d7372.0096.fits
0097 object   12632      strumu    40.0  69.51779 +25.29997 /data/raw/bok/u/201512/J7372/good/d7372.0097.fits
0098 object   13326      strumu     3.0  69.57871 +26.89975 /data/raw/bok/u/201512/J7372/good/d7372.0098.fits
0099 object   13326      strumu    40.0  69.57875 +26.89997 /data/raw/bok/u/201512/J7372/good/d7372.0099.fits
0100 object   13670      strumu     3.0  70.08175 +27.69989 /data/raw/bok/u/201512/J7372/good/d7372.0100.fits
0101 object   13670      strumu    40.0  70.08154 +27.70000 /data/raw/bok/u/201512/J7372/good/d7372.0101.fits
0102 object   12633      strumu     3.0  70.40275 +25.30014 /data/raw/bok/u/201512/J7372/good/d7372.0102.fits
0103 object   12633      strumu    40.0  70.40288 +25.30000 /data/raw/bok/u/201512/J7372/good/d7372.0103.fits
0104 object   13327      strumu     3.0  70.47583 +26.89978 /data/raw/bok/u/201512/J7372/good/d7372.0104.fits
0105 object   13327      strumu    40.0  70.47579 +26.89997 /data/raw/bok/u/201512/J7372/good/d7372.0105.fits
0106 object   13671      strumu     3.0  70.98538 +27.69989 /data/raw/bok/u/201512/J7372/good/d7372.0106.fits
0107 object   13671      strumu    40.0  70.98533 +27.70000 /data/raw/bok/u/201512/J7372/good/d7372.0107.fits
0108 object   12634      strumu     3.0  71.28783 +25.30019 /data/raw/bok/u/201512/J7372/good/d7372.0108.fits
0109 object   12634      strumu    40.0  71.28779 +25.30000 /data/raw/bok/u/201512/J7372/good/d7372.0109.fits
0110 object   13328      strumu     3.0  71.37238 +26.89978 /data/raw/bok/u/201512/J7372/good/d7372.0110.fits
0111 object   13328      strumu    40.0  71.37246 +26.89997 /data/raw/bok/u/201512/J7372/good/d7372.0111.fits
0112 object   13672      strumu     3.0  71.88883 +27.69989 /data/raw/bok/u/201512/J7372/good/d7372.0112.fits
0113 object   13672      strumu    40.0  71.88867 +27.70000 /data/raw/bok/u/201512/J7372/good/d7372.0113.fits
0114 object   13329      strumu     3.0  72.26950 +26.90008 /data/raw/bok/u/201512/J7372/good/d7372.0114.fits
0115 object   13329      strumu    40.0  72.26950 +26.89997 /data/raw/bok/u/201512/J7372/good/d7372.0115.fits
0116 object   13673      strumu     3.0  72.79254 +27.69983 /data/raw/bok/u/201512/J7372/good/d7372.0116.fits
0117 object   13673      strumu    40.0  72.79250 +27.70000 /data/raw/bok/u/201512/J7372/good/d7372.0117.fits
0118 object   13330      strumu     3.0  73.16658 +26.90011 /data/raw/bok/u/201512/J7372/good/d7372.0118.fits
0119 object   13330      strumu    40.0  73.16663 +26.89997 /data/raw/bok/u/201512/J7372/good/d7372.0119.fits
0120 object   13674      strumu     3.0  73.69579 +27.69989 /data/raw/bok/u/201512/J7372/good/d7372.0120.fits
0121 object   13674      strumu    40.0  73.69575 +27.70000 /data/raw/bok/u/201512/J7372/good/d7372.0121.fits
0122 object   13331      strumu     3.0  74.06379 +26.90003 /data/raw/bok/u/201512/J7372/good/d7372.0122.fits
0123 object   13331      strumu    40.0  74.06375 +26.89997 /data/raw/bok/u/201512/J7372/good/d7372.0123.fits
0124 object   13675      strumu     3.0 100.80242 +27.70006 /data/raw/bok/u/201512/J7372/good/d7372.0124.fits
0125 object   13675      strumu    40.0 100.80229 +27.70000 /data/raw/bok/u/201512/J7372/good/d7372.0125.fits
0126 object   13332      strumu     3.0 100.97575 +26.90003 /data/raw/bok/u/201512/J7372/good/d7372.0126.fits
0127 object   13332      strumu    40.0 100.97575 +26.89997 /data/raw/bok/u/201512/J7372/good/d7372.0127.fits
0128 object   13676      strumu     3.0 101.70613 +27.69994 /data/raw/bok/u/201512/J7372/good/d7372.0128.fits
0129 object   13676      strumu    40.0 101.70604 +27.70000 /data/raw/bok/u/201512/J7372/good/d7372.0129.fits
0130 object   13333      strumu     3.0 101.87279 +26.91664 /data/raw/bok/u/201512/J7372/good/d7372.0130.fits
0131 object   13333      strumu    40.0 101.87292 +26.89997 /data/raw/bok/u/201512/J7372/good/d7372.0131.fits
0132 object   13334      strumu     3.0 102.76979 +26.89997 /data/raw/bok/u/201512/J7372/good/d7372.0132.fits
0133 object   13334      strumu    40.0 102.76987 +26.89997 /data/raw/bok/u/201512/J7372/good/d7372.0133.fits
0134 object   12989      strumu     3.0 103.83833 +26.09997 /data/raw/bok/u/201512/J7372/good/d7372.0134.fits
0135 object   12989      strumu    40.0 103.83846 +26.10000 /data/raw/bok/u/201512/J7372/good/d7372.0135.fits
0136 object   12990      strumu     3.0 104.72925 +26.10000 /data/raw/bok/u/201512/J7372/good/d7372.0136.fits
0137 object   12990      strumu    40.0 104.72937 +26.10000 /data/raw/bok/u/201512/J7372/good/d7372.0137.fits
0138 object   12991      strumu     3.0 105.62025 +26.10000 /data/raw/bok/u/201512/J7372/good/d7372.0138.fits
0139 object   12991      strumu    40.0 105.62017 +26.09997 /data/raw/bok/u/201512/J7372/good/d7372.0139.fits
0140 object   12992      strumu     3.0 106.51108 +26.09997 /data/raw/bok/u/201512/J7372/good/d7372.0140.fits
0141 object   12992      strumu    40.0 106.51108 +26.10000 /data/raw/bok/u/201512/J7372/good/d7372.0141.fits
0142 object   12993      strumu     3.0 107.40204 +26.10000 /data/raw/bok/u/201512/J7372/good/d7372.0142.fits
0143 object   12993      strumu    40.0 107.40200 +26.10000 /data/raw/bok/u/201512/J7372/good/d7372.0143.fits
0144 object   12994      strumu     3.0 108.29275 +26.09997 /data/raw/bok/u/201512/J7372/good/d7372.0144.fits
0145 object   12994      strumu    40.0 108.29287 +26.10000 /data/raw/bok/u/201512/J7372/good/d7372.0145.fits
0146 object   12995      strumu     3.0 109.18358 +26.10000 /data/raw/bok/u/201512/J7372/good/d7372.0146.fits
0147 object   12995      strumu    40.0 109.18362 +26.10000 /data/raw/bok/u/201512/J7372/good/d7372.0147.fits
0148 object   12996      strumu     3.0 110.07454 +26.09997 /data/raw/bok/u/201512/J7372/good/d7372.0148.fits
0149 object   12996      strumu    40.0 110.07442 +26.10000 /data/raw/bok/u/201512/J7372/good/d7372.0149.fits
0150 object   12649      strumu     3.0 110.22192 +25.30008 /data/raw/bok/u/201512/J7372/good/d7372.0150.fits
0151 object   12649      strumu    40.0 110.22196 +25.29997 /data/raw/bok/u/201512/J7372/good/d7372.0151.fits
0152 object   12997      strumu     3.0 110.96537 +26.09989 /data/raw/bok/u/201512/J7372/good/d7372.0152.fits
0153 object   12997      strumu    40.0 110.96517 +26.09997 /data/raw/bok/u/201512/J7372/good/d7372.0153.fits
0154 object   12650      strumu     3.0 111.10692 +25.30006 /data/raw/bok/u/201512/J7372/good/d7372.0154.fits
0155 object   12650      strumu    40.0 111.10704 +25.29997 /data/raw/bok/u/201512/J7372/good/d7372.0155.fits
0156 object   12998      strumu     3.0 111.85617 +26.09969 /data/raw/bok/u/201512/J7372/good/d7372.0156.fits
0157 object   12998      strumu    40.0 111.85608 +26.09997 /data/raw/bok/u/201512/J7372/good/d7372.0157.fits
0159 object   12651      strumu     3.0 111.99183 +25.29997 /data/raw/bok/u/201512/J7372/good/d7372.0159.fits
0160 object   12651      strumu    40.0 111.99196 +25.29997 /data/raw/bok/u/201512/J7372/good/d7372.0160.fits
0161 object   12999      strumu     3.0 112.74700 +26.09986 /data/raw/bok/u/201512/J7372/good/d7372.0161.fits
0162 object   12999      strumu    40.0 112.74692 +26.10000 /data/raw/bok/u/201512/J7372/good/d7372.0162.fits
0163 object   12652      strumu     3.0 112.87650 +25.30003 /data/raw/bok/u/201512/J7372/good/d7372.0163.fits
0164 object   12652      strumu    40.0 112.87654 +25.30000 /data/raw/bok/u/201512/J7372/good/d7372.0164.fits
0165 object   13000      strumu     3.0 113.63779 +26.09992 /data/raw/bok/u/201512/J7372/good/d7372.0165.fits
0166 object   13000      strumu    40.0 113.63771 +26.10000 /data/raw/bok/u/201512/J7372/good/d7372.0166.fits
0167 object   12653      strumu     3.0 113.76167 +25.30003 /data/raw/bok/u/201512/J7372/good/d7372.0167.fits
0168 object   12653      strumu    40.0 113.76154 +25.29997 /data/raw/bok/u/201512/J7372/good/d7372.0168.fits
0169 object   13001      strumu     3.0 114.52858 +26.09986 /data/raw/bok/u/201512/J7372/good/d7372.0169.fits
0170 object   13001      strumu    40.0 114.52875 +26.09997 /data/raw/bok/u/201512/J7372/good/d7372.0170.fits
0171 object   12654      strumu     3.0 114.64650 +25.30006 /data/raw/bok/u/201512/J7372/good/d7372.0171.fits
0172 object   12654      strumu    40.0 114.64646 +25.30000 /data/raw/bok/u/201512/J7372/good/d7372.0172.fits
0173 object   13002      strumu     3.0 115.41942 +26.09972 /data/raw/bok/u/201512/J7372/good/d7372.0173.fits
0174 object   13002      strumu    40.0 115.41933 +26.10000 /data/raw/bok/u/201512/J7372/good/d7372.0174.fits
0175 object   12655      strumu     3.0 115.53154 +25.30019 /data/raw/bok/u/201512/J7372/good/d7372.0175.fits
0176 object   12655      strumu    40.0 115.53142 +25.29997 /data/raw/bok/u/201512/J7372/good/d7372.0176.fits
0177 object   12656      strumu     3.0 116.41617 +25.30000 /data/raw/bok/u/201512/J7372/good/d7372.0177.fits
0178 object   12656      strumu    40.0 116.41608 +25.30000 /data/raw/bok/u/201512/J7372/good/d7372.0178.fits
0179 object   12657      strumu     3.0 117.30112 +25.29997 /data/raw/bok/u/201512/J7372/good/d7372.0179.fits
0180 object   12657      strumu    40.0 117.30112 +25.30000 /data/raw/bok/u/201512/J7372/good/d7372.0180.fits
0181 object   12658      strumu     3.0 118.18617 +25.30000 /data/raw/bok/u/201512/J7372/good/d7372.0181.fits
0182 object   12658      strumu    40.0 118.18608 +25.30000 /data/raw/bok/u/201512/J7372/good/d7372.0182.fits
0183 object   12659      strumu     3.0 119.07067 +25.30000 /data/raw/bok/u/201512/J7372/good/d7372.0183.fits
0184 object   12659      strumu    40.0 119.07067 +25.30000 /data/raw/bok/u/201512/J7372/good/d7372.0184.fits
0185 object   12660      strumu     3.0 119.95554 +25.30000 /data/raw/bok/u/201512/J7372/good/d7372.0185.fits
0186 object   12660      strumu    40.0 119.95567 +25.30000 /data/raw/bok/u/201512/J7372/good/d7372.0186.fits
0187 object   12661      strumu     3.0 120.84063 +25.29997 /data/raw/bok/u/201512/J7372/good/d7372.0187.fits
0188 object   12661      strumu    40.0 120.84063 +25.30000 /data/raw/bok/u/201512/J7372/good/d7372.0188.fits
0189 object   12662      strumu     3.0 121.72542 +25.30000 /data/raw/bok/u/201512/J7372/good/d7372.0189.fits
0190 object   12662      strumu    40.0 121.72529 +25.29997 /data/raw/bok/u/201512/J7372/good/d7372.0190.fits
0191 object   12663      strumu     3.0 122.61021 +25.30000 /data/raw/bok/u/201512/J7372/good/d7372.0191.fits
0192 object   12663      strumu    40.0 122.61017 +25.29997 /data/raw/bok/u/201512/J7372/good/d7372.0192.fits
0193 object   12664      strumu     3.0 123.49537 +25.30000 /data/raw/bok/u/201512/J7372/good/d7372.0193.fits
0194 object   12664      strumu    40.0 123.49529 +25.30000 /data/raw/bok/u/201512/J7372/good/d7372.0194.fits
0195 object   12665      strumu     3.0 124.38017 +25.30000 /data/raw/bok/u/201512/J7372/good/d7372.0195.fits
0196 object   12665      strumu    40.0 124.38017 +25.30000 /data/raw/bok/u/201512/J7372/good/d7372.0196.fits
0197 object   12666      strumu     3.0 125.26492 +25.29997 /data/raw/bok/u/201512/J7372/good/d7372.0197.fits
0198 object   12666      strumu    40.0 125.26492 +25.30000 /data/raw/bok/u/201512/J7372/good/d7372.0198.fits
0199 object   12667      strumu     3.0 126.14987 +25.30000 /data/raw/bok/u/201512/J7372/good/d7372.0199.fits
0200 object   12667      strumu    40.0 126.14983 +25.30000 /data/raw/bok/u/201512/J7372/good/d7372.0200.fits
0201 object   12668      strumu     3.0 127.03479 +25.30000 /data/raw/bok/u/201512/J7372/good/d7372.0201.fits
0202 object   12668      strumu    40.0 127.03488 +25.30000 /data/raw/bok/u/201512/J7372/good/d7372.0202.fits
0203 object   12669      strumu     3.0 127.91950 +25.30000 /data/raw/bok/u/201512/J7372/good/d7372.0203.fits
0204 object   12669      strumu    40.0 127.91946 +25.30000 /data/raw/bok/u/201512/J7372/good/d7372.0204.fits
0205 object   12319      strumu     3.0 128.85146 +24.49997 /data/raw/bok/u/201512/J7372/good/d7372.0205.fits
0206 object   12319      strumu    40.0 128.85158 +24.50000 /data/raw/bok/u/201512/J7372/good/d7372.0206.fits
0207 object   12320      strumu     3.0 129.73067 +24.50000 /data/raw/bok/u/201512/J7372/good/d7372.0207.fits
0208 object   12320      strumu    40.0 129.73079 +24.50000 /data/raw/bok/u/201512/J7372/good/d7372.0208.fits
0209 object   12321      strumu     3.0 130.60979 +24.49997 /data/raw/bok/u/201512/J7372/good/d7372.0209.fits
0210 object   12321      strumu    40.0 130.61000 +24.50000 /data/raw/bok/u/201512/J7372/good/d7372.0210.fits
0211 object   12322      strumu     3.0 131.48908 +24.50000 /data/raw/bok/u/201512/J7372/good/d7372.0211.fits
0212 object   12322      strumu    40.0 131.48908 +24.50000 /data/raw/bok/u/201512/J7372/good/d7372.0212.fits
0213 object   12323      strumu     3.0 132.36825 +24.50000 /data/raw/bok/u/201512/J7372/good/d7372.0213.fits
0214 object   12323      strumu    40.0 132.36825 +24.50000 /data/raw/bok/u/201512/J7372/good/d7372.0214.fits
0215 object   12324      strumu     3.0 133.24725 +24.50000 /data/raw/bok/u/201512/J7372/good/d7372.0215.fits
0216 object   12324      strumu    40.0 133.24746 +24.50000 /data/raw/bok/u/201512/J7372/good/d7372.0216.fits
0217 object   12325      strumu     3.0 134.12654 +24.50000 /data/raw/bok/u/201512/J7372/good/d7372.0217.fits
0218 object   12325      strumu    40.0 134.12658 +24.50000 /data/raw/bok/u/201512/J7372/good/d7372.0218.fits
0219 object   11985      strumu     3.0 146.39642 +23.70003 /data/raw/bok/u/201512/J7372/good/d7372.0219.fits
0220 object   11985      strumu    40.0 146.39667 +23.70000 /data/raw/bok/u/201512/J7372/good/d7372.0220.fits
0221 object   11986      strumu     3.0 147.27029 +23.70000 /data/raw/bok/u/201512/J7372/good/d7372.0221.fits
0222 object   11986      strumu    40.0 147.27021 +23.70000 /data/raw/bok/u/201512/J7372/good/d7372.0222.fits
0223 object   11987      strumu     3.0 148.14408 +23.70000 /data/raw/bok/u/201512/J7372/good/d7372.0223.fits
0224 object   11987      strumu    40.0 148.14400 +23.70000 /data/raw/bok/u/201512/J7372/good/d7372.0224.fits
0225 object   11988      strumu     3.0 149.01775 +23.70000 /data/raw/bok/u/201512/J7372/good/d7372.0225.fits
0226 object   11988      strumu    40.0 149.01783 +23.70000 /data/raw/bok/u/201512/J7372/good/d7372.0226.fits
0227 object   11989      strumu     3.0 149.89096 +23.70000 /data/raw/bok/u/201512/J7372/good/d7372.0227.fits
0228 object   11989      strumu    40.0 149.89108 +23.70000 /data/raw/bok/u/201512/J7372/good/d7372.0228.fits
0229 object   11634      strumu     3.0 150.72958 +22.90003 /data/raw/bok/u/201512/J7372/good/d7372.0229.fits
0230 object   11634      strumu    40.0 150.72946 +22.89997 /data/raw/bok/u/201512/J7372/good/d7372.0230.fits
0235 object   11990      strumu     3.0 150.76500 +23.69994 /data/raw/bok/u/201512/J7372/good/d7372.0235.fits
0236 object   11990      strumu    40.0 150.76487 +23.70000 /data/raw/bok/u/201512/J7372/good/d7372.0236.fits
0238 object   11990      strumu     3.0 150.76487 +23.70000 /data/raw/bok/u/201512/J7372/good/d7372.0238.fits
0239 object   11990      strumu    40.0 150.76487 +23.70000 /data/raw/bok/u/201512/J7372/good/d7372.0239.fits
0240 object   11635      strumu     3.0 151.59817 +22.90019 /data/raw/bok/u/201512/J7372/good/d7372.0240.fits
0241 object   11635      strumu    40.0 151.59821 +22.89997 /data/raw/bok/u/201512/J7372/good/d7372.0241.fits
0242 object   11991      strumu     3.0 151.63854 +23.69975 /data/raw/bok/u/201512/J7372/good/d7372.0242.fits
0243 object   11991      strumu    40.0 151.63862 +23.70000 /data/raw/bok/u/201512/J7372/good/d7372.0243.fits
0244 object   11636      strumu     3.0 152.46654 +22.90011 /data/raw/bok/u/201512/J7372/good/d7372.0244.fits
0245 object   11636      strumu    40.0 152.46658 +22.89997 /data/raw/bok/u/201512/J7372/good/d7372.0245.fits
0246 object   11992      strumu     3.0 152.51242 +23.69986 /data/raw/bok/u/201512/J7372/good/d7372.0246.fits
0247 object   11992      strumu    40.0 152.51237 +23.70000 /data/raw/bok/u/201512/J7372/good/d7372.0247.fits
0248 object   11637      strumu     3.0 153.33492 +22.90008 /data/raw/bok/u/201512/J7372/good/d7372.0248.fits
0249 object   11993      strumu    40.0 153.38608 +23.69986 /data/raw/bok/u/201512/J7372/good/d7372.0249.fits
0250 object   11638      strumu     3.0 154.20325 +22.90019 /data/raw/bok/u/201512/J7372/good/d7372.0250.fits
0251 object   11638      strumu    40.0 154.20308 +22.89997 /data/raw/bok/u/201512/J7372/good/d7372.0251.fits
0252 object   11994      strumu     3.0 154.26000 +23.69992 /data/raw/bok/u/201512/J7372/good/d7372.0252.fits
0253 object   11994      strumu    40.0 154.25983 +23.70000 /data/raw/bok/u/201512/J7372/good/d7372.0253.fits
0254 object   11639      strumu     3.0 155.07212 +22.90003 /data/raw/bok/u/201512/J7372/good/d7372.0254.fits
0255 object   11639      strumu    40.0 155.07188 +22.89997 /data/raw/bok/u/201512/J7372/good/d7372.0255.fits
0256 object   11995      strumu     3.0 155.13367 +23.69994 /data/raw/bok/u/201512/J7372/good/d7372.0256.fits
0257 object   11995      strumu    40.0 155.13363 +23.69997 /data/raw/bok/u/201512/J7372/good/d7372.0257.fits
0258 object   10919      strumu     3.0 155.89904 +21.30008 /data/raw/bok/u/201512/J7372/good/d7372.0258.fits
0259 object   10919      strumu    40.0 155.89904 +21.30000 /data/raw/bok/u/201512/J7372/good/d7372.0259.fits
0260 object   11640      strumu     3.0 155.94017 +22.89983 /data/raw/bok/u/201512/J7372/good/d7372.0260.fits
0261 object   11640      strumu    40.0 155.94021 +22.89997 /data/raw/bok/u/201512/J7372/good/d7372.0261.fits
0262 object   11996      strumu     3.0 156.00696 +23.69978 /data/raw/bok/u/201512/J7372/good/d7372.0262.fits
0263 object   11996      strumu    40.0 156.00683 +23.70000 /data/raw/bok/u/201512/J7372/good/d7372.0263.fits
0264 object   10920      strumu     3.0 156.75787 +21.30022 /data/raw/bok/u/201512/J7372/good/d7372.0264.fits
0265 object   10920      strumu    40.0 156.75775 +21.29997 /data/raw/bok/u/201512/J7372/good/d7372.0265.fits
0266 object   11282      strumu     3.0 156.76779 +22.09975 /data/raw/bok/u/201512/J7372/good/d7372.0266.fits
0267 object   11282      strumu    40.0 156.76779 +22.10000 /data/raw/bok/u/201512/J7372/good/d7372.0267.fits
0268 object   11641      strumu     3.0 156.80862 +22.89975 /data/raw/bok/u/201512/J7372/good/d7372.0268.fits
0269 object   11641      strumu    40.0 156.80858 +22.89997 /data/raw/bok/u/201512/J7372/good/d7372.0269.fits
0270 object   11997      strumu     3.0 156.88062 +23.69994 /data/raw/bok/u/201512/J7372/good/d7372.0270.fits
0271 object   11997      strumu    40.0 156.88058 +23.70000 /data/raw/bok/u/201512/J7372/good/d7372.0271.fits
0272 object   10921      strumu     3.0 157.61642 +21.30028 /data/raw/bok/u/201512/J7372/good/d7372.0272.fits
0273 object   10921      strumu    40.0 157.61642 +21.30000 /data/raw/bok/u/201512/J7372/good/d7372.0273.fits
0274 object   11283      strumu     3.0 157.63117 +22.09989 /data/raw/bok/u/201512/J7372/good/d7372.0274.fits
0275 object   11283      strumu    40.0 157.63117 +22.10000 /data/raw/bok/u/201512/J7372/good/d7372.0275.fits
0276 object   11642      strumu     3.0 157.67696 +22.89981 /data/raw/bok/u/201512/J7372/good/d7372.0276.fits
0277 object   11642      strumu    40.0 157.67696 +22.89997 /data/raw/bok/u/201512/J7372/good/d7372.0277.fits
0278 object   11998      strumu     3.0 157.75454 +23.69994 /data/raw/bok/u/201512/J7372/good/d7372.0278.fits
0279 object   11998      strumu    40.0 157.75442 +23.70000 /data/raw/bok/u/201512/J7372/good/d7372.0279.fits
0280 object   10922      strumu     3.0 158.47521 +21.30006 /data/raw/bok/u/201512/J7372/good/d7372.0280.fits
0281 object   10922      strumu    40.0 158.47538 +21.30000 /data/raw/bok/u/201512/J7372/good/d7372.0281.fits
0282 object   11284      strumu     3.0 158.49496 +22.09994 /data/raw/bok/u/201512/J7372/good/d7372.0282.fits
0283 object   11284      strumu    40.0 158.49492 +22.10000 /data/raw/bok/u/201512/J7372/good/d7372.0283.fits
0284 object   11643      strumu     3.0 158.54575 +22.89986 /data/raw/bok/u/201512/J7372/good/d7372.0284.fits
0285 object   11643      strumu    40.0 158.54563 +22.89994 /data/raw/bok/u/201512/J7372/good/d7372.0285.fits
0286 object   10923      strumu     3.0 159.33367 +21.30003 /data/raw/bok/u/201512/J7372/good/d7372.0286.fits
0287 object   10923      strumu    40.0 159.33367 +21.30000 /data/raw/bok/u/201512/J7372/good/d7372.0287.fits
0288 object   11285      strumu     3.0 159.35825 +22.09994 /data/raw/bok/u/201512/J7372/good/d7372.0288.fits
0289 object   11285      strumu    40.0 159.35829 +22.10000 /data/raw/bok/u/201512/J7372/good/d7372.0289.fits
0290 object   11644      strumu     3.0 159.41404 +22.89978 /data/raw/bok/u/201512/J7372/good/d7372.0290.fits
0291 object   11644      strumu    40.0 159.41400 +22.89997 /data/raw/bok/u/201512/J7372/good/d7372.0291.fits
0292 object   10924      strumu     3.0 160.19250 +21.30003 /data/raw/bok/u/201512/J7372/good/d7372.0292.fits
0293 object   10924      strumu    40.0 160.19242 +21.30000 /data/raw/bok/u/201512/J7372/good/d7372.0293.fits
0294 object   11286      strumu     3.0 160.22150 +22.09978 /data/raw/bok/u/201512/J7372/good/d7372.0294.fits
0295 object   11286      strumu    40.0 160.22162 +22.09997 /data/raw/bok/u/201512/J7372/good/d7372.0295.fits
0296 object   11645      strumu     3.0 160.28238 +22.89986 /data/raw/bok/u/201512/J7372/good/d7372.0296.fits
0297 object   11645      strumu    40.0 160.28229 +22.89997 /data/raw/bok/u/201512/J7372/good/d7372.0297.fits
0298 object   10925      strumu     3.0 161.05121 +21.30008 /data/raw/bok/u/201512/J7372/good/d7372.0298.fits
0299 object   10925      strumu    40.0 161.05117 +21.30000 /data/raw/bok/u/201512/J7372/good/d7372.0299.fits
0300 object   11287      strumu     3.0 161.08487 +22.09989 /data/raw/bok/u/201512/J7372/good/d7372.0300.fits
0301 object   11287      strumu    40.0 161.08492 +22.09997 /data/raw/bok/u/201512/J7372/good/d7372.0301.fits
0302 object   11646      strumu     3.0 161.15121 +22.89983 /data/raw/bok/u/201512/J7372/good/d7372.0302.fits
0303 object   11646      strumu    40.0 161.15121 +22.89997 /data/raw/bok/u/201512/J7372/good/d7372.0303.fits
0304 object   11288      strumu     3.0 161.94871 +22.10006 /data/raw/bok/u/201512/J7372/good/d7372.0304.fits
0305 object   11288      strumu    40.0 161.94863 +22.10003 /data/raw/bok/u/201512/J7372/good/d7372.0305.fits
0306 object   11647      strumu     3.0 162.01942 +22.89986 /data/raw/bok/u/201512/J7372/good/d7372.0306.fits
0307 object   11647      strumu    40.0 162.01942 +22.89994 /data/raw/bok/u/201512/J7372/good/d7372.0307.fits
0308 object   10583      strumu     3.0 178.98421 +20.50003 /data/raw/bok/u/201512/J7372/good/d7372.0308.fits
0309 object   10583      strumu    40.0 178.98450 +20.49997 /data/raw/bok/u/201512/J7372/good/d7372.0309.fits
0310 object   10584      strumu     3.0 179.83858 +20.50000 /data/raw/bok/u/201512/J7372/good/d7372.0310.fits
0311 object   10584      strumu    40.0 179.83854 +20.49997 /data/raw/bok/u/201512/J7372/good/d7372.0311.fits
0312 object   15096      strumu     3.0 180.46412 +30.89989 /data/raw/bok/u/201512/J7372/good/d7372.0312.fits
0313 object   15096      strumu    40.0 180.46392 +30.90000 /data/raw/bok/u/201512/J7372/good/d7372.0313.fits
0314 object   10585      strumu     3.0 180.69271 +20.50011 /data/raw/bok/u/201512/J7372/good/d7372.0314.fits
0315 object   10585      strumu    40.0 180.69283 +20.50000 /data/raw/bok/u/201512/J7372/good/d7372.0315.fits
0316 object   15097      strumu     3.0 181.39654 +30.89989 /data/raw/bok/u/201512/J7372/good/d7372.0316.fits
0317 object   15097      strumu    40.0 181.39654 +30.89997 /data/raw/bok/u/201512/J7372/good/d7372.0317.fits
0318 object   10586      strumu     3.0 181.54696 +20.50025 /data/raw/bok/u/201512/J7372/good/d7372.0318.fits
0319 object   10586      strumu    40.0 181.54700 +20.50000 /data/raw/bok/u/201512/J7372/good/d7372.0319.fits
0320 object   15098      strumu     3.0 182.32871 +30.89986 /data/raw/bok/u/201512/J7372/good/d7372.0320.fits
0321 object   15098      strumu    40.0 182.32858 +30.89997 /data/raw/bok/u/201512/J7372/good/d7372.0321.fits
0322 object   10587      strumu     3.0 182.40108 +20.50017 /data/raw/bok/u/201512/J7372/good/d7372.0322.fits
0323 object   10587      strumu    40.0 182.40104 +20.50000 /data/raw/bok/u/201512/J7372/good/d7372.0323.fits
0324 object   10588      strumu     3.0 183.25504 +20.50000 /data/raw/bok/u/201512/J7372/good/d7372.0324.fits
0325 object   10588      strumu    40.0 183.25487 +20.50000 /data/raw/bok/u/201512/J7372/good/d7372.0325.fits
0326 object   10589      strumu     3.0 184.10900 +20.50000 /data/raw/bok/u/201512/J7372/good/d7372.0326.fits
0327 object   10589      strumu    40.0 184.10892 +20.49997 /data/raw/bok/u/201512/J7372/good/d7372.0327.fits
0328 object   10590      strumu     3.0 184.96304 +20.50000 /data/raw/bok/u/201512/J7372/good/d7372.0328.fits
0329 object   10590      strumu    40.0 184.96317 +20.50000 /data/raw/bok/u/201512/J7372/good/d7372.0329.fits
0330 object   10591      strumu     3.0 185.81729 +20.50000 /data/raw/bok/u/201512/J7372/good/d7372.0330.fits
0331 object   10591      strumu    40.0 185.81737 +20.50000 /data/raw/bok/u/201512/J7372/good/d7372.0331.fits
0332 object   10592      strumu     3.0 186.67163 +20.50000 /data/raw/bok/u/201512/J7372/good/d7372.0332.fits
0333 object   10592      strumu    40.0 186.67158 +20.50000 /data/raw/bok/u/201512/J7372/good/d7372.0333.fits
0334 object   10593      strumu     3.0 187.52525 +20.50000 /data/raw/bok/u/201512/J7372/good/d7372.0334.fits
0335 object   10593      strumu    40.0 187.52533 +20.50000 /data/raw/bok/u/201512/J7372/good/d7372.0335.fits
0336 object   10594      strumu     3.0 188.37933 +20.50000 /data/raw/bok/u/201512/J7372/good/d7372.0336.fits
0337 object   10594      strumu    40.0 188.37950 +20.50000 /data/raw/bok/u/201512/J7372/good/d7372.0337.fits
0338 object   10595      strumu     3.0 189.23375 +20.49997 /data/raw/bok/u/201512/J7372/good/d7372.0338.fits
0339 object   10595      strumu    40.0 189.23358 +20.49997 /data/raw/bok/u/201512/J7372/good/d7372.0339.fits
0340 object   10596      strumu     3.0 190.08783 +20.50000 /data/raw/bok/u/201512/J7372/good/d7372.0340.fits
0341 object   10596      strumu    40.0 190.08771 +20.50000 /data/raw/bok/u/201512/J7372/good/d7372.0341.fits
0342 object   12740      strumu     3.0 190.74575 +25.29981 /data/raw/bok/u/201512/J7372/good/d7372.0342.fits
0343 object   12740      strumu    40.0 190.74567 +25.30000 /data/raw/bok/u/201512/J7372/good/d7372.0343.fits
0344 object   10597      strumu     3.0 190.94192 +20.50008 /data/raw/bok/u/201512/J7372/good/d7372.0344.fits
0345 object   10597      strumu    40.0 190.94192 +20.50000 /data/raw/bok/u/201512/J7372/good/d7372.0345.fits
0346 object   12741      strumu     3.0 191.63079 +25.29989 /data/raw/bok/u/201512/J7372/good/d7372.0346.fits
0347 object   12741      strumu    40.0 191.63067 +25.30000 /data/raw/bok/u/201512/J7372/good/d7372.0347.fits
0348 object   10598      strumu     3.0 191.79571 +20.50011 /data/raw/bok/u/201512/J7372/good/d7372.0348.fits
0349 object   10598      strumu    40.0 191.79575 +20.50003 /data/raw/bok/u/201512/J7372/good/d7372.0349.fits
0350 object   12742      strumu     3.0 192.51533 +25.29989 /data/raw/bok/u/201512/J7372/good/d7372.0350.fits
0351 object   12742      strumu    40.0 192.51533 +25.30000 /data/raw/bok/u/201512/J7372/good/d7372.0351.fits
0352 object   10599      strumu     3.0 192.64975 +20.50006 /data/raw/bok/u/201512/J7372/good/d7372.0352.fits
0353 object   10599      strumu    40.0 192.64979 +20.50000 /data/raw/bok/u/201512/J7372/good/d7372.0353.fits
0354 object   11683      strumu     3.0 193.28350 +22.89986 /data/raw/bok/u/201512/J7372/good/d7372.0354.fits
0355 object   11683      strumu    40.0 193.28358 +22.89997 /data/raw/bok/u/201512/J7372/good/d7372.0355.fits
0356 object   12743      strumu     3.0 193.40037 +25.29989 /data/raw/bok/u/201512/J7372/good/d7372.0356.fits
0357 object   12743      strumu    40.0 193.40029 +25.29997 /data/raw/bok/u/201512/J7372/good/d7372.0357.fits
0358 object   10600      strumu     3.0 193.50408 +20.50006 /data/raw/bok/u/201512/J7372/good/d7372.0358.fits
0359 object   10600      strumu    40.0 193.50413 +20.50000 /data/raw/bok/u/201512/J7372/good/d7372.0359.fits
0360 object   11684      strumu     3.0 194.15200 +22.89972 /data/raw/bok/u/201512/J7372/good/d7372.0360.fits
0361 object   11684      strumu    40.0 194.15200 +22.89997 /data/raw/bok/u/201512/J7372/good/d7372.0361.fits
0231 object   11990      strumv     3.0 150.76496 +23.69989 /data/raw/bok/v/201512/J7372/good/d7372.0231.fits
0232 object   11990      strumv    40.0 150.76487 +23.69997 /data/raw/bok/v/201512/J7372/good/d7372.0232.fits
0233 object   11635      strumv     3.0 151.59817 +22.90006 /data/raw/bok/v/201512/J7372/good/d7372.0233.fits
0234 object   11635      strumv    40.0 151.59813 +22.89994 /data/raw/bok/v/201512/J7372/good/d7372.0234.fits
