0022 object   10721      strumu     3.0 321.61708 +20.49997 /data/raw/bok/u/201512/J7370/good/d7370.0022.fits
0023 object   10721      strumu    40.0 321.61746 +20.50000 /data/raw/bok/u/201512/J7370/good/d7370.0023.fits
0024 object   10722      strumu     3.0 322.47092 +20.50000 /data/raw/bok/u/201512/J7370/good/d7370.0024.fits
0025 object   10722      strumu    40.0 322.47117 +20.50000 /data/raw/bok/u/201512/J7370/good/d7370.0025.fits
0026 object   10723      strumu     3.0 323.32542 +20.50000 /data/raw/bok/u/201512/J7370/good/d7370.0026.fits
0028 object   10723      strumu    40.0 323.32529 +20.50000 /data/raw/bok/u/201512/J7370/good/d7370.0028.fits
0029 object   10724      strumu     3.0 324.17954 +20.50000 /data/raw/bok/u/201512/J7370/good/d7370.0029.fits
0030 object   10724      strumu    40.0 324.17950 +20.50000 /data/raw/bok/u/201512/J7370/good/d7370.0030.fits
0031 object   10725      strumu     3.0 325.03358 +20.50000 /data/raw/bok/u/201512/J7370/good/d7370.0031.fits
0032 object   10725      strumu    40.0 325.03363 +20.49997 /data/raw/bok/u/201512/J7370/good/d7370.0032.fits
0033 object   10726      strumu     3.0 325.88771 +20.50000 /data/raw/bok/u/201512/J7370/good/d7370.0033.fits
0034 object   10726      strumu    40.0 325.88787 +20.50000 /data/raw/bok/u/201512/J7370/good/d7370.0034.fits
0035 object   10727      strumu     3.0 326.74133 +20.50000 /data/raw/bok/u/201512/J7370/good/d7370.0035.fits
0036 object   10727      strumu    40.0 326.74154 +20.50000 /data/raw/bok/u/201512/J7370/good/d7370.0036.fits
0037 object   11094      strumu     3.0 331.06433 +21.29997 /data/raw/bok/u/201512/J7370/good/d7370.0037.fits
0038 object   11094      strumu    40.0 331.06446 +21.30000 /data/raw/bok/u/201512/J7370/good/d7370.0038.fits
0039 object   11095      strumu     3.0 331.92333 +21.30000 /data/raw/bok/u/201512/J7370/good/d7370.0039.fits
0040 object   11095      strumu    40.0 331.92338 +21.30000 /data/raw/bok/u/201512/J7370/good/d7370.0040.fits
0041 object   11096      strumu     3.0 332.78188 +21.30003 /data/raw/bok/u/201512/J7370/good/d7370.0041.fits
0042 object   11096      strumu    40.0 332.78213 +21.30000 /data/raw/bok/u/201512/J7370/good/d7370.0042.fits
0043 object   11097      strumu     3.0 333.64033 +21.30000 /data/raw/bok/u/201512/J7370/good/d7370.0043.fits
0044 object   11097      strumu    40.0 333.64042 +21.30000 /data/raw/bok/u/201512/J7370/good/d7370.0044.fits
0045 object   11098      strumu     3.0 334.49921 +21.30000 /data/raw/bok/u/201512/J7370/good/d7370.0045.fits
0046 object   11098      strumu    40.0 334.49917 +21.30000 /data/raw/bok/u/201512/J7370/good/d7370.0046.fits
0048 object   11099      strumu     3.0 335.35783 +21.30000 /data/raw/bok/u/201512/J7370/good/d7370.0048.fits
0049 object   11099      strumu    40.0 335.35788 +21.30003 /data/raw/bok/u/201512/J7370/good/d7370.0049.fits
0050 object   11100      strumu     3.0 336.21658 +21.30000 /data/raw/bok/u/201512/J7370/good/d7370.0050.fits
0051 object   11100      strumu    40.0 336.21654 +21.30003 /data/raw/bok/u/201512/J7370/good/d7370.0051.fits
0052 object   11466      strumu     3.0 339.81679 +22.10000 /data/raw/bok/u/201512/J7370/good/d7370.0052.fits
0053 object   11466      strumu    40.0 339.81658 +22.10000 /data/raw/bok/u/201512/J7370/good/d7370.0053.fits
0054 object   11467      strumu     3.0 340.68046 +22.10000 /data/raw/bok/u/201512/J7370/good/d7370.0054.fits
0055 object   11467      strumu    40.0 340.68038 +22.10000 /data/raw/bok/u/201512/J7370/good/d7370.0055.fits
0056 object   11468      strumu     3.0 341.54367 +22.10000 /data/raw/bok/u/201512/J7370/good/d7370.0056.fits
0057 object   11468      strumu    40.0 341.54375 +22.10000 /data/raw/bok/u/201512/J7370/good/d7370.0057.fits
0058 object   11469      strumu     3.0 342.40708 +22.10000 /data/raw/bok/u/201512/J7370/good/d7370.0058.fits
0059 object   11469      strumu    40.0 342.40700 +22.10000 /data/raw/bok/u/201512/J7370/good/d7370.0059.fits
0060 object   11470      strumu     3.0 343.27033 +22.10000 /data/raw/bok/u/201512/J7370/good/d7370.0060.fits
0061 object   11470      strumu    40.0 343.27025 +22.10000 /data/raw/bok/u/201512/J7370/good/d7370.0061.fits
0062 object   11471      strumu     3.0 344.13408 +22.10000 /data/raw/bok/u/201512/J7370/good/d7370.0062.fits
0063 object   11471      strumu    40.0 344.13404 +22.10000 /data/raw/bok/u/201512/J7370/good/d7370.0063.fits
0064 object   11472      strumu     3.0 344.99750 +22.10000 /data/raw/bok/u/201512/J7370/good/d7370.0064.fits
0065 object   11472      strumu    40.0 344.99742 +22.10003 /data/raw/bok/u/201512/J7370/good/d7370.0065.fits
0066 object   11473      strumu     3.0 345.86067 +22.10000 /data/raw/bok/u/201512/J7370/good/d7370.0066.fits
0067 object   11473      strumu    40.0 345.86083 +22.10000 /data/raw/bok/u/201512/J7370/good/d7370.0067.fits
0068 object   11474      strumu     3.0 346.72404 +22.10003 /data/raw/bok/u/201512/J7370/good/d7370.0068.fits
0069 object   11474      strumu    40.0 346.72421 +22.10003 /data/raw/bok/u/201512/J7370/good/d7370.0069.fits
0070 object   11475      strumu     3.0 347.58779 +22.10000 /data/raw/bok/u/201512/J7370/good/d7370.0070.fits
0071 object   11475      strumu    40.0 347.58796 +22.10000 /data/raw/bok/u/201512/J7370/good/d7370.0071.fits
0072 object   11476      strumu     3.0 348.45125 +22.10003 /data/raw/bok/u/201512/J7370/good/d7370.0072.fits
0073 object   11476      strumu    40.0 348.45121 +22.10000 /data/raw/bok/u/201512/J7370/good/d7370.0073.fits
0074 object   11477      strumu     3.0 349.31454 +22.10000 /data/raw/bok/u/201512/J7370/good/d7370.0074.fits
0075 object   11477      strumu    40.0 349.31442 +22.10000 /data/raw/bok/u/201512/J7370/good/d7370.0075.fits
0076 object   11478      strumu     3.0 350.17783 +22.10000 /data/raw/bok/u/201512/J7370/good/d7370.0076.fits
0077 object   11478      strumu    40.0 350.17775 +22.09997 /data/raw/bok/u/201512/J7370/good/d7370.0077.fits
0078 object   11479      strumu     3.0 351.04167 +22.10003 /data/raw/bok/u/201512/J7370/good/d7370.0078.fits
0079 object   11479      strumu    40.0 351.04162 +22.09997 /data/raw/bok/u/201512/J7370/good/d7370.0079.fits
0080 object   10756      strumu     3.0 351.51033 +20.50019 /data/raw/bok/u/201512/J7370/good/d7370.0080.fits
0081 object   10756      strumu    40.0 351.51046 +20.50003 /data/raw/bok/u/201512/J7370/good/d7370.0081.fits
0082 object   10757      strumu     3.0 352.36438 +20.50000 /data/raw/bok/u/201512/J7370/good/d7370.0082.fits
0083 object   10757      strumu    40.0 352.36446 +20.50000 /data/raw/bok/u/201512/J7370/good/d7370.0083.fits
0084 object   10758      strumu     3.0 353.21883 +20.50003 /data/raw/bok/u/201512/J7370/good/d7370.0084.fits
0085 object   10758      strumu    40.0 353.21858 +20.50000 /data/raw/bok/u/201512/J7370/good/d7370.0085.fits
0086 object   10759      strumu     3.0 354.07242 +20.50000 /data/raw/bok/u/201512/J7370/good/d7370.0086.fits
0087 object   10759      strumu    40.0 354.07238 +20.50000 /data/raw/bok/u/201512/J7370/good/d7370.0087.fits
0088 object   10760      strumu     3.0 354.92667 +20.50006 /data/raw/bok/u/201512/J7370/good/d7370.0088.fits
0089 object   10760      strumu    40.0 354.92658 +20.50000 /data/raw/bok/u/201512/J7370/good/d7370.0089.fits
0090 object   10761      strumu     3.0 355.78071 +20.50000 /data/raw/bok/u/201512/J7370/good/d7370.0090.fits
0091 object   10761      strumu    40.0 355.78071 +20.50000 /data/raw/bok/u/201512/J7370/good/d7370.0091.fits
0092 object   10762      strumu     3.0 356.63492 +20.50003 /data/raw/bok/u/201512/J7370/good/d7370.0092.fits
0093 object   10762      strumu    40.0 356.63487 +20.50000 /data/raw/bok/u/201512/J7370/good/d7370.0093.fits
0094 object   11129      strumu     3.0   0.48571 +22.10000 /data/raw/bok/u/201512/J7370/good/d7370.0094.fits
0095 object   11129      strumu    40.0   0.48571 +22.10000 /data/raw/bok/u/201512/J7370/good/d7370.0095.fits
0102 object   10761      strumu    40.0 355.78092 +20.50000 /data/raw/bok/u/201512/J7370/good/d7370.0102.fits
0103 object   10762      strumu     3.0 356.63492 +20.50003 /data/raw/bok/u/201512/J7370/good/d7370.0103.fits
0104 object   10762      strumu    40.0 356.63496 +20.49997 /data/raw/bok/u/201512/J7370/good/d7370.0104.fits
0105 object   11129      strumu     3.0   0.48575 +22.10000 /data/raw/bok/u/201512/J7370/good/d7370.0105.fits
0106 object   11129      strumu    40.0   0.48575 +22.10000 /data/raw/bok/u/201512/J7370/good/d7370.0106.fits
0107 object   11130      strumu     3.0   1.34883 +22.10000 /data/raw/bok/u/201512/J7370/good/d7370.0107.fits
0108 object   11130      strumu    40.0   1.34917 +22.10000 /data/raw/bok/u/201512/J7370/good/d7370.0108.fits
0109 object   11131      strumu     3.0   2.21254 +22.10000 /data/raw/bok/u/201512/J7370/good/d7370.0109.fits
0110 object   11131      strumu    40.0   2.21250 +22.09997 /data/raw/bok/u/201512/J7370/good/d7370.0110.fits
0111 object   10770      strumu     3.0   3.05858 +21.30014 /data/raw/bok/u/201512/J7370/good/d7370.0111.fits
0112 object   10770      strumu    40.0   3.05871 +21.30000 /data/raw/bok/u/201512/J7370/good/d7370.0112.fits
0113 object   11132      strumu     3.0   3.07583 +22.09989 /data/raw/bok/u/201512/J7370/good/d7370.0113.fits
0114 object   11132      strumu    40.0   3.07579 +22.10000 /data/raw/bok/u/201512/J7370/good/d7370.0114.fits
0115 object   10771      strumu     3.0   3.91742 +21.30003 /data/raw/bok/u/201512/J7370/good/d7370.0115.fits
0116 object   10771      strumu    40.0   3.91737 +21.30000 /data/raw/bok/u/201512/J7370/good/d7370.0116.fits
0117 object   11133      strumu     3.0   3.93950 +22.09972 /data/raw/bok/u/201512/J7370/good/d7370.0117.fits
0118 object   11133      strumu    40.0   3.93958 +22.10000 /data/raw/bok/u/201512/J7370/good/d7370.0118.fits
0119 object   10772      strumu     3.0   4.77625 +21.30003 /data/raw/bok/u/201512/J7370/good/d7370.0119.fits
0120 object   10772      strumu    40.0   4.77608 +21.30000 /data/raw/bok/u/201512/J7370/good/d7370.0120.fits
0121 object   11134      strumu     3.0   4.80292 +22.09981 /data/raw/bok/u/201512/J7370/good/d7370.0121.fits
0122 object   11134      strumu    40.0   4.80275 +22.10000 /data/raw/bok/u/201512/J7370/good/d7370.0122.fits
0124 object   10789      strumu     3.0  19.37337 +21.29994 /data/raw/bok/u/201512/J7370/good/d7370.0124.fits
0125 object   10789      strumu    40.0  19.37321 +21.30000 /data/raw/bok/u/201512/J7370/good/d7370.0125.fits
0126 object   11151      strumu     3.0  19.48112 +22.09978 /data/raw/bok/u/201512/J7370/good/d7370.0126.fits
0127 object   11151      strumu    40.0  19.48125 +22.10000 /data/raw/bok/u/201512/J7370/good/d7370.0127.fits
0128 object   10790      strumu     3.0  20.23212 +21.30000 /data/raw/bok/u/201512/J7370/good/d7370.0128.fits
0129 object   10790      strumu    40.0  20.23192 +21.30000 /data/raw/bok/u/201512/J7370/good/d7370.0129.fits
0130 object   11152      strumu     3.0  20.34454 +22.09983 /data/raw/bok/u/201512/J7370/good/d7370.0130.fits
0131 object   11152      strumu    40.0  20.34446 +22.10000 /data/raw/bok/u/201512/J7370/good/d7370.0131.fits
0132 object   11153      strumu     3.0  21.20829 +22.09994 /data/raw/bok/u/201512/J7370/good/d7370.0132.fits
0133 object   11153      strumu    40.0  21.20817 +22.10000 /data/raw/bok/u/201512/J7370/good/d7370.0133.fits
0134 object   11154      strumu     3.0  22.07163 +22.09994 /data/raw/bok/u/201512/J7370/good/d7370.0134.fits
0135 object   11154      strumu    40.0  22.07158 +22.10000 /data/raw/bok/u/201512/J7370/good/d7370.0135.fits
0136 object   11155      strumu     3.0  22.93492 +22.10000 /data/raw/bok/u/201512/J7370/good/d7370.0136.fits
0137 object   11155      strumu    40.0  22.93500 +22.10000 /data/raw/bok/u/201512/J7370/good/d7370.0137.fits
0138 object   11156      strumu     3.0  23.79829 +22.09997 /data/raw/bok/u/201512/J7370/good/d7370.0138.fits
0139 object   11156      strumu    40.0  23.79833 +22.10000 /data/raw/bok/u/201512/J7370/good/d7370.0139.fits
0140 object   11157      strumu     3.0  24.66208 +22.09997 /data/raw/bok/u/201512/J7370/good/d7370.0140.fits
0141 object   11157      strumu    40.0  24.66188 +22.10000 /data/raw/bok/u/201512/J7370/good/d7370.0141.fits
0142 object   11158      strumu     3.0  25.52538 +22.09997 /data/raw/bok/u/201512/J7370/good/d7370.0142.fits
0143 object   11158      strumu    40.0  25.52550 +22.10000 /data/raw/bok/u/201512/J7370/good/d7370.0143.fits
0144 object   11159      strumu     3.0  26.38858 +22.09997 /data/raw/bok/u/201512/J7370/good/d7370.0144.fits
0145 object   11159      strumu    40.0  26.38879 +22.10000 /data/raw/bok/u/201512/J7370/good/d7370.0145.fits
0146 object   10798      strumu     3.0  27.10121 +21.30006 /data/raw/bok/u/201512/J7370/good/d7370.0146.fits
0147 object   10798      strumu    40.0  27.10112 +21.30000 /data/raw/bok/u/201512/J7370/good/d7370.0147.fits
0148 object   11160      strumu     3.0  27.25208 +22.09989 /data/raw/bok/u/201512/J7370/good/d7370.0148.fits
0149 object   11160      strumu    40.0  27.25200 +22.10000 /data/raw/bok/u/201512/J7370/good/d7370.0149.fits
0150 object   10799      strumu     3.0  27.96000 +21.30003 /data/raw/bok/u/201512/J7370/good/d7370.0150.fits
0151 object   10799      strumu    40.0  27.95992 +21.30000 /data/raw/bok/u/201512/J7370/good/d7370.0151.fits
0152 object   11161      strumu     3.0  28.11579 +22.09986 /data/raw/bok/u/201512/J7370/good/d7370.0152.fits
0153 object   11161      strumu    40.0  28.11579 +22.10000 /data/raw/bok/u/201512/J7370/good/d7370.0153.fits
0154 object   10800      strumu     3.0  28.81871 +21.30003 /data/raw/bok/u/201512/J7370/good/d7370.0154.fits
0155 object   10800      strumu    40.0  28.81879 +21.30000 /data/raw/bok/u/201512/J7370/good/d7370.0155.fits
0156 object   11162      strumu     3.0  28.97917 +22.09992 /data/raw/bok/u/201512/J7370/good/d7370.0156.fits
0157 object   11162      strumu    40.0  28.97917 +22.10000 /data/raw/bok/u/201512/J7370/good/d7370.0157.fits
0158 object   10801      strumu     3.0  29.67717 +21.30011 /data/raw/bok/u/201512/J7370/good/d7370.0158.fits
0159 object   10801      strumu    40.0  29.67708 +21.30000 /data/raw/bok/u/201512/J7370/good/d7370.0159.fits
0160 object   10802      strumu     3.0  30.53575 +21.29997 /data/raw/bok/u/201512/J7370/good/d7370.0160.fits
0161 object   10802      strumu    40.0  30.53587 +21.30000 /data/raw/bok/u/201512/J7370/good/d7370.0161.fits
0162 object   10803      strumu     3.0  31.39463 +21.29997 /data/raw/bok/u/201512/J7370/good/d7370.0162.fits
0163 object   10803      strumu    40.0  31.39442 +21.30000 /data/raw/bok/u/201512/J7370/good/d7370.0163.fits
0164 object   10804      strumu     3.0  32.25333 +21.29997 /data/raw/bok/u/201512/J7370/good/d7370.0164.fits
0165 object   10804      strumu    40.0  32.25321 +21.30000 /data/raw/bok/u/201512/J7370/good/d7370.0165.fits
0166 object   10805      strumu     3.0  33.11150 +21.29997 /data/raw/bok/u/201512/J7370/good/d7370.0166.fits
0167 object   10805      strumu    40.0  33.11163 +21.30000 /data/raw/bok/u/201512/J7370/good/d7370.0167.fits
0168 object   10806      strumu     3.0  33.97038 +21.29997 /data/raw/bok/u/201512/J7370/good/d7370.0168.fits
0169 object   10806      strumu    40.0  33.97038 +21.30000 /data/raw/bok/u/201512/J7370/good/d7370.0169.fits
0170 object   10807      strumu     3.0  34.82875 +21.29997 /data/raw/bok/u/201512/J7370/good/d7370.0170.fits
0171 object   10807      strumu    40.0  34.82904 +21.30000 /data/raw/bok/u/201512/J7370/good/d7370.0171.fits
0172 object   10808      strumu     3.0  35.68788 +21.29997 /data/raw/bok/u/201512/J7370/good/d7370.0172.fits
0173 object   10808      strumu    40.0  35.68796 +21.30000 /data/raw/bok/u/201512/J7370/good/d7370.0173.fits
0174 object   11170      strumu     3.0  35.88671 +22.09975 /data/raw/bok/u/201512/J7370/good/d7370.0174.fits
0175 object   11170      strumu    40.0  35.88654 +22.10000 /data/raw/bok/u/201512/J7370/good/d7370.0175.fits
0176 object   10809      strumu     3.0  36.54621 +21.30019 /data/raw/bok/u/201512/J7370/good/d7370.0176.fits
0177 object   10809      strumu    40.0  36.54608 +21.30000 /data/raw/bok/u/201512/J7370/good/d7370.0177.fits
0178 object   11171      strumu     3.0  36.75000 +22.09992 /data/raw/bok/u/201512/J7370/good/d7370.0178.fits
0179 object   11171      strumu    40.0  36.74988 +22.10000 /data/raw/bok/u/201512/J7370/good/d7370.0179.fits
0180 object   10810      strumu     3.0  37.40492 +21.30003 /data/raw/bok/u/201512/J7370/good/d7370.0180.fits
0181 object   10810      strumu    40.0  37.40500 +21.30000 /data/raw/bok/u/201512/J7370/good/d7370.0181.fits
0182 object   11172      strumu     3.0  37.61325 +22.09992 /data/raw/bok/u/201512/J7370/good/d7370.0182.fits
0183 object   11172      strumu    40.0  37.61342 +22.10000 /data/raw/bok/u/201512/J7370/good/d7370.0183.fits
0184 object   10811      strumu     3.0  38.26371 +21.30006 /data/raw/bok/u/201512/J7370/good/d7370.0184.fits
0185 object   10811      strumu    40.0  38.26358 +21.30000 /data/raw/bok/u/201512/J7370/good/d7370.0185.fits
0186 object   11173      strumu     3.0  38.47700 +22.09992 /data/raw/bok/u/201512/J7370/good/d7370.0186.fits
0187 object   11173      strumu    40.0  38.47696 +22.10000 /data/raw/bok/u/201512/J7370/good/d7370.0187.fits
0188 object   10812      strumu     3.0  39.12242 +21.30006 /data/raw/bok/u/201512/J7370/good/d7370.0188.fits
0189 object   10812      strumu    40.0  39.12246 +21.30000 /data/raw/bok/u/201512/J7370/good/d7370.0189.fits
0190 object   11174      strumu     3.0  39.34046 +22.09989 /data/raw/bok/u/201512/J7370/good/d7370.0190.fits
0191 object   11174      strumu    40.0  39.34042 +22.10000 /data/raw/bok/u/201512/J7370/good/d7370.0191.fits
0192 object   10813      strumu     3.0  39.98125 +21.30003 /data/raw/bok/u/201512/J7370/good/d7370.0192.fits
0193 object   10813      strumu    40.0  39.98117 +21.30000 /data/raw/bok/u/201512/J7370/good/d7370.0193.fits
0194 object   11175      strumu     3.0  40.20362 +22.09994 /data/raw/bok/u/201512/J7370/good/d7370.0194.fits
0195 object   11175      strumu    40.0  40.20358 +22.10000 /data/raw/bok/u/201512/J7370/good/d7370.0195.fits
0196 object   10814      strumu     3.0  40.83958 +21.30003 /data/raw/bok/u/201512/J7370/good/d7370.0196.fits
0197 object   10814      strumu    40.0  40.83946 +21.30000 /data/raw/bok/u/201512/J7370/good/d7370.0197.fits
0203 object   11198      strumu     3.0  60.06287 +22.10000 /data/raw/bok/u/201512/J7370/good/d7370.0203.fits
0204 object   11198      strumu    40.0  60.06275 +22.10000 /data/raw/bok/u/201512/J7370/good/d7370.0204.fits
0205 object   11559      strumu     3.0  60.41117 +22.89981 /data/raw/bok/u/201512/J7370/good/d7370.0205.fits
0206 object   11559      strumu    40.0  60.41113 +22.89997 /data/raw/bok/u/201512/J7370/good/d7370.0206.fits
0207 object   11199      strumu     3.0  60.92621 +22.10003 /data/raw/bok/u/201512/J7370/good/d7370.0207.fits
0208 object   11199      strumu    40.0  60.92604 +22.10000 /data/raw/bok/u/201512/J7370/good/d7370.0208.fits
0209 object   11560      strumu     3.0  61.27954 +22.89989 /data/raw/bok/u/201512/J7370/good/d7370.0209.fits
0210 object   11560      strumu    40.0  61.27946 +22.89997 /data/raw/bok/u/201512/J7370/good/d7370.0210.fits
0211 object   11200      strumu     3.0  61.78967 +22.10017 /data/raw/bok/u/201512/J7370/good/d7370.0211.fits
0212 object   11200      strumu    40.0  61.78946 +22.10000 /data/raw/bok/u/201512/J7370/good/d7370.0212.fits
0213 object   11561      strumu     3.0  62.14829 +22.89992 /data/raw/bok/u/201512/J7370/good/d7370.0213.fits
0214 object   11561      strumu    40.0  62.14821 +22.89997 /data/raw/bok/u/201512/J7370/good/d7370.0214.fits
0215 object   11201      strumu     3.0  62.65338 +22.10011 /data/raw/bok/u/201512/J7370/good/d7370.0215.fits
0216 object   11201      strumu    40.0  62.65329 +22.10000 /data/raw/bok/u/201512/J7370/good/d7370.0216.fits
0217 object   11562      strumu     3.0  63.01658 +22.89989 /data/raw/bok/u/201512/J7370/good/d7370.0217.fits
0218 object   11562      strumu    40.0  63.01654 +22.89997 /data/raw/bok/u/201512/J7370/good/d7370.0218.fits
0219 object   11202      strumu     3.0  63.51663 +22.10025 /data/raw/bok/u/201512/J7370/good/d7370.0219.fits
0220 object   11202      strumu    40.0  63.51663 +22.10003 /data/raw/bok/u/201512/J7370/good/d7370.0220.fits
0221 object   11563      strumu     3.0  63.88504 +22.89992 /data/raw/bok/u/201512/J7370/good/d7370.0221.fits
0222 object   11563      strumu    40.0  63.88492 +22.89997 /data/raw/bok/u/201512/J7370/good/d7370.0222.fits
0223 object   11203      strumu     3.0  64.38000 +22.10006 /data/raw/bok/u/201512/J7370/good/d7370.0223.fits
0224 object   11203      strumu    40.0  64.37992 +22.10000 /data/raw/bok/u/201512/J7370/good/d7370.0224.fits
0225 object   11564      strumu     3.0  64.75329 +22.89989 /data/raw/bok/u/201512/J7370/good/d7370.0225.fits
0226 object   11564      strumu    40.0  64.75321 +22.89997 /data/raw/bok/u/201512/J7370/good/d7370.0226.fits
0227 object   11204      strumu     3.0  65.24329 +22.10025 /data/raw/bok/u/201512/J7370/good/d7370.0227.fits
0228 object   11204      strumu    40.0  65.24325 +22.10000 /data/raw/bok/u/201512/J7370/good/d7370.0228.fits
0229 object   11565      strumu     3.0  65.62204 +22.89986 /data/raw/bok/u/201512/J7370/good/d7370.0229.fits
0230 object   11565      strumu    40.0  65.62200 +22.89997 /data/raw/bok/u/201512/J7370/good/d7370.0230.fits
0231 object   11566      strumu     3.0  66.49038 +22.89994 /data/raw/bok/u/201512/J7370/good/d7370.0231.fits
0232 object   11566      strumu    40.0  66.49038 +22.89997 /data/raw/bok/u/201512/J7370/good/d7370.0232.fits
0233 object   11567      strumu     3.0  67.35867 +22.89994 /data/raw/bok/u/201512/J7370/good/d7370.0233.fits
0234 object   11567      strumu    40.0  67.35871 +22.89997 /data/raw/bok/u/201512/J7370/good/d7370.0234.fits
0235 object   11568      strumu     3.0  68.22750 +22.89994 /data/raw/bok/u/201512/J7370/good/d7370.0235.fits
0236 object   11568      strumu    40.0  68.22733 +22.89997 /data/raw/bok/u/201512/J7370/good/d7370.0236.fits
0237 object   11569      strumu     3.0  69.09587 +22.89994 /data/raw/bok/u/201512/J7370/good/d7370.0237.fits
0238 object   11569      strumu    40.0  69.09571 +22.89997 /data/raw/bok/u/201512/J7370/good/d7370.0238.fits
0239 object   11570      strumu     3.0  69.96404 +22.89994 /data/raw/bok/u/201512/J7370/good/d7370.0239.fits
0240 object   11570      strumu    40.0  69.96396 +22.89997 /data/raw/bok/u/201512/J7370/good/d7370.0240.fits
0241 object   11571      strumu     3.0  70.83233 +22.89994 /data/raw/bok/u/201512/J7370/good/d7370.0241.fits
0242 object   11571      strumu    40.0  70.83242 +22.89997 /data/raw/bok/u/201512/J7370/good/d7370.0242.fits
0243 object   11572      strumu     3.0  71.70121 +22.89994 /data/raw/bok/u/201512/J7370/good/d7370.0243.fits
0244 object   11572      strumu    40.0  71.70113 +22.90000 /data/raw/bok/u/201512/J7370/good/d7370.0244.fits
0245 object   11573      strumu     3.0  72.56942 +22.89994 /data/raw/bok/u/201512/J7370/good/d7370.0245.fits
0246 object   11573      strumu    40.0  72.56958 +22.89997 /data/raw/bok/u/201512/J7370/good/d7370.0246.fits
0247 object   11574      strumu     3.0  73.43787 +22.89994 /data/raw/bok/u/201512/J7370/good/d7370.0247.fits
0248 object   11574      strumu    40.0  73.43787 +22.89997 /data/raw/bok/u/201512/J7370/good/d7370.0248.fits
0249 object   11575      strumu     3.0  74.30617 +22.89994 /data/raw/bok/u/201512/J7370/good/d7370.0249.fits
0250 object   11575      strumu    40.0  74.30612 +22.89997 /data/raw/bok/u/201512/J7370/good/d7370.0250.fits
0251 object   11576      strumu     3.0  75.17488 +22.89994 /data/raw/bok/u/201512/J7370/good/d7370.0251.fits
0252 object   11576      strumu    40.0  75.17496 +22.89997 /data/raw/bok/u/201512/J7370/good/d7370.0252.fits
0253 object   11577      strumu     3.0  76.04337 +22.89994 /data/raw/bok/u/201512/J7370/good/d7370.0253.fits
0254 object   11577      strumu    40.0  76.04329 +22.89997 /data/raw/bok/u/201512/J7370/good/d7370.0254.fits
0255 object   11578      strumu     3.0  76.91167 +22.89997 /data/raw/bok/u/201512/J7370/good/d7370.0255.fits
0256 object   11578      strumu    40.0  76.91150 +22.90000 /data/raw/bok/u/201512/J7370/good/d7370.0256.fits
0257 object   11579      strumu     3.0 102.96479 +22.89997 /data/raw/bok/u/201512/J7370/good/d7370.0257.fits
0267 object   11579      strumu     3.0 102.96475 +22.89997 /data/raw/bok/u/201512/J7370/good/d7370.0267.fits
0268 object   11579      strumu    40.0 102.96483 +22.89994 /data/raw/bok/u/201512/J7370/good/d7370.0268.fits
0269 object   11580      strumu     3.0 103.83367 +22.89997 /data/raw/bok/u/201512/J7370/good/d7370.0269.fits
0270 object   11580      strumu    40.0 103.83371 +22.89997 /data/raw/bok/u/201512/J7370/good/d7370.0270.fits
0271 object   11581      strumu     3.0 104.70192 +22.89997 /data/raw/bok/u/201512/J7370/good/d7370.0271.fits
0272 object   11581      strumu    40.0 104.70200 +22.89997 /data/raw/bok/u/201512/J7370/good/d7370.0272.fits
0273 object   11582      strumu     3.0 105.57033 +22.89997 /data/raw/bok/u/201512/J7370/good/d7370.0273.fits
0274 object   11582      strumu    40.0 105.57021 +22.89997 /data/raw/bok/u/201512/J7370/good/d7370.0274.fits
0275 object   11583      strumu     3.0 106.43850 +22.89997 /data/raw/bok/u/201512/J7370/good/d7370.0275.fits
0276 object   11583      strumu    40.0 106.43875 +22.89997 /data/raw/bok/u/201512/J7370/good/d7370.0276.fits
0277 object   11584      strumu     3.0 107.30742 +22.89997 /data/raw/bok/u/201512/J7370/good/d7370.0277.fits
0278 object   11584      strumu    40.0 107.30725 +22.89997 /data/raw/bok/u/201512/J7370/good/d7370.0278.fits
0279 object   11585      strumu     3.0 108.17571 +22.89994 /data/raw/bok/u/201512/J7370/good/d7370.0279.fits
0280 object   11585      strumu    40.0 108.17567 +22.89997 /data/raw/bok/u/201512/J7370/good/d7370.0280.fits
0281 object   11586      strumu     3.0 109.04400 +22.89994 /data/raw/bok/u/201512/J7370/good/d7370.0281.fits
0282 object   11586      strumu    40.0 109.04404 +22.89997 /data/raw/bok/u/201512/J7370/good/d7370.0282.fits
0283 object   11587      strumu     3.0 109.91283 +22.89994 /data/raw/bok/u/201512/J7370/good/d7370.0283.fits
0284 object   11587      strumu    40.0 109.91275 +22.89997 /data/raw/bok/u/201512/J7370/good/d7370.0284.fits
0285 object   11588      strumu     3.0 110.78100 +22.89997 /data/raw/bok/u/201512/J7370/good/d7370.0285.fits
0286 object   11588      strumu    40.0 110.78121 +22.89994 /data/raw/bok/u/201512/J7370/good/d7370.0286.fits
0287 object   11589      strumu     3.0 111.64938 +22.89997 /data/raw/bok/u/201512/J7370/good/d7370.0287.fits
0288 object   11589      strumu    40.0 111.64942 +22.89997 /data/raw/bok/u/201512/J7370/good/d7370.0288.fits
0289 object   11590      strumu     3.0 112.51758 +22.89997 /data/raw/bok/u/201512/J7370/good/d7370.0289.fits
0290 object   11590      strumu    40.0 112.51767 +22.89997 /data/raw/bok/u/201512/J7370/good/d7370.0290.fits
0291 object   11591      strumu     3.0 113.38617 +22.89997 /data/raw/bok/u/201512/J7370/good/d7370.0291.fits
0292 object   11591      strumu    40.0 113.38667 +22.89997 /data/raw/bok/u/201512/J7370/good/d7370.0292.fits
0293 object   11948      strumu     3.0 114.07033 +23.69992 /data/raw/bok/u/201512/J7370/good/d7370.0293.fits
0294 object   11948      strumu    40.0 114.07033 +23.70000 /data/raw/bok/u/201512/J7370/good/d7370.0294.fits
0295 object   11592      strumu     3.0 114.25483 +22.90017 /data/raw/bok/u/201512/J7370/good/d7370.0295.fits
0296 object   11592      strumu    40.0 114.25492 +22.89994 /data/raw/bok/u/201512/J7370/good/d7370.0296.fits
0297 object   11949      strumu     3.0 114.94404 +23.69994 /data/raw/bok/u/201512/J7370/good/d7370.0297.fits
0298 object   11949      strumu    40.0 114.94388 +23.70000 /data/raw/bok/u/201512/J7370/good/d7370.0298.fits
0299 object   11593      strumu     3.0 115.12329 +22.90014 /data/raw/bok/u/201512/J7370/good/d7370.0299.fits
0300 object   11593      strumu    40.0 115.12313 +22.89997 /data/raw/bok/u/201512/J7370/good/d7370.0300.fits
0301 object   11950      strumu     3.0 115.81783 +23.69992 /data/raw/bok/u/201512/J7370/good/d7370.0301.fits
0302 object   11950      strumu    40.0 115.81771 +23.70000 /data/raw/bok/u/201512/J7370/good/d7370.0302.fits
0303 object   11594      strumu     3.0 115.99146 +22.90017 /data/raw/bok/u/201512/J7370/good/d7370.0303.fits
0304 object   11594      strumu    40.0 115.99150 +22.89997 /data/raw/bok/u/201512/J7370/good/d7370.0304.fits
0305 object   11951      strumu     3.0 116.69167 +23.69989 /data/raw/bok/u/201512/J7370/good/d7370.0305.fits
0306 object   11951      strumu    40.0 116.69150 +23.70000 /data/raw/bok/u/201512/J7370/good/d7370.0306.fits
0307 object   11595      strumu     3.0 116.86029 +22.90000 /data/raw/bok/u/201512/J7370/good/d7370.0307.fits
0308 object   11595      strumu    40.0 116.86025 +22.89997 /data/raw/bok/u/201512/J7370/good/d7370.0308.fits
0309 object   11952      strumu     3.0 117.56492 +23.69989 /data/raw/bok/u/201512/J7370/good/d7370.0309.fits
0310 object   11952      strumu    40.0 117.56479 +23.70000 /data/raw/bok/u/201512/J7370/good/d7370.0310.fits
0311 object   11596      strumu     3.0 117.72862 +22.90014 /data/raw/bok/u/201512/J7370/good/d7370.0311.fits
0312 object   11596      strumu    40.0 117.72862 +22.89997 /data/raw/bok/u/201512/J7370/good/d7370.0312.fits
0313 object   11953      strumu     3.0 118.43871 +23.69969 /data/raw/bok/u/201512/J7370/good/d7370.0313.fits
0314 object   11953      strumu    40.0 118.43858 +23.69997 /data/raw/bok/u/201512/J7370/good/d7370.0314.fits
0315 object   11597      strumu     3.0 118.59696 +22.90006 /data/raw/bok/u/201512/J7370/good/d7370.0315.fits
0316 object   11597      strumu    40.0 118.59692 +22.89997 /data/raw/bok/u/201512/J7370/good/d7370.0316.fits
0317 object   11954      strumu     3.0 119.31229 +23.69992 /data/raw/bok/u/201512/J7370/good/d7370.0317.fits
0318 object   11954      strumu    40.0 119.31242 +23.70000 /data/raw/bok/u/201512/J7370/good/d7370.0318.fits
0319 object   11598      strumu     3.0 119.46567 +22.90003 /data/raw/bok/u/201512/J7370/good/d7370.0319.fits
0320 object   11598      strumu    40.0 119.46571 +22.89994 /data/raw/bok/u/201512/J7370/good/d7370.0320.fits
0321 object   11599      strumu     3.0 120.33379 +22.89994 /data/raw/bok/u/201512/J7370/good/d7370.0321.fits
0322 object   11599      strumu    40.0 120.33413 +22.89997 /data/raw/bok/u/201512/J7370/good/d7370.0322.fits
0323 object   11240      strumu     3.0 120.50367 +22.10011 /data/raw/bok/u/201512/J7370/good/d7370.0323.fits
0324 object   11240      strumu    40.0 120.50354 +22.10000 /data/raw/bok/u/201512/J7370/good/d7370.0324.fits
0325 object   11600      strumu     3.0 121.20250 +22.89983 /data/raw/bok/u/201512/J7370/good/d7370.0325.fits
0326 object   11600      strumu    40.0 121.20242 +22.89997 /data/raw/bok/u/201512/J7370/good/d7370.0326.fits
0327 object   11241      strumu     3.0 121.36687 +22.10011 /data/raw/bok/u/201512/J7370/good/d7370.0327.fits
0328 object   11241      strumu    40.0 121.36700 +22.10000 /data/raw/bok/u/201512/J7370/good/d7370.0328.fits
0329 object   11601      strumu     3.0 122.07071 +22.89978 /data/raw/bok/u/201512/J7370/good/d7370.0329.fits
0330 object   11601      strumu    40.0 122.07075 +22.89997 /data/raw/bok/u/201512/J7370/good/d7370.0330.fits
0331 object   11242      strumu     3.0 122.23037 +22.10011 /data/raw/bok/u/201512/J7370/good/d7370.0331.fits
0332 object   11242      strumu    40.0 122.23033 +22.10000 /data/raw/bok/u/201512/J7370/good/d7370.0332.fits
0333 object   11602      strumu     3.0 122.93946 +22.89989 /data/raw/bok/u/201512/J7370/good/d7370.0333.fits
0334 object   11602      strumu    40.0 122.93937 +22.89997 /data/raw/bok/u/201512/J7370/good/d7370.0334.fits
0335 object   11243      strumu     3.0 123.09367 +22.10017 /data/raw/bok/u/201512/J7370/good/d7370.0335.fits
0336 object   11243      strumu    40.0 123.09354 +22.10000 /data/raw/bok/u/201512/J7370/good/d7370.0336.fits
0337 object   11603      strumu     3.0 123.80779 +22.89978 /data/raw/bok/u/201512/J7370/good/d7370.0337.fits
0338 object   11603      strumu    40.0 123.80771 +22.89997 /data/raw/bok/u/201512/J7370/good/d7370.0338.fits
0339 object   11244      strumu     3.0 123.95729 +22.10003 /data/raw/bok/u/201512/J7370/good/d7370.0339.fits
0340 object   11244      strumu    40.0 123.95742 +22.09997 /data/raw/bok/u/201512/J7370/good/d7370.0340.fits
0341 object   11604      strumu     3.0 124.67617 +22.89986 /data/raw/bok/u/201512/J7370/good/d7370.0341.fits
0342 object   11604      strumu    40.0 124.67600 +22.89997 /data/raw/bok/u/201512/J7370/good/d7370.0342.fits
0343 object   11245      strumu     3.0 124.82067 +22.10022 /data/raw/bok/u/201512/J7370/good/d7370.0343.fits
0344 object   11245      strumu    40.0 124.82062 +22.10000 /data/raw/bok/u/201512/J7370/good/d7370.0344.fits
0345 object   11605      strumu     3.0 125.54450 +22.89989 /data/raw/bok/u/201512/J7370/good/d7370.0345.fits
0346 object   11605      strumu    40.0 125.54450 +22.89997 /data/raw/bok/u/201512/J7370/good/d7370.0346.fits
0347 object   11246      strumu     3.0 125.68408 +22.10019 /data/raw/bok/u/201512/J7370/good/d7370.0347.fits
0348 object   11246      strumu    40.0 125.68404 +22.10000 /data/raw/bok/u/201512/J7370/good/d7370.0348.fits
0349 object   11606      strumu     3.0 126.41329 +22.89989 /data/raw/bok/u/201512/J7370/good/d7370.0349.fits
0350 object   11606      strumu    40.0 126.41321 +22.89997 /data/raw/bok/u/201512/J7370/good/d7370.0350.fits
0351 object   11247      strumu     3.0 126.54729 +22.10011 /data/raw/bok/u/201512/J7370/good/d7370.0351.fits
0352 object   11247      strumu    40.0 126.54725 +22.10000 /data/raw/bok/u/201512/J7370/good/d7370.0352.fits
0353 object   11607      strumu     3.0 127.28150 +22.89981 /data/raw/bok/u/201512/J7370/good/d7370.0353.fits
0354 object   11607      strumu    40.0 127.28142 +22.89994 /data/raw/bok/u/201512/J7370/good/d7370.0354.fits
0355 object   11248      strumu     3.0 127.41121 +22.10014 /data/raw/bok/u/201512/J7370/good/d7370.0355.fits
0356 object   11248      strumu    40.0 127.41100 +22.10000 /data/raw/bok/u/201512/J7370/good/d7370.0356.fits
0357 object   11608      strumu     3.0 128.14996 +22.89989 /data/raw/bok/u/201512/J7370/good/d7370.0357.fits
0358 object   11608      strumu    40.0 128.14992 +22.89997 /data/raw/bok/u/201512/J7370/good/d7370.0358.fits
0359 object   11249      strumu     3.0 128.27450 +22.10006 /data/raw/bok/u/201512/J7370/good/d7370.0359.fits
0360 object   11249      strumu    40.0 128.27438 +22.09997 /data/raw/bok/u/201512/J7370/good/d7370.0360.fits
0361 object   11609      strumu     3.0 129.01879 +22.89983 /data/raw/bok/u/201512/J7370/good/d7370.0361.fits
0362 object   11609      strumu    40.0 129.01867 +22.89997 /data/raw/bok/u/201512/J7370/good/d7370.0362.fits
0363 object   11250      strumu     3.0 129.13783 +22.10008 /data/raw/bok/u/201512/J7370/good/d7370.0363.fits
0364 object   11250      strumu    40.0 129.13779 +22.10000 /data/raw/bok/u/201512/J7370/good/d7370.0364.fits
0366 object   11251      strumu     3.0 130.00108 +22.10008 /data/raw/bok/u/201512/J7370/good/d7370.0366.fits
0367 object   11251      strumu    40.0 130.00096 +22.10000 /data/raw/bok/u/201512/J7370/good/d7370.0367.fits
0368 object   11611      strumu     3.0 130.75529 +22.89992 /data/raw/bok/u/201512/J7370/good/d7370.0368.fits
0369 object   11611      strumu    40.0 130.75537 +22.89997 /data/raw/bok/u/201512/J7370/good/d7370.0369.fits
0370 object   11252      strumu     3.0 130.86483 +22.10028 /data/raw/bok/u/201512/J7370/good/d7370.0370.fits
0371 object   11252      strumu    40.0 130.86492 +22.10000 /data/raw/bok/u/201512/J7370/good/d7370.0371.fits
0372 object   11612      strumu     3.0 131.62354 +22.89983 /data/raw/bok/u/201512/J7370/good/d7370.0372.fits
0373 object   11612      strumu    40.0 131.62350 +22.89997 /data/raw/bok/u/201512/J7370/good/d7370.0373.fits
0374 object   11253      strumu     3.0 131.72817 +22.10014 /data/raw/bok/u/201512/J7370/good/d7370.0374.fits
0375 object   11253      strumu    40.0 131.72821 +22.09997 /data/raw/bok/u/201512/J7370/good/d7370.0375.fits
0376 object   10891      strumu     3.0 131.85692 +21.30000 /data/raw/bok/u/201512/J7370/good/d7370.0376.fits
0377 object   10891      strumu    40.0 131.85688 +21.29997 /data/raw/bok/u/201512/J7370/good/d7370.0377.fits
0378 object   11613      strumu     3.0 132.49237 +22.89989 /data/raw/bok/u/201512/J7370/good/d7370.0378.fits
0379 object   11613      strumu    40.0 132.49237 +22.89997 /data/raw/bok/u/201512/J7370/good/d7370.0379.fits
0380 object   11254      strumu     3.0 132.59154 +22.10011 /data/raw/bok/u/201512/J7370/good/d7370.0380.fits
0381 object   11254      strumu    40.0 132.59163 +22.10000 /data/raw/bok/u/201512/J7370/good/d7370.0381.fits
0382 object   10892      strumu     3.0 132.71579 +21.30011 /data/raw/bok/u/201512/J7370/good/d7370.0382.fits
0383 object   10892      strumu    40.0 132.71567 +21.29997 /data/raw/bok/u/201512/J7370/good/d7370.0383.fits
0384 object   11614      strumu     3.0 133.36075 +22.89983 /data/raw/bok/u/201512/J7370/good/d7370.0384.fits
0385 object   11614      strumu    40.0 133.36071 +22.89997 /data/raw/bok/u/201512/J7370/good/d7370.0385.fits
0386 object   11255      strumu     3.0 133.45496 +22.10011 /data/raw/bok/u/201512/J7370/good/d7370.0386.fits
0387 object   11255      strumu    40.0 133.45496 +22.10000 /data/raw/bok/u/201512/J7370/good/d7370.0387.fits
0388 object   10893      strumu     3.0 133.57413 +21.30008 /data/raw/bok/u/201512/J7370/good/d7370.0388.fits
0389 object   10893      strumu    40.0 133.57396 +21.30000 /data/raw/bok/u/201512/J7370/good/d7370.0389.fits
0390 object   11615      strumu     3.0 134.22908 +22.89989 /data/raw/bok/u/201512/J7370/good/d7370.0390.fits
0391 object   11615      strumu    40.0 134.22904 +22.89997 /data/raw/bok/u/201512/J7370/good/d7370.0391.fits
0392 object   11256      strumu     3.0 134.31867 +22.10014 /data/raw/bok/u/201512/J7370/good/d7370.0392.fits
0393 object   11256      strumu    40.0 134.31871 +22.10000 /data/raw/bok/u/201512/J7370/good/d7370.0393.fits
0394 object   10894      strumu     3.0 134.43279 +21.30000 /data/raw/bok/u/201512/J7370/good/d7370.0394.fits
0395 object   10894      strumu    40.0 134.43292 +21.30000 /data/raw/bok/u/201512/J7370/good/d7370.0395.fits
0396 object   11616      strumu     3.0 135.09746 +22.89989 /data/raw/bok/u/201512/J7370/good/d7370.0396.fits
0397 object   11616      strumu    40.0 135.09742 +22.89997 /data/raw/bok/u/201512/J7370/good/d7370.0397.fits
0398 object   11257      strumu     3.0 135.18200 +22.10008 /data/raw/bok/u/201512/J7370/good/d7370.0398.fits
0399 object   11257      strumu    40.0 135.18192 +22.10000 /data/raw/bok/u/201512/J7370/good/d7370.0399.fits
0400 object   10895      strumu     3.0 135.29146 +21.30017 /data/raw/bok/u/201512/J7370/good/d7370.0400.fits
0401 object   10895      strumu    40.0 135.29158 +21.30000 /data/raw/bok/u/201512/J7370/good/d7370.0401.fits
0402 object   11617      strumu     3.0 135.96617 +22.89975 /data/raw/bok/u/201512/J7370/good/d7370.0402.fits
0404 object   11617      strumu     3.0 135.96617 +22.89997 /data/raw/bok/u/201512/J7370/good/d7370.0404.fits
0405 object   11617      strumu    40.0 135.96608 +22.89994 /data/raw/bok/u/201512/J7370/good/d7370.0405.fits
0406 object   11258      strumu     3.0 136.04546 +22.10017 /data/raw/bok/u/201512/J7370/good/d7370.0406.fits
0407 object   11258      strumu    40.0 136.04537 +22.10000 /data/raw/bok/u/201512/J7370/good/d7370.0407.fits
0408 object   10896      strumu     3.0 136.15029 +21.30006 /data/raw/bok/u/201512/J7370/good/d7370.0408.fits
0409 object   10896      strumu    40.0 136.15042 +21.30000 /data/raw/bok/u/201512/J7370/good/d7370.0409.fits
0410 object   11618      strumu     3.0 136.83458 +22.89983 /data/raw/bok/u/201512/J7370/good/d7370.0410.fits
0411 object   11618      strumu    40.0 136.83446 +22.89997 /data/raw/bok/u/201512/J7370/good/d7370.0411.fits
0412 object   11259      strumu     3.0 136.90863 +22.10028 /data/raw/bok/u/201512/J7370/good/d7370.0412.fits
0413 object   11259      strumu    40.0 136.90863 +22.10000 /data/raw/bok/u/201512/J7370/good/d7370.0413.fits
0414 object   10897      strumu     3.0 137.00871 +21.30014 /data/raw/bok/u/201512/J7370/good/d7370.0414.fits
0415 object   10897      strumu    40.0 137.00862 +21.29997 /data/raw/bok/u/201512/J7370/good/d7370.0415.fits
0416 object   11619      strumu     3.0 137.70279 +22.89989 /data/raw/bok/u/201512/J7370/good/d7370.0416.fits
0417 object   11619      strumu    40.0 137.70283 +22.89997 /data/raw/bok/u/201512/J7370/good/d7370.0417.fits
0418 object   11260      strumu     3.0 137.77242 +22.10028 /data/raw/bok/u/201512/J7370/good/d7370.0418.fits
0419 object   11260      strumu    40.0 137.77242 +22.10000 /data/raw/bok/u/201512/J7370/good/d7370.0419.fits
0420 object   10905      strumu     3.0 143.87817 +21.30000 /data/raw/bok/u/201512/J7370/good/d7370.0420.fits
0421 object   10905      strumu    40.0 143.87808 +21.30000 /data/raw/bok/u/201512/J7370/good/d7370.0421.fits
0422 object   11268      strumu     3.0 144.67987 +22.09981 /data/raw/bok/u/201512/J7370/good/d7370.0422.fits
0423 object   11268      strumu    40.0 144.67987 +22.10000 /data/raw/bok/u/201512/J7370/good/d7370.0423.fits
0424 object   10906      strumu     3.0 144.73662 +21.30014 /data/raw/bok/u/201512/J7370/good/d7370.0424.fits
0425 object   10906      strumu    40.0 144.73650 +21.30000 /data/raw/bok/u/201512/J7370/good/d7370.0425.fits
0426 object   11269      strumu     3.0 145.54325 +22.09992 /data/raw/bok/u/201512/J7370/good/d7370.0426.fits
0427 object   11269      strumu    40.0 145.54312 +22.10000 /data/raw/bok/u/201512/J7370/good/d7370.0427.fits
0428 object   10907      strumu     3.0 145.59537 +21.30011 /data/raw/bok/u/201512/J7370/good/d7370.0428.fits
0429 object   10907      strumu    40.0 145.59521 +21.30000 /data/raw/bok/u/201512/J7370/good/d7370.0429.fits
0430 object   11270      strumu     3.0 146.40650 +22.09983 /data/raw/bok/u/201512/J7370/good/d7370.0430.fits
0431 object   11270      strumu    40.0 146.40650 +22.09997 /data/raw/bok/u/201512/J7370/good/d7370.0431.fits
0432 object   10908      strumu     3.0 146.45396 +21.30006 /data/raw/bok/u/201512/J7370/good/d7370.0432.fits
0433 object   10908      strumu    40.0 146.45408 +21.30000 /data/raw/bok/u/201512/J7370/good/d7370.0433.fits
0434 object   11271      strumu     3.0 147.26992 +22.09989 /data/raw/bok/u/201512/J7370/good/d7370.0434.fits
0435 object   11271      strumu    40.0 147.26987 +22.10000 /data/raw/bok/u/201512/J7370/good/d7370.0435.fits
0436 object   10909      strumu     3.0 147.31283 +21.30008 /data/raw/bok/u/201512/J7370/good/d7370.0436.fits
0437 object   10909      strumu    40.0 147.31275 +21.30000 /data/raw/bok/u/201512/J7370/good/d7370.0437.fits
0438 object   11272      strumu     3.0 148.13375 +22.09986 /data/raw/bok/u/201512/J7370/good/d7370.0438.fits
0439 object   11272      strumu    40.0 148.13363 +22.10000 /data/raw/bok/u/201512/J7370/good/d7370.0439.fits
0440 object   10910      strumu     3.0 148.17113 +21.30006 /data/raw/bok/u/201512/J7370/good/d7370.0440.fits
0441 object   10910      strumu    40.0 148.17113 +21.30000 /data/raw/bok/u/201512/J7370/good/d7370.0441.fits
0442 object   11273      strumu     3.0 148.99700 +22.09989 /data/raw/bok/u/201512/J7370/good/d7370.0442.fits
0443 object   11273      strumu    40.0 148.99708 +22.10000 /data/raw/bok/u/201512/J7370/good/d7370.0443.fits
0444 object   10911      strumu     3.0 149.03004 +21.30003 /data/raw/bok/u/201512/J7370/good/d7370.0444.fits
0445 object   10911      strumu    40.0 149.02996 +21.30003 /data/raw/bok/u/201512/J7370/good/d7370.0445.fits
0446 object   11274      strumu     3.0 149.86029 +22.09989 /data/raw/bok/u/201512/J7370/good/d7370.0446.fits
0447 object   11274      strumu    40.0 149.86025 +22.10000 /data/raw/bok/u/201512/J7370/good/d7370.0447.fits
0448 object   13763      strumu     3.0 180.31513 +27.70006 /data/raw/bok/u/201512/J7370/good/d7370.0448.fits
0449 object   13763      strumu    40.0 180.31533 +27.70000 /data/raw/bok/u/201512/J7370/good/d7370.0449.fits
0096 object   10762      strumv     3.0 356.63500 +20.49997 /data/raw/bok/v/201512/J7370/good/d7370.0096.fits
0097 object   10762      strumv    40.0 356.63492 +20.50000 /data/raw/bok/v/201512/J7370/good/d7370.0097.fits
0098 object   11129      strumv     3.0   0.48579 +22.10000 /data/raw/bok/v/201512/J7370/good/d7370.0098.fits
0099 object   11129      strumv    40.0   0.48575 +22.10003 /data/raw/bok/v/201512/J7370/good/d7370.0099.fits
0198 object   11175      strumv     3.0  40.20362 +22.09986 /data/raw/bok/v/201512/J7370/good/d7370.0198.fits
0199 object   11175      strumv    40.0  40.20358 +22.10000 /data/raw/bok/v/201512/J7370/good/d7370.0199.fits
0200 object   10814      strumv     3.0  40.83950 +21.30006 /data/raw/bok/v/201512/J7370/good/d7370.0200.fits
0201 object   10814      strumv    40.0  40.83950 +21.30000 /data/raw/bok/v/201512/J7370/good/d7370.0201.fits
0261 object   11579      strumv     3.0 102.96488 +22.89997 /data/raw/bok/v/201512/J7370/good/d7370.0261.fits
0262 object   11579      strumv    40.0 102.96479 +22.89997 /data/raw/bok/v/201512/J7370/good/d7370.0262.fits
0263 object   11580      strumv     3.0 103.83346 +22.89997 /data/raw/bok/v/201512/J7370/good/d7370.0263.fits
0264 object   11580      strumv    40.0 103.83358 +22.89994 /data/raw/bok/v/201512/J7370/good/d7370.0264.fits
0265 object   11581      strumv     3.0 104.70188 +22.89994 /data/raw/bok/v/201512/J7370/good/d7370.0265.fits
0266 object   11581      strumv    40.0 104.70200 +22.89994 /data/raw/bok/v/201512/J7370/good/d7370.0266.fits
