0023 object   10763      strumu     3.0 357.48925 +20.50000 /data/raw/bok/u/201512/J7362/good/d7362.0023.fits
0024 object   10763      strumu    40.0 357.48908 +20.50000 /data/raw/bok/u/201512/J7362/good/d7362.0024.fits
0025 object   10764      strumu     3.0 358.34279 +20.49997 /data/raw/bok/u/201512/J7362/good/d7362.0025.fits
0026 object   10764      strumu    40.0 358.34287 +20.50003 /data/raw/bok/u/201512/J7362/good/d7362.0026.fits
0028 object   10765      strumu     3.0 359.19704 +20.50000 /data/raw/bok/u/201512/J7362/good/d7362.0028.fits
0029 object   10765      strumu    40.0 359.19696 +20.50003 /data/raw/bok/u/201512/J7362/good/d7362.0029.fits
0030 object   10766      strumu     3.0   0.05100 +20.49997 /data/raw/bok/u/201512/J7362/good/d7362.0030.fits
0031 object   10766      strumu    40.0   0.05125 +20.50003 /data/raw/bok/u/201512/J7362/good/d7362.0031.fits
0032 object   10767      strumu     3.0   0.48250 +21.29983 /data/raw/bok/u/201512/J7362/good/d7362.0032.fits
0033 object   10767      strumu    40.0   0.48275 +21.30000 /data/raw/bok/u/201512/J7362/good/d7362.0033.fits
0034 object   11129      strumu     3.0   0.48571 +22.09978 /data/raw/bok/u/201512/J7362/good/d7362.0034.fits
0035 object   11129      strumu    40.0   0.48575 +22.10000 /data/raw/bok/u/201512/J7362/good/d7362.0035.fits
0036 object   10768      strumu     3.0   1.34133 +21.30011 /data/raw/bok/u/201512/J7362/good/d7362.0036.fits
0037 object   10768      strumu    40.0   1.34150 +21.30003 /data/raw/bok/u/201512/J7362/good/d7362.0037.fits
0038 object   11130      strumu     3.0   1.34912 +22.09989 /data/raw/bok/u/201512/J7362/good/d7362.0038.fits
0039 object   11130      strumu    40.0   1.34904 +22.10000 /data/raw/bok/u/201512/J7362/good/d7362.0039.fits
0055 object   10808      strumu     3.0  35.68817 +21.30000 /data/raw/bok/u/201512/J7362/good/d7362.0055.fits
0056 object   10808      strumu    40.0  35.68779 +21.30000 /data/raw/bok/u/201512/J7362/good/d7362.0056.fits
0057 object   10809      strumu     3.0  36.54608 +21.29997 /data/raw/bok/u/201512/J7362/good/d7362.0057.fits
0058 object   10809      strumu    40.0  36.54621 +21.30000 /data/raw/bok/u/201512/J7362/good/d7362.0058.fits
0059 object   10810      strumu     3.0  37.40479 +21.29997 /data/raw/bok/u/201512/J7362/good/d7362.0059.fits
0060 object   10810      strumu    40.0  37.40500 +21.30000 /data/raw/bok/u/201512/J7362/good/d7362.0060.fits
0061 object   10811      strumu     3.0  38.26358 +21.29997 /data/raw/bok/u/201512/J7362/good/d7362.0061.fits
0062 object   10811      strumu    40.0  38.26367 +21.30000 /data/raw/bok/u/201512/J7362/good/d7362.0062.fits
0063 object   10450      strumu     3.0  40.62225 +20.49997 /data/raw/bok/u/201512/J7362/good/d7362.0063.fits
0064 object   10450      strumu    40.0  40.62250 +20.50000 /data/raw/bok/u/201512/J7362/good/d7362.0064.fits
0065 object   10451      strumu     3.0  41.47671 +20.50000 /data/raw/bok/u/201512/J7362/good/d7362.0065.fits
0066 object   10451      strumu    40.0  41.47658 +20.50000 /data/raw/bok/u/201512/J7362/good/d7362.0066.fits
0067 object   10452      strumu     3.0  42.33071 +20.49997 /data/raw/bok/u/201512/J7362/good/d7362.0067.fits
0068 object   10452      strumu    40.0  42.33075 +20.49997 /data/raw/bok/u/201512/J7362/good/d7362.0068.fits
0069 object   10453      strumu     3.0  43.18488 +20.49997 /data/raw/bok/u/201512/J7362/good/d7362.0069.fits
0070 object   10453      strumu    40.0  43.18496 +20.50000 /data/raw/bok/u/201512/J7362/good/d7362.0070.fits
0071 object   10454      strumu     3.0  44.03850 +20.50000 /data/raw/bok/u/201512/J7362/good/d7362.0071.fits
0072 object   10454      strumu    40.0  44.03863 +20.50000 /data/raw/bok/u/201512/J7362/good/d7362.0072.fits
0073 object   10455      strumu     3.0  44.89292 +20.50000 /data/raw/bok/u/201512/J7362/good/d7362.0073.fits
0074 object   10455      strumu    40.0  44.89296 +20.50000 /data/raw/bok/u/201512/J7362/good/d7362.0074.fits
0075 object   10819      strumu     3.0  45.13292 +21.29975 /data/raw/bok/u/201512/J7362/good/d7362.0075.fits
0076 object   10819      strumu    40.0  45.13279 +21.29997 /data/raw/bok/u/201512/J7362/good/d7362.0076.fits
0077 object   10456      strumu     3.0  45.74717 +20.50017 /data/raw/bok/u/201512/J7362/good/d7362.0077.fits
0078 object   10456      strumu    40.0  45.74692 +20.50000 /data/raw/bok/u/201512/J7362/good/d7362.0078.fits
0079 object   10820      strumu     3.0  45.99167 +21.29983 /data/raw/bok/u/201512/J7362/good/d7362.0079.fits
0080 object   10820      strumu    40.0  45.99154 +21.30000 /data/raw/bok/u/201512/J7362/good/d7362.0080.fits
0081 object   10457      strumu     3.0  46.60121 +20.50006 /data/raw/bok/u/201512/J7362/good/d7362.0081.fits
0082 object   10457      strumu    40.0  46.60121 +20.49997 /data/raw/bok/u/201512/J7362/good/d7362.0082.fits
0083 object   10821      strumu     3.0  46.60117 +20.50000 /data/raw/bok/u/201512/J7362/good/d7362.0083.fits
0084 object   10821      strumu    40.0  46.85042 +21.30000 /data/raw/bok/u/201512/J7362/good/d7362.0084.fits
0085 object   10458      strumu     3.0  47.45529 +20.50028 /data/raw/bok/u/201512/J7362/good/d7362.0085.fits
0086 object   10458      strumu    40.0  47.45529 +20.50000 /data/raw/bok/u/201512/J7362/good/d7362.0086.fits
0087 object   10822      strumu     3.0  47.70871 +21.29994 /data/raw/bok/u/201512/J7362/good/d7362.0087.fits
0088 object   10822      strumu    40.0  47.70867 +21.30000 /data/raw/bok/u/201512/J7362/good/d7362.0088.fits
0089 object   10459      strumu     3.0  48.30921 +20.50014 /data/raw/bok/u/201512/J7362/good/d7362.0089.fits
0090 object   10459      strumu    40.0  48.30896 +20.50003 /data/raw/bok/u/201512/J7362/good/d7362.0090.fits
0091 object   10823      strumu     3.0  48.56750 +21.29983 /data/raw/bok/u/201512/J7362/good/d7362.0091.fits
0092 object   10823      strumu    40.0  48.56737 +21.30003 /data/raw/bok/u/201512/J7362/good/d7362.0092.fits
0093 object   10460      strumu     3.0  49.16329 +20.50006 /data/raw/bok/u/201512/J7362/good/d7362.0093.fits
0094 object   10460      strumu    40.0  49.16317 +20.49997 /data/raw/bok/u/201512/J7362/good/d7362.0094.fits
0095 object   10824      strumu     3.0  49.42621 +21.29992 /data/raw/bok/u/201512/J7362/good/d7362.0095.fits
0096 object   10824      strumu    40.0  49.42612 +21.30000 /data/raw/bok/u/201512/J7362/good/d7362.0096.fits
0097 object   10461      strumu     3.0  50.01750 +20.50006 /data/raw/bok/u/201512/J7362/good/d7362.0097.fits
0098 object   10461      strumu    40.0  50.01742 +20.50000 /data/raw/bok/u/201512/J7362/good/d7362.0098.fits
0099 object   10825      strumu     3.0  50.28487 +21.29972 /data/raw/bok/u/201512/J7362/good/d7362.0099.fits
0100 object   10825      strumu    40.0  50.28500 +21.30000 /data/raw/bok/u/201512/J7362/good/d7362.0100.fits
0101 object   10462      strumu     3.0  50.87167 +20.50008 /data/raw/bok/u/201512/J7362/good/d7362.0101.fits
0102 object   10462      strumu    40.0  50.87154 +20.50000 /data/raw/bok/u/201512/J7362/good/d7362.0102.fits
0103 object   10463      strumu     3.0  51.72575 +20.50000 /data/raw/bok/u/201512/J7362/good/d7362.0103.fits
0104 object   10463      strumu    40.0  51.72579 +20.50000 /data/raw/bok/u/201512/J7362/good/d7362.0104.fits
0105 object   10464      strumu     3.0  52.57946 +20.50000 /data/raw/bok/u/201512/J7362/good/d7362.0105.fits
0106 object   10464      strumu    40.0  52.57946 +20.50003 /data/raw/bok/u/201512/J7362/good/d7362.0106.fits
0107 object   10465      strumu     3.0  53.43375 +20.49997 /data/raw/bok/u/201512/J7362/good/d7362.0107.fits
0108 object   10465      strumu    40.0  53.43358 +20.50000 /data/raw/bok/u/201512/J7362/good/d7362.0108.fits
0109 object   10466      strumu     3.0  54.28779 +20.49997 /data/raw/bok/u/201512/J7362/good/d7362.0109.fits
0110 object   10466      strumu    40.0  54.28779 +20.50000 /data/raw/bok/u/201512/J7362/good/d7362.0110.fits
0111 object   10467      strumu     3.0  55.14187 +20.50000 /data/raw/bok/u/201512/J7362/good/d7362.0111.fits
0112 object   10467      strumu    40.0  55.14200 +20.50000 /data/raw/bok/u/201512/J7362/good/d7362.0112.fits
0113 object   10468      strumu     3.0  55.99625 +20.50000 /data/raw/bok/u/201512/J7362/good/d7362.0113.fits
0114 object   10468      strumu    40.0  55.99608 +20.50000 /data/raw/bok/u/201512/J7362/good/d7362.0114.fits
0115 object   10469      strumu     3.0  56.84992 +20.50000 /data/raw/bok/u/201512/J7362/good/d7362.0115.fits
0116 object   10469      strumu    40.0  56.84996 +20.50000 /data/raw/bok/u/201512/J7362/good/d7362.0116.fits
0117 object   10470      strumu     3.0  57.70396 +20.50000 /data/raw/bok/u/201512/J7362/good/d7362.0117.fits
0118 object   10470      strumu    40.0  57.70413 +20.50000 /data/raw/bok/u/201512/J7362/good/d7362.0118.fits
0119 object   10471      strumu     3.0  58.55837 +20.50000 /data/raw/bok/u/201512/J7362/good/d7362.0119.fits
0120 object   10471      strumu    40.0  58.55837 +20.50000 /data/raw/bok/u/201512/J7362/good/d7362.0120.fits
0121 object   10472      strumu     3.0  59.41221 +20.50000 /data/raw/bok/u/201512/J7362/good/d7362.0121.fits
0122 object   10472      strumu    40.0  59.41229 +20.50000 /data/raw/bok/u/201512/J7362/good/d7362.0122.fits
0123 object   10473      strumu     3.0  60.26658 +20.50000 /data/raw/bok/u/201512/J7362/good/d7362.0123.fits
0124 object   10473      strumu    40.0  60.26650 +20.50000 /data/raw/bok/u/201512/J7362/good/d7362.0124.fits
0125 object   10474      strumu     3.0  61.12079 +20.50000 /data/raw/bok/u/201512/J7362/good/d7362.0125.fits
0126 object   10474      strumu    40.0  61.12067 +20.50000 /data/raw/bok/u/201512/J7362/good/d7362.0126.fits
0127 object   10475      strumu     3.0  61.97450 +20.50000 /data/raw/bok/u/201512/J7362/good/d7362.0127.fits
0128 object   10475      strumu    40.0  61.97454 +20.50000 /data/raw/bok/u/201512/J7362/good/d7362.0128.fits
0129 object   10476      strumu     3.0  62.82867 +20.50000 /data/raw/bok/u/201512/J7362/good/d7362.0129.fits
0130 object   10476      strumu    40.0  62.82867 +20.49997 /data/raw/bok/u/201512/J7362/good/d7362.0130.fits
0131 object   10477      strumu     3.0  63.68275 +20.50000 /data/raw/bok/u/201512/J7362/good/d7362.0131.fits
0132 object   10477      strumu    40.0  63.68283 +20.50000 /data/raw/bok/u/201512/J7362/good/d7362.0132.fits
0133 object   10478      strumu     3.0  64.53704 +20.50000 /data/raw/bok/u/201512/J7362/good/d7362.0133.fits
0134 object   10478      strumu    40.0  64.53700 +20.50000 /data/raw/bok/u/201512/J7362/good/d7362.0134.fits
0139 object   10479      strumu     3.0  65.39121 +20.50000 /data/raw/bok/u/201512/J7362/good/d7362.0139.fits
0140 object   10479      strumu    40.0  65.39121 +20.50000 /data/raw/bok/u/201512/J7362/good/d7362.0140.fits
0141 object   11205      strumu     3.0  66.10713 +22.09992 /data/raw/bok/u/201512/J7362/good/d7362.0141.fits
0142 object   11205      strumu    40.0  66.10696 +22.10000 /data/raw/bok/u/201512/J7362/good/d7362.0142.fits
0143 object   10480      strumu     3.0  66.24488 +20.50006 /data/raw/bok/u/201512/J7362/good/d7362.0143.fits
0144 object   10480      strumu    40.0  66.24483 +20.50003 /data/raw/bok/u/201512/J7362/good/d7362.0144.fits
0145 object   11206      strumu     3.0  66.97042 +22.09989 /data/raw/bok/u/201512/J7362/good/d7362.0145.fits
0146 object   11206      strumu    40.0  66.97046 +22.10000 /data/raw/bok/u/201512/J7362/good/d7362.0146.fits
0147 object   10481      strumu     3.0  67.09921 +20.50017 /data/raw/bok/u/201512/J7362/good/d7362.0147.fits
0148 object   10481      strumu    40.0  67.09913 +20.50000 /data/raw/bok/u/201512/J7362/good/d7362.0148.fits
0149 object   11207      strumu     3.0  67.83367 +22.09981 /data/raw/bok/u/201512/J7362/good/d7362.0149.fits
0150 object   11207      strumu    40.0  67.83379 +22.10000 /data/raw/bok/u/201512/J7362/good/d7362.0150.fits
0151 object   10482      strumu     3.0  67.95329 +20.50022 /data/raw/bok/u/201512/J7362/good/d7362.0151.fits
0152 object   10482      strumu    40.0  67.95317 +20.50000 /data/raw/bok/u/201512/J7362/good/d7362.0152.fits
0153 object   11208      strumu     3.0  68.69704 +22.09983 /data/raw/bok/u/201512/J7362/good/d7362.0153.fits
0154 object   11208      strumu    40.0  68.69704 +22.10000 /data/raw/bok/u/201512/J7362/good/d7362.0154.fits
0155 object   10483      strumu     3.0  68.80737 +20.50017 /data/raw/bok/u/201512/J7362/good/d7362.0155.fits
0156 object   10483      strumu    40.0  68.80750 +20.50000 /data/raw/bok/u/201512/J7362/good/d7362.0156.fits
0157 object   11209      strumu     3.0  69.56071 +22.09981 /data/raw/bok/u/201512/J7362/good/d7362.0157.fits
0158 object   11209      strumu    40.0  69.56075 +22.10000 /data/raw/bok/u/201512/J7362/good/d7362.0158.fits
0159 object   10484      strumu     3.0  69.66146 +20.50019 /data/raw/bok/u/201512/J7362/good/d7362.0159.fits
0160 object   10484      strumu    40.0  69.66154 +20.50000 /data/raw/bok/u/201512/J7362/good/d7362.0160.fits
0161 object   11210      strumu     3.0  70.42417 +22.09981 /data/raw/bok/u/201512/J7362/good/d7362.0161.fits
0162 object   11210      strumu    40.0  70.42400 +22.10000 /data/raw/bok/u/201512/J7362/good/d7362.0162.fits
0163 object   11571      strumu     3.0  70.83250 +22.89989 /data/raw/bok/u/201512/J7362/good/d7362.0163.fits
0164 object   11571      strumu    40.0  70.83254 +22.89997 /data/raw/bok/u/201512/J7362/good/d7362.0164.fits
0165 object   11211      strumu     3.0  71.28742 +22.10011 /data/raw/bok/u/201512/J7362/good/d7362.0165.fits
0166 object   11211      strumu    40.0  71.28746 +22.10003 /data/raw/bok/u/201512/J7362/good/d7362.0166.fits
0167 object   11572      strumu     3.0  71.70125 +22.89989 /data/raw/bok/u/201512/J7362/good/d7362.0167.fits
0168 object   11572      strumu    40.0  71.70113 +22.89997 /data/raw/bok/u/201512/J7362/good/d7362.0168.fits
0169 object   11573      strumu     3.0  72.56933 +22.89994 /data/raw/bok/u/201512/J7362/good/d7362.0169.fits
0170 object   11573      strumu    40.0  72.56942 +22.89997 /data/raw/bok/u/201512/J7362/good/d7362.0170.fits
0171 object   11574      strumu     3.0  73.43779 +22.89994 /data/raw/bok/u/201512/J7362/good/d7362.0171.fits
0172 object   11574      strumu    40.0  73.43771 +22.89997 /data/raw/bok/u/201512/J7362/good/d7362.0172.fits
0173 object   11575      strumu     3.0  74.30633 +22.89994 /data/raw/bok/u/201512/J7362/good/d7362.0173.fits
0174 object   11575      strumu    40.0  74.30617 +22.89997 /data/raw/bok/u/201512/J7362/good/d7362.0174.fits
0175 object   11576      strumu     3.0  75.17492 +22.89994 /data/raw/bok/u/201512/J7362/good/d7362.0175.fits
0176 object   11576      strumu    40.0  75.17488 +22.89997 /data/raw/bok/u/201512/J7362/good/d7362.0176.fits
0177 object   10854      strumu     3.0  75.18567 +21.30008 /data/raw/bok/u/201512/J7362/good/d7362.0177.fits
0178 object   10854      strumu    40.0  75.18567 +21.29997 /data/raw/bok/u/201512/J7362/good/d7362.0178.fits
0179 object   11577      strumu     3.0  76.04325 +22.89989 /data/raw/bok/u/201512/J7362/good/d7362.0179.fits
0180 object   11577      strumu    40.0  76.04329 +22.89997 /data/raw/bok/u/201512/J7362/good/d7362.0180.fits
0181 object   10855      strumu     3.0  76.04458 +21.30022 /data/raw/bok/u/201512/J7362/good/d7362.0181.fits
0182 object   10855      strumu    40.0  76.04442 +21.30000 /data/raw/bok/u/201512/J7362/good/d7362.0182.fits
0183 object   10492      strumu     3.0  76.49417 +20.50011 /data/raw/bok/u/201512/J7362/good/d7362.0183.fits
0184 object   10492      strumu    40.0  76.49396 +20.50000 /data/raw/bok/u/201512/J7362/good/d7362.0184.fits
0185 object   10856      strumu     3.0  76.90325 +21.29983 /data/raw/bok/u/201512/J7362/good/d7362.0185.fits
0186 object   10856      strumu    40.0  76.90333 +21.30000 /data/raw/bok/u/201512/J7362/good/d7362.0186.fits
0187 object   11578      strumu     3.0  76.91158 +22.89989 /data/raw/bok/u/201512/J7362/good/d7362.0187.fits
0188 object   11578      strumu    40.0  76.91158 +22.89997 /data/raw/bok/u/201512/J7362/good/d7362.0188.fits
0189 object   10493      strumu     3.0  77.34825 +20.50022 /data/raw/bok/u/201512/J7362/good/d7362.0189.fits
0190 object   10493      strumu    40.0  77.34829 +20.49997 /data/raw/bok/u/201512/J7362/good/d7362.0190.fits
0191 object   10857      strumu     3.0  77.76163 +21.29986 /data/raw/bok/u/201512/J7362/good/d7362.0191.fits
0192 object   10857      strumu    40.0  77.76167 +21.30003 /data/raw/bok/u/201512/J7362/good/d7362.0192.fits
0193 object   10494      strumu     3.0  78.20250 +20.50019 /data/raw/bok/u/201512/J7362/good/d7362.0193.fits
0194 object   10494      strumu    40.0  78.20242 +20.50000 /data/raw/bok/u/201512/J7362/good/d7362.0194.fits
0195 object   10858      strumu     3.0  78.62046 +21.29989 /data/raw/bok/u/201512/J7362/good/d7362.0195.fits
0196 object   10858      strumu    40.0  78.62037 +21.30003 /data/raw/bok/u/201512/J7362/good/d7362.0196.fits
0197 object   10495      strumu     3.0  79.05671 +20.50011 /data/raw/bok/u/201512/J7362/good/d7362.0197.fits
0198 object   10495      strumu    40.0  79.05654 +20.50000 /data/raw/bok/u/201512/J7362/good/d7362.0198.fits
0199 object   11579      strumu     3.0 102.96471 +22.89997 /data/raw/bok/u/201512/J7362/good/d7362.0199.fits
0200 object   11579      strumu    40.0 102.96488 +22.89997 /data/raw/bok/u/201512/J7362/good/d7362.0200.fits
0201 object   11580      strumu     3.0 103.83371 +22.89997 /data/raw/bok/u/201512/J7362/good/d7362.0201.fits
0202 object   11580      strumu    40.0 103.83358 +22.89997 /data/raw/bok/u/201512/J7362/good/d7362.0202.fits
0203 object   10859      strumu     3.0 104.38000 +21.30006 /data/raw/bok/u/201512/J7362/good/d7362.0203.fits
0204 object   10859      strumu    40.0 104.37983 +21.30003 /data/raw/bok/u/201512/J7362/good/d7362.0204.fits
0205 object   10496      strumu     3.0 104.67904 +20.50008 /data/raw/bok/u/201512/J7362/good/d7362.0205.fits
0206 object   10496      strumu    40.0 104.67912 +20.49997 /data/raw/bok/u/201512/J7362/good/d7362.0206.fits
0207 object   11581      strumu     3.0 104.70192 +22.89983 /data/raw/bok/u/201512/J7362/good/d7362.0207.fits
0208 object   11581      strumu    40.0 104.70196 +22.89997 /data/raw/bok/u/201512/J7362/good/d7362.0208.fits
0209 object   10860      strumu     3.0 105.23875 +21.30019 /data/raw/bok/u/201512/J7362/good/d7362.0209.fits
0210 object   10860      strumu    40.0 105.23871 +21.30000 /data/raw/bok/u/201512/J7362/good/d7362.0210.fits
0211 object   10497      strumu     3.0 105.53333 +20.50011 /data/raw/bok/u/201512/J7362/good/d7362.0211.fits
0212 object   10497      strumu    40.0 105.53325 +20.50000 /data/raw/bok/u/201512/J7362/good/d7362.0212.fits
0213 object   11582      strumu     3.0 105.57033 +22.89969 /data/raw/bok/u/201512/J7362/good/d7362.0213.fits
0214 object   11582      strumu    40.0 105.57033 +22.89997 /data/raw/bok/u/201512/J7362/good/d7362.0214.fits
0215 object   10861      strumu     3.0 106.09746 +21.30006 /data/raw/bok/u/201512/J7362/good/d7362.0215.fits
0216 object   10861      strumu    40.0 106.09742 +21.30000 /data/raw/bok/u/201512/J7362/good/d7362.0216.fits
0217 object   10498      strumu     3.0 106.38696 +20.50022 /data/raw/bok/u/201512/J7362/good/d7362.0217.fits
0218 object   10498      strumu    40.0 106.38696 +20.50000 /data/raw/bok/u/201512/J7362/good/d7362.0218.fits
0224 object   11583      strumu     3.0 106.43858 +22.89975 /data/raw/bok/u/201512/J7362/good/d7362.0224.fits
0225 object   11583      strumu    40.0 106.43867 +22.89994 /data/raw/bok/u/201512/J7362/good/d7362.0225.fits
0226 object   10862      strumu     3.0 106.95583 +21.30008 /data/raw/bok/u/201512/J7362/good/d7362.0226.fits
0227 object   10862      strumu    40.0 106.95579 +21.30003 /data/raw/bok/u/201512/J7362/good/d7362.0227.fits
0228 object   10499      strumu     3.0 107.24125 +20.50017 /data/raw/bok/u/201512/J7362/good/d7362.0228.fits
0229 object   10499      strumu    40.0 107.24108 +20.50000 /data/raw/bok/u/201512/J7362/good/d7362.0229.fits
0230 object   11584      strumu     3.0 107.30738 +22.89975 /data/raw/bok/u/201512/J7362/good/d7362.0230.fits
0231 object   11584      strumu    40.0 107.30738 +22.89997 /data/raw/bok/u/201512/J7362/good/d7362.0231.fits
0232 object   10863      strumu     3.0 107.81450 +21.30011 /data/raw/bok/u/201512/J7362/good/d7362.0232.fits
0233 object   10863      strumu    40.0 107.81450 +21.30000 /data/raw/bok/u/201512/J7362/good/d7362.0233.fits
0234 object   10500      strumu     3.0 108.09538 +20.50019 /data/raw/bok/u/201512/J7362/good/d7362.0234.fits
0235 object   10500      strumu    40.0 108.09525 +20.50000 /data/raw/bok/u/201512/J7362/good/d7362.0235.fits
0236 object   10864      strumu     3.0 108.67325 +21.29986 /data/raw/bok/u/201512/J7362/good/d7362.0236.fits
0237 object   10864      strumu    40.0 108.67333 +21.29997 /data/raw/bok/u/201512/J7362/good/d7362.0237.fits
0238 object   10501      strumu     3.0 108.94954 +20.50008 /data/raw/bok/u/201512/J7362/good/d7362.0238.fits
0239 object   10501      strumu    40.0 108.94942 +20.49997 /data/raw/bok/u/201512/J7362/good/d7362.0239.fits
0240 object   10865      strumu     3.0 109.53200 +21.29986 /data/raw/bok/u/201512/J7362/good/d7362.0240.fits
0241 object   10865      strumu    40.0 109.53200 +21.30000 /data/raw/bok/u/201512/J7362/good/d7362.0241.fits
0242 object   10502      strumu     3.0 109.80371 +20.50011 /data/raw/bok/u/201512/J7362/good/d7362.0242.fits
0243 object   10502      strumu    40.0 109.80371 +20.50000 /data/raw/bok/u/201512/J7362/good/d7362.0243.fits
0244 object   10866      strumu     3.0 110.39087 +21.29986 /data/raw/bok/u/201512/J7362/good/d7362.0244.fits
0245 object   10866      strumu    40.0 110.39071 +21.30000 /data/raw/bok/u/201512/J7362/good/d7362.0245.fits
0246 object   10503      strumu     3.0 110.65788 +20.50006 /data/raw/bok/u/201512/J7362/good/d7362.0246.fits
0247 object   10503      strumu    40.0 110.65779 +20.49997 /data/raw/bok/u/201512/J7362/good/d7362.0247.fits
0248 object   10867      strumu     3.0 111.24908 +21.29972 /data/raw/bok/u/201512/J7362/good/d7362.0248.fits
0249 object   10867      strumu    40.0 111.24917 +21.30000 /data/raw/bok/u/201512/J7362/good/d7362.0249.fits
0250 object   10504      strumu     3.0 111.51163 +20.50019 /data/raw/bok/u/201512/J7362/good/d7362.0250.fits
0251 object   10504      strumu    40.0 111.51146 +20.50000 /data/raw/bok/u/201512/J7362/good/d7362.0251.fits
0252 object   10868      strumu     3.0 112.10796 +21.29989 /data/raw/bok/u/201512/J7362/good/d7362.0252.fits
0253 object   10868      strumu    40.0 112.10779 +21.30000 /data/raw/bok/u/201512/J7362/good/d7362.0253.fits
0254 object   10505      strumu     3.0 112.36579 +20.50008 /data/raw/bok/u/201512/J7362/good/d7362.0254.fits
0255 object   10505      strumu    40.0 112.36579 +20.50000 /data/raw/bok/u/201512/J7362/good/d7362.0255.fits
0256 object   10869      strumu     3.0 112.96654 +21.29983 /data/raw/bok/u/201512/J7362/good/d7362.0256.fits
0257 object   10869      strumu    40.0 112.96650 +21.29997 /data/raw/bok/u/201512/J7362/good/d7362.0257.fits
0258 object   10506      strumu     3.0 113.22004 +20.50019 /data/raw/bok/u/201512/J7362/good/d7362.0258.fits
0259 object   10506      strumu    40.0 113.21992 +20.50000 /data/raw/bok/u/201512/J7362/good/d7362.0259.fits
0260 object   10870      strumu     3.0 113.82529 +21.29972 /data/raw/bok/u/201512/J7362/good/d7362.0260.fits
0261 object   10870      strumu    40.0 113.82537 +21.30003 /data/raw/bok/u/201512/J7362/good/d7362.0261.fits
0262 object   10507      strumu     3.0 114.07412 +20.50008 /data/raw/bok/u/201512/J7362/good/d7362.0262.fits
0263 object   10507      strumu    40.0 114.07404 +20.49997 /data/raw/bok/u/201512/J7362/good/d7362.0263.fits
0264 object   10871      strumu     3.0 114.68371 +21.29983 /data/raw/bok/u/201512/J7362/good/d7362.0264.fits
0265 object   10871      strumu    40.0 114.68358 +21.30003 /data/raw/bok/u/201512/J7362/good/d7362.0265.fits
0266 object   10508      strumu     3.0 114.92829 +20.50011 /data/raw/bok/u/201512/J7362/good/d7362.0266.fits
0267 object   10508      strumu    40.0 114.92821 +20.49997 /data/raw/bok/u/201512/J7362/good/d7362.0267.fits
0268 object   10872      strumu     3.0 115.54250 +21.29989 /data/raw/bok/u/201512/J7362/good/d7362.0268.fits
0269 object   10872      strumu    40.0 115.54246 +21.30000 /data/raw/bok/u/201512/J7362/good/d7362.0269.fits
0270 object   10509      strumu     3.0 115.78196 +20.50011 /data/raw/bok/u/201512/J7362/good/d7362.0270.fits
0271 object   10509      strumu    40.0 115.78200 +20.50000 /data/raw/bok/u/201512/J7362/good/d7362.0271.fits
0272 object   10873      strumu     3.0 116.40125 +21.29983 /data/raw/bok/u/201512/J7362/good/d7362.0272.fits
0273 object   10873      strumu    40.0 116.40112 +21.30000 /data/raw/bok/u/201512/J7362/good/d7362.0273.fits
0274 object   10510      strumu     3.0 116.63629 +20.50008 /data/raw/bok/u/201512/J7362/good/d7362.0274.fits
0304 object   10881      strumu     3.0 123.27029 +21.29975 /data/raw/bok/u/201512/J7362/good/d7362.0304.fits
0305 object   10881      strumu    40.0 123.27025 +21.30000 /data/raw/bok/u/201512/J7362/good/d7362.0305.fits
0306 object   10518      strumu     3.0 123.46908 +20.50017 /data/raw/bok/u/201512/J7362/good/d7362.0306.fits
0307 object   10518      strumu    40.0 123.46917 +20.49997 /data/raw/bok/u/201512/J7362/good/d7362.0307.fits
0308 object   10519      strumu     3.0 124.32287 +20.50000 /data/raw/bok/u/201512/J7362/good/d7362.0308.fits
0309 object   10510      strumu     3.0 116.63625 +20.50000 /data/raw/bok/u/201512/J7362/good/d7362.0309.fits
0310 object   10510      strumu    40.0 116.63617 +20.49997 /data/raw/bok/u/201512/J7362/good/d7362.0310.fits
0311 object   10519      strumu     3.0 124.32271 +20.50000 /data/raw/bok/u/201512/J7362/good/d7362.0311.fits
0312 object   10519      strumu    40.0 124.32279 +20.50000 /data/raw/bok/u/201512/J7362/good/d7362.0312.fits
0313 object   10520      strumu     3.0 125.17696 +20.49997 /data/raw/bok/u/201512/J7362/good/d7362.0313.fits
0314 object   10520      strumu    40.0 125.17688 +20.50003 /data/raw/bok/u/201512/J7362/good/d7362.0314.fits
0315 object   10521      strumu     3.0 126.03133 +20.49997 /data/raw/bok/u/201512/J7362/good/d7362.0315.fits
0316 object   10521      strumu    40.0 126.03113 +20.50000 /data/raw/bok/u/201512/J7362/good/d7362.0316.fits
0317 object   10522      strumu     3.0 126.88521 +20.49997 /data/raw/bok/u/201512/J7362/good/d7362.0317.fits
0318 object   10522      strumu    40.0 126.88533 +20.50000 /data/raw/bok/u/201512/J7362/good/d7362.0318.fits
0319 object   10523      strumu     3.0 127.73954 +20.49997 /data/raw/bok/u/201512/J7362/good/d7362.0319.fits
0320 object   10523      strumu    40.0 127.73942 +20.50000 /data/raw/bok/u/201512/J7362/good/d7362.0320.fits
0321 object   10524      strumu     3.0 128.59329 +20.49997 /data/raw/bok/u/201512/J7362/good/d7362.0321.fits
0322 object   10524      strumu    40.0 128.59333 +20.50000 /data/raw/bok/u/201512/J7362/good/d7362.0322.fits
0019 object   10763      strumv     3.0 357.48913 +20.50014 /data/raw/bok/v/201512/J7362/good/d7362.0019.fits
0020 object   10763      strumv    40.0 357.48900 +20.49997 /data/raw/bok/v/201512/J7362/good/d7362.0020.fits
0021 object   10764      strumv     3.0 358.34279 +20.49997 /data/raw/bok/v/201512/J7362/good/d7362.0021.fits
0022 object   10764      strumv    40.0 358.34275 +20.50000 /data/raw/bok/v/201512/J7362/good/d7362.0022.fits
0051 object   10808      strumv     3.0  35.68783 +21.30000 /data/raw/bok/v/201512/J7362/good/d7362.0051.fits
0052 object   10808      strumv    40.0  35.68779 +21.30000 /data/raw/bok/v/201512/J7362/good/d7362.0052.fits
0053 object   10809      strumv     3.0  36.54600 +21.29997 /data/raw/bok/v/201512/J7362/good/d7362.0053.fits
0054 object   10809      strumv    40.0  36.54613 +21.29997 /data/raw/bok/v/201512/J7362/good/d7362.0054.fits
0220 object   11583      strumv     3.0 106.43858 +22.89986 /data/raw/bok/v/201512/J7362/good/d7362.0220.fits
0221 object   11583      strumv    40.0 106.43867 +22.89997 /data/raw/bok/v/201512/J7362/good/d7362.0221.fits
0222 object   10862      strumv     3.0 106.95571 +21.30008 /data/raw/bok/v/201512/J7362/good/d7362.0222.fits
0223 object   10862      strumv    40.0 106.95567 +21.29997 /data/raw/bok/v/201512/J7362/good/d7362.0223.fits
0300 object   10881      strumv     3.0 123.27050 +21.30000 /data/raw/bok/v/201512/J7362/good/d7362.0300.fits
0301 object   10881      strumv    40.0 123.27042 +21.30000 /data/raw/bok/v/201512/J7362/good/d7362.0301.fits
0302 object   10518      strumv     3.0 123.46896 +20.50006 /data/raw/bok/v/201512/J7362/good/d7362.0302.fits
0303 object   10518      strumv    40.0 123.46917 +20.49997 /data/raw/bok/v/201512/J7362/good/d7362.0303.fits
0279 object   M67        strumv     3.0 132.50013 +11.83339 /data/raw/bok/v/201512/J7362/other/d7362.0279.fits
0280 object   M67        strumv    15.0 132.74988 +11.66664 /data/raw/bok/v/201512/J7362/other/d7362.0280.fits
0281 object   M67        strumv    50.0 132.62483 +11.91656 /data/raw/bok/v/201512/J7362/other/d7362.0281.fits
0285 object   NGC2632    strumv     3.0 130.00012 +19.66669 /data/raw/bok/v/201512/J7362/other/d7362.0285.fits
0286 object   NGC2632    strumv    15.0 130.24988 +19.58328 /data/raw/bok/v/201512/J7362/other/d7362.0286.fits
0287 object   NGC2632    strumv    50.0 130.12487 +19.74978 /data/raw/bok/v/201512/J7362/other/d7362.0287.fits
0291 object   M67        strumv     3.0 132.50017 +11.83336 /data/raw/bok/v/201512/J7362/other/d7362.0291.fits
0292 object   M67        strumv    15.0 132.74983 +11.66664 /data/raw/bok/v/201512/J7362/other/d7362.0292.fits
0293 object   M67        strumv    50.0 132.62504 +11.91642 /data/raw/bok/v/201512/J7362/other/d7362.0293.fits
0297 object   NGC2632    strumv     3.0 129.99996 +19.66667 /data/raw/bok/v/201512/J7362/other/d7362.0297.fits
0298 object   NGC2632    strumv    15.0 130.24988 +19.58331 /data/raw/bok/v/201512/J7362/other/d7362.0298.fits
0299 object   NGC2632    strumv    50.0 130.12500 +19.74981 /data/raw/bok/v/201512/J7362/other/d7362.0299.fits
0276 object   M67        strumu     3.0 132.49992 +11.83333 /data/raw/bok/u/201512/J7362/other/d7362.0276.fits
0277 object   M67        strumu    15.0 132.74983 +11.66667 /data/raw/bok/u/201512/J7362/other/d7362.0277.fits
0278 object   M67        strumu    50.0 132.62479 +11.91653 /data/raw/bok/u/201512/J7362/other/d7362.0278.fits
0282 object   NGC2632    strumu     3.0 129.99988 +19.66650 /data/raw/bok/u/201512/J7362/other/d7362.0282.fits
0283 object   NGC2632    strumu    15.0 130.24979 +19.58331 /data/raw/bok/u/201512/J7362/other/d7362.0283.fits
0284 object   NGC2632    strumu    50.0 130.12500 +19.74975 /data/raw/bok/u/201512/J7362/other/d7362.0284.fits
0288 object   M67        strumu     3.0 132.49996 +11.83344 /data/raw/bok/u/201512/J7362/other/d7362.0288.fits
0289 object   M67        strumu    15.0 132.74983 +11.66664 /data/raw/bok/u/201512/J7362/other/d7362.0289.fits
0290 object   M67        strumu    50.0 132.62496 +11.91644 /data/raw/bok/u/201512/J7362/other/d7362.0290.fits
0294 object   NGC2632    strumu     3.0 129.99988 +19.66644 /data/raw/bok/u/201512/J7362/other/d7362.0294.fits
0295 object   NGC2632    strumu    15.0 130.24992 +19.58331 /data/raw/bok/u/201512/J7362/other/d7362.0295.fits
0296 object   NGC2632    strumu    50.0 130.12508 +19.74975 /data/raw/bok/u/201512/J7362/other/d7362.0296.fits
