0105 object   11199      strumu     3.0  60.92617 +22.10000 /data/raw/bok/u/201512/J7361/good/cai7361.0105.fits
0106 object   11199      strumu    40.0  60.92617 +22.10000 /data/raw/bok/u/201512/J7361/good/cai7361.0106.fits
0107 object   11560      strumu     3.0  61.27950 +22.89983 /data/raw/bok/u/201512/J7361/good/cai7361.0107.fits
0108 object   11560      strumu    40.0  61.27958 +22.89997 /data/raw/bok/u/201512/J7361/good/cai7361.0108.fits
0109 object   11200      strumu     3.0  61.78950 +22.10014 /data/raw/bok/u/201512/J7361/good/cai7361.0109.fits
0110 object   11200      strumu    40.0  61.78937 +22.10000 /data/raw/bok/u/201512/J7361/good/cai7361.0110.fits
0111 object   11561      strumu     3.0  62.14833 +22.89978 /data/raw/bok/u/201512/J7361/good/cai7361.0111.fits
0112 object   11561      strumu    40.0  62.14829 +22.89997 /data/raw/bok/u/201512/J7361/good/cai7361.0112.fits
0113 object   11201      strumu     3.0  62.65325 +22.10006 /data/raw/bok/u/201512/J7361/good/cai7361.0113.fits
0114 object   11201      strumu    40.0  62.65325 +22.10000 /data/raw/bok/u/201512/J7361/good/cai7361.0114.fits
0115 object   11562      strumu     3.0  63.01663 +22.89981 /data/raw/bok/u/201512/J7361/good/cai7361.0115.fits
0116 object   11562      strumu    40.0  63.01654 +22.89997 /data/raw/bok/u/201512/J7361/good/cai7361.0116.fits
0117 object   11202      strumu     3.0  63.51667 +22.10006 /data/raw/bok/u/201512/J7361/good/cai7361.0117.fits
0118 object   11202      strumu    40.0  63.51667 +22.10000 /data/raw/bok/u/201512/J7361/good/cai7361.0118.fits
0119 object   11563      strumu     3.0  63.88504 +22.89969 /data/raw/bok/u/201512/J7361/good/cai7361.0119.fits
0120 object   11563      strumu    40.0  63.88500 +22.89997 /data/raw/bok/u/201512/J7361/good/cai7361.0120.fits
0121 object   11203      strumu     3.0  64.37992 +22.10011 /data/raw/bok/u/201512/J7361/good/cai7361.0121.fits
0122 object   11203      strumu    40.0  64.37983 +22.10000 /data/raw/bok/u/201512/J7361/good/cai7361.0122.fits
0123 object   11204      strumu     3.0  65.24317 +22.10000 /data/raw/bok/u/201512/J7361/good/cai7361.0123.fits
0124 object   11204      strumu    40.0  65.24325 +22.10000 /data/raw/bok/u/201512/J7361/good/cai7361.0124.fits
0125 object   11205      strumu     3.0  66.10704 +22.10000 /data/raw/bok/u/201512/J7361/good/cai7361.0125.fits
0126 object   11205      strumu    40.0  66.10696 +22.10000 /data/raw/bok/u/201512/J7361/good/cai7361.0126.fits
0127 object   11206      strumu     3.0  66.97038 +22.10000 /data/raw/bok/u/201512/J7361/good/cai7361.0127.fits
0128 object   11206      strumu    40.0  66.97029 +22.10000 /data/raw/bok/u/201512/J7361/good/cai7361.0128.fits
0129 object   11207      strumu     3.0  67.83367 +22.10000 /data/raw/bok/u/201512/J7361/good/cai7361.0129.fits
0130 object   11207      strumu    40.0  67.83358 +22.10000 /data/raw/bok/u/201512/J7361/good/cai7361.0130.fits
0131 object   11208      strumu     3.0  68.69696 +22.10000 /data/raw/bok/u/201512/J7361/good/cai7361.0131.fits
0132 object   11208      strumu    40.0  68.69700 +22.10000 /data/raw/bok/u/201512/J7361/good/cai7361.0132.fits
0133 object   11209      strumu     3.0  69.56050 +22.10000 /data/raw/bok/u/201512/J7361/good/cai7361.0133.fits
0134 object   11209      strumu    40.0  69.56079 +22.10000 /data/raw/bok/u/201512/J7361/good/cai7361.0134.fits
0135 object   11210      strumu     3.0  70.42421 +22.10000 /data/raw/bok/u/201512/J7361/good/cai7361.0135.fits
0136 object   11210      strumu    40.0  70.42396 +22.10000 /data/raw/bok/u/201512/J7361/good/cai7361.0136.fits
0137 object   11571      strumu     3.0  70.83233 +22.89978 /data/raw/bok/u/201512/J7361/good/cai7361.0137.fits
0138 object   11571      strumu    40.0  70.83250 +22.89997 /data/raw/bok/u/201512/J7361/good/cai7361.0138.fits
0139 object   11211      strumu     3.0  71.28742 +22.10014 /data/raw/bok/u/201512/J7361/good/cai7361.0139.fits
0140 object   11211      strumu    40.0  71.28733 +22.10000 /data/raw/bok/u/201512/J7361/good/cai7361.0140.fits
0141 object   11572      strumu     3.0  71.70117 +22.89978 /data/raw/bok/u/201512/J7361/good/cai7361.0141.fits
0142 object   11572      strumu    40.0  71.70117 +22.89997 /data/raw/bok/u/201512/J7361/good/cai7361.0142.fits
0143 object   12635      strumu     3.0  72.17250 +25.29992 /data/raw/bok/u/201512/J7361/good/cai7361.0143.fits
0144 object   12635      strumu    40.0  72.17237 +25.30000 /data/raw/bok/u/201512/J7361/good/cai7361.0144.fits
0145 object   11573      strumu     3.0  72.56942 +22.90014 /data/raw/bok/u/201512/J7361/good/cai7361.0145.fits
0146 object   11573      strumu    40.0  72.56942 +22.89997 /data/raw/bok/u/201512/J7361/good/cai7361.0146.fits
0147 object   12636      strumu     3.0  73.05746 +25.29981 /data/raw/bok/u/201512/J7361/good/cai7361.0147.fits
0148 object   12636      strumu    40.0  73.05742 +25.30000 /data/raw/bok/u/201512/J7361/good/cai7361.0148.fits
0149 object   11574      strumu     3.0  73.43783 +22.90014 /data/raw/bok/u/201512/J7361/good/cai7361.0149.fits
0150 object   11574      strumu    40.0  73.43787 +22.89997 /data/raw/bok/u/201512/J7361/good/cai7361.0150.fits
0151 object   12637      strumu     3.0  73.94250 +25.29992 /data/raw/bok/u/201512/J7361/good/cai7361.0151.fits
0152 object   12637      strumu    40.0  73.94250 +25.30000 /data/raw/bok/u/201512/J7361/good/cai7361.0152.fits
0153 object   11575      strumu     3.0  74.30617 +22.90006 /data/raw/bok/u/201512/J7361/good/cai7361.0153.fits
0154 object   11575      strumu    40.0  74.30621 +22.89997 /data/raw/bok/u/201512/J7361/good/cai7361.0154.fits
0155 object   12638      strumu     3.0  74.82696 +25.29992 /data/raw/bok/u/201512/J7361/good/cai7361.0155.fits
0156 object   12638      strumu    40.0  74.82696 +25.30000 /data/raw/bok/u/201512/J7361/good/cai7361.0156.fits
0157 object   11576      strumu     3.0  75.17500 +22.90008 /data/raw/bok/u/201512/J7361/good/cai7361.0157.fits
0158 object   11576      strumu    40.0  75.17504 +22.89997 /data/raw/bok/u/201512/J7361/good/cai7361.0158.fits
0159 object   12639      strumu     3.0  75.71204 +25.29992 /data/raw/bok/u/201512/J7361/good/cai7361.0159.fits
0160 object   12639      strumu    40.0  75.71200 +25.30000 /data/raw/bok/u/201512/J7361/good/cai7361.0160.fits
0161 object   11577      strumu     3.0  76.04325 +22.90017 /data/raw/bok/u/201512/J7361/good/cai7361.0161.fits
0162 object   11577      strumu    40.0  76.04325 +22.89997 /data/raw/bok/u/201512/J7361/good/cai7361.0162.fits
0163 object   11578      strumu     3.0  76.91167 +22.89997 /data/raw/bok/u/201512/J7361/good/cai7361.0163.fits
0164 object   11578      strumu    40.0  76.91154 +22.89997 /data/raw/bok/u/201512/J7361/good/cai7361.0164.fits
0165 object   12640      strumu     3.0 102.25821 +25.30006 /data/raw/bok/u/201512/J7361/good/cai7361.0165.fits
0166 object   12640      strumu    40.0 102.25825 +25.30000 /data/raw/bok/u/201512/J7361/good/cai7361.0166.fits
0167 object   11579      strumu     3.0 102.96483 +22.90025 /data/raw/bok/u/201512/J7361/good/cai7361.0167.fits
0168 object   11579      strumu    40.0 102.96488 +22.89997 /data/raw/bok/u/201512/J7361/good/cai7361.0168.fits
0169 object   12641      strumu     3.0 103.14317 +25.29981 /data/raw/bok/u/201512/J7361/good/cai7361.0169.fits
0170 object   12641      strumu    40.0 103.14312 +25.30000 /data/raw/bok/u/201512/J7361/good/cai7361.0170.fits
0171 object   11580      strumu     3.0 103.83354 +22.90003 /data/raw/bok/u/201512/J7361/good/cai7361.0171.fits
0172 object   11580      strumu    40.0 103.83371 +22.89997 /data/raw/bok/u/201512/J7361/good/cai7361.0172.fits
0173 object   11581      strumu     3.0 104.70200 +22.89997 /data/raw/bok/u/201512/J7361/good/cai7361.0173.fits
0174 object   11581      strumu    40.0 104.70196 +22.89997 /data/raw/bok/u/201512/J7361/good/cai7361.0174.fits
0175 object   11582      strumu     3.0 105.57021 +22.89997 /data/raw/bok/u/201512/J7361/good/cai7361.0175.fits
0176 object   11582      strumu    40.0 105.57021 +22.89997 /data/raw/bok/u/201512/J7361/good/cai7361.0176.fits
0177 object   11583      strumu     3.0 106.43846 +22.89994 /data/raw/bok/u/201512/J7361/good/cai7361.0177.fits
0178 object   11583      strumu    40.0 106.43867 +22.89994 /data/raw/bok/u/201512/J7361/good/cai7361.0178.fits
0179 object   11584      strumu     3.0 107.30738 +22.89997 /data/raw/bok/u/201512/J7361/good/cai7361.0179.fits
0180 object   11584      strumu    40.0 107.30738 +22.89997 /data/raw/bok/u/201512/J7361/good/cai7361.0180.fits
0181 object   11585      strumu     3.0 108.17575 +22.89997 /data/raw/bok/u/201512/J7361/good/cai7361.0181.fits
0182 object   11585      strumu    40.0 108.17583 +22.89997 /data/raw/bok/u/201512/J7361/good/cai7361.0182.fits
0183 object   11586      strumu     3.0 109.04400 +22.89997 /data/raw/bok/u/201512/J7361/good/cai7361.0183.fits
0184 object   11586      strumu    40.0 109.04404 +22.89997 /data/raw/bok/u/201512/J7361/good/cai7361.0184.fits
0185 object   11587      strumu     3.0 109.91275 +22.89997 /data/raw/bok/u/201512/J7361/good/cai7361.0185.fits
0186 object   11587      strumu    40.0 109.91275 +22.89997 /data/raw/bok/u/201512/J7361/good/cai7361.0186.fits
0187 object   11588      strumu     3.0 110.78108 +22.89997 /data/raw/bok/u/201512/J7361/good/cai7361.0187.fits
0188 object   11588      strumu    40.0 110.78117 +22.89997 /data/raw/bok/u/201512/J7361/good/cai7361.0188.fits
0189 object   11589      strumu     3.0 111.64925 +22.89997 /data/raw/bok/u/201512/J7361/good/cai7361.0189.fits
0190 object   11589      strumu    40.0 111.64950 +22.89997 /data/raw/bok/u/201512/J7361/good/cai7361.0190.fits
0191 object   11590      strumu     3.0 112.51792 +22.89997 /data/raw/bok/u/201512/J7361/good/cai7361.0191.fits
0192 object   11590      strumu    40.0 112.51775 +22.89997 /data/raw/bok/u/201512/J7361/good/cai7361.0192.fits
0193 object   11591      strumu     3.0 113.38646 +22.89997 /data/raw/bok/u/201512/J7361/good/cai7361.0193.fits
0194 object   11591      strumu    40.0 113.38642 +22.89997 /data/raw/bok/u/201512/J7361/good/cai7361.0194.fits
0195 object   11948      strumu     3.0 114.07042 +23.69989 /data/raw/bok/u/201512/J7361/good/cai7361.0195.fits
0196 object   11948      strumu    40.0 114.07021 +23.70000 /data/raw/bok/u/201512/J7361/good/cai7361.0196.fits
0197 object   11592      strumu     3.0 114.25479 +22.90017 /data/raw/bok/u/201512/J7361/good/cai7361.0197.fits
0198 object   11592      strumu    40.0 114.25488 +22.89997 /data/raw/bok/u/201512/J7361/good/cai7361.0198.fits
0199 object   11949      strumu     3.0 114.94412 +23.69992 /data/raw/bok/u/201512/J7361/good/cai7361.0199.fits
0200 object   11949      strumu    40.0 114.94412 +23.69997 /data/raw/bok/u/201512/J7361/good/cai7361.0200.fits
0201 object   11593      strumu     3.0 115.12325 +22.90019 /data/raw/bok/u/201512/J7361/good/cai7361.0201.fits
0202 object   11593      strumu    40.0 115.12313 +22.89997 /data/raw/bok/u/201512/J7361/good/cai7361.0202.fits
0203 object   11950      strumu     3.0 115.81775 +23.69981 /data/raw/bok/u/201512/J7361/good/cai7361.0203.fits
0204 object   11950      strumu    40.0 115.81771 +23.70000 /data/raw/bok/u/201512/J7361/good/cai7361.0204.fits
0019 object   11080      strumu     3.0 319.04333 +21.30000 /data/raw/bok/u/201512/J7361/good/d7361.0019.fits
0020 object   11080      strumu    40.0 319.04329 +21.30003 /data/raw/bok/u/201512/J7361/good/d7361.0020.fits
0021 object   11081      strumu     3.0 319.90183 +21.30000 /data/raw/bok/u/201512/J7361/good/d7361.0021.fits
0022 object   11081      strumu    40.0 319.90192 +21.30000 /data/raw/bok/u/201512/J7361/good/d7361.0022.fits
0023 object   11082      strumu     3.0 320.76071 +21.30000 /data/raw/bok/u/201512/J7361/good/d7361.0023.fits
0024 object   11082      strumu    40.0 320.76075 +21.30000 /data/raw/bok/u/201512/J7361/good/d7361.0024.fits
0025 object   11083      strumu     3.0 321.61962 +21.30000 /data/raw/bok/u/201512/J7361/good/d7361.0025.fits
0026 object   11083      strumu    40.0 321.61962 +21.30000 /data/raw/bok/u/201512/J7361/good/d7361.0026.fits
0027 object   11084      strumu     3.0 322.47762 +21.30000 /data/raw/bok/u/201512/J7361/good/d7361.0027.fits
0028 object   11084      strumu    40.0 322.47792 +21.30000 /data/raw/bok/u/201512/J7361/good/d7361.0028.fits
0029 object   11085      strumu     3.0 323.33650 +21.30000 /data/raw/bok/u/201512/J7361/good/d7361.0029.fits
0030 object   11085      strumu    40.0 323.33663 +21.30000 /data/raw/bok/u/201512/J7361/good/d7361.0030.fits
0031 object   11086      strumu     3.0 324.19525 +21.30000 /data/raw/bok/u/201512/J7361/good/d7361.0031.fits
0032 object   11086      strumu    40.0 324.19533 +21.30003 /data/raw/bok/u/201512/J7361/good/d7361.0032.fits
0033 object   11087      strumu     3.0 325.05404 +21.30000 /data/raw/bok/u/201512/J7361/good/d7361.0033.fits
0034 object   11087      strumu    40.0 325.05408 +21.30000 /data/raw/bok/u/201512/J7361/good/d7361.0034.fits
0035 object   11088      strumu     3.0 325.91300 +21.30000 /data/raw/bok/u/201512/J7361/good/d7361.0035.fits
0036 object   11088      strumu    40.0 325.91292 +21.30000 /data/raw/bok/u/201512/J7361/good/d7361.0036.fits
0037 object   11089      strumu     3.0 326.77117 +21.30000 /data/raw/bok/u/201512/J7361/good/d7361.0037.fits
0038 object   11089      strumu    40.0 326.77108 +21.30000 /data/raw/bok/u/201512/J7361/good/d7361.0038.fits
0039 object   11090      strumu     3.0 327.62992 +21.30000 /data/raw/bok/u/201512/J7361/good/d7361.0039.fits
0040 object   11090      strumu    40.0 327.63000 +21.30000 /data/raw/bok/u/201512/J7361/good/d7361.0040.fits
0041 object   11452      strumu     3.0 327.72883 +22.09994 /data/raw/bok/u/201512/J7361/good/d7361.0041.fits
0042 object   11452      strumu    40.0 327.72867 +22.10003 /data/raw/bok/u/201512/J7361/good/d7361.0042.fits
0043 object   11091      strumu     3.0 328.48871 +21.30014 /data/raw/bok/u/201512/J7361/good/d7361.0043.fits
0044 object   11091      strumu    40.0 328.48867 +21.30000 /data/raw/bok/u/201512/J7361/good/d7361.0044.fits
0045 object   11453      strumu     3.0 328.59200 +22.09989 /data/raw/bok/u/201512/J7361/good/d7361.0045.fits
0046 object   11453      strumu    40.0 328.59196 +22.10000 /data/raw/bok/u/201512/J7361/good/d7361.0046.fits
0047 object   11092      strumu     3.0 329.34750 +21.30017 /data/raw/bok/u/201512/J7361/good/d7361.0047.fits
0048 object   11092      strumu    40.0 329.34733 +21.30000 /data/raw/bok/u/201512/J7361/good/d7361.0048.fits
0049 object   11454      strumu     3.0 329.45529 +22.09994 /data/raw/bok/u/201512/J7361/good/d7361.0049.fits
0050 object   11454      strumu    40.0 329.45525 +22.10003 /data/raw/bok/u/201512/J7361/good/d7361.0050.fits
0051 object   11093      strumu     3.0 330.20592 +21.30014 /data/raw/bok/u/201512/J7361/good/d7361.0051.fits
0052 object   11093      strumu    40.0 330.20571 +21.30000 /data/raw/bok/u/201512/J7361/good/d7361.0052.fits
0053 object   11455      strumu     3.0 330.31912 +22.09989 /data/raw/bok/u/201512/J7361/good/d7361.0053.fits
0054 object   11455      strumu    40.0 330.31912 +22.10000 /data/raw/bok/u/201512/J7361/good/d7361.0054.fits
0055 object   11094      strumu     3.0 331.06454 +21.30014 /data/raw/bok/u/201512/J7361/good/d7361.0055.fits
0056 object   11094      strumu    40.0 331.06450 +21.30000 /data/raw/bok/u/201512/J7361/good/d7361.0056.fits
0057 object   11456      strumu     3.0 331.18242 +22.09986 /data/raw/bok/u/201512/J7361/good/d7361.0057.fits
0058 object   11456      strumu    40.0 331.18237 +22.10000 /data/raw/bok/u/201512/J7361/good/d7361.0058.fits
0059 object   11095      strumu     3.0 331.92325 +21.30011 /data/raw/bok/u/201512/J7361/good/d7361.0059.fits
0060 object   11095      strumu    40.0 331.92325 +21.30000 /data/raw/bok/u/201512/J7361/good/d7361.0060.fits
0061 object   11457      strumu     3.0 332.04575 +22.09994 /data/raw/bok/u/201512/J7361/good/d7361.0061.fits
0062 object   11457      strumu    40.0 332.04579 +22.10000 /data/raw/bok/u/201512/J7361/good/d7361.0062.fits
0063 object   11096      strumu     3.0 332.78217 +21.30003 /data/raw/bok/u/201512/J7361/good/d7361.0063.fits
0064 object   11096      strumu    40.0 332.78200 +21.30000 /data/raw/bok/u/201512/J7361/good/d7361.0064.fits
0065 object   11458      strumu     3.0 332.90913 +22.09978 /data/raw/bok/u/201512/J7361/good/d7361.0065.fits
0066 object   11458      strumu    40.0 332.90900 +22.10000 /data/raw/bok/u/201512/J7361/good/d7361.0066.fits
0067 object   11097      strumu     3.0 333.64046 +21.30014 /data/raw/bok/u/201512/J7361/good/d7361.0067.fits
0068 object   11097      strumu    40.0 333.64025 +21.30000 /data/raw/bok/u/201512/J7361/good/d7361.0068.fits
0069 object   11098      strumu     3.0 334.49900 +21.30003 /data/raw/bok/u/201512/J7361/good/d7361.0069.fits
0070 object   11098      strumu    40.0 334.49908 +21.30000 /data/raw/bok/u/201512/J7361/good/d7361.0070.fits
0071 object   11099      strumu     3.0 335.35779 +21.30000 /data/raw/bok/u/201512/J7361/good/d7361.0071.fits
0072 object   11099      strumu    40.0 335.35783 +21.30000 /data/raw/bok/u/201512/J7361/good/d7361.0072.fits
0073 object   11100      strumu     3.0 336.21646 +21.30000 /data/raw/bok/u/201512/J7361/good/d7361.0073.fits
0074 object   11100      strumu    40.0 336.21646 +21.30000 /data/raw/bok/u/201512/J7361/good/d7361.0074.fits
0075 object   11466      strumu     3.0 339.81667 +22.10003 /data/raw/bok/u/201512/J7361/good/d7361.0075.fits
0076 object   11466      strumu    40.0 339.81662 +22.10000 /data/raw/bok/u/201512/J7361/good/d7361.0076.fits
0077 object   11467      strumu     3.0 340.68029 +22.10000 /data/raw/bok/u/201512/J7361/good/d7361.0077.fits
0078 object   11467      strumu    40.0 340.68029 +22.10000 /data/raw/bok/u/201512/J7361/good/d7361.0078.fits
0079 object   11468      strumu     3.0 341.54358 +22.10000 /data/raw/bok/u/201512/J7361/good/d7361.0079.fits
0080 object   11468      strumu    40.0 341.54367 +22.10000 /data/raw/bok/u/201512/J7361/good/d7361.0080.fits
0081 object   11469      strumu     3.0 342.40700 +22.10000 /data/raw/bok/u/201512/J7361/good/d7361.0081.fits
0082 object   11469      strumu    40.0 342.40713 +22.10000 /data/raw/bok/u/201512/J7361/good/d7361.0082.fits
0083 object   11470      strumu     3.0 343.27012 +22.09997 /data/raw/bok/u/201512/J7361/good/d7361.0083.fits
0084 object   11470      strumu    40.0 343.27038 +22.10000 /data/raw/bok/u/201512/J7361/good/d7361.0084.fits
0085 object   11471      strumu     3.0 344.13408 +22.10000 /data/raw/bok/u/201512/J7361/good/d7361.0085.fits
0086 object   11471      strumu    40.0 344.13417 +22.10000 /data/raw/bok/u/201512/J7361/good/d7361.0086.fits
0087 object   11472      strumu     3.0 344.99746 +22.10000 /data/raw/bok/u/201512/J7361/good/d7361.0087.fits
0088 object   11472      strumu    40.0 344.99750 +22.10000 /data/raw/bok/u/201512/J7361/good/d7361.0088.fits
0211 object   11594      strumu     3.0 115.99158 +22.89997 /data/raw/bok/u/201512/J7361/good/d7361.0211.fits
0212 object   11594      strumu    40.0 115.99146 +22.89997 /data/raw/bok/u/201512/J7361/good/d7361.0212.fits
0213 object   11951      strumu     3.0 116.69154 +23.69989 /data/raw/bok/u/201512/J7361/good/d7361.0213.fits
0214 object   11951      strumu    40.0 116.69154 +23.70000 /data/raw/bok/u/201512/J7361/good/d7361.0214.fits
0215 object   11595      strumu     3.0 116.86029 +22.90008 /data/raw/bok/u/201512/J7361/good/d7361.0215.fits
0216 object   11595      strumu    40.0 116.86021 +22.89994 /data/raw/bok/u/201512/J7361/good/d7361.0216.fits
0217 object   11952      strumu     3.0 117.56483 +23.69989 /data/raw/bok/u/201512/J7361/good/d7361.0217.fits
0218 object   11952      strumu    40.0 117.56487 +23.69997 /data/raw/bok/u/201512/J7361/good/d7361.0218.fits
0219 object   11596      strumu     3.0 117.72871 +22.90019 /data/raw/bok/u/201512/J7361/good/d7361.0219.fits
0220 object   11596      strumu    40.0 117.72850 +22.89997 /data/raw/bok/u/201512/J7361/good/d7361.0220.fits
0221 object   11953      strumu     3.0 118.43871 +23.69992 /data/raw/bok/u/201512/J7361/good/d7361.0221.fits
0222 object   11953      strumu    40.0 118.43862 +23.70000 /data/raw/bok/u/201512/J7361/good/d7361.0222.fits
0223 object   11597      strumu     3.0 118.59696 +22.90006 /data/raw/bok/u/201512/J7361/good/d7361.0223.fits
0224 object   11597      strumu    40.0 118.59683 +22.89997 /data/raw/bok/u/201512/J7361/good/d7361.0224.fits
0225 object   11954      strumu     3.0 119.31250 +23.69986 /data/raw/bok/u/201512/J7361/good/d7361.0225.fits
0226 object   11954      strumu    40.0 119.31238 +23.70000 /data/raw/bok/u/201512/J7361/good/d7361.0226.fits
0227 object   11598      strumu     3.0 119.46575 +22.90003 /data/raw/bok/u/201512/J7361/good/d7361.0227.fits
0228 object   11598      strumu    40.0 119.46575 +22.89994 /data/raw/bok/u/201512/J7361/good/d7361.0228.fits
0229 object   11955      strumu     3.0 120.18621 +23.69989 /data/raw/bok/u/201512/J7361/good/d7361.0229.fits
0230 object   11955      strumu    40.0 120.18608 +23.70000 /data/raw/bok/u/201512/J7361/good/d7361.0230.fits
0231 object   11599      strumu     3.0 120.33400 +22.90019 /data/raw/bok/u/201512/J7361/good/d7361.0231.fits
0232 object   11599      strumu    40.0 120.33400 +22.89994 /data/raw/bok/u/201512/J7361/good/d7361.0232.fits
0233 object   11240      strumu     3.0 120.50362 +22.10025 /data/raw/bok/u/201512/J7361/good/d7361.0233.fits
0234 object   11240      strumu    40.0 120.50350 +22.10000 /data/raw/bok/u/201512/J7361/good/d7361.0234.fits
0235 object   11956      strumu     3.0 121.05975 +23.69981 /data/raw/bok/u/201512/J7361/good/d7361.0235.fits
0236 object   11956      strumu    40.0 121.05975 +23.70000 /data/raw/bok/u/201512/J7361/good/d7361.0236.fits
0237 object   11600      strumu     3.0 121.20246 +22.90006 /data/raw/bok/u/201512/J7361/good/d7361.0237.fits
0238 object   11600      strumu    40.0 121.20229 +22.89997 /data/raw/bok/u/201512/J7361/good/d7361.0238.fits
0239 object   11241      strumu     3.0 121.36704 +22.10011 /data/raw/bok/u/201512/J7361/good/d7361.0239.fits
0240 object   11241      strumu    40.0 121.36687 +22.09997 /data/raw/bok/u/201512/J7361/good/d7361.0240.fits
0241 object   11957      strumu     3.0 121.93367 +23.69989 /data/raw/bok/u/201512/J7361/good/d7361.0241.fits
0242 object   11957      strumu    40.0 121.93358 +23.70000 /data/raw/bok/u/201512/J7361/good/d7361.0242.fits
0243 object   11601      strumu     3.0 122.07067 +22.90014 /data/raw/bok/u/201512/J7361/good/d7361.0243.fits
0244 object   11601      strumu    40.0 122.07067 +22.89997 /data/raw/bok/u/201512/J7361/good/d7361.0244.fits
0245 object   11242      strumu     3.0 122.23033 +22.10006 /data/raw/bok/u/201512/J7361/good/d7361.0245.fits
0246 object   11242      strumu    40.0 122.23021 +22.10000 /data/raw/bok/u/201512/J7361/good/d7361.0246.fits
0247 object   11958      strumu     3.0 122.80696 +23.69981 /data/raw/bok/u/201512/J7361/good/d7361.0247.fits
0248 object   11958      strumu    40.0 122.80704 +23.69997 /data/raw/bok/u/201512/J7361/good/d7361.0248.fits
0249 object   11602      strumu     3.0 122.93937 +22.90006 /data/raw/bok/u/201512/J7361/good/d7361.0249.fits
0250 object   11602      strumu    40.0 122.93933 +22.89997 /data/raw/bok/u/201512/J7361/good/d7361.0250.fits
0251 object   11243      strumu     3.0 123.09362 +22.10028 /data/raw/bok/u/201512/J7361/good/d7361.0251.fits
0252 object   11243      strumu    40.0 123.09354 +22.10000 /data/raw/bok/u/201512/J7361/good/d7361.0252.fits
0253 object   11959      strumu     3.0 123.68071 +23.69992 /data/raw/bok/u/201512/J7361/good/d7361.0253.fits
0254 object   11959      strumu    40.0 123.68058 +23.70000 /data/raw/bok/u/201512/J7361/good/d7361.0254.fits
0255 object   11603      strumu     3.0 123.80779 +22.90008 /data/raw/bok/u/201512/J7361/good/d7361.0255.fits
0256 object   11603      strumu    40.0 123.80779 +22.89994 /data/raw/bok/u/201512/J7361/good/d7361.0256.fits
0257 object   11244      strumu     3.0 123.95733 +22.10008 /data/raw/bok/u/201512/J7361/good/d7361.0257.fits
0258 object   11244      strumu    40.0 123.95733 +22.10000 /data/raw/bok/u/201512/J7361/good/d7361.0258.fits
0259 object   11960      strumu     3.0 124.55438 +23.69989 /data/raw/bok/u/201512/J7361/good/d7361.0259.fits
0260 object   11960      strumu    40.0 124.55433 +23.70000 /data/raw/bok/u/201512/J7361/good/d7361.0260.fits
0261 object   11604      strumu     3.0 124.67604 +22.90014 /data/raw/bok/u/201512/J7361/good/d7361.0261.fits
0262 object   11604      strumu    40.0 124.67613 +22.89997 /data/raw/bok/u/201512/J7361/good/d7361.0262.fits
0263 object   11245      strumu     3.0 124.82075 +22.10000 /data/raw/bok/u/201512/J7361/good/d7361.0263.fits
0264 object   11245      strumu    40.0 124.82071 +22.10000 /data/raw/bok/u/201512/J7361/good/d7361.0264.fits
0265 object   11961      strumu     3.0 125.42821 +23.69992 /data/raw/bok/u/201512/J7361/good/d7361.0265.fits
0266 object   11961      strumu    40.0 125.42821 +23.70000 /data/raw/bok/u/201512/J7361/good/d7361.0266.fits
0267 object   11605      strumu     3.0 125.54454 +22.90006 /data/raw/bok/u/201512/J7361/good/d7361.0267.fits
0268 object   11605      strumu    40.0 125.54438 +22.89994 /data/raw/bok/u/201512/J7361/good/d7361.0268.fits
0269 object   11246      strumu     3.0 125.68392 +22.10019 /data/raw/bok/u/201512/J7361/good/d7361.0269.fits
0270 object   11246      strumu    40.0 125.68388 +22.10000 /data/raw/bok/u/201512/J7361/good/d7361.0270.fits
0271 object   11606      strumu     3.0 126.41325 +22.89983 /data/raw/bok/u/201512/J7361/good/d7361.0271.fits
0272 object   11606      strumu    40.0 126.41329 +22.89997 /data/raw/bok/u/201512/J7361/good/d7361.0272.fits
0273 object   11247      strumu     3.0 126.54742 +22.10028 /data/raw/bok/u/201512/J7361/good/d7361.0273.fits
0274 object   11247      strumu    40.0 126.54733 +22.10000 /data/raw/bok/u/201512/J7361/good/d7361.0274.fits
0275 object   11607      strumu     3.0 127.28162 +22.89989 /data/raw/bok/u/201512/J7361/good/d7361.0275.fits
0276 object   11607      strumu    40.0 127.28162 +22.89997 /data/raw/bok/u/201512/J7361/good/d7361.0276.fits
0277 object   11248      strumu     3.0 127.41108 +22.10011 /data/raw/bok/u/201512/J7361/good/d7361.0277.fits
0278 object   11248      strumu    40.0 127.41108 +22.09997 /data/raw/bok/u/201512/J7361/good/d7361.0278.fits
0279 object   11608      strumu     3.0 128.14992 +22.89981 /data/raw/bok/u/201512/J7361/good/d7361.0279.fits
0280 object   11608      strumu    40.0 128.15000 +22.89997 /data/raw/bok/u/201512/J7361/good/d7361.0280.fits
0281 object   11249      strumu     3.0 128.27450 +22.10011 /data/raw/bok/u/201512/J7361/good/d7361.0281.fits
0282 object   11249      strumu    40.0 128.27438 +22.10000 /data/raw/bok/u/201512/J7361/good/d7361.0282.fits
0283 object   11609      strumu     3.0 129.01862 +22.89989 /data/raw/bok/u/201512/J7361/good/d7361.0283.fits
0284 object   11609      strumu    40.0 129.01862 +22.89997 /data/raw/bok/u/201512/J7361/good/d7361.0284.fits
0285 object   11250      strumu     3.0 129.13779 +22.10019 /data/raw/bok/u/201512/J7361/good/d7361.0285.fits
0286 object   11250      strumu    40.0 129.13783 +22.10000 /data/raw/bok/u/201512/J7361/good/d7361.0286.fits
0287 object   11610      strumu     3.0 129.88700 +22.89969 /data/raw/bok/u/201512/J7361/good/d7361.0287.fits
0288 object   11610      strumu    40.0 129.88700 +22.89994 /data/raw/bok/u/201512/J7361/good/d7361.0288.fits
0289 object   11251      strumu     3.0 130.00121 +22.10008 /data/raw/bok/u/201512/J7361/good/d7361.0289.fits
0290 object   11251      strumu    40.0 130.00113 +22.10000 /data/raw/bok/u/201512/J7361/good/d7361.0290.fits
0291 object   11611      strumu     3.0 130.75546 +22.89986 /data/raw/bok/u/201512/J7361/good/d7361.0291.fits
0292 object   11611      strumu    40.0 130.75533 +22.89997 /data/raw/bok/u/201512/J7361/good/d7361.0292.fits
0293 object   11252      strumu     3.0 130.86483 +22.10006 /data/raw/bok/u/201512/J7361/good/d7361.0293.fits
0294 object   11252      strumu    40.0 130.86483 +22.10000 /data/raw/bok/u/201512/J7361/good/d7361.0294.fits
0295 object   11612      strumu     3.0 131.62363 +22.89992 /data/raw/bok/u/201512/J7361/good/d7361.0295.fits
0296 object   11612      strumu    40.0 131.62358 +22.89997 /data/raw/bok/u/201512/J7361/good/d7361.0296.fits
0297 object   11253      strumu     3.0 131.72825 +22.10017 /data/raw/bok/u/201512/J7361/good/d7361.0297.fits
0298 object   11253      strumu    40.0 131.72821 +22.10000 /data/raw/bok/u/201512/J7361/good/d7361.0298.fits
0299 object   11254      strumu     3.0 132.59154 +22.09997 /data/raw/bok/u/201512/J7361/good/d7361.0299.fits
0300 object   11254      strumu    40.0 132.59158 +22.09997 /data/raw/bok/u/201512/J7361/good/d7361.0300.fits
0301 object   11255      strumu     3.0 133.45496 +22.10000 /data/raw/bok/u/201512/J7361/good/d7361.0301.fits
0302 object   11255      strumu    40.0 133.45483 +22.10000 /data/raw/bok/u/201512/J7361/good/d7361.0302.fits
0303 object   11256      strumu     3.0 134.31875 +22.10000 /data/raw/bok/u/201512/J7361/good/d7361.0303.fits
0304 object   11256      strumu    40.0 134.31862 +22.10000 /data/raw/bok/u/201512/J7361/good/d7361.0304.fits
0305 object   11257      strumu     3.0 135.18196 +22.10000 /data/raw/bok/u/201512/J7361/good/d7361.0305.fits
0306 object   11257      strumu    40.0 135.18187 +22.09997 /data/raw/bok/u/201512/J7361/good/d7361.0306.fits
0307 object   11258      strumu     3.0 136.04513 +22.10000 /data/raw/bok/u/201512/J7361/good/d7361.0307.fits
0308 object   11258      strumu    40.0 136.04537 +22.10000 /data/raw/bok/u/201512/J7361/good/d7361.0308.fits
0309 object   11259      strumu     3.0 136.90863 +22.10000 /data/raw/bok/u/201512/J7361/good/d7361.0309.fits
0310 object   11259      strumu    40.0 136.90867 +22.10000 /data/raw/bok/u/201512/J7361/good/d7361.0310.fits
0316 object   11260      strumu     3.0 137.77242 +22.10000 /data/raw/bok/u/201512/J7361/good/d7361.0316.fits
0317 object   11260      strumu    40.0 137.77242 +22.10000 /data/raw/bok/u/201512/J7361/good/d7361.0317.fits
0318 object   10898      strumu     3.0 137.86742 +21.30006 /data/raw/bok/u/201512/J7361/good/d7361.0318.fits
0319 object   10898      strumu    40.0 137.86738 +21.30000 /data/raw/bok/u/201512/J7361/good/d7361.0319.fits
0320 object   11976      strumu     3.0 138.53375 +23.69986 /data/raw/bok/u/201512/J7361/good/d7361.0320.fits
0321 object   11976      strumu    40.0 138.53371 +23.70000 /data/raw/bok/u/201512/J7361/good/d7361.0321.fits
0322 object   10899      strumu     3.0 138.72608 +21.30019 /data/raw/bok/u/201512/J7361/good/d7361.0322.fits
0323 object   10899      strumu    40.0 138.72612 +21.30000 /data/raw/bok/u/201512/J7361/good/d7361.0323.fits
0324 object   11977      strumu     3.0 139.40700 +23.69978 /data/raw/bok/u/201512/J7361/good/d7361.0324.fits
0325 object   11977      strumu    40.0 139.40708 +23.70000 /data/raw/bok/u/201512/J7361/good/d7361.0325.fits
0326 object   10900      strumu     3.0 139.58488 +21.30025 /data/raw/bok/u/201512/J7361/good/d7361.0326.fits
0327 object   10900      strumu    40.0 139.58483 +21.30000 /data/raw/bok/u/201512/J7361/good/d7361.0327.fits
0328 object   10901      strumu     3.0 140.44325 +21.30000 /data/raw/bok/u/201512/J7361/good/d7361.0328.fits
0329 object   10901      strumu    40.0 140.44329 +21.30000 /data/raw/bok/u/201512/J7361/good/d7361.0329.fits
0330 object   10902      strumu     3.0 141.30204 +21.30000 /data/raw/bok/u/201512/J7361/good/d7361.0330.fits
0331 object   10902      strumu    40.0 141.30208 +21.30000 /data/raw/bok/u/201512/J7361/good/d7361.0331.fits
0332 object   10903      strumu     3.0 142.16067 +21.30000 /data/raw/bok/u/201512/J7361/good/d7361.0332.fits
0333 object   10903      strumu    40.0 142.16079 +21.30000 /data/raw/bok/u/201512/J7361/good/d7361.0333.fits
0334 object   10904      strumu     3.0 143.01954 +21.30000 /data/raw/bok/u/201512/J7361/good/d7361.0334.fits
0335 object   10904      strumu    40.0 143.01958 +21.30000 /data/raw/bok/u/201512/J7361/good/d7361.0335.fits
0336 object   10541      strumu     3.0 143.11300 +20.50011 /data/raw/bok/u/201512/J7361/good/d7361.0336.fits
0337 object   10541      strumu    40.0 143.11292 +20.50000 /data/raw/bok/u/201512/J7361/good/d7361.0337.fits
0338 object   10542      strumu     3.0 143.96700 +20.50000 /data/raw/bok/u/201512/J7361/good/d7361.0338.fits
0339 object   10542      strumu    40.0 143.96696 +20.50000 /data/raw/bok/u/201512/J7361/good/d7361.0339.fits
0340 object   11627      strumu     3.0 144.65037 +22.89972 /data/raw/bok/u/201512/J7361/good/d7361.0340.fits
0341 object   11627      strumu    40.0 144.65029 +22.89997 /data/raw/bok/u/201512/J7361/good/d7361.0341.fits
0342 object   10543      strumu     3.0 144.82112 +20.50019 /data/raw/bok/u/201512/J7361/good/d7361.0342.fits
0343 object   10543      strumu    40.0 144.82125 +20.50000 /data/raw/bok/u/201512/J7361/good/d7361.0343.fits
0344 object   11628      strumu     3.0 145.51900 +22.89981 /data/raw/bok/u/201512/J7361/good/d7361.0344.fits
0345 object   11628      strumu    40.0 145.51900 +22.89997 /data/raw/bok/u/201512/J7361/good/d7361.0345.fits
0346 object   10544      strumu     3.0 145.67525 +20.50011 /data/raw/bok/u/201512/J7361/good/d7361.0346.fits
0347 object   10544      strumu    40.0 145.67525 +20.50000 /data/raw/bok/u/201512/J7361/good/d7361.0347.fits
0348 object   11629      strumu     3.0 146.38742 +22.89983 /data/raw/bok/u/201512/J7361/good/d7361.0348.fits
0349 object   11629      strumu    40.0 146.38754 +22.89997 /data/raw/bok/u/201512/J7361/good/d7361.0349.fits
0350 object   10545      strumu     3.0 146.52954 +20.50022 /data/raw/bok/u/201512/J7361/good/d7361.0350.fits
0351 object   10545      strumu    40.0 146.52958 +20.50000 /data/raw/bok/u/201512/J7361/good/d7361.0351.fits
0352 object   11630      strumu     3.0 147.25571 +22.89989 /data/raw/bok/u/201512/J7361/good/d7361.0352.fits
0353 object   11630      strumu    40.0 147.25567 +22.89997 /data/raw/bok/u/201512/J7361/good/d7361.0353.fits
0354 object   10546      strumu     3.0 147.38329 +20.50006 /data/raw/bok/u/201512/J7361/good/d7361.0354.fits
0355 object   10546      strumu    40.0 147.38333 +20.49997 /data/raw/bok/u/201512/J7361/good/d7361.0355.fits
0356 object   11631      strumu     3.0 148.12404 +22.89989 /data/raw/bok/u/201512/J7361/good/d7361.0356.fits
0357 object   11631      strumu    40.0 148.12404 +22.89997 /data/raw/bok/u/201512/J7361/good/d7361.0357.fits
0358 object   10547      strumu     3.0 148.23733 +20.50017 /data/raw/bok/u/201512/J7361/good/d7361.0358.fits
0359 object   10547      strumu    40.0 148.23742 +20.50000 /data/raw/bok/u/201512/J7361/good/d7361.0359.fits
0360 object   11632      strumu     3.0 148.99275 +22.89983 /data/raw/bok/u/201512/J7361/good/d7361.0360.fits
0361 object   11632      strumu    40.0 148.99292 +22.89997 /data/raw/bok/u/201512/J7361/good/d7361.0361.fits
0362 object   11633      strumu     3.0 149.86104 +22.89994 /data/raw/bok/u/201512/J7361/good/d7361.0362.fits
0363 object   11633      strumu    40.0 149.86121 +22.89994 /data/raw/bok/u/201512/J7361/good/d7361.0363.fits
0364 object   12382      strumu     3.0 184.23858 +24.50006 /data/raw/bok/u/201512/J7361/good/d7361.0364.fits
0365 object   12382      strumu    40.0 184.23871 +24.50000 /data/raw/bok/u/201512/J7361/good/d7361.0365.fits
0366 object   12733      strumu     3.0 184.55146 +25.29989 /data/raw/bok/u/201512/J7361/good/d7361.0366.fits
0367 object   12733      strumu    40.0 184.55142 +25.29997 /data/raw/bok/u/201512/J7361/good/d7361.0367.fits
0370 object   12383      strumu     3.0 185.11767 +24.49997 /data/raw/bok/u/201512/J7361/good/d7361.0370.fits
0371 object   12383      strumu    40.0 185.11771 +24.50000 /data/raw/bok/u/201512/J7361/good/d7361.0371.fits
0372 object   12734      strumu     3.0 185.43662 +25.29989 /data/raw/bok/u/201512/J7361/good/d7361.0372.fits
0373 object   12734      strumu    40.0 185.43662 +25.30000 /data/raw/bok/u/201512/J7361/good/d7361.0373.fits
0374 object   12384      strumu     3.0 185.99683 +24.50006 /data/raw/bok/u/201512/J7361/good/d7361.0374.fits
0375 object   12384      strumu    40.0 185.99692 +24.49997 /data/raw/bok/u/201512/J7361/good/d7361.0375.fits
0376 object   12735      strumu     3.0 186.32158 +25.29989 /data/raw/bok/u/201512/J7361/good/d7361.0376.fits
0377 object   12735      strumu    40.0 186.32142 +25.30000 /data/raw/bok/u/201512/J7361/good/d7361.0377.fits
0378 object   12387      strumu    40.0 188.63458 +24.49997 /data/raw/bok/u/201512/J7361/good/d7361.0378.fits
0379 object   12738      strumu     3.0 188.97625 +25.29989 /data/raw/bok/u/201512/J7361/good/d7361.0379.fits
0380 object   12738      strumu    40.0 188.97612 +25.30000 /data/raw/bok/u/201512/J7361/good/d7361.0380.fits
0381 object   12388      strumu     3.0 189.51371 +24.50008 /data/raw/bok/u/201512/J7361/good/d7361.0381.fits
0382 object   12388      strumu    40.0 189.51350 +24.50000 /data/raw/bok/u/201512/J7361/good/d7361.0382.fits
0205 object   11593      strumv     3.0 115.12329 +22.90011 /data/raw/bok/v/201512/J7361/good/cai7361.0205.fits
0206 object   11593      strumv    40.0 115.12308 +22.89997 /data/raw/bok/v/201512/J7361/good/cai7361.0206.fits
0207 object   11950      strumv     3.0 115.81788 +23.69992 /data/raw/bok/v/201512/J7361/good/cai7361.0207.fits
0208 object   11950      strumv    40.0 115.81779 +23.70000 /data/raw/bok/v/201512/J7361/good/cai7361.0208.fits
0311 object   11258      strumv     3.0 136.04533 +22.10000 /data/raw/bok/v/201512/J7361/good/d7361.0311.fits
0312 object   11258      strumv    40.0 136.04525 +22.10000 /data/raw/bok/v/201512/J7361/good/d7361.0312.fits
0313 object   11259      strumv     3.0 136.90863 +22.10000 /data/raw/bok/v/201512/J7361/good/d7361.0313.fits
0314 object   11259      strumv    40.0 136.90867 +22.09997 /data/raw/bok/v/201512/J7361/good/d7361.0314.fits
0383 object   12738      strumv     3.0 188.97612 +25.29992 /data/raw/bok/v/201512/J7361/good/d7361.0383.fits
0384 object   12738      strumv    40.0 188.97617 +25.30000 /data/raw/bok/v/201512/J7361/good/d7361.0384.fits
0385 object   12388      strumv     3.0 189.51371 +24.50008 /data/raw/bok/v/201512/J7361/good/d7361.0385.fits
0386 object   12388      strumv    40.0 189.51350 +24.50000 /data/raw/bok/v/201512/J7361/good/d7361.0386.fits
