0016 object   10749      strumu     3.0 345.53146 +20.49997 /data/raw/bok/u/201512/J7366/good/d7366.0016.fits
0017 object   10749      strumu    40.0 345.53163 +20.50000 /data/raw/bok/u/201512/J7366/good/d7366.0017.fits
0018 object   10750      strumu     3.0 346.38587 +20.50000 /data/raw/bok/u/201512/J7366/good/d7366.0018.fits
0019 object   10750      strumu    40.0 346.38579 +20.50000 /data/raw/bok/u/201512/J7366/good/d7366.0019.fits
0020 object   10751      strumu     3.0 347.24004 +20.50000 /data/raw/bok/u/201512/J7366/good/d7366.0020.fits
0021 object   10751      strumu    40.0 347.23988 +20.50000 /data/raw/bok/u/201512/J7366/good/d7366.0021.fits
0022 object   10752      strumu     3.0 348.09388 +20.50000 /data/raw/bok/u/201512/J7366/good/d7366.0022.fits
0023 object   10752      strumu    40.0 348.09412 +20.50000 /data/raw/bok/u/201512/J7366/good/d7366.0023.fits
0024 object   10753      strumu     3.0 348.94829 +20.50000 /data/raw/bok/u/201512/J7366/good/d7366.0024.fits
0025 object   10753      strumu    40.0 348.94825 +20.49997 /data/raw/bok/u/201512/J7366/good/d7366.0025.fits
0026 object   10754      strumu     3.0 349.80192 +20.49997 /data/raw/bok/u/201512/J7366/good/d7366.0026.fits
0027 object   10754      strumu    40.0 349.80200 +20.50000 /data/raw/bok/u/201512/J7366/good/d7366.0027.fits
0028 object   10755      strumu     3.0 350.65617 +20.50000 /data/raw/bok/u/201512/J7366/good/d7366.0028.fits
0029 object   10755      strumu    40.0 350.65617 +20.50000 /data/raw/bok/u/201512/J7366/good/d7366.0029.fits
0030 object   10763      strumu     3.0 357.48908 +20.50003 /data/raw/bok/u/201512/J7366/good/d7366.0030.fits
0031 object   10763      strumu    40.0 357.48917 +20.50000 /data/raw/bok/u/201512/J7366/good/d7366.0031.fits
0032 object   10764      strumu     3.0 358.34287 +20.50000 /data/raw/bok/u/201512/J7366/good/d7366.0032.fits
0033 object   10764      strumu    40.0 358.34279 +20.50000 /data/raw/bok/u/201512/J7366/good/d7366.0033.fits
0034 object   10765      strumu     3.0 359.19675 +20.49997 /data/raw/bok/u/201512/J7366/good/d7366.0034.fits
0035 object   10765      strumu    40.0 359.19696 +20.50000 /data/raw/bok/u/201512/J7366/good/d7366.0035.fits
0036 object   10766      strumu     3.0   0.05108 +20.49997 /data/raw/bok/u/201512/J7366/good/d7366.0036.fits
0037 object   10766      strumu    40.0   0.05108 +20.50000 /data/raw/bok/u/201512/J7366/good/d7366.0037.fits
0038 object   10403      strumu     3.0   0.48029 +20.49997 /data/raw/bok/u/201512/J7366/good/d7366.0038.fits
0039 object   10403      strumu    40.0   0.48033 +20.50000 /data/raw/bok/u/201512/J7366/good/d7366.0039.fits
0040 object   10767      strumu     3.0   0.48283 +21.29992 /data/raw/bok/u/201512/J7366/good/d7366.0040.fits
0041 object   10767      strumu    40.0   0.48279 +21.30000 /data/raw/bok/u/201512/J7366/good/d7366.0041.fits
0042 object   10404      strumu     3.0   1.33454 +20.50008 /data/raw/bok/u/201512/J7366/good/d7366.0042.fits
0043 object   10404      strumu    40.0   1.33446 +20.50000 /data/raw/bok/u/201512/J7366/good/d7366.0043.fits
0044 object   10768      strumu     3.0   1.34158 +21.29989 /data/raw/bok/u/201512/J7366/good/d7366.0044.fits
0045 object   10768      strumu    40.0   1.34162 +21.30000 /data/raw/bok/u/201512/J7366/good/d7366.0045.fits
0046 object   10405      strumu     3.0   2.18871 +20.50008 /data/raw/bok/u/201512/J7366/good/d7366.0046.fits
0047 object   10405      strumu    40.0   2.18863 +20.50003 /data/raw/bok/u/201512/J7366/good/d7366.0047.fits
0048 object   10769      strumu     3.0   2.20042 +21.29986 /data/raw/bok/u/201512/J7366/good/d7366.0048.fits
0049 object   10769      strumu    40.0   2.20033 +21.30000 /data/raw/bok/u/201512/J7366/good/d7366.0049.fits
0050 object   10406      strumu     3.0   3.04258 +20.50006 /data/raw/bok/u/201512/J7366/good/d7366.0050.fits
0051 object   10406      strumu    40.0   3.04250 +20.50003 /data/raw/bok/u/201512/J7366/good/d7366.0051.fits
0052 object   10770      strumu     3.0   3.05871 +21.29978 /data/raw/bok/u/201512/J7366/good/d7366.0052.fits
0053 object   10770      strumu    40.0   3.05871 +21.30000 /data/raw/bok/u/201512/J7366/good/d7366.0053.fits
0054 object   10407      strumu     3.0   3.89650 +20.50006 /data/raw/bok/u/201512/J7366/good/d7366.0054.fits
0055 object   10407      strumu    40.0   3.89650 +20.50000 /data/raw/bok/u/201512/J7366/good/d7366.0055.fits
0056 object   10771      strumu     3.0   3.91737 +21.29989 /data/raw/bok/u/201512/J7366/good/d7366.0056.fits
0057 object   10771      strumu    40.0   3.91742 +21.30000 /data/raw/bok/u/201512/J7366/good/d7366.0057.fits
0058 object   10408      strumu     3.0   4.75075 +20.50011 /data/raw/bok/u/201512/J7366/good/d7366.0058.fits
0059 object   10408      strumu    40.0   4.75067 +20.50000 /data/raw/bok/u/201512/J7366/good/d7366.0059.fits
0060 object   10772      strumu     3.0   4.77625 +21.29992 /data/raw/bok/u/201512/J7366/good/d7366.0060.fits
0061 object   10772      strumu    40.0   4.77617 +21.30000 /data/raw/bok/u/201512/J7366/good/d7366.0061.fits
0062 object   10409      strumu     3.0   5.60492 +20.50025 /data/raw/bok/u/201512/J7366/good/d7366.0062.fits
0063 object   10409      strumu    40.0   5.60487 +20.50003 /data/raw/bok/u/201512/J7366/good/d7366.0063.fits
0064 object   10773      strumu     3.0   5.63488 +21.29983 /data/raw/bok/u/201512/J7366/good/d7366.0064.fits
0065 object   10773      strumu    40.0   5.63483 +21.30000 /data/raw/bok/u/201512/J7366/good/d7366.0065.fits
0066 object   10410      strumu     3.0   6.45917 +20.50006 /data/raw/bok/u/201512/J7366/good/d7366.0066.fits
0067 object   10410      strumu    40.0   6.45913 +20.50000 /data/raw/bok/u/201512/J7366/good/d7366.0067.fits
0068 object   10774      strumu     3.0   6.49367 +21.29986 /data/raw/bok/u/201512/J7366/good/d7366.0068.fits
0069 object   10774      strumu    40.0   6.49354 +21.30000 /data/raw/bok/u/201512/J7366/good/d7366.0069.fits
0070 object   10411      strumu     3.0   7.31279 +20.50011 /data/raw/bok/u/201512/J7366/good/d7366.0070.fits
0071 object   10411      strumu    40.0   7.31275 +20.50000 /data/raw/bok/u/201512/J7366/good/d7366.0071.fits
0090 object   10455      strumu     3.0  44.89288 +20.50000 /data/raw/bok/u/201512/J7366/good/d7366.0090.fits
0091 object   10455      strumu    40.0  44.89279 +20.50003 /data/raw/bok/u/201512/J7366/good/d7366.0091.fits
0092 object   10819      strumu     3.0  45.13287 +21.29992 /data/raw/bok/u/201512/J7366/good/d7366.0092.fits
0093 object   10819      strumu    40.0  45.13279 +21.30000 /data/raw/bok/u/201512/J7366/good/d7366.0093.fits
0094 object   10456      strumu     3.0  45.74700 +20.50017 /data/raw/bok/u/201512/J7366/good/d7366.0094.fits
0095 object   10456      strumu    40.0  45.74700 +20.50000 /data/raw/bok/u/201512/J7366/good/d7366.0095.fits
0096 object   10820      strumu     3.0  45.99167 +21.29989 /data/raw/bok/u/201512/J7366/good/d7366.0096.fits
0097 object   10820      strumu    40.0  45.99167 +21.30000 /data/raw/bok/u/201512/J7366/good/d7366.0097.fits
0098 object   10457      strumu     3.0  46.60125 +20.50028 /data/raw/bok/u/201512/J7366/good/d7366.0098.fits
0099 object   10457      strumu    40.0  46.60125 +20.50000 /data/raw/bok/u/201512/J7366/good/d7366.0099.fits
0100 object   10821      strumu     3.0  46.85021 +21.29986 /data/raw/bok/u/201512/J7366/good/d7366.0100.fits
0101 object   10821      strumu    40.0  46.85042 +21.30000 /data/raw/bok/u/201512/J7366/good/d7366.0101.fits
0102 object   10458      strumu     3.0  47.45550 +20.50006 /data/raw/bok/u/201512/J7366/good/d7366.0102.fits
0103 object   10458      strumu    40.0  47.45533 +20.50000 /data/raw/bok/u/201512/J7366/good/d7366.0103.fits
0104 object   10822      strumu     3.0  47.70879 +21.29992 /data/raw/bok/u/201512/J7366/good/d7366.0104.fits
0105 object   10822      strumu    40.0  47.70879 +21.30000 /data/raw/bok/u/201512/J7366/good/d7366.0105.fits
0106 object   10459      strumu     3.0  48.30921 +20.50008 /data/raw/bok/u/201512/J7366/good/d7366.0106.fits
0107 object   10459      strumu    40.0  48.30917 +20.50000 /data/raw/bok/u/201512/J7366/good/d7366.0107.fits
0108 object   10823      strumu     3.0  48.56737 +21.29989 /data/raw/bok/u/201512/J7366/good/d7366.0108.fits
0109 object   10823      strumu    40.0  48.56737 +21.30000 /data/raw/bok/u/201512/J7366/good/d7366.0109.fits
0110 object   10460      strumu     3.0  49.16333 +20.50006 /data/raw/bok/u/201512/J7366/good/d7366.0110.fits
0111 object   10460      strumu    40.0  49.16321 +20.50000 /data/raw/bok/u/201512/J7366/good/d7366.0111.fits
0112 object   10824      strumu     3.0  49.42608 +21.29992 /data/raw/bok/u/201512/J7366/good/d7366.0112.fits
0113 object   10824      strumu    40.0  49.42617 +21.30000 /data/raw/bok/u/201512/J7366/good/d7366.0113.fits
0114 object   10461      strumu     3.0  50.01742 +20.50008 /data/raw/bok/u/201512/J7366/good/d7366.0114.fits
0115 object   10461      strumu    40.0  50.01750 +20.50000 /data/raw/bok/u/201512/J7366/good/d7366.0115.fits
0116 object   10825      strumu     3.0  50.28492 +21.29989 /data/raw/bok/u/201512/J7366/good/d7366.0116.fits
0117 object   10825      strumu    40.0  50.28479 +21.30000 /data/raw/bok/u/201512/J7366/good/d7366.0117.fits
0118 object   10462      strumu     3.0  50.87167 +20.50006 /data/raw/bok/u/201512/J7366/good/d7366.0118.fits
0119 object   10462      strumu    40.0  50.87167 +20.50000 /data/raw/bok/u/201512/J7366/good/d7366.0119.fits
0120 object   10463      strumu     3.0  51.72567 +20.50000 /data/raw/bok/u/201512/J7366/good/d7366.0120.fits
0121 object   10463      strumu    40.0  51.72571 +20.50000 /data/raw/bok/u/201512/J7366/good/d7366.0121.fits
0122 object   10464      strumu     3.0  52.57954 +20.50000 /data/raw/bok/u/201512/J7366/good/d7366.0122.fits
0123 object   10464      strumu    40.0  52.57963 +20.50000 /data/raw/bok/u/201512/J7366/good/d7366.0123.fits
0124 object   10465      strumu     3.0  53.43354 +20.50000 /data/raw/bok/u/201512/J7366/good/d7366.0124.fits
0125 object   10465      strumu    40.0  53.43371 +20.50000 /data/raw/bok/u/201512/J7366/good/d7366.0125.fits
0126 object   10466      strumu     3.0  54.28783 +20.50000 /data/raw/bok/u/201512/J7366/good/d7366.0126.fits
0127 object   10466      strumu    40.0  54.28796 +20.50000 /data/raw/bok/u/201512/J7366/good/d7366.0127.fits
0128 object   10467      strumu     3.0  55.14204 +20.50000 /data/raw/bok/u/201512/J7366/good/d7366.0128.fits
0129 object   10467      strumu    40.0  55.14204 +20.50000 /data/raw/bok/u/201512/J7366/good/d7366.0129.fits
0130 object   10468      strumu     3.0  55.99629 +20.50000 /data/raw/bok/u/201512/J7366/good/d7366.0130.fits
0131 object   10468      strumu    40.0  55.99621 +20.50000 /data/raw/bok/u/201512/J7366/good/d7366.0131.fits
0132 object   10469      strumu     3.0  56.84967 +20.50000 /data/raw/bok/u/201512/J7366/good/d7366.0132.fits
0133 object   10469      strumu    40.0  56.84996 +20.50000 /data/raw/bok/u/201512/J7366/good/d7366.0133.fits
0134 object   10470      strumu     3.0  57.70417 +20.50000 /data/raw/bok/u/201512/J7366/good/d7366.0134.fits
0135 object   10470      strumu    40.0  57.70417 +20.50000 /data/raw/bok/u/201512/J7366/good/d7366.0135.fits
0136 object   10471      strumu     3.0  58.55833 +20.50000 /data/raw/bok/u/201512/J7366/good/d7366.0136.fits
0137 object   10471      strumu    40.0  58.55829 +20.50000 /data/raw/bok/u/201512/J7366/good/d7366.0137.fits
0138 object   10472      strumu     3.0  59.41242 +20.50000 /data/raw/bok/u/201512/J7366/good/d7366.0138.fits
0139 object   10472      strumu    40.0  59.41242 +20.49997 /data/raw/bok/u/201512/J7366/good/d7366.0139.fits
0140 object   10473      strumu     3.0  60.26646 +20.50000 /data/raw/bok/u/201512/J7366/good/d7366.0140.fits
0141 object   10473      strumu    40.0  60.26667 +20.50000 /data/raw/bok/u/201512/J7366/good/d7366.0141.fits
0142 object   10474      strumu     3.0  61.12083 +20.50000 /data/raw/bok/u/201512/J7366/good/d7366.0142.fits
0143 object   10474      strumu    40.0  61.12079 +20.50000 /data/raw/bok/u/201512/J7366/good/d7366.0143.fits
0144 object   10475      strumu     3.0  61.97429 +20.50000 /data/raw/bok/u/201512/J7366/good/d7366.0144.fits
0145 object   10475      strumu    40.0  61.97442 +20.50000 /data/raw/bok/u/201512/J7366/good/d7366.0145.fits
0146 object   10476      strumu     3.0  62.82854 +20.50000 /data/raw/bok/u/201512/J7366/good/d7366.0146.fits
0147 object   10476      strumu    40.0  62.82863 +20.50000 /data/raw/bok/u/201512/J7366/good/d7366.0147.fits
0148 object   10477      strumu     3.0  63.68254 +20.50000 /data/raw/bok/u/201512/J7366/good/d7366.0148.fits
0149 object   10477      strumu    40.0  63.68279 +20.50000 /data/raw/bok/u/201512/J7366/good/d7366.0149.fits
0150 object   10478      strumu     3.0  64.53675 +20.50000 /data/raw/bok/u/201512/J7366/good/d7366.0150.fits
0151 object   10478      strumu    40.0  64.53696 +20.50000 /data/raw/bok/u/201512/J7366/good/d7366.0151.fits
0152 object   10479      strumu     3.0  65.39121 +20.50000 /data/raw/bok/u/201512/J7366/good/d7366.0152.fits
0153 object   10479      strumu    40.0  65.39108 +20.50000 /data/raw/bok/u/201512/J7366/good/d7366.0153.fits
0154 object   10480      strumu     3.0  66.24479 +20.50000 /data/raw/bok/u/201512/J7366/good/d7366.0154.fits
0155 object   10480      strumu    40.0  66.24496 +20.50000 /data/raw/bok/u/201512/J7366/good/d7366.0155.fits
0156 object   10481      strumu     3.0  67.09908 +20.50000 /data/raw/bok/u/201512/J7366/good/d7366.0156.fits
0157 object   10481      strumu    40.0  67.09896 +20.50000 /data/raw/bok/u/201512/J7366/good/d7366.0157.fits
0158 object   10482      strumu     3.0  67.95321 +20.50000 /data/raw/bok/u/201512/J7366/good/d7366.0158.fits
0159 object   10482      strumu    40.0  67.95321 +20.50000 /data/raw/bok/u/201512/J7366/good/d7366.0159.fits
0160 object   10483      strumu     3.0  68.80742 +20.50000 /data/raw/bok/u/201512/J7366/good/d7366.0160.fits
0161 object   10483      strumu    40.0  68.80729 +20.50000 /data/raw/bok/u/201512/J7366/good/d7366.0161.fits
0162 object   10484      strumu     3.0  69.66167 +20.50000 /data/raw/bok/u/201512/J7366/good/d7366.0162.fits
0163 object   10484      strumu    40.0  69.66167 +20.50000 /data/raw/bok/u/201512/J7366/good/d7366.0163.fits
0164 object   10485      strumu     3.0  70.51546 +20.50000 /data/raw/bok/u/201512/J7366/good/d7366.0164.fits
0165 object   10485      strumu    40.0  70.51538 +20.50000 /data/raw/bok/u/201512/J7366/good/d7366.0165.fits
0166 object   10486      strumu     3.0  71.36967 +20.50000 /data/raw/bok/u/201512/J7366/good/d7366.0166.fits
0167 object   10486      strumu    40.0  71.36954 +20.50000 /data/raw/bok/u/201512/J7366/good/d7366.0167.fits
0168 object   10487      strumu     3.0  72.22362 +20.50000 /data/raw/bok/u/201512/J7366/good/d7366.0168.fits
0169 object   10487      strumu    40.0  72.22358 +20.50003 /data/raw/bok/u/201512/J7366/good/d7366.0169.fits
0170 object   10488      strumu     3.0  73.07779 +20.50000 /data/raw/bok/u/201512/J7366/good/d7366.0170.fits
0171 object   10488      strumu    40.0  73.07796 +20.50003 /data/raw/bok/u/201512/J7366/good/d7366.0171.fits
0172 object   10489      strumu     3.0  73.93196 +20.50000 /data/raw/bok/u/201512/J7366/good/d7366.0172.fits
0173 object   10489      strumu    40.0  73.93192 +20.50000 /data/raw/bok/u/201512/J7366/good/d7366.0173.fits
0174 object   10490      strumu     3.0  74.78571 +20.50000 /data/raw/bok/u/201512/J7366/good/d7366.0174.fits
0175 object   10490      strumu    40.0  74.78575 +20.50000 /data/raw/bok/u/201512/J7366/good/d7366.0175.fits
0176 object   10854      strumu     3.0  75.18583 +21.29989 /data/raw/bok/u/201512/J7366/good/d7366.0176.fits
0177 object   10854      strumu    40.0  75.18562 +21.29997 /data/raw/bok/u/201512/J7366/good/d7366.0177.fits
0178 object   10491      strumu     3.0  75.64004 +20.50011 /data/raw/bok/u/201512/J7366/good/d7366.0178.fits
0179 object   10491      strumu    40.0  75.64000 +20.50000 /data/raw/bok/u/201512/J7366/good/d7366.0179.fits
0180 object   10855      strumu     3.0  76.04446 +21.29994 /data/raw/bok/u/201512/J7366/good/d7366.0180.fits
0181 object   10855      strumu    40.0  76.04458 +21.30003 /data/raw/bok/u/201512/J7366/good/d7366.0181.fits
0182 object   10492      strumu     3.0  76.49412 +20.50014 /data/raw/bok/u/201512/J7366/good/d7366.0182.fits
0183 object   10492      strumu    40.0  76.49400 +20.50003 /data/raw/bok/u/201512/J7366/good/d7366.0183.fits
0184 object   10856      strumu     3.0  76.90325 +21.29994 /data/raw/bok/u/201512/J7366/good/d7366.0184.fits
0185 object   10856      strumu    40.0  76.90317 +21.30000 /data/raw/bok/u/201512/J7366/good/d7366.0185.fits
0186 object   10493      strumu     3.0  77.34833 +20.50008 /data/raw/bok/u/201512/J7366/good/d7366.0186.fits
0187 object   10493      strumu    40.0  77.34825 +20.50000 /data/raw/bok/u/201512/J7366/good/d7366.0187.fits
0188 object   10857      strumu     3.0  77.76154 +21.29981 /data/raw/bok/u/201512/J7366/good/d7366.0188.fits
0189 object   10857      strumu    40.0  77.76150 +21.30000 /data/raw/bok/u/201512/J7366/good/d7366.0189.fits
0190 object   10494      strumu     3.0  78.20242 +20.50014 /data/raw/bok/u/201512/J7366/good/d7366.0190.fits
0191 object   10494      strumu    40.0  78.20246 +20.50000 /data/raw/bok/u/201512/J7366/good/d7366.0191.fits
0192 object   10858      strumu     3.0  78.62046 +21.29989 /data/raw/bok/u/201512/J7366/good/d7366.0192.fits
0193 object   10858      strumu    40.0  78.62042 +21.29997 /data/raw/bok/u/201512/J7366/good/d7366.0193.fits
0194 object   10495      strumu     3.0  79.05658 +20.50019 /data/raw/bok/u/201512/J7366/good/d7366.0194.fits
0195 object   10495      strumu    40.0  79.05654 +20.50000 /data/raw/bok/u/201512/J7366/good/d7366.0195.fits
0203 object   10859      strumu     3.0 104.37996 +21.29986 /data/raw/bok/u/201512/J7366/good/d7366.0203.fits
0204 object   10859      strumu    40.0 104.37983 +21.29997 /data/raw/bok/u/201512/J7366/good/d7366.0204.fits
0205 object   10496      strumu     3.0 104.67900 +20.50019 /data/raw/bok/u/201512/J7366/good/d7366.0205.fits
0206 object   10496      strumu    40.0 104.67900 +20.50000 /data/raw/bok/u/201512/J7366/good/d7366.0206.fits
0207 object   10860      strumu     3.0 105.23871 +21.29983 /data/raw/bok/u/201512/J7366/good/d7366.0207.fits
0208 object   10860      strumu    40.0 105.23862 +21.30000 /data/raw/bok/u/201512/J7366/good/d7366.0208.fits
0209 object   10497      strumu     3.0 105.53308 +20.50019 /data/raw/bok/u/201512/J7366/good/d7366.0209.fits
0210 object   10497      strumu    40.0 105.53317 +20.50000 /data/raw/bok/u/201512/J7366/good/d7366.0210.fits
0211 object   10861      strumu     3.0 106.09733 +21.29978 /data/raw/bok/u/201512/J7366/good/d7366.0211.fits
0212 object   10861      strumu    40.0 106.09725 +21.30000 /data/raw/bok/u/201512/J7366/good/d7366.0212.fits
0213 object   10498      strumu     3.0 106.38708 +20.50019 /data/raw/bok/u/201512/J7366/good/d7366.0213.fits
0214 object   10498      strumu    40.0 106.38683 +20.50000 /data/raw/bok/u/201512/J7366/good/d7366.0214.fits
0215 object   10862      strumu     3.0 106.95571 +21.29989 /data/raw/bok/u/201512/J7366/good/d7366.0215.fits
0216 object   10862      strumu    40.0 106.95571 +21.30000 /data/raw/bok/u/201512/J7366/good/d7366.0216.fits
0217 object   10499      strumu     3.0 107.24121 +20.50028 /data/raw/bok/u/201512/J7366/good/d7366.0217.fits
0218 object   10499      strumu    40.0 107.24108 +20.50000 /data/raw/bok/u/201512/J7366/good/d7366.0218.fits
0219 object   10863      strumu     3.0 107.81438 +21.29992 /data/raw/bok/u/201512/J7366/good/d7366.0219.fits
0220 object   10863      strumu    40.0 107.81446 +21.29997 /data/raw/bok/u/201512/J7366/good/d7366.0220.fits
0221 object   10500      strumu     3.0 108.09525 +20.50011 /data/raw/bok/u/201512/J7366/good/d7366.0221.fits
0222 object   10500      strumu    40.0 108.09521 +20.50000 /data/raw/bok/u/201512/J7366/good/d7366.0222.fits
0223 object   10864      strumu     3.0 108.67321 +21.29992 /data/raw/bok/u/201512/J7366/good/d7366.0223.fits
0224 object   10864      strumu    40.0 108.67329 +21.30000 /data/raw/bok/u/201512/J7366/good/d7366.0224.fits
0225 object   10501      strumu     3.0 108.94942 +20.50011 /data/raw/bok/u/201512/J7366/good/d7366.0225.fits
0226 object   10501      strumu    40.0 108.94950 +20.50000 /data/raw/bok/u/201512/J7366/good/d7366.0226.fits
0227 object   10865      strumu     3.0 109.53192 +21.29981 /data/raw/bok/u/201512/J7366/good/d7366.0227.fits
0228 object   10865      strumu    40.0 109.53200 +21.30000 /data/raw/bok/u/201512/J7366/good/d7366.0228.fits
0229 object   10502      strumu     3.0 109.80371 +20.50006 /data/raw/bok/u/201512/J7366/good/d7366.0229.fits
0230 object   10502      strumu    40.0 109.80358 +20.50000 /data/raw/bok/u/201512/J7366/good/d7366.0230.fits
0231 object   10866      strumu     3.0 110.39067 +21.29989 /data/raw/bok/u/201512/J7366/good/d7366.0231.fits
0232 object   10866      strumu    40.0 110.39079 +21.30000 /data/raw/bok/u/201512/J7366/good/d7366.0232.fits
0233 object   10503      strumu     3.0 110.65775 +20.50028 /data/raw/bok/u/201512/J7366/good/d7366.0233.fits
0234 object   10503      strumu    40.0 110.65775 +20.50000 /data/raw/bok/u/201512/J7366/good/d7366.0234.fits
0235 object   10867      strumu     3.0 111.24908 +21.29983 /data/raw/bok/u/201512/J7366/good/d7366.0235.fits
0236 object   10867      strumu    40.0 111.24913 +21.30000 /data/raw/bok/u/201512/J7366/good/d7366.0236.fits
0237 object   10504      strumu     3.0 111.51163 +20.50008 /data/raw/bok/u/201512/J7366/good/d7366.0237.fits
0238 object   10504      strumu    40.0 111.51167 +20.50000 /data/raw/bok/u/201512/J7366/good/d7366.0238.fits
0239 object   10868      strumu     3.0 112.10792 +21.29986 /data/raw/bok/u/201512/J7366/good/d7366.0239.fits
0240 object   10868      strumu    40.0 112.10775 +21.30000 /data/raw/bok/u/201512/J7366/good/d7366.0240.fits
0241 object   10505      strumu     3.0 112.36575 +20.50011 /data/raw/bok/u/201512/J7366/good/d7366.0241.fits
0242 object   10505      strumu    40.0 112.36579 +20.50000 /data/raw/bok/u/201512/J7366/good/d7366.0242.fits
0243 object   10869      strumu     3.0 112.96658 +21.29981 /data/raw/bok/u/201512/J7366/good/d7366.0243.fits
0244 object   10869      strumu    40.0 112.96646 +21.30000 /data/raw/bok/u/201512/J7366/good/d7366.0244.fits
0245 object   10506      strumu     3.0 113.21988 +20.50008 /data/raw/bok/u/201512/J7366/good/d7366.0245.fits
0246 object   10506      strumu    40.0 113.21996 +20.50000 /data/raw/bok/u/201512/J7366/good/d7366.0246.fits
0247 object   10870      strumu     3.0 113.82542 +21.29992 /data/raw/bok/u/201512/J7366/good/d7366.0247.fits
0248 object   10870      strumu    40.0 113.82529 +21.30000 /data/raw/bok/u/201512/J7366/good/d7366.0248.fits
0249 object   10507      strumu     3.0 114.07408 +20.50019 /data/raw/bok/u/201512/J7366/good/d7366.0249.fits
0250 object   10507      strumu    40.0 114.07421 +20.50000 /data/raw/bok/u/201512/J7366/good/d7366.0250.fits
0251 object   11233      strumu     3.0 114.45946 +22.09981 /data/raw/bok/u/201512/J7366/good/d7366.0251.fits
0252 object   11233      strumu    40.0 114.45950 +22.10000 /data/raw/bok/u/201512/J7366/good/d7366.0252.fits
0253 object   10871      strumu     3.0 114.68375 +21.30011 /data/raw/bok/u/201512/J7366/good/d7366.0253.fits
0254 object   10871      strumu    40.0 114.68367 +21.30003 /data/raw/bok/u/201512/J7366/good/d7366.0254.fits
0255 object   10508      strumu     3.0 114.92838 +20.50017 /data/raw/bok/u/201512/J7366/good/d7366.0255.fits
0256 object   10508      strumu    40.0 114.92833 +20.50000 /data/raw/bok/u/201512/J7366/good/d7366.0256.fits
0257 object   11234      strumu     3.0 115.32283 +22.09992 /data/raw/bok/u/201512/J7366/good/d7366.0257.fits
0258 object   11234      strumu    40.0 115.32279 +22.10000 /data/raw/bok/u/201512/J7366/good/d7366.0258.fits
0259 object   10872      strumu     3.0 115.54246 +21.30006 /data/raw/bok/u/201512/J7366/good/d7366.0259.fits
0260 object   10872      strumu    40.0 115.54237 +21.30000 /data/raw/bok/u/201512/J7366/good/d7366.0260.fits
0261 object   10509      strumu     3.0 115.78208 +20.50008 /data/raw/bok/u/201512/J7366/good/d7366.0261.fits
0262 object   10509      strumu    40.0 115.78196 +20.50000 /data/raw/bok/u/201512/J7366/good/d7366.0262.fits
0263 object   11235      strumu     3.0 116.18608 +22.09989 /data/raw/bok/u/201512/J7366/good/d7366.0263.fits
0266 object   10509      strumu     3.0 115.78196 +20.50011 /data/raw/bok/u/201512/J7366/good/d7366.0266.fits
0267 object   10509      strumu    40.0 115.78208 +20.50000 /data/raw/bok/u/201512/J7366/good/d7366.0267.fits
0268 object   11235      strumu     3.0 116.18617 +22.09972 /data/raw/bok/u/201512/J7366/good/d7366.0268.fits
0269 object   11235      strumu    40.0 116.18613 +22.10000 /data/raw/bok/u/201512/J7366/good/d7366.0269.fits
0270 object   10873      strumu     3.0 116.40117 +21.30025 /data/raw/bok/u/201512/J7366/good/d7366.0270.fits
0271 object   10873      strumu    40.0 116.40117 +21.30000 /data/raw/bok/u/201512/J7366/good/d7366.0271.fits
0272 object   10510      strumu     3.0 116.63617 +20.50006 /data/raw/bok/u/201512/J7366/good/d7366.0272.fits
0273 object   10510      strumu    40.0 116.63613 +20.50000 /data/raw/bok/u/201512/J7366/good/d7366.0273.fits
0274 object   11236      strumu     3.0 117.05000 +22.09992 /data/raw/bok/u/201512/J7366/good/d7366.0274.fits
0275 object   11236      strumu    40.0 117.04992 +22.10000 /data/raw/bok/u/201512/J7366/good/d7366.0275.fits
0282 object   10874      strumu     3.0 117.25996 +21.30014 /data/raw/bok/u/201512/J7366/good/d7366.0282.fits
0283 object   10874      strumu    40.0 117.25996 +21.30000 /data/raw/bok/u/201512/J7366/good/d7366.0283.fits
0284 object   10511      strumu     3.0 117.49029 +20.50028 /data/raw/bok/u/201512/J7366/good/d7366.0284.fits
0285 object   10511      strumu    40.0 117.49029 +20.49997 /data/raw/bok/u/201512/J7366/good/d7366.0285.fits
0286 object   11237      strumu     3.0 117.91321 +22.09978 /data/raw/bok/u/201512/J7366/good/d7366.0286.fits
0287 object   11237      strumu    40.0 117.91321 +22.10003 /data/raw/bok/u/201512/J7366/good/d7366.0287.fits
0288 object   10875      strumu     3.0 118.11833 +21.30008 /data/raw/bok/u/201512/J7366/good/d7366.0288.fits
0289 object   10875      strumu    40.0 118.11825 +21.30000 /data/raw/bok/u/201512/J7366/good/d7366.0289.fits
0290 object   10512      strumu     3.0 118.34442 +20.50017 /data/raw/bok/u/201512/J7366/good/d7366.0290.fits
0291 object   10512      strumu    40.0 118.34437 +20.50000 /data/raw/bok/u/201512/J7366/good/d7366.0291.fits
0292 object   11238      strumu     3.0 118.77650 +22.09983 /data/raw/bok/u/201512/J7366/good/d7366.0292.fits
0293 object   11238      strumu    40.0 118.77654 +22.10000 /data/raw/bok/u/201512/J7366/good/d7366.0293.fits
0294 object   10876      strumu     3.0 118.97700 +21.30019 /data/raw/bok/u/201512/J7366/good/d7366.0294.fits
0295 object   10876      strumu    40.0 118.97696 +21.30000 /data/raw/bok/u/201512/J7366/good/d7366.0295.fits
0296 object   10513      strumu     3.0 119.19879 +20.50008 /data/raw/bok/u/201512/J7366/good/d7366.0296.fits
0297 object   10513      strumu    40.0 119.19875 +20.50000 /data/raw/bok/u/201512/J7366/good/d7366.0297.fits
0298 object   11239      strumu     3.0 119.63992 +22.09972 /data/raw/bok/u/201512/J7366/good/d7366.0298.fits
0299 object   11239      strumu    40.0 119.63992 +22.10000 /data/raw/bok/u/201512/J7366/good/d7366.0299.fits
0300 object   10877      strumu     3.0 119.83575 +21.30014 /data/raw/bok/u/201512/J7366/good/d7366.0300.fits
0301 object   10877      strumu    40.0 119.83575 +21.30000 /data/raw/bok/u/201512/J7366/good/d7366.0301.fits
0302 object   10514      strumu     3.0 120.05229 +20.50006 /data/raw/bok/u/201512/J7366/good/d7366.0302.fits
0303 object   10514      strumu    40.0 120.05233 +20.50000 /data/raw/bok/u/201512/J7366/good/d7366.0303.fits
0304 object   10878      strumu     3.0 120.69467 +21.29983 /data/raw/bok/u/201512/J7366/good/d7366.0304.fits
0305 object   10878      strumu    40.0 120.69463 +21.30000 /data/raw/bok/u/201512/J7366/good/d7366.0305.fits
0306 object   10515      strumu     3.0 120.90658 +20.50011 /data/raw/bok/u/201512/J7366/good/d7366.0306.fits
0307 object   10515      strumu    40.0 120.90663 +20.50000 /data/raw/bok/u/201512/J7366/good/d7366.0307.fits
0308 object   10879      strumu     3.0 121.55333 +21.29989 /data/raw/bok/u/201512/J7366/good/d7366.0308.fits
0309 object   10879      strumu    40.0 121.55333 +21.30000 /data/raw/bok/u/201512/J7366/good/d7366.0309.fits
0310 object   10516      strumu     3.0 121.76083 +20.50014 /data/raw/bok/u/201512/J7366/good/d7366.0310.fits
0311 object   10516      strumu    40.0 121.76067 +20.50000 /data/raw/bok/u/201512/J7366/good/d7366.0311.fits
0312 object   10880      strumu     3.0 122.41163 +21.29994 /data/raw/bok/u/201512/J7366/good/d7366.0312.fits
0313 object   10880      strumu    40.0 122.41163 +21.30000 /data/raw/bok/u/201512/J7366/good/d7366.0313.fits
0314 object   10517      strumu     3.0 122.61492 +20.50017 /data/raw/bok/u/201512/J7366/good/d7366.0314.fits
0315 object   10517      strumu    40.0 122.61487 +20.50000 /data/raw/bok/u/201512/J7366/good/d7366.0315.fits
0316 object   10881      strumu     3.0 123.27038 +21.29983 /data/raw/bok/u/201512/J7366/good/d7366.0316.fits
0317 object   10881      strumu    40.0 123.27029 +21.30003 /data/raw/bok/u/201512/J7366/good/d7366.0317.fits
0318 object   10518      strumu     3.0 123.46921 +20.50008 /data/raw/bok/u/201512/J7366/good/d7366.0318.fits
0319 object   10518      strumu    40.0 123.46908 +20.50000 /data/raw/bok/u/201512/J7366/good/d7366.0319.fits
0320 object   10882      strumu     3.0 124.12904 +21.29992 /data/raw/bok/u/201512/J7366/good/d7366.0320.fits
0321 object   10882      strumu    40.0 124.12900 +21.30000 /data/raw/bok/u/201512/J7366/good/d7366.0321.fits
0322 object   10519      strumu     3.0 124.32292 +20.50006 /data/raw/bok/u/201512/J7366/good/d7366.0322.fits
0323 object   10519      strumu    40.0 124.32275 +20.49997 /data/raw/bok/u/201512/J7366/good/d7366.0323.fits
0324 object   10883      strumu     3.0 124.98796 +21.29992 /data/raw/bok/u/201512/J7366/good/d7366.0324.fits
0325 object   10883      strumu    40.0 124.98783 +21.30000 /data/raw/bok/u/201512/J7366/good/d7366.0325.fits
0326 object   10520      strumu     3.0 125.17696 +20.50008 /data/raw/bok/u/201512/J7366/good/d7366.0326.fits
0327 object   10520      strumu    40.0 125.17692 +20.50000 /data/raw/bok/u/201512/J7366/good/d7366.0327.fits
0328 object   10884      strumu     3.0 125.84629 +21.29986 /data/raw/bok/u/201512/J7366/good/d7366.0328.fits
0329 object   10884      strumu    40.0 125.84629 +21.30000 /data/raw/bok/u/201512/J7366/good/d7366.0329.fits
0330 object   10521      strumu     3.0 126.03113 +20.50022 /data/raw/bok/u/201512/J7366/good/d7366.0330.fits
0331 object   10521      strumu    40.0 126.03121 +20.49997 /data/raw/bok/u/201512/J7366/good/d7366.0331.fits
0332 object   11247      strumu     3.0 126.54738 +22.09983 /data/raw/bok/u/201512/J7366/good/d7366.0332.fits
0333 object   11247      strumu    40.0 126.54738 +22.10000 /data/raw/bok/u/201512/J7366/good/d7366.0333.fits
0334 object   10885      strumu     3.0 126.70500 +21.30008 /data/raw/bok/u/201512/J7366/good/d7366.0334.fits
0335 object   10885      strumu    40.0 126.70483 +21.30000 /data/raw/bok/u/201512/J7366/good/d7366.0335.fits
0336 object   10522      strumu     3.0 126.88529 +20.50003 /data/raw/bok/u/201512/J7366/good/d7366.0336.fits
0337 object   10522      strumu    40.0 126.88533 +20.50000 /data/raw/bok/u/201512/J7366/good/d7366.0337.fits
0338 object   11248      strumu     3.0 127.41121 +22.09992 /data/raw/bok/u/201512/J7366/good/d7366.0338.fits
0339 object   11248      strumu    40.0 127.41112 +22.10003 /data/raw/bok/u/201512/J7366/good/d7366.0339.fits
0340 object   10886      strumu     3.0 127.56363 +21.30008 /data/raw/bok/u/201512/J7366/good/d7366.0340.fits
0341 object   10886      strumu    40.0 127.56363 +21.30003 /data/raw/bok/u/201512/J7366/good/d7366.0341.fits
0342 object   10523      strumu     3.0 127.73967 +20.50019 /data/raw/bok/u/201512/J7366/good/d7366.0342.fits
0343 object   10523      strumu    40.0 127.73946 +20.50003 /data/raw/bok/u/201512/J7366/good/d7366.0343.fits
0344 object   11249      strumu     3.0 128.27463 +22.09997 /data/raw/bok/u/201512/J7366/good/d7366.0344.fits
0345 object   11249      strumu    40.0 128.27442 +22.10003 /data/raw/bok/u/201512/J7366/good/d7366.0345.fits
0346 object   10887      strumu     3.0 128.42242 +21.30006 /data/raw/bok/u/201512/J7366/good/d7366.0346.fits
0347 object   10887      strumu    40.0 128.42246 +21.30000 /data/raw/bok/u/201512/J7366/good/d7366.0347.fits
0348 object   10524      strumu     3.0 128.59321 +20.50014 /data/raw/bok/u/201512/J7366/good/d7366.0348.fits
0349 object   10524      strumu    40.0 128.59338 +20.49997 /data/raw/bok/u/201512/J7366/good/d7366.0349.fits
0350 object   11250      strumu     3.0 129.13796 +22.09983 /data/raw/bok/u/201512/J7366/good/d7366.0350.fits
0351 object   11250      strumu    40.0 129.13779 +22.10000 /data/raw/bok/u/201512/J7366/good/d7366.0351.fits
0352 object   10888      strumu     3.0 129.28075 +21.30019 /data/raw/bok/u/201512/J7366/good/d7366.0352.fits
0353 object   10888      strumu    40.0 129.28075 +21.29997 /data/raw/bok/u/201512/J7366/good/d7366.0353.fits
0362 object   10525      strumu     3.0 129.44737 +20.50022 /data/raw/bok/u/201512/J7366/good/d7366.0362.fits
0363 object   10525      strumu    40.0 129.44742 +20.50000 /data/raw/bok/u/201512/J7366/good/d7366.0363.fits
0364 object   11251      strumu     3.0 130.00129 +22.09989 /data/raw/bok/u/201512/J7366/good/d7366.0364.fits
0365 object   11251      strumu    40.0 130.00125 +22.10000 /data/raw/bok/u/201512/J7366/good/d7366.0365.fits
0366 object   10889      strumu     3.0 130.13950 +21.30014 /data/raw/bok/u/201512/J7366/good/d7366.0366.fits
0367 object   10889      strumu    40.0 130.13950 +21.29997 /data/raw/bok/u/201512/J7366/good/d7366.0367.fits
0368 object   10526      strumu     3.0 130.30125 +20.50008 /data/raw/bok/u/201512/J7366/good/d7366.0368.fits
0369 object   10526      strumu    40.0 130.30163 +20.50000 /data/raw/bok/u/201512/J7366/good/d7366.0369.fits
0370 object   11252      strumu     3.0 130.86492 +22.09975 /data/raw/bok/u/201512/J7366/good/d7366.0370.fits
0371 object   11252      strumu    40.0 130.86483 +22.10000 /data/raw/bok/u/201512/J7366/good/d7366.0371.fits
0372 object   10890      strumu     3.0 130.99825 +21.30008 /data/raw/bok/u/201512/J7366/good/d7366.0372.fits
0373 object   10890      strumu    40.0 130.99821 +21.30000 /data/raw/bok/u/201512/J7366/good/d7366.0373.fits
0374 object   10527      strumu     3.0 131.15587 +20.50014 /data/raw/bok/u/201512/J7366/good/d7366.0374.fits
0375 object   10527      strumu    40.0 131.15567 +20.50000 /data/raw/bok/u/201512/J7366/good/d7366.0375.fits
0376 object   11253      strumu     3.0 131.72829 +22.09992 /data/raw/bok/u/201512/J7366/good/d7366.0376.fits
0377 object   11253      strumu    40.0 131.72833 +22.10000 /data/raw/bok/u/201512/J7366/good/d7366.0377.fits
0072 object   10774      strumv     3.0   6.49404 +21.29983 /data/raw/bok/v/201512/J7366/good/d7366.0072.fits
0073 object   10774      strumv    40.0   6.49367 +21.30000 /data/raw/bok/v/201512/J7366/good/d7366.0073.fits
0074 object   10411      strumv     3.0   7.31288 +20.50008 /data/raw/bok/v/201512/J7366/good/d7366.0074.fits
0075 object   10411      strumv    40.0   7.31296 +20.50000 /data/raw/bok/v/201512/J7366/good/d7366.0075.fits
0197 object   10858      strumv     3.0  78.62037 +21.29983 /data/raw/bok/v/201512/J7366/good/d7366.0197.fits
0198 object   10858      strumv    40.0  78.62037 +21.30000 /data/raw/bok/v/201512/J7366/good/d7366.0198.fits
0199 object   10495      strumv     3.0  79.05675 +20.50019 /data/raw/bok/v/201512/J7366/good/d7366.0199.fits
0200 object   10495      strumv    40.0  79.05662 +20.50000 /data/raw/bok/v/201512/J7366/good/d7366.0200.fits
0277 object   10510      strumv     3.0 116.63621 +20.50008 /data/raw/bok/v/201512/J7366/good/d7366.0277.fits
0278 object   10510      strumv    40.0 116.63608 +20.50000 /data/raw/bok/v/201512/J7366/good/d7366.0278.fits
0279 object   11236      strumv     3.0 117.05000 +22.09978 /data/raw/bok/v/201512/J7366/good/d7366.0279.fits
0280 object   11236      strumv    40.0 117.04996 +22.10003 /data/raw/bok/v/201512/J7366/good/d7366.0280.fits
0355 object   11250      strumv     3.0 129.13779 +22.09989 /data/raw/bok/v/201512/J7366/good/d7366.0355.fits
0356 object   11250      strumv    40.0 129.13779 +22.10000 /data/raw/bok/v/201512/J7366/good/d7366.0356.fits
0357 object   10888      strumv     3.0 129.28075 +21.30022 /data/raw/bok/v/201512/J7366/good/d7366.0357.fits
0358 object   10888      strumv    40.0 129.28083 +21.30003 /data/raw/bok/v/201512/J7366/good/d7366.0358.fits
