0019 object   10728      strumu     3.0 327.59571 +20.49997 /data/raw/bok/u/201512/J7367/good/d7367.0019.fits
0020 object   10728      strumu    40.0 327.59579 +20.50003 /data/raw/bok/u/201512/J7367/good/d7367.0020.fits
0021 object   10729      strumu     3.0 328.45000 +20.50000 /data/raw/bok/u/201512/J7367/good/d7367.0021.fits
0022 object   10729      strumu    40.0 328.44987 +20.50003 /data/raw/bok/u/201512/J7367/good/d7367.0022.fits
0023 object   10730      strumu     3.0 329.30404 +20.50000 /data/raw/bok/u/201512/J7367/good/d7367.0023.fits
0024 object   10730      strumu    40.0 329.30404 +20.50003 /data/raw/bok/u/201512/J7367/good/d7367.0024.fits
0025 object   10731      strumu     3.0 330.15821 +20.50000 /data/raw/bok/u/201512/J7367/good/d7367.0025.fits
0026 object   10731      strumu    40.0 330.15821 +20.50003 /data/raw/bok/u/201512/J7367/good/d7367.0026.fits
0027 object   10732      strumu     3.0 331.01188 +20.50000 /data/raw/bok/u/201512/J7367/good/d7367.0027.fits
0028 object   10732      strumu    40.0 331.01204 +20.50000 /data/raw/bok/u/201512/J7367/good/d7367.0028.fits
0029 object   10733      strumu     3.0 331.86608 +20.50000 /data/raw/bok/u/201512/J7367/good/d7367.0029.fits
0030 object   10733      strumu    40.0 331.86608 +20.50000 /data/raw/bok/u/201512/J7367/good/d7367.0030.fits
0031 object   10734      strumu     3.0 332.72033 +20.50000 /data/raw/bok/u/201512/J7367/good/d7367.0031.fits
0032 object   10734      strumu    40.0 332.72042 +20.50000 /data/raw/bok/u/201512/J7367/good/d7367.0032.fits
0033 object   10735      strumu     3.0 333.57433 +20.50000 /data/raw/bok/u/201512/J7367/good/d7367.0033.fits
0034 object   10735      strumu    40.0 333.57438 +20.50003 /data/raw/bok/u/201512/J7367/good/d7367.0034.fits
0035 object   10736      strumu     3.0 334.42850 +20.50000 /data/raw/bok/u/201512/J7367/good/d7367.0035.fits
0036 object   10736      strumu    40.0 334.42871 +20.50000 /data/raw/bok/u/201512/J7367/good/d7367.0036.fits
0037 object   10737      strumu     3.0 335.28233 +20.50000 /data/raw/bok/u/201512/J7367/good/d7367.0037.fits
0038 object   10737      strumu    40.0 335.28238 +20.50000 /data/raw/bok/u/201512/J7367/good/d7367.0038.fits
0039 object   10738      strumu     3.0 336.13642 +20.50000 /data/raw/bok/u/201512/J7367/good/d7367.0039.fits
0040 object   10738      strumu    40.0 336.13658 +20.50000 /data/raw/bok/u/201512/J7367/good/d7367.0040.fits
0061 object   10855      strumu     3.0  76.04458 +21.30000 /data/raw/bok/u/201512/J7367/good/d7367.0061.fits
0062 object   10855      strumu    40.0  76.04446 +21.29997 /data/raw/bok/u/201512/J7367/good/d7367.0062.fits
0063 object   10492      strumu     3.0  76.49425 +20.50011 /data/raw/bok/u/201512/J7367/good/d7367.0063.fits
0064 object   10492      strumu    40.0  76.49417 +20.50000 /data/raw/bok/u/201512/J7367/good/d7367.0064.fits
0065 object   10856      strumu     3.0  76.90325 +21.29992 /data/raw/bok/u/201512/J7367/good/d7367.0065.fits
0066 object   10856      strumu    40.0  76.90312 +21.30000 /data/raw/bok/u/201512/J7367/good/d7367.0066.fits
0067 object   10493      strumu     3.0  77.34833 +20.50006 /data/raw/bok/u/201512/J7367/good/d7367.0067.fits
0068 object   10493      strumu    40.0  77.34833 +20.50000 /data/raw/bok/u/201512/J7367/good/d7367.0068.fits
0069 object   10857      strumu     3.0  77.76171 +21.29989 /data/raw/bok/u/201512/J7367/good/d7367.0069.fits
0070 object   10857      strumu    40.0  77.76154 +21.30000 /data/raw/bok/u/201512/J7367/good/d7367.0070.fits
0071 object   10494      strumu     3.0  78.20246 +20.50014 /data/raw/bok/u/201512/J7367/good/d7367.0071.fits
0072 object   10494      strumu    40.0  78.20250 +20.50003 /data/raw/bok/u/201512/J7367/good/d7367.0072.fits
0073 object   10858      strumu     3.0  78.62029 +21.29978 /data/raw/bok/u/201512/J7367/good/d7367.0073.fits
0074 object   10858      strumu    40.0  78.62042 +21.30000 /data/raw/bok/u/201512/J7367/good/d7367.0074.fits
0075 object   10495      strumu     3.0  79.05667 +20.50006 /data/raw/bok/u/201512/J7367/good/d7367.0075.fits
0076 object   10495      strumu    40.0  79.05650 +20.50000 /data/raw/bok/u/201512/J7367/good/d7367.0076.fits
0077 object   10859      strumu     3.0 104.37992 +21.30008 /data/raw/bok/u/201512/J7367/good/d7367.0077.fits
0078 object   10859      strumu    40.0 104.37987 +21.30000 /data/raw/bok/u/201512/J7367/good/d7367.0078.fits
0079 object   10496      strumu     3.0 104.67908 +20.50019 /data/raw/bok/u/201512/J7367/good/d7367.0079.fits
0080 object   10496      strumu    40.0 104.67912 +20.50000 /data/raw/bok/u/201512/J7367/good/d7367.0080.fits
0081 object   10860      strumu     3.0 105.23875 +21.29983 /data/raw/bok/u/201512/J7367/good/d7367.0081.fits
0082 object   10860      strumu    40.0 105.23867 +21.30000 /data/raw/bok/u/201512/J7367/good/d7367.0082.fits
0083 object   10497      strumu     3.0 105.53317 +20.50017 /data/raw/bok/u/201512/J7367/good/d7367.0083.fits
0084 object   10497      strumu    40.0 105.53325 +20.50000 /data/raw/bok/u/201512/J7367/good/d7367.0084.fits
0085 object   10861      strumu     3.0 106.09737 +21.29983 /data/raw/bok/u/201512/J7367/good/d7367.0085.fits
0086 object   10861      strumu    40.0 106.09733 +21.30000 /data/raw/bok/u/201512/J7367/good/d7367.0086.fits
0087 object   10498      strumu     3.0 106.38704 +20.50022 /data/raw/bok/u/201512/J7367/good/d7367.0087.fits
0088 object   10498      strumu    40.0 106.38688 +20.50000 /data/raw/bok/u/201512/J7367/good/d7367.0088.fits
0089 object   10862      strumu     3.0 106.95571 +21.29992 /data/raw/bok/u/201512/J7367/good/d7367.0089.fits
0090 object   10862      strumu    40.0 106.95579 +21.29997 /data/raw/bok/u/201512/J7367/good/d7367.0090.fits
0091 object   10499      strumu     3.0 107.24121 +20.50014 /data/raw/bok/u/201512/J7367/good/d7367.0091.fits
0092 object   10499      strumu    40.0 107.24104 +20.50000 /data/raw/bok/u/201512/J7367/good/d7367.0092.fits
0093 object   10863      strumu     3.0 107.81454 +21.29972 /data/raw/bok/u/201512/J7367/good/d7367.0093.fits
0094 object   10863      strumu    40.0 107.81454 +21.29997 /data/raw/bok/u/201512/J7367/good/d7367.0094.fits
0095 object   10500      strumu     3.0 108.09533 +20.50022 /data/raw/bok/u/201512/J7367/good/d7367.0095.fits
0096 object   10500      strumu    40.0 108.09521 +20.50000 /data/raw/bok/u/201512/J7367/good/d7367.0096.fits
0097 object   10864      strumu     3.0 108.67325 +21.29989 /data/raw/bok/u/201512/J7367/good/d7367.0097.fits
0098 object   10864      strumu    40.0 108.67321 +21.29997 /data/raw/bok/u/201512/J7367/good/d7367.0098.fits
0099 object   10501      strumu     3.0 108.94942 +20.50008 /data/raw/bok/u/201512/J7367/good/d7367.0099.fits
0100 object   10501      strumu    40.0 108.94942 +20.50003 /data/raw/bok/u/201512/J7367/good/d7367.0100.fits
0101 object   10865      strumu     3.0 109.53204 +21.29983 /data/raw/bok/u/201512/J7367/good/d7367.0101.fits
0102 object   10865      strumu    40.0 109.53196 +21.30000 /data/raw/bok/u/201512/J7367/good/d7367.0102.fits
0103 object   10502      strumu     3.0 109.80371 +20.50014 /data/raw/bok/u/201512/J7367/good/d7367.0103.fits
0104 object   10502      strumu    40.0 109.80367 +20.50000 /data/raw/bok/u/201512/J7367/good/d7367.0104.fits
0105 object   10866      strumu     3.0 110.39083 +21.29989 /data/raw/bok/u/201512/J7367/good/d7367.0105.fits
0106 object   10866      strumu    40.0 110.39079 +21.30000 /data/raw/bok/u/201512/J7367/good/d7367.0106.fits
0107 object   10503      strumu     3.0 110.65779 +20.50019 /data/raw/bok/u/201512/J7367/good/d7367.0107.fits
0108 object   10503      strumu    40.0 110.65771 +20.49997 /data/raw/bok/u/201512/J7367/good/d7367.0108.fits
0109 object   10867      strumu     3.0 111.24908 +21.29992 /data/raw/bok/u/201512/J7367/good/d7367.0109.fits
0110 object   10867      strumu    40.0 111.24913 +21.29997 /data/raw/bok/u/201512/J7367/good/d7367.0110.fits
0111 object   10504      strumu     3.0 111.51154 +20.50011 /data/raw/bok/u/201512/J7367/good/d7367.0111.fits
0112 object   10504      strumu    40.0 111.51150 +20.50000 /data/raw/bok/u/201512/J7367/good/d7367.0112.fits
0113 object   10868      strumu     3.0 112.10779 +21.29981 /data/raw/bok/u/201512/J7367/good/d7367.0113.fits
0114 object   10868      strumu    40.0 112.10779 +21.29997 /data/raw/bok/u/201512/J7367/good/d7367.0114.fits
0115 object   10505      strumu     3.0 112.36579 +20.50006 /data/raw/bok/u/201512/J7367/good/d7367.0115.fits
0116 object   10505      strumu    40.0 112.36563 +20.50000 /data/raw/bok/u/201512/J7367/good/d7367.0116.fits
0117 object   10869      strumu     3.0 112.96650 +21.29972 /data/raw/bok/u/201512/J7367/good/d7367.0117.fits
0118 object   10869      strumu    40.0 112.96654 +21.30000 /data/raw/bok/u/201512/J7367/good/d7367.0118.fits
0119 object   10506      strumu     3.0 113.21992 +20.50017 /data/raw/bok/u/201512/J7367/good/d7367.0119.fits
0120 object   10506      strumu    40.0 113.21975 +20.50000 /data/raw/bok/u/201512/J7367/good/d7367.0120.fits
0121 object   10870      strumu     3.0 113.82533 +21.29989 /data/raw/bok/u/201512/J7367/good/d7367.0121.fits
0122 object   10870      strumu    40.0 113.82533 +21.30000 /data/raw/bok/u/201512/J7367/good/d7367.0122.fits
0123 object   10507      strumu     3.0 114.07396 +20.50006 /data/raw/bok/u/201512/J7367/good/d7367.0123.fits
0124 object   10507      strumu    40.0 114.07400 +20.50000 /data/raw/bok/u/201512/J7367/good/d7367.0124.fits
0125 object   11233      strumu     3.0 114.45950 +22.09983 /data/raw/bok/u/201512/J7367/good/d7367.0125.fits
0126 object   11233      strumu    40.0 114.45942 +22.10000 /data/raw/bok/u/201512/J7367/good/d7367.0126.fits
0134 object   10871      strumu     3.0 114.68367 +21.30006 /data/raw/bok/u/201512/J7367/good/d7367.0134.fits
0135 object   10871      strumu    40.0 114.68371 +21.29997 /data/raw/bok/u/201512/J7367/good/d7367.0135.fits
0136 object   10508      strumu     3.0 114.92829 +20.50014 /data/raw/bok/u/201512/J7367/good/d7367.0136.fits
0137 object   10508      strumu    40.0 114.92825 +20.50000 /data/raw/bok/u/201512/J7367/good/d7367.0137.fits
0138 object   11234      strumu     3.0 115.32271 +22.09989 /data/raw/bok/u/201512/J7367/good/d7367.0138.fits
0139 object   11234      strumu    40.0 115.32271 +22.10000 /data/raw/bok/u/201512/J7367/good/d7367.0139.fits
0140 object   10872      strumu     3.0 115.54233 +21.30017 /data/raw/bok/u/201512/J7367/good/d7367.0140.fits
0141 object   10872      strumu    40.0 115.54237 +21.29997 /data/raw/bok/u/201512/J7367/good/d7367.0141.fits
0145 object   10509      strumu     3.0 115.78192 +20.50014 /data/raw/bok/u/201512/J7367/good/d7367.0145.fits
0146 object   10509      strumu    40.0 115.78196 +20.49997 /data/raw/bok/u/201512/J7367/good/d7367.0146.fits
0147 object   11235      strumu     3.0 116.18604 +22.09992 /data/raw/bok/u/201512/J7367/good/d7367.0147.fits
0148 object   11235      strumu    40.0 116.18621 +22.10003 /data/raw/bok/u/201512/J7367/good/d7367.0148.fits
0149 object   10873      strumu     3.0 116.40117 +21.30006 /data/raw/bok/u/201512/J7367/good/d7367.0149.fits
0150 object   10873      strumu    40.0 116.40100 +21.30003 /data/raw/bok/u/201512/J7367/good/d7367.0150.fits
0151 object   10510      strumu     3.0 116.63621 +20.50011 /data/raw/bok/u/201512/J7367/good/d7367.0151.fits
0152 object   10510      strumu    40.0 116.63608 +20.50000 /data/raw/bok/u/201512/J7367/good/d7367.0152.fits
0153 object   11236      strumu     3.0 117.04992 +22.09981 /data/raw/bok/u/201512/J7367/good/d7367.0153.fits
0154 object   11236      strumu    40.0 117.04992 +22.10000 /data/raw/bok/u/201512/J7367/good/d7367.0154.fits
0155 object   10874      strumu     3.0 117.25996 +21.30008 /data/raw/bok/u/201512/J7367/good/d7367.0155.fits
0156 object   10874      strumu    40.0 117.25996 +21.30003 /data/raw/bok/u/201512/J7367/good/d7367.0156.fits
0157 object   10511      strumu     3.0 117.49029 +20.50022 /data/raw/bok/u/201512/J7367/good/d7367.0157.fits
0158 object   10511      strumu    40.0 117.49021 +20.50000 /data/raw/bok/u/201512/J7367/good/d7367.0158.fits
0159 object   11237      strumu     3.0 117.91329 +22.09989 /data/raw/bok/u/201512/J7367/good/d7367.0159.fits
0160 object   11237      strumu    40.0 117.91333 +22.10000 /data/raw/bok/u/201512/J7367/good/d7367.0160.fits
0161 object   10875      strumu     3.0 118.11821 +21.30017 /data/raw/bok/u/201512/J7367/good/d7367.0161.fits
0162 object   10875      strumu    40.0 118.11829 +21.30000 /data/raw/bok/u/201512/J7367/good/d7367.0162.fits
0163 object   10512      strumu     3.0 118.34458 +20.50022 /data/raw/bok/u/201512/J7367/good/d7367.0163.fits
0164 object   10512      strumu    40.0 118.34454 +20.50003 /data/raw/bok/u/201512/J7367/good/d7367.0164.fits
0165 object   11238      strumu     3.0 118.77654 +22.09994 /data/raw/bok/u/201512/J7367/good/d7367.0165.fits
0166 object   11238      strumu    40.0 118.77654 +22.10000 /data/raw/bok/u/201512/J7367/good/d7367.0166.fits
0167 object   10876      strumu     3.0 118.97713 +21.30006 /data/raw/bok/u/201512/J7367/good/d7367.0167.fits
0168 object   10876      strumu    40.0 118.97692 +21.30000 /data/raw/bok/u/201512/J7367/good/d7367.0168.fits
0169 object   10513      strumu     3.0 119.19879 +20.50019 /data/raw/bok/u/201512/J7367/good/d7367.0169.fits
0170 object   10513      strumu    40.0 119.19875 +20.50000 /data/raw/bok/u/201512/J7367/good/d7367.0170.fits
0171 object   11239      strumu     3.0 119.64000 +22.09986 /data/raw/bok/u/201512/J7367/good/d7367.0171.fits
0172 object   11239      strumu    40.0 119.63992 +22.10000 /data/raw/bok/u/201512/J7367/good/d7367.0172.fits
0173 object   10877      strumu     3.0 119.83575 +21.30028 /data/raw/bok/u/201512/J7367/good/d7367.0173.fits
0174 object   10877      strumu    40.0 119.83575 +21.30000 /data/raw/bok/u/201512/J7367/good/d7367.0174.fits
0175 object   10514      strumu     3.0 120.05254 +20.50011 /data/raw/bok/u/201512/J7367/good/d7367.0175.fits
0176 object   10514      strumu    40.0 120.05233 +20.50000 /data/raw/bok/u/201512/J7367/good/d7367.0176.fits
0177 object   10878      strumu     3.0 120.69467 +21.29986 /data/raw/bok/u/201512/J7367/good/d7367.0177.fits
0178 object   10878      strumu    40.0 120.69446 +21.30000 /data/raw/bok/u/201512/J7367/good/d7367.0178.fits
0179 object   10515      strumu     3.0 120.90663 +20.50011 /data/raw/bok/u/201512/J7367/good/d7367.0179.fits
0180 object   10515      strumu    40.0 120.90650 +20.50003 /data/raw/bok/u/201512/J7367/good/d7367.0180.fits
0181 object   10879      strumu     3.0 121.55329 +21.29989 /data/raw/bok/u/201512/J7367/good/d7367.0181.fits
0182 object   10879      strumu    40.0 121.55321 +21.30003 /data/raw/bok/u/201512/J7367/good/d7367.0182.fits
0183 object   10516      strumu     3.0 121.76087 +20.50011 /data/raw/bok/u/201512/J7367/good/d7367.0183.fits
0184 object   10516      strumu    40.0 121.76071 +20.50003 /data/raw/bok/u/201512/J7367/good/d7367.0184.fits
0185 object   10880      strumu     3.0 122.41171 +21.29989 /data/raw/bok/u/201512/J7367/good/d7367.0185.fits
0186 object   10880      strumu    40.0 122.41158 +21.30003 /data/raw/bok/u/201512/J7367/good/d7367.0186.fits
0187 object   10517      strumu     3.0 122.61504 +20.50011 /data/raw/bok/u/201512/J7367/good/d7367.0187.fits
0188 object   10517      strumu    40.0 122.61504 +20.50003 /data/raw/bok/u/201512/J7367/good/d7367.0188.fits
0189 object   10881      strumu     3.0 123.27046 +21.29989 /data/raw/bok/u/201512/J7367/good/d7367.0189.fits
0190 object   10881      strumu    40.0 123.27029 +21.30003 /data/raw/bok/u/201512/J7367/good/d7367.0190.fits
0191 object   10518      strumu     3.0 123.46917 +20.50017 /data/raw/bok/u/201512/J7367/good/d7367.0191.fits
0192 object   10518      strumu    40.0 123.46913 +20.50000 /data/raw/bok/u/201512/J7367/good/d7367.0192.fits
0193 object   10882      strumu     3.0 124.12917 +21.29972 /data/raw/bok/u/201512/J7367/good/d7367.0193.fits
0194 object   10882      strumu    40.0 124.12917 +21.30000 /data/raw/bok/u/201512/J7367/good/d7367.0194.fits
0195 object   10519      strumu     3.0 124.32283 +20.50025 /data/raw/bok/u/201512/J7367/good/d7367.0195.fits
0196 object   10519      strumu    40.0 124.32279 +20.50000 /data/raw/bok/u/201512/J7367/good/d7367.0196.fits
0197 object   10883      strumu     3.0 124.98804 +21.29981 /data/raw/bok/u/201512/J7367/good/d7367.0197.fits
0198 object   10883      strumu    40.0 124.98779 +21.30000 /data/raw/bok/u/201512/J7367/good/d7367.0198.fits
0199 object   10520      strumu     3.0 125.17692 +20.50008 /data/raw/bok/u/201512/J7367/good/d7367.0199.fits
0200 object   10520      strumu    40.0 125.17700 +20.50003 /data/raw/bok/u/201512/J7367/good/d7367.0200.fits
0201 object   10884      strumu     3.0 125.84621 +21.29983 /data/raw/bok/u/201512/J7367/good/d7367.0201.fits
0202 object   10884      strumu    40.0 125.84625 +21.30000 /data/raw/bok/u/201512/J7367/good/d7367.0202.fits
0203 object   10521      strumu     3.0 126.03117 +20.50008 /data/raw/bok/u/201512/J7367/good/d7367.0203.fits
0204 object   10521      strumu    40.0 126.03121 +20.50000 /data/raw/bok/u/201512/J7367/good/d7367.0204.fits
0205 object   10885      strumu     3.0 126.70500 +21.29989 /data/raw/bok/u/201512/J7367/good/d7367.0205.fits
0206 object   10885      strumu    40.0 126.70488 +21.30000 /data/raw/bok/u/201512/J7367/good/d7367.0206.fits
0207 object   10522      strumu     3.0 126.88546 +20.50019 /data/raw/bok/u/201512/J7367/good/d7367.0207.fits
0208 object   10522      strumu    40.0 126.88525 +20.50000 /data/raw/bok/u/201512/J7367/good/d7367.0208.fits
0209 object   10886      strumu     3.0 127.56375 +21.29975 /data/raw/bok/u/201512/J7367/good/d7367.0209.fits
0210 object   10886      strumu    40.0 127.56363 +21.30000 /data/raw/bok/u/201512/J7367/good/d7367.0210.fits
0211 object   10523      strumu     3.0 127.73958 +20.50022 /data/raw/bok/u/201512/J7367/good/d7367.0211.fits
0212 object   10523      strumu    40.0 127.73954 +20.50003 /data/raw/bok/u/201512/J7367/good/d7367.0212.fits
0213 object   10887      strumu     3.0 128.42246 +21.29986 /data/raw/bok/u/201512/J7367/good/d7367.0213.fits
0214 object   10887      strumu    40.0 128.42246 +21.29997 /data/raw/bok/u/201512/J7367/good/d7367.0214.fits
0215 object   10524      strumu     3.0 128.59325 +20.50008 /data/raw/bok/u/201512/J7367/good/d7367.0215.fits
0216 object   10524      strumu    40.0 128.59329 +20.50000 /data/raw/bok/u/201512/J7367/good/d7367.0216.fits
0217 object   10888      strumu     3.0 129.28088 +21.29986 /data/raw/bok/u/201512/J7367/good/d7367.0217.fits
0218 object   10888      strumu    40.0 129.28071 +21.30000 /data/raw/bok/u/201512/J7367/good/d7367.0218.fits
0219 object   10525      strumu     3.0 129.44733 +20.50006 /data/raw/bok/u/201512/J7367/good/d7367.0219.fits
0220 object   10525      strumu    40.0 129.44746 +20.50000 /data/raw/bok/u/201512/J7367/good/d7367.0220.fits
0221 object   10889      strumu     3.0 130.13950 +21.29989 /data/raw/bok/u/201512/J7367/good/d7367.0221.fits
0222 object   10889      strumu    40.0 130.13942 +21.30000 /data/raw/bok/u/201512/J7367/good/d7367.0222.fits
0223 object   10526      strumu     3.0 130.30158 +20.50008 /data/raw/bok/u/201512/J7367/good/d7367.0223.fits
0224 object   10526      strumu    40.0 130.30163 +20.49997 /data/raw/bok/u/201512/J7367/good/d7367.0224.fits
0225 object   10890      strumu     3.0 130.99833 +21.29992 /data/raw/bok/u/201512/J7367/good/d7367.0225.fits
0226 object   10890      strumu    40.0 130.99821 +21.30000 /data/raw/bok/u/201512/J7367/good/d7367.0226.fits
0227 object   10527      strumu     3.0 131.15567 +20.50017 /data/raw/bok/u/201512/J7367/good/d7367.0227.fits
0228 object   10527      strumu    40.0 131.15571 +20.50000 /data/raw/bok/u/201512/J7367/good/d7367.0228.fits
0229 object   10528      strumu     3.0 132.00988 +20.49997 /data/raw/bok/u/201512/J7367/good/d7367.0229.fits
0230 object   10528      strumu    40.0 132.01004 +20.50000 /data/raw/bok/u/201512/J7367/good/d7367.0230.fits
0231 object   10529      strumu     3.0 132.86400 +20.50000 /data/raw/bok/u/201512/J7367/good/d7367.0231.fits
0232 object   10529      strumu    40.0 132.86408 +20.50003 /data/raw/bok/u/201512/J7367/good/d7367.0232.fits
0233 object   10530      strumu     3.0 133.71762 +20.49997 /data/raw/bok/u/201512/J7367/good/d7367.0233.fits
0234 object   10530      strumu    40.0 133.71792 +20.50000 /data/raw/bok/u/201512/J7367/good/d7367.0234.fits
0235 object   10531      strumu     3.0 134.57171 +20.50000 /data/raw/bok/u/201512/J7367/good/d7367.0235.fits
0236 object   10531      strumu    40.0 134.57204 +20.49997 /data/raw/bok/u/201512/J7367/good/d7367.0236.fits
0237 object   10532      strumu     3.0 135.42617 +20.49997 /data/raw/bok/u/201512/J7367/good/d7367.0237.fits
0238 object   10532      strumu    40.0 135.42613 +20.50000 /data/raw/bok/u/201512/J7367/good/d7367.0238.fits
0239 object   10533      strumu     3.0 136.28021 +20.50000 /data/raw/bok/u/201512/J7367/good/d7367.0239.fits
0240 object   10533      strumu    40.0 136.28029 +20.50000 /data/raw/bok/u/201512/J7367/good/d7367.0240.fits
0241 object   10534      strumu     3.0 137.13458 +20.50000 /data/raw/bok/u/201512/J7367/good/d7367.0241.fits
0242 object   10534      strumu    40.0 137.13446 +20.50000 /data/raw/bok/u/201512/J7367/good/d7367.0242.fits
0243 object   10898      strumu     3.0 137.86754 +21.29978 /data/raw/bok/u/201512/J7367/good/d7367.0243.fits
0244 object   10898      strumu    40.0 137.86738 +21.30003 /data/raw/bok/u/201512/J7367/good/d7367.0244.fits
0245 object   10535      strumu     3.0 137.98821 +20.50008 /data/raw/bok/u/201512/J7367/good/d7367.0245.fits
0246 object   10535      strumu    40.0 137.98825 +20.50000 /data/raw/bok/u/201512/J7367/good/d7367.0246.fits
0247 object   10899      strumu     3.0 138.72629 +21.29972 /data/raw/bok/u/201512/J7367/good/d7367.0247.fits
0248 object   10899      strumu    40.0 138.72621 +21.29997 /data/raw/bok/u/201512/J7367/good/d7367.0248.fits
0258 object   10536      strumu     3.0 138.84250 +20.50011 /data/raw/bok/u/201512/J7367/good/d7367.0258.fits
0259 object   10536      strumu    40.0 138.84238 +20.50000 /data/raw/bok/u/201512/J7367/good/d7367.0259.fits
0260 object   10900      strumu     3.0 139.58504 +21.29983 /data/raw/bok/u/201512/J7367/good/d7367.0260.fits
0261 object   10900      strumu    40.0 139.58496 +21.30003 /data/raw/bok/u/201512/J7367/good/d7367.0261.fits
0262 object   10537      strumu     3.0 139.69671 +20.50003 /data/raw/bok/u/201512/J7367/good/d7367.0262.fits
0263 object   10537      strumu    40.0 139.69658 +20.50000 /data/raw/bok/u/201512/J7367/good/d7367.0263.fits
0264 object   10901      strumu     3.0 140.44329 +21.29983 /data/raw/bok/u/201512/J7367/good/d7367.0264.fits
0265 object   10901      strumu    40.0 140.44325 +21.30000 /data/raw/bok/u/201512/J7367/good/d7367.0265.fits
0266 object   10538      strumu     3.0 140.55079 +20.50022 /data/raw/bok/u/201512/J7367/good/d7367.0266.fits
0267 object   10538      strumu    40.0 140.55083 +20.50000 /data/raw/bok/u/201512/J7367/good/d7367.0267.fits
0268 object   10902      strumu     3.0 141.30217 +21.29994 /data/raw/bok/u/201512/J7367/good/d7367.0268.fits
0269 object   10902      strumu    40.0 141.30212 +21.30000 /data/raw/bok/u/201512/J7367/good/d7367.0269.fits
0270 object   10539      strumu     3.0 141.40496 +20.50008 /data/raw/bok/u/201512/J7367/good/d7367.0270.fits
0271 object   10539      strumu    40.0 141.40488 +20.50000 /data/raw/bok/u/201512/J7367/good/d7367.0271.fits
0272 object   10903      strumu     3.0 142.16083 +21.29989 /data/raw/bok/u/201512/J7367/good/d7367.0272.fits
0273 object   10903      strumu    40.0 142.16067 +21.30000 /data/raw/bok/u/201512/J7367/good/d7367.0273.fits
0274 object   10540      strumu     3.0 142.25879 +20.50008 /data/raw/bok/u/201512/J7367/good/d7367.0274.fits
0275 object   10540      strumu    40.0 142.25871 +20.50000 /data/raw/bok/u/201512/J7367/good/d7367.0275.fits
0276 object   10904      strumu     3.0 143.01967 +21.29992 /data/raw/bok/u/201512/J7367/good/d7367.0276.fits
0277 object   10904      strumu    40.0 143.01963 +21.30003 /data/raw/bok/u/201512/J7367/good/d7367.0277.fits
0278 object   10541      strumu     3.0 143.11287 +20.50011 /data/raw/bok/u/201512/J7367/good/d7367.0278.fits
0279 object   10541      strumu    40.0 143.11279 +20.49997 /data/raw/bok/u/201512/J7367/good/d7367.0279.fits
0280 object   10542      strumu     3.0 143.96717 +20.49997 /data/raw/bok/u/201512/J7367/good/d7367.0280.fits
0281 object   10542      strumu    40.0 143.96696 +20.50000 /data/raw/bok/u/201512/J7367/good/d7367.0281.fits
0282 object   10543      strumu     3.0 144.82125 +20.49997 /data/raw/bok/u/201512/J7367/good/d7367.0282.fits
0283 object   10543      strumu    40.0 144.82121 +20.50000 /data/raw/bok/u/201512/J7367/good/d7367.0283.fits
0284 object   10544      strumu     3.0 145.67529 +20.50000 /data/raw/bok/u/201512/J7367/good/d7367.0284.fits
0285 object   10544      strumu    40.0 145.67538 +20.50000 /data/raw/bok/u/201512/J7367/good/d7367.0285.fits
0286 object   10545      strumu     3.0 146.52954 +20.49997 /data/raw/bok/u/201512/J7367/good/d7367.0286.fits
0287 object   10545      strumu    40.0 146.52950 +20.50000 /data/raw/bok/u/201512/J7367/good/d7367.0287.fits
0288 object   10546      strumu     3.0 147.38325 +20.50000 /data/raw/bok/u/201512/J7367/good/d7367.0288.fits
0289 object   10546      strumu    40.0 147.38342 +20.50000 /data/raw/bok/u/201512/J7367/good/d7367.0289.fits
0290 object   10547      strumu     3.0 148.23742 +20.50000 /data/raw/bok/u/201512/J7367/good/d7367.0290.fits
0291 object   10547      strumu    40.0 148.23754 +20.50000 /data/raw/bok/u/201512/J7367/good/d7367.0291.fits
0041 object   10737      strumv     3.0 335.28250 +20.49997 /data/raw/bok/v/201512/J7367/good/d7367.0041.fits
0042 object   10737      strumv    40.0 335.28238 +20.50000 /data/raw/bok/v/201512/J7367/good/d7367.0042.fits
0043 object   10738      strumv     3.0 336.13671 +20.50000 /data/raw/bok/v/201512/J7367/good/d7367.0043.fits
0044 object   10738      strumv    40.0 336.13650 +20.50000 /data/raw/bok/v/201512/J7367/good/d7367.0044.fits
0128 object   10737      strumv     3.0 114.45938 +22.10000 /data/raw/bok/v/201512/J7367/good/d7367.0128.fits
0129 object   10737      strumv    40.0 114.45938 +22.10000 /data/raw/bok/v/201512/J7367/good/d7367.0129.fits
0130 object   10738      strumv     3.0 114.45938 +22.10000 /data/raw/bok/v/201512/J7367/good/d7367.0130.fits
0131 object   10738      strumv    40.0 114.45938 +22.10000 /data/raw/bok/v/201512/J7367/good/d7367.0131.fits
0249 object   10536      strumv     3.0 138.84250 +20.50011 /data/raw/bok/v/201512/J7367/good/d7367.0249.fits
0250 object   10536      strumv    40.0 138.84250 +20.50000 /data/raw/bok/v/201512/J7367/good/d7367.0250.fits
0251 object   10900      strumv     3.0 139.58500 +21.29989 /data/raw/bok/v/201512/J7367/good/d7367.0251.fits
0252 object   10900      strumv    40.0 139.58492 +21.30000 /data/raw/bok/v/201512/J7367/good/d7367.0252.fits
