0026 object   11468      strumu     3.0 341.54375 +22.09986 /data/raw/bok/u/201512/J7364/good/d7364.0026.fits
0027 object   11468      strumu    40.0 341.54379 +22.10003 /data/raw/bok/u/201512/J7364/good/d7364.0027.fits
0028 object   10745      strumu     3.0 342.11546 +20.50017 /data/raw/bok/u/201512/J7364/good/d7364.0028.fits
0029 object   10745      strumu    40.0 342.11525 +20.50000 /data/raw/bok/u/201512/J7364/good/d7364.0029.fits
0030 object   11107      strumu     3.0 342.22713 +21.29978 /data/raw/bok/u/201512/J7364/good/d7364.0030.fits
0031 object   11107      strumu    40.0 342.22704 +21.30003 /data/raw/bok/u/201512/J7364/good/d7364.0031.fits
0032 object   11469      strumu     3.0 342.40708 +22.09983 /data/raw/bok/u/201512/J7364/good/d7364.0032.fits
0033 object   11469      strumu    40.0 342.40700 +22.09997 /data/raw/bok/u/201512/J7364/good/d7364.0033.fits
0034 object   10746      strumu     3.0 342.96946 +20.50028 /data/raw/bok/u/201512/J7364/good/d7364.0034.fits
0035 object   10746      strumu    40.0 342.96938 +20.50000 /data/raw/bok/u/201512/J7364/good/d7364.0035.fits
0036 object   11470      strumu     3.0 343.27029 +22.09986 /data/raw/bok/u/201512/J7364/good/d7364.0036.fits
0037 object   11470      strumu    40.0 343.27021 +22.10000 /data/raw/bok/u/201512/J7364/good/d7364.0037.fits
0038 object   10747      strumu     3.0 343.82375 +20.50006 /data/raw/bok/u/201512/J7364/good/d7364.0038.fits
0039 object   10747      strumu    40.0 343.82358 +20.50003 /data/raw/bok/u/201512/J7364/good/d7364.0039.fits
0040 object   11471      strumu     3.0 344.13408 +22.09989 /data/raw/bok/u/201512/J7364/good/d7364.0040.fits
0041 object   11471      strumu    40.0 344.13400 +22.10000 /data/raw/bok/u/201512/J7364/good/d7364.0041.fits
0042 object   10748      strumu     3.0 344.67746 +20.50006 /data/raw/bok/u/201512/J7364/good/d7364.0042.fits
0043 object   10748      strumu    40.0 344.67750 +20.49997 /data/raw/bok/u/201512/J7364/good/d7364.0043.fits
0044 object   11472      strumu     3.0 344.99733 +22.09994 /data/raw/bok/u/201512/J7364/good/d7364.0044.fits
0045 object   11472      strumu    40.0 344.99746 +22.10003 /data/raw/bok/u/201512/J7364/good/d7364.0045.fits
0050 object   10749      strumu     3.0 345.53158 +20.49997 /data/raw/bok/u/201512/J7364/good/d7364.0050.fits
0051 object   10749      strumu    40.0 345.53158 +20.50000 /data/raw/bok/u/201512/J7364/good/d7364.0051.fits
0052 object   10750      strumu     3.0 346.38575 +20.50000 /data/raw/bok/u/201512/J7364/good/d7364.0052.fits
0053 object   10750      strumu    40.0 346.38575 +20.50000 /data/raw/bok/u/201512/J7364/good/d7364.0053.fits
0054 object   10751      strumu     3.0 347.24004 +20.50000 /data/raw/bok/u/201512/J7364/good/d7364.0054.fits
0055 object   10751      strumu    40.0 347.23992 +20.50000 /data/raw/bok/u/201512/J7364/good/d7364.0055.fits
0056 object   10752      strumu     3.0 348.09404 +20.50000 /data/raw/bok/u/201512/J7364/good/d7364.0056.fits
0057 object   10752      strumu    40.0 348.09404 +20.50003 /data/raw/bok/u/201512/J7364/good/d7364.0057.fits
0058 object   10753      strumu     3.0 348.94817 +20.50000 /data/raw/bok/u/201512/J7364/good/d7364.0058.fits
0059 object   10753      strumu    40.0 348.94833 +20.50000 /data/raw/bok/u/201512/J7364/good/d7364.0059.fits
0060 object   10754      strumu     3.0 349.80204 +20.50003 /data/raw/bok/u/201512/J7364/good/d7364.0060.fits
0061 object   10754      strumu    40.0 349.80208 +20.50000 /data/raw/bok/u/201512/J7364/good/d7364.0061.fits
0062 object   10755      strumu     3.0 350.65629 +20.50000 /data/raw/bok/u/201512/J7364/good/d7364.0062.fits
0063 object   10755      strumu    40.0 350.65613 +20.49997 /data/raw/bok/u/201512/J7364/good/d7364.0063.fits
0064 object   10756      strumu     3.0 351.51008 +20.50000 /data/raw/bok/u/201512/J7364/good/d7364.0064.fits
0065 object   10756      strumu    40.0 351.51042 +20.50003 /data/raw/bok/u/201512/J7364/good/d7364.0065.fits
0066 object   10757      strumu     3.0 352.36438 +20.50000 /data/raw/bok/u/201512/J7364/good/d7364.0066.fits
0067 object   10757      strumu    40.0 352.36446 +20.50000 /data/raw/bok/u/201512/J7364/good/d7364.0067.fits
0068 object   10758      strumu     3.0 353.21879 +20.50003 /data/raw/bok/u/201512/J7364/good/d7364.0068.fits
0069 object   10758      strumu    40.0 353.21871 +20.50000 /data/raw/bok/u/201512/J7364/good/d7364.0069.fits
0070 object   10759      strumu     3.0 354.07238 +20.50000 /data/raw/bok/u/201512/J7364/good/d7364.0070.fits
0071 object   10759      strumu    40.0 354.07246 +20.50003 /data/raw/bok/u/201512/J7364/good/d7364.0071.fits
0072 object   10760      strumu     3.0 354.92654 +20.50000 /data/raw/bok/u/201512/J7364/good/d7364.0072.fits
0073 object   10760      strumu    40.0 354.92663 +20.50000 /data/raw/bok/u/201512/J7364/good/d7364.0073.fits
0088 object   10469      strumu     3.0  56.84992 +20.49986 /data/raw/bok/u/201512/J7364/good/d7364.0088.fits
0089 object   10469      strumu    40.0  56.84987 +20.50000 /data/raw/bok/u/201512/J7364/good/d7364.0089.fits
0090 object   10470      strumu     3.0  57.70396 +20.49997 /data/raw/bok/u/201512/J7364/good/d7364.0090.fits
0091 object   10470      strumu    40.0  57.70413 +20.50000 /data/raw/bok/u/201512/J7364/good/d7364.0091.fits
0092 object   10471      strumu     3.0  58.55800 +20.49997 /data/raw/bok/u/201512/J7364/good/d7364.0092.fits
0093 object   10471      strumu    40.0  58.55817 +20.50000 /data/raw/bok/u/201512/J7364/good/d7364.0093.fits
0094 object   10472      strumu     3.0  59.41238 +20.49997 /data/raw/bok/u/201512/J7364/good/d7364.0094.fits
0095 object   10472      strumu    40.0  59.41238 +20.50000 /data/raw/bok/u/201512/J7364/good/d7364.0095.fits
0097 object   10473      strumu     3.0  60.26663 +20.50000 /data/raw/bok/u/201512/J7364/good/d7364.0097.fits
0098 object   10473      strumu    40.0  60.26658 +20.50000 /data/raw/bok/u/201512/J7364/good/d7364.0098.fits
0099 object   10474      strumu     3.0  61.12062 +20.49997 /data/raw/bok/u/201512/J7364/good/d7364.0099.fits
0100 object   10474      strumu    40.0  61.12067 +20.50000 /data/raw/bok/u/201512/J7364/good/d7364.0100.fits
0101 object   10475      strumu     3.0  61.97437 +20.49997 /data/raw/bok/u/201512/J7364/good/d7364.0101.fits
0102 object   10475      strumu    40.0  61.97450 +20.50000 /data/raw/bok/u/201512/J7364/good/d7364.0102.fits
0103 object   10476      strumu     3.0  62.82854 +20.49997 /data/raw/bok/u/201512/J7364/good/d7364.0103.fits
0104 object   10476      strumu    40.0  62.82858 +20.50000 /data/raw/bok/u/201512/J7364/good/d7364.0104.fits
0105 object   10477      strumu     3.0  63.68279 +20.49997 /data/raw/bok/u/201512/J7364/good/d7364.0105.fits
0106 object   10477      strumu    40.0  63.68275 +20.50000 /data/raw/bok/u/201512/J7364/good/d7364.0106.fits
0107 object   10485      strumu     3.0  70.51538 +20.50003 /data/raw/bok/u/201512/J7364/good/d7364.0107.fits
0108 object   10485      strumu    40.0  70.51521 +20.50000 /data/raw/bok/u/201512/J7364/good/d7364.0108.fits
0109 object   10486      strumu     3.0  71.36938 +20.49997 /data/raw/bok/u/201512/J7364/good/d7364.0109.fits
0110 object   10486      strumu    40.0  71.36942 +20.50000 /data/raw/bok/u/201512/J7364/good/d7364.0110.fits
0111 object   10487      strumu     3.0  72.22350 +20.49997 /data/raw/bok/u/201512/J7364/good/d7364.0111.fits
0112 object   10487      strumu    40.0  72.22367 +20.50000 /data/raw/bok/u/201512/J7364/good/d7364.0112.fits
0113 object   10488      strumu     3.0  73.07779 +20.50000 /data/raw/bok/u/201512/J7364/good/d7364.0113.fits
0114 object   10488      strumu    40.0  73.07779 +20.50003 /data/raw/bok/u/201512/J7364/good/d7364.0114.fits
0115 object   10489      strumu     3.0  73.93200 +20.49997 /data/raw/bok/u/201512/J7364/good/d7364.0115.fits
0116 object   10489      strumu    40.0  73.93188 +20.50000 /data/raw/bok/u/201512/J7364/good/d7364.0116.fits
0117 object   10490      strumu     3.0  74.78567 +20.49997 /data/raw/bok/u/201512/J7364/good/d7364.0117.fits
0118 object   10490      strumu    40.0  74.78567 +20.50000 /data/raw/bok/u/201512/J7364/good/d7364.0118.fits
0119 object   10854      strumu     3.0  75.18567 +21.29981 /data/raw/bok/u/201512/J7364/good/d7364.0119.fits
0120 object   10854      strumu    40.0  75.18567 +21.29997 /data/raw/bok/u/201512/J7364/good/d7364.0120.fits
0121 object   10491      strumu     3.0  75.63992 +20.50028 /data/raw/bok/u/201512/J7364/good/d7364.0121.fits
0122 object   10491      strumu    40.0  75.63987 +20.49997 /data/raw/bok/u/201512/J7364/good/d7364.0122.fits
0123 object   10855      strumu     3.0  76.04450 +21.29989 /data/raw/bok/u/201512/J7364/good/d7364.0123.fits
0124 object   10855      strumu    40.0  76.04442 +21.29997 /data/raw/bok/u/201512/J7364/good/d7364.0124.fits
0125 object   10492      strumu     3.0  76.49400 +20.50011 /data/raw/bok/u/201512/J7364/good/d7364.0125.fits
0126 object   10492      strumu    40.0  76.49408 +20.50000 /data/raw/bok/u/201512/J7364/good/d7364.0126.fits
0127 object   10856      strumu     3.0  76.90321 +21.29986 /data/raw/bok/u/201512/J7364/good/d7364.0127.fits
0128 object   10856      strumu    40.0  76.90321 +21.30000 /data/raw/bok/u/201512/J7364/good/d7364.0128.fits
0129 object   10493      strumu     3.0  77.34833 +20.50017 /data/raw/bok/u/201512/J7364/good/d7364.0129.fits
0130 object   10493      strumu    40.0  77.34821 +20.50000 /data/raw/bok/u/201512/J7364/good/d7364.0130.fits
0131 object   10857      strumu     3.0  77.76150 +21.29983 /data/raw/bok/u/201512/J7364/good/d7364.0131.fits
0132 object   10857      strumu    40.0  77.76146 +21.30003 /data/raw/bok/u/201512/J7364/good/d7364.0132.fits
0133 object   10494      strumu     3.0  78.20242 +20.50006 /data/raw/bok/u/201512/J7364/good/d7364.0133.fits
0134 object   10494      strumu    40.0  78.20233 +20.50000 /data/raw/bok/u/201512/J7364/good/d7364.0134.fits
0135 object   10858      strumu     3.0  78.62033 +21.29969 /data/raw/bok/u/201512/J7364/good/d7364.0135.fits
0136 object   10858      strumu    40.0  78.62033 +21.29997 /data/raw/bok/u/201512/J7364/good/d7364.0136.fits
0137 object   10495      strumu     3.0  79.05650 +20.50003 /data/raw/bok/u/201512/J7364/good/d7364.0137.fits
0138 object   10495      strumu    40.0  79.05642 +20.49997 /data/raw/bok/u/201512/J7364/good/d7364.0138.fits
0139 object   10859      strumu     3.0 104.37975 +21.30003 /data/raw/bok/u/201512/J7364/good/d7364.0139.fits
0140 object   10859      strumu    40.0 104.37987 +21.30000 /data/raw/bok/u/201512/J7364/good/d7364.0140.fits
0141 object   10496      strumu     3.0 104.67908 +20.50014 /data/raw/bok/u/201512/J7364/good/d7364.0141.fits
0142 object   10496      strumu    40.0 104.67888 +20.50000 /data/raw/bok/u/201512/J7364/good/d7364.0142.fits
0144 object   10860      strumu     3.0 105.23867 +21.30000 /data/raw/bok/u/201512/J7364/good/d7364.0144.fits
0145 object   10860      strumu    40.0 105.23875 +21.30000 /data/raw/bok/u/201512/J7364/good/d7364.0145.fits
0146 object   10497      strumu     3.0 105.53317 +20.50022 /data/raw/bok/u/201512/J7364/good/d7364.0146.fits
0147 object   10497      strumu    40.0 105.53325 +20.50000 /data/raw/bok/u/201512/J7364/good/d7364.0147.fits
0148 object   10861      strumu     3.0 106.09742 +21.29983 /data/raw/bok/u/201512/J7364/good/d7364.0148.fits
0149 object   10861      strumu    40.0 106.09737 +21.29997 /data/raw/bok/u/201512/J7364/good/d7364.0149.fits
0150 object   10498      strumu     3.0 106.38696 +20.50008 /data/raw/bok/u/201512/J7364/good/d7364.0150.fits
0151 object   10498      strumu    40.0 106.38692 +20.49997 /data/raw/bok/u/201512/J7364/good/d7364.0151.fits
0152 object   10862      strumu     3.0 106.95579 +21.29978 /data/raw/bok/u/201512/J7364/good/d7364.0152.fits
0153 object   10862      strumu    40.0 106.95571 +21.30000 /data/raw/bok/u/201512/J7364/good/d7364.0153.fits
0154 object   10499      strumu     3.0 107.24121 +20.50028 /data/raw/bok/u/201512/J7364/good/d7364.0154.fits
0155 object   10499      strumu    40.0 107.24117 +20.50000 /data/raw/bok/u/201512/J7364/good/d7364.0155.fits
0156 object   10863      strumu     3.0 107.81450 +21.29986 /data/raw/bok/u/201512/J7364/good/d7364.0156.fits
0157 object   10863      strumu    40.0 107.81438 +21.30000 /data/raw/bok/u/201512/J7364/good/d7364.0157.fits
0158 object   10500      strumu     3.0 108.09533 +20.50006 /data/raw/bok/u/201512/J7364/good/d7364.0158.fits
0159 object   10500      strumu    40.0 108.09533 +20.50000 /data/raw/bok/u/201512/J7364/good/d7364.0159.fits
0160 object   10864      strumu     3.0 108.67333 +21.29981 /data/raw/bok/u/201512/J7364/good/d7364.0160.fits
0161 object   10864      strumu    40.0 108.67317 +21.30000 /data/raw/bok/u/201512/J7364/good/d7364.0161.fits
0162 object   10501      strumu     3.0 108.94946 +20.50014 /data/raw/bok/u/201512/J7364/good/d7364.0162.fits
0163 object   10501      strumu    40.0 108.94946 +20.50000 /data/raw/bok/u/201512/J7364/good/d7364.0163.fits
0164 object   10865      strumu     3.0 109.53208 +21.29986 /data/raw/bok/u/201512/J7364/good/d7364.0164.fits
0165 object   10865      strumu    40.0 109.53192 +21.30000 /data/raw/bok/u/201512/J7364/good/d7364.0165.fits
0166 object   10502      strumu     3.0 109.80375 +20.50011 /data/raw/bok/u/201512/J7364/good/d7364.0166.fits
0167 object   10502      strumu    40.0 109.80354 +20.50000 /data/raw/bok/u/201512/J7364/good/d7364.0167.fits
0168 object   10866      strumu     3.0 110.39075 +21.29983 /data/raw/bok/u/201512/J7364/good/d7364.0168.fits
0169 object   10866      strumu    40.0 110.39054 +21.30000 /data/raw/bok/u/201512/J7364/good/d7364.0169.fits
0170 object   10503      strumu     3.0 110.65783 +20.50028 /data/raw/bok/u/201512/J7364/good/d7364.0170.fits
0171 object   10503      strumu    40.0 110.65771 +20.50000 /data/raw/bok/u/201512/J7364/good/d7364.0171.fits
0172 object   10867      strumu     3.0 111.24917 +21.29992 /data/raw/bok/u/201512/J7364/good/d7364.0172.fits
0173 object   10867      strumu    40.0 111.24904 +21.30000 /data/raw/bok/u/201512/J7364/good/d7364.0173.fits
0174 object   10504      strumu     3.0 111.51163 +20.50006 /data/raw/bok/u/201512/J7364/good/d7364.0174.fits
0175 object   10504      strumu    40.0 111.51154 +20.50000 /data/raw/bok/u/201512/J7364/good/d7364.0175.fits
0176 object   10868      strumu     3.0 112.10783 +21.29986 /data/raw/bok/u/201512/J7364/good/d7364.0176.fits
0177 object   10868      strumu    40.0 112.10792 +21.30000 /data/raw/bok/u/201512/J7364/good/d7364.0177.fits
0178 object   10505      strumu     3.0 112.36583 +20.50014 /data/raw/bok/u/201512/J7364/good/d7364.0178.fits
0179 object   10505      strumu    40.0 112.36567 +20.50003 /data/raw/bok/u/201512/J7364/good/d7364.0179.fits
0180 object   10869      strumu     3.0 112.96658 +21.29992 /data/raw/bok/u/201512/J7364/good/d7364.0180.fits
0181 object   10869      strumu    40.0 112.96662 +21.30000 /data/raw/bok/u/201512/J7364/good/d7364.0181.fits
0182 object   10506      strumu     3.0 113.22000 +20.50011 /data/raw/bok/u/201512/J7364/good/d7364.0182.fits
0183 object   10506      strumu    40.0 113.21992 +20.50000 /data/raw/bok/u/201512/J7364/good/d7364.0183.fits
0184 object   10870      strumu     3.0 113.82542 +21.29994 /data/raw/bok/u/201512/J7364/good/d7364.0184.fits
0185 object   10870      strumu    40.0 113.82525 +21.30000 /data/raw/bok/u/201512/J7364/good/d7364.0185.fits
0186 object   11948      strumu     3.0 114.07033 +23.69975 /data/raw/bok/u/201512/J7364/good/d7364.0186.fits
0187 object   11948      strumu    40.0 114.07033 +23.70000 /data/raw/bok/u/201512/J7364/good/d7364.0187.fits
0188 object   10507      strumu     3.0 114.07408 +20.50008 /data/raw/bok/u/201512/J7364/good/d7364.0188.fits
0189 object   10507      strumu    40.0 114.07396 +20.50000 /data/raw/bok/u/201512/J7364/good/d7364.0189.fits
0191 object   11233      strumu     3.0 114.45933 +22.10000 /data/raw/bok/u/201512/J7364/good/d7364.0191.fits
0192 object   11233      strumu    40.0 114.45950 +22.10000 /data/raw/bok/u/201512/J7364/good/d7364.0192.fits
0193 object   10871      strumu     3.0 114.68371 +21.30014 /data/raw/bok/u/201512/J7364/good/d7364.0193.fits
0194 object   10871      strumu    40.0 114.68354 +21.30000 /data/raw/bok/u/201512/J7364/good/d7364.0194.fits
0195 object   10508      strumu     3.0 114.92821 +20.50003 /data/raw/bok/u/201512/J7364/good/d7364.0195.fits
0196 object   10508      strumu    40.0 114.92821 +20.49997 /data/raw/bok/u/201512/J7364/good/d7364.0196.fits
0197 object   11949      strumu     3.0 114.94417 +23.69981 /data/raw/bok/u/201512/J7364/good/d7364.0197.fits
0198 object   11949      strumu    40.0 114.94404 +23.70003 /data/raw/bok/u/201512/J7364/good/d7364.0198.fits
0199 object   11234      strumu     3.0 115.32279 +22.10014 /data/raw/bok/u/201512/J7364/good/d7364.0199.fits
0200 object   11234      strumu    40.0 115.32279 +22.10000 /data/raw/bok/u/201512/J7364/good/d7364.0200.fits
0201 object   10872      strumu     3.0 115.54233 +21.30014 /data/raw/bok/u/201512/J7364/good/d7364.0201.fits
0202 object   10872      strumu    40.0 115.54229 +21.30000 /data/raw/bok/u/201512/J7364/good/d7364.0202.fits
0203 object   10509      strumu     3.0 115.78188 +20.50000 /data/raw/bok/u/201512/J7364/good/d7364.0203.fits
0204 object   10509      strumu    40.0 115.78200 +20.50000 /data/raw/bok/u/201512/J7364/good/d7364.0204.fits
0205 object   11950      strumu     3.0 115.81779 +23.69986 /data/raw/bok/u/201512/J7364/good/d7364.0205.fits
0206 object   11950      strumu    40.0 115.81767 +23.70000 /data/raw/bok/u/201512/J7364/good/d7364.0206.fits
0207 object   11235      strumu     3.0 116.18617 +22.10019 /data/raw/bok/u/201512/J7364/good/d7364.0207.fits
0208 object   11235      strumu    40.0 116.18604 +22.10000 /data/raw/bok/u/201512/J7364/good/d7364.0208.fits
0209 object   10873      strumu     3.0 116.40121 +21.30025 /data/raw/bok/u/201512/J7364/good/d7364.0209.fits
0210 object   10873      strumu    40.0 116.40104 +21.30000 /data/raw/bok/u/201512/J7364/good/d7364.0210.fits
0211 object   10510      strumu     3.0 116.63625 +20.50006 /data/raw/bok/u/201512/J7364/good/d7364.0211.fits
0212 object   10510      strumu    40.0 116.63600 +20.50000 /data/raw/bok/u/201512/J7364/good/d7364.0212.fits
0213 object   11951      strumu     3.0 116.69150 +23.69983 /data/raw/bok/u/201512/J7364/good/d7364.0213.fits
0214 object   11951      strumu    40.0 116.69150 +23.70000 /data/raw/bok/u/201512/J7364/good/d7364.0214.fits
0215 object   11236      strumu     3.0 117.04979 +22.10003 /data/raw/bok/u/201512/J7364/good/d7364.0215.fits
0216 object   11236      strumu    40.0 117.05000 +22.10000 /data/raw/bok/u/201512/J7364/good/d7364.0216.fits
0217 object   10874      strumu     3.0 117.25996 +21.30017 /data/raw/bok/u/201512/J7364/good/d7364.0217.fits
0218 object   10874      strumu    40.0 117.25992 +21.30000 /data/raw/bok/u/201512/J7364/good/d7364.0218.fits
0219 object   10511      strumu     3.0 117.49025 +20.50003 /data/raw/bok/u/201512/J7364/good/d7364.0219.fits
0220 object   10511      strumu    40.0 117.49038 +20.49997 /data/raw/bok/u/201512/J7364/good/d7364.0220.fits
0221 object   11952      strumu     3.0 117.56475 +23.69972 /data/raw/bok/u/201512/J7364/good/d7364.0221.fits
0222 object   11952      strumu    40.0 117.56483 +23.70000 /data/raw/bok/u/201512/J7364/good/d7364.0222.fits
0223 object   11237      strumu     3.0 117.91317 +22.10017 /data/raw/bok/u/201512/J7364/good/d7364.0223.fits
0224 object   11237      strumu    40.0 117.91313 +22.10000 /data/raw/bok/u/201512/J7364/good/d7364.0224.fits
0225 object   10512      strumu     3.0 118.34433 +20.50022 /data/raw/bok/u/201512/J7364/good/d7364.0225.fits
0226 object   10512      strumu    40.0 118.34433 +20.50000 /data/raw/bok/u/201512/J7364/good/d7364.0226.fits
0227 object   11953      strumu     3.0 118.43871 +23.69981 /data/raw/bok/u/201512/J7364/good/d7364.0227.fits
0228 object   11953      strumu    40.0 118.43850 +23.69997 /data/raw/bok/u/201512/J7364/good/d7364.0228.fits
0229 object   11238      strumu     3.0 118.77658 +22.10022 /data/raw/bok/u/201512/J7364/good/d7364.0229.fits
0230 object   11238      strumu    40.0 118.77654 +22.10000 /data/raw/bok/u/201512/J7364/good/d7364.0230.fits
0231 object   10513      strumu     3.0 119.19854 +20.50019 /data/raw/bok/u/201512/J7364/good/d7364.0231.fits
0232 object   10513      strumu    40.0 119.19858 +20.49997 /data/raw/bok/u/201512/J7364/good/d7364.0232.fits
0233 object   11954      strumu     3.0 119.31242 +23.69992 /data/raw/bok/u/201512/J7364/good/d7364.0233.fits
0234 object   11954      strumu    40.0 119.31246 +23.70000 /data/raw/bok/u/201512/J7364/good/d7364.0234.fits
0235 object   11239      strumu     3.0 119.63987 +22.10011 /data/raw/bok/u/201512/J7364/good/d7364.0235.fits
0236 object   11239      strumu    40.0 119.63996 +22.10003 /data/raw/bok/u/201512/J7364/good/d7364.0236.fits
0237 object   10514      strumu     3.0 120.05250 +20.50014 /data/raw/bok/u/201512/J7364/good/d7364.0237.fits
0238 object   10514      strumu    40.0 120.05238 +20.50000 /data/raw/bok/u/201512/J7364/good/d7364.0238.fits
0240 object   10515      strumu     3.0 120.90654 +20.49994 /data/raw/bok/u/201512/J7364/good/d7364.0240.fits
0241 object   10515      strumu    40.0 120.90654 +20.50000 /data/raw/bok/u/201512/J7364/good/d7364.0241.fits
0242 object   10516      strumu     3.0 121.76054 +20.50000 /data/raw/bok/u/201512/J7364/good/d7364.0242.fits
0243 object   10516      strumu    40.0 121.76075 +20.50000 /data/raw/bok/u/201512/J7364/good/d7364.0243.fits
0244 object   10517      strumu     3.0 122.61492 +20.50000 /data/raw/bok/u/201512/J7364/good/d7364.0244.fits
0245 object   10517      strumu    40.0 122.61496 +20.50000 /data/raw/bok/u/201512/J7364/good/d7364.0245.fits
0246 object   10518      strumu     3.0 123.46904 +20.50000 /data/raw/bok/u/201512/J7364/good/d7364.0246.fits
0247 object   10518      strumu    40.0 123.46904 +20.50000 /data/raw/bok/u/201512/J7364/good/d7364.0247.fits
0248 object   10882      strumu     3.0 124.12913 +21.29989 /data/raw/bok/u/201512/J7364/good/d7364.0248.fits
0249 object   10882      strumu    40.0 124.12908 +21.30000 /data/raw/bok/u/201512/J7364/good/d7364.0249.fits
0250 object   10519      strumu     3.0 124.32279 +20.50019 /data/raw/bok/u/201512/J7364/good/d7364.0250.fits
0251 object   10519      strumu    40.0 124.32271 +20.50000 /data/raw/bok/u/201512/J7364/good/d7364.0251.fits
0256 object   10883      strumu     3.0 124.98771 +21.29986 /data/raw/bok/u/201512/J7364/good/d7364.0256.fits
0257 object   10883      strumu    40.0 124.98779 +21.30003 /data/raw/bok/u/201512/J7364/good/d7364.0257.fits
0258 object   10520      strumu     3.0 125.17700 +20.50028 /data/raw/bok/u/201512/J7364/good/d7364.0258.fits
0264 object   10883      strumu     3.0 124.98775 +21.29989 /data/raw/bok/u/201512/J7364/good/d7364.0264.fits
0265 object   10883      strumu    40.0 124.98775 +21.30000 /data/raw/bok/u/201512/J7364/good/d7364.0265.fits
0266 object   10520      strumu     3.0 125.17713 +20.50011 /data/raw/bok/u/201512/J7364/good/d7364.0266.fits
0267 object   10520      strumu    40.0 125.17700 +20.50000 /data/raw/bok/u/201512/J7364/good/d7364.0267.fits
0268 object   10884      strumu     3.0 125.84629 +21.29986 /data/raw/bok/u/201512/J7364/good/d7364.0268.fits
0269 object   10884      strumu    40.0 125.84625 +21.30000 /data/raw/bok/u/201512/J7364/good/d7364.0269.fits
0270 object   10521      strumu     3.0 126.03121 +20.50008 /data/raw/bok/u/201512/J7364/good/d7364.0270.fits
0271 object   10521      strumu    40.0 126.03121 +20.50000 /data/raw/bok/u/201512/J7364/good/d7364.0271.fits
0272 object   10885      strumu     3.0 126.70508 +21.29972 /data/raw/bok/u/201512/J7364/good/d7364.0272.fits
0273 object   10885      strumu    40.0 126.70496 +21.30000 /data/raw/bok/u/201512/J7364/good/d7364.0273.fits
0274 object   10522      strumu     3.0 126.88533 +20.50022 /data/raw/bok/u/201512/J7364/good/d7364.0274.fits
0275 object   10522      strumu    40.0 126.88546 +20.50000 /data/raw/bok/u/201512/J7364/good/d7364.0275.fits
0276 object   10886      strumu     3.0 127.56367 +21.29992 /data/raw/bok/u/201512/J7364/good/d7364.0276.fits
0277 object   10886      strumu    40.0 127.56375 +21.30000 /data/raw/bok/u/201512/J7364/good/d7364.0277.fits
0278 object   10523      strumu     3.0 127.73950 +20.50022 /data/raw/bok/u/201512/J7364/good/d7364.0278.fits
0279 object   10523      strumu    40.0 127.73938 +20.50003 /data/raw/bok/u/201512/J7364/good/d7364.0279.fits
0280 object   10887      strumu     3.0 128.42242 +21.29992 /data/raw/bok/u/201512/J7364/good/d7364.0280.fits
0281 object   10887      strumu    40.0 128.42242 +21.30000 /data/raw/bok/u/201512/J7364/good/d7364.0281.fits
0282 object   10524      strumu     3.0 128.59338 +20.50008 /data/raw/bok/u/201512/J7364/good/d7364.0282.fits
0283 object   10524      strumu    40.0 128.59333 +20.50003 /data/raw/bok/u/201512/J7364/good/d7364.0283.fits
0284 object   10888      strumu     3.0 129.28071 +21.29989 /data/raw/bok/u/201512/J7364/good/d7364.0284.fits
0285 object   10888      strumu    40.0 129.28067 +21.30000 /data/raw/bok/u/201512/J7364/good/d7364.0285.fits
0286 object   10525      strumu     3.0 129.44746 +20.50028 /data/raw/bok/u/201512/J7364/good/d7364.0286.fits
0287 object   10525      strumu    40.0 129.44746 +20.50000 /data/raw/bok/u/201512/J7364/good/d7364.0287.fits
0288 object   10889      strumu     3.0 130.13950 +21.29989 /data/raw/bok/u/201512/J7364/good/d7364.0288.fits
0289 object   10889      strumu    40.0 130.13958 +21.30000 /data/raw/bok/u/201512/J7364/good/d7364.0289.fits
0290 object   10526      strumu     3.0 130.30167 +20.50011 /data/raw/bok/u/201512/J7364/good/d7364.0290.fits
0291 object   10526      strumu    40.0 130.30167 +20.50000 /data/raw/bok/u/201512/J7364/good/d7364.0291.fits
0292 object   10890      strumu     3.0 130.99842 +21.29989 /data/raw/bok/u/201512/J7364/good/d7364.0292.fits
0293 object   10890      strumu    40.0 130.99817 +21.30000 /data/raw/bok/u/201512/J7364/good/d7364.0293.fits
0294 object   10527      strumu     3.0 131.15575 +20.50017 /data/raw/bok/u/201512/J7364/good/d7364.0294.fits
0295 object   10527      strumu    40.0 131.15575 +20.50000 /data/raw/bok/u/201512/J7364/good/d7364.0295.fits
0296 object   10528      strumu     3.0 132.00996 +20.50000 /data/raw/bok/u/201512/J7364/good/d7364.0296.fits
0297 object   10528      strumu    40.0 132.01000 +20.50003 /data/raw/bok/u/201512/J7364/good/d7364.0297.fits
0298 object   10529      strumu     3.0 132.86413 +20.50000 /data/raw/bok/u/201512/J7364/good/d7364.0298.fits
0299 object   10529      strumu    40.0 132.86408 +20.50003 /data/raw/bok/u/201512/J7364/good/d7364.0299.fits
0300 object   10530      strumu     3.0 133.71779 +20.50000 /data/raw/bok/u/201512/J7364/good/d7364.0300.fits
0301 object   10530      strumu    40.0 133.71796 +20.50000 /data/raw/bok/u/201512/J7364/good/d7364.0301.fits
0302 object   10531      strumu     3.0 134.57196 +20.50000 /data/raw/bok/u/201512/J7364/good/d7364.0302.fits
0303 object   10531      strumu    40.0 134.57204 +20.50000 /data/raw/bok/u/201512/J7364/good/d7364.0303.fits
0304 object   10532      strumu     3.0 135.42617 +20.50000 /data/raw/bok/u/201512/J7364/good/d7364.0304.fits
0305 object   10532      strumu    40.0 135.42608 +20.50000 /data/raw/bok/u/201512/J7364/good/d7364.0305.fits
0306 object   10533      strumu     3.0 136.28025 +20.50000 /data/raw/bok/u/201512/J7364/good/d7364.0306.fits
0307 object   10533      strumu    40.0 136.28033 +20.50000 /data/raw/bok/u/201512/J7364/good/d7364.0307.fits
0308 object   10534      strumu     3.0 137.13462 +20.50000 /data/raw/bok/u/201512/J7364/good/d7364.0308.fits
0309 object   10534      strumu    40.0 137.13458 +20.50000 /data/raw/bok/u/201512/J7364/good/d7364.0309.fits
0310 object   10535      strumu     3.0 137.98825 +20.50000 /data/raw/bok/u/201512/J7364/good/d7364.0310.fits
0311 object   10535      strumu    40.0 137.98829 +20.50000 /data/raw/bok/u/201512/J7364/good/d7364.0311.fits
0312 object   10536      strumu     3.0 138.84238 +20.50000 /data/raw/bok/u/201512/J7364/good/d7364.0312.fits
0313 object   10536      strumu    40.0 138.84246 +20.50000 /data/raw/bok/u/201512/J7364/good/d7364.0313.fits
0314 object   10537      strumu     3.0 139.69667 +20.50000 /data/raw/bok/u/201512/J7364/good/d7364.0314.fits
0315 object   10537      strumu    40.0 139.69667 +20.50000 /data/raw/bok/u/201512/J7364/good/d7364.0315.fits
0316 object   10538      strumu     3.0 140.55062 +20.50000 /data/raw/bok/u/201512/J7364/good/d7364.0316.fits
0317 object   10538      strumu    40.0 140.55071 +20.50000 /data/raw/bok/u/201512/J7364/good/d7364.0317.fits
0318 object   10539      strumu     3.0 141.40479 +20.50000 /data/raw/bok/u/201512/J7364/good/d7364.0318.fits
0319 object   10539      strumu    40.0 141.40488 +20.50000 /data/raw/bok/u/201512/J7364/good/d7364.0319.fits
0320 object   10540      strumu     3.0 142.25858 +20.50000 /data/raw/bok/u/201512/J7364/good/d7364.0320.fits
0321 object   10540      strumu    40.0 142.25862 +20.50000 /data/raw/bok/u/201512/J7364/good/d7364.0321.fits
0322 object   10541      strumu     3.0 143.11287 +20.50000 /data/raw/bok/u/201512/J7364/good/d7364.0322.fits
0323 object   10541      strumu    40.0 143.11275 +20.50000 /data/raw/bok/u/201512/J7364/good/d7364.0323.fits
0324 object   10542      strumu     3.0 143.96700 +20.50000 /data/raw/bok/u/201512/J7364/good/d7364.0324.fits
0325 object   10542      strumu    40.0 143.96700 +20.50000 /data/raw/bok/u/201512/J7364/good/d7364.0325.fits
0326 object   10543      strumu     3.0 144.82108 +20.50000 /data/raw/bok/u/201512/J7364/good/d7364.0326.fits
0327 object   10543      strumu    40.0 144.82129 +20.50000 /data/raw/bok/u/201512/J7364/good/d7364.0327.fits
0328 object   10544      strumu     3.0 145.67529 +20.50000 /data/raw/bok/u/201512/J7364/good/d7364.0328.fits
0329 object   10544      strumu    40.0 145.67533 +20.50000 /data/raw/bok/u/201512/J7364/good/d7364.0329.fits
0330 object   10545      strumu     3.0 146.52938 +20.50000 /data/raw/bok/u/201512/J7364/good/d7364.0330.fits
0331 object   10545      strumu    40.0 146.52946 +20.50000 /data/raw/bok/u/201512/J7364/good/d7364.0331.fits
0332 object   10546      strumu     3.0 147.38313 +20.50000 /data/raw/bok/u/201512/J7364/good/d7364.0332.fits
0333 object   10546      strumu    40.0 147.38329 +20.50000 /data/raw/bok/u/201512/J7364/good/d7364.0333.fits
0334 object   10547      strumu     3.0 148.23721 +20.50000 /data/raw/bok/u/201512/J7364/good/d7364.0334.fits
0335 object   10547      strumu    40.0 148.23737 +20.50000 /data/raw/bok/u/201512/J7364/good/d7364.0335.fits
0336 object   13763      strumu     3.0 180.31521 +27.70000 /data/raw/bok/u/201512/J7364/good/d7364.0336.fits
0337 object   13763      strumu    40.0 180.31521 +27.70000 /data/raw/bok/u/201512/J7364/good/d7364.0337.fits
0338 object   11310      strumu     3.0 180.94400 +22.10006 /data/raw/bok/u/201512/J7364/good/d7364.0338.fits
0339 object   11310      strumu    40.0 180.94408 +22.10000 /data/raw/bok/u/201512/J7364/good/d7364.0339.fits
0340 object   13764      strumu     3.0 181.21863 +27.69983 /data/raw/bok/u/201512/J7364/good/d7364.0340.fits
0341 object   13764      strumu    40.0 181.21867 +27.69997 /data/raw/bok/u/201512/J7364/good/d7364.0341.fits
0342 object   11311      strumu     3.0 181.80738 +22.10017 /data/raw/bok/u/201512/J7364/good/d7364.0342.fits
0343 object   11311      strumu    40.0 181.80729 +22.10000 /data/raw/bok/u/201512/J7364/good/d7364.0343.fits
0348 object   13765      strumu     3.0 182.12238 +27.69989 /data/raw/bok/u/201512/J7364/good/d7364.0348.fits
0349 object   13765      strumu    40.0 182.12233 +27.70000 /data/raw/bok/u/201512/J7364/good/d7364.0349.fits
0350 object   11312      strumu     3.0 182.67121 +22.10025 /data/raw/bok/u/201512/J7364/good/d7364.0350.fits
0351 object   11312      strumu    40.0 182.67108 +22.10000 /data/raw/bok/u/201512/J7364/good/d7364.0351.fits
0352 object   13766      strumu     3.0 183.02575 +27.69978 /data/raw/bok/u/201512/J7364/good/d7364.0352.fits
0353 object   13766      strumu    40.0 183.02567 +27.70000 /data/raw/bok/u/201512/J7364/good/d7364.0353.fits
0354 object   11313      strumu     3.0 183.53446 +22.10008 /data/raw/bok/u/201512/J7364/good/d7364.0354.fits
0355 object   11313      strumu    40.0 183.53446 +22.10000 /data/raw/bok/u/201512/J7364/good/d7364.0355.fits
0356 object   13767      strumu     3.0 183.92946 +27.69986 /data/raw/bok/u/201512/J7364/good/d7364.0356.fits
0357 object   13767      strumu    40.0 183.92942 +27.70000 /data/raw/bok/u/201512/J7364/good/d7364.0357.fits
0358 object   12382      strumu     3.0 184.23863 +24.50011 /data/raw/bok/u/201512/J7364/good/d7364.0358.fits
0359 object   12382      strumu    40.0 184.23871 +24.49997 /data/raw/bok/u/201512/J7364/good/d7364.0359.fits
0360 object   11314      strumu     3.0 184.39775 +22.10014 /data/raw/bok/u/201512/J7364/good/d7364.0360.fits
0361 object   11314      strumu    40.0 184.39783 +22.10000 /data/raw/bok/u/201512/J7364/good/d7364.0361.fits
0362 object   12733      strumu     3.0 184.55150 +25.29983 /data/raw/bok/u/201512/J7364/good/d7364.0362.fits
0363 object   12733      strumu    40.0 184.55146 +25.30000 /data/raw/bok/u/201512/J7364/good/d7364.0363.fits
0364 object   13768      strumu     3.0 184.83267 +27.69981 /data/raw/bok/u/201512/J7364/good/d7364.0364.fits
0365 object   13768      strumu    40.0 184.83267 +27.70000 /data/raw/bok/u/201512/J7364/good/d7364.0365.fits
0022 object   11468      strumv     3.0 341.54375 +22.09997 /data/raw/bok/v/201512/J7364/good/d7364.0022.fits
0023 object   11468      strumv    40.0 341.54363 +22.10000 /data/raw/bok/v/201512/J7364/good/d7364.0023.fits
0024 object   10745      strumv     3.0 342.11546 +20.50028 /data/raw/bok/v/201512/J7364/good/d7364.0024.fits
0025 object   10745      strumv    40.0 342.11525 +20.50000 /data/raw/bok/v/201512/J7364/good/d7364.0025.fits
0252 object   10883      strumv     3.0 124.98796 +21.29989 /data/raw/bok/v/201512/J7364/good/d7364.0252.fits
0253 object   10883      strumv    40.0 124.98771 +21.30000 /data/raw/bok/v/201512/J7364/good/d7364.0253.fits
0254 object   10520      strumv     3.0 125.17692 +20.50022 /data/raw/bok/v/201512/J7364/good/d7364.0254.fits
0255 object   10520      strumv    40.0 125.17688 +20.50003 /data/raw/bok/v/201512/J7364/good/d7364.0255.fits
0260 object   10883      strumv     3.0 124.98779 +21.29983 /data/raw/bok/v/201512/J7364/good/d7364.0260.fits
0261 object   10883      strumv    40.0 124.98788 +21.30000 /data/raw/bok/v/201512/J7364/good/d7364.0261.fits
0262 object   10520      strumv     3.0 125.17692 +20.50006 /data/raw/bok/v/201512/J7364/good/d7364.0262.fits
0263 object   10520      strumv    40.0 125.17700 +20.50000 /data/raw/bok/v/201512/J7364/good/d7364.0263.fits
0344 object   13765      strumv     3.0 182.12242 +27.69992 /data/raw/bok/v/201512/J7364/good/d7364.0344.fits
0345 object   13765      strumv    40.0 182.12250 +27.70000 /data/raw/bok/v/201512/J7364/good/d7364.0345.fits
0346 object   11312      strumv     3.0 182.67117 +22.10003 /data/raw/bok/v/201512/J7364/good/d7364.0346.fits
0347 object   11312      strumv    40.0 182.67100 +22.10000 /data/raw/bok/v/201512/J7364/good/d7364.0347.fits
