0038 object   10721      strumu     3.0 321.61754 +20.49997 /data/raw/bok/u/201512/J7360/good/7360.0038.fits
0039 object   10721      strumu    40.0 321.61742 +20.50003 /data/raw/bok/u/201512/J7360/good/7360.0039.fits
0040 object   10722      strumu     3.0 322.47108 +20.50000 /data/raw/bok/u/201512/J7360/good/7360.0040.fits
0041 object   10722      strumu    40.0 322.47117 +20.50000 /data/raw/bok/u/201512/J7360/good/7360.0041.fits
0042 object   10723      strumu     3.0 323.32533 +20.50000 /data/raw/bok/u/201512/J7360/good/7360.0042.fits
0043 object   10723      strumu    40.0 323.32538 +20.50000 /data/raw/bok/u/201512/J7360/good/7360.0043.fits
0044 object   10724      strumu     3.0 324.17950 +20.50000 /data/raw/bok/u/201512/J7360/good/7360.0044.fits
0045 object   10724      strumu    40.0 324.17946 +20.50000 /data/raw/bok/u/201512/J7360/good/7360.0045.fits
0046 object   10725      strumu     3.0 325.03363 +20.50000 /data/raw/bok/u/201512/J7360/good/7360.0046.fits
0047 object   10725      strumu    40.0 325.03367 +20.50000 /data/raw/bok/u/201512/J7360/good/7360.0047.fits
0048 object   10726      strumu     3.0 325.88775 +20.50003 /data/raw/bok/u/201512/J7360/good/7360.0048.fits
0049 object   10726      strumu    40.0 325.88787 +20.50000 /data/raw/bok/u/201512/J7360/good/7360.0049.fits
0050 object   10727      strumu     3.0 326.74142 +20.50000 /data/raw/bok/u/201512/J7360/good/7360.0050.fits
0051 object   10727      strumu    40.0 326.74171 +20.50000 /data/raw/bok/u/201512/J7360/good/7360.0051.fits
0052 object   10728      strumu     3.0 327.59571 +20.50000 /data/raw/bok/u/201512/J7360/good/7360.0052.fits
0053 object   10728      strumu    40.0 327.59583 +20.50000 /data/raw/bok/u/201512/J7360/good/7360.0053.fits
0054 object   10729      strumu     3.0 328.44996 +20.50000 /data/raw/bok/u/201512/J7360/good/7360.0054.fits
0055 object   10729      strumu    40.0 328.44996 +20.50000 /data/raw/bok/u/201512/J7360/good/7360.0055.fits
0056 object   10730      strumu     3.0 329.30412 +20.50000 /data/raw/bok/u/201512/J7360/good/7360.0056.fits
0057 object   10730      strumu    40.0 329.30404 +20.50000 /data/raw/bok/u/201512/J7360/good/7360.0057.fits
0058 object   10731      strumu     3.0 330.15817 +20.50000 /data/raw/bok/u/201512/J7360/good/7360.0058.fits
0059 object   10731      strumu    40.0 330.15817 +20.50000 /data/raw/bok/u/201512/J7360/good/7360.0059.fits
0060 object   10732      strumu     3.0 331.01188 +20.50000 /data/raw/bok/u/201512/J7360/good/7360.0060.fits
0061 object   10732      strumu    40.0 331.01196 +20.50000 /data/raw/bok/u/201512/J7360/good/7360.0061.fits
0062 object   10733      strumu     3.0 331.86604 +20.50003 /data/raw/bok/u/201512/J7360/good/7360.0062.fits
0063 object   10733      strumu    40.0 331.86613 +20.50000 /data/raw/bok/u/201512/J7360/good/7360.0063.fits
0064 object   10734      strumu     3.0 332.72017 +20.50000 /data/raw/bok/u/201512/J7360/good/7360.0064.fits
0065 object   10734      strumu    40.0 332.72033 +20.50000 /data/raw/bok/u/201512/J7360/good/7360.0065.fits
0066 object   10735      strumu     3.0 333.57429 +20.50000 /data/raw/bok/u/201512/J7360/good/7360.0066.fits
0067 object   10735      strumu    40.0 333.57442 +20.50000 /data/raw/bok/u/201512/J7360/good/7360.0067.fits
0068 object   10736      strumu     3.0 334.42858 +20.50000 /data/raw/bok/u/201512/J7360/good/7360.0068.fits
0069 object   10736      strumu    40.0 334.42867 +20.50000 /data/raw/bok/u/201512/J7360/good/7360.0069.fits
0070 object   10737      strumu     3.0 335.28246 +20.50000 /data/raw/bok/u/201512/J7360/good/7360.0070.fits
0071 object   10737      strumu    40.0 335.28250 +20.50000 /data/raw/bok/u/201512/J7360/good/7360.0071.fits
0072 object   10738      strumu     3.0 336.13646 +20.50000 /data/raw/bok/u/201512/J7360/good/7360.0072.fits
0073 object   10738      strumu    40.0 336.13671 +20.50000 /data/raw/bok/u/201512/J7360/good/7360.0073.fits
0074 object   10739      strumu     3.0 336.99067 +20.50000 /data/raw/bok/u/201512/J7360/good/7360.0074.fits
0075 object   10739      strumu    40.0 336.99071 +20.50003 /data/raw/bok/u/201512/J7360/good/7360.0075.fits
0076 object   11101      strumu     3.0 337.07533 +21.29975 /data/raw/bok/u/201512/J7360/good/7360.0076.fits
0077 object   11101      strumu    40.0 337.07542 +21.30003 /data/raw/bok/u/201512/J7360/good/7360.0077.fits
0078 object   10740      strumu     3.0 337.84500 +20.50008 /data/raw/bok/u/201512/J7360/good/7360.0078.fits
0079 object   10740      strumu    40.0 337.84492 +20.50000 /data/raw/bok/u/201512/J7360/good/7360.0079.fits
0080 object   11102      strumu     3.0 337.93367 +21.29994 /data/raw/bok/u/201512/J7360/good/7360.0080.fits
0081 object   11102      strumu    40.0 337.93371 +21.30003 /data/raw/bok/u/201512/J7360/good/7360.0081.fits
0082 object   10741      strumu     3.0 338.69908 +20.50025 /data/raw/bok/u/201512/J7360/good/7360.0082.fits
0083 object   10741      strumu    40.0 338.69917 +20.50000 /data/raw/bok/u/201512/J7360/good/7360.0083.fits
0084 object   11103      strumu     3.0 338.79246 +21.29972 /data/raw/bok/u/201512/J7360/good/7360.0084.fits
0085 object   11103      strumu    40.0 338.79250 +21.30000 /data/raw/bok/u/201512/J7360/good/7360.0085.fits
0086 object   10742      strumu     3.0 339.55325 +20.50003 /data/raw/bok/u/201512/J7360/good/7360.0086.fits
0087 object   10742      strumu    40.0 339.55325 +20.50003 /data/raw/bok/u/201512/J7360/good/7360.0087.fits
0088 object   11104      strumu     3.0 339.65112 +21.29989 /data/raw/bok/u/201512/J7360/good/7360.0088.fits
0089 object   11104      strumu    40.0 339.65129 +21.30000 /data/raw/bok/u/201512/J7360/good/7360.0089.fits
0090 object   10743      strumu     3.0 340.40713 +20.50017 /data/raw/bok/u/201512/J7360/good/7360.0090.fits
0091 object   10743      strumu    40.0 340.40692 +20.50003 /data/raw/bok/u/201512/J7360/good/7360.0091.fits
0092 object   11105      strumu     3.0 340.50996 +21.29986 /data/raw/bok/u/201512/J7360/good/7360.0092.fits
0093 object   11105      strumu    40.0 340.50996 +21.30000 /data/raw/bok/u/201512/J7360/good/7360.0093.fits
0094 object   10744      strumu     3.0 341.26133 +20.50011 /data/raw/bok/u/201512/J7360/good/7360.0094.fits
0095 object   10744      strumu    40.0 341.26125 +20.50000 /data/raw/bok/u/201512/J7360/good/7360.0095.fits
0096 object   11106      strumu     3.0 341.36821 +21.29989 /data/raw/bok/u/201512/J7360/good/7360.0096.fits
0097 object   11106      strumu    40.0 341.36825 +21.30000 /data/raw/bok/u/201512/J7360/good/7360.0097.fits
0098 object   10745      strumu     3.0 342.11538 +20.50003 /data/raw/bok/u/201512/J7360/good/7360.0098.fits
0099 object   10745      strumu    40.0 342.11525 +20.50000 /data/raw/bok/u/201512/J7360/good/7360.0099.fits
0100 object   11107      strumu     3.0 342.22708 +21.29986 /data/raw/bok/u/201512/J7360/good/7360.0100.fits
0101 object   11107      strumu    40.0 342.22704 +21.30000 /data/raw/bok/u/201512/J7360/good/7360.0101.fits
0102 object   10746      strumu     3.0 342.96954 +20.50011 /data/raw/bok/u/201512/J7360/good/7360.0102.fits
0103 object   10746      strumu    40.0 342.96938 +20.50000 /data/raw/bok/u/201512/J7360/good/7360.0103.fits
0104 object   10747      strumu     3.0 343.82362 +20.50000 /data/raw/bok/u/201512/J7360/good/7360.0104.fits
0105 object   10747      strumu    40.0 343.82367 +20.50000 /data/raw/bok/u/201512/J7360/good/7360.0105.fits
0106 object   10748      strumu     3.0 344.67746 +20.50000 /data/raw/bok/u/201512/J7360/good/7360.0106.fits
0107 object   10748      strumu    40.0 344.67750 +20.50000 /data/raw/bok/u/201512/J7360/good/7360.0107.fits
0108 object   10749      strumu     3.0 345.53167 +20.50003 /data/raw/bok/u/201512/J7360/good/7360.0108.fits
0109 object   10749      strumu    40.0 345.53150 +20.50000 /data/raw/bok/u/201512/J7360/good/7360.0109.fits
0110 object   10750      strumu     3.0 346.38563 +20.50003 /data/raw/bok/u/201512/J7360/good/7360.0110.fits
0111 object   10750      strumu    40.0 346.38579 +20.50000 /data/raw/bok/u/201512/J7360/good/7360.0111.fits
0112 object   10751      strumu     3.0 347.23975 +20.50000 /data/raw/bok/u/201512/J7360/good/7360.0112.fits
0113 object   10751      strumu    40.0 347.23983 +20.50000 /data/raw/bok/u/201512/J7360/good/7360.0113.fits
0114 object   10752      strumu     3.0 348.09408 +20.50003 /data/raw/bok/u/201512/J7360/good/7360.0114.fits
0115 object   10752      strumu    40.0 348.09421 +20.50000 /data/raw/bok/u/201512/J7360/good/7360.0115.fits
0116 object   10753      strumu     3.0 348.94817 +20.50000 /data/raw/bok/u/201512/J7360/good/7360.0116.fits
0133 object   10442      strumu    40.0  33.78996 +20.50000 /data/raw/bok/u/201512/J7360/good/d7360.0133.fits
0134 object   10806      strumu     3.0  33.97025 +21.29981 /data/raw/bok/u/201512/J7360/good/d7360.0134.fits
0135 object   10806      strumu    40.0  33.97042 +21.30000 /data/raw/bok/u/201512/J7360/good/d7360.0135.fits
0136 object   10443      strumu     3.0  34.64383 +20.50022 /data/raw/bok/u/201512/J7360/good/d7360.0136.fits
0137 object   10443      strumu    40.0  34.64358 +20.50000 /data/raw/bok/u/201512/J7360/good/d7360.0137.fits
0138 object   10807      strumu     3.0  34.82908 +21.29989 /data/raw/bok/u/201512/J7360/good/d7360.0138.fits
0139 object   10807      strumu    40.0  34.82917 +21.30000 /data/raw/bok/u/201512/J7360/good/d7360.0139.fits
0140 object   10444      strumu     3.0  35.49796 +20.50017 /data/raw/bok/u/201512/J7360/good/d7360.0140.fits
0141 object   10444      strumu    40.0  35.49792 +20.50000 /data/raw/bok/u/201512/J7360/good/d7360.0141.fits
0142 object   10808      strumu     3.0  35.68792 +21.29983 /data/raw/bok/u/201512/J7360/good/d7360.0142.fits
0143 object   10808      strumu    40.0  35.68783 +21.30000 /data/raw/bok/u/201512/J7360/good/d7360.0143.fits
0144 object   10445      strumu     3.0  36.35196 +20.50017 /data/raw/bok/u/201512/J7360/good/d7360.0144.fits
0145 object   10445      strumu    40.0  36.35196 +20.50000 /data/raw/bok/u/201512/J7360/good/d7360.0145.fits
0146 object   10809      strumu     3.0  36.54625 +21.29983 /data/raw/bok/u/201512/J7360/good/d7360.0146.fits
0147 object   10809      strumu    40.0  36.54613 +21.30000 /data/raw/bok/u/201512/J7360/good/d7360.0147.fits
0148 object   10446      strumu     3.0  37.20633 +20.50011 /data/raw/bok/u/201512/J7360/good/d7360.0148.fits
0149 object   10446      strumu    40.0  37.20617 +20.50003 /data/raw/bok/u/201512/J7360/good/d7360.0149.fits
0150 object   10810      strumu     3.0  37.40483 +21.29986 /data/raw/bok/u/201512/J7360/good/d7360.0150.fits
0151 object   10810      strumu    40.0  37.40500 +21.30000 /data/raw/bok/u/201512/J7360/good/d7360.0151.fits
0152 object   10447      strumu     3.0  38.06042 +20.50008 /data/raw/bok/u/201512/J7360/good/d7360.0152.fits
0153 object   10447      strumu    40.0  38.06029 +20.50000 /data/raw/bok/u/201512/J7360/good/d7360.0153.fits
0154 object   10811      strumu     3.0  38.26367 +21.29992 /data/raw/bok/u/201512/J7360/good/d7360.0154.fits
0155 object   10811      strumu    40.0  38.26375 +21.30000 /data/raw/bok/u/201512/J7360/good/d7360.0155.fits
0156 object   10448      strumu     3.0  38.91408 +20.50014 /data/raw/bok/u/201512/J7360/good/d7360.0156.fits
0157 object   10448      strumu    40.0  38.91396 +20.50000 /data/raw/bok/u/201512/J7360/good/d7360.0157.fits
0158 object   10449      strumu     3.0  39.76825 +20.49997 /data/raw/bok/u/201512/J7360/good/d7360.0158.fits
0159 object   10449      strumu    40.0  39.76825 +20.50000 /data/raw/bok/u/201512/J7360/good/d7360.0159.fits
0160 object   10450      strumu     3.0  40.62254 +20.49997 /data/raw/bok/u/201512/J7360/good/d7360.0160.fits
0161 object   10450      strumu    40.0  40.62233 +20.50000 /data/raw/bok/u/201512/J7360/good/d7360.0161.fits
0162 object   10451      strumu     3.0  41.47654 +20.49997 /data/raw/bok/u/201512/J7360/good/d7360.0162.fits
0163 object   10451      strumu    40.0  41.47671 +20.50000 /data/raw/bok/u/201512/J7360/good/d7360.0163.fits
0164 object   10452      strumu     3.0  42.33054 +20.49997 /data/raw/bok/u/201512/J7360/good/d7360.0164.fits
0165 object   10452      strumu    40.0  42.33067 +20.50000 /data/raw/bok/u/201512/J7360/good/d7360.0165.fits
0166 object   10453      strumu     3.0  43.18479 +20.49997 /data/raw/bok/u/201512/J7360/good/d7360.0166.fits
0167 object   10453      strumu    40.0  43.18496 +20.50000 /data/raw/bok/u/201512/J7360/good/d7360.0167.fits
0168 object   10454      strumu     3.0  44.03854 +20.49997 /data/raw/bok/u/201512/J7360/good/d7360.0168.fits
0169 object   10454      strumu    40.0  44.03879 +20.50000 /data/raw/bok/u/201512/J7360/good/d7360.0169.fits
0170 object   10455      strumu     3.0  44.89300 +20.49997 /data/raw/bok/u/201512/J7360/good/d7360.0170.fits
0171 object   10455      strumu    40.0  44.89283 +20.50000 /data/raw/bok/u/201512/J7360/good/d7360.0171.fits
0172 object   10819      strumu     3.0  45.13279 +21.29983 /data/raw/bok/u/201512/J7360/good/d7360.0172.fits
0173 object   10819      strumu    40.0  45.13283 +21.30000 /data/raw/bok/u/201512/J7360/good/d7360.0173.fits
0174 object   10456      strumu     3.0  45.74704 +20.50011 /data/raw/bok/u/201512/J7360/good/d7360.0174.fits
0175 object   10456      strumu    40.0  45.74708 +20.50000 /data/raw/bok/u/201512/J7360/good/d7360.0175.fits
0176 object   10820      strumu     3.0  45.99150 +21.29983 /data/raw/bok/u/201512/J7360/good/d7360.0176.fits
0177 object   10820      strumu    40.0  45.99162 +21.30000 /data/raw/bok/u/201512/J7360/good/d7360.0177.fits
0178 object   10457      strumu     3.0  46.60133 +20.50011 /data/raw/bok/u/201512/J7360/good/d7360.0178.fits
0179 object   10457      strumu    40.0  46.60113 +20.50003 /data/raw/bok/u/201512/J7360/good/d7360.0179.fits
0180 object   10821      strumu     3.0  46.85037 +21.29992 /data/raw/bok/u/201512/J7360/good/d7360.0180.fits
0181 object   10821      strumu    40.0  46.85042 +21.30003 /data/raw/bok/u/201512/J7360/good/d7360.0181.fits
0182 object   10458      strumu     3.0  47.45546 +20.50028 /data/raw/bok/u/201512/J7360/good/d7360.0182.fits
0183 object   10458      strumu    40.0  47.45538 +20.50000 /data/raw/bok/u/201512/J7360/good/d7360.0183.fits
0184 object   10822      strumu     3.0  47.70862 +21.29981 /data/raw/bok/u/201512/J7360/good/d7360.0184.fits
0186 object   10822      strumu    40.0  47.70879 +21.30000 /data/raw/bok/u/201512/J7360/good/d7360.0186.fits
0187 object   10459      strumu     3.0  48.30921 +20.50008 /data/raw/bok/u/201512/J7360/good/d7360.0187.fits
0188 object   10459      strumu    40.0  48.30904 +20.50000 /data/raw/bok/u/201512/J7360/good/d7360.0188.fits
0189 object   10823      strumu     3.0  48.56750 +21.29978 /data/raw/bok/u/201512/J7360/good/d7360.0189.fits
0190 object   10823      strumu    40.0  48.56754 +21.30000 /data/raw/bok/u/201512/J7360/good/d7360.0190.fits
0191 object   10460      strumu     3.0  49.16338 +20.50022 /data/raw/bok/u/201512/J7360/good/d7360.0191.fits
0192 object   10460      strumu    40.0  49.16292 +20.50000 /data/raw/bok/u/201512/J7360/good/d7360.0192.fits
0193 object   10824      strumu     3.0  49.42608 +21.29978 /data/raw/bok/u/201512/J7360/good/d7360.0193.fits
0194 object   10824      strumu    40.0  49.42625 +21.30000 /data/raw/bok/u/201512/J7360/good/d7360.0194.fits
0195 object   10461      strumu     3.0  50.01758 +20.50017 /data/raw/bok/u/201512/J7360/good/d7360.0195.fits
0196 object   10461      strumu    40.0  50.01754 +20.50000 /data/raw/bok/u/201512/J7360/good/d7360.0196.fits
0197 object   10825      strumu     3.0  50.28492 +21.29975 /data/raw/bok/u/201512/J7360/good/d7360.0197.fits
0198 object   10825      strumu    40.0  50.28479 +21.30000 /data/raw/bok/u/201512/J7360/good/d7360.0198.fits
0199 object   10462      strumu     3.0  50.87158 +20.50011 /data/raw/bok/u/201512/J7360/good/d7360.0199.fits
0200 object   10462      strumu    40.0  50.87154 +20.50000 /data/raw/bok/u/201512/J7360/good/d7360.0200.fits
0201 object   10463      strumu     3.0  51.72554 +20.50000 /data/raw/bok/u/201512/J7360/good/d7360.0201.fits
0202 object   10463      strumu    40.0  51.72575 +20.50000 /data/raw/bok/u/201512/J7360/good/d7360.0202.fits
0203 object   10464      strumu     3.0  52.57946 +20.50000 /data/raw/bok/u/201512/J7360/good/d7360.0203.fits
0204 object   10464      strumu    40.0  52.57946 +20.50000 /data/raw/bok/u/201512/J7360/good/d7360.0204.fits
0205 object   10465      strumu     3.0  53.43358 +20.50000 /data/raw/bok/u/201512/J7360/good/d7360.0205.fits
0206 object   10465      strumu    40.0  53.43362 +20.49997 /data/raw/bok/u/201512/J7360/good/d7360.0206.fits
0207 object   10466      strumu     3.0  54.28783 +20.50000 /data/raw/bok/u/201512/J7360/good/d7360.0207.fits
0208 object   10466      strumu    40.0  54.28792 +20.50000 /data/raw/bok/u/201512/J7360/good/d7360.0208.fits
0209 object   10467      strumu     3.0  55.14187 +20.50000 /data/raw/bok/u/201512/J7360/good/d7360.0209.fits
0210 object   10467      strumu    40.0  55.14208 +20.50000 /data/raw/bok/u/201512/J7360/good/d7360.0210.fits
0211 object   10468      strumu     3.0  55.99612 +20.50000 /data/raw/bok/u/201512/J7360/good/d7360.0211.fits
0212 object   10468      strumu    40.0  55.99629 +20.50000 /data/raw/bok/u/201512/J7360/good/d7360.0212.fits
0213 object   10469      strumu     3.0  56.84987 +20.50000 /data/raw/bok/u/201512/J7360/good/d7360.0213.fits
0214 object   10469      strumu    40.0  56.84992 +20.49997 /data/raw/bok/u/201512/J7360/good/d7360.0214.fits
0215 object   10470      strumu     3.0  57.70404 +20.50000 /data/raw/bok/u/201512/J7360/good/d7360.0215.fits
0216 object   10470      strumu    40.0  57.70408 +20.49997 /data/raw/bok/u/201512/J7360/good/d7360.0216.fits
0217 object   10471      strumu     3.0  58.55812 +20.50000 /data/raw/bok/u/201512/J7360/good/d7360.0217.fits
0218 object   10471      strumu    40.0  58.55821 +20.50003 /data/raw/bok/u/201512/J7360/good/d7360.0218.fits
0219 object   10472      strumu     3.0  59.41229 +20.50000 /data/raw/bok/u/201512/J7360/good/d7360.0219.fits
0220 object   10472      strumu    40.0  59.41233 +20.50000 /data/raw/bok/u/201512/J7360/good/d7360.0220.fits
0221 object   10473      strumu     3.0  60.26646 +20.50000 /data/raw/bok/u/201512/J7360/good/d7360.0221.fits
0222 object   10473      strumu    40.0  60.26654 +20.50003 /data/raw/bok/u/201512/J7360/good/d7360.0222.fits
0223 object   10474      strumu     3.0  61.12079 +20.50000 /data/raw/bok/u/201512/J7360/good/d7360.0223.fits
0224 object   10474      strumu    40.0  61.12079 +20.50000 /data/raw/bok/u/201512/J7360/good/d7360.0224.fits
0225 object   10475      strumu     3.0  61.97437 +20.50000 /data/raw/bok/u/201512/J7360/good/d7360.0225.fits
0226 object   10475      strumu    40.0  61.97450 +20.50000 /data/raw/bok/u/201512/J7360/good/d7360.0226.fits
0227 object   10476      strumu     3.0  62.82858 +20.50000 /data/raw/bok/u/201512/J7360/good/d7360.0227.fits
0228 object   10476      strumu    40.0  62.82871 +20.50000 /data/raw/bok/u/201512/J7360/good/d7360.0228.fits
0229 object   10477      strumu     3.0  63.68304 +20.50000 /data/raw/bok/u/201512/J7360/good/d7360.0229.fits
0230 object   10477      strumu    40.0  63.68283 +20.50000 /data/raw/bok/u/201512/J7360/good/d7360.0230.fits
0231 object   10478      strumu     3.0  64.53696 +20.50000 /data/raw/bok/u/201512/J7360/good/d7360.0231.fits
0232 object   10478      strumu    40.0  64.53700 +20.50000 /data/raw/bok/u/201512/J7360/good/d7360.0232.fits
0233 object   10479      strumu     3.0  65.39117 +20.50000 /data/raw/bok/u/201512/J7360/good/d7360.0233.fits
0234 object   10479      strumu    40.0  65.39125 +20.50000 /data/raw/bok/u/201512/J7360/good/d7360.0234.fits
0240 object   10480      strumu     3.0  66.24479 +20.50000 /data/raw/bok/u/201512/J7360/good/d7360.0240.fits
0241 object   10480      strumu    40.0  66.24488 +20.50000 /data/raw/bok/u/201512/J7360/good/d7360.0241.fits
0242 object   10481      strumu     3.0  67.09908 +20.49997 /data/raw/bok/u/201512/J7360/good/d7360.0242.fits
0243 object   10481      strumu    40.0  67.09917 +20.49997 /data/raw/bok/u/201512/J7360/good/d7360.0243.fits
0244 object   10482      strumu     3.0  67.95312 +20.50000 /data/raw/bok/u/201512/J7360/good/d7360.0244.fits
0245 object   10482      strumu    40.0  67.95325 +20.50000 /data/raw/bok/u/201512/J7360/good/d7360.0245.fits
0246 object   10483      strumu     3.0  68.80737 +20.50000 /data/raw/bok/u/201512/J7360/good/d7360.0246.fits
0247 object   10483      strumu    40.0  68.80737 +20.50000 /data/raw/bok/u/201512/J7360/good/d7360.0247.fits
0248 object   10484      strumu     3.0  69.66150 +20.49997 /data/raw/bok/u/201512/J7360/good/d7360.0248.fits
0249 object   10484      strumu    40.0  69.66162 +20.50003 /data/raw/bok/u/201512/J7360/good/d7360.0249.fits
0250 object   10485      strumu     3.0  70.51529 +20.50000 /data/raw/bok/u/201512/J7360/good/d7360.0250.fits
0251 object   10485      strumu    40.0  70.51529 +20.50000 /data/raw/bok/u/201512/J7360/good/d7360.0251.fits
0252 object   10486      strumu     3.0  71.36938 +20.50000 /data/raw/bok/u/201512/J7360/good/d7360.0252.fits
0253 object   10486      strumu    40.0  71.36946 +20.49997 /data/raw/bok/u/201512/J7360/good/d7360.0253.fits
0254 object   10487      strumu     3.0  72.22350 +20.49997 /data/raw/bok/u/201512/J7360/good/d7360.0254.fits
0255 object   10487      strumu    40.0  72.22379 +20.50000 /data/raw/bok/u/201512/J7360/good/d7360.0255.fits
0256 object   10488      strumu     3.0  73.07779 +20.50000 /data/raw/bok/u/201512/J7360/good/d7360.0256.fits
0257 object   10488      strumu    40.0  73.07783 +20.50000 /data/raw/bok/u/201512/J7360/good/d7360.0257.fits
0258 object   10489      strumu     3.0  73.93179 +20.49997 /data/raw/bok/u/201512/J7360/good/d7360.0258.fits
0259 object   10489      strumu    40.0  73.93192 +20.50000 /data/raw/bok/u/201512/J7360/good/d7360.0259.fits
0260 object   10490      strumu     3.0  74.78583 +20.50000 /data/raw/bok/u/201512/J7360/good/d7360.0260.fits
0261 object   10490      strumu    40.0  74.78575 +20.50000 /data/raw/bok/u/201512/J7360/good/d7360.0261.fits
0262 object   10854      strumu     3.0  75.18579 +21.29972 /data/raw/bok/u/201512/J7360/good/d7360.0262.fits
0263 object   10854      strumu    40.0  75.18562 +21.30000 /data/raw/bok/u/201512/J7360/good/d7360.0263.fits
0264 object   10491      strumu     3.0  75.63992 +20.50008 /data/raw/bok/u/201512/J7360/good/d7360.0264.fits
0265 object   10491      strumu    40.0  75.63992 +20.50000 /data/raw/bok/u/201512/J7360/good/d7360.0265.fits
0266 object   10855      strumu     3.0  76.04450 +21.29978 /data/raw/bok/u/201512/J7360/good/d7360.0266.fits
0267 object   10855      strumu    40.0  76.04450 +21.30000 /data/raw/bok/u/201512/J7360/good/d7360.0267.fits
0268 object   10492      strumu     3.0  76.49408 +20.50017 /data/raw/bok/u/201512/J7360/good/d7360.0268.fits
0269 object   10492      strumu    40.0  76.49412 +20.49997 /data/raw/bok/u/201512/J7360/good/d7360.0269.fits
0270 object   10856      strumu     3.0  76.90337 +21.29972 /data/raw/bok/u/201512/J7360/good/d7360.0270.fits
0271 object   10856      strumu    40.0  76.90321 +21.30000 /data/raw/bok/u/201512/J7360/good/d7360.0271.fits
0272 object   10493      strumu     3.0  77.34821 +20.50011 /data/raw/bok/u/201512/J7360/good/d7360.0272.fits
0273 object   10493      strumu    40.0  77.34829 +20.50000 /data/raw/bok/u/201512/J7360/good/d7360.0273.fits
0274 object   10857      strumu     3.0  77.76163 +21.29981 /data/raw/bok/u/201512/J7360/good/d7360.0274.fits
0275 object   10857      strumu    40.0  77.76150 +21.30000 /data/raw/bok/u/201512/J7360/good/d7360.0275.fits
0276 object   10494      strumu     3.0  78.20250 +20.50017 /data/raw/bok/u/201512/J7360/good/d7360.0276.fits
0277 object   10494      strumu    40.0  78.20246 +20.50000 /data/raw/bok/u/201512/J7360/good/d7360.0277.fits
0278 object   10858      strumu     3.0  78.62037 +21.29992 /data/raw/bok/u/201512/J7360/good/d7360.0278.fits
0279 object   10858      strumu    40.0  78.62025 +21.30000 /data/raw/bok/u/201512/J7360/good/d7360.0279.fits
0280 object   10495      strumu     3.0  79.05658 +20.50006 /data/raw/bok/u/201512/J7360/good/d7360.0280.fits
0281 object   10495      strumu    40.0  79.05646 +20.50000 /data/raw/bok/u/201512/J7360/good/d7360.0281.fits
0282 object   10859      strumu     3.0 104.38008 +21.30008 /data/raw/bok/u/201512/J7360/good/d7360.0282.fits
0283 object   10859      strumu    40.0 104.37996 +21.30006 /data/raw/bok/u/201512/J7360/good/d7360.0283.fits
0284 object   10496      strumu     3.0 104.67908 +20.50028 /data/raw/bok/u/201512/J7360/good/d7360.0284.fits
0285 object   10496      strumu    40.0 104.67900 +20.50000 /data/raw/bok/u/201512/J7360/good/d7360.0285.fits
0286 object   10860      strumu     3.0 105.23871 +21.29992 /data/raw/bok/u/201512/J7360/good/d7360.0286.fits
0287 object   10860      strumu    40.0 105.23858 +21.30003 /data/raw/bok/u/201512/J7360/good/d7360.0287.fits
0288 object   10497      strumu     3.0 105.53333 +20.50008 /data/raw/bok/u/201512/J7360/good/d7360.0288.fits
0289 object   10497      strumu    40.0 105.53321 +20.49997 /data/raw/bok/u/201512/J7360/good/d7360.0289.fits
0290 object   10861      strumu     3.0 106.09737 +21.29986 /data/raw/bok/u/201512/J7360/good/d7360.0290.fits
0291 object   10861      strumu    40.0 106.09746 +21.30000 /data/raw/bok/u/201512/J7360/good/d7360.0291.fits
0292 object   10498      strumu     3.0 106.38696 +20.50008 /data/raw/bok/u/201512/J7360/good/d7360.0292.fits
0293 object   10498      strumu    40.0 106.38700 +20.50000 /data/raw/bok/u/201512/J7360/good/d7360.0293.fits
0294 object   10862      strumu     3.0 106.95575 +21.29975 /data/raw/bok/u/201512/J7360/good/d7360.0294.fits
0295 object   10862      strumu    40.0 106.95579 +21.30003 /data/raw/bok/u/201512/J7360/good/d7360.0295.fits
0298 object   10499      strumu     3.0 107.24108 +20.49997 /data/raw/bok/u/201512/J7360/good/d7360.0298.fits
0299 object   10499      strumu    40.0 107.24108 +20.49997 /data/raw/bok/u/201512/J7360/good/d7360.0299.fits
0300 object   10863      strumu     3.0 107.81463 +21.29994 /data/raw/bok/u/201512/J7360/good/d7360.0300.fits
0301 object   10863      strumu    40.0 107.81450 +21.30000 /data/raw/bok/u/201512/J7360/good/d7360.0301.fits
0302 object   10500      strumu     3.0 108.09542 +20.50008 /data/raw/bok/u/201512/J7360/good/d7360.0302.fits
0303 object   10500      strumu    40.0 108.09533 +20.50000 /data/raw/bok/u/201512/J7360/good/d7360.0303.fits
0304 object   10864      strumu     3.0 108.67329 +21.29983 /data/raw/bok/u/201512/J7360/good/d7360.0304.fits
0305 object   10864      strumu    40.0 108.67321 +21.30000 /data/raw/bok/u/201512/J7360/good/d7360.0305.fits
0306 object   10501      strumu     3.0 108.94963 +20.50008 /data/raw/bok/u/201512/J7360/good/d7360.0306.fits
0307 object   10501      strumu    40.0 108.94946 +20.50000 /data/raw/bok/u/201512/J7360/good/d7360.0307.fits
0308 object   10865      strumu     3.0 109.53196 +21.29983 /data/raw/bok/u/201512/J7360/good/d7360.0308.fits
0309 object   10865      strumu    40.0 109.53196 +21.30000 /data/raw/bok/u/201512/J7360/good/d7360.0309.fits
0310 object   10502      strumu     3.0 109.80379 +20.50011 /data/raw/bok/u/201512/J7360/good/d7360.0310.fits
0311 object   10502      strumu    40.0 109.80371 +20.50000 /data/raw/bok/u/201512/J7360/good/d7360.0311.fits
0312 object   10866      strumu     3.0 110.39071 +21.29986 /data/raw/bok/u/201512/J7360/good/d7360.0312.fits
0313 object   10866      strumu    40.0 110.39079 +21.30000 /data/raw/bok/u/201512/J7360/good/d7360.0313.fits
0314 object   10503      strumu     3.0 110.65779 +20.50006 /data/raw/bok/u/201512/J7360/good/d7360.0314.fits
0315 object   10503      strumu    40.0 110.65779 +20.50000 /data/raw/bok/u/201512/J7360/good/d7360.0315.fits
0316 object   10867      strumu     3.0 111.24913 +21.29983 /data/raw/bok/u/201512/J7360/good/d7360.0316.fits
0317 object   10867      strumu    40.0 111.24900 +21.30000 /data/raw/bok/u/201512/J7360/good/d7360.0317.fits
0318 object   10504      strumu     3.0 111.51163 +20.50028 /data/raw/bok/u/201512/J7360/good/d7360.0318.fits
0319 object   10504      strumu    40.0 111.51158 +20.50000 /data/raw/bok/u/201512/J7360/good/d7360.0319.fits
0320 object   10868      strumu     3.0 112.10792 +21.29989 /data/raw/bok/u/201512/J7360/good/d7360.0320.fits
0321 object   10868      strumu    40.0 112.10771 +21.30000 /data/raw/bok/u/201512/J7360/good/d7360.0321.fits
0322 object   10505      strumu     3.0 112.36583 +20.50006 /data/raw/bok/u/201512/J7360/good/d7360.0322.fits
0323 object   10505      strumu    40.0 112.36575 +20.50000 /data/raw/bok/u/201512/J7360/good/d7360.0323.fits
0324 object   10869      strumu     3.0 112.96662 +21.29983 /data/raw/bok/u/201512/J7360/good/d7360.0324.fits
0325 object   10869      strumu    40.0 112.96662 +21.30000 /data/raw/bok/u/201512/J7360/good/d7360.0325.fits
0326 object   10506      strumu     3.0 113.21992 +20.50008 /data/raw/bok/u/201512/J7360/good/d7360.0326.fits
0327 object   10506      strumu    40.0 113.21983 +20.50000 /data/raw/bok/u/201512/J7360/good/d7360.0327.fits
0328 object   10870      strumu     3.0 113.82533 +21.29983 /data/raw/bok/u/201512/J7360/good/d7360.0328.fits
0329 object   10870      strumu    40.0 113.82533 +21.30000 /data/raw/bok/u/201512/J7360/good/d7360.0329.fits
0330 object   10507      strumu     3.0 114.07412 +20.50014 /data/raw/bok/u/201512/J7360/good/d7360.0330.fits
0331 object   10507      strumu    40.0 114.07412 +20.50000 /data/raw/bok/u/201512/J7360/good/d7360.0331.fits
0332 object   11233      strumu     3.0 114.45950 +22.09975 /data/raw/bok/u/201512/J7360/good/d7360.0332.fits
0333 object   11233      strumu    40.0 114.45946 +22.10000 /data/raw/bok/u/201512/J7360/good/d7360.0333.fits
0334 object   10871      strumu     3.0 114.68362 +21.30014 /data/raw/bok/u/201512/J7360/good/d7360.0334.fits
0335 object   10871      strumu    40.0 114.68379 +21.30000 /data/raw/bok/u/201512/J7360/good/d7360.0335.fits
0336 object   10508      strumu     3.0 114.92821 +20.50008 /data/raw/bok/u/201512/J7360/good/d7360.0336.fits
0337 object   10508      strumu    40.0 114.92813 +20.50000 /data/raw/bok/u/201512/J7360/good/d7360.0337.fits
0338 object   11234      strumu     3.0 115.32296 +22.09978 /data/raw/bok/u/201512/J7360/good/d7360.0338.fits
0339 object   11234      strumu    40.0 115.32287 +22.10000 /data/raw/bok/u/201512/J7360/good/d7360.0339.fits
0340 object   10872      strumu     3.0 115.54242 +21.30006 /data/raw/bok/u/201512/J7360/good/d7360.0340.fits
0341 object   10872      strumu    40.0 115.54246 +21.29997 /data/raw/bok/u/201512/J7360/good/d7360.0341.fits
0347 object   10509      strumu     3.0 115.78196 +20.50014 /data/raw/bok/u/201512/J7360/good/d7360.0347.fits
0348 object   10509      strumu    40.0 115.78213 +20.50000 /data/raw/bok/u/201512/J7360/good/d7360.0348.fits
0349 object   11235      strumu     3.0 116.18625 +22.09989 /data/raw/bok/u/201512/J7360/good/d7360.0349.fits
0350 object   11235      strumu    40.0 116.18617 +22.10000 /data/raw/bok/u/201512/J7360/good/d7360.0350.fits
0351 object   10873      strumu     3.0 116.40125 +21.30006 /data/raw/bok/u/201512/J7360/good/d7360.0351.fits
0352 object   10873      strumu    40.0 116.40121 +21.30000 /data/raw/bok/u/201512/J7360/good/d7360.0352.fits
0353 object   10510      strumu     3.0 116.63613 +20.50022 /data/raw/bok/u/201512/J7360/good/d7360.0353.fits
0354 object   10510      strumu    40.0 116.63608 +20.50000 /data/raw/bok/u/201512/J7360/good/d7360.0354.fits
0355 object   11236      strumu     3.0 117.04983 +22.09981 /data/raw/bok/u/201512/J7360/good/d7360.0355.fits
0356 object   11236      strumu    40.0 117.04996 +22.10000 /data/raw/bok/u/201512/J7360/good/d7360.0356.fits
0357 object   10874      strumu     3.0 117.26000 +21.30017 /data/raw/bok/u/201512/J7360/good/d7360.0357.fits
0358 object   10874      strumu    40.0 117.25987 +21.30003 /data/raw/bok/u/201512/J7360/good/d7360.0358.fits
0359 object   10511      strumu     3.0 117.49025 +20.50022 /data/raw/bok/u/201512/J7360/good/d7360.0359.fits
0360 object   10511      strumu    40.0 117.49029 +20.50000 /data/raw/bok/u/201512/J7360/good/d7360.0360.fits
0361 object   11237      strumu     3.0 117.91317 +22.09975 /data/raw/bok/u/201512/J7360/good/d7360.0361.fits
0362 object   11237      strumu    40.0 117.91325 +22.10000 /data/raw/bok/u/201512/J7360/good/d7360.0362.fits
0363 object   10875      strumu     3.0 118.11833 +21.30028 /data/raw/bok/u/201512/J7360/good/d7360.0363.fits
0364 object   10875      strumu    40.0 118.11838 +21.30000 /data/raw/bok/u/201512/J7360/good/d7360.0364.fits
0365 object   10512      strumu     3.0 118.34450 +20.50006 /data/raw/bok/u/201512/J7360/good/d7360.0365.fits
0366 object   10512      strumu    40.0 118.34450 +20.50000 /data/raw/bok/u/201512/J7360/good/d7360.0366.fits
0367 object   11238      strumu     3.0 118.77654 +22.09981 /data/raw/bok/u/201512/J7360/good/d7360.0367.fits
0368 object   11238      strumu    40.0 118.77667 +22.10000 /data/raw/bok/u/201512/J7360/good/d7360.0368.fits
0369 object   10876      strumu     3.0 118.97696 +21.30011 /data/raw/bok/u/201512/J7360/good/d7360.0369.fits
0370 object   10876      strumu    40.0 118.97708 +21.30000 /data/raw/bok/u/201512/J7360/good/d7360.0370.fits
0371 object   10513      strumu     3.0 119.19863 +20.50008 /data/raw/bok/u/201512/J7360/good/d7360.0371.fits
0372 object   10513      strumu    40.0 119.19858 +20.50000 /data/raw/bok/u/201512/J7360/good/d7360.0372.fits
0373 object   11239      strumu     3.0 119.64000 +22.09975 /data/raw/bok/u/201512/J7360/good/d7360.0373.fits
0374 object   11239      strumu    40.0 119.63996 +22.10000 /data/raw/bok/u/201512/J7360/good/d7360.0374.fits
0375 object   10877      strumu     3.0 119.83571 +21.30014 /data/raw/bok/u/201512/J7360/good/d7360.0375.fits
0376 object   10877      strumu    40.0 119.83567 +21.30003 /data/raw/bok/u/201512/J7360/good/d7360.0376.fits
0377 object   10514      strumu     3.0 120.05250 +20.50008 /data/raw/bok/u/201512/J7360/good/d7360.0377.fits
0378 object   10514      strumu    40.0 120.05238 +20.49997 /data/raw/bok/u/201512/J7360/good/d7360.0378.fits
0379 object   10878      strumu     3.0 120.69458 +21.29986 /data/raw/bok/u/201512/J7360/good/d7360.0379.fits
0380 object   10878      strumu    40.0 120.69446 +21.30000 /data/raw/bok/u/201512/J7360/good/d7360.0380.fits
0381 object   10515      strumu     3.0 120.90654 +20.50008 /data/raw/bok/u/201512/J7360/good/d7360.0381.fits
0382 object   10515      strumu    40.0 120.90658 +20.50000 /data/raw/bok/u/201512/J7360/good/d7360.0382.fits
0383 object   10879      strumu     3.0 121.55333 +21.29989 /data/raw/bok/u/201512/J7360/good/d7360.0383.fits
0384 object   10879      strumu    40.0 121.55338 +21.30000 /data/raw/bok/u/201512/J7360/good/d7360.0384.fits
0235 object   10478      strumv     3.0  64.53704 +20.50000 /data/raw/bok/v/201512/J7360/good/d7360.0235.fits
0236 object   10478      strumv    40.0  64.53708 +20.50000 /data/raw/bok/v/201512/J7360/good/d7360.0236.fits
0237 object   10479      strumv     3.0  65.39125 +20.49997 /data/raw/bok/v/201512/J7360/good/d7360.0237.fits
0238 object   10479      strumv    40.0  65.39112 +20.50000 /data/raw/bok/v/201512/J7360/good/d7360.0238.fits
0342 object   11234      strumv     3.0 115.32292 +22.09997 /data/raw/bok/v/201512/J7360/good/d7360.0342.fits
0343 object   11234      strumv    40.0 115.32287 +22.10000 /data/raw/bok/v/201512/J7360/good/d7360.0343.fits
0344 object   10872      strumv     3.0 115.54254 +21.30014 /data/raw/bok/v/201512/J7360/good/d7360.0344.fits
0345 object   10872      strumv    40.0 115.54254 +21.30000 /data/raw/bok/v/201512/J7360/good/d7360.0345.fits
0388 object   m67        strumv     3.0 132.83329 +11.81197 /data/raw/bok/v/201512/J7360/other/d7360.0388.fits
0389 object   m67        strumv    40.0 132.83333 +11.81194 /data/raw/bok/v/201512/J7360/other/d7360.0389.fits
0392 object   m67        strumv     3.0 130.33321 +11.81197 /data/raw/bok/v/201512/J7360/other/d7360.0392.fits
0393 object   m67        strumv    40.0 130.33329 +11.81197 /data/raw/bok/v/201512/J7360/other/d7360.0393.fits
0398 object   m67        strumv     3.0 130.33325 +11.97861 /data/raw/bok/v/201512/J7360/other/d7360.0398.fits
0399 object   m67        strumv    40.0 130.33333 +11.97864 /data/raw/bok/v/201512/J7360/other/d7360.0399.fits
0402 object   m67        strumv     3.0 135.33329 +11.97861 /data/raw/bok/v/201512/J7360/other/d7360.0402.fits
0403 object   m67        strumv    40.0 135.33338 +11.97861 /data/raw/bok/v/201512/J7360/other/d7360.0403.fits
0406 object   m67        strumv     3.0 130.33325 +11.64528 /data/raw/bok/v/201512/J7360/other/d7360.0406.fits
0407 object   m67        strumv    40.0 130.33333 +11.64528 /data/raw/bok/v/201512/J7360/other/d7360.0407.fits
0410 object   m67        strumv     3.0 135.33325 +11.64531 /data/raw/bok/v/201512/J7360/other/d7360.0410.fits
0411 object   m67        strumv    40.0 135.33338 +11.64525 /data/raw/bok/v/201512/J7360/other/d7360.0411.fits
0386 object   m67        strumu     3.0 132.83321 +11.81197 /data/raw/bok/u/201512/J7360/other/d7360.0386.fits
0387 object   m67        strumu    40.0 132.83321 +11.81194 /data/raw/bok/u/201512/J7360/other/d7360.0387.fits
0390 object   m67        strumu     3.0 130.33325 +11.81197 /data/raw/bok/u/201512/J7360/other/d7360.0390.fits
0391 object   m67        strumu    40.0 130.33321 +11.81197 /data/raw/bok/u/201512/J7360/other/d7360.0391.fits
0396 object   m67        strumu     3.0 130.33329 +11.97861 /data/raw/bok/u/201512/J7360/other/d7360.0396.fits
0397 object   m67        strumu    40.0 130.33321 +11.97861 /data/raw/bok/u/201512/J7360/other/d7360.0397.fits
0400 object   m67        strumu     3.0 135.33342 +11.97858 /data/raw/bok/u/201512/J7360/other/d7360.0400.fits
0401 object   m67        strumu    40.0 135.33329 +11.97861 /data/raw/bok/u/201512/J7360/other/d7360.0401.fits
0404 object   m67        strumu     3.0 130.33333 +11.64525 /data/raw/bok/u/201512/J7360/other/d7360.0404.fits
0405 object   m67        strumu    40.0 130.33337 +11.64528 /data/raw/bok/u/201512/J7360/other/d7360.0405.fits
0408 object   m67        strumu     3.0 135.33312 +11.64531 /data/raw/bok/u/201512/J7360/other/d7360.0408.fits
0409 object   m67        strumu    40.0 135.33317 +11.64528 /data/raw/bok/u/201512/J7360/other/d7360.0409.fits
