0023 object   11101      strumu     3.0 337.07537 +21.30014 /data/raw/bok/u/201512/J7363/good/d7363.0023.fits
0028 object   11101      strumu     3.0 337.07529 +21.30000 /data/raw/bok/u/201512/J7363/good/d7363.0028.fits
0029 object   11101      strumu    40.0 337.07533 +21.30000 /data/raw/bok/u/201512/J7363/good/d7363.0029.fits
0030 object   11102      strumu     3.0 337.93358 +21.30000 /data/raw/bok/u/201512/J7363/good/d7363.0030.fits
0031 object   11102      strumu    40.0 337.93375 +21.29997 /data/raw/bok/u/201512/J7363/good/d7363.0031.fits
0032 object   11103      strumu     3.0 338.79246 +21.30000 /data/raw/bok/u/201512/J7363/good/d7363.0032.fits
0033 object   11103      strumu    40.0 338.79254 +21.30003 /data/raw/bok/u/201512/J7363/good/d7363.0033.fits
0034 object   11104      strumu     3.0 339.65100 +21.30000 /data/raw/bok/u/201512/J7363/good/d7363.0034.fits
0035 object   11104      strumu    40.0 339.65112 +21.30000 /data/raw/bok/u/201512/J7363/good/d7363.0035.fits
0036 object   11466      strumu     3.0 339.81654 +22.09978 /data/raw/bok/u/201512/J7363/good/d7363.0036.fits
0037 object   11466      strumu    40.0 339.81654 +22.10000 /data/raw/bok/u/201512/J7363/good/d7363.0037.fits
0038 object   11105      strumu     3.0 340.51004 +21.30006 /data/raw/bok/u/201512/J7363/good/d7363.0038.fits
0039 object   11105      strumu    40.0 340.50988 +21.30000 /data/raw/bok/u/201512/J7363/good/d7363.0039.fits
0040 object   11467      strumu     3.0 340.68033 +22.09992 /data/raw/bok/u/201512/J7363/good/d7363.0040.fits
0041 object   11467      strumu    40.0 340.68038 +22.10000 /data/raw/bok/u/201512/J7363/good/d7363.0041.fits
0042 object   11106      strumu     3.0 341.36833 +21.30017 /data/raw/bok/u/201512/J7363/good/d7363.0042.fits
0043 object   11106      strumu    40.0 341.36829 +21.30000 /data/raw/bok/u/201512/J7363/good/d7363.0043.fits
0044 object   11468      strumu     3.0 341.54371 +22.09972 /data/raw/bok/u/201512/J7363/good/d7363.0044.fits
0045 object   11468      strumu    40.0 341.54358 +22.10000 /data/raw/bok/u/201512/J7363/good/d7363.0045.fits
0046 object   11107      strumu     3.0 342.22717 +21.30014 /data/raw/bok/u/201512/J7363/good/d7363.0046.fits
0047 object   11107      strumu    40.0 342.22708 +21.29997 /data/raw/bok/u/201512/J7363/good/d7363.0047.fits
0049 object   11469      strumu     3.0 342.40700 +22.10003 /data/raw/bok/u/201512/J7363/good/d7363.0049.fits
0050 object   11469      strumu    40.0 342.40704 +22.10000 /data/raw/bok/u/201512/J7363/good/d7363.0050.fits
0051 object   11470      strumu     3.0 343.27038 +22.10000 /data/raw/bok/u/201512/J7363/good/d7363.0051.fits
0052 object   11470      strumu    40.0 343.27029 +22.10000 /data/raw/bok/u/201512/J7363/good/d7363.0052.fits
0053 object   11471      strumu     3.0 344.13408 +22.10000 /data/raw/bok/u/201512/J7363/good/d7363.0053.fits
0054 object   11471      strumu    40.0 344.13412 +22.10000 /data/raw/bok/u/201512/J7363/good/d7363.0054.fits
0055 object   11472      strumu     3.0 344.99738 +22.10000 /data/raw/bok/u/201512/J7363/good/d7363.0055.fits
0056 object   11472      strumu    40.0 344.99742 +22.10000 /data/raw/bok/u/201512/J7363/good/d7363.0056.fits
0057 object   10756      strumu     3.0 351.51033 +20.50000 /data/raw/bok/u/201512/J7363/good/d7363.0057.fits
0058 object   10756      strumu    40.0 351.51025 +20.50000 /data/raw/bok/u/201512/J7363/good/d7363.0058.fits
0059 object   10757      strumu     3.0 352.36458 +20.50000 /data/raw/bok/u/201512/J7363/good/d7363.0059.fits
0060 object   10757      strumu    40.0 352.36446 +20.50000 /data/raw/bok/u/201512/J7363/good/d7363.0060.fits
0061 object   10758      strumu     3.0 353.21879 +20.50000 /data/raw/bok/u/201512/J7363/good/d7363.0061.fits
0062 object   10758      strumu    40.0 353.21863 +20.50000 /data/raw/bok/u/201512/J7363/good/d7363.0062.fits
0063 object   10759      strumu     3.0 354.07250 +20.50000 /data/raw/bok/u/201512/J7363/good/d7363.0063.fits
0064 object   10759      strumu    40.0 354.07246 +20.50003 /data/raw/bok/u/201512/J7363/good/d7363.0064.fits
0076 object   10462      strumu     3.0  50.87171 +20.50000 /data/raw/bok/u/201512/J7363/good/d7363.0076.fits
0077 object   10462      strumu    40.0  50.87150 +20.50000 /data/raw/bok/u/201512/J7363/good/d7363.0077.fits
0078 object   10463      strumu     3.0  51.72567 +20.49997 /data/raw/bok/u/201512/J7363/good/d7363.0078.fits
0079 object   10463      strumu    40.0  51.72575 +20.50000 /data/raw/bok/u/201512/J7363/good/d7363.0079.fits
0080 object   10464      strumu     3.0  52.57925 +20.49994 /data/raw/bok/u/201512/J7363/good/d7363.0080.fits
0081 object   10464      strumu    40.0  52.57958 +20.49997 /data/raw/bok/u/201512/J7363/good/d7363.0081.fits
0082 object   10465      strumu     3.0  53.43362 +20.49997 /data/raw/bok/u/201512/J7363/good/d7363.0082.fits
0083 object   10465      strumu    40.0  53.43371 +20.50000 /data/raw/bok/u/201512/J7363/good/d7363.0083.fits
0084 object   10466      strumu     3.0  54.28775 +20.49997 /data/raw/bok/u/201512/J7363/good/d7363.0084.fits
0085 object   10466      strumu    40.0  54.28792 +20.50000 /data/raw/bok/u/201512/J7363/good/d7363.0085.fits
0086 object   10467      strumu     3.0  55.14167 +20.49997 /data/raw/bok/u/201512/J7363/good/d7363.0086.fits
0087 object   10467      strumu    40.0  55.14208 +20.49997 /data/raw/bok/u/201512/J7363/good/d7363.0087.fits
0088 object   10468      strumu     3.0  55.99608 +20.50000 /data/raw/bok/u/201512/J7363/good/d7363.0088.fits
0089 object   10469      strumu     3.0  56.84979 +20.50000 /data/raw/bok/u/201512/J7363/good/d7363.0089.fits
0090 object   10469      strumu    40.0  56.84996 +20.50000 /data/raw/bok/u/201512/J7363/good/d7363.0090.fits
0091 object   10470      strumu     3.0  57.70413 +20.50000 /data/raw/bok/u/201512/J7363/good/d7363.0091.fits
0092 object   10470      strumu    40.0  57.70404 +20.49997 /data/raw/bok/u/201512/J7363/good/d7363.0092.fits
0093 object   10471      strumu     3.0  58.55808 +20.50000 /data/raw/bok/u/201512/J7363/good/d7363.0093.fits
0094 object   10471      strumu    40.0  58.55821 +20.50000 /data/raw/bok/u/201512/J7363/good/d7363.0094.fits
0095 object   10472      strumu     3.0  59.41233 +20.50000 /data/raw/bok/u/201512/J7363/good/d7363.0095.fits
0096 object   10472      strumu    40.0  59.41246 +20.50000 /data/raw/bok/u/201512/J7363/good/d7363.0096.fits
0097 object   10473      strumu     3.0  60.26654 +20.50000 /data/raw/bok/u/201512/J7363/good/d7363.0097.fits
0098 object   10473      strumu    40.0  60.26650 +20.50000 /data/raw/bok/u/201512/J7363/good/d7363.0098.fits
0099 object   10474      strumu     3.0  61.12079 +20.50000 /data/raw/bok/u/201512/J7363/good/d7363.0099.fits
0100 object   10474      strumu    40.0  61.12075 +20.50000 /data/raw/bok/u/201512/J7363/good/d7363.0100.fits
0101 object   10475      strumu     3.0  61.97425 +20.50000 /data/raw/bok/u/201512/J7363/good/d7363.0101.fits
0102 object   10475      strumu    40.0  61.97446 +20.50000 /data/raw/bok/u/201512/J7363/good/d7363.0102.fits
0103 object   10476      strumu     3.0  62.82850 +20.50000 /data/raw/bok/u/201512/J7363/good/d7363.0103.fits
0104 object   10476      strumu    40.0  62.82863 +20.50000 /data/raw/bok/u/201512/J7363/good/d7363.0104.fits
0105 object   10477      strumu     3.0  63.68263 +20.50000 /data/raw/bok/u/201512/J7363/good/d7363.0105.fits
0106 object   10477      strumu    40.0  63.68271 +20.50000 /data/raw/bok/u/201512/J7363/good/d7363.0106.fits
0107 object   10478      strumu     3.0  64.53675 +20.49997 /data/raw/bok/u/201512/J7363/good/d7363.0107.fits
0108 object   10478      strumu    40.0  64.53708 +20.49997 /data/raw/bok/u/201512/J7363/good/d7363.0108.fits
0109 object   10479      strumu     3.0  65.39104 +20.49997 /data/raw/bok/u/201512/J7363/good/d7363.0109.fits
0110 object   10479      strumu    40.0  65.39112 +20.50000 /data/raw/bok/u/201512/J7363/good/d7363.0110.fits
0111 object   10480      strumu     3.0  66.24475 +20.50000 /data/raw/bok/u/201512/J7363/good/d7363.0111.fits
0112 object   10480      strumu    40.0  66.24488 +20.50000 /data/raw/bok/u/201512/J7363/good/d7363.0112.fits
0113 object   10481      strumu     3.0  67.09900 +20.50000 /data/raw/bok/u/201512/J7363/good/d7363.0113.fits
0114 object   10481      strumu    40.0  67.09904 +20.50000 /data/raw/bok/u/201512/J7363/good/d7363.0114.fits
0115 object   10482      strumu     3.0  67.95300 +20.50000 /data/raw/bok/u/201512/J7363/good/d7363.0115.fits
0116 object   10482      strumu    40.0  67.95333 +20.50000 /data/raw/bok/u/201512/J7363/good/d7363.0116.fits
0117 object   10483      strumu     3.0  68.80742 +20.50000 /data/raw/bok/u/201512/J7363/good/d7363.0117.fits
0118 object   10483      strumu    40.0  68.80737 +20.49997 /data/raw/bok/u/201512/J7363/good/d7363.0118.fits
0119 object   10484      strumu     3.0  69.66167 +20.49997 /data/raw/bok/u/201512/J7363/good/d7363.0119.fits
0120 object   10484      strumu    40.0  69.66162 +20.50000 /data/raw/bok/u/201512/J7363/good/d7363.0120.fits
0121 object   10485      strumu     3.0  70.51538 +20.50000 /data/raw/bok/u/201512/J7363/good/d7363.0121.fits
0122 object   10485      strumu    40.0  70.51533 +20.50000 /data/raw/bok/u/201512/J7363/good/d7363.0122.fits
0123 object   10486      strumu     3.0  71.36929 +20.50000 /data/raw/bok/u/201512/J7363/good/d7363.0123.fits
0124 object   10486      strumu    40.0  71.36958 +20.50000 /data/raw/bok/u/201512/J7363/good/d7363.0124.fits
0125 object   10487      strumu     3.0  72.22371 +20.50000 /data/raw/bok/u/201512/J7363/good/d7363.0125.fits
0126 object   10487      strumu    40.0  72.22362 +20.50000 /data/raw/bok/u/201512/J7363/good/d7363.0126.fits
0127 object   10488      strumu     3.0  73.07779 +20.50000 /data/raw/bok/u/201512/J7363/good/d7363.0127.fits
0128 object   10488      strumu    40.0  73.07788 +20.50000 /data/raw/bok/u/201512/J7363/good/d7363.0128.fits
0129 object   10489      strumu     3.0  73.93192 +20.50000 /data/raw/bok/u/201512/J7363/good/d7363.0129.fits
0130 object   10489      strumu    40.0  73.93200 +20.50000 /data/raw/bok/u/201512/J7363/good/d7363.0130.fits
0131 object   10490      strumu     3.0  74.78567 +20.50000 /data/raw/bok/u/201512/J7363/good/d7363.0131.fits
0132 object   10490      strumu    40.0  74.78583 +20.49997 /data/raw/bok/u/201512/J7363/good/d7363.0132.fits
0133 object   10854      strumu     3.0  75.18571 +21.29989 /data/raw/bok/u/201512/J7363/good/d7363.0133.fits
0134 object   10854      strumu    40.0  75.18587 +21.30000 /data/raw/bok/u/201512/J7363/good/d7363.0134.fits
0135 object   10491      strumu     3.0  75.63992 +20.50017 /data/raw/bok/u/201512/J7363/good/d7363.0135.fits
0136 object   10491      strumu    40.0  75.63992 +20.50000 /data/raw/bok/u/201512/J7363/good/d7363.0136.fits
0137 object   10855      strumu     3.0  76.04454 +21.29983 /data/raw/bok/u/201512/J7363/good/d7363.0137.fits
0138 object   10855      strumu    40.0  76.04454 +21.30000 /data/raw/bok/u/201512/J7363/good/d7363.0138.fits
0139 object   10492      strumu     3.0  76.49417 +20.50011 /data/raw/bok/u/201512/J7363/good/d7363.0139.fits
0140 object   10492      strumu    40.0  76.49421 +20.50000 /data/raw/bok/u/201512/J7363/good/d7363.0140.fits
0141 object   10856      strumu     3.0  76.90325 +21.29978 /data/raw/bok/u/201512/J7363/good/d7363.0141.fits
0142 object   10856      strumu    40.0  76.90329 +21.29997 /data/raw/bok/u/201512/J7363/good/d7363.0142.fits
0143 object   10493      strumu     3.0  77.34825 +20.50014 /data/raw/bok/u/201512/J7363/good/d7363.0143.fits
0144 object   10493      strumu    40.0  77.34825 +20.50003 /data/raw/bok/u/201512/J7363/good/d7363.0144.fits
0145 object   10857      strumu     3.0  77.76171 +21.29992 /data/raw/bok/u/201512/J7363/good/d7363.0145.fits
0146 object   10857      strumu    40.0  77.76167 +21.30003 /data/raw/bok/u/201512/J7363/good/d7363.0146.fits
0147 object   10494      strumu     3.0  78.20242 +20.50017 /data/raw/bok/u/201512/J7363/good/d7363.0147.fits
0148 object   10494      strumu    40.0  78.20233 +20.50000 /data/raw/bok/u/201512/J7363/good/d7363.0148.fits
0149 object   10858      strumu     3.0  78.62050 +21.29978 /data/raw/bok/u/201512/J7363/good/d7363.0149.fits
0150 object   10858      strumu    40.0  78.62029 +21.30000 /data/raw/bok/u/201512/J7363/good/d7363.0150.fits
0151 object   10495      strumu     3.0  79.05671 +20.50008 /data/raw/bok/u/201512/J7363/good/d7363.0151.fits
0152 object   10495      strumu    40.0  79.05654 +20.50003 /data/raw/bok/u/201512/J7363/good/d7363.0152.fits
0161 object   10859      strumu     3.0 104.37987 +21.30000 /data/raw/bok/u/201512/J7363/good/d7363.0161.fits
0162 object   10859      strumu    40.0 104.37996 +21.30000 /data/raw/bok/u/201512/J7363/good/d7363.0162.fits
0163 object   10496      strumu     3.0 104.67896 +20.50014 /data/raw/bok/u/201512/J7363/good/d7363.0163.fits
0164 object   10496      strumu    40.0 104.67912 +20.49997 /data/raw/bok/u/201512/J7363/good/d7363.0164.fits
0165 object   10860      strumu     3.0 105.23862 +21.29986 /data/raw/bok/u/201512/J7363/good/d7363.0165.fits
0166 object   10860      strumu    40.0 105.23867 +21.30003 /data/raw/bok/u/201512/J7363/good/d7363.0166.fits
0167 object   10497      strumu     3.0 105.53321 +20.50019 /data/raw/bok/u/201512/J7363/good/d7363.0167.fits
0168 object   10497      strumu    40.0 105.53333 +20.50000 /data/raw/bok/u/201512/J7363/good/d7363.0168.fits
0169 object   10861      strumu     3.0 106.09737 +21.29986 /data/raw/bok/u/201512/J7363/good/d7363.0169.fits
0170 object   10861      strumu    40.0 106.09742 +21.30000 /data/raw/bok/u/201512/J7363/good/d7363.0170.fits
0171 object   10498      strumu     3.0 106.38688 +20.50028 /data/raw/bok/u/201512/J7363/good/d7363.0171.fits
0172 object   10498      strumu    40.0 106.38688 +20.49997 /data/raw/bok/u/201512/J7363/good/d7363.0172.fits
0173 object   10862      strumu     3.0 106.95575 +21.29978 /data/raw/bok/u/201512/J7363/good/d7363.0173.fits
0174 object   10862      strumu    40.0 106.95571 +21.30000 /data/raw/bok/u/201512/J7363/good/d7363.0174.fits
0175 object   10499      strumu     3.0 107.24121 +20.50011 /data/raw/bok/u/201512/J7363/good/d7363.0175.fits
0176 object   10499      strumu    40.0 107.24108 +20.50003 /data/raw/bok/u/201512/J7363/good/d7363.0176.fits
0177 object   10863      strumu     3.0 107.81446 +21.29983 /data/raw/bok/u/201512/J7363/good/d7363.0177.fits
0178 object   10863      strumu    40.0 107.81458 +21.29997 /data/raw/bok/u/201512/J7363/good/d7363.0178.fits
0179 object   10500      strumu     3.0 108.09521 +20.50006 /data/raw/bok/u/201512/J7363/good/d7363.0179.fits
0180 object   10500      strumu    40.0 108.09538 +20.50000 /data/raw/bok/u/201512/J7363/good/d7363.0180.fits
0181 object   10864      strumu     3.0 108.67325 +21.29983 /data/raw/bok/u/201512/J7363/good/d7363.0181.fits
0182 object   10864      strumu    40.0 108.67325 +21.29997 /data/raw/bok/u/201512/J7363/good/d7363.0182.fits
0183 object   10501      strumu     3.0 108.94954 +20.50014 /data/raw/bok/u/201512/J7363/good/d7363.0183.fits
0184 object   10501      strumu    40.0 108.94938 +20.50000 /data/raw/bok/u/201512/J7363/good/d7363.0184.fits
0185 object   10865      strumu     3.0 109.53196 +21.29992 /data/raw/bok/u/201512/J7363/good/d7363.0185.fits
0186 object   10865      strumu    40.0 109.53187 +21.30003 /data/raw/bok/u/201512/J7363/good/d7363.0186.fits
0187 object   10502      strumu     3.0 109.80350 +20.50006 /data/raw/bok/u/201512/J7363/good/d7363.0187.fits
0188 object   10502      strumu    40.0 109.80358 +20.50000 /data/raw/bok/u/201512/J7363/good/d7363.0188.fits
0189 object   10866      strumu     3.0 110.39067 +21.29981 /data/raw/bok/u/201512/J7363/good/d7363.0189.fits
0190 object   10866      strumu    40.0 110.39062 +21.29997 /data/raw/bok/u/201512/J7363/good/d7363.0190.fits
0191 object   10503      strumu     3.0 110.65788 +20.50025 /data/raw/bok/u/201512/J7363/good/d7363.0191.fits
0192 object   10503      strumu    40.0 110.65783 +20.49997 /data/raw/bok/u/201512/J7363/good/d7363.0192.fits
0193 object   10867      strumu     3.0 111.24904 +21.29983 /data/raw/bok/u/201512/J7363/good/d7363.0193.fits
0194 object   10867      strumu    40.0 111.24892 +21.29997 /data/raw/bok/u/201512/J7363/good/d7363.0194.fits
0195 object   10504      strumu     3.0 111.51146 +20.50006 /data/raw/bok/u/201512/J7363/good/d7363.0195.fits
0196 object   10504      strumu    40.0 111.51150 +20.50000 /data/raw/bok/u/201512/J7363/good/d7363.0196.fits
0197 object   10868      strumu     3.0 112.10779 +21.29989 /data/raw/bok/u/201512/J7363/good/d7363.0197.fits
0198 object   10868      strumu    40.0 112.10767 +21.30000 /data/raw/bok/u/201512/J7363/good/d7363.0198.fits
0199 object   10505      strumu     3.0 112.36579 +20.50011 /data/raw/bok/u/201512/J7363/good/d7363.0199.fits
0200 object   10505      strumu    40.0 112.36583 +20.50003 /data/raw/bok/u/201512/J7363/good/d7363.0200.fits
0201 object   10869      strumu     3.0 112.96658 +21.29983 /data/raw/bok/u/201512/J7363/good/d7363.0201.fits
0202 object   10869      strumu    40.0 112.96662 +21.30003 /data/raw/bok/u/201512/J7363/good/d7363.0202.fits
0203 object   10506      strumu     3.0 113.21988 +20.50011 /data/raw/bok/u/201512/J7363/good/d7363.0203.fits
0204 object   10506      strumu    40.0 113.21992 +20.50000 /data/raw/bok/u/201512/J7363/good/d7363.0204.fits
0205 object   10870      strumu     3.0 113.82537 +21.29994 /data/raw/bok/u/201512/J7363/good/d7363.0205.fits
0206 object   10870      strumu    40.0 113.82533 +21.30003 /data/raw/bok/u/201512/J7363/good/d7363.0206.fits
0207 object   10507      strumu     3.0 114.07400 +20.50006 /data/raw/bok/u/201512/J7363/good/d7363.0207.fits
0208 object   10507      strumu    40.0 114.07396 +20.50000 /data/raw/bok/u/201512/J7363/good/d7363.0208.fits
0209 object   11233      strumu     3.0 114.45938 +22.09981 /data/raw/bok/u/201512/J7363/good/d7363.0209.fits
0210 object   11233      strumu    40.0 114.45942 +22.09997 /data/raw/bok/u/201512/J7363/good/d7363.0210.fits
0211 object   10871      strumu     3.0 114.68358 +21.30008 /data/raw/bok/u/201512/J7363/good/d7363.0211.fits
0212 object   10871      strumu    40.0 114.68367 +21.29997 /data/raw/bok/u/201512/J7363/good/d7363.0212.fits
0213 object   10508      strumu     3.0 114.92821 +20.50006 /data/raw/bok/u/201512/J7363/good/d7363.0213.fits
0214 object   10508      strumu    40.0 114.92829 +20.49997 /data/raw/bok/u/201512/J7363/good/d7363.0214.fits
0215 object   11234      strumu     3.0 115.32292 +22.09989 /data/raw/bok/u/201512/J7363/good/d7363.0215.fits
0216 object   11234      strumu    40.0 115.32275 +22.10000 /data/raw/bok/u/201512/J7363/good/d7363.0216.fits
0217 object   10872      strumu     3.0 115.54242 +21.30011 /data/raw/bok/u/201512/J7363/good/d7363.0217.fits
0218 object   10872      strumu    40.0 115.54233 +21.30000 /data/raw/bok/u/201512/J7363/good/d7363.0218.fits
0219 object   10509      strumu     3.0 115.78196 +20.50011 /data/raw/bok/u/201512/J7363/good/d7363.0219.fits
0220 object   10509      strumu    40.0 115.78204 +20.50000 /data/raw/bok/u/201512/J7363/good/d7363.0220.fits
0221 object   11235      strumu     3.0 116.18604 +22.09992 /data/raw/bok/u/201512/J7363/good/d7363.0221.fits
0222 object   11235      strumu    40.0 116.18621 +22.10003 /data/raw/bok/u/201512/J7363/good/d7363.0222.fits
0223 object   10873      strumu     3.0 116.40112 +21.30019 /data/raw/bok/u/201512/J7363/good/d7363.0223.fits
0224 object   10873      strumu    40.0 116.40104 +21.29997 /data/raw/bok/u/201512/J7363/good/d7363.0224.fits
0225 object   10510      strumu     3.0 116.63613 +20.50014 /data/raw/bok/u/201512/J7363/good/d7363.0225.fits
0226 object   10510      strumu    40.0 116.63613 +20.50000 /data/raw/bok/u/201512/J7363/good/d7363.0226.fits
0227 object   11236      strumu     3.0 117.04992 +22.09986 /data/raw/bok/u/201512/J7363/good/d7363.0227.fits
0228 object   11236      strumu    40.0 117.04979 +22.10003 /data/raw/bok/u/201512/J7363/good/d7363.0228.fits
0229 object   10874      strumu     3.0 117.25979 +21.30025 /data/raw/bok/u/201512/J7363/good/d7363.0229.fits
0230 object   10874      strumu    40.0 117.25996 +21.30000 /data/raw/bok/u/201512/J7363/good/d7363.0230.fits
0231 object   10511      strumu     3.0 117.49025 +20.50003 /data/raw/bok/u/201512/J7363/good/d7363.0231.fits
0232 object   10511      strumu    40.0 117.49025 +20.50000 /data/raw/bok/u/201512/J7363/good/d7363.0232.fits
0233 object   11237      strumu     3.0 117.91329 +22.09989 /data/raw/bok/u/201512/J7363/good/d7363.0233.fits
0234 object   11237      strumu    40.0 117.91317 +22.10000 /data/raw/bok/u/201512/J7363/good/d7363.0234.fits
0235 object   10875      strumu     3.0 118.11821 +21.30022 /data/raw/bok/u/201512/J7363/good/d7363.0235.fits
0236 object   10875      strumu    40.0 118.11829 +21.30000 /data/raw/bok/u/201512/J7363/good/d7363.0236.fits
0237 object   10512      strumu     3.0 118.34442 +20.50008 /data/raw/bok/u/201512/J7363/good/d7363.0237.fits
0238 object   10512      strumu    40.0 118.34442 +20.50000 /data/raw/bok/u/201512/J7363/good/d7363.0238.fits
0239 object   11238      strumu     3.0 118.77654 +22.09981 /data/raw/bok/u/201512/J7363/good/d7363.0239.fits
0240 object   11238      strumu    40.0 118.77663 +22.10000 /data/raw/bok/u/201512/J7363/good/d7363.0240.fits
0241 object   10876      strumu     3.0 118.97704 +21.30019 /data/raw/bok/u/201512/J7363/good/d7363.0241.fits
0242 object   10876      strumu    40.0 118.97708 +21.30000 /data/raw/bok/u/201512/J7363/good/d7363.0242.fits
0024 object   11101      strumv     3.0 337.07529 +21.30000 /data/raw/bok/v/201512/J7363/good/d7363.0024.fits
0025 object   11101      strumv    40.0 337.07546 +21.30000 /data/raw/bok/v/201512/J7363/good/d7363.0025.fits
0026 object   11102      strumv     3.0 337.93375 +21.30000 /data/raw/bok/v/201512/J7363/good/d7363.0026.fits
0027 object   11102      strumv    40.0 337.93371 +21.30000 /data/raw/bok/v/201512/J7363/good/d7363.0027.fits
0072 object   10462      strumv     3.0  50.87175 +20.49997 /data/raw/bok/v/201512/J7363/good/d7363.0072.fits
0073 object   10462      strumv    40.0  50.87167 +20.50003 /data/raw/bok/v/201512/J7363/good/d7363.0073.fits
0074 object   10463      strumv     3.0  51.72571 +20.49997 /data/raw/bok/v/201512/J7363/good/d7363.0074.fits
0075 object   10463      strumv    40.0  51.72571 +20.50000 /data/raw/bok/v/201512/J7363/good/d7363.0075.fits
0155 object   10859      strumv     3.0 104.37992 +21.29981 /data/raw/bok/v/201512/J7363/good/d7363.0155.fits
0156 object   10859      strumv    40.0 104.37971 +21.29997 /data/raw/bok/v/201512/J7363/good/d7363.0156.fits
0157 object   10496      strumv     3.0 104.67896 +20.50006 /data/raw/bok/v/201512/J7363/good/d7363.0157.fits
0158 object   10496      strumv    40.0 104.67900 +20.50000 /data/raw/bok/v/201512/J7363/good/d7363.0158.fits
0159 object   10860      strumv     3.0 105.23854 +21.29992 /data/raw/bok/v/201512/J7363/good/d7363.0159.fits
0160 object   10860      strumv    40.0 105.23846 +21.30000 /data/raw/bok/v/201512/J7363/good/d7363.0160.fits
