0022 object   11822      strumu     3.0 339.18250 +22.89994 /data/raw/bok/u/201512/J7373/good/d7373.0022.fits
0023 object   11822      strumu    40.0 339.18242 +22.89997 /data/raw/bok/u/201512/J7373/good/d7373.0023.fits
0024 object   11823      strumu     3.0 340.05067 +22.90000 /data/raw/bok/u/201512/J7373/good/d7373.0024.fits
0025 object   11823      strumu    40.0 340.05075 +22.90000 /data/raw/bok/u/201512/J7373/good/d7373.0025.fits
0026 object   11824      strumu     3.0 340.91942 +22.89997 /data/raw/bok/u/201512/J7373/good/d7373.0026.fits
0027 object   11824      strumu    40.0 340.91950 +22.89997 /data/raw/bok/u/201512/J7373/good/d7373.0027.fits
0028 object   11825      strumu     3.0 341.78800 +22.89997 /data/raw/bok/u/201512/J7373/good/d7373.0028.fits
0029 object   11825      strumu    40.0 341.78775 +22.89997 /data/raw/bok/u/201512/J7373/good/d7373.0029.fits
0030 object   11826      strumu     3.0 342.65625 +22.89997 /data/raw/bok/u/201512/J7373/good/d7373.0030.fits
0031 object   11826      strumu    40.0 342.65612 +22.89997 /data/raw/bok/u/201512/J7373/good/d7373.0031.fits
0032 object   11827      strumu     3.0 343.52433 +22.89997 /data/raw/bok/u/201512/J7373/good/d7373.0032.fits
0033 object   11827      strumu    40.0 343.52446 +22.90000 /data/raw/bok/u/201512/J7373/good/d7373.0033.fits
0034 object   11828      strumu     3.0 344.39329 +22.89997 /data/raw/bok/u/201512/J7373/good/d7373.0034.fits
0035 object   11828      strumu    40.0 344.39325 +22.89997 /data/raw/bok/u/201512/J7373/good/d7373.0035.fits
0036 object   11829      strumu     3.0 345.26158 +22.89997 /data/raw/bok/u/201512/J7373/good/d7373.0036.fits
0037 object   11829      strumu    40.0 345.26167 +22.89997 /data/raw/bok/u/201512/J7373/good/d7373.0037.fits
0038 object   11830      strumu     3.0 346.12996 +22.90000 /data/raw/bok/u/201512/J7373/good/d7373.0038.fits
0039 object   11830      strumu    40.0 346.12979 +22.90000 /data/raw/bok/u/201512/J7373/good/d7373.0039.fits
0040 object   11831      strumu     3.0 346.99867 +22.89997 /data/raw/bok/u/201512/J7373/good/d7373.0040.fits
0041 object   11831      strumu    40.0 346.99875 +22.89997 /data/raw/bok/u/201512/J7373/good/d7373.0041.fits
0042 object   11832      strumu     3.0 347.86708 +22.89997 /data/raw/bok/u/201512/J7373/good/d7373.0042.fits
0043 object   11832      strumu    40.0 347.86700 +22.89997 /data/raw/bok/u/201512/J7373/good/d7373.0043.fits
0044 object   11833      strumu     3.0 348.73533 +22.89997 /data/raw/bok/u/201512/J7373/good/d7373.0044.fits
0045 object   11833      strumu    40.0 348.73542 +22.89997 /data/raw/bok/u/201512/J7373/good/d7373.0045.fits
0046 object   11834      strumu     3.0 349.60358 +22.90000 /data/raw/bok/u/201512/J7373/good/d7373.0046.fits
0047 object   11834      strumu    40.0 349.60362 +22.89997 /data/raw/bok/u/201512/J7373/good/d7373.0047.fits
0048 object   11835      strumu     3.0 350.47250 +22.90000 /data/raw/bok/u/201512/J7373/good/d7373.0048.fits
0049 object   11835      strumu    40.0 350.47246 +22.89997 /data/raw/bok/u/201512/J7373/good/d7373.0049.fits
0050 object   13586      strumu     3.0 354.84492 +26.89994 /data/raw/bok/u/201512/J7373/good/d7373.0050.fits
0051 object   13586      strumu    40.0 354.84488 +26.89997 /data/raw/bok/u/201512/J7373/good/d7373.0051.fits
0075 object   12270      strumu     3.0  60.27704 +24.50003 /data/raw/bok/u/201512/J7373/good/d7373.0075.fits
0076 object   12270      strumu    40.0  60.27712 +24.50000 /data/raw/bok/u/201512/J7373/good/d7373.0076.fits
0077 object   11916      strumu     3.0  60.77583 +23.70006 /data/raw/bok/u/201512/J7373/good/d7373.0077.fits
0078 object   11916      strumu    40.0  60.77567 +23.70000 /data/raw/bok/u/201512/J7373/good/d7373.0078.fits
0079 object   12271      strumu     3.0  61.15621 +24.49986 /data/raw/bok/u/201512/J7373/good/d7373.0079.fits
0080 object   12271      strumu    40.0  61.15604 +24.50000 /data/raw/bok/u/201512/J7373/good/d7373.0080.fits
0081 object   11917      strumu     3.0  61.64921 +23.70003 /data/raw/bok/u/201512/J7373/good/d7373.0081.fits
0082 object   11917      strumu    40.0  61.64904 +23.70000 /data/raw/bok/u/201512/J7373/good/d7373.0082.fits
0083 object   12272      strumu     3.0  62.03550 +24.49989 /data/raw/bok/u/201512/J7373/good/d7373.0083.fits
0084 object   12272      strumu    40.0  62.03529 +24.50000 /data/raw/bok/u/201512/J7373/good/d7373.0084.fits
0085 object   11918      strumu     3.0  62.52283 +23.70008 /data/raw/bok/u/201512/J7373/good/d7373.0085.fits
0086 object   11918      strumu    40.0  62.52296 +23.70003 /data/raw/bok/u/201512/J7373/good/d7373.0086.fits
0087 object   12273      strumu     3.0  62.91458 +24.49983 /data/raw/bok/u/201512/J7373/good/d7373.0087.fits
0088 object   12273      strumu    40.0  62.91463 +24.50000 /data/raw/bok/u/201512/J7373/good/d7373.0088.fits
0089 object   11919      strumu     3.0  63.39658 +23.70028 /data/raw/bok/u/201512/J7373/good/d7373.0089.fits
0090 object   11919      strumu    40.0  63.39667 +23.70000 /data/raw/bok/u/201512/J7373/good/d7373.0090.fits
0091 object   12274      strumu     3.0  63.79367 +24.49989 /data/raw/bok/u/201512/J7373/good/d7373.0091.fits
0092 object   12274      strumu    40.0  63.79367 +24.50000 /data/raw/bok/u/201512/J7373/good/d7373.0092.fits
0093 object   11920      strumu     3.0  64.27033 +23.70017 /data/raw/bok/u/201512/J7373/good/d7373.0093.fits
0094 object   11920      strumu    40.0  64.27042 +23.70000 /data/raw/bok/u/201512/J7373/good/d7373.0094.fits
0095 object   12275      strumu     3.0  64.67287 +24.49989 /data/raw/bok/u/201512/J7373/good/d7373.0095.fits
0096 object   12275      strumu    40.0  64.67279 +24.50000 /data/raw/bok/u/201512/J7373/good/d7373.0096.fits
0097 object   11921      strumu     3.0  65.14413 +23.70028 /data/raw/bok/u/201512/J7373/good/d7373.0097.fits
0098 object   11921      strumu    40.0  65.14408 +23.70000 /data/raw/bok/u/201512/J7373/good/d7373.0098.fits
0099 object   12276      strumu     3.0  65.55212 +24.49978 /data/raw/bok/u/201512/J7373/good/d7373.0099.fits
0100 object   12276      strumu    40.0  65.55187 +24.50000 /data/raw/bok/u/201512/J7373/good/d7373.0100.fits
0101 object   11922      strumu     3.0  66.01783 +23.70003 /data/raw/bok/u/201512/J7373/good/d7373.0101.fits
0102 object   11922      strumu    40.0  66.01796 +23.70000 /data/raw/bok/u/201512/J7373/good/d7373.0102.fits
0103 object   12277      strumu     3.0  66.43117 +24.49983 /data/raw/bok/u/201512/J7373/good/d7373.0103.fits
0104 object   12277      strumu    40.0  66.43125 +24.50000 /data/raw/bok/u/201512/J7373/good/d7373.0104.fits
0105 object   11923      strumu     3.0  66.89121 +23.70008 /data/raw/bok/u/201512/J7373/good/d7373.0105.fits
0106 object   11923      strumu    40.0  66.89108 +23.70000 /data/raw/bok/u/201512/J7373/good/d7373.0106.fits
0107 object   12278      strumu     3.0  67.31046 +24.49981 /data/raw/bok/u/201512/J7373/good/d7373.0107.fits
0108 object   12278      strumu    40.0  67.31042 +24.50000 /data/raw/bok/u/201512/J7373/good/d7373.0108.fits
0109 object   11924      strumu     3.0  67.76488 +23.70003 /data/raw/bok/u/201512/J7373/good/d7373.0109.fits
0110 object   11924      strumu    40.0  67.76500 +23.70000 /data/raw/bok/u/201512/J7373/good/d7373.0110.fits
0111 object   12279      strumu     3.0  68.18967 +24.49983 /data/raw/bok/u/201512/J7373/good/d7373.0111.fits
0112 object   12279      strumu    40.0  68.18950 +24.50000 /data/raw/bok/u/201512/J7373/good/d7373.0112.fits
0113 object   11925      strumu     3.0  68.63875 +23.70008 /data/raw/bok/u/201512/J7373/good/d7373.0113.fits
0114 object   11925      strumu    40.0  68.63879 +23.70000 /data/raw/bok/u/201512/J7373/good/d7373.0114.fits
0115 object   12280      strumu     3.0  69.06871 +24.49992 /data/raw/bok/u/201512/J7373/good/d7373.0115.fits
0116 object   12280      strumu    40.0  69.06879 +24.50000 /data/raw/bok/u/201512/J7373/good/d7373.0116.fits
0117 object   11926      strumu     3.0  69.51246 +23.70006 /data/raw/bok/u/201512/J7373/good/d7373.0117.fits
0118 object   11926      strumu    40.0  69.51242 +23.70000 /data/raw/bok/u/201512/J7373/good/d7373.0118.fits
0119 object   12281      strumu     3.0  69.94783 +24.49983 /data/raw/bok/u/201512/J7373/good/d7373.0119.fits
0120 object   12281      strumu    40.0  69.94792 +24.50000 /data/raw/bok/u/201512/J7373/good/d7373.0120.fits
0121 object   12282      strumu     3.0  70.82713 +24.49994 /data/raw/bok/u/201512/J7373/good/d7373.0121.fits
0122 object   12282      strumu    40.0  70.82696 +24.50000 /data/raw/bok/u/201512/J7373/good/d7373.0122.fits
0123 object   12283      strumu     3.0  71.70625 +24.50000 /data/raw/bok/u/201512/J7373/good/d7373.0123.fits
0124 object   12283      strumu    40.0  71.70621 +24.50000 /data/raw/bok/u/201512/J7373/good/d7373.0124.fits
0130 object   13335      strumu     3.0 103.66700 +26.89986 /data/raw/bok/u/201512/J7373/good/d7373.0130.fits
0131 object   13335      strumu    40.0 103.66696 +26.89997 /data/raw/bok/u/201512/J7373/good/d7373.0131.fits
0132 object   12642      strumu     3.0 104.02792 +25.30022 /data/raw/bok/u/201512/J7373/good/d7373.0132.fits
0133 object   12642      strumu    40.0 104.02783 +25.30000 /data/raw/bok/u/201512/J7373/good/d7373.0133.fits
0134 object   13336      strumu     3.0 104.56408 +26.89972 /data/raw/bok/u/201512/J7373/good/d7373.0134.fits
0135 object   13336      strumu    40.0 104.56400 +26.89997 /data/raw/bok/u/201512/J7373/good/d7373.0135.fits
0136 object   12643      strumu     3.0 104.91287 +25.30003 /data/raw/bok/u/201512/J7373/good/d7373.0136.fits
0137 object   12643      strumu    40.0 104.91296 +25.30003 /data/raw/bok/u/201512/J7373/good/d7373.0137.fits
0138 object   13337      strumu     3.0 105.46129 +26.89989 /data/raw/bok/u/201512/J7373/good/d7373.0138.fits
0139 object   13337      strumu    40.0 105.46112 +26.90000 /data/raw/bok/u/201512/J7373/good/d7373.0139.fits
0140 object   12644      strumu     3.0 105.79775 +25.30025 /data/raw/bok/u/201512/J7373/good/d7373.0140.fits
0141 object   12644      strumu    40.0 105.79779 +25.30000 /data/raw/bok/u/201512/J7373/good/d7373.0141.fits
0142 object   13338      strumu     3.0 106.35821 +26.89975 /data/raw/bok/u/201512/J7373/good/d7373.0142.fits
0143 object   13338      strumu    40.0 106.35833 +26.89997 /data/raw/bok/u/201512/J7373/good/d7373.0143.fits
0144 object   12645      strumu     3.0 106.68283 +25.30017 /data/raw/bok/u/201512/J7373/good/d7373.0144.fits
0145 object   12645      strumu    40.0 106.68283 +25.30003 /data/raw/bok/u/201512/J7373/good/d7373.0145.fits
0146 object   13339      strumu     3.0 107.25521 +26.89969 /data/raw/bok/u/201512/J7373/good/d7373.0146.fits
0147 object   13339      strumu    40.0 107.25533 +26.90000 /data/raw/bok/u/201512/J7373/good/d7373.0147.fits
0148 object   12646      strumu     3.0 107.56742 +25.30022 /data/raw/bok/u/201512/J7373/good/d7373.0148.fits
0149 object   12646      strumu    40.0 107.56729 +25.29997 /data/raw/bok/u/201512/J7373/good/d7373.0149.fits
0150 object   13340      strumu     3.0 108.15242 +26.89989 /data/raw/bok/u/201512/J7373/good/d7373.0150.fits
0151 object   13340      strumu    40.0 108.15250 +26.90000 /data/raw/bok/u/201512/J7373/good/d7373.0151.fits
0152 object   12647      strumu     3.0 108.45238 +25.30000 /data/raw/bok/u/201512/J7373/good/d7373.0152.fits
0153 object   12647      strumu    40.0 108.45250 +25.30000 /data/raw/bok/u/201512/J7373/good/d7373.0153.fits
0154 object   13341      strumu     3.0 109.04958 +26.89983 /data/raw/bok/u/201512/J7373/good/d7373.0154.fits
0155 object   13341      strumu    40.0 109.04962 +26.89997 /data/raw/bok/u/201512/J7373/good/d7373.0155.fits
0156 object   12648      strumu     3.0 109.33750 +25.30000 /data/raw/bok/u/201512/J7373/good/d7373.0156.fits
0157 object   12648      strumu    40.0 109.33742 +25.30000 /data/raw/bok/u/201512/J7373/good/d7373.0157.fits
0158 object   12312      strumu     3.0 122.69750 +24.50000 /data/raw/bok/u/201512/J7373/good/d7373.0158.fits
0159 object   12312      strumu    40.0 122.69729 +24.50000 /data/raw/bok/u/201512/J7373/good/d7373.0159.fits
0160 object   12313      strumu     3.0 123.57667 +24.49997 /data/raw/bok/u/201512/J7373/good/d7373.0160.fits
0161 object   12313      strumu    40.0 123.57642 +24.50000 /data/raw/bok/u/201512/J7373/good/d7373.0161.fits
0162 object   12314      strumu     3.0 124.45579 +24.49994 /data/raw/bok/u/201512/J7373/good/d7373.0162.fits
0163 object   12314      strumu    40.0 124.45567 +24.49997 /data/raw/bok/u/201512/J7373/good/d7373.0163.fits
0164 object   12315      strumu     3.0 125.33496 +24.49997 /data/raw/bok/u/201512/J7373/good/d7373.0164.fits
0165 object   12315      strumu    40.0 125.33483 +24.50000 /data/raw/bok/u/201512/J7373/good/d7373.0165.fits
0166 object   12316      strumu     3.0 126.21404 +24.49997 /data/raw/bok/u/201512/J7373/good/d7373.0166.fits
0167 object   12316      strumu    40.0 126.21396 +24.50000 /data/raw/bok/u/201512/J7373/good/d7373.0167.fits
0168 object   11962      strumu     3.0 126.30204 +23.70000 /data/raw/bok/u/201512/J7373/good/d7373.0168.fits
0169 object   11962      strumu    40.0 126.30192 +23.70003 /data/raw/bok/u/201512/J7373/good/d7373.0169.fits
0170 object   12317      strumu     3.0 127.09329 +24.49983 /data/raw/bok/u/201512/J7373/good/d7373.0170.fits
0171 object   12317      strumu    40.0 127.09329 +24.49997 /data/raw/bok/u/201512/J7373/good/d7373.0171.fits
0172 object   11963      strumu     3.0 127.17579 +23.70006 /data/raw/bok/u/201512/J7373/good/d7373.0172.fits
0173 object   11963      strumu    40.0 127.17575 +23.70003 /data/raw/bok/u/201512/J7373/good/d7373.0173.fits
0174 object   12318      strumu     3.0 127.97254 +24.49992 /data/raw/bok/u/201512/J7373/good/d7373.0174.fits
0175 object   12318      strumu    40.0 127.97229 +24.49997 /data/raw/bok/u/201512/J7373/good/d7373.0175.fits
0176 object   11964      strumu     3.0 128.04913 +23.70000 /data/raw/bok/u/201512/J7373/good/d7373.0176.fits
0177 object   11964      strumu    40.0 128.04900 +23.70000 /data/raw/bok/u/201512/J7373/good/d7373.0177.fits
0178 object   11965      strumu     3.0 128.92283 +23.69997 /data/raw/bok/u/201512/J7373/good/d7373.0178.fits
0179 object   11965      strumu    40.0 128.92292 +23.70000 /data/raw/bok/u/201512/J7373/good/d7373.0179.fits
0180 object   11966      strumu     3.0 129.79654 +23.69997 /data/raw/bok/u/201512/J7373/good/d7373.0180.fits
0181 object   11966      strumu    40.0 129.79642 +23.70000 /data/raw/bok/u/201512/J7373/good/d7373.0181.fits
0182 object   11967      strumu     3.0 130.67029 +23.69997 /data/raw/bok/u/201512/J7373/good/d7373.0182.fits
0183 object   11967      strumu    40.0 130.67017 +23.70003 /data/raw/bok/u/201512/J7373/good/d7373.0183.fits
0184 object   11968      strumu     3.0 131.54417 +23.69997 /data/raw/bok/u/201512/J7373/good/d7373.0184.fits
0185 object   11968      strumu    40.0 131.54404 +23.70000 /data/raw/bok/u/201512/J7373/good/d7373.0185.fits
0186 object   11969      strumu     3.0 132.41779 +23.69997 /data/raw/bok/u/201512/J7373/good/d7373.0186.fits
0187 object   11969      strumu    40.0 132.41775 +23.70003 /data/raw/bok/u/201512/J7373/good/d7373.0187.fits
0188 object   11970      strumu     3.0 133.29117 +23.69997 /data/raw/bok/u/201512/J7373/good/d7373.0188.fits
0189 object   11970      strumu    40.0 133.29108 +23.70000 /data/raw/bok/u/201512/J7373/good/d7373.0189.fits
0190 object   11971      strumu     3.0 134.16483 +23.69997 /data/raw/bok/u/201512/J7373/good/d7373.0190.fits
0191 object   11971      strumu    40.0 134.16488 +23.70003 /data/raw/bok/u/201512/J7373/good/d7373.0191.fits
0192 object   11972      strumu     3.0 135.03854 +23.69994 /data/raw/bok/u/201512/J7373/good/d7373.0192.fits
0193 object   11972      strumu    40.0 135.03862 +23.70000 /data/raw/bok/u/201512/J7373/good/d7373.0193.fits
0194 object   11973      strumu     3.0 135.91225 +23.69997 /data/raw/bok/u/201512/J7373/good/d7373.0194.fits
0195 object   11973      strumu    40.0 135.91238 +23.70000 /data/raw/bok/u/201512/J7373/good/d7373.0195.fits
0196 object   11974      strumu     3.0 136.78608 +23.69994 /data/raw/bok/u/201512/J7373/good/d7373.0196.fits
0197 object   11974      strumu    40.0 136.78621 +23.70000 /data/raw/bok/u/201512/J7373/good/d7373.0197.fits
0199 object   11975      strumu     3.0 137.65967 +23.69997 /data/raw/bok/u/201512/J7373/good/d7373.0199.fits
0200 object   11975      strumu    40.0 137.65987 +23.69997 /data/raw/bok/u/201512/J7373/good/d7373.0200.fits
0202 object   11620      strumu     3.0 138.57117 +22.89997 /data/raw/bok/u/201512/J7373/good/d7373.0202.fits
0203 object   11620      strumu    40.0 138.57129 +22.89997 /data/raw/bok/u/201512/J7373/good/d7373.0203.fits
0204 object   11261      strumu     3.0 138.63575 +22.10006 /data/raw/bok/u/201512/J7373/good/d7373.0204.fits
0205 object   11261      strumu    40.0 138.63575 +22.10000 /data/raw/bok/u/201512/J7373/good/d7373.0205.fits
0206 object   11621      strumu     3.0 139.43996 +22.89986 /data/raw/bok/u/201512/J7373/good/d7373.0206.fits
0207 object   11621      strumu    40.0 139.43992 +22.90000 /data/raw/bok/u/201512/J7373/good/d7373.0207.fits
0208 object   11262      strumu     3.0 139.49904 +22.10000 /data/raw/bok/u/201512/J7373/good/d7373.0208.fits
0209 object   11262      strumu    40.0 139.49904 +22.10000 /data/raw/bok/u/201512/J7373/good/d7373.0209.fits
0210 object   11978      strumu     3.0 140.28071 +23.69978 /data/raw/bok/u/201512/J7373/good/d7373.0210.fits
0211 object   11978      strumu    40.0 140.28062 +23.70003 /data/raw/bok/u/201512/J7373/good/d7373.0211.fits
0212 object   11622      strumu     3.0 140.30821 +22.89994 /data/raw/bok/u/201512/J7373/good/d7373.0212.fits
0213 object   11622      strumu    40.0 140.30825 +22.89997 /data/raw/bok/u/201512/J7373/good/d7373.0213.fits
0214 object   11263      strumu     3.0 140.36242 +22.10008 /data/raw/bok/u/201512/J7373/good/d7373.0214.fits
0215 object   11263      strumu    40.0 140.36254 +22.10000 /data/raw/bok/u/201512/J7373/good/d7373.0215.fits
0216 object   11979      strumu     3.0 141.15450 +23.69992 /data/raw/bok/u/201512/J7373/good/d7373.0216.fits
0217 object   11979      strumu    40.0 141.15450 +23.70000 /data/raw/bok/u/201512/J7373/good/d7373.0217.fits
0218 object   12333      strumu     3.0 141.15996 +24.49978 /data/raw/bok/u/201512/J7373/good/d7373.0218.fits
0219 object   12333      strumu    40.0 141.15992 +24.50000 /data/raw/bok/u/201512/J7373/good/d7373.0219.fits
0220 object   11623      strumu     3.0 141.17650 +22.89997 /data/raw/bok/u/201512/J7373/good/d7373.0220.fits
0221 object   11623      strumu    40.0 141.17667 +22.89997 /data/raw/bok/u/201512/J7373/good/d7373.0221.fits
0222 object   12684      strumu     3.0 141.19288 +25.29992 /data/raw/bok/u/201512/J7373/good/d7373.0222.fits
0223 object   12684      strumu    40.0 141.19283 +25.30000 /data/raw/bok/u/201512/J7373/good/d7373.0223.fits
0224 object   11264      strumu     3.0 141.22617 +22.10003 /data/raw/bok/u/201512/J7373/good/d7373.0224.fits
0225 object   11264      strumu    40.0 141.22617 +22.10000 /data/raw/bok/u/201512/J7373/good/d7373.0225.fits
0226 object   11980      strumu     3.0 142.02829 +23.69989 /data/raw/bok/u/201512/J7373/good/d7373.0226.fits
0227 object   11980      strumu    40.0 142.02821 +23.70000 /data/raw/bok/u/201512/J7373/good/d7373.0227.fits
0228 object   12334      strumu     3.0 142.03917 +24.49981 /data/raw/bok/u/201512/J7373/good/d7373.0228.fits
0229 object   12334      strumu    40.0 142.03900 +24.50003 /data/raw/bok/u/201512/J7373/good/d7373.0229.fits
0230 object   11624      strumu     3.0 142.04537 +22.90000 /data/raw/bok/u/201512/J7373/good/d7373.0230.fits
0231 object   11624      strumu    40.0 142.04533 +22.89997 /data/raw/bok/u/201512/J7373/good/d7373.0231.fits
0232 object   12685      strumu     3.0 142.07792 +25.29989 /data/raw/bok/u/201512/J7373/good/d7373.0232.fits
0233 object   12685      strumu    40.0 142.07783 +25.30000 /data/raw/bok/u/201512/J7373/good/d7373.0233.fits
0234 object   11265      strumu     3.0 142.08954 +22.10008 /data/raw/bok/u/201512/J7373/good/d7373.0234.fits
0235 object   11265      strumu    40.0 142.08958 +22.10000 /data/raw/bok/u/201512/J7373/good/d7373.0235.fits
0236 object   11981      strumu     3.0 142.90200 +23.69989 /data/raw/bok/u/201512/J7373/good/d7373.0236.fits
0237 object   11981      strumu    40.0 142.90192 +23.69997 /data/raw/bok/u/201512/J7373/good/d7373.0237.fits
0238 object   11625      strumu     3.0 142.91367 +22.90011 /data/raw/bok/u/201512/J7373/good/d7373.0238.fits
0239 object   11625      strumu    40.0 142.91375 +22.89997 /data/raw/bok/u/201512/J7373/good/d7373.0239.fits
0240 object   12335      strumu     3.0 142.91837 +24.49978 /data/raw/bok/u/201512/J7373/good/d7373.0240.fits
0241 object   12335      strumu    40.0 142.91829 +24.50000 /data/raw/bok/u/201512/J7373/good/d7373.0241.fits
0242 object   11266      strumu     3.0 142.95292 +22.10003 /data/raw/bok/u/201512/J7373/good/d7373.0242.fits
0243 object   11266      strumu    40.0 142.95275 +22.10000 /data/raw/bok/u/201512/J7373/good/d7373.0243.fits
0244 object   12686      strumu     3.0 142.96233 +25.29975 /data/raw/bok/u/201512/J7373/good/d7373.0244.fits
0245 object   12686      strumu    40.0 142.96238 +25.29997 /data/raw/bok/u/201512/J7373/good/d7373.0245.fits
0246 object   11982      strumu     3.0 143.77579 +23.70022 /data/raw/bok/u/201512/J7373/good/d7373.0246.fits
0247 object   11982      strumu    40.0 143.77588 +23.70000 /data/raw/bok/u/201512/J7373/good/d7373.0247.fits
0248 object   11626      strumu     3.0 143.78188 +22.90014 /data/raw/bok/u/201512/J7373/good/d7373.0248.fits
0249 object   11626      strumu    40.0 143.78192 +22.89997 /data/raw/bok/u/201512/J7373/good/d7373.0249.fits
0250 object   12336      strumu     3.0 143.79738 +24.49983 /data/raw/bok/u/201512/J7373/good/d7373.0250.fits
0251 object   12336      strumu    40.0 143.79746 +24.50000 /data/raw/bok/u/201512/J7373/good/d7373.0251.fits
0252 object   11267      strumu     3.0 143.81629 +22.10006 /data/raw/bok/u/201512/J7373/good/d7373.0252.fits
0259 object   11626      strumu     3.0 143.78208 +22.90014 /data/raw/bok/u/201512/J7373/good/d7373.0259.fits
0260 object   11626      strumu    40.0 143.78213 +22.89997 /data/raw/bok/u/201512/J7373/good/d7373.0260.fits
0261 object   12336      strumu     3.0 143.79746 +24.49981 /data/raw/bok/u/201512/J7373/good/d7373.0261.fits
0262 object   12336      strumu    40.0 143.79750 +24.50000 /data/raw/bok/u/201512/J7373/good/d7373.0262.fits
0263 object   11267      strumu     3.0 143.81613 +22.10006 /data/raw/bok/u/201512/J7373/good/d7373.0263.fits
0264 object   11267      strumu    40.0 143.81625 +22.10000 /data/raw/bok/u/201512/J7373/good/d7373.0264.fits
0265 object   12687      strumu     3.0 143.84738 +25.29992 /data/raw/bok/u/201512/J7373/good/d7373.0265.fits
0266 object   12687      strumu    40.0 143.84738 +25.30000 /data/raw/bok/u/201512/J7373/good/d7373.0266.fits
0267 object   11983      strumu     3.0 144.64921 +23.70022 /data/raw/bok/u/201512/J7373/good/d7373.0267.fits
0268 object   11983      strumu    40.0 144.64896 +23.70003 /data/raw/bok/u/201512/J7373/good/d7373.0268.fits
0269 object   12337      strumu     3.0 144.67663 +24.49986 /data/raw/bok/u/201512/J7373/good/d7373.0269.fits
0270 object   12337      strumu    40.0 144.67671 +24.50000 /data/raw/bok/u/201512/J7373/good/d7373.0270.fits
0271 object   12688      strumu     3.0 144.73237 +25.29994 /data/raw/bok/u/201512/J7373/good/d7373.0271.fits
0272 object   12688      strumu    40.0 144.73237 +25.30000 /data/raw/bok/u/201512/J7373/good/d7373.0272.fits
0273 object   11984      strumu     3.0 145.52283 +23.70011 /data/raw/bok/u/201512/J7373/good/d7373.0273.fits
0274 object   11984      strumu    40.0 145.52292 +23.70000 /data/raw/bok/u/201512/J7373/good/d7373.0274.fits
0275 object   12338      strumu     3.0 145.55583 +24.49994 /data/raw/bok/u/201512/J7373/good/d7373.0275.fits
0276 object   12338      strumu    40.0 145.55583 +24.50000 /data/raw/bok/u/201512/J7373/good/d7373.0276.fits
0277 object   12689      strumu     3.0 145.61708 +25.29992 /data/raw/bok/u/201512/J7373/good/d7373.0277.fits
0278 object   12689      strumu    40.0 145.61692 +25.30003 /data/raw/bok/u/201512/J7373/good/d7373.0278.fits
0279 object   12339      strumu     3.0 146.43512 +24.50006 /data/raw/bok/u/201512/J7373/good/d7373.0279.fits
0280 object   12339      strumu    40.0 146.43488 +24.50000 /data/raw/bok/u/201512/J7373/good/d7373.0280.fits
0281 object   12690      strumu     3.0 146.50204 +25.29983 /data/raw/bok/u/201512/J7373/good/d7373.0281.fits
0282 object   12690      strumu    40.0 146.50208 +25.30000 /data/raw/bok/u/201512/J7373/good/d7373.0282.fits
0283 object   10912      strumu     3.0 149.88867 +21.30014 /data/raw/bok/u/201512/J7373/good/d7373.0283.fits
0284 object   10912      strumu    40.0 149.88871 +21.30000 /data/raw/bok/u/201512/J7373/good/d7373.0284.fits
0285 object   11275      strumu     3.0 150.72367 +22.09989 /data/raw/bok/u/201512/J7373/good/d7373.0285.fits
0286 object   11275      strumu    40.0 150.72362 +22.10000 /data/raw/bok/u/201512/J7373/good/d7373.0286.fits
0287 object   10913      strumu     3.0 150.74750 +21.30014 /data/raw/bok/u/201512/J7373/good/d7373.0287.fits
0288 object   10913      strumu    40.0 150.74738 +21.30000 /data/raw/bok/u/201512/J7373/good/d7373.0288.fits
0289 object   11276      strumu     3.0 151.58763 +22.09983 /data/raw/bok/u/201512/J7373/good/d7373.0289.fits
0290 object   11276      strumu    40.0 151.58737 +22.10000 /data/raw/bok/u/201512/J7373/good/d7373.0290.fits
0291 object   10914      strumu     3.0 151.60583 +21.30003 /data/raw/bok/u/201512/J7373/good/d7373.0291.fits
0292 object   10914      strumu    40.0 151.60575 +21.30000 /data/raw/bok/u/201512/J7373/good/d7373.0292.fits
0293 object   11277      strumu     3.0 152.45092 +22.09992 /data/raw/bok/u/201512/J7373/good/d7373.0293.fits
0294 object   11277      strumu    40.0 152.45079 +22.10003 /data/raw/bok/u/201512/J7373/good/d7373.0294.fits
0295 object   10915      strumu     3.0 152.46446 +21.30003 /data/raw/bok/u/201512/J7373/good/d7373.0295.fits
0296 object   10915      strumu    40.0 152.46450 +21.30000 /data/raw/bok/u/201512/J7373/good/d7373.0296.fits
0297 object   11278      strumu     3.0 153.31412 +22.09975 /data/raw/bok/u/201512/J7373/good/d7373.0297.fits
0298 object   11278      strumu    40.0 153.31412 +22.10000 /data/raw/bok/u/201512/J7373/good/d7373.0298.fits
0299 object   10916      strumu     3.0 153.32317 +21.30014 /data/raw/bok/u/201512/J7373/good/d7373.0299.fits
0300 object   10916      strumu    40.0 153.32333 +21.30000 /data/raw/bok/u/201512/J7373/good/d7373.0300.fits
0125 object   13335      strumv     3.0 103.66688 +26.90003 /data/raw/bok/v/201512/J7373/good/d7373.0125.fits
0126 object   13335      strumv    40.0 103.66683 +26.89997 /data/raw/bok/v/201512/J7373/good/d7373.0126.fits
0127 object   12642      strumv     3.0 104.02779 +25.30022 /data/raw/bok/v/201512/J7373/good/d7373.0127.fits
0128 object   12642      strumv    40.0 104.02779 +25.30000 /data/raw/bok/v/201512/J7373/good/d7373.0128.fits
0253 object   11626      strumv     3.0 143.78196 +22.89975 /data/raw/bok/v/201512/J7373/good/d7373.0253.fits
0254 object   11626      strumv    40.0 143.78213 +22.89997 /data/raw/bok/v/201512/J7373/good/d7373.0254.fits
0255 object   12336      strumv     3.0 143.79738 +24.49981 /data/raw/bok/v/201512/J7373/good/d7373.0255.fits
0256 object   12336      strumv    40.0 143.79746 +24.50000 /data/raw/bok/v/201512/J7373/good/d7373.0256.fits
