#Object       u60

10512         1.0
10510         1.0
10511         1.0
11467         1.0
11466         1.0
11469         1.0
11468         1.0
11102         1.0
11103         1.0
11101         1.0
11106         1.0
11107         1.0
11104         1.0
11105         1.0
10758         1.0
10759         1.0
11472         1.0
11470         1.0
11471         1.0
10756         1.0
10757         1.0
10871         1.0
10870         1.0
10873         1.0
10872         1.0
10875         1.0
10874         1.0
10876         1.0
10466         1.0
10467         1.0
10868         1.0
10869         1.0
10862         1.0
10863         1.0
10860         1.0
10861         1.0
10866         1.0
10867         1.0
10864         1.0
10865         1.0
10857         1.0
10856         1.0
10855         1.0
10854         1.0
10859         1.0
10858         1.0
10507         1.0
10506         1.0
11238         1.0
11233         1.0
11234         1.0
11235         1.0
11236         1.0
11237         1.0
10499         1.0
10498         1.0
10497         1.0
10496         1.0
10495         1.0
10494         1.0
10493         1.0
10492         1.0
10491         1.0
10490         1.0
10475         1.0
10474         1.0
10477         1.0
10476         1.0
10471         1.0
10470         1.0
10473         1.0
10472         1.0
10479         1.0
10478         1.0
10488         1.0
10489         1.0
10480         1.0
10481         1.0
10482         1.0
10483         1.0
10484         1.0
10485         1.0
10486         1.0
10487         1.0
10509         1.0
10508         1.0
10464         1.0
10465         1.0
10462         1.0
10463         1.0
10501         1.0
10500         1.0
10503         1.0
10502         1.0
10505         1.0
10504         1.0
10468         0.0
10469         1.0
