0001   object      11108   strumu  60.0 343.08567 +21.29997 /Users/lzj/bss/201609/20160904/d7636.0001.fits
0002   object      11109   strumu  60.0 343.94425 +21.30000 /Users/lzj/bss/201609/20160904/d7636.0002.fits
0003   object      11110   strumu  60.0 344.80283 +21.30000 /Users/lzj/bss/201609/20160904/d7636.0003.fits
0004   object      11111   strumu  60.0 345.66158 +21.30000 /Users/lzj/bss/201609/20160904/d7636.0004.fits
0005   object      11108   strumu  60.0 343.08575 +21.29997 /Users/lzj/bss/201609/20160904/d7636.0005.fits
0006   object      11109   strumu  60.0 343.94429 +21.30000 /Users/lzj/bss/201609/20160904/d7636.0006.fits
0007   object      11108   strumu  60.0 343.08575 +21.30000 /Users/lzj/bss/201609/20160904/d7636.0007.fits
0008   object      11108   strumu  60.0 343.08579 +21.30000 /Users/lzj/bss/201609/20160904/d7636.0008.fits
0009   object      11109   strumu  60.0 343.94421 +21.29997 /Users/lzj/bss/201609/20160904/d7636.0009.fits
0010   object coord_test   strumu   5.0 354.39221 +46.45619 /Users/lzj/bss/201609/20160904/d7636.0010.fits
0011   object coord_test        g   5.0 354.39217 +46.45622 /Users/lzj/bss/201609/20160904/d7636.0011.fits
0012   object coord_test        g   5.0 354.39221 +46.45622 /Users/lzj/bss/201609/20160904/d7636.0012.fits
0013   object      11108   strumu  60.0 343.08554 +21.29997 /Users/lzj/bss/201609/20160904/d7636.0013.fits
0014   object      11109   strumu  60.0 343.94429 +21.30000 /Users/lzj/bss/201609/20160904/d7636.0014.fits
0015   object      11110   strumu  60.0 344.80275 +21.30000 /Users/lzj/bss/201609/20160904/d7636.0015.fits
0016   object      11111   strumu  60.0 345.66154 +21.30000 /Users/lzj/bss/201609/20160904/d7636.0016.fits
0017   object      11112   strumu  60.0 346.52021 +21.30000 /Users/lzj/bss/201609/20160904/d7636.0017.fits
0018   object      11113   strumu  60.0 347.37892 +21.30000 /Users/lzj/bss/201609/20160904/d7636.0018.fits
0019   object      11114   strumu  60.0 348.23762 +21.30000 /Users/lzj/bss/201609/20160904/d7636.0019.fits
0020   object      11115   strumu  60.0 349.09621 +21.30000 /Users/lzj/bss/201609/20160904/d7636.0020.fits
0021   object      11116   strumu  60.0 349.95467 +21.30000 /Users/lzj/bss/201609/20160904/d7636.0021.fits
0022   object      11117   strumu  60.0 350.81350 +21.30000 /Users/lzj/bss/201609/20160904/d7636.0022.fits
0023   object      11118   strumu  60.0 351.67229 +21.30003 /Users/lzj/bss/201609/20160904/d7636.0023.fits
0024   object      11119   strumu  60.0 352.53071 +21.30000 /Users/lzj/bss/201609/20160904/d7636.0024.fits
0025   object      11120   strumu  60.0 353.38921 +21.30000 /Users/lzj/bss/201609/20160904/d7636.0025.fits
0026   object      11121   strumu  60.0 354.24813 +21.30000 /Users/lzj/bss/201609/20160904/d7636.0026.fits
0027   object      11122   strumu  60.0 355.10675 +21.30000 /Users/lzj/bss/201609/20160904/d7636.0027.fits
0028   object      11123   strumu  60.0 355.96529 +21.29997 /Users/lzj/bss/201609/20160904/d7636.0028.fits
0029   object      11124   strumu  60.0 356.82404 +21.30003 /Users/lzj/bss/201609/20160904/d7636.0029.fits
0030   object      11125   strumu  60.0 357.68271 +21.29997 /Users/lzj/bss/201609/20160904/d7636.0030.fits
0031   object      11126   strumu  60.0 358.54133 +21.30000 /Users/lzj/bss/201609/20160904/d7636.0031.fits
0032   object      11127   strumu  60.0 359.39992 +21.30000 /Users/lzj/bss/201609/20160904/d7636.0032.fits
0033   object      11487   strumu  60.0 357.94892 +22.09997 /Users/lzj/bss/201609/20160904/d7636.0033.fits
0034   object      11488   strumu  60.0 358.81238 +22.09997 /Users/lzj/bss/201609/20160904/d7636.0034.fits
0035   object      11489   strumu  60.0 359.67583 +22.10006 /Users/lzj/bss/201609/20160904/d7636.0035.fits
0036   object      12185   strumu  60.0 346.47029 +23.70003 /Users/lzj/bss/201609/20160904/d7636.0036.fits
0037   object      12186   strumu  60.0 347.34392 +23.70003 /Users/lzj/bss/201609/20160904/d7636.0037.fits
0038   object      12187   strumu  60.0 348.21750 +23.70000 /Users/lzj/bss/201609/20160904/d7636.0038.fits
0039   object      12188   strumu  60.0 349.09133 +23.70003 /Users/lzj/bss/201609/20160904/d7636.0039.fits
0040   object      12189   strumu  60.0 349.96517 +23.70003 /Users/lzj/bss/201609/20160904/d7636.0040.fits
0041   object      12190   strumu  60.0 350.83875 +23.70000 /Users/lzj/bss/201609/20160904/d7636.0041.fits
0042   object      12191   strumu  60.0 351.71229 +23.70000 /Users/lzj/bss/201609/20160904/d7636.0042.fits
0043   object      11128   strumu  60.0   0.25871 +21.30000 /Users/lzj/bss/201609/20160904/d7636.0043.fits
0044   object      11490   strumu  60.0   0.48838 +21.30003 /Users/lzj/bss/201609/20160904/d7636.0044.fits
0045   object      11491   strumu  60.0   1.35658 +21.30000 /Users/lzj/bss/201609/20160904/d7636.0045.fits
0046   object      11492   strumu  60.0   2.22513 +21.29997 /Users/lzj/bss/201609/20160904/d7636.0046.fits
0047   object      11493   strumu  60.0   3.09371 +21.30000 /Users/lzj/bss/201609/20160904/d7636.0047.fits
0048   object      11494   strumu  60.0   3.96208 +21.29997 /Users/lzj/bss/201609/20160904/d7636.0048.fits
0049   object      11495   strumu  60.0   4.83050 +21.30000 /Users/lzj/bss/201609/20160904/d7636.0049.fits
0050   object      11135   strumu  60.0   5.66621 +22.09978 /Users/lzj/bss/201609/20160904/d7636.0050.fits
0051   object      11136   strumu  60.0   6.52958 +22.10000 /Users/lzj/bss/201609/20160904/d7636.0051.fits
0052   object      11137   strumu  60.0   7.39304 +22.09997 /Users/lzj/bss/201609/20160904/d7636.0052.fits
0053   object      11138   strumu  60.0   8.25642 +22.10000 /Users/lzj/bss/201609/20160904/d7636.0053.fits
0054   object      11139   strumu  60.0   9.11971 +22.10000 /Users/lzj/bss/201609/20160904/d7636.0054.fits
0055   object      11140   strumu  60.0   9.98338 +22.10000 /Users/lzj/bss/201609/20160904/d7636.0055.fits
0056   object      11141   strumu  60.0  10.84662 +22.10000 /Users/lzj/bss/201609/20160904/d7636.0056.fits
0057   object      11142   strumu  60.0  11.71025 +22.10000 /Users/lzj/bss/201609/20160904/d7636.0057.fits
0058   object      11496   strumu  60.0   5.69904 +22.10000 /Users/lzj/bss/201609/20160904/d7636.0058.fits
0059   object      11497   strumu  60.0   6.56746 +22.09997 /Users/lzj/bss/201609/20160904/d7636.0059.fits
0060   object      11122   strumu  60.0 355.10679 +21.30000 /Users/lzj/bss/201609/20160904/d7636.0060.fits
0061   object      11123   strumu  60.0 355.96554 +21.30003 /Users/lzj/bss/201609/20160904/d7636.0061.fits
0062   object      11124   strumu  60.0 356.82413 +21.30003 /Users/lzj/bss/201609/20160904/d7636.0062.fits
0063   object      11125   strumu  60.0 357.68279 +21.30003 /Users/lzj/bss/201609/20160904/d7636.0063.fits
0064   object      11126   strumu  60.0 358.54137 +21.30003 /Users/lzj/bss/201609/20160904/d7636.0064.fits
0065   object      11127   strumu  60.0 359.40004 +21.30000 /Users/lzj/bss/201609/20160904/d7636.0065.fits
0066   object      11487   strumu  60.0 357.94900 +22.10000 /Users/lzj/bss/201609/20160904/d7636.0066.fits
0067   object      11488   strumu  60.0 358.81233 +22.10003 /Users/lzj/bss/201609/20160904/d7636.0067.fits
0068   object      11489   strumu  60.0 359.67575 +22.10000 /Users/lzj/bss/201609/20160904/d7636.0068.fits
0082   object      11164   strumu  60.0  30.70613 +22.10000 /Users/lzj/bss/201609/20160904/d7636.0082.fits
0083   object      11165   strumu  60.0  31.56917 +22.10000 /Users/lzj/bss/201609/20160904/d7636.0083.fits
0084   object      11166   strumu  60.0  32.43254 +22.10000 /Users/lzj/bss/201609/20160904/d7636.0084.fits
0085   object      11167   strumu  60.0  33.29617 +22.10000 /Users/lzj/bss/201609/20160904/d7636.0085.fits
0086   object      11168   strumu  60.0  34.15967 +22.10000 /Users/lzj/bss/201609/20160904/d7636.0086.fits
0087   object      11169   strumu  60.0  35.02283 +22.10000 /Users/lzj/bss/201609/20160904/d7636.0087.fits
0088   object      11881   strumu  60.0  30.19688 +23.69997 /Users/lzj/bss/201609/20160904/d7636.0088.fits
0089   object      11882   strumu  60.0  31.07029 +23.70000 /Users/lzj/bss/201609/20160904/d7636.0089.fits
0090   object      11883   strumu  60.0  31.94375 +23.70000 /Users/lzj/bss/201609/20160904/d7636.0090.fits
0091   object      11884   strumu  60.0  32.81746 +23.70000 /Users/lzj/bss/201609/20160904/d7636.0091.fits
0092   object      11885   strumu  60.0  33.69121 +23.70000 /Users/lzj/bss/201609/20160904/d7636.0092.fits
0093   object      11886   strumu  60.0  34.56496 +23.70000 /Users/lzj/bss/201609/20160904/d7636.0093.fits
0094   object      11887   strumu  60.0  35.43871 +23.70000 /Users/lzj/bss/201609/20160904/d7636.0094.fits
0095   object      11526   strumu  60.0  31.75275 +23.70000 /Users/lzj/bss/201609/20160904/d7636.0095.fits
0096   object      11527   strumu  60.0  32.62083 +23.70000 /Users/lzj/bss/201609/20160904/d7636.0096.fits
0097   object      11528   strumu  60.0  33.48929 +23.69997 /Users/lzj/bss/201609/20160904/d7636.0097.fits
0098   object      11529   strumu  60.0  34.35779 +23.70000 /Users/lzj/bss/201609/20160904/d7636.0098.fits
0099   object      11530   strumu  60.0  35.22608 +23.70000 /Users/lzj/bss/201609/20160904/d7636.0099.fits
0100   object      11531   strumu  60.0  36.09467 +23.69997 /Users/lzj/bss/201609/20160904/d7636.0100.fits
0101   object      11532   strumu  60.0  36.96300 +23.69997 /Users/lzj/bss/201609/20160904/d7636.0101.fits
0102   object      11533   strumu  60.0  37.83142 +23.69997 /Users/lzj/bss/201609/20160904/d7636.0102.fits
0103   object      11534   strumu  60.0  38.69996 +23.69997 /Users/lzj/bss/201609/20160904/d7636.0103.fits
0104   object      11535   strumu  60.0  39.56846 +23.70000 /Users/lzj/bss/201609/20160904/d7636.0104.fits
0105   object      11536   strumu  60.0  40.43667 +23.69997 /Users/lzj/bss/201609/20160904/d7636.0105.fits
0106   object      11537   strumu  60.0  41.30525 +23.69997 /Users/lzj/bss/201609/20160904/d7636.0106.fits
0107   object      11888   strumu  60.0  36.31237 +23.70000 /Users/lzj/bss/201609/20160904/d7636.0107.fits
0108   object      11889   strumu  60.0  37.18592 +23.69997 /Users/lzj/bss/201609/20160904/d7636.0108.fits
0109   object      11890   strumu  60.0  38.05962 +23.69997 /Users/lzj/bss/201609/20160904/d7636.0109.fits
0110   object      11891   strumu  60.0  38.93342 +23.69997 /Users/lzj/bss/201609/20160904/d7636.0110.fits
0111   object      11892   strumu  60.0  39.80700 +23.69997 /Users/lzj/bss/201609/20160904/d7636.0111.fits
0112   object      11893   strumu  60.0  40.68075 +23.69997 /Users/lzj/bss/201609/20160904/d7636.0112.fits
0113   object      11894   strumu  60.0  41.55433 +23.70000 /Users/lzj/bss/201609/20160904/d7636.0113.fits
0114   object      11538   strumu  60.0  42.17383 +23.70000 /Users/lzj/bss/201609/20160904/d7636.0114.fits
0115   object      11539   strumu  60.0  43.04208 +23.70000 /Users/lzj/bss/201609/20160904/d7636.0115.fits
0116   object      11540   strumu  60.0  43.91071 +23.69997 /Users/lzj/bss/201609/20160904/d7636.0116.fits
0117   object      11541   strumu  60.0  44.77913 +23.70000 /Users/lzj/bss/201609/20160904/d7636.0117.fits
0118   object      11895   strumu  60.0  42.42817 +23.70000 /Users/lzj/bss/201609/20160904/d7636.0118.fits
0119   object      11896   strumu  60.0  43.30196 +23.69997 /Users/lzj/bss/201609/20160904/d7636.0119.fits
0120   object      11897   strumu  60.0  44.17550 +23.69997 /Users/lzj/bss/201609/20160904/d7636.0120.fits
0121     flat    unknown   strumu  30.0  58.17142 -18.25800 /Users/lzj/bss/201609/20160904/d7636.0121.fits
0122     flat    unknown   strumu  30.0  58.49408 -18.25756 /Users/lzj/bss/201609/20160904/d7636.0122.fits
0123     flat    unknown   strumu  30.0  58.81237 -18.25711 /Users/lzj/bss/201609/20160904/d7636.0123.fits
0124     flat    unknown   strumu  30.0  59.12938 -18.25667 /Users/lzj/bss/201609/20160904/d7636.0124.fits
0125     flat    unknown   strumu  30.0  59.44638 -18.25622 /Users/lzj/bss/201609/20160904/d7636.0125.fits
0126     flat    unknown   strumu  30.0  59.76321 -18.25578 /Users/lzj/bss/201609/20160904/d7636.0126.fits
0127     flat    unknown   strumu  30.0  60.08021 -18.25533 /Users/lzj/bss/201609/20160904/d7636.0127.fits
0128     flat    unknown   strumu  30.0  60.39700 -18.25489 /Users/lzj/bss/201609/20160904/d7636.0128.fits
0129     flat    unknown   strumu  30.0  60.71404 -18.25444 /Users/lzj/bss/201609/20160904/d7636.0129.fits
0130     flat    unknown   strumu  30.0  61.02812 -18.25400 /Users/lzj/bss/201609/20160904/d7636.0130.fits
0131     zero    unknown   strumu   0.0  62.44904 +31.74933 /Users/lzj/bss/201609/20160904/d7636.0131.fits
0132     zero    unknown   strumu   0.0  62.63592 +31.74961 /Users/lzj/bss/201609/20160904/d7636.0132.fits
0133     zero    unknown   strumu   0.0  62.82221 +31.74986 /Users/lzj/bss/201609/20160904/d7636.0133.fits
0134     zero    unknown     none   0.0  63.00850 +31.75014 /Users/lzj/bss/201609/20160904/d7636.0134.fits
0135     zero    unknown     none   0.0  63.19188 +31.75042 /Users/lzj/bss/201609/20160904/d7636.0135.fits
0136     zero    unknown     none   0.0  63.37392 +31.75069 /Users/lzj/bss/201609/20160904/d7636.0136.fits
0137     zero    unknown     none   0.0  63.55583 +31.75094 /Users/lzj/bss/201609/20160904/d7636.0137.fits
0138     zero    unknown     none   0.0  63.73942 +31.75122 /Users/lzj/bss/201609/20160904/d7636.0138.fits
0139     zero    unknown     none   0.0  63.92275 +31.75150 /Users/lzj/bss/201609/20160904/d7636.0139.fits
0140     zero    unknown     none   0.0  64.10633 +31.75175 /Users/lzj/bss/201609/20160904/d7636.0140.fits
0069   object      11164   strumu  60.0  30.70583 +22.10003 /Users/lzj/bss/201609/20160904/d7636.step.0069.fits
0070   object      11164   strumu  15.0  30.62483 +22.09997 /Users/lzj/bss/201609/20160904/d7636.step.0070.fits
0071   object      11164   strumu  15.0  30.74992 +22.10000 /Users/lzj/bss/201609/20160904/d7636.step.0071.fits
0072   object      11164   strumu  15.0  30.87508 +22.09997 /Users/lzj/bss/201609/20160904/d7636.step.0072.fits
0073   object      11164   strumu  15.0  30.99992 +22.10000 /Users/lzj/bss/201609/20160904/d7636.step.0073.fits
0074   object      11164   strumu  15.0  31.12492 +22.09997 /Users/lzj/bss/201609/20160904/d7636.step.0074.fits
0075   object      11164   strumu  15.0  31.37492 +22.10003 /Users/lzj/bss/201609/20160904/d7636.step.0075.fits
0076   object      11164   strumu  15.0  30.50004 +21.99994 /Users/lzj/bss/201609/20160904/d7636.step.0076.fits
0077   object      11164   strumu  15.0  30.99983 +22.00000 /Users/lzj/bss/201609/20160904/d7636.step.0077.fits
0078   object      11164   strumu  15.0  31.49967 +22.00000 /Users/lzj/bss/201609/20160904/d7636.step.0078.fits
0079   object      11164   strumu  15.0  31.99979 +22.00000 /Users/lzj/bss/201609/20160904/d7636.step.0079.fits
0080   object      11164   strumu  15.0  32.49988 +22.00000 /Users/lzj/bss/201609/20160904/d7636.step.0080.fits
0081   object      11164   strumu  15.0  32.99979 +22.00000 /Users/lzj/bss/201609/20160904/d7636.step.0081.fits
