0032 object   12310      strumu    60.0 120.93925 +24.50000 /data/raw/bok/u/201601/J7420/good/d7420.0032.fits
0033 object   12311      strumu    60.0 121.81833 +24.49997 /data/raw/bok/u/201601/J7420/good/d7420.0033.fits
0036 object   10548      strumu    60.0 149.09150 +20.50000 /data/raw/bok/u/201601/J7420/good/d7420.0036.fits
0037 object   10549      strumu    60.0 149.94558 +20.50000 /data/raw/bok/u/201601/J7420/good/d7420.0037.fits
0038 object   10550      strumu    60.0 150.79971 +20.50000 /data/raw/bok/u/201601/J7420/good/d7420.0038.fits
0039 object   10551      strumu    60.0 151.65375 +20.50000 /data/raw/bok/u/201601/J7420/good/d7420.0039.fits
0040 object   10552      strumu    60.0 152.50792 +20.50000 /data/raw/bok/u/201601/J7420/good/d7420.0040.fits
0041 object   10553      strumu    60.0 153.36183 +20.49997 /data/raw/bok/u/201601/J7420/good/d7420.0041.fits
0042 object   10554      strumu    60.0 154.21613 +20.50000 /data/raw/bok/u/201601/J7420/good/d7420.0042.fits
0043 object   10555      strumu    60.0 155.07038 +20.50000 /data/raw/bok/u/201601/J7420/good/d7420.0043.fits
0044 object   10556      strumu    60.0 155.92408 +20.50000 /data/raw/bok/u/201601/J7420/good/d7420.0044.fits
0045 object   10557      strumu    60.0 156.77829 +20.50000 /data/raw/bok/u/201601/J7420/good/d7420.0045.fits
0046 object   10558      strumu    60.0 157.63250 +20.50000 /data/raw/bok/u/201601/J7420/good/d7420.0046.fits
0047 object   10957      strumu    60.0 188.52783 +21.30003 /data/raw/bok/u/201601/J7420/good/d7420.0047.fits
0052 object   11670      strumu    60.0 181.99367 +22.89994 /data/raw/bok/u/201601/J7420/good/d7420.0052.fits
0053 object   11671      strumu    60.0 182.86212 +22.89997 /data/raw/bok/u/201601/J7420/good/d7420.0053.fits
0054 object   11672      strumu    60.0 183.73063 +22.89997 /data/raw/bok/u/201601/J7420/good/d7420.0054.fits
0055 object   11673      strumu    60.0 184.59900 +22.90000 /data/raw/bok/u/201601/J7420/good/d7420.0055.fits
0056 object   11674      strumu    60.0 185.46712 +22.89997 /data/raw/bok/u/201601/J7420/good/d7420.0056.fits
0057 object   11675      strumu    60.0 186.33562 +22.89997 /data/raw/bok/u/201601/J7420/good/d7420.0057.fits
0058 object   11676      strumu    60.0 187.20437 +22.89997 /data/raw/bok/u/201601/J7420/good/d7420.0058.fits
0059 object   12380      strumu    60.0 182.48038 +24.49997 /data/raw/bok/u/201601/J7420/good/d7420.0059.fits
0060 object   12381      strumu    60.0 183.35946 +24.50000 /data/raw/bok/u/201601/J7420/good/d7420.0060.fits
0061 object   12026      strumu    60.0 182.21779 +23.70000 /data/raw/bok/u/201601/J7420/good/d7420.0061.fits
0062 object   12027      strumu    60.0 183.09146 +23.70000 /data/raw/bok/u/201601/J7420/good/d7420.0062.fits
0063 object   12028      strumu    60.0 183.96492 +23.70000 /data/raw/bok/u/201601/J7420/good/d7420.0063.fits
0064 object   12029      strumu    60.0 184.83829 +23.70000 /data/raw/bok/u/201601/J7420/good/d7420.0064.fits
0065 object   12030      strumu    60.0 185.71217 +23.70000 /data/raw/bok/u/201601/J7420/good/d7420.0065.fits
0066 object   12031      strumu    60.0 186.58617 +23.70000 /data/raw/bok/u/201601/J7420/good/d7420.0066.fits
0067 object   12032      strumu    60.0 187.45988 +23.70000 /data/raw/bok/u/201601/J7420/good/d7420.0067.fits
0068 object   12731      strumu    60.0 182.78217 +25.30000 /data/raw/bok/u/201601/J7420/good/d7420.0068.fits
0069 object   12732      strumu    60.0 183.66633 +25.30000 /data/raw/bok/u/201601/J7420/good/d7420.0069.fits
0070 object   13077      strumu    60.0 182.23275 +26.10000 /data/raw/bok/u/201601/J7420/good/d7420.0070.fits
0071 object   13078      strumu    60.0 183.12346 +26.10000 /data/raw/bok/u/201601/J7420/good/d7420.0071.fits
0072 object   13079      strumu    60.0 184.01433 +26.10000 /data/raw/bok/u/201601/J7420/good/d7420.0072.fits
0073 object   13423      strumu    60.0 182.60862 +26.89994 /data/raw/bok/u/201601/J7420/good/d7420.0073.fits
0074 object   13424      strumu    60.0 183.50558 +26.89997 /data/raw/bok/u/201601/J7420/good/d7420.0074.fits
0075 object   13425      strumu    60.0 184.40271 +26.89997 /data/raw/bok/u/201601/J7420/good/d7420.0075.fits
0076 object   13429      strumu    60.0 187.99117 +26.89997 /data/raw/bok/u/201601/J7420/good/d7420.0076.fits
0077 object   14104      strumu    60.0 183.48529 +28.50000 /data/raw/bok/u/201601/J7420/good/d7420.0077.fits
0078 object   14105      strumu    60.0 184.39500 +28.50000 /data/raw/bok/u/201601/J7420/good/d7420.0078.fits
0079 object   14106      strumu    60.0 185.30579 +28.50000 /data/raw/bok/u/201601/J7420/good/d7420.0079.fits
0080 object   14107      strumu    60.0 186.21600 +28.50000 /data/raw/bok/u/201601/J7420/good/d7420.0080.fits
0081 object   14108      strumu    60.0 187.12646 +28.50000 /data/raw/bok/u/201601/J7420/good/d7420.0081.fits
0082 object   14109      strumu    60.0 188.03654 +28.50000 /data/raw/bok/u/201601/J7420/good/d7420.0082.fits
0083 object   14110      strumu    60.0 188.94700 +28.50003 /data/raw/bok/u/201601/J7420/good/d7420.0083.fits
0084 object   11677      strumu    60.0 188.07287 +22.90000 /data/raw/bok/u/201601/J7420/good/d7420.0084.fits
0085 object   11678      strumu    60.0 188.94108 +22.89997 /data/raw/bok/u/201601/J7420/good/d7420.0085.fits
0086 object   11679      strumu    60.0 189.80946 +22.89997 /data/raw/bok/u/201601/J7420/good/d7420.0086.fits
0087 object   11680      strumu    60.0 190.67825 +22.89997 /data/raw/bok/u/201601/J7420/good/d7420.0087.fits
0088 object   11681      strumu    60.0 191.54629 +22.89997 /data/raw/bok/u/201601/J7420/good/d7420.0088.fits
0089 object   11682      strumu    60.0 192.41471 +22.89997 /data/raw/bok/u/201601/J7420/good/d7420.0089.fits
0097 object   12033      strumu    60.0 188.33367 +23.69997 /data/raw/bok/u/201601/J7420/good/d7420.0097.fits
0098 object   12034      strumu    60.0 189.20687 +23.70003 /data/raw/bok/u/201601/J7420/good/d7420.0098.fits
0100 object   12033      strumu    60.0 188.33383 +23.69997 /data/raw/bok/u/201601/J7420/good/d7420.0100.fits
0101 object   12034      strumu    60.0 189.20696 +23.70003 /data/raw/bok/u/201601/J7420/good/d7420.0101.fits
0102 object   12035      strumu    60.0 190.08067 +23.70000 /data/raw/bok/u/201601/J7420/good/d7420.0102.fits
0103 object   12036      strumu    60.0 190.95454 +23.70000 /data/raw/bok/u/201601/J7420/good/d7420.0103.fits
0104 object   12037      strumu    60.0 191.82833 +23.70000 /data/raw/bok/u/201601/J7420/good/d7420.0104.fits
0105 object   12038      strumu    60.0 192.70192 +23.70000 /data/raw/bok/u/201601/J7420/good/d7420.0105.fits
0106 object   12039      strumu    60.0 193.57563 +23.70000 /data/raw/bok/u/201601/J7420/good/d7420.0106.fits
0107 object   10950      strumu    60.0 182.51746 +21.29997 /data/raw/bok/u/201601/J7420/good/d7420.0107.fits
0108 object   10951      strumu    60.0 183.37621 +21.30000 /data/raw/bok/u/201601/J7420/good/d7420.0108.fits
0109 object   10952      strumu    60.0 184.23492 +21.30000 /data/raw/bok/u/201601/J7420/good/d7420.0109.fits
0110 object   10953      strumu    60.0 185.09296 +21.29994 /data/raw/bok/u/201601/J7420/good/d7420.0110.fits
0111 object   10954      strumu    60.0 185.95200 +21.29994 /data/raw/bok/u/201601/J7420/good/d7420.0111.fits
0112 object   10955      strumu    60.0 186.81067 +21.30003 /data/raw/bok/u/201601/J7420/good/d7420.0112.fits
0113 object   10956      strumu    60.0 187.66954 +21.30003 /data/raw/bok/u/201601/J7420/good/d7420.0113.fits
0114 object   10964      strumu    60.0 194.53862 +21.30000 /data/raw/bok/u/201601/J7420/good/d7420.0114.fits
0115 object   10965      strumu    60.0 195.39746 +21.30000 /data/raw/bok/u/201601/J7420/good/d7420.0115.fits
0116 object   10966      strumu    60.0 196.25571 +21.30000 /data/raw/bok/u/201601/J7420/good/d7420.0116.fits
0117 object   10967      strumu    60.0 197.11450 +21.30000 /data/raw/bok/u/201601/J7420/good/d7420.0117.fits
0118 object   10968      strumu    60.0 197.97321 +21.30000 /data/raw/bok/u/201601/J7420/good/d7420.0118.fits
0119 object   10969      strumu    60.0 198.83200 +21.30000 /data/raw/bok/u/201601/J7420/good/d7420.0119.fits
0120 object   10970      strumu    60.0 199.69079 +21.30000 /data/raw/bok/u/201601/J7420/good/d7420.0120.fits
0121 object   11325      strumu    60.0 193.89583 +22.10000 /data/raw/bok/u/201601/J7420/good/d7420.0121.fits
0122 object   11326      strumu    60.0 194.75908 +22.10000 /data/raw/bok/u/201601/J7420/good/d7420.0122.fits
0123 object   11327      strumu    60.0 195.62229 +22.10000 /data/raw/bok/u/201601/J7420/good/d7420.0123.fits
0124 object   11328      strumu    60.0 196.48625 +22.10000 /data/raw/bok/u/201601/J7420/good/d7420.0124.fits
0125 object   11329      strumu    60.0 197.34958 +22.10000 /data/raw/bok/u/201601/J7420/good/d7420.0125.fits
0126 object   11330      strumu    60.0 198.21267 +22.10000 /data/raw/bok/u/201601/J7420/good/d7420.0126.fits
0127 object   11331      strumu    60.0 199.07617 +22.10000 /data/raw/bok/u/201601/J7420/good/d7420.0127.fits
0128 object   11332      strumu    60.0 199.94000 +22.10000 /data/raw/bok/u/201601/J7420/good/d7420.0128.fits
0129 object   11333      strumu    60.0 200.80325 +22.10000 /data/raw/bok/u/201601/J7420/good/d7420.0129.fits
0130 object   11334      strumu    60.0 201.66638 +22.10000 /data/raw/bok/u/201601/J7420/good/d7420.0130.fits
0131 object   11335      strumu    60.0 202.52996 +22.10000 /data/raw/bok/u/201601/J7420/good/d7420.0131.fits
0132 object   11336      strumu    60.0 203.39354 +22.10000 /data/raw/bok/u/201601/J7420/good/d7420.0132.fits
0133 object   11337      strumu    60.0 204.25683 +22.10000 /data/raw/bok/u/201601/J7420/good/d7420.0133.fits
0134 object   11338      strumu    60.0 205.12025 +22.10000 /data/raw/bok/u/201601/J7420/good/d7420.0134.fits
0091 object   11677      strumv    60.0 188.07287 +22.89994 /data/raw/bok/v/201601/J7420/good/d7420.0091.fits
0092 object   11678      strumv    60.0 188.94112 +22.89997 /data/raw/bok/v/201601/J7420/good/d7420.0092.fits
0093 object   11679      strumv    60.0 189.80950 +22.89997 /data/raw/bok/v/201601/J7420/good/d7420.0093.fits
0094 object   11680      strumv    60.0 190.67833 +22.89997 /data/raw/bok/v/201601/J7420/good/d7420.0094.fits
0095 object   11681      strumv    60.0 191.54654 +22.89997 /data/raw/bok/v/201601/J7420/good/d7420.0095.fits
0096 object   11682      strumv    60.0 192.41487 +22.89997 /data/raw/bok/v/201601/J7420/good/d7420.0096.fits
