0027 object   11150      strumu    60.0  18.61800 +22.10000 /data/raw/bok/u/201601/J7418/good/d7418.0027.fits
0028 object   11857      strumu    60.0   9.22829 +23.70000 /data/raw/bok/u/201601/J7418/good/d7418.0028.fits
0029 object   11858      strumu    60.0  10.10196 +23.69997 /data/raw/bok/u/201601/J7418/good/d7418.0029.fits
0030 object   11859      strumu    60.0  10.97583 +23.69994 /data/raw/bok/u/201601/J7418/good/d7418.0030.fits
0031 object   11860      strumu    60.0  11.84917 +23.69994 /data/raw/bok/u/201601/J7418/good/d7418.0031.fits
0032 object   11861      strumu    60.0  12.72271 +23.69994 /data/raw/bok/u/201601/J7418/good/d7418.0032.fits
0033 object   11862      strumu    60.0  13.59671 +23.69994 /data/raw/bok/u/201601/J7418/good/d7418.0033.fits
0034 object   11863      strumu    60.0  14.47033 +23.69994 /data/raw/bok/u/201601/J7418/good/d7418.0034.fits
0036 object   11508      strumu    60.0  16.12029 +22.89994 /data/raw/bok/u/201601/J7418/good/d7418.0036.fits
0037 object   11508      strumu    60.0  16.12029 +22.89997 /data/raw/bok/u/201601/J7418/good/d7418.0037.fits
0038 object   11509      strumu    60.0  16.98904 +22.89994 /data/raw/bok/u/201601/J7418/good/d7418.0038.fits
0039 object   11510      strumu    60.0  17.85733 +22.89994 /data/raw/bok/u/201601/J7418/good/d7418.0039.fits
0040 object   11511      strumu    60.0  18.72558 +22.89992 /data/raw/bok/u/201601/J7418/good/d7418.0040.fits
0041 object   11512      strumu    60.0  19.59392 +22.89994 /data/raw/bok/u/201601/J7418/good/d7418.0041.fits
0042 object   11513      strumu    60.0  20.46271 +22.89994 /data/raw/bok/u/201601/J7418/good/d7418.0042.fits
0043 object   11514      strumu    60.0  21.33113 +22.89994 /data/raw/bok/u/201601/J7418/good/d7418.0043.fits
0044 object   11864      strumu    60.0  15.34425 +23.69997 /data/raw/bok/u/201601/J7418/good/d7418.0044.fits
0045 object   11865      strumu    60.0  16.21800 +23.69994 /data/raw/bok/u/201601/J7418/good/d7418.0045.fits
0046 object   11866      strumu    60.0  17.09117 +23.69994 /data/raw/bok/u/201601/J7418/good/d7418.0046.fits
0047 object   11867      strumu    60.0  17.96496 +23.69994 /data/raw/bok/u/201601/J7418/good/d7418.0047.fits
0048 object   11868      strumu    60.0  18.83863 +23.69997 /data/raw/bok/u/201601/J7418/good/d7418.0048.fits
0049 object   11869      strumu    60.0  19.71258 +23.69997 /data/raw/bok/u/201601/J7418/good/d7418.0049.fits
0050 object   11870      strumu    60.0  20.58621 +23.69994 /data/raw/bok/u/201601/J7418/good/d7418.0050.fits
0053 object   11550      strumu    60.0  52.59546 +22.90006 /data/raw/bok/u/201601/J7418/good/d7418.0053.fits
0054 object   11551      strumu    60.0  53.46358 +22.89994 /data/raw/bok/u/201601/J7418/good/d7418.0054.fits
0055 object   11552      strumu    60.0  54.33188 +22.89997 /data/raw/bok/u/201601/J7418/good/d7418.0055.fits
0056 object   11553      strumu    60.0  55.20000 +22.89997 /data/raw/bok/u/201601/J7418/good/d7418.0056.fits
0057 object   11554      strumu    60.0  56.06917 +22.89994 /data/raw/bok/u/201601/J7418/good/d7418.0057.fits
0058 object   11555      strumu    60.0  56.93721 +22.89994 /data/raw/bok/u/201601/J7418/good/d7418.0058.fits
0059 object   11556      strumu    60.0  57.80567 +22.89994 /data/raw/bok/u/201601/J7418/good/d7418.0059.fits
0060 object   11913      strumu    60.0  58.15450 +23.69992 /data/raw/bok/u/201601/J7418/good/d7418.0060.fits
0061 object   11914      strumu    60.0  59.02833 +23.69997 /data/raw/bok/u/201601/J7418/good/d7418.0061.fits
0062 object   11915      strumu    60.0  59.90196 +23.69994 /data/raw/bok/u/201601/J7418/good/d7418.0062.fits
0063 object   11557      strumu    60.0  58.67467 +22.89994 /data/raw/bok/u/201601/J7418/good/d7418.0063.fits
0064 object   11558      strumu    60.0  59.54292 +22.89994 /data/raw/bok/u/201601/J7418/good/d7418.0064.fits
0065 object   12237      strumu    60.0  31.26529 +24.49992 /data/raw/bok/u/201601/J7418/good/d7418.0065.fits
0066 object   12238      strumu    60.0  32.14404 +24.49994 /data/raw/bok/u/201601/J7418/good/d7418.0066.fits
0067 object   12239      strumu    60.0  33.02313 +24.49994 /data/raw/bok/u/201601/J7418/good/d7418.0067.fits
0068 object   12240      strumu    60.0  33.90246 +24.49997 /data/raw/bok/u/201601/J7418/good/d7418.0068.fits
0069 object   12241      strumu    60.0  34.78146 +24.49994 /data/raw/bok/u/201601/J7418/good/d7418.0069.fits
0072 object   13321      strumu    60.0  65.09346 +26.89997 /data/raw/bok/u/201601/J7418/good/d7418.0072.fits
0073 object   13322      strumu    60.0  65.99008 +26.89994 /data/raw/bok/u/201601/J7418/good/d7418.0073.fits
0141 object   12385      strumu    60.0 186.87604 +24.50000 /data/raw/bok/u/201601/J7418/good/d7418.0141.fits
0142 object   12386      strumu    60.0 187.75521 +24.50000 /data/raw/bok/u/201601/J7418/good/d7418.0142.fits
0143 object   11315      strumu    60.0 185.26125 +22.09997 /data/raw/bok/u/201601/J7418/good/d7418.0143.fits
0144 object   11316      strumu    60.0 186.12504 +22.10000 /data/raw/bok/u/201601/J7418/good/d7418.0144.fits
0145 object   11317      strumu    60.0 186.98825 +22.10000 /data/raw/bok/u/201601/J7418/good/d7418.0145.fits
0146 object   11318      strumu    60.0 187.85158 +22.10000 /data/raw/bok/u/201601/J7418/good/d7418.0146.fits
0147 object   11319      strumu    60.0 188.71492 +22.10000 /data/raw/bok/u/201601/J7418/good/d7418.0147.fits
0148 object   11320      strumu    60.0 189.57858 +22.10000 /data/raw/bok/u/201601/J7418/good/d7418.0148.fits
0149 object   11321      strumu    60.0 190.44196 +22.10000 /data/raw/bok/u/201601/J7418/good/d7418.0149.fits
0150 object   11322      strumu    60.0 191.30537 +22.10000 /data/raw/bok/u/201601/J7418/good/d7418.0150.fits
0151 object   11323      strumu    60.0 192.16863 +22.10000 /data/raw/bok/u/201601/J7418/good/d7418.0151.fits
0152 object   13426      strumu    60.0 185.30004 +26.89997 /data/raw/bok/u/201601/J7418/good/d7418.0152.fits
0153 object   13427      strumu    60.0 186.19708 +26.89997 /data/raw/bok/u/201601/J7418/good/d7418.0153.fits
0154 object   13428      strumu    60.0 187.09417 +26.89997 /data/raw/bok/u/201601/J7418/good/d7418.0154.fits
0171 object   13769      strumu    60.0 185.73663 +27.70000 /data/raw/bok/u/201601/J7418/good/d7418.0171.fits
0172 object   13770      strumu    60.0 186.64000 +27.69997 /data/raw/bok/u/201601/J7418/good/d7418.0172.fits
0173 object   13771      strumu    60.0 187.54367 +27.70003 /data/raw/bok/u/201601/J7418/good/d7418.0173.fits
0174 object   16376      strumu    60.0 180.24042 +34.09997 /data/raw/bok/u/201601/J7418/good/d7418.0174.fits
0175 object   16377      strumu    60.0 181.20667 +34.09994 /data/raw/bok/u/201601/J7418/good/d7418.0175.fits
0176 object   16378      strumu    60.0 182.17288 +34.09997 /data/raw/bok/u/201601/J7418/good/d7418.0176.fits
0177 object   16379      strumu    60.0 183.13867 +34.10000 /data/raw/bok/u/201601/J7418/good/d7418.0177.fits
0178 object   16380      strumu    60.0 184.10483 +34.10000 /data/raw/bok/u/201601/J7418/good/d7418.0178.fits
0179 object   16381      strumu    60.0 185.07121 +34.10000 /data/raw/bok/u/201601/J7418/good/d7418.0179.fits
0180 object   16382      strumu    60.0 186.03683 +34.09997 /data/raw/bok/u/201601/J7418/good/d7418.0180.fits
0181 object   10601      strumu    60.0 194.35812 +20.50011 /data/raw/bok/u/201601/J7418/good/d7418.0181.fits
0182 object   10602      strumu    60.0 195.21217 +20.50000 /data/raw/bok/u/201601/J7418/good/d7418.0182.fits
0183 object   10603      strumu    60.0 196.06596 +20.50000 /data/raw/bok/u/201601/J7418/good/d7418.0183.fits
0184 object   10604      strumu    60.0 196.92029 +20.50000 /data/raw/bok/u/201601/J7418/good/d7418.0184.fits
0185 object   10605      strumu    60.0 197.77462 +20.50003 /data/raw/bok/u/201601/J7418/good/d7418.0185.fits
0070 object   13321      strumv    60.0  65.09325 +26.90006 /data/raw/bok/v/201601/J7418/good/d7418.0070.fits
0071 object   13322      strumv    60.0  65.99029 +26.89994 /data/raw/bok/v/201601/J7418/good/d7418.0071.fits
0157 object   12385      strumv    60.0 186.87621 +24.50017 /data/raw/bok/v/201601/J7418/good/d7418.0157.fits
0158 object   12386      strumv    60.0 187.75525 +24.50000 /data/raw/bok/v/201601/J7418/good/d7418.0158.fits
0159 object   11315      strumv    60.0 185.26125 +22.10000 /data/raw/bok/v/201601/J7418/good/d7418.0159.fits
0160 object   11316      strumv    60.0 186.12492 +22.09997 /data/raw/bok/v/201601/J7418/good/d7418.0160.fits
0161 object   11317      strumv    60.0 186.98812 +22.10003 /data/raw/bok/v/201601/J7418/good/d7418.0161.fits
0162 object   11318      strumv    60.0 187.85163 +22.10000 /data/raw/bok/v/201601/J7418/good/d7418.0162.fits
0163 object   11319      strumv    60.0 188.71487 +22.10003 /data/raw/bok/v/201601/J7418/good/d7418.0163.fits
0164 object   11320      strumv    60.0 189.57854 +22.10003 /data/raw/bok/v/201601/J7418/good/d7418.0164.fits
0165 object   11321      strumv    60.0 190.44196 +22.10000 /data/raw/bok/v/201601/J7418/good/d7418.0165.fits
0166 object   11322      strumv    60.0 191.30529 +22.10000 /data/raw/bok/v/201601/J7418/good/d7418.0166.fits
0167 object   11323      strumv    60.0 192.16871 +22.10000 /data/raw/bok/v/201601/J7418/good/d7418.0167.fits
0168 object   13426      strumv    60.0 185.29996 +26.89994 /data/raw/bok/v/201601/J7418/good/d7418.0168.fits
0169 object   13427      strumv    60.0 186.19688 +26.89997 /data/raw/bok/v/201601/J7418/good/d7418.0169.fits
0170 object   13428      strumv    60.0 187.09417 +26.89997 /data/raw/bok/v/201601/J7418/good/d7418.0170.fits
0108 object   M67AA1     strumv    60.0 132.50000 +11.41678 /data/raw/bok/v/201601/J7418/other/d7418.0108.fits
0109 object   M67AB1     strumv    60.0 132.49988 +11.66644 /data/raw/bok/v/201601/J7418/other/d7418.0109.fits
0110 object   M67AC1     strumv    60.0 132.49996 +11.91661 /data/raw/bok/v/201601/J7418/other/d7418.0110.fits
0111 object   M67AD1     strumv    60.0 132.50000 +12.16661 /data/raw/bok/v/201601/J7418/other/d7418.0111.fits
0112 object   M67BA1     strumv    60.0 132.75000 +11.41672 /data/raw/bok/v/201601/J7418/other/d7418.0112.fits
0113 object   M67BB1     strumv    60.0 132.74988 +11.66642 /data/raw/bok/v/201601/J7418/other/d7418.0113.fits
0114 object   M67BC1     strumv    60.0 132.74983 +11.91639 /data/raw/bok/v/201601/J7418/other/d7418.0114.fits
0115 object   M67BD1     strumv    60.0 132.74979 +12.16658 /data/raw/bok/v/201601/J7418/other/d7418.0115.fits
0116 object   M67CA1     strumv    60.0 132.99992 +11.41689 /data/raw/bok/v/201601/J7418/other/d7418.0116.fits
0117 object   M67CB1     strumv    60.0 132.99983 +11.66656 /data/raw/bok/v/201601/J7418/other/d7418.0117.fits
0118 object   M67CC1     strumv    60.0 132.99983 +11.91658 /data/raw/bok/v/201601/J7418/other/d7418.0118.fits
0119 object   M67CD1     strumv    60.0 133.00004 +12.16656 /data/raw/bok/v/201601/J7418/other/d7418.0119.fits
0120 object   M67DA1     strumv    60.0 133.24988 +11.41672 /data/raw/bok/v/201601/J7418/other/d7418.0120.fits
0121 object   M67DB1     strumv    60.0 133.24996 +11.66658 /data/raw/bok/v/201601/J7418/other/d7418.0121.fits
0122 object   M67DC1     strumv    60.0 133.24992 +11.91644 /data/raw/bok/v/201601/J7418/other/d7418.0122.fits
0123 object   M67DD1     strumv    60.0 133.24983 +12.16656 /data/raw/bok/v/201601/J7418/other/d7418.0123.fits
0124 object   M67AA2     strumv    60.0 132.53346 +11.45014 /data/raw/bok/v/201601/J7418/other/d7418.0124.fits
0125 object   M67AB2     strumv    60.0 132.53338 +11.69989 /data/raw/bok/v/201601/J7418/other/d7418.0125.fits
0126 object   M67AC2     strumv    60.0 132.53317 +11.94989 /data/raw/bok/v/201601/J7418/other/d7418.0126.fits
0127 object   M67AD2     strumv    60.0 132.53333 +12.19992 /data/raw/bok/v/201601/J7418/other/d7418.0127.fits
0128 object   M67BA2     strumv    60.0 132.78321 +11.45003 /data/raw/bok/v/201601/J7418/other/d7418.0128.fits
0129 object   M67BB2     strumv    60.0 132.78337 +11.69989 /data/raw/bok/v/201601/J7418/other/d7418.0129.fits
0130 object   M67BC2     strumv    60.0 132.78325 +11.94975 /data/raw/bok/v/201601/J7418/other/d7418.0130.fits
0131 object   M67BD2     strumv    60.0 132.78325 +12.19994 /data/raw/bok/v/201601/J7418/other/d7418.0131.fits
0132 object   M67CA2     strumv    60.0 133.03338 +11.45006 /data/raw/bok/v/201601/J7418/other/d7418.0132.fits
0133 object   M67CB2     strumv    60.0 133.03325 +11.69992 /data/raw/bok/v/201601/J7418/other/d7418.0133.fits
0134 object   M67CC2     strumv    60.0 133.03333 +11.94983 /data/raw/bok/v/201601/J7418/other/d7418.0134.fits
0135 object   M67CD2     strumv    60.0 133.03338 +12.19983 /data/raw/bok/v/201601/J7418/other/d7418.0135.fits
0136 object   M67DA2     strumv    60.0 133.28333 +11.45014 /data/raw/bok/v/201601/J7418/other/d7418.0136.fits
0137 object   M67DB2     strumv    60.0 133.28329 +11.69989 /data/raw/bok/v/201601/J7418/other/d7418.0137.fits
0138 object   M67DC2     strumv    60.0 133.28321 +11.94981 /data/raw/bok/v/201601/J7418/other/d7418.0138.fits
0139 object   M67DD2     strumv    60.0 133.28337 +12.19981 /data/raw/bok/v/201601/J7418/other/d7418.0139.fits
0075 object   M67        strumu    60.0 132.50000 +11.41664 /data/raw/bok/u/201601/J7418/other/d7418.0075.fits
0076 object   M67        strumu    60.0 132.49996 +11.66658 /data/raw/bok/u/201601/J7418/other/d7418.0076.fits
0077 object   M67        strumu    60.0 132.50000 +11.91656 /data/raw/bok/u/201601/J7418/other/d7418.0077.fits
0078 object   M67        strumu    60.0 132.49988 +12.16658 /data/raw/bok/u/201601/J7418/other/d7418.0078.fits
0079 object   M67        strumu    60.0 132.75000 +11.41669 /data/raw/bok/u/201601/J7418/other/d7418.0079.fits
0080 object   M67        strumu    60.0 132.74996 +11.66656 /data/raw/bok/u/201601/J7418/other/d7418.0080.fits
0081 object   M67        strumu    60.0 132.74988 +11.91647 /data/raw/bok/u/201601/J7418/other/d7418.0081.fits
0082 object   M67        strumu    60.0 132.74992 +12.16667 /data/raw/bok/u/201601/J7418/other/d7418.0082.fits
0083 object   M67        strumu    60.0 132.99996 +11.41675 /data/raw/bok/u/201601/J7418/other/d7418.0083.fits
0084 object   M67        strumu    60.0 132.99992 +11.66642 /data/raw/bok/u/201601/J7418/other/d7418.0084.fits
0085 object   M67        strumu    60.0 132.99996 +11.91647 /data/raw/bok/u/201601/J7418/other/d7418.0085.fits
0086 object   M67        strumu    60.0 132.99988 +12.16658 /data/raw/bok/u/201601/J7418/other/d7418.0086.fits
0087 object   M67        strumu    60.0 133.25008 +11.41675 /data/raw/bok/u/201601/J7418/other/d7418.0087.fits
0088 object   M67        strumu    60.0 133.24996 +11.66658 /data/raw/bok/u/201601/J7418/other/d7418.0088.fits
0089 object   M67        strumu    60.0 133.24988 +11.91658 /data/raw/bok/u/201601/J7418/other/d7418.0089.fits
0090 object   M67        strumu    60.0 133.24992 +12.16656 /data/raw/bok/u/201601/J7418/other/d7418.0090.fits
0091 object   M67        strumu    60.0 132.53342 +11.45011 /data/raw/bok/u/201601/J7418/other/d7418.0091.fits
0092 object   M67        strumu    60.0 132.53321 +11.69997 /data/raw/bok/u/201601/J7418/other/d7418.0092.fits
0093 object   M67        strumu    60.0 132.53329 +11.94989 /data/raw/bok/u/201601/J7418/other/d7418.0093.fits
0094 object   M67        strumu    60.0 132.53325 +12.19986 /data/raw/bok/u/201601/J7418/other/d7418.0094.fits
0095 object   M67        strumu    60.0 132.78329 +11.45006 /data/raw/bok/u/201601/J7418/other/d7418.0095.fits
0096 object   M67        strumu    60.0 132.78325 +11.69992 /data/raw/bok/u/201601/J7418/other/d7418.0096.fits
0097 object   M67        strumu    60.0 132.78329 +11.94989 /data/raw/bok/u/201601/J7418/other/d7418.0097.fits
0098 object   M67        strumu    60.0 132.78317 +12.19981 /data/raw/bok/u/201601/J7418/other/d7418.0098.fits
0099 object   M67        strumu    60.0 133.03329 +11.45008 /data/raw/bok/u/201601/J7418/other/d7418.0099.fits
0100 object   M67        strumu    60.0 133.03333 +11.69978 /data/raw/bok/u/201601/J7418/other/d7418.0100.fits
0101 object   M67        strumu    60.0 133.03333 +11.94989 /data/raw/bok/u/201601/J7418/other/d7418.0101.fits
0102 object   M67        strumu    60.0 133.03321 +12.19986 /data/raw/bok/u/201601/J7418/other/d7418.0102.fits
0103 object   M67        strumu    60.0 133.28329 +11.45017 /data/raw/bok/u/201601/J7418/other/d7418.0103.fits
0104 object   M67        strumu    60.0 133.28317 +11.69972 /data/raw/bok/u/201601/J7418/other/d7418.0104.fits
0105 object   M67        strumu    60.0 133.28325 +11.94975 /data/raw/bok/u/201601/J7418/other/d7418.0105.fits
0106 object   M67        strumu    60.0 133.28325 +12.19981 /data/raw/bok/u/201601/J7418/other/d7418.0106.fits
