#Object       u60

10952         1.0
10953         1.0
10950         1.0
10951         1.0
10956         1.0
10957         1.0
10954         1.0
10955         1.0
11670         1.0
14105         1.0
14104         1.0
14107         1.0
14106         1.0
14109         1.0
14108         1.0
11672         1.0
10964         1.0
10967         1.0
11671         1.0
10965         1.0
11673         1.0
11674         1.0
11675         1.0
11676         1.0
11677         1.0
11678         1.0
11679         1.0
12381         1.0
12380         1.0
10969         1.0
10968         1.0
14110         1.0
13429         1.0
13425         1.0
13424         1.0
13423         1.0
10970         1.0
11681         1.0
11680         1.0
11682         1.0
12310         1.0
12311         1.0
10549         1.0
10548         1.0
10556         1.0
10557         1.0
10554         1.0
10555         1.0
10552         1.0
10553         1.0
10550         1.0
10551         1.0
12731         1.0
12732         1.0
10558         1.0
12039         1.0
12038         1.0
12033         2.0
12032         1.0
12031         1.0
12030         1.0
12037         1.0
12036         1.0
12035         1.0
12034         2.0
11331         1.0
11330         1.0
12026         1.0
12027         1.0
11335         1.0
11334         1.0
11337         1.0
11336         1.0
11338         1.0
12028         1.0
12029         1.0
11326         1.0
11327         1.0
11325         1.0
11328         1.0
11329         1.0
10966         1.0
13077         1.0
13078         1.0
13079         1.0
11333         1.0
11332         1.0
