/Users/lzj/bss/201601/20160130/d7418.0027.fits  0027       11150  strumu   60.00   1
/Users/lzj/bss/201601/20160130/d7418.0028.fits  0028       11857  strumu   60.00   1
/Users/lzj/bss/201601/20160130/d7418.0029.fits  0029       11858  strumu   60.00   1
/Users/lzj/bss/201601/20160130/d7418.0030.fits  0030       11859  strumu   60.00   1
/Users/lzj/bss/201601/20160130/d7418.0031.fits  0031       11860  strumu   60.00   1
/Users/lzj/bss/201601/20160130/d7418.0032.fits  0032       11861  strumu   60.00   1
/Users/lzj/bss/201601/20160130/d7418.0033.fits  0033       11862  strumu   60.00   1
/Users/lzj/bss/201601/20160130/d7418.0034.fits  0034       11863  strumu   60.00   1
/Users/lzj/bss/201601/20160130/d7418.0036.fits  0036       11508  strumu   60.00   1
/Users/lzj/bss/201601/20160130/d7418.0037.fits  0037       11508  strumu   60.00   1
/Users/lzj/bss/201601/20160130/d7418.0038.fits  0038       11509  strumu   60.00   1
/Users/lzj/bss/201601/20160130/d7418.0039.fits  0039       11510  strumu   60.00   1
/Users/lzj/bss/201601/20160130/d7418.0040.fits  0040       11511  strumu   60.00   1
/Users/lzj/bss/201601/20160130/d7418.0041.fits  0041       11512  strumu   60.00   1
/Users/lzj/bss/201601/20160130/d7418.0042.fits  0042       11513  strumu   60.00   1
/Users/lzj/bss/201601/20160130/d7418.0043.fits  0043       11514  strumu   60.00   1
/Users/lzj/bss/201601/20160130/d7418.0044.fits  0044       11864  strumu   60.00   1
/Users/lzj/bss/201601/20160130/d7418.0045.fits  0045       11865  strumu   60.00   1
/Users/lzj/bss/201601/20160130/d7418.0046.fits  0046       11866  strumu   60.00   1
/Users/lzj/bss/201601/20160130/d7418.0047.fits  0047       11867  strumu   60.00   1
/Users/lzj/bss/201601/20160130/d7418.0048.fits  0048       11868  strumu   60.00   1
/Users/lzj/bss/201601/20160130/d7418.0049.fits  0049       11869  strumu   60.00   1
/Users/lzj/bss/201601/20160130/d7418.0050.fits  0050       11870  strumu   60.00   1
/Users/lzj/bss/201601/20160130/d7418.0053.fits  0053       11550  strumu   60.00   1
/Users/lzj/bss/201601/20160130/d7418.0054.fits  0054       11551  strumu   60.00   1
/Users/lzj/bss/201601/20160130/d7418.0055.fits  0055       11552  strumu   60.00   1
/Users/lzj/bss/201601/20160130/d7418.0056.fits  0056       11553  strumu   60.00   1
/Users/lzj/bss/201601/20160130/d7418.0057.fits  0057       11554  strumu   60.00   1
/Users/lzj/bss/201601/20160130/d7418.0058.fits  0058       11555  strumu   60.00   1
/Users/lzj/bss/201601/20160130/d7418.0059.fits  0059       11556  strumu   60.00   1
/Users/lzj/bss/201601/20160130/d7418.0060.fits  0060       11913  strumu   60.00   1
/Users/lzj/bss/201601/20160130/d7418.0061.fits  0061       11914  strumu   60.00   1
/Users/lzj/bss/201601/20160130/d7418.0062.fits  0062       11915  strumu   60.00   1
/Users/lzj/bss/201601/20160130/d7418.0063.fits  0063       11557  strumu   60.00   1
/Users/lzj/bss/201601/20160130/d7418.0064.fits  0064       11558  strumu   60.00   1
/Users/lzj/bss/201601/20160130/d7418.0065.fits  0065       12237  strumu   60.00   1
/Users/lzj/bss/201601/20160130/d7418.0066.fits  0066       12238  strumu   60.00   1
/Users/lzj/bss/201601/20160130/d7418.0067.fits  0067       12239  strumu   60.00   1
/Users/lzj/bss/201601/20160130/d7418.0068.fits  0068       12240  strumu   60.00   1
/Users/lzj/bss/201601/20160130/d7418.0069.fits  0069       12241  strumu   60.00   1
/Users/lzj/bss/201601/20160130/d7418.0070.fits  0070       13321  strumv   60.00   1
/Users/lzj/bss/201601/20160130/d7418.0071.fits  0071       13322  strumv   60.00   1
/Users/lzj/bss/201601/20160130/d7418.0072.fits  0072       13321  strumu   60.00   1
/Users/lzj/bss/201601/20160130/d7418.0073.fits  0073       13322  strumu   60.00   1
/Users/lzj/bss/201601/20160130/d7418.0075.fits  0075         M67  strumu   60.00   1
/Users/lzj/bss/201601/20160130/d7418.0076.fits  0076         M67  strumu   60.00   1
/Users/lzj/bss/201601/20160130/d7418.0077.fits  0077         M67  strumu   60.00   1
/Users/lzj/bss/201601/20160130/d7418.0078.fits  0078         M67  strumu   60.00   1
/Users/lzj/bss/201601/20160130/d7418.0079.fits  0079         M67  strumu   60.00   1
/Users/lzj/bss/201601/20160130/d7418.0080.fits  0080         M67  strumu   60.00   1
/Users/lzj/bss/201601/20160130/d7418.0081.fits  0081         M67  strumu   60.00   1
/Users/lzj/bss/201601/20160130/d7418.0082.fits  0082         M67  strumu   60.00   1
/Users/lzj/bss/201601/20160130/d7418.0083.fits  0083         M67  strumu   60.00   1
/Users/lzj/bss/201601/20160130/d7418.0084.fits  0084         M67  strumu   60.00   1
/Users/lzj/bss/201601/20160130/d7418.0085.fits  0085         M67  strumu   60.00   1
/Users/lzj/bss/201601/20160130/d7418.0086.fits  0086         M67  strumu   60.00   1
/Users/lzj/bss/201601/20160130/d7418.0087.fits  0087         M67  strumu   60.00   1
/Users/lzj/bss/201601/20160130/d7418.0088.fits  0088         M67  strumu   60.00   1
/Users/lzj/bss/201601/20160130/d7418.0089.fits  0089         M67  strumu   60.00   1
/Users/lzj/bss/201601/20160130/d7418.0090.fits  0090         M67  strumu   60.00   1
/Users/lzj/bss/201601/20160130/d7418.0091.fits  0091         M67  strumu   60.00   1
/Users/lzj/bss/201601/20160130/d7418.0092.fits  0092         M67  strumu   60.00   1
/Users/lzj/bss/201601/20160130/d7418.0093.fits  0093         M67  strumu   60.00   1
/Users/lzj/bss/201601/20160130/d7418.0094.fits  0094         M67  strumu   60.00   1
/Users/lzj/bss/201601/20160130/d7418.0095.fits  0095         M67  strumu   60.00   1
/Users/lzj/bss/201601/20160130/d7418.0096.fits  0096         M67  strumu   60.00   1
/Users/lzj/bss/201601/20160130/d7418.0097.fits  0097         M67  strumu   60.00   1
/Users/lzj/bss/201601/20160130/d7418.0098.fits  0098         M67  strumu   60.00   1
/Users/lzj/bss/201601/20160130/d7418.0099.fits  0099         M67  strumu   60.00   1
/Users/lzj/bss/201601/20160130/d7418.0100.fits  0100         M67  strumu   60.00   1
/Users/lzj/bss/201601/20160130/d7418.0101.fits  0101         M67  strumu   60.00   1
/Users/lzj/bss/201601/20160130/d7418.0102.fits  0102         M67  strumu   60.00   1
/Users/lzj/bss/201601/20160130/d7418.0103.fits  0103         M67  strumu   60.00   1
/Users/lzj/bss/201601/20160130/d7418.0104.fits  0104         M67  strumu   60.00   1
/Users/lzj/bss/201601/20160130/d7418.0105.fits  0105         M67  strumu   60.00   1
/Users/lzj/bss/201601/20160130/d7418.0106.fits  0106         M67  strumu   60.00   1
/Users/lzj/bss/201601/20160130/d7418.0108.fits  0108      M67AA1  strumv   60.00   1
/Users/lzj/bss/201601/20160130/d7418.0109.fits  0109      M67AB1  strumv   60.00   1
/Users/lzj/bss/201601/20160130/d7418.0110.fits  0110      M67AC1  strumv   60.00   1
/Users/lzj/bss/201601/20160130/d7418.0111.fits  0111      M67AD1  strumv   60.00   1
/Users/lzj/bss/201601/20160130/d7418.0112.fits  0112      M67BA1  strumv   60.00   1
/Users/lzj/bss/201601/20160130/d7418.0113.fits  0113      M67BB1  strumv   60.00   1
/Users/lzj/bss/201601/20160130/d7418.0114.fits  0114      M67BC1  strumv   60.00   1
/Users/lzj/bss/201601/20160130/d7418.0115.fits  0115      M67BD1  strumv   60.00   1
/Users/lzj/bss/201601/20160130/d7418.0116.fits  0116      M67CA1  strumv   60.00   1
/Users/lzj/bss/201601/20160130/d7418.0117.fits  0117      M67CB1  strumv   60.00   1
/Users/lzj/bss/201601/20160130/d7418.0118.fits  0118      M67CC1  strumv   60.00   1
/Users/lzj/bss/201601/20160130/d7418.0119.fits  0119      M67CD1  strumv   60.00   1
/Users/lzj/bss/201601/20160130/d7418.0120.fits  0120      M67DA1  strumv   60.00   1
/Users/lzj/bss/201601/20160130/d7418.0121.fits  0121      M67DB1  strumv   60.00   1
/Users/lzj/bss/201601/20160130/d7418.0122.fits  0122      M67DC1  strumv   60.00   1
/Users/lzj/bss/201601/20160130/d7418.0123.fits  0123      M67DD1  strumv   60.00   1
/Users/lzj/bss/201601/20160130/d7418.0124.fits  0124      M67AA2  strumv   60.00   1
/Users/lzj/bss/201601/20160130/d7418.0125.fits  0125      M67AB2  strumv   60.00   1
/Users/lzj/bss/201601/20160130/d7418.0126.fits  0126      M67AC2  strumv   60.00   1
/Users/lzj/bss/201601/20160130/d7418.0127.fits  0127      M67AD2  strumv   60.00   1
/Users/lzj/bss/201601/20160130/d7418.0128.fits  0128      M67BA2  strumv   60.00   1
/Users/lzj/bss/201601/20160130/d7418.0129.fits  0129      M67BB2  strumv   60.00   1
/Users/lzj/bss/201601/20160130/d7418.0130.fits  0130      M67BC2  strumv   60.00   1
/Users/lzj/bss/201601/20160130/d7418.0131.fits  0131      M67BD2  strumv   60.00   1
/Users/lzj/bss/201601/20160130/d7418.0132.fits  0132      M67CA2  strumv   60.00   1
/Users/lzj/bss/201601/20160130/d7418.0133.fits  0133      M67CB2  strumv   60.00   1
/Users/lzj/bss/201601/20160130/d7418.0134.fits  0134      M67CC2  strumv   60.00   1
/Users/lzj/bss/201601/20160130/d7418.0135.fits  0135      M67CD2  strumv   60.00   1
/Users/lzj/bss/201601/20160130/d7418.0136.fits  0136      M67DA2  strumv   60.00   1
/Users/lzj/bss/201601/20160130/d7418.0137.fits  0137      M67DB2  strumv   60.00   1
/Users/lzj/bss/201601/20160130/d7418.0138.fits  0138      M67DC2  strumv   60.00   1
/Users/lzj/bss/201601/20160130/d7418.0139.fits  0139      M67DD2  strumv   60.00   1
/Users/lzj/bss/201601/20160130/d7418.0141.fits  0141       12385  strumu   60.00   1
/Users/lzj/bss/201601/20160130/d7418.0142.fits  0142       12386  strumu   60.00   1
/Users/lzj/bss/201601/20160130/d7418.0143.fits  0143       11315  strumu   60.00   1
/Users/lzj/bss/201601/20160130/d7418.0144.fits  0144       11316  strumu   60.00   1
/Users/lzj/bss/201601/20160130/d7418.0145.fits  0145       11317  strumu   60.00   1
/Users/lzj/bss/201601/20160130/d7418.0146.fits  0146       11318  strumu   60.00   1
/Users/lzj/bss/201601/20160130/d7418.0147.fits  0147       11319  strumu   60.00   1
/Users/lzj/bss/201601/20160130/d7418.0148.fits  0148       11320  strumu   60.00   1
/Users/lzj/bss/201601/20160130/d7418.0149.fits  0149       11321  strumu   60.00   1
/Users/lzj/bss/201601/20160130/d7418.0150.fits  0150       11322  strumu   60.00   1
/Users/lzj/bss/201601/20160130/d7418.0151.fits  0151       11323  strumu   60.00   1
/Users/lzj/bss/201601/20160130/d7418.0152.fits  0152       13426  strumu   60.00   1
/Users/lzj/bss/201601/20160130/d7418.0153.fits  0153       13427  strumu   60.00   1
/Users/lzj/bss/201601/20160130/d7418.0154.fits  0154       13428  strumu   60.00   1
/Users/lzj/bss/201601/20160130/d7418.0157.fits  0157       12385  strumv   60.00   1
/Users/lzj/bss/201601/20160130/d7418.0158.fits  0158       12386  strumv   60.00   1
/Users/lzj/bss/201601/20160130/d7418.0159.fits  0159       11315  strumv   60.00   1
/Users/lzj/bss/201601/20160130/d7418.0160.fits  0160       11316  strumv   60.00   1
/Users/lzj/bss/201601/20160130/d7418.0161.fits  0161       11317  strumv   60.00   1
/Users/lzj/bss/201601/20160130/d7418.0162.fits  0162       11318  strumv   60.00   1
/Users/lzj/bss/201601/20160130/d7418.0163.fits  0163       11319  strumv   60.00   1
/Users/lzj/bss/201601/20160130/d7418.0164.fits  0164       11320  strumv   60.00   1
/Users/lzj/bss/201601/20160130/d7418.0165.fits  0165       11321  strumv   60.00   1
/Users/lzj/bss/201601/20160130/d7418.0166.fits  0166       11322  strumv   60.00   1
/Users/lzj/bss/201601/20160130/d7418.0167.fits  0167       11323  strumv   60.00   1
/Users/lzj/bss/201601/20160130/d7418.0168.fits  0168       13426  strumv   60.00   1
/Users/lzj/bss/201601/20160130/d7418.0169.fits  0169       13427  strumv   60.00   1
/Users/lzj/bss/201601/20160130/d7418.0170.fits  0170       13428  strumv   60.00   1
/Users/lzj/bss/201601/20160130/d7418.0171.fits  0171       13769  strumu   60.00   1
/Users/lzj/bss/201601/20160130/d7418.0172.fits  0172       13770  strumu   60.00   1
/Users/lzj/bss/201601/20160130/d7418.0173.fits  0173       13771  strumu   60.00   1
/Users/lzj/bss/201601/20160130/d7418.0174.fits  0174       16376  strumu   60.00   1
/Users/lzj/bss/201601/20160130/d7418.0175.fits  0175       16377  strumu   60.00   1
/Users/lzj/bss/201601/20160130/d7418.0176.fits  0176       16378  strumu   60.00   1
/Users/lzj/bss/201601/20160130/d7418.0177.fits  0177       16379  strumu   60.00   1
/Users/lzj/bss/201601/20160130/d7418.0178.fits  0178       16380  strumu   60.00   1
/Users/lzj/bss/201601/20160130/d7418.0179.fits  0179       16381  strumu   60.00   1
/Users/lzj/bss/201601/20160130/d7418.0180.fits  0180       16382  strumu   60.00   1
/Users/lzj/bss/201601/20160130/d7418.0181.fits  0181       10601  strumu   60.00   1
/Users/lzj/bss/201601/20160130/d7418.0182.fits  0182       10602  strumu   60.00   1
/Users/lzj/bss/201601/20160130/d7418.0183.fits  0183       10603  strumu   60.00   1
/Users/lzj/bss/201601/20160130/d7418.0184.fits  0184       10604  strumu   60.00   1
/Users/lzj/bss/201601/20160130/d7418.0185.fits  0185       10605  strumu   60.00   1
