/Users/lzj/bss/201601/20160201/d7420.0031.fits  0031       12310    none   60.00   1
/Users/lzj/bss/201601/20160201/d7420.0032.fits  0032       12310  strumu   60.00   1
/Users/lzj/bss/201601/20160201/d7420.0033.fits  0033       12311  strumu   60.00   1
/Users/lzj/bss/201601/20160201/d7420.0036.fits  0036       10548  strumu   60.00   1
/Users/lzj/bss/201601/20160201/d7420.0037.fits  0037       10549  strumu   60.00   1
/Users/lzj/bss/201601/20160201/d7420.0038.fits  0038       10550  strumu   60.00   1
/Users/lzj/bss/201601/20160201/d7420.0039.fits  0039       10551  strumu   60.00   1
/Users/lzj/bss/201601/20160201/d7420.0040.fits  0040       10552  strumu   60.00   1
/Users/lzj/bss/201601/20160201/d7420.0041.fits  0041       10553  strumu   60.00   1
/Users/lzj/bss/201601/20160201/d7420.0042.fits  0042       10554  strumu   60.00   1
/Users/lzj/bss/201601/20160201/d7420.0043.fits  0043       10555  strumu   60.00   1
/Users/lzj/bss/201601/20160201/d7420.0044.fits  0044       10556  strumu   60.00   1
/Users/lzj/bss/201601/20160201/d7420.0045.fits  0045       10557  strumu   60.00   1
/Users/lzj/bss/201601/20160201/d7420.0046.fits  0046       10558  strumu   60.00   1
/Users/lzj/bss/201601/20160201/d7420.0047.fits  0047       10957  strumu   60.00   1
/Users/lzj/bss/201601/20160201/d7420.0052.fits  0052       11670  strumu   60.00   1
/Users/lzj/bss/201601/20160201/d7420.0053.fits  0053       11671  strumu   60.00   1
/Users/lzj/bss/201601/20160201/d7420.0054.fits  0054       11672  strumu   60.00   1
/Users/lzj/bss/201601/20160201/d7420.0055.fits  0055       11673  strumu   60.00   1
/Users/lzj/bss/201601/20160201/d7420.0056.fits  0056       11674  strumu   60.00   1
/Users/lzj/bss/201601/20160201/d7420.0057.fits  0057       11675  strumu   60.00   1
/Users/lzj/bss/201601/20160201/d7420.0058.fits  0058       11676  strumu   60.00   1
/Users/lzj/bss/201601/20160201/d7420.0059.fits  0059       12380  strumu   60.00   1
/Users/lzj/bss/201601/20160201/d7420.0060.fits  0060       12381  strumu   60.00   1
/Users/lzj/bss/201601/20160201/d7420.0061.fits  0061       12026  strumu   60.00   1
/Users/lzj/bss/201601/20160201/d7420.0062.fits  0062       12027  strumu   60.00   1
/Users/lzj/bss/201601/20160201/d7420.0063.fits  0063       12028  strumu   60.00   1
/Users/lzj/bss/201601/20160201/d7420.0064.fits  0064       12029  strumu   60.00   1
/Users/lzj/bss/201601/20160201/d7420.0065.fits  0065       12030  strumu   60.00   1
/Users/lzj/bss/201601/20160201/d7420.0066.fits  0066       12031  strumu   60.00   1
/Users/lzj/bss/201601/20160201/d7420.0067.fits  0067       12032  strumu   60.00   1
/Users/lzj/bss/201601/20160201/d7420.0068.fits  0068       12731  strumu   60.00   1
/Users/lzj/bss/201601/20160201/d7420.0069.fits  0069       12732  strumu   60.00   1
/Users/lzj/bss/201601/20160201/d7420.0070.fits  0070       13077  strumu   60.00   1
/Users/lzj/bss/201601/20160201/d7420.0071.fits  0071       13078  strumu   60.00   1
/Users/lzj/bss/201601/20160201/d7420.0072.fits  0072       13079  strumu   60.00   1
/Users/lzj/bss/201601/20160201/d7420.0073.fits  0073       13423  strumu   60.00   1
/Users/lzj/bss/201601/20160201/d7420.0074.fits  0074       13424  strumu   60.00   1
/Users/lzj/bss/201601/20160201/d7420.0075.fits  0075       13425  strumu   60.00   1
/Users/lzj/bss/201601/20160201/d7420.0076.fits  0076       13429  strumu   60.00   1
/Users/lzj/bss/201601/20160201/d7420.0077.fits  0077       14104  strumu   60.00   1
/Users/lzj/bss/201601/20160201/d7420.0078.fits  0078       14105  strumu   60.00   1
/Users/lzj/bss/201601/20160201/d7420.0079.fits  0079       14106  strumu   60.00   1
/Users/lzj/bss/201601/20160201/d7420.0080.fits  0080       14107  strumu   60.00   1
/Users/lzj/bss/201601/20160201/d7420.0081.fits  0081       14108  strumu   60.00   1
/Users/lzj/bss/201601/20160201/d7420.0082.fits  0082       14109  strumu   60.00   1
/Users/lzj/bss/201601/20160201/d7420.0083.fits  0083       14110  strumu   60.00   1
/Users/lzj/bss/201601/20160201/d7420.0084.fits  0084       11677  strumu   60.00   1
/Users/lzj/bss/201601/20160201/d7420.0085.fits  0085       11678  strumu   60.00   1
/Users/lzj/bss/201601/20160201/d7420.0086.fits  0086       11679  strumu   60.00   1
/Users/lzj/bss/201601/20160201/d7420.0087.fits  0087       11680  strumu   60.00   1
/Users/lzj/bss/201601/20160201/d7420.0088.fits  0088       11681  strumu   60.00   1
/Users/lzj/bss/201601/20160201/d7420.0089.fits  0089       11682  strumu   60.00   1
/Users/lzj/bss/201601/20160201/d7420.0091.fits  0091       11677  strumv   60.00   1
/Users/lzj/bss/201601/20160201/d7420.0092.fits  0092       11678  strumv   60.00   1
/Users/lzj/bss/201601/20160201/d7420.0093.fits  0093       11679  strumv   60.00   1
/Users/lzj/bss/201601/20160201/d7420.0094.fits  0094       11680  strumv   60.00   1
/Users/lzj/bss/201601/20160201/d7420.0095.fits  0095       11681  strumv   60.00   1
/Users/lzj/bss/201601/20160201/d7420.0096.fits  0096       11682  strumv   60.00   1
/Users/lzj/bss/201601/20160201/d7420.0097.fits  0097       12033  strumu   60.00   1
/Users/lzj/bss/201601/20160201/d7420.0098.fits  0098       12034  strumu   60.00   1
/Users/lzj/bss/201601/20160201/d7420.0100.fits  0100       12033  strumu   60.00   1
/Users/lzj/bss/201601/20160201/d7420.0101.fits  0101       12034  strumu   60.00   1
/Users/lzj/bss/201601/20160201/d7420.0102.fits  0102       12035  strumu   60.00   1
/Users/lzj/bss/201601/20160201/d7420.0103.fits  0103       12036  strumu   60.00   1
/Users/lzj/bss/201601/20160201/d7420.0104.fits  0104       12037  strumu   60.00   1
/Users/lzj/bss/201601/20160201/d7420.0105.fits  0105       12038  strumu   60.00   1
/Users/lzj/bss/201601/20160201/d7420.0106.fits  0106       12039  strumu   60.00   1
/Users/lzj/bss/201601/20160201/d7420.0107.fits  0107       10950  strumu   60.00   1
/Users/lzj/bss/201601/20160201/d7420.0108.fits  0108       10951  strumu   60.00   1
/Users/lzj/bss/201601/20160201/d7420.0109.fits  0109       10952  strumu   60.00   1
/Users/lzj/bss/201601/20160201/d7420.0110.fits  0110       10953  strumu   60.00   1
/Users/lzj/bss/201601/20160201/d7420.0111.fits  0111       10954  strumu   60.00   1
/Users/lzj/bss/201601/20160201/d7420.0112.fits  0112       10955  strumu   60.00   1
/Users/lzj/bss/201601/20160201/d7420.0113.fits  0113       10956  strumu   60.00   1
/Users/lzj/bss/201601/20160201/d7420.0114.fits  0114       10964  strumu   60.00   1
/Users/lzj/bss/201601/20160201/d7420.0115.fits  0115       10965  strumu   60.00   1
/Users/lzj/bss/201601/20160201/d7420.0116.fits  0116       10966  strumu   60.00   1
/Users/lzj/bss/201601/20160201/d7420.0117.fits  0117       10967  strumu   60.00   1
/Users/lzj/bss/201601/20160201/d7420.0118.fits  0118       10968  strumu   60.00   1
/Users/lzj/bss/201601/20160201/d7420.0119.fits  0119       10969  strumu   60.00   1
/Users/lzj/bss/201601/20160201/d7420.0120.fits  0120       10970  strumu   60.00   1
/Users/lzj/bss/201601/20160201/d7420.0121.fits  0121       11325  strumu   60.00   1
/Users/lzj/bss/201601/20160201/d7420.0122.fits  0122       11326  strumu   60.00   1
/Users/lzj/bss/201601/20160201/d7420.0123.fits  0123       11327  strumu   60.00   1
/Users/lzj/bss/201601/20160201/d7420.0124.fits  0124       11328  strumu   60.00   1
/Users/lzj/bss/201601/20160201/d7420.0125.fits  0125       11329  strumu   60.00   1
/Users/lzj/bss/201601/20160201/d7420.0126.fits  0126       11330  strumu   60.00   1
/Users/lzj/bss/201601/20160201/d7420.0127.fits  0127       11331  strumu   60.00   1
/Users/lzj/bss/201601/20160201/d7420.0128.fits  0128       11332  strumu   60.00   1
/Users/lzj/bss/201601/20160201/d7420.0129.fits  0129       11333  strumu   60.00   1
/Users/lzj/bss/201601/20160201/d7420.0130.fits  0130       11334  strumu   60.00   1
/Users/lzj/bss/201601/20160201/d7420.0131.fits  0131       11335  strumu   60.00   1
/Users/lzj/bss/201601/20160201/d7420.0132.fits  0132       11336  strumu   60.00   1
/Users/lzj/bss/201601/20160201/d7420.0133.fits  0133       11337  strumu   60.00   1
/Users/lzj/bss/201601/20160201/d7420.0134.fits  0134       11338  strumu   60.00   1
