0032 object   116        strumu    60.0   0.00000  +0.00000 /data/raw/bok/u/201603B/J7478/good/d7478.0032.fits
0033 object   117        strumu    60.0   0.00000  +0.00000 /data/raw/bok/u/201603B/J7478/good/d7478.0033.fits
0034 object   118        strumu    60.0   0.00000  +0.00000 /data/raw/bok/u/201603B/J7478/good/d7478.0034.fits
0035 object   119        strumu    60.0   0.00000  +0.00000 /data/raw/bok/u/201603B/J7478/good/d7478.0035.fits
0036 object   120        strumu    60.0   0.00000  +0.00000 /data/raw/bok/u/201603B/J7478/good/d7478.0036.fits
0037 object   121        strumu    60.0   0.00000  +0.00000 /data/raw/bok/u/201603B/J7478/good/d7478.0037.fits
0038 object   122        strumu    60.0   0.00000  +0.00000 /data/raw/bok/u/201603B/J7478/good/d7478.0038.fits
0039 object   510        strumu    60.0   0.00000  +0.00000 /data/raw/bok/u/201603B/J7478/good/d7478.0039.fits
0040 object   511        strumu    60.0   0.00000  +0.00000 /data/raw/bok/u/201603B/J7478/good/d7478.0040.fits
0041 object   512        strumu    60.0   0.00000  +0.00000 /data/raw/bok/u/201603B/J7478/good/d7478.0041.fits
0042 object   117        strumu    60.0   0.00000  +0.00000 /data/raw/bok/u/201603B/J7478/good/d7478.0042.fits
0043 object   118        strumu    60.0   0.00000  +0.00000 /data/raw/bok/u/201603B/J7478/good/d7478.0043.fits
0044 object   119        strumu    60.0   0.00000  +0.00000 /data/raw/bok/u/201603B/J7478/good/d7478.0044.fits
0045 object   120        strumu    60.0   0.00000  +0.00000 /data/raw/bok/u/201603B/J7478/good/d7478.0045.fits
0046 object   120        strumu    60.0   0.00000  +0.00000 /data/raw/bok/u/201603B/J7478/good/d7478.0046.fits
0047 object   121        strumu    60.0 118.87208  -1.09997 /data/raw/bok/u/201603B/J7478/good/d7478.0047.fits
0048 object   122        strumu    60.0 119.67188  -1.10000 /data/raw/bok/u/201603B/J7478/good/d7478.0048.fits
0049 object   510        strumu    60.0 114.85183  -0.29997 /data/raw/bok/u/201603B/J7478/good/d7478.0049.fits
0051 object   511        strumu    60.0 115.65162  -0.29994 /data/raw/bok/u/201603B/J7478/good/d7478.0051.fits
0052 object   512        strumu    60.0 116.45154  -0.30003 /data/raw/bok/u/201603B/J7478/good/d7478.0052.fits
0053 object   513        strumu    60.0 117.25162  -0.30003 /data/raw/bok/u/201603B/J7478/good/d7478.0053.fits
0054 object   514        strumu    60.0 118.05175  -0.30000 /data/raw/bok/u/201603B/J7478/good/d7478.0054.fits
0055 object   515        strumu    60.0 118.85154  -0.30003 /data/raw/bok/u/201603B/J7478/good/d7478.0055.fits
0056 object   516        strumu    60.0 119.65142  -0.30000 /data/raw/bok/u/201603B/J7478/good/d7478.0056.fits
0057 object   123        strumu    60.0 120.47204  -1.09994 /data/raw/bok/u/201603B/J7478/good/d7478.0057.fits
0058 object   124        strumu    60.0 121.27229  -1.10000 /data/raw/bok/u/201603B/J7478/good/d7478.0058.fits
0059 object   125        strumu    60.0 122.07217  -1.10000 /data/raw/bok/u/201603B/J7478/good/d7478.0059.fits
0060 object   126        strumu    60.0 122.87242  -1.10000 /data/raw/bok/u/201603B/J7478/good/d7478.0060.fits
0061 object   127        strumu    60.0 123.67292  -1.10006 /data/raw/bok/u/201603B/J7478/good/d7478.0061.fits
0062 object   128        strumu    60.0 124.47279  -1.10003 /data/raw/bok/u/201603B/J7478/good/d7478.0062.fits
0063 object   129        strumu    60.0 125.27283  -1.10003 /data/raw/bok/u/201603B/J7478/good/d7478.0063.fits
0064 object   517        strumu    60.0 120.45183  -0.29997 /data/raw/bok/u/201603B/J7478/good/d7478.0064.fits
0065 object   518        strumu    60.0 121.25167  -0.30000 /data/raw/bok/u/201603B/J7478/good/d7478.0065.fits
0066 object   519        strumu    60.0 122.05137  -0.30000 /data/raw/bok/u/201603B/J7478/good/d7478.0066.fits
0067 object   520        strumu    60.0 122.85158  -0.30003 /data/raw/bok/u/201603B/J7478/good/d7478.0067.fits
0068 object   521        strumu    60.0 123.65137  -0.30003 /data/raw/bok/u/201603B/J7478/good/d7478.0068.fits
0069 object   522        strumu    60.0 124.45175  -0.30003 /data/raw/bok/u/201603B/J7478/good/d7478.0069.fits
0070 object   523        strumu    60.0 125.25142  -0.30003 /data/raw/bok/u/201603B/J7478/good/d7478.0070.fits
0071 object   130        strumu    60.0 126.07329  -1.09994 /data/raw/bok/u/201603B/J7478/good/d7478.0071.fits
0072 object   131        strumu    60.0 126.87325  -1.10003 /data/raw/bok/u/201603B/J7478/good/d7478.0072.fits
0073 object   132        strumu    60.0 127.67333  -1.10003 /data/raw/bok/u/201603B/J7478/good/d7478.0073.fits
0074 object   133        strumu    60.0 128.47350  -1.10003 /data/raw/bok/u/201603B/J7478/good/d7478.0074.fits
0075 object   134        strumu    60.0 129.27342  -1.10003 /data/raw/bok/u/201603B/J7478/good/d7478.0075.fits
0076 object   135        strumu    60.0 130.07413  -1.10000 /data/raw/bok/u/201603B/J7478/good/d7478.0076.fits
0077 object   136        strumu    60.0 130.87417  -1.10000 /data/raw/bok/u/201603B/J7478/good/d7478.0077.fits
0082 object   525        strumu    60.0 126.85162  -0.30000 /data/raw/bok/u/201603B/J7478/good/d7478.0082.fits
0083 object   526        strumu    60.0 127.65171  -0.30003 /data/raw/bok/u/201603B/J7478/good/d7478.0083.fits
0084 object   527        strumu    60.0 128.45158  -0.29997 /data/raw/bok/u/201603B/J7478/good/d7478.0084.fits
0085 object   528        strumu    60.0 129.25158  -0.30003 /data/raw/bok/u/201603B/J7478/good/d7478.0085.fits
0086 object   529        strumu    60.0 130.05137  -0.30003 /data/raw/bok/u/201603B/J7478/good/d7478.0086.fits
0087 object   530        strumu    60.0 130.85162  -0.30006 /data/raw/bok/u/201603B/J7478/good/d7478.0087.fits
0088 object   137        strumu    60.0 131.67408  -1.09981 /data/raw/bok/u/201603B/J7478/good/d7478.0088.fits
0089 object   138        strumu    60.0 132.47463  -1.10000 /data/raw/bok/u/201603B/J7478/good/d7478.0089.fits
0090 object   139        strumu    60.0 133.27462  -1.10003 /data/raw/bok/u/201603B/J7478/good/d7478.0090.fits
0091 object   140        strumu    60.0 134.07438  -1.10000 /data/raw/bok/u/201603B/J7478/good/d7478.0091.fits
0092 object   141        strumu    60.0 134.87508  -1.10003 /data/raw/bok/u/201603B/J7478/good/d7478.0092.fits
0093 object   142        strumu    60.0 135.67508  -1.10003 /data/raw/bok/u/201603B/J7478/good/d7478.0093.fits
0094 object   143        strumu    60.0 136.47500  -1.10003 /data/raw/bok/u/201603B/J7478/good/d7478.0094.fits
0095 object   531        strumu    60.0 131.65163  -0.29994 /data/raw/bok/u/201603B/J7478/good/d7478.0095.fits
0096 object   532        strumu    60.0 132.45171  -0.30003 /data/raw/bok/u/201603B/J7478/good/d7478.0096.fits
0097 object   533        strumu    60.0 133.25175  -0.30000 /data/raw/bok/u/201603B/J7478/good/d7478.0097.fits
0098 object   534        strumu    60.0 134.05158  -0.30000 /data/raw/bok/u/201603B/J7478/good/d7478.0098.fits
0099 object   535        strumu    60.0 134.85137  -0.30003 /data/raw/bok/u/201603B/J7478/good/d7478.0099.fits
0100 object   536        strumu    60.0 135.65171  -0.30006 /data/raw/bok/u/201603B/J7478/good/d7478.0100.fits
0101 object   537        strumu    60.0 136.45146  -0.30000 /data/raw/bok/u/201603B/J7478/good/d7478.0101.fits
0102 object   144        strumu    60.0 137.27542  -1.09986 /data/raw/bok/u/201603B/J7478/good/d7478.0102.fits
0103 object   145        strumu    60.0 138.07537  -1.10003 /data/raw/bok/u/201603B/J7478/good/d7478.0103.fits
0104 object   146        strumu    60.0 138.87517  -1.10000 /data/raw/bok/u/201603B/J7478/good/d7478.0104.fits
0105 object   147        strumu    60.0 139.67558  -1.10000 /data/raw/bok/u/201603B/J7478/good/d7478.0105.fits
0106 object   148        strumu    60.0 140.47575  -1.10000 /data/raw/bok/u/201603B/J7478/good/d7478.0106.fits
0107 object   149        strumu    60.0 141.27562  -1.10003 /data/raw/bok/u/201603B/J7478/good/d7478.0107.fits
0108 object   150        strumu    60.0 142.07608  -1.10003 /data/raw/bok/u/201603B/J7478/good/d7478.0108.fits
0110 object   158        strumu    60.0 148.47742  -1.09997 /data/raw/bok/u/201603B/J7478/good/d7478.0110.fits
0111 object   159        strumu    60.0 149.27750  -1.10003 /data/raw/bok/u/201603B/J7478/good/d7478.0111.fits
0112 object   160        strumu    60.0 150.07729  -1.10003 /data/raw/bok/u/201603B/J7478/good/d7478.0112.fits
0113 object   161        strumu    60.0 150.87788  -1.09997 /data/raw/bok/u/201603B/J7478/good/d7478.0113.fits
0114 object   162        strumu    60.0 151.67783  -1.10003 /data/raw/bok/u/201603B/J7478/good/d7478.0114.fits
0115 object   163        strumu    60.0 152.47775  -1.09994 /data/raw/bok/u/201603B/J7478/good/d7478.0115.fits
0116 object   164        strumu    60.0 153.27838  -1.10000 /data/raw/bok/u/201603B/J7478/good/d7478.0116.fits
0117 object   552        strumu    60.0 148.45212  -0.29997 /data/raw/bok/u/201603B/J7478/good/d7478.0117.fits
0118 object   553        strumu    60.0 149.25192  -0.30003 /data/raw/bok/u/201603B/J7478/good/d7478.0118.fits
0119 object   554        strumu    60.0 150.05179  -0.30003 /data/raw/bok/u/201603B/J7478/good/d7478.0119.fits
0120 object   555        strumu    60.0 150.85208  -0.30000 /data/raw/bok/u/201603B/J7478/good/d7478.0120.fits
0121 object   556        strumu    60.0 151.65200  -0.30003 /data/raw/bok/u/201603B/J7478/good/d7478.0121.fits
0122 object   557        strumu    60.0 152.45208  -0.30003 /data/raw/bok/u/201603B/J7478/good/d7478.0122.fits
0123 object   558        strumu    60.0 153.25204  -0.30003 /data/raw/bok/u/201603B/J7478/good/d7478.0123.fits
0124 object   559        strumu    60.0 154.05179  -0.30000 /data/raw/bok/u/201603B/J7478/good/d7478.0124.fits
0125 object   560        strumu    60.0 154.85208  -0.30000 /data/raw/bok/u/201603B/J7478/good/d7478.0125.fits
0126 object   561        strumu    60.0 155.65204  -0.30003 /data/raw/bok/u/201603B/J7478/good/d7478.0126.fits
0127 object   562        strumu    60.0 156.45212  -0.30003 /data/raw/bok/u/201603B/J7478/good/d7478.0127.fits
0128 object   563        strumu    60.0 157.25217  -0.30003 /data/raw/bok/u/201603B/J7478/good/d7478.0128.fits
0129 object   564        strumu    60.0 158.05187  -0.30000 /data/raw/bok/u/201603B/J7478/good/d7478.0129.fits
0130 object   565        strumu    60.0 158.85208  -0.30003 /data/raw/bok/u/201603B/J7478/good/d7478.0130.fits
0131 object   165        strumu    60.0 154.07837  -1.09994 /data/raw/bok/u/201603B/J7478/good/d7478.0131.fits
0132 object   166        strumu    60.0 154.87842  -1.10003 /data/raw/bok/u/201603B/J7478/good/d7478.0132.fits
0133 object   167        strumu    60.0 155.67854  -1.10003 /data/raw/bok/u/201603B/J7478/good/d7478.0133.fits
0134 object   168        strumu    60.0 156.47871  -1.10000 /data/raw/bok/u/201603B/J7478/good/d7478.0134.fits
0135 object   169        strumu    60.0 157.27908  -1.10000 /data/raw/bok/u/201603B/J7478/good/d7478.0135.fits
0136 object   170        strumu    60.0 158.07925  -1.10000 /data/raw/bok/u/201603B/J7478/good/d7478.0136.fits
0137 object   171        strumu    60.0 158.87908  -1.10003 /data/raw/bok/u/201603B/J7478/good/d7478.0137.fits
0138 object   566        strumu    60.0 159.65212  -0.30011 /data/raw/bok/u/201603B/J7478/good/d7478.0138.fits
0139 object   567        strumu    60.0 160.45183  -0.30003 /data/raw/bok/u/201603B/J7478/good/d7478.0139.fits
0141 object   186        strumu    60.0 170.88167  -1.09994 /data/raw/bok/u/201603B/J7478/good/d7478.0141.fits
0142 object   187        strumu    60.0 171.68167  -1.09994 /data/raw/bok/u/201603B/J7478/good/d7478.0142.fits
0143 object   188        strumu    60.0 172.48158  -1.09994 /data/raw/bok/u/201603B/J7478/good/d7478.0143.fits
0144 object   189        strumu    60.0 173.28217  -1.10000 /data/raw/bok/u/201603B/J7478/good/d7478.0144.fits
0149 object   190        strumu    60.0 174.08183  -1.09994 /data/raw/bok/u/201603B/J7478/good/d7478.0149.fits
0150 object   191        strumu    60.0 174.88213  -1.09997 /data/raw/bok/u/201603B/J7478/good/d7478.0150.fits
0151 object   192        strumu    60.0 175.68246  -1.09997 /data/raw/bok/u/201603B/J7478/good/d7478.0151.fits
0152 object   587        strumu    60.0 176.45242  -0.30014 /data/raw/bok/u/201603B/J7478/good/d7478.0152.fits
0153 object   588        strumu    60.0 177.25242  -0.29997 /data/raw/bok/u/201603B/J7478/good/d7478.0153.fits
0154 object   589        strumu    60.0 178.05242  -0.29994 /data/raw/bok/u/201603B/J7478/good/d7478.0154.fits
0155 object   590        strumu    60.0 178.85250  -0.29997 /data/raw/bok/u/201603B/J7478/good/d7478.0155.fits
0156 object   591        strumu    60.0 179.65242  -0.29997 /data/raw/bok/u/201603B/J7478/good/d7478.0156.fits
0157 object   979        strumu    60.0 175.65667  +0.50000 /data/raw/bok/u/201603B/J7478/good/d7478.0157.fits
0158 object   980        strumu    60.0 176.45663  +0.50000 /data/raw/bok/u/201603B/J7478/good/d7478.0158.fits
0159 object   981        strumu    60.0 177.25646  +0.50003 /data/raw/bok/u/201603B/J7478/good/d7478.0159.fits
0160 object   982        strumu    60.0 178.05675  +0.50003 /data/raw/bok/u/201603B/J7478/good/d7478.0160.fits
0161 object   983        strumu    60.0 178.85658  +0.50000 /data/raw/bok/u/201603B/J7478/good/d7478.0161.fits
0162 object   984        strumu    60.0 179.65642  +0.50003 /data/raw/bok/u/201603B/J7478/good/d7478.0162.fits
0163 object   193        strumu    60.0 176.48271  -1.10000 /data/raw/bok/u/201603B/J7478/good/d7478.0163.fits
0164 object   194        strumu    60.0 177.28246  -1.09994 /data/raw/bok/u/201603B/J7478/good/d7478.0164.fits
0165 object   195        strumu    60.0 178.08283  -1.09992 /data/raw/bok/u/201603B/J7478/good/d7478.0165.fits
0166 object   196        strumu    60.0 178.88279  -1.09994 /data/raw/bok/u/201603B/J7478/good/d7478.0166.fits
0167 object   197        strumu    60.0 179.68333  -1.09994 /data/raw/bok/u/201603B/J7478/good/d7478.0167.fits
0168 object   1758       strumu    60.0 169.36379  +2.10000 /data/raw/bok/u/201603B/J7478/good/d7478.0168.fits
0169 object   1759       strumu    60.0 170.16383  +2.09994 /data/raw/bok/u/201603B/J7478/good/d7478.0169.fits
0170 object   1760       strumu    60.0 170.96504  +2.09997 /data/raw/bok/u/201603B/J7478/good/d7478.0170.fits
0171 object   1761       strumu    60.0 171.76504  +2.10000 /data/raw/bok/u/201603B/J7478/good/d7478.0171.fits
0172 object   1762       strumu    60.0 172.56575  +2.09997 /data/raw/bok/u/201603B/J7478/good/d7478.0172.fits
0173 object   1763       strumu    60.0 173.36604  +2.10000 /data/raw/bok/u/201603B/J7478/good/d7478.0173.fits
0174 object   1764       strumu    60.0 174.16692  +2.10000 /data/raw/bok/u/201603B/J7478/good/d7478.0174.fits
0175 object   1765       strumu    60.0 174.96746  +2.10003 /data/raw/bok/u/201603B/J7478/good/d7478.0175.fits
0176 object   1766       strumu    60.0 175.76771  +2.10000 /data/raw/bok/u/201603B/J7478/good/d7478.0176.fits
0177 object   1767       strumu    60.0 176.56867  +2.10000 /data/raw/bok/u/201603B/J7478/good/d7478.0177.fits
0178 object   1768       strumu    60.0 177.36912  +2.10000 /data/raw/bok/u/201603B/J7478/good/d7478.0178.fits
0179 object   1769       strumu    60.0 178.16946  +2.10003 /data/raw/bok/u/201603B/J7478/good/d7478.0179.fits
0180 object   1770       strumu    60.0 178.97004  +2.10003 /data/raw/bok/u/201603B/J7478/good/d7478.0180.fits
0181 object   1771       strumu    60.0 179.77075  +2.10003 /data/raw/bok/u/201603B/J7478/good/d7478.0181.fits
0182 object   2945       strumu    60.0 173.78583  +4.50000 /data/raw/bok/u/201603B/J7478/good/d7478.0182.fits
0183 object   2946       strumu    60.0 174.58804  +4.50003 /data/raw/bok/u/201603B/J7478/good/d7478.0183.fits
0184 object   2947       strumu    60.0 175.39075  +4.50000 /data/raw/bok/u/201603B/J7478/good/d7478.0184.fits
0185 object   2948       strumu    60.0 176.19321  +4.50000 /data/raw/bok/u/201603B/J7478/good/d7478.0185.fits
0186 object   2949       strumu    60.0 176.99554  +4.50000 /data/raw/bok/u/201603B/J7478/good/d7478.0186.fits
0187 object   2950       strumu    60.0 177.79796  +4.50000 /data/raw/bok/u/201603B/J7478/good/d7478.0187.fits
0188 object   2951       strumu    60.0 178.60033  +4.50003 /data/raw/bok/u/201603B/J7478/good/d7478.0188.fits
0189 object   2552       strumu    60.0 174.41333  +3.69994 /data/raw/bok/u/201603B/J7478/good/d7478.0189.fits
0190 object   2553       strumu    60.0 175.21546  +3.70003 /data/raw/bok/u/201603B/J7478/good/d7478.0190.fits
0191 object   2554       strumu    60.0 176.01696  +3.70006 /data/raw/bok/u/201603B/J7478/good/d7478.0191.fits
0192 object   2555       strumu    60.0 176.81854  +3.70003 /data/raw/bok/u/201603B/J7478/good/d7478.0192.fits
0193 object   2556       strumu    60.0 177.62033  +3.70003 /data/raw/bok/u/201603B/J7478/good/d7478.0193.fits
0194 object   2557       strumu    60.0 178.42196  +3.70003 /data/raw/bok/u/201603B/J7478/good/d7478.0194.fits
0195 object   2558       strumu    60.0 179.22379  +3.70003 /data/raw/bok/u/201603B/J7478/good/d7478.0195.fits
0196 object   4127       strumu    60.0 178.54329  +6.89983 /data/raw/bok/u/201603B/J7478/good/d7478.0196.fits
0197 object   4128       strumu    60.0 179.34913  +6.90000 /data/raw/bok/u/201603B/J7478/good/d7478.0197.fits
0198 object   4905       strumu    60.0 178.40946  +8.49983 /data/raw/bok/u/201603B/J7478/good/d7478.0198.fits
0199 object   4906       strumu    60.0 179.21867  +8.50000 /data/raw/bok/u/201603B/J7478/good/d7478.0199.fits
0209 object   654        strumu    60.0 230.05342  -0.30008 /data/raw/bok/u/201603B/J7478/good/d7478.0209.fits
0211 object   654        strumu    60.0 230.05308  -0.30008 /data/raw/bok/u/201603B/J7478/good/d7478.0211.fits
0212 object   260        strumu    60.0 230.09233  -1.09981 /data/raw/bok/u/201603B/J7478/good/d7478.0212.fits
0213 object   655        strumu    60.0 230.85325  -0.30008 /data/raw/bok/u/201603B/J7478/good/d7478.0213.fits
0214 object   261        strumu    60.0 230.89246  -1.09975 /data/raw/bok/u/201603B/J7478/good/d7478.0214.fits
0215 object   656        strumu    60.0 231.65321  -0.30014 /data/raw/bok/u/201603B/J7478/good/d7478.0215.fits
0216 object   262        strumu    60.0 231.69229  -1.09981 /data/raw/bok/u/201603B/J7478/good/d7478.0216.fits
0217 object   657        strumu    60.0 232.45333  -0.30014 /data/raw/bok/u/201603B/J7478/good/d7478.0217.fits
0218 object   263        strumu    60.0 232.49287  -1.09994 /data/raw/bok/u/201603B/J7478/good/d7478.0218.fits
0219 object   658        strumu    60.0 233.25329  -0.30014 /data/raw/bok/u/201603B/J7478/good/d7478.0219.fits
0220 object   264        strumu    60.0 233.29283  -1.09981 /data/raw/bok/u/201603B/J7478/good/d7478.0220.fits
0221 object   659        strumu    60.0 234.05325  -0.30008 /data/raw/bok/u/201603B/J7478/good/d7478.0221.fits
0222 object   265        strumu    60.0 234.09329  -1.09989 /data/raw/bok/u/201603B/J7478/good/d7478.0222.fits
0223 object   660        strumu    60.0 234.85325  -0.30008 /data/raw/bok/u/201603B/J7478/good/d7478.0223.fits
0224 object   266        strumu    60.0 234.89317  -1.09992 /data/raw/bok/u/201603B/J7478/good/d7478.0224.fits
0225 object   661        strumu    60.0 235.65321  -0.30008 /data/raw/bok/u/201603B/J7478/good/d7478.0225.fits
0226 object   267        strumu    60.0 235.69325  -1.09989 /data/raw/bok/u/201603B/J7478/good/d7478.0226.fits
0227 object   662        strumu    60.0 236.45325  -0.30008 /data/raw/bok/u/201603B/J7478/good/d7478.0227.fits
0228 object   268        strumu    60.0 236.49367  -1.09975 /data/raw/bok/u/201603B/J7478/good/d7478.0228.fits
0229 object   663        strumu    60.0 237.25321  -0.30011 /data/raw/bok/u/201603B/J7478/good/d7478.0229.fits
0230 object   269        strumu    60.0 237.29358  -1.09994 /data/raw/bok/u/201603B/J7478/good/d7478.0230.fits
0231 object   664        strumu    60.0 238.05325  -0.30011 /data/raw/bok/u/201603B/J7478/good/d7478.0231.fits
0232 object   270        strumu    60.0 238.09354  -1.09994 /data/raw/bok/u/201603B/J7478/good/d7478.0232.fits
0233 object   665        strumu    60.0 238.85313  -0.30011 /data/raw/bok/u/201603B/J7478/good/d7478.0233.fits
0234 object   271        strumu    60.0 238.89404  -1.09983 /data/raw/bok/u/201603B/J7478/good/d7478.0234.fits
0235 object   666        strumu    60.0 239.65325  -0.30019 /data/raw/bok/u/201603B/J7478/good/d7478.0235.fits
0236 object   272        strumu    60.0 239.69404  -1.09994 /data/raw/bok/u/201603B/J7478/good/d7478.0236.fits
0237 object   667        strumu    60.0 240.45325  -0.30014 /data/raw/bok/u/201603B/J7478/good/d7478.0237.fits
0238 object   273        strumu    60.0 240.49408  -1.09992 /data/raw/bok/u/201603B/J7478/good/d7478.0238.fits
0239 object   668        strumu    60.0 241.25321  -0.30006 /data/raw/bok/u/201603B/J7478/good/d7478.0239.fits
0240 object   274        strumu    60.0 241.29437  -1.09992 /data/raw/bok/u/201603B/J7478/good/d7478.0240.fits
0241 object   669        strumu    60.0 242.05321  -0.30008 /data/raw/bok/u/201603B/J7478/good/d7478.0241.fits
0242 object   275        strumu    60.0 242.09446  -1.09983 /data/raw/bok/u/201603B/J7478/good/d7478.0242.fits
0243 object   670        strumu    60.0 242.85325  -0.30011 /data/raw/bok/u/201603B/J7478/good/d7478.0243.fits
0244 object   276        strumu    60.0 242.89446  -1.09978 /data/raw/bok/u/201603B/J7478/good/d7478.0244.fits
0245 object   671        strumu    60.0 243.65321  -0.30006 /data/raw/bok/u/201603B/J7478/good/d7478.0245.fits
0246 object   277        strumu    60.0 243.69488  -1.09981 /data/raw/bok/u/201603B/J7478/good/d7478.0246.fits
0247 object   672        strumu    60.0 244.45337  -0.30008 /data/raw/bok/u/201603B/J7478/good/d7478.0247.fits
0248 object   278        strumu    60.0 244.49483  -1.09981 /data/raw/bok/u/201603B/J7478/good/d7478.0248.fits
0249 object   673        strumu    60.0 245.25317  -0.30008 /data/raw/bok/u/201603B/J7478/good/d7478.0249.fits
0250 object   279        strumu    60.0 245.29533  -1.09986 /data/raw/bok/u/201603B/J7478/good/d7478.0250.fits
0251 object   674        strumu    60.0 246.05333  -0.30011 /data/raw/bok/u/201603B/J7478/good/d7478.0251.fits
0252 object   280        strumu    60.0 246.09537  -1.09994 /data/raw/bok/u/201603B/J7478/good/d7478.0252.fits
0253 object   675        strumu    60.0 246.85333  -0.30017 /data/raw/bok/u/201603B/J7478/good/d7478.0253.fits
0254 object   281        strumu    60.0 246.89529  -1.09975 /data/raw/bok/u/201603B/J7478/good/d7478.0254.fits
0255 object   676        strumu    60.0 247.65329  -0.30006 /data/raw/bok/u/201603B/J7478/good/d7478.0255.fits
0256 object   282        strumu    60.0 247.69558  -1.09978 /data/raw/bok/u/201603B/J7478/good/d7478.0256.fits
0257 object   677        strumu    60.0 248.45321  -0.30011 /data/raw/bok/u/201603B/J7478/good/d7478.0257.fits
0258 object   283        strumu    60.0 248.49567  -1.09981 /data/raw/bok/u/201603B/J7478/good/d7478.0258.fits
0263 object   678        strumu    60.0 249.25338  -0.30017 /data/raw/bok/u/201603B/J7478/good/d7478.0263.fits
0264 object   284        strumu    60.0 249.29583  -1.09997 /data/raw/bok/u/201603B/J7478/good/d7478.0264.fits
0265 object   679        strumu    60.0 250.05329  -0.30008 /data/raw/bok/u/201603B/J7478/good/d7478.0265.fits
0266 object   285        strumu    60.0 250.09613  -1.09975 /data/raw/bok/u/201603B/J7478/good/d7478.0266.fits
0267 object   680        strumu    60.0 250.85333  -0.30006 /data/raw/bok/u/201603B/J7478/good/d7478.0267.fits
0268 object   286        strumu    60.0 250.89625  -1.09972 /data/raw/bok/u/201603B/J7478/good/d7478.0268.fits
0269 object   681        strumu    60.0 251.65329  -0.30008 /data/raw/bok/u/201603B/J7478/good/d7478.0269.fits
0270 object   287        strumu    60.0 251.69621  -1.09986 /data/raw/bok/u/201603B/J7478/good/d7478.0270.fits
0271 object   682        strumu    60.0 252.45337  -0.30014 /data/raw/bok/u/201603B/J7478/good/d7478.0271.fits
0272 object   288        strumu    60.0 252.49662  -1.09997 /data/raw/bok/u/201603B/J7478/good/d7478.0272.fits
0273 object   683        strumu    60.0 253.25333  -0.30019 /data/raw/bok/u/201603B/J7478/good/d7478.0273.fits
0274 object   289        strumu    60.0 253.29650  -1.09981 /data/raw/bok/u/201603B/J7478/good/d7478.0274.fits
0275 object   684        strumu    60.0 254.05329  -0.30011 /data/raw/bok/u/201603B/J7478/good/d7478.0275.fits
0276 object   290        strumu    60.0 254.09654  -1.09981 /data/raw/bok/u/201603B/J7478/good/d7478.0276.fits
0277 object   685        strumu    60.0 254.85333  -0.30014 /data/raw/bok/u/201603B/J7478/good/d7478.0277.fits
0278 object   291        strumu    60.0 254.89704  -1.09994 /data/raw/bok/u/201603B/J7478/good/d7478.0278.fits
0279 object   686        strumu    60.0 255.65342  -0.30008 /data/raw/bok/u/201603B/J7478/good/d7478.0279.fits
0280 object   292        strumu    60.0 255.69692  -1.09969 /data/raw/bok/u/201603B/J7478/good/d7478.0280.fits
0281 object   687        strumu    60.0 256.45342  -0.30025 /data/raw/bok/u/201603B/J7478/good/d7478.0281.fits
0282 object   293        strumu    60.0 256.49708  -1.09994 /data/raw/bok/u/201603B/J7478/good/d7478.0282.fits
0283 object   688        strumu    60.0 257.25371  -0.30003 /data/raw/bok/u/201603B/J7478/good/d7478.0283.fits
0284 object   294        strumu    60.0 257.29737  -1.09994 /data/raw/bok/u/201603B/J7478/good/d7478.0284.fits
0078 object   134        strumv    60.0 129.27383  -1.09997 /data/raw/bok/v/201603B/J7478/good/d7478.0078.fits
0079 object   135        strumv    60.0 130.07396  -1.10003 /data/raw/bok/v/201603B/J7478/good/d7478.0079.fits
0080 object   136        strumv    60.0 130.87379  -1.10003 /data/raw/bok/v/201603B/J7478/good/d7478.0080.fits
0081 object   524        strumv    60.0 126.05171  -0.29997 /data/raw/bok/v/201603B/J7478/good/d7478.0081.fits
0145 object   186        strumv    60.0 170.88162  -1.09997 /data/raw/bok/v/201603B/J7478/good/d7478.0145.fits
0146 object   187        strumv    60.0 171.68158  -1.09997 /data/raw/bok/v/201603B/J7478/good/d7478.0146.fits
0147 object   188        strumv    60.0 172.48154  -1.09997 /data/raw/bok/v/201603B/J7478/good/d7478.0147.fits
0148 object   189        strumv    60.0 173.28200  -1.10000 /data/raw/bok/v/201603B/J7478/good/d7478.0148.fits
0200 object   4127       strumv    60.0 178.54321  +6.90011 /data/raw/bok/v/201603B/J7478/good/d7478.0200.fits
0201 object   4128       strumv    60.0 179.34887  +6.90003 /data/raw/bok/v/201603B/J7478/good/d7478.0201.fits
0202 object   4905       strumv    60.0 178.40954  +8.49983 /data/raw/bok/v/201603B/J7478/good/d7478.0202.fits
0203 object   4906       strumv    60.0 179.21867  +8.50000 /data/raw/bok/v/201603B/J7478/good/d7478.0203.fits
0205 object   654        strumv    60.0 230.05333  -0.30000 /data/raw/bok/v/201603B/J7478/good/d7478.0205.fits
0206 object   260        strumv    60.0 230.09233  -1.09989 /data/raw/bok/v/201603B/J7478/good/d7478.0206.fits
0207 object   655        strumv    60.0 230.85321  -0.30022 /data/raw/bok/v/201603B/J7478/good/d7478.0207.fits
0208 object   261        strumv    60.0 230.89238  -1.09994 /data/raw/bok/v/201603B/J7478/good/d7478.0208.fits
0259 object   676        strumv    60.0 247.65333  -0.30006 /data/raw/bok/v/201603B/J7478/good/d7478.0259.fits
0260 object   282        strumv    60.0 247.69588  -1.09992 /data/raw/bok/v/201603B/J7478/good/d7478.0260.fits
0261 object   677        strumv    60.0 248.45337  -0.30008 /data/raw/bok/v/201603B/J7478/good/d7478.0261.fits
0262 object   283        strumv    60.0 248.49579  -1.09992 /data/raw/bok/v/201603B/J7478/good/d7478.0262.fits
