0033 object   909        strumu    60.0 119.65458  +0.49997 /data/raw/bok/u/201603B/J7479/good/d7479.0033.fits
0034 object   910        strumu    60.0 120.45454  +0.49997 /data/raw/bok/u/201603B/J7479/good/d7479.0034.fits
0035 object   911        strumu    60.0 121.25446  +0.49997 /data/raw/bok/u/201603B/J7479/good/d7479.0035.fits
0036 object   912        strumu    60.0 122.05454  +0.49997 /data/raw/bok/u/201603B/J7479/good/d7479.0036.fits
0037 object   913        strumu    60.0 122.85429  +0.49997 /data/raw/bok/u/201603B/J7479/good/d7479.0037.fits
0038 object   914        strumu    60.0 123.65438  +0.49997 /data/raw/bok/u/201603B/J7479/good/d7479.0038.fits
0039 object   915        strumu    60.0 124.45425  +0.49997 /data/raw/bok/u/201603B/J7479/good/d7479.0039.fits
0040 object   916        strumu    60.0 125.25450  +0.49997 /data/raw/bok/u/201603B/J7479/good/d7479.0040.fits
0041 object   917        strumu    60.0 126.05492  +0.49994 /data/raw/bok/u/201603B/J7479/good/d7479.0041.fits
0042 object   918        strumu    60.0 126.85475  +0.49997 /data/raw/bok/u/201603B/J7479/good/d7479.0042.fits
0043 object   919        strumu    60.0 127.65488  +0.50000 /data/raw/bok/u/201603B/J7479/good/d7479.0043.fits
0044 object   920        strumu    60.0 128.45483  +0.50000 /data/raw/bok/u/201603B/J7479/good/d7479.0044.fits
0045 object   921        strumu    60.0 129.25496  +0.49997 /data/raw/bok/u/201603B/J7479/good/d7479.0045.fits
0046 object   922        strumu    60.0 130.05488  +0.49997 /data/raw/bok/u/201603B/J7479/good/d7479.0046.fits
0047 object   923        strumu    60.0 130.85487  +0.49997 /data/raw/bok/u/201603B/J7479/good/d7479.0047.fits
0048 object   924        strumu    60.0 131.65492  +0.49994 /data/raw/bok/u/201603B/J7479/good/d7479.0048.fits
0049 object   925        strumu    60.0 132.45483  +0.49997 /data/raw/bok/u/201603B/J7479/good/d7479.0049.fits
0050 object   926        strumu    60.0 133.25487  +0.49997 /data/raw/bok/u/201603B/J7479/good/d7479.0050.fits
0051 object   927        strumu    60.0 134.05496  +0.49997 /data/raw/bok/u/201603B/J7479/good/d7479.0051.fits
0052 object   928        strumu    60.0 134.85479  +0.49997 /data/raw/bok/u/201603B/J7479/good/d7479.0052.fits
0053 object   929        strumu    60.0 135.65504  +0.50000 /data/raw/bok/u/201603B/J7479/good/d7479.0053.fits
0054 object   930        strumu    60.0 136.45488  +0.50000 /data/raw/bok/u/201603B/J7479/good/d7479.0054.fits
0055 object   931        strumu    60.0 137.25537  +0.49997 /data/raw/bok/u/201603B/J7479/good/d7479.0055.fits
0056 object   932        strumu    60.0 138.05525  +0.49997 /data/raw/bok/u/201603B/J7479/good/d7479.0056.fits
0057 object   933        strumu    60.0 138.85529  +0.50000 /data/raw/bok/u/201603B/J7479/good/d7479.0057.fits
0058 object   934        strumu    60.0 139.65521  +0.50000 /data/raw/bok/u/201603B/J7479/good/d7479.0058.fits
0059 object   935        strumu    60.0 140.45529  +0.50000 /data/raw/bok/u/201603B/J7479/good/d7479.0059.fits
0060 object   936        strumu    60.0 141.25525  +0.50000 /data/raw/bok/u/201603B/J7479/good/d7479.0060.fits
0061 object   538        strumu    60.0 137.25217  -0.29997 /data/raw/bok/u/201603B/J7479/good/d7479.0061.fits
0062 object   539        strumu    60.0 138.05196  -0.29997 /data/raw/bok/u/201603B/J7479/good/d7479.0062.fits
0063 object   540        strumu    60.0 138.85183  -0.29994 /data/raw/bok/u/201603B/J7479/good/d7479.0063.fits
0064 object   541        strumu    60.0 139.65200  -0.29997 /data/raw/bok/u/201603B/J7479/good/d7479.0064.fits
0065 object   542        strumu    60.0 140.45171  -0.29997 /data/raw/bok/u/201603B/J7479/good/d7479.0065.fits
0066 object   543        strumu    60.0 141.25179  -0.29997 /data/raw/bok/u/201603B/J7479/good/d7479.0066.fits
0067 object   544        strumu    60.0 142.05163  -0.29997 /data/raw/bok/u/201603B/J7479/good/d7479.0067.fits
0068 object   937        strumu    60.0 142.05525  +0.49983 /data/raw/bok/u/201603B/J7479/good/d7479.0068.fits
0069 object   938        strumu    60.0 142.85508  +0.50000 /data/raw/bok/u/201603B/J7479/good/d7479.0069.fits
0070 object   939        strumu    60.0 143.65508  +0.49997 /data/raw/bok/u/201603B/J7479/good/d7479.0070.fits
0071 object   940        strumu    60.0 144.45521  +0.49997 /data/raw/bok/u/201603B/J7479/good/d7479.0071.fits
0072 object   941        strumu    60.0 145.25521  +0.49997 /data/raw/bok/u/201603B/J7479/good/d7479.0072.fits
0073 object   942        strumu    60.0 146.05529  +0.49997 /data/raw/bok/u/201603B/J7479/good/d7479.0073.fits
0074 object   943        strumu    60.0 146.85542  +0.50000 /data/raw/bok/u/201603B/J7479/good/d7479.0074.fits
0075 object   545        strumu    60.0 142.85204  -0.29997 /data/raw/bok/u/201603B/J7479/good/d7479.0075.fits
0076 object   546        strumu    60.0 143.65175  -0.29997 /data/raw/bok/u/201603B/J7479/good/d7479.0076.fits
0077 object   547        strumu    60.0 144.45208  -0.29997 /data/raw/bok/u/201603B/J7479/good/d7479.0077.fits
0078 object   548        strumu    60.0 145.25200  -0.29997 /data/raw/bok/u/201603B/J7479/good/d7479.0078.fits
0079 object   549        strumu    60.0 146.05204  -0.29997 /data/raw/bok/u/201603B/J7479/good/d7479.0079.fits
0080 object   550        strumu    60.0 146.85179  -0.29997 /data/raw/bok/u/201603B/J7479/good/d7479.0080.fits
0081 object   551        strumu    60.0 147.65183  -0.29997 /data/raw/bok/u/201603B/J7479/good/d7479.0081.fits
0082 object   151        strumu    60.0 142.87629  -1.10000 /data/raw/bok/u/201603B/J7479/good/d7479.0082.fits
0083 object   152        strumu    60.0 143.67658  -1.10000 /data/raw/bok/u/201603B/J7479/good/d7479.0083.fits
0084 object   153        strumu    60.0 144.47642  -1.09997 /data/raw/bok/u/201603B/J7479/good/d7479.0084.fits
0085 object   154        strumu    60.0 145.27662  -1.09997 /data/raw/bok/u/201603B/J7479/good/d7479.0085.fits
0086 object   155        strumu    60.0 146.07683  -1.09994 /data/raw/bok/u/201603B/J7479/good/d7479.0086.fits
0087 object   156        strumu    60.0 146.87688  -1.09997 /data/raw/bok/u/201603B/J7479/good/d7479.0087.fits
0088 object   157        strumu    60.0 147.67700  -1.09997 /data/raw/bok/u/201603B/J7479/good/d7479.0088.fits
0089 object   944        strumu    60.0 147.65517  +0.49989 /data/raw/bok/u/201603B/J7479/good/d7479.0089.fits
0090 object   945        strumu    60.0 148.45583  +0.49997 /data/raw/bok/u/201603B/J7479/good/d7479.0090.fits
0091 object   946        strumu    60.0 149.25562  +0.50000 /data/raw/bok/u/201603B/J7479/good/d7479.0091.fits
0092 object   947        strumu    60.0 150.05558  +0.49997 /data/raw/bok/u/201603B/J7479/good/d7479.0092.fits
0093 object   948        strumu    60.0 150.85563  +0.49997 /data/raw/bok/u/201603B/J7479/good/d7479.0093.fits
0094 object   949        strumu    60.0 151.65579  +0.49997 /data/raw/bok/u/201603B/J7479/good/d7479.0094.fits
0099 object   1338       strumu    60.0 147.68804  +1.30000 /data/raw/bok/u/201603B/J7479/good/d7479.0099.fits
0100 object   1339       strumu    60.0 148.48817  +1.29997 /data/raw/bok/u/201603B/J7479/good/d7479.0100.fits
0101 object   1340       strumu    60.0 149.28817  +1.29997 /data/raw/bok/u/201603B/J7479/good/d7479.0101.fits
0102 object   1341       strumu    60.0 150.08863  +1.29997 /data/raw/bok/u/201603B/J7479/good/d7479.0102.fits
0103 object   1342       strumu    60.0 150.88858  +1.29997 /data/raw/bok/u/201603B/J7479/good/d7479.0103.fits
0104 object   1343       strumu    60.0 151.68917  +1.29997 /data/raw/bok/u/201603B/J7479/good/d7479.0104.fits
0105 object   1344       strumu    60.0 152.48900  +1.30000 /data/raw/bok/u/201603B/J7479/good/d7479.0105.fits
0106 object   950        strumu    60.0 152.45579  +0.50008 /data/raw/bok/u/201603B/J7479/good/d7479.0106.fits
0107 object   951        strumu    60.0 153.25571  +0.49997 /data/raw/bok/u/201603B/J7479/good/d7479.0107.fits
0108 object   952        strumu    60.0 154.05567  +0.50000 /data/raw/bok/u/201603B/J7479/good/d7479.0108.fits
0109 object   953        strumu    60.0 154.85583  +0.50003 /data/raw/bok/u/201603B/J7479/good/d7479.0109.fits
0110 object   954        strumu    60.0 155.65579  +0.50000 /data/raw/bok/u/201603B/J7479/good/d7479.0110.fits
0111 object   955        strumu    60.0 156.45575  +0.49997 /data/raw/bok/u/201603B/J7479/good/d7479.0111.fits
0112 object   956        strumu    60.0 157.25575  +0.50003 /data/raw/bok/u/201603B/J7479/good/d7479.0112.fits
0113 object   957        strumu    60.0 158.05558  +0.50000 /data/raw/bok/u/201603B/J7479/good/d7479.0113.fits
0114 object   958        strumu    60.0 158.85608  +0.50000 /data/raw/bok/u/201603B/J7479/good/d7479.0114.fits
0115 object   959        strumu    60.0 159.65612  +0.50003 /data/raw/bok/u/201603B/J7479/good/d7479.0115.fits
0116 object   960        strumu    60.0 160.45600  +0.50000 /data/raw/bok/u/201603B/J7479/good/d7479.0116.fits
0117 object   961        strumu    60.0 161.25604  +0.50000 /data/raw/bok/u/201603B/J7479/good/d7479.0117.fits
0118 object   962        strumu    60.0 162.05613  +0.50000 /data/raw/bok/u/201603B/J7479/good/d7479.0118.fits
0119 object   963        strumu    60.0 162.85621  +0.50000 /data/raw/bok/u/201603B/J7479/good/d7479.0119.fits
0120 object   964        strumu    60.0 163.65613  +0.50000 /data/raw/bok/u/201603B/J7479/good/d7479.0120.fits
0121 object   172        strumu    60.0 159.67967  -1.09997 /data/raw/bok/u/201603B/J7479/good/d7479.0121.fits
0122 object   173        strumu    60.0 160.47950  -1.09997 /data/raw/bok/u/201603B/J7479/good/d7479.0122.fits
0123 object   174        strumu    60.0 161.27958  -1.09997 /data/raw/bok/u/201603B/J7479/good/d7479.0123.fits
0124 object   1352       strumu    60.0 158.89083  +1.29992 /data/raw/bok/u/201603B/J7479/good/d7479.0124.fits
0125 object   1353       strumu    60.0 159.69117  +1.29997 /data/raw/bok/u/201603B/J7479/good/d7479.0125.fits
0126 object   1354       strumu    60.0 160.49117  +1.29997 /data/raw/bok/u/201603B/J7479/good/d7479.0126.fits
0127 object   1355       strumu    60.0 161.29154  +1.29997 /data/raw/bok/u/201603B/J7479/good/d7479.0127.fits
0128 object   1356       strumu    60.0 162.09146  +1.29997 /data/raw/bok/u/201603B/J7479/good/d7479.0128.fits
0129 object   1357       strumu    60.0 162.89208  +1.29997 /data/raw/bok/u/201603B/J7479/good/d7479.0129.fits
0130 object   1358       strumu    60.0 163.69188  +1.29997 /data/raw/bok/u/201603B/J7479/good/d7479.0130.fits
0135 object   175        strumu    60.0 162.08004  -1.09997 /data/raw/bok/u/201603B/J7479/good/d7479.0135.fits
0136 object   176        strumu    60.0 162.87975  -1.09997 /data/raw/bok/u/201603B/J7479/good/d7479.0136.fits
0137 object   177        strumu    60.0 163.67983  -1.09997 /data/raw/bok/u/201603B/J7479/good/d7479.0137.fits
0138 object   178        strumu    60.0 164.48021  -1.09997 /data/raw/bok/u/201603B/J7479/good/d7479.0138.fits
0139 object   568        strumu    60.0 161.25225  -0.29997 /data/raw/bok/u/201603B/J7479/good/d7479.0139.fits
0140 object   569        strumu    60.0 162.05208  -0.30000 /data/raw/bok/u/201603B/J7479/good/d7479.0140.fits
0141 object   570        strumu    60.0 162.85204  -0.29997 /data/raw/bok/u/201603B/J7479/good/d7479.0141.fits
0142 object   571        strumu    60.0 163.65196  -0.30000 /data/raw/bok/u/201603B/J7479/good/d7479.0142.fits
0143 object   572        strumu    60.0 164.45196  -0.30000 /data/raw/bok/u/201603B/J7479/good/d7479.0143.fits
0144 object   965        strumu    60.0 164.45604  +0.49983 /data/raw/bok/u/201603B/J7479/good/d7479.0144.fits
0145 object   966        strumu    60.0 165.25600  +0.49997 /data/raw/bok/u/201603B/J7479/good/d7479.0145.fits
0146 object   967        strumu    60.0 166.05600  +0.49997 /data/raw/bok/u/201603B/J7479/good/d7479.0146.fits
0147 object   968        strumu    60.0 166.85596  +0.50000 /data/raw/bok/u/201603B/J7479/good/d7479.0147.fits
0148 object   969        strumu    60.0 167.65608  +0.49997 /data/raw/bok/u/201603B/J7479/good/d7479.0148.fits
0149 object   970        strumu    60.0 168.45600  +0.50003 /data/raw/bok/u/201603B/J7479/good/d7479.0149.fits
0150 object   971        strumu    60.0 169.25604  +0.50000 /data/raw/bok/u/201603B/J7479/good/d7479.0150.fits
0151 object   573        strumu    60.0 165.25221  -0.29997 /data/raw/bok/u/201603B/J7479/good/d7479.0151.fits
0152 object   574        strumu    60.0 166.05217  -0.29997 /data/raw/bok/u/201603B/J7479/good/d7479.0152.fits
0153 object   575        strumu    60.0 166.85204  -0.29997 /data/raw/bok/u/201603B/J7479/good/d7479.0153.fits
0154 object   576        strumu    60.0 167.65233  -0.29997 /data/raw/bok/u/201603B/J7479/good/d7479.0154.fits
0155 object   577        strumu    60.0 168.45250  -0.30000 /data/raw/bok/u/201603B/J7479/good/d7479.0155.fits
0156 object   578        strumu    60.0 169.25238  -0.29994 /data/raw/bok/u/201603B/J7479/good/d7479.0156.fits
0157 object   579        strumu    60.0 170.05238  -0.29997 /data/raw/bok/u/201603B/J7479/good/d7479.0157.fits
0158 object   972        strumu    60.0 170.05662  +0.49986 /data/raw/bok/u/201603B/J7479/good/d7479.0158.fits
0159 object   973        strumu    60.0 170.85662  +0.50000 /data/raw/bok/u/201603B/J7479/good/d7479.0159.fits
0160 object   974        strumu    60.0 171.65654  +0.50000 /data/raw/bok/u/201603B/J7479/good/d7479.0160.fits
0161 object   975        strumu    60.0 172.45621  +0.50000 /data/raw/bok/u/201603B/J7479/good/d7479.0161.fits
0162 object   976        strumu    60.0 173.25646  +0.49997 /data/raw/bok/u/201603B/J7479/good/d7479.0162.fits
0163 object   977        strumu    60.0 174.05654  +0.49997 /data/raw/bok/u/201603B/J7479/good/d7479.0163.fits
0164 object   978        strumu    60.0 174.85646  +0.50000 /data/raw/bok/u/201603B/J7479/good/d7479.0164.fits
0165 object   179        strumu    60.0 165.28046  -1.09997 /data/raw/bok/u/201603B/J7479/good/d7479.0165.fits
0166 object   180        strumu    60.0 166.08021  -1.10000 /data/raw/bok/u/201603B/J7479/good/d7479.0166.fits
0167 object   181        strumu    60.0 166.88075  -1.09997 /data/raw/bok/u/201603B/J7479/good/d7479.0167.fits
0168 object   182        strumu    60.0 167.68088  -1.09997 /data/raw/bok/u/201603B/J7479/good/d7479.0168.fits
0169 object   183        strumu    60.0 168.48104  -1.09997 /data/raw/bok/u/201603B/J7479/good/d7479.0169.fits
0170 object   184        strumu    60.0 169.28113  -1.09997 /data/raw/bok/u/201603B/J7479/good/d7479.0170.fits
0171 object   185        strumu    60.0 170.08100  -1.09997 /data/raw/bok/u/201603B/J7479/good/d7479.0171.fits
0172 object   580        strumu    60.0 170.85262  -0.30014 /data/raw/bok/u/201603B/J7479/good/d7479.0172.fits
0173 object   581        strumu    60.0 171.65233  -0.29997 /data/raw/bok/u/201603B/J7479/good/d7479.0173.fits
0174 object   582        strumu    60.0 172.45246  -0.30000 /data/raw/bok/u/201603B/J7479/good/d7479.0174.fits
0175 object   583        strumu    60.0 173.25238  -0.29997 /data/raw/bok/u/201603B/J7479/good/d7479.0175.fits
0176 object   584        strumu    60.0 174.05250  -0.29997 /data/raw/bok/u/201603B/J7479/good/d7479.0176.fits
0177 object   585        strumu    60.0 174.85233  -0.30000 /data/raw/bok/u/201603B/J7479/good/d7479.0177.fits
0178 object   586        strumu    60.0 175.65225  -0.29997 /data/raw/bok/u/201603B/J7479/good/d7479.0178.fits
0186 object   1373       strumu    60.0 175.69533  +1.29972 /data/raw/bok/u/201603B/J7479/good/d7479.0186.fits
0187 object   1374       strumu    60.0 176.49517  +1.30003 /data/raw/bok/u/201603B/J7479/good/d7479.0187.fits
0188 object   1375       strumu    60.0 177.29571  +1.30000 /data/raw/bok/u/201603B/J7479/good/d7479.0188.fits
0189 object   1376       strumu    60.0 178.09554  +1.30000 /data/raw/bok/u/201603B/J7479/good/d7479.0189.fits
0190 object   1377       strumu    60.0 178.89608  +1.30003 /data/raw/bok/u/201603B/J7479/good/d7479.0190.fits
0191 object   1378       strumu    60.0 179.69617  +1.30003 /data/raw/bok/u/201603B/J7479/good/d7479.0191.fits
0196 object   2940       strumu    60.0 169.77329  +4.50000 /data/raw/bok/u/201603B/J7479/good/d7479.0196.fits
0197 object   2941       strumu    60.0 170.57579  +4.49997 /data/raw/bok/u/201603B/J7479/good/d7479.0197.fits
0198 object   2942       strumu    60.0 171.37808  +4.49994 /data/raw/bok/u/201603B/J7479/good/d7479.0198.fits
0199 object   2548       strumu    60.0 171.20646  +3.70006 /data/raw/bok/u/201603B/J7479/good/d7479.0199.fits
0229 object   1047       strumu    60.0 230.05875  +0.50000 /data/raw/bok/u/201603B/J7479/good/d7479.0229.fits
0230 object   1441       strumu    60.0 230.10900  +1.29989 /data/raw/bok/u/201603B/J7479/good/d7479.0230.fits
0231 object   1048       strumu    60.0 230.85862  +0.50019 /data/raw/bok/u/201603B/J7479/good/d7479.0231.fits
0232 object   1442       strumu    60.0 230.90946  +1.29986 /data/raw/bok/u/201603B/J7479/good/d7479.0232.fits
0234 object   1049       strumu    60.0 231.65863  +0.50006 /data/raw/bok/u/201603B/J7479/good/d7479.0234.fits
0235 object   1443       strumu    60.0 231.70937  +1.29981 /data/raw/bok/u/201603B/J7479/good/d7479.0235.fits
0236 object   1050       strumu    60.0 232.45867  +0.50017 /data/raw/bok/u/201603B/J7479/good/d7479.0236.fits
0237 object   1444       strumu    60.0 232.50996  +1.29989 /data/raw/bok/u/201603B/J7479/good/d7479.0237.fits
0238 object   1051       strumu    60.0 233.25862  +0.50006 /data/raw/bok/u/201603B/J7479/good/d7479.0238.fits
0239 object   1445       strumu    60.0 233.30979  +1.29983 /data/raw/bok/u/201603B/J7479/good/d7479.0239.fits
0241 object   1052       strumu    60.0 234.05875  +0.50017 /data/raw/bok/u/201603B/J7479/good/d7479.0241.fits
0243 object   1052       strumu    60.0 234.05854  +0.50003 /data/raw/bok/u/201603B/J7479/good/d7479.0243.fits
0244 object   1446       strumu    60.0 234.11029  +1.29981 /data/raw/bok/u/201603B/J7479/good/d7479.0244.fits
0245 object   1053       strumu    60.0 234.85863  +0.50003 /data/raw/bok/u/201603B/J7479/good/d7479.0245.fits
0246 object   1447       strumu    60.0 234.91021  +1.29994 /data/raw/bok/u/201603B/J7479/good/d7479.0246.fits
0247 object   1054       strumu    60.0 235.65912  +0.50017 /data/raw/bok/u/201603B/J7479/good/d7479.0247.fits
0248 object   1448       strumu    60.0 235.71071  +1.29986 /data/raw/bok/u/201603B/J7479/good/d7479.0248.fits
0249 object   1055       strumu    60.0 236.45900  +0.50003 /data/raw/bok/u/201603B/J7479/good/d7479.0249.fits
0250 object   1449       strumu    60.0 236.51063  +1.29986 /data/raw/bok/u/201603B/J7479/good/d7479.0250.fits
0251 object   1056       strumu    60.0 237.25900  +0.50008 /data/raw/bok/u/201603B/J7479/good/d7479.0251.fits
0252 object   1450       strumu    60.0 237.31117  +1.29989 /data/raw/bok/u/201603B/J7479/good/d7479.0252.fits
0253 object   1057       strumu    60.0 238.05904  +0.50006 /data/raw/bok/u/201603B/J7479/good/d7479.0253.fits
0254 object   1451       strumu    60.0 238.11104  +1.29981 /data/raw/bok/u/201603B/J7479/good/d7479.0254.fits
0255 object   1058       strumu    60.0 238.85904  +0.50011 /data/raw/bok/u/201603B/J7479/good/d7479.0255.fits
0256 object   1452       strumu    60.0 238.91158  +1.29994 /data/raw/bok/u/201603B/J7479/good/d7479.0256.fits
0257 object   1059       strumu    60.0 239.65900  +0.50019 /data/raw/bok/u/201603B/J7479/good/d7479.0257.fits
0258 object   1453       strumu    60.0 239.71146  +1.29981 /data/raw/bok/u/201603B/J7479/good/d7479.0258.fits
0259 object   1060       strumu    60.0 240.45917  +0.50017 /data/raw/bok/u/201603B/J7479/good/d7479.0259.fits
0260 object   1454       strumu    60.0 240.51200  +1.29983 /data/raw/bok/u/201603B/J7479/good/d7479.0260.fits
0261 object   1061       strumu    60.0 241.25904  +0.50008 /data/raw/bok/u/201603B/J7479/good/d7479.0261.fits
0262 object   1455       strumu    60.0 241.31187  +1.29983 /data/raw/bok/u/201603B/J7479/good/d7479.0262.fits
0263 object   1062       strumu    60.0 242.05908  +0.50008 /data/raw/bok/u/201603B/J7479/good/d7479.0263.fits
0264 object   1456       strumu    60.0 242.11242  +1.29989 /data/raw/bok/u/201603B/J7479/good/d7479.0264.fits
0265 object   1063       strumu    60.0 242.85908  +0.50011 /data/raw/bok/u/201603B/J7479/good/d7479.0265.fits
0266 object   1457       strumu    60.0 242.91233  +1.29975 /data/raw/bok/u/201603B/J7479/good/d7479.0266.fits
0267 object   1064       strumu    60.0 243.65908  +0.50006 /data/raw/bok/u/201603B/J7479/good/d7479.0267.fits
0268 object   1458       strumu    60.0 243.71279  +1.29981 /data/raw/bok/u/201603B/J7479/good/d7479.0268.fits
0269 object   1065       strumu    60.0 244.45904  +0.50014 /data/raw/bok/u/201603B/J7479/good/d7479.0269.fits
0270 object   1459       strumu    60.0 244.51275  +1.29986 /data/raw/bok/u/201603B/J7479/good/d7479.0270.fits
0271 object   1066       strumu    60.0 245.25904  +0.50008 /data/raw/bok/u/201603B/J7479/good/d7479.0271.fits
0272 object   1460       strumu    60.0 245.31313  +1.29983 /data/raw/bok/u/201603B/J7479/good/d7479.0272.fits
0273 object   1067       strumu    60.0 246.05904  +0.50008 /data/raw/bok/u/201603B/J7479/good/d7479.0273.fits
0274 object   1461       strumu    60.0 246.11317  +1.29978 /data/raw/bok/u/201603B/J7479/good/d7479.0274.fits
0275 object   1068       strumu    60.0 246.85958  +0.50017 /data/raw/bok/u/201603B/J7479/good/d7479.0275.fits
0276 object   1462       strumu    60.0 246.91354  +1.29978 /data/raw/bok/u/201603B/J7479/good/d7479.0276.fits
0277 object   1069       strumu    60.0 247.65946  +0.50017 /data/raw/bok/u/201603B/J7479/good/d7479.0277.fits
0278 object   1463       strumu    60.0 247.71371  +1.29994 /data/raw/bok/u/201603B/J7479/good/d7479.0278.fits
0279 object   1070       strumu    60.0 248.45962  +0.50006 /data/raw/bok/u/201603B/J7479/good/d7479.0279.fits
0280 object   1464       strumu    60.0 248.51400  +1.29981 /data/raw/bok/u/201603B/J7479/good/d7479.0280.fits
0281 object   1071       strumu    60.0 249.25950  +0.50017 /data/raw/bok/u/201603B/J7479/good/d7479.0281.fits
0282 object   1465       strumu    60.0 249.31408  +1.29983 /data/raw/bok/u/201603B/J7479/good/d7479.0282.fits
0283 object   1072       strumu    60.0 250.05958  +0.50006 /data/raw/bok/u/201603B/J7479/good/d7479.0283.fits
0284 object   1466       strumu    60.0 250.11442  +1.29983 /data/raw/bok/u/201603B/J7479/good/d7479.0284.fits
0285 object   1073       strumu    60.0 250.85946  +0.50011 /data/raw/bok/u/201603B/J7479/good/d7479.0285.fits
0286 object   1467       strumu    60.0 250.91442  +1.29986 /data/raw/bok/u/201603B/J7479/good/d7479.0286.fits
0287 object   1074       strumu    60.0 251.65950  +0.50017 /data/raw/bok/u/201603B/J7479/good/d7479.0287.fits
0288 object   1468       strumu    60.0 251.71442  +1.29975 /data/raw/bok/u/201603B/J7479/good/d7479.0288.fits
0289 object   1075       strumu    60.0 252.45962  +0.50011 /data/raw/bok/u/201603B/J7479/good/d7479.0289.fits
0290 object   1469       strumu    60.0 252.51496  +1.29981 /data/raw/bok/u/201603B/J7479/good/d7479.0290.fits
0291 object   1076       strumu    60.0 253.25958  +0.50011 /data/raw/bok/u/201603B/J7479/good/d7479.0291.fits
0292 object   1470       strumu    60.0 253.31483  +1.29983 /data/raw/bok/u/201603B/J7479/good/d7479.0292.fits
0293 object   1077       strumu    60.0 254.05963  +0.50019 /data/raw/bok/u/201603B/J7479/good/d7479.0293.fits
0310 object   1471       strumu    60.0 254.11529  +1.30000 /data/raw/bok/u/201603B/J7479/good/d7479.0310.fits
0311 object   1078       strumu    60.0 254.85963  +0.50025 /data/raw/bok/u/201603B/J7479/good/d7479.0311.fits
0312 object   1472       strumu    60.0 254.91529  +1.29975 /data/raw/bok/u/201603B/J7479/good/d7479.0312.fits
0095 object   1338       strumv    60.0 147.68804  +1.29997 /data/raw/bok/v/201603B/J7479/good/d7479.0095.fits
0096 object   1339       strumv    60.0 148.48825  +1.29997 /data/raw/bok/v/201603B/J7479/good/d7479.0096.fits
0097 object   1340       strumv    60.0 149.28817  +1.30000 /data/raw/bok/v/201603B/J7479/good/d7479.0097.fits
0098 object   1341       strumv    60.0 150.08854  +1.30000 /data/raw/bok/v/201603B/J7479/good/d7479.0098.fits
0131 object   175        strumv    60.0 162.07996  -1.09989 /data/raw/bok/v/201603B/J7479/good/d7479.0131.fits
0132 object   176        strumv    60.0 162.87983  -1.09997 /data/raw/bok/v/201603B/J7479/good/d7479.0132.fits
0133 object   177        strumv    60.0 163.67988  -1.09997 /data/raw/bok/v/201603B/J7479/good/d7479.0133.fits
0134 object   178        strumv    60.0 164.48017  -1.09997 /data/raw/bok/v/201603B/J7479/good/d7479.0134.fits
0179 object   580        strumv    60.0 170.85246  -0.29994 /data/raw/bok/v/201603B/J7479/good/d7479.0179.fits
0180 object   581        strumv    60.0 171.65233  -0.29997 /data/raw/bok/v/201603B/J7479/good/d7479.0180.fits
0181 object   582        strumv    60.0 172.45237  -0.29997 /data/raw/bok/v/201603B/J7479/good/d7479.0181.fits
0182 object   583        strumv    60.0 173.25233  -0.29997 /data/raw/bok/v/201603B/J7479/good/d7479.0182.fits
0183 object   584        strumv    60.0 174.05250  -0.29997 /data/raw/bok/v/201603B/J7479/good/d7479.0183.fits
0184 object   585        strumv    60.0 174.85217  -0.29997 /data/raw/bok/v/201603B/J7479/good/d7479.0184.fits
0185 object   586        strumv    60.0 175.65229  -0.29997 /data/raw/bok/v/201603B/J7479/good/d7479.0185.fits
0192 object   2940       strumv    60.0 169.77333  +4.50000 /data/raw/bok/v/201603B/J7479/good/d7479.0192.fits
0193 object   2941       strumv    60.0 170.57542  +4.49994 /data/raw/bok/v/201603B/J7479/good/d7479.0193.fits
0194 object   2942       strumv    60.0 171.37825  +4.49997 /data/raw/bok/v/201603B/J7479/good/d7479.0194.fits
0195 object   2548       strumv    60.0 171.20654  +3.70008 /data/raw/bok/v/201603B/J7479/good/d7479.0195.fits
0225 object   1047       strumv    60.0 230.05867  +0.50006 /data/raw/bok/v/201603B/J7479/good/d7479.0225.fits
0226 object   1441       strumv    60.0 230.10913  +1.29978 /data/raw/bok/v/201603B/J7479/good/d7479.0226.fits
0227 object   1048       strumv    60.0 230.85867  +0.50014 /data/raw/bok/v/201603B/J7479/good/d7479.0227.fits
0228 object   1442       strumv    60.0 230.90942  +1.29989 /data/raw/bok/v/201603B/J7479/good/d7479.0228.fits
0313 object   1077       strumv    60.0 254.05963  +0.50000 /data/raw/bok/v/201603B/J7479/good/d7479.0313.fits
0314 object   1471       strumv    60.0 254.11533  +1.29981 /data/raw/bok/v/201603B/J7479/good/d7479.0314.fits
0315 object   1078       strumv    60.0 254.85958  +0.50025 /data/raw/bok/v/201603B/J7479/good/d7479.0315.fits
0316 object   1472       strumv    60.0 254.91538  +1.29989 /data/raw/bok/v/201603B/J7479/good/d7479.0316.fits
0202 object   Coma       strumv    10.0 185.70821 +25.76667 /data/raw/bok/v/201603B/J7479/other/d7479.0202.fits
0203 object   Coma       strumv    30.0 185.54175 +25.93322 /data/raw/bok/v/201603B/J7479/other/d7479.0203.fits
0204 object   Coma       strumv    60.0 185.70817 +25.93333 /data/raw/bok/v/201603B/J7479/other/d7479.0204.fits
0205 object   Coma       strumv     3.0 185.54167 +25.76675 /data/raw/bok/v/201603B/J7479/other/d7479.0205.fits
0213 object   NGC5466    strumv     3.0 211.24996 +28.45006 /data/raw/bok/v/201603B/J7479/other/d7479.0213.fits
0214 object   NGC5466    strumv    10.0 211.41658 +28.45000 /data/raw/bok/v/201603B/J7479/other/d7479.0214.fits
0215 object   NGC5466    strumv    30.0 211.25004 +28.61656 /data/raw/bok/v/201603B/J7479/other/d7479.0215.fits
0216 object   NGC5466    strumv    60.0 211.41663 +28.61664 /data/raw/bok/v/201603B/J7479/other/d7479.0216.fits
0217 object   NGC5053    strumv     3.0 199.02921 +17.78050 /data/raw/bok/v/201603B/J7479/other/d7479.0217.fits
0218 object   NGC5053    strumv    10.0 199.19579 +17.78056 /data/raw/bok/v/201603B/J7479/other/d7479.0218.fits
0219 object   NGC5053    strumv    30.0 199.02925 +17.61394 /data/raw/bok/v/201603B/J7479/other/d7479.0219.fits
0220 object   NGC5053    strumv    60.0 199.19575 +17.61389 /data/raw/bok/v/201603B/J7479/other/d7479.0220.fits
0298 object   NGC6229    strumv     3.0 251.83325 +47.61097 /data/raw/bok/v/201603B/J7479/other/d7479.0298.fits
0299 object   NGC6229    strumv    10.0 251.66675 +47.61108 /data/raw/bok/v/201603B/J7479/other/d7479.0299.fits
0300 object   NGC6229    strumv    30.0 251.83342 +47.44444 /data/raw/bok/v/201603B/J7479/other/d7479.0300.fits
0301 object   NGC6229    strumv    60.0 251.66671 +47.44442 /data/raw/bok/v/201603B/J7479/other/d7479.0301.fits
0302 object   IC4665     strumv     3.0 266.41633  +5.63333 /data/raw/bok/v/201603B/J7479/other/d7479.0302.fits
0303 object   IC4665     strumv    10.0 266.41654  +5.79975 /data/raw/bok/v/201603B/J7479/other/d7479.0303.fits
0304 object   IC4665     strumv    30.0 266.58312  +5.63347 /data/raw/bok/v/201603B/J7479/other/d7479.0304.fits
0305 object   IC4665     strumv    60.0 266.58325  +5.79978 /data/raw/bok/v/201603B/J7479/other/d7479.0305.fits
0201 object   Coma       strumu     3.0 185.54163 +25.76667 /data/raw/bok/u/201603B/J7479/other/d7479.0201.fits
0206 object   Coma       strumu    10.0 185.70829 +25.76667 /data/raw/bok/u/201603B/J7479/other/d7479.0206.fits
0207 object   Coma       strumu    30.0 185.54163 +25.93325 /data/raw/bok/u/201603B/J7479/other/d7479.0207.fits
0208 object   Coma       strumu    60.0 185.70829 +25.93333 /data/raw/bok/u/201603B/J7479/other/d7479.0208.fits
0209 object   NGC5466    strumu     3.0 211.24992 +28.45014 /data/raw/bok/u/201603B/J7479/other/d7479.0209.fits
0210 object   NGC5466    strumu    10.0 211.41650 +28.44989 /data/raw/bok/u/201603B/J7479/other/d7479.0210.fits
0211 object   NGC5466    strumu    30.0 211.25004 +28.61647 /data/raw/bok/u/201603B/J7479/other/d7479.0211.fits
0212 object   NGC5466    strumu    60.0 211.41633 +28.61661 /data/raw/bok/u/201603B/J7479/other/d7479.0212.fits
0221 object   NGC5053    strumu     3.0 199.02908 +17.78039 /data/raw/bok/u/201603B/J7479/other/d7479.0221.fits
0222 object   NGC5053    strumu    10.0 199.19588 +17.78056 /data/raw/bok/u/201603B/J7479/other/d7479.0222.fits
0223 object   NGC5053    strumu    30.0 199.02917 +17.61386 /data/raw/bok/u/201603B/J7479/other/d7479.0223.fits
0224 object   NGC5053    strumu    60.0 199.19554 +17.61389 /data/raw/bok/u/201603B/J7479/other/d7479.0224.fits
0294 object   NGC6229    strumu     3.0 251.83333 +47.61106 /data/raw/bok/u/201603B/J7479/other/d7479.0294.fits
0295 object   NGC6229    strumu    10.0 251.66679 +47.61108 /data/raw/bok/u/201603B/J7479/other/d7479.0295.fits
0296 object   NGC6229    strumu    30.0 251.83329 +47.44447 /data/raw/bok/u/201603B/J7479/other/d7479.0296.fits
0297 object   NGC6229    strumu    60.0 251.66671 +47.44444 /data/raw/bok/u/201603B/J7479/other/d7479.0297.fits
0306 object   IC4665     strumu     3.0 266.41658  +5.63328 /data/raw/bok/u/201603B/J7479/other/d7479.0306.fits
0307 object   IC4665     strumu    10.0 266.41646  +5.79986 /data/raw/bok/u/201603B/J7479/other/d7479.0307.fits
0308 object   IC4665     strumu    30.0 266.58312  +5.63350 /data/raw/bok/u/201603B/J7479/other/d7479.0308.fits
0309 object   IC4665     strumu    60.0 266.58321  +5.79983 /data/raw/bok/u/201603B/J7479/other/d7479.0309.fits
