#Object       u60

1342          1.0
NGC6229       1.0
1447          1.0
IC4665        1.0
1078          1.0
1451          1.0
1076          1.0
1077          1.0
1074          1.0
1075          1.0
1072          1.0
1073          1.0
1070          1.0
1071          1.0
542           1.0
543           1.0
939           1.0
938           1.0
1469          1.0
1468          1.0
544           1.0
545           1.0
933           1.0
932           1.0
931           1.0
549           1.0
937           1.0
936           1.0
1463          1.0
934           1.0
944           1.0
1343          1.0
1344          1.0
945           1.0
1069          1.0
1068          1.0
1061          1.0
1060          1.0
1063          1.0
1062          1.0
1065          1.0
1064          1.0
1067          1.0
1066          1.0
928           1.0
929           1.0
920           1.0
921           1.0
922           1.0
923           1.0
924           1.0
925           1.0
926           1.0
927           1.0
NGC5053       1.0
582           1.0
583           1.0
540           1.0
2548          1.0
919           1.0
918           1.0
915           1.0
914           1.0
917           1.0
916           1.0
911           1.0
910           1.0
913           1.0
912           1.0
586           1.0
584           1.0
585           1.0
1339          1.0
1338          1.0
580           1.0
581           1.0
909           1.0
539           1.0
538           1.0
579           1.0
578           1.0
1340          1.0
1341          1.0
571           1.0
570           1.0
577           1.0
576           1.0
575           1.0
574           1.0
179           1.0
178           1.0
177           1.0
176           1.0
175           1.0
174           1.0
173           1.0
172           1.0
977           1.0
976           1.0
975           1.0
974           1.0
973           1.0
972           1.0
971           1.0
970           1.0
930           1.0
1373          1.0
978           1.0
182           1.0
183           1.0
180           1.0
181           1.0
184           1.0
185           1.0
Coma          1.0
546           1.0
547           1.0
568           1.0
569           1.0
1358          1.0
1377          1.0
1353          1.0
1352          1.0
1376          1.0
1357          1.0
1374          1.0
1355          1.0
1354          1.0
1465          1.0
1464          1.0
1047          1.0
548           1.0
964           1.0
965           1.0
966           1.0
967           1.0
960           1.0
961           1.0
962           1.0
963           1.0
1461          1.0
968           1.0
969           1.0
1460          1.0
1454          1.0
1455          1.0
1456          1.0
1457          1.0
1450          1.0
935           1.0
1452          1.0
1453          1.0
1462          1.0
1458          1.0
1459          1.0
151           1.0
153           1.0
152           1.0
155           1.0
154           1.0
157           1.0
156           1.0
551           1.0
550           1.0
1466          1.0
541           1.0
2942          1.0
2941          1.0
2940          1.0
959           1.0
958           1.0
1052          2.0
1053          1.0
1054          1.0
1055          1.0
1056          1.0
1057          1.0
951           1.0
950           1.0
953           1.0
952           1.0
955           1.0
954           1.0
957           1.0
956           1.0
NGC5466       1.0
1446          1.0
1445          1.0
1444          1.0
1443          1.0
1442          1.0
1441          1.0
1449          1.0
1448          1.0
1050          1.0
1378          1.0
1051          1.0
1356          1.0
573           1.0
1375          1.0
1467          1.0
948           1.0
949           1.0
946           1.0
947           1.0
1049          1.0
1048          1.0
942           1.0
943           1.0
940           1.0
941           1.0
1472          1.0
1058          1.0
1470          1.0
1471          1.0
1059          1.0
572           1.0
