0062 object   10763      strumu    60.0 357.48888 +20.50000 /data/raw/bok/u/201511/J7332/good/d7332.0062.fits
0063 object   10764      strumu    60.0 358.34283 +20.50000 /data/raw/bok/u/201511/J7332/good/d7332.0063.fits
0064 object   10765      strumu    60.0 359.19708 +20.50000 /data/raw/bok/u/201511/J7332/good/d7332.0064.fits
0065 object   10766      strumu    60.0   0.05129 +20.50000 /data/raw/bok/u/201511/J7332/good/d7332.0065.fits
0066 object   10767      strumu    60.0   0.48283 +21.29983 /data/raw/bok/u/201511/J7332/good/d7332.0066.fits
0067 object   10768      strumu    60.0   1.34171 +21.30000 /data/raw/bok/u/201511/J7332/good/d7332.0067.fits
0068 object   10769      strumu    60.0   2.20033 +21.30000 /data/raw/bok/u/201511/J7332/good/d7332.0068.fits
0069 object   10763      strumu     6.0 357.48937 +20.50000 /data/raw/bok/u/201511/J7332/good/d7332.0069.fits
0070 object   10764      strumu     6.0 358.34283 +20.50000 /data/raw/bok/u/201511/J7332/good/d7332.0070.fits
0071 object   10765      strumu     6.0 359.19696 +20.50000 /data/raw/bok/u/201511/J7332/good/d7332.0071.fits
0072 object   10766      strumu     6.0   0.05112 +20.50000 /data/raw/bok/u/201511/J7332/good/d7332.0072.fits
0073 object   10767      strumu     6.0   0.48283 +21.29994 /data/raw/bok/u/201511/J7332/good/d7332.0073.fits
0074 object   10768      strumu     6.0   1.34167 +21.30000 /data/raw/bok/u/201511/J7332/good/d7332.0074.fits
0075 object   10769      strumu     6.0   2.20025 +21.30000 /data/raw/bok/u/201511/J7332/good/d7332.0075.fits
0090 object   10403      strumu    60.0   0.48062 +20.49997 /data/raw/bok/u/201511/J7332/good/d7332.0090.fits
0091 object   10404      strumu    60.0   1.33454 +20.50003 /data/raw/bok/u/201511/J7332/good/d7332.0091.fits
0092 object   10405      strumu    60.0   2.18875 +20.49997 /data/raw/bok/u/201511/J7332/good/d7332.0092.fits
0093 object   10406      strumu    60.0   3.04254 +20.49997 /data/raw/bok/u/201511/J7332/good/d7332.0093.fits
0094 object   10407      strumu    60.0   3.89654 +20.50000 /data/raw/bok/u/201511/J7332/good/d7332.0094.fits
0095 object   10403      strumu     6.0   0.48037 +20.50000 /data/raw/bok/u/201511/J7332/good/d7332.0095.fits
0096 object   10404      strumu     6.0   1.33429 +20.50003 /data/raw/bok/u/201511/J7332/good/d7332.0096.fits
0097 object   10405      strumu     6.0   2.18850 +20.50000 /data/raw/bok/u/201511/J7332/good/d7332.0097.fits
0098 object   10406      strumu     6.0   3.04221 +20.49997 /data/raw/bok/u/201511/J7332/good/d7332.0098.fits
0099 object   10407      strumu     6.0   3.89646 +20.50000 /data/raw/bok/u/201511/J7332/good/d7332.0099.fits
0110 object   10777      strumu    60.0   9.06954 +21.30000 /data/raw/bok/u/201511/J7332/good/d7332.0110.fits
0111 object   10778      strumu    60.0   9.92821 +21.30000 /data/raw/bok/u/201511/J7332/good/d7332.0111.fits
0112 object   10779      strumu    60.0  10.78671 +21.29997 /data/raw/bok/u/201511/J7332/good/d7332.0112.fits
0113 object   10780      strumu    60.0  11.64521 +21.29997 /data/raw/bok/u/201511/J7332/good/d7332.0113.fits
0114 object   10781      strumu    60.0  12.50413 +21.30000 /data/raw/bok/u/201511/J7332/good/d7332.0114.fits
0115 object   10782      strumu    60.0  13.36283 +21.30000 /data/raw/bok/u/201511/J7332/good/d7332.0115.fits
0116 object   10783      strumu    60.0  14.22083 +21.30000 /data/raw/bok/u/201511/J7332/good/d7332.0116.fits
0117 object   10777      strumu     6.0   9.06954 +21.30000 /data/raw/bok/u/201511/J7332/good/d7332.0117.fits
0118 object   10778      strumu     6.0   9.92833 +21.29997 /data/raw/bok/u/201511/J7332/good/d7332.0118.fits
0119 object   10779      strumu     6.0  10.78658 +21.29997 /data/raw/bok/u/201511/J7332/good/d7332.0119.fits
0120 object   10780      strumu     6.0  11.64542 +21.29997 /data/raw/bok/u/201511/J7332/good/d7332.0120.fits
0121 object   10781      strumu     6.0  12.50396 +21.29997 /data/raw/bok/u/201511/J7332/good/d7332.0121.fits
0122 object   10782      strumu     6.0  13.36262 +21.29997 /data/raw/bok/u/201511/J7332/good/d7332.0122.fits
0123 object   10783      strumu     6.0  14.22117 +21.30000 /data/raw/bok/u/201511/J7332/good/d7332.0123.fits
0138 object   10784      strumu    60.0  15.07967 +21.29997 /data/raw/bok/u/201511/J7332/good/d7332.0138.fits
0139 object   10785      strumu    60.0  15.93871 +21.29997 /data/raw/bok/u/201511/J7332/good/d7332.0139.fits
0140 object   10786      strumu    60.0  16.79729 +21.29997 /data/raw/bok/u/201511/J7332/good/d7332.0140.fits
0141 object   10787      strumu    60.0  17.65613 +21.29997 /data/raw/bok/u/201511/J7332/good/d7332.0141.fits
0142 object   10788      strumu    60.0  18.51446 +21.29997 /data/raw/bok/u/201511/J7332/good/d7332.0142.fits
0143 object   10789      strumu    60.0  19.37329 +21.30000 /data/raw/bok/u/201511/J7332/good/d7332.0143.fits
0144 object   10790      strumu    60.0  20.23196 +21.29997 /data/raw/bok/u/201511/J7332/good/d7332.0144.fits
0145 object   10784      strumu     6.0  15.08021 +21.30000 /data/raw/bok/u/201511/J7332/good/d7332.0145.fits
0146 object   10785      strumu     6.0  15.93867 +21.29997 /data/raw/bok/u/201511/J7332/good/d7332.0146.fits
0147 object   10786      strumu     6.0  16.79729 +21.29997 /data/raw/bok/u/201511/J7332/good/d7332.0147.fits
0148 object   10787      strumu     6.0  17.65613 +21.29997 /data/raw/bok/u/201511/J7332/good/d7332.0148.fits
0149 object   10788      strumu     6.0  18.51433 +21.29997 /data/raw/bok/u/201511/J7332/good/d7332.0149.fits
0150 object   10789      strumu     6.0  19.37308 +21.29997 /data/raw/bok/u/201511/J7332/good/d7332.0150.fits
0151 object   10790      strumu     6.0  20.23204 +21.29997 /data/raw/bok/u/201511/J7332/good/d7332.0151.fits
0166 object   10791      strumu    60.0  21.09071 +21.29997 /data/raw/bok/u/201511/J7332/good/d7332.0166.fits
0167 object   10792      strumu    60.0  21.94892 +21.29997 /data/raw/bok/u/201511/J7332/good/d7332.0167.fits
0168 object   10793      strumu    60.0  22.80771 +21.29997 /data/raw/bok/u/201511/J7332/good/d7332.0168.fits
0169 object   10794      strumu    60.0  23.66646 +21.29997 /data/raw/bok/u/201511/J7332/good/d7332.0169.fits
0170 object   10795      strumu    60.0  24.52533 +21.29997 /data/raw/bok/u/201511/J7332/good/d7332.0170.fits
0171 object   10796      strumu    60.0  25.38362 +21.30000 /data/raw/bok/u/201511/J7332/good/d7332.0171.fits
0172 object   10797      strumu    60.0  26.24233 +21.30000 /data/raw/bok/u/201511/J7332/good/d7332.0172.fits
0173 object   10791      strumu     6.0  21.09092 +21.30000 /data/raw/bok/u/201511/J7332/good/d7332.0173.fits
0174 object   10792      strumu     6.0  21.94892 +21.29997 /data/raw/bok/u/201511/J7332/good/d7332.0174.fits
0175 object   10793      strumu     6.0  22.80763 +21.29997 /data/raw/bok/u/201511/J7332/good/d7332.0175.fits
0176 object   10794      strumu     6.0  23.66654 +21.29997 /data/raw/bok/u/201511/J7332/good/d7332.0176.fits
0179 object   10795      strumu     6.0  24.52533 +21.30000 /data/raw/bok/u/201511/J7332/good/d7332.0179.fits
0180 object   10796      strumu     6.0  25.38362 +21.29997 /data/raw/bok/u/201511/J7332/good/d7332.0180.fits
0181 object   10797      strumu     6.0  26.24237 +21.29997 /data/raw/bok/u/201511/J7332/good/d7332.0181.fits
0196 object   10798      strumu    60.0  27.10104 +21.29997 /data/raw/bok/u/201511/J7332/good/d7332.0196.fits
0197 object   10799      strumu    60.0  27.95983 +21.29997 /data/raw/bok/u/201511/J7332/good/d7332.0197.fits
0198 object   10800      strumu    60.0  28.81862 +21.29997 /data/raw/bok/u/201511/J7332/good/d7332.0198.fits
0199 object   10801      strumu    60.0  29.67692 +21.29997 /data/raw/bok/u/201511/J7332/good/d7332.0199.fits
0200 object   10802      strumu    60.0  30.53583 +21.29997 /data/raw/bok/u/201511/J7332/good/d7332.0200.fits
0201 object   10803      strumu    60.0  31.39450 +21.29997 /data/raw/bok/u/201511/J7332/good/d7332.0201.fits
0202 object   10804      strumu    60.0  32.25342 +21.29997 /data/raw/bok/u/201511/J7332/good/d7332.0202.fits
0203 object   10798      strumu     6.0  27.10142 +21.30003 /data/raw/bok/u/201511/J7332/good/d7332.0203.fits
0204 object   10799      strumu     6.0  27.95988 +21.29994 /data/raw/bok/u/201511/J7332/good/d7332.0204.fits
0205 object   10800      strumu     6.0  28.81854 +21.29994 /data/raw/bok/u/201511/J7332/good/d7332.0205.fits
0206 object   10801      strumu     6.0  29.67696 +21.29997 /data/raw/bok/u/201511/J7332/good/d7332.0206.fits
0207 object   10802      strumu     6.0  30.53571 +21.29997 /data/raw/bok/u/201511/J7332/good/d7332.0207.fits
0208 object   10803      strumu     6.0  31.39425 +21.29997 /data/raw/bok/u/201511/J7332/good/d7332.0208.fits
0209 object   10804      strumu     6.0  32.25308 +21.29997 /data/raw/bok/u/201511/J7332/good/d7332.0209.fits
0224 object   10443      strumu    60.0  34.64362 +20.49997 /data/raw/bok/u/201511/J7332/good/d7332.0224.fits
0225 object   10444      strumu    60.0  35.49762 +20.49997 /data/raw/bok/u/201511/J7332/good/d7332.0225.fits
0226 object   10445      strumu    60.0  36.35204 +20.49997 /data/raw/bok/u/201511/J7332/good/d7332.0226.fits
0227 object   10446      strumu    60.0  37.20621 +20.49997 /data/raw/bok/u/201511/J7332/good/d7332.0227.fits
0228 object   10447      strumu    60.0  38.06033 +20.49997 /data/raw/bok/u/201511/J7332/good/d7332.0228.fits
0229 object   10448      strumu    60.0  38.91392 +20.49997 /data/raw/bok/u/201511/J7332/good/d7332.0229.fits
0230 object   10449      strumu    60.0  39.76825 +20.49997 /data/raw/bok/u/201511/J7332/good/d7332.0230.fits
0231 object   10443      strumu     6.0  34.64379 +20.50000 /data/raw/bok/u/201511/J7332/good/d7332.0231.fits
0232 object   10444      strumu     6.0  35.49758 +20.49997 /data/raw/bok/u/201511/J7332/good/d7332.0232.fits
0233 object   10445      strumu     6.0  36.35175 +20.49997 /data/raw/bok/u/201511/J7332/good/d7332.0233.fits
0234 object   10446      strumu     6.0  37.20617 +20.49997 /data/raw/bok/u/201511/J7332/good/d7332.0234.fits
0235 object   10447      strumu     6.0  38.06029 +20.49997 /data/raw/bok/u/201511/J7332/good/d7332.0235.fits
0236 object   10448      strumu     6.0  38.91408 +20.49997 /data/raw/bok/u/201511/J7332/good/d7332.0236.fits
0237 object   10449      strumu     6.0  39.76842 +20.49997 /data/raw/bok/u/201511/J7332/good/d7332.0237.fits
0252 object   11177      strumu    60.0  41.93071 +22.10000 /data/raw/bok/u/201511/J7332/good/d7332.0252.fits
0253 object   11178      strumu    60.0  42.79392 +22.09994 /data/raw/bok/u/201511/J7332/good/d7332.0253.fits
0254 object   11179      strumu    60.0  43.65742 +22.09994 /data/raw/bok/u/201511/J7332/good/d7332.0254.fits
0255 object   11180      strumu    60.0  44.52075 +22.09997 /data/raw/bok/u/201511/J7332/good/d7332.0255.fits
0256 object   11181      strumu    60.0  45.38454 +22.09997 /data/raw/bok/u/201511/J7332/good/d7332.0256.fits
0257 object   11182      strumu    60.0  46.24775 +22.09997 /data/raw/bok/u/201511/J7332/good/d7332.0257.fits
0258 object   11183      strumu    60.0  47.11108 +22.09997 /data/raw/bok/u/201511/J7332/good/d7332.0258.fits
0259 object   11177      strumu     6.0  41.93096 +22.10003 /data/raw/bok/u/201511/J7332/good/d7332.0259.fits
0260 object   11178      strumu     6.0  42.79417 +22.09997 /data/raw/bok/u/201511/J7332/good/d7332.0260.fits
0261 object   11179      strumu     6.0  43.65742 +22.09997 /data/raw/bok/u/201511/J7332/good/d7332.0261.fits
0262 object   11180      strumu     6.0  44.52071 +22.09997 /data/raw/bok/u/201511/J7332/good/d7332.0262.fits
0263 object   11181      strumu     6.0  45.38450 +22.09997 /data/raw/bok/u/201511/J7332/good/d7332.0263.fits
0264 object   11182      strumu     6.0  46.24779 +22.09997 /data/raw/bok/u/201511/J7332/good/d7332.0264.fits
0265 object   11183      strumu     6.0  47.11121 +22.09997 /data/raw/bok/u/201511/J7332/good/d7332.0265.fits
0280 object   10464      strumu    60.0  52.57929 +20.50000 /data/raw/bok/u/201511/J7332/good/d7332.0280.fits
0281 object   10465      strumu    60.0  53.43362 +20.50000 /data/raw/bok/u/201511/J7332/good/d7332.0281.fits
0282 object   10466      strumu    60.0  54.28787 +20.50000 /data/raw/bok/u/201511/J7332/good/d7332.0282.fits
0283 object   10467      strumu    60.0  55.14171 +20.50000 /data/raw/bok/u/201511/J7332/good/d7332.0283.fits
0284 object   10468      strumu    60.0  55.99604 +20.50000 /data/raw/bok/u/201511/J7332/good/d7332.0284.fits
0285 object   10469      strumu    60.0  56.84992 +20.50000 /data/raw/bok/u/201511/J7332/good/d7332.0285.fits
0286 object   10470      strumu    60.0  57.70421 +20.49997 /data/raw/bok/u/201511/J7332/good/d7332.0286.fits
0287 object   10464      strumu     6.0  52.57967 +20.50000 /data/raw/bok/u/201511/J7332/good/d7332.0287.fits
0288 object   10465      strumu     6.0  53.43375 +20.49997 /data/raw/bok/u/201511/J7332/good/d7332.0288.fits
0289 object   10466      strumu     6.0  54.28779 +20.49997 /data/raw/bok/u/201511/J7332/good/d7332.0289.fits
0290 object   10467      strumu     6.0  55.14200 +20.49997 /data/raw/bok/u/201511/J7332/good/d7332.0290.fits
0291 object   10468      strumu     6.0  55.99596 +20.50000 /data/raw/bok/u/201511/J7332/good/d7332.0291.fits
0292 object   10469      strumu     6.0  56.85004 +20.49997 /data/raw/bok/u/201511/J7332/good/d7332.0292.fits
0293 object   10470      strumu     6.0  57.70388 +20.50000 /data/raw/bok/u/201511/J7332/good/d7332.0293.fits
0308 object   11198      strumu    60.0  60.06267 +22.09997 /data/raw/bok/u/201511/J7332/good/d7332.0308.fits
0309 object   11199      strumu    60.0  60.92587 +22.09997 /data/raw/bok/u/201511/J7332/good/d7332.0309.fits
0310 object   11200      strumu    60.0  61.78933 +22.09997 /data/raw/bok/u/201511/J7332/good/d7332.0310.fits
0311 object   11201      strumu    60.0  62.65304 +22.09997 /data/raw/bok/u/201511/J7332/good/d7332.0311.fits
0312 object   11202      strumu    60.0  63.51658 +22.09997 /data/raw/bok/u/201511/J7332/good/d7332.0312.fits
0313 object   11203      strumu    60.0  64.37983 +22.09997 /data/raw/bok/u/201511/J7332/good/d7332.0313.fits
0314 object   11204      strumu    60.0  65.24321 +22.09997 /data/raw/bok/u/201511/J7332/good/d7332.0314.fits
0315 object   11198      strumu     6.0  60.06296 +22.09997 /data/raw/bok/u/201511/J7332/good/d7332.0315.fits
0316 object   11199      strumu     6.0  60.92617 +22.09997 /data/raw/bok/u/201511/J7332/good/d7332.0316.fits
0317 object   11200      strumu     6.0  61.78946 +22.09997 /data/raw/bok/u/201511/J7332/good/d7332.0317.fits
0318 object   11201      strumu     6.0  62.65312 +22.09997 /data/raw/bok/u/201511/J7332/good/d7332.0318.fits
0319 object   11202      strumu     6.0  63.51650 +22.09997 /data/raw/bok/u/201511/J7332/good/d7332.0319.fits
0320 object   11203      strumu     6.0  64.37987 +22.09997 /data/raw/bok/u/201511/J7332/good/d7332.0320.fits
0321 object   11204      strumu     6.0  65.24333 +22.09997 /data/raw/bok/u/201511/J7332/good/d7332.0321.fits
0336 object   10478      strumu    60.0  64.53712 +20.50025 /data/raw/bok/u/201511/J7332/good/d7332.0336.fits
0337 object   10479      strumu    60.0  65.39125 +20.50000 /data/raw/bok/u/201511/J7332/good/d7332.0337.fits
0338 object   10480      strumu    60.0  66.24500 +20.49997 /data/raw/bok/u/201511/J7332/good/d7332.0338.fits
0339 object   10481      strumu    60.0  67.09917 +20.50000 /data/raw/bok/u/201511/J7332/good/d7332.0339.fits
0340 object   10482      strumu    60.0  67.95321 +20.49997 /data/raw/bok/u/201511/J7332/good/d7332.0340.fits
0341 object   10483      strumu    60.0  68.80737 +20.49997 /data/raw/bok/u/201511/J7332/good/d7332.0341.fits
0342 object   10484      strumu    60.0  69.66167 +20.49997 /data/raw/bok/u/201511/J7332/good/d7332.0342.fits
0343 object   10478      strumu     6.0  64.53725 +20.50000 /data/raw/bok/u/201511/J7332/good/d7332.0343.fits
0344 object   10479      strumu     6.0  65.39104 +20.49997 /data/raw/bok/u/201511/J7332/good/d7332.0344.fits
0345 object   10480      strumu     6.0  66.24483 +20.49997 /data/raw/bok/u/201511/J7332/good/d7332.0345.fits
0346 object   10481      strumu     6.0  67.09896 +20.49997 /data/raw/bok/u/201511/J7332/good/d7332.0346.fits
0347 object   10482      strumu     6.0  67.95312 +20.49997 /data/raw/bok/u/201511/J7332/good/d7332.0347.fits
0348 object   10483      strumu     6.0  68.80733 +20.49997 /data/raw/bok/u/201511/J7332/good/d7332.0348.fits
0349 object   10484      strumu     6.0  69.66137 +20.49997 /data/raw/bok/u/201511/J7332/good/d7332.0349.fits
0364 object   10485      strumu    60.0  70.51517 +20.49994 /data/raw/bok/u/201511/J7332/good/d7332.0364.fits
0365 object   10486      strumu    60.0  71.36946 +20.49997 /data/raw/bok/u/201511/J7332/good/d7332.0365.fits
0366 object   10487      strumu    60.0  72.22333 +20.49997 /data/raw/bok/u/201511/J7332/good/d7332.0366.fits
0367 object   10488      strumu    60.0  73.07792 +20.49997 /data/raw/bok/u/201511/J7332/good/d7332.0367.fits
0368 object   10489      strumu    60.0  73.93200 +20.49997 /data/raw/bok/u/201511/J7332/good/d7332.0368.fits
0369 object   10490      strumu    60.0  74.78588 +20.50000 /data/raw/bok/u/201511/J7332/good/d7332.0369.fits
0370 object   10491      strumu    60.0  75.63992 +20.49997 /data/raw/bok/u/201511/J7332/good/d7332.0370.fits
0371 object   10485      strumu     6.0  70.51533 +20.50000 /data/raw/bok/u/201511/J7332/good/d7332.0371.fits
0372 object   10486      strumu     6.0  71.36958 +20.50000 /data/raw/bok/u/201511/J7332/good/d7332.0372.fits
0373 object   10487      strumu     6.0  72.22362 +20.49997 /data/raw/bok/u/201511/J7332/good/d7332.0373.fits
0374 object   10488      strumu     6.0  73.07796 +20.49997 /data/raw/bok/u/201511/J7332/good/d7332.0374.fits
0375 object   10489      strumu     6.0  73.93188 +20.49997 /data/raw/bok/u/201511/J7332/good/d7332.0375.fits
0376 object   10490      strumu     6.0  74.78571 +20.49997 /data/raw/bok/u/201511/J7332/good/d7332.0376.fits
0377 object   10491      strumu     6.0  75.64000 +20.49997 /data/raw/bok/u/201511/J7332/good/d7332.0377.fits
0076 object   10763      strumv    20.0 357.48925 +20.50000 /data/raw/bok/v/201511/J7332/good/d7332.0076.fits
0077 object   10764      strumv    20.0 358.34267 +20.50000 /data/raw/bok/v/201511/J7332/good/d7332.0077.fits
0078 object   10765      strumv    20.0 359.19700 +20.50003 /data/raw/bok/v/201511/J7332/good/d7332.0078.fits
0079 object   10766      strumv    20.0   0.05125 +20.50000 /data/raw/bok/v/201511/J7332/good/d7332.0079.fits
0080 object   10767      strumv    20.0   0.48283 +21.29978 /data/raw/bok/v/201511/J7332/good/d7332.0080.fits
0081 object   10768      strumv    20.0   1.34162 +21.30000 /data/raw/bok/v/201511/J7332/good/d7332.0081.fits
0082 object   10769      strumv    20.0   2.20050 +21.30000 /data/raw/bok/v/201511/J7332/good/d7332.0082.fits
0083 object   10763      strumv     2.0 357.48933 +20.50000 /data/raw/bok/v/201511/J7332/good/d7332.0083.fits
0084 object   10764      strumv     2.0 358.34275 +20.50000 /data/raw/bok/v/201511/J7332/good/d7332.0084.fits
0085 object   10765      strumv     2.0 359.19687 +20.50000 /data/raw/bok/v/201511/J7332/good/d7332.0085.fits
0086 object   10766      strumv     2.0   0.05108 +20.50000 /data/raw/bok/v/201511/J7332/good/d7332.0086.fits
0087 object   10767      strumv     2.0   0.48287 +21.29992 /data/raw/bok/v/201511/J7332/good/d7332.0087.fits
0088 object   10768      strumv     2.0   1.34146 +21.29997 /data/raw/bok/v/201511/J7332/good/d7332.0088.fits
0089 object   10769      strumv     2.0   2.20033 +21.30000 /data/raw/bok/v/201511/J7332/good/d7332.0089.fits
0100 object   10403      strumv    20.0   0.48046 +20.50000 /data/raw/bok/v/201511/J7332/good/d7332.0100.fits
0101 object   10404      strumv    20.0   1.33433 +20.50003 /data/raw/bok/v/201511/J7332/good/d7332.0101.fits
0102 object   10405      strumv    20.0   2.18875 +20.50000 /data/raw/bok/v/201511/J7332/good/d7332.0102.fits
0103 object   10406      strumv    20.0   3.04242 +20.50000 /data/raw/bok/v/201511/J7332/good/d7332.0103.fits
0104 object   10407      strumv    20.0   3.89671 +20.50000 /data/raw/bok/v/201511/J7332/good/d7332.0104.fits
0105 object   10403      strumv     2.0   0.48029 +20.50000 /data/raw/bok/v/201511/J7332/good/d7332.0105.fits
0106 object   10404      strumv     2.0   1.33429 +20.50000 /data/raw/bok/v/201511/J7332/good/d7332.0106.fits
0107 object   10405      strumv     2.0   2.18875 +20.50000 /data/raw/bok/v/201511/J7332/good/d7332.0107.fits
0108 object   10406      strumv     2.0   3.04242 +20.49997 /data/raw/bok/v/201511/J7332/good/d7332.0108.fits
0109 object   10407      strumv     2.0   3.89650 +20.50000 /data/raw/bok/v/201511/J7332/good/d7332.0109.fits
0124 object   10777      strumv    20.0   9.06954 +21.29997 /data/raw/bok/v/201511/J7332/good/d7332.0124.fits
0125 object   10778      strumv    20.0   9.92821 +21.29997 /data/raw/bok/v/201511/J7332/good/d7332.0125.fits
0126 object   10779      strumv    20.0  10.78646 +21.29997 /data/raw/bok/v/201511/J7332/good/d7332.0126.fits
0127 object   10780      strumv    20.0  11.64546 +21.29997 /data/raw/bok/v/201511/J7332/good/d7332.0127.fits
0128 object   10781      strumv    20.0  12.50408 +21.29997 /data/raw/bok/v/201511/J7332/good/d7332.0128.fits
0129 object   10782      strumv    20.0  13.36271 +21.29997 /data/raw/bok/v/201511/J7332/good/d7332.0129.fits
0130 object   10783      strumv    20.0  14.22117 +21.29997 /data/raw/bok/v/201511/J7332/good/d7332.0130.fits
0131 object   10777      strumv     2.0   9.06958 +21.30000 /data/raw/bok/v/201511/J7332/good/d7332.0131.fits
0132 object   10778      strumv     2.0   9.92821 +21.29997 /data/raw/bok/v/201511/J7332/good/d7332.0132.fits
0133 object   10779      strumv     2.0  10.78663 +21.29997 /data/raw/bok/v/201511/J7332/good/d7332.0133.fits
0134 object   10780      strumv     2.0  11.64538 +21.29997 /data/raw/bok/v/201511/J7332/good/d7332.0134.fits
0135 object   10781      strumv     2.0  12.50404 +21.29997 /data/raw/bok/v/201511/J7332/good/d7332.0135.fits
0136 object   10782      strumv     2.0  13.36287 +21.29997 /data/raw/bok/v/201511/J7332/good/d7332.0136.fits
0137 object   10783      strumv     2.0  14.22100 +21.29997 /data/raw/bok/v/201511/J7332/good/d7332.0137.fits
0152 object   10784      strumv    20.0  15.08012 +21.30003 /data/raw/bok/v/201511/J7332/good/d7332.0152.fits
0153 object   10785      strumv    20.0  15.93846 +21.29997 /data/raw/bok/v/201511/J7332/good/d7332.0153.fits
0154 object   10786      strumv    20.0  16.79758 +21.29997 /data/raw/bok/v/201511/J7332/good/d7332.0154.fits
0155 object   10787      strumv    20.0  17.65613 +21.29997 /data/raw/bok/v/201511/J7332/good/d7332.0155.fits
0156 object   10788      strumv    20.0  18.51433 +21.29997 /data/raw/bok/v/201511/J7332/good/d7332.0156.fits
0157 object   10789      strumv    20.0  19.37292 +21.29997 /data/raw/bok/v/201511/J7332/good/d7332.0157.fits
0158 object   10790      strumv    20.0  20.23187 +21.29997 /data/raw/bok/v/201511/J7332/good/d7332.0158.fits
0159 object   10784      strumv     2.0  15.07996 +21.30000 /data/raw/bok/v/201511/J7332/good/d7332.0159.fits
0160 object   10785      strumv     2.0  15.93863 +21.29997 /data/raw/bok/v/201511/J7332/good/d7332.0160.fits
0161 object   10786      strumv     2.0  16.79738 +21.29997 /data/raw/bok/v/201511/J7332/good/d7332.0161.fits
0162 object   10787      strumv     2.0  17.65613 +21.29997 /data/raw/bok/v/201511/J7332/good/d7332.0162.fits
0163 object   10788      strumv     2.0  18.51450 +21.29997 /data/raw/bok/v/201511/J7332/good/d7332.0163.fits
0164 object   10789      strumv     2.0  19.37333 +21.29997 /data/raw/bok/v/201511/J7332/good/d7332.0164.fits
0165 object   10790      strumv     2.0  20.23204 +21.29997 /data/raw/bok/v/201511/J7332/good/d7332.0165.fits
0182 object   10791      strumv    20.0  21.09087 +21.30000 /data/raw/bok/v/201511/J7332/good/d7332.0182.fits
0183 object   10792      strumv    20.0  21.94892 +21.29997 /data/raw/bok/v/201511/J7332/good/d7332.0183.fits
0184 object   10793      strumv    20.0  22.80771 +21.29997 /data/raw/bok/v/201511/J7332/good/d7332.0184.fits
0185 object   10794      strumv    20.0  23.66658 +21.29997 /data/raw/bok/v/201511/J7332/good/d7332.0185.fits
0186 object   10795      strumv    20.0  24.52529 +21.29997 /data/raw/bok/v/201511/J7332/good/d7332.0186.fits
0187 object   10796      strumv    20.0  25.38350 +21.29997 /data/raw/bok/v/201511/J7332/good/d7332.0187.fits
0188 object   10797      strumv    20.0  26.24221 +21.29997 /data/raw/bok/v/201511/J7332/good/d7332.0188.fits
0189 object   10791      strumv     2.0  21.09100 +21.29997 /data/raw/bok/v/201511/J7332/good/d7332.0189.fits
0190 object   10792      strumv     2.0  21.94896 +21.29997 /data/raw/bok/v/201511/J7332/good/d7332.0190.fits
0191 object   10793      strumv     2.0  22.80775 +21.29997 /data/raw/bok/v/201511/J7332/good/d7332.0191.fits
0192 object   10794      strumv     2.0  23.66646 +21.29997 /data/raw/bok/v/201511/J7332/good/d7332.0192.fits
0193 object   10795      strumv     2.0  24.52525 +21.29997 /data/raw/bok/v/201511/J7332/good/d7332.0193.fits
0194 object   10796      strumv     2.0  25.38362 +21.30000 /data/raw/bok/v/201511/J7332/good/d7332.0194.fits
0195 object   10797      strumv     2.0  26.24217 +21.29997 /data/raw/bok/v/201511/J7332/good/d7332.0195.fits
0210 object   10798      strumv    20.0  27.10121 +21.30000 /data/raw/bok/v/201511/J7332/good/d7332.0210.fits
0211 object   10799      strumv    20.0  27.95971 +21.29997 /data/raw/bok/v/201511/J7332/good/d7332.0211.fits
0212 object   10800      strumv    20.0  28.81850 +21.29994 /data/raw/bok/v/201511/J7332/good/d7332.0212.fits
0213 object   10801      strumv    20.0  29.67700 +21.29997 /data/raw/bok/v/201511/J7332/good/d7332.0213.fits
0214 object   10802      strumv    20.0  30.53592 +21.29994 /data/raw/bok/v/201511/J7332/good/d7332.0214.fits
0215 object   10803      strumv    20.0  31.39446 +21.29994 /data/raw/bok/v/201511/J7332/good/d7332.0215.fits
0216 object   10804      strumv    20.0  32.25312 +21.29994 /data/raw/bok/v/201511/J7332/good/d7332.0216.fits
0217 object   10798      strumv     2.0  27.10150 +21.30000 /data/raw/bok/v/201511/J7332/good/d7332.0217.fits
0218 object   10799      strumv     2.0  27.95988 +21.29994 /data/raw/bok/v/201511/J7332/good/d7332.0218.fits
0219 object   10800      strumv     2.0  28.81854 +21.29994 /data/raw/bok/v/201511/J7332/good/d7332.0219.fits
0220 object   10801      strumv     2.0  29.67692 +21.29994 /data/raw/bok/v/201511/J7332/good/d7332.0220.fits
0221 object   10802      strumv     2.0  30.53575 +21.29994 /data/raw/bok/v/201511/J7332/good/d7332.0221.fits
0222 object   10803      strumv     2.0  31.39446 +21.29994 /data/raw/bok/v/201511/J7332/good/d7332.0222.fits
0223 object   10804      strumv     2.0  32.25325 +21.29994 /data/raw/bok/v/201511/J7332/good/d7332.0223.fits
0238 object   10443      strumv    20.0  34.64367 +20.50000 /data/raw/bok/v/201511/J7332/good/d7332.0238.fits
0239 object   10444      strumv    20.0  35.49775 +20.49997 /data/raw/bok/v/201511/J7332/good/d7332.0239.fits
0240 object   10445      strumv    20.0  36.35208 +20.49997 /data/raw/bok/v/201511/J7332/good/d7332.0240.fits
0241 object   10446      strumv    20.0  37.20604 +20.49997 /data/raw/bok/v/201511/J7332/good/d7332.0241.fits
0242 object   10447      strumv    20.0  38.06012 +20.49997 /data/raw/bok/v/201511/J7332/good/d7332.0242.fits
0243 object   10448      strumv    20.0  38.91421 +20.49997 /data/raw/bok/v/201511/J7332/good/d7332.0243.fits
0244 object   10449      strumv    20.0  39.76808 +20.49997 /data/raw/bok/v/201511/J7332/good/d7332.0244.fits
0245 object   10443      strumv     2.0  34.64392 +20.49997 /data/raw/bok/v/201511/J7332/good/d7332.0245.fits
0246 object   10444      strumv     2.0  35.49779 +20.49997 /data/raw/bok/v/201511/J7332/good/d7332.0246.fits
0247 object   10445      strumv     2.0  36.35183 +20.49997 /data/raw/bok/v/201511/J7332/good/d7332.0247.fits
0248 object   10446      strumv     2.0  37.20617 +20.49997 /data/raw/bok/v/201511/J7332/good/d7332.0248.fits
0249 object   10447      strumv     2.0  38.06017 +20.49997 /data/raw/bok/v/201511/J7332/good/d7332.0249.fits
0250 object   10448      strumv     2.0  38.91408 +20.49997 /data/raw/bok/v/201511/J7332/good/d7332.0250.fits
0251 object   10449      strumv     2.0  39.76817 +20.49997 /data/raw/bok/v/201511/J7332/good/d7332.0251.fits
0266 object   11177      strumv    20.0  41.93075 +22.10003 /data/raw/bok/v/201511/J7332/good/d7332.0266.fits
0267 object   11178      strumv    20.0  42.79413 +22.09997 /data/raw/bok/v/201511/J7332/good/d7332.0267.fits
0268 object   11179      strumv    20.0  43.65717 +22.09997 /data/raw/bok/v/201511/J7332/good/d7332.0268.fits
0269 object   11180      strumv    20.0  44.52088 +22.09997 /data/raw/bok/v/201511/J7332/good/d7332.0269.fits
0270 object   11181      strumv    20.0  45.38462 +22.09997 /data/raw/bok/v/201511/J7332/good/d7332.0270.fits
0271 object   11182      strumv    20.0  46.24779 +22.09997 /data/raw/bok/v/201511/J7332/good/d7332.0271.fits
0272 object   11183      strumv    20.0  47.11125 +22.09997 /data/raw/bok/v/201511/J7332/good/d7332.0272.fits
0273 object   11177      strumv     2.0  41.93108 +22.10000 /data/raw/bok/v/201511/J7332/good/d7332.0273.fits
0274 object   11178      strumv     2.0  42.79421 +22.09997 /data/raw/bok/v/201511/J7332/good/d7332.0274.fits
0275 object   11179      strumv     2.0  43.65725 +22.09997 /data/raw/bok/v/201511/J7332/good/d7332.0275.fits
0276 object   11180      strumv     2.0  44.52067 +22.09997 /data/raw/bok/v/201511/J7332/good/d7332.0276.fits
0277 object   11181      strumv     2.0  45.38437 +22.09997 /data/raw/bok/v/201511/J7332/good/d7332.0277.fits
0278 object   11182      strumv     2.0  46.24796 +22.09997 /data/raw/bok/v/201511/J7332/good/d7332.0278.fits
0279 object   11183      strumv     2.0  47.11113 +22.09997 /data/raw/bok/v/201511/J7332/good/d7332.0279.fits
0294 object   10464      strumv    20.0  52.57963 +20.50000 /data/raw/bok/v/201511/J7332/good/d7332.0294.fits
0295 object   10465      strumv    20.0  53.43362 +20.49997 /data/raw/bok/v/201511/J7332/good/d7332.0295.fits
0296 object   10466      strumv    20.0  54.28771 +20.49997 /data/raw/bok/v/201511/J7332/good/d7332.0296.fits
0297 object   10467      strumv    20.0  55.14200 +20.50000 /data/raw/bok/v/201511/J7332/good/d7332.0297.fits
0298 object   10468      strumv    20.0  55.99592 +20.50000 /data/raw/bok/v/201511/J7332/good/d7332.0298.fits
0299 object   10469      strumv    20.0  56.84983 +20.50000 /data/raw/bok/v/201511/J7332/good/d7332.0299.fits
0300 object   10470      strumv    20.0  57.70392 +20.50000 /data/raw/bok/v/201511/J7332/good/d7332.0300.fits
0301 object   10464      strumv     2.0  52.57954 +20.49997 /data/raw/bok/v/201511/J7332/good/d7332.0301.fits
0302 object   10465      strumv     2.0  53.43367 +20.49997 /data/raw/bok/v/201511/J7332/good/d7332.0302.fits
0303 object   10466      strumv     2.0  54.28800 +20.50000 /data/raw/bok/v/201511/J7332/good/d7332.0303.fits
0304 object   10467      strumv     2.0  55.14187 +20.49997 /data/raw/bok/v/201511/J7332/good/d7332.0304.fits
0305 object   10468      strumv     2.0  55.99625 +20.50000 /data/raw/bok/v/201511/J7332/good/d7332.0305.fits
0306 object   10469      strumv     2.0  56.85000 +20.50000 /data/raw/bok/v/201511/J7332/good/d7332.0306.fits
0307 object   10470      strumv     2.0  57.70404 +20.49997 /data/raw/bok/v/201511/J7332/good/d7332.0307.fits
0322 object   11198      strumv    20.0  60.06317 +22.10000 /data/raw/bok/v/201511/J7332/good/d7332.0322.fits
0323 object   11199      strumv    20.0  60.92612 +22.09997 /data/raw/bok/v/201511/J7332/good/d7332.0323.fits
0324 object   11200      strumv    20.0  61.78929 +22.09997 /data/raw/bok/v/201511/J7332/good/d7332.0324.fits
0325 object   11201      strumv    20.0  62.65308 +22.09997 /data/raw/bok/v/201511/J7332/good/d7332.0325.fits
0326 object   11202      strumv    20.0  63.51654 +22.09997 /data/raw/bok/v/201511/J7332/good/d7332.0326.fits
0327 object   11203      strumv    20.0  64.37992 +22.09997 /data/raw/bok/v/201511/J7332/good/d7332.0327.fits
0328 object   11204      strumv    20.0  65.24300 +22.09997 /data/raw/bok/v/201511/J7332/good/d7332.0328.fits
0329 object   11198      strumv     2.0  60.06275 +22.10000 /data/raw/bok/v/201511/J7332/good/d7332.0329.fits
0330 object   11199      strumv     2.0  60.92587 +22.09997 /data/raw/bok/v/201511/J7332/good/d7332.0330.fits
0331 object   11200      strumv     2.0  61.78950 +22.09997 /data/raw/bok/v/201511/J7332/good/d7332.0331.fits
0332 object   11201      strumv     2.0  62.65317 +22.09997 /data/raw/bok/v/201511/J7332/good/d7332.0332.fits
0333 object   11202      strumv     2.0  63.51650 +22.09997 /data/raw/bok/v/201511/J7332/good/d7332.0333.fits
0334 object   11203      strumv     2.0  64.37996 +22.09997 /data/raw/bok/v/201511/J7332/good/d7332.0334.fits
0335 object   11204      strumv     2.0  65.24321 +22.10000 /data/raw/bok/v/201511/J7332/good/d7332.0335.fits
0350 object   10478      strumv    20.0  64.53717 +20.50000 /data/raw/bok/v/201511/J7332/good/d7332.0350.fits
0351 object   10479      strumv    20.0  65.39121 +20.49997 /data/raw/bok/v/201511/J7332/good/d7332.0351.fits
0352 object   10480      strumv    20.0  66.24492 +20.49997 /data/raw/bok/v/201511/J7332/good/d7332.0352.fits
0353 object   10481      strumv    20.0  67.09900 +20.49997 /data/raw/bok/v/201511/J7332/good/d7332.0353.fits
0354 object   10482      strumv    20.0  67.95317 +20.49997 /data/raw/bok/v/201511/J7332/good/d7332.0354.fits
0355 object   10483      strumv    20.0  68.80750 +20.49997 /data/raw/bok/v/201511/J7332/good/d7332.0355.fits
0356 object   10484      strumv    20.0  69.66162 +20.49997 /data/raw/bok/v/201511/J7332/good/d7332.0356.fits
0357 object   10478      strumv     2.0  64.53708 +20.50000 /data/raw/bok/v/201511/J7332/good/d7332.0357.fits
0358 object   10479      strumv     2.0  65.39096 +20.49997 /data/raw/bok/v/201511/J7332/good/d7332.0358.fits
0359 object   10480      strumv     2.0  66.24479 +20.49997 /data/raw/bok/v/201511/J7332/good/d7332.0359.fits
0360 object   10481      strumv     2.0  67.09921 +20.49997 /data/raw/bok/v/201511/J7332/good/d7332.0360.fits
0361 object   10482      strumv     2.0  67.95312 +20.49997 /data/raw/bok/v/201511/J7332/good/d7332.0361.fits
0362 object   10483      strumv     2.0  68.80729 +20.49997 /data/raw/bok/v/201511/J7332/good/d7332.0362.fits
0363 object   10484      strumv     2.0  69.66158 +20.49997 /data/raw/bok/v/201511/J7332/good/d7332.0363.fits
0378 object   10485      strumv    20.0  70.51533 +20.50000 /data/raw/bok/v/201511/J7332/good/d7332.0378.fits
0379 object   10486      strumv    20.0  71.36946 +20.49997 /data/raw/bok/v/201511/J7332/good/d7332.0379.fits
0380 object   10487      strumv    20.0  72.22333 +20.49997 /data/raw/bok/v/201511/J7332/good/d7332.0380.fits
0381 object   10488      strumv    20.0  73.07763 +20.49997 /data/raw/bok/v/201511/J7332/good/d7332.0381.fits
0382 object   10489      strumv    20.0  73.93204 +20.49997 /data/raw/bok/v/201511/J7332/good/d7332.0382.fits
0383 object   10490      strumv    20.0  74.78558 +20.49997 /data/raw/bok/v/201511/J7332/good/d7332.0383.fits
0384 object   10491      strumv    20.0  75.63979 +20.49994 /data/raw/bok/v/201511/J7332/good/d7332.0384.fits
0385 object   10485      strumv     2.0  70.51533 +20.50000 /data/raw/bok/v/201511/J7332/good/d7332.0385.fits
0386 object   10486      strumv     2.0  71.36958 +20.49997 /data/raw/bok/v/201511/J7332/good/d7332.0386.fits
0387 object   10487      strumv     2.0  72.22371 +20.49997 /data/raw/bok/v/201511/J7332/good/d7332.0387.fits
0388 object   10488      strumv     2.0  73.07783 +20.49997 /data/raw/bok/v/201511/J7332/good/d7332.0388.fits
0389 object   10489      strumv     2.0  73.93200 +20.49994 /data/raw/bok/v/201511/J7332/good/d7332.0389.fits
0390 object   10490      strumv     2.0  74.78579 +20.49997 /data/raw/bok/v/201511/J7332/good/d7332.0390.fits
0391 object   10491      strumv     2.0  75.64004 +20.49997 /data/raw/bok/v/201511/J7332/good/d7332.0391.fits
0020 object   'test'     strumv     1.0 328.74983 +35.00000 /data/raw/bok/v/201511/J7332/other/d7332.0020.fits
0033 object   'test'     strumv     1.0 328.74983 +35.00000 /data/raw/bok/v/201511/J7332/other/d7332.0033.fits
0034 object   'test'     strumv     2.0 328.74996 +34.99997 /data/raw/bok/v/201511/J7332/other/d7332.0034.fits
0035 object   'test'     strumv     5.0 328.74996 +34.99997 /data/raw/bok/v/201511/J7332/other/d7332.0035.fits
0036 object   'test'     strumv     8.0 328.75000 +35.00000 /data/raw/bok/v/201511/J7332/other/d7332.0036.fits
0037 object   'test'     strumv    10.0 328.74992 +34.99994 /data/raw/bok/v/201511/J7332/other/d7332.0037.fits
0038 object   'test'     strumv    20.0 328.75000 +35.00000 /data/raw/bok/v/201511/J7332/other/d7332.0038.fits
0039 object   'test'     strumv    50.0 328.74983 +34.99994 /data/raw/bok/v/201511/J7332/other/d7332.0039.fits
0049 object   'test'     strumv     0.2 328.74996 +34.99994 /data/raw/bok/v/201511/J7332/other/d7332.0049.fits
0050 object   'test'     strumv     0.5 328.74992 +34.99997 /data/raw/bok/v/201511/J7332/other/d7332.0050.fits
0052 object   'test'     strumv     0.2 328.74996 +34.99997 /data/raw/bok/v/201511/J7332/other/d7332.0052.fits
0053 object   'test'     strumv     0.5 328.74987 +34.99997 /data/raw/bok/v/201511/J7332/other/d7332.0053.fits
0054 object   'test'     strumv     1.0 328.75008 +34.99997 /data/raw/bok/v/201511/J7332/other/d7332.0054.fits
0055 object   'test'     strumv     2.0 328.74992 +34.99997 /data/raw/bok/v/201511/J7332/other/d7332.0055.fits
0056 object   'test'     strumv     0.2 328.74987 +34.99997 /data/raw/bok/v/201511/J7332/other/d7332.0056.fits
0057 object   'test'     strumv     0.5 328.74983 +34.99997 /data/raw/bok/v/201511/J7332/other/d7332.0057.fits
0058 object   'test'     strumv     1.0 328.75004 +34.99997 /data/raw/bok/v/201511/J7332/other/d7332.0058.fits
0059 object   'test'     strumv     2.0 328.74996 +34.99997 /data/raw/bok/v/201511/J7332/other/d7332.0059.fits
0061 object   'test'     strumv    20.0 328.74996 +34.99997 /data/raw/bok/v/201511/J7332/other/d7332.0061.fits
0040 object   'test'     strumu     1.0 328.74992 +34.99997 /data/raw/bok/u/201511/J7332/other/d7332.0040.fits
0041 object   'test'     strumu     2.0 328.74987 +34.99994 /data/raw/bok/u/201511/J7332/other/d7332.0041.fits
0042 object   'test'     strumu     5.0 328.75000 +34.99997 /data/raw/bok/u/201511/J7332/other/d7332.0042.fits
0043 object   'test'     strumu     8.0 328.74987 +35.00000 /data/raw/bok/u/201511/J7332/other/d7332.0043.fits
0044 object   'test'     strumu    10.0 328.75000 +34.99994 /data/raw/bok/u/201511/J7332/other/d7332.0044.fits
0045 object   'test'     strumu    20.0 328.74979 +34.99997 /data/raw/bok/u/201511/J7332/other/d7332.0045.fits
0046 object   'test'     strumu    50.0 328.74996 +35.00000 /data/raw/bok/u/201511/J7332/other/d7332.0046.fits
0047 object   'test'     strumu    80.0 328.74992 +34.99994 /data/raw/bok/u/201511/J7332/other/d7332.0047.fits
0048 object   'test'     strumu   100.0 328.75004 +35.00000 /data/raw/bok/u/201511/J7332/other/d7332.0048.fits
