0014 object   10728      strumu     6.0 327.59571 +20.50000 /data/raw/bok/u/201511/J7335/good/d7335.0014.fits
0015 object   10728      strumu    60.0 327.59583 +20.50000 /data/raw/bok/u/201511/J7335/good/d7335.0015.fits
0016 object   10729      strumu     6.0 328.45004 +20.50000 /data/raw/bok/u/201511/J7335/good/d7335.0016.fits
0017 object   10729      strumu    60.0 328.44992 +20.50000 /data/raw/bok/u/201511/J7335/good/d7335.0017.fits
0018 object   10730      strumu     6.0 329.30417 +20.50000 /data/raw/bok/u/201511/J7335/good/d7335.0018.fits
0019 object   10730      strumu    60.0 329.30417 +20.50000 /data/raw/bok/u/201511/J7335/good/d7335.0019.fits
0020 object   10731      strumu     6.0 330.15821 +20.50000 /data/raw/bok/u/201511/J7335/good/d7335.0020.fits
0021 object   10731      strumu    60.0 330.15837 +20.49997 /data/raw/bok/u/201511/J7335/good/d7335.0021.fits
0022 object   10732      strumu     6.0 331.01179 +20.50000 /data/raw/bok/u/201511/J7335/good/d7335.0022.fits
0023 object   10732      strumu    60.0 331.01188 +20.50000 /data/raw/bok/u/201511/J7335/good/d7335.0023.fits
0024 object   10733      strumu     6.0 331.86613 +20.50000 /data/raw/bok/u/201511/J7335/good/d7335.0024.fits
0025 object   10733      strumu    60.0 331.86625 +20.50000 /data/raw/bok/u/201511/J7335/good/d7335.0025.fits
0026 object   10734      strumu     6.0 332.72025 +20.50000 /data/raw/bok/u/201511/J7335/good/d7335.0026.fits
0027 object   10734      strumu    60.0 332.72033 +20.50000 /data/raw/bok/u/201511/J7335/good/d7335.0027.fits
0028 object   10735      strumu     6.0 333.57433 +20.50000 /data/raw/bok/u/201511/J7335/good/d7335.0028.fits
0029 object   10735      strumu    60.0 333.57450 +20.50000 /data/raw/bok/u/201511/J7335/good/d7335.0029.fits
0030 object   10736      strumu     6.0 334.42863 +20.50000 /data/raw/bok/u/201511/J7335/good/d7335.0030.fits
0031 object   10736      strumu    60.0 334.42875 +20.50000 /data/raw/bok/u/201511/J7335/good/d7335.0031.fits
0032 object   10737      strumu     6.0 335.28238 +20.50000 /data/raw/bok/u/201511/J7335/good/d7335.0032.fits
0033 object   10737      strumu    60.0 335.28238 +20.50000 /data/raw/bok/u/201511/J7335/good/d7335.0033.fits
0034 object   10738      strumu     6.0 336.13646 +20.50000 /data/raw/bok/u/201511/J7335/good/d7335.0034.fits
0035 object   10738      strumu    60.0 336.13642 +20.50000 /data/raw/bok/u/201511/J7335/good/d7335.0035.fits
0036 object   10739      strumu     6.0 336.99067 +20.50000 /data/raw/bok/u/201511/J7335/good/d7335.0036.fits
0037 object   10739      strumu    60.0 336.99071 +20.50000 /data/raw/bok/u/201511/J7335/good/d7335.0037.fits
0038 object   11101      strumu     6.0 337.07533 +21.29994 /data/raw/bok/u/201511/J7335/good/d7335.0038.fits
0039 object   11101      strumu    60.0 337.07529 +21.30003 /data/raw/bok/u/201511/J7335/good/d7335.0039.fits
0040 object   10740      strumu     6.0 337.84508 +20.50006 /data/raw/bok/u/201511/J7335/good/d7335.0040.fits
0041 object   10740      strumu    60.0 337.84483 +20.50000 /data/raw/bok/u/201511/J7335/good/d7335.0041.fits
0042 object   11102      strumu     6.0 337.93375 +21.29986 /data/raw/bok/u/201511/J7335/good/d7335.0042.fits
0043 object   11102      strumu    60.0 337.93367 +21.30000 /data/raw/bok/u/201511/J7335/good/d7335.0043.fits
0044 object   10741      strumu     6.0 338.69912 +20.50006 /data/raw/bok/u/201511/J7335/good/d7335.0044.fits
0045 object   10741      strumu    60.0 338.69921 +20.50000 /data/raw/bok/u/201511/J7335/good/d7335.0045.fits
0046 object   11103      strumu     6.0 338.79233 +21.29986 /data/raw/bok/u/201511/J7335/good/d7335.0046.fits
0047 object   11103      strumu    60.0 338.79237 +21.30000 /data/raw/bok/u/201511/J7335/good/d7335.0047.fits
0048 object   10742      strumu     6.0 339.55317 +20.50008 /data/raw/bok/u/201511/J7335/good/d7335.0048.fits
0049 object   10742      strumu    60.0 339.55325 +20.50000 /data/raw/bok/u/201511/J7335/good/d7335.0049.fits
0050 object   11104      strumu     6.0 339.65125 +21.29986 /data/raw/bok/u/201511/J7335/good/d7335.0050.fits
0051 object   11104      strumu    60.0 339.65104 +21.30000 /data/raw/bok/u/201511/J7335/good/d7335.0051.fits
0052 object   10743      strumu     6.0 340.40713 +20.50006 /data/raw/bok/u/201511/J7335/good/d7335.0052.fits
0053 object   10743      strumu    60.0 340.40692 +20.50000 /data/raw/bok/u/201511/J7335/good/d7335.0053.fits
0054 object   11105      strumu     6.0 340.50992 +21.29983 /data/raw/bok/u/201511/J7335/good/d7335.0054.fits
0055 object   11105      strumu    60.0 340.50988 +21.30000 /data/raw/bok/u/201511/J7335/good/d7335.0055.fits
0056 object   10744      strumu     6.0 341.26129 +20.50017 /data/raw/bok/u/201511/J7335/good/d7335.0056.fits
0057 object   10744      strumu    60.0 341.26125 +20.50000 /data/raw/bok/u/201511/J7335/good/d7335.0057.fits
0058 object   11106      strumu     6.0 341.36817 +21.29983 /data/raw/bok/u/201511/J7335/good/d7335.0058.fits
0059 object   11106      strumu    60.0 341.36817 +21.30000 /data/raw/bok/u/201511/J7335/good/d7335.0059.fits
0060 object   10745      strumu     6.0 342.11533 +20.50019 /data/raw/bok/u/201511/J7335/good/d7335.0060.fits
0061 object   10745      strumu    60.0 342.11533 +20.50000 /data/raw/bok/u/201511/J7335/good/d7335.0061.fits
0062 object   11107      strumu     6.0 342.22704 +21.29994 /data/raw/bok/u/201511/J7335/good/d7335.0062.fits
0063 object   11107      strumu    60.0 342.22708 +21.30000 /data/raw/bok/u/201511/J7335/good/d7335.0063.fits
0064 object   10746      strumu     6.0 342.96963 +20.50014 /data/raw/bok/u/201511/J7335/good/d7335.0064.fits
0065 object   10746      strumu    60.0 342.96950 +20.49997 /data/raw/bok/u/201511/J7335/good/d7335.0065.fits
0066 object   10747      strumu     6.0 343.82350 +20.50000 /data/raw/bok/u/201511/J7335/good/d7335.0066.fits
0067 object   10747      strumu    60.0 343.82358 +20.50000 /data/raw/bok/u/201511/J7335/good/d7335.0067.fits
0068 object   10748      strumu     6.0 344.67721 +20.50000 /data/raw/bok/u/201511/J7335/good/d7335.0068.fits
0069 object   10748      strumu    60.0 344.67733 +20.50003 /data/raw/bok/u/201511/J7335/good/d7335.0069.fits
0070 object   10749      strumu     6.0 345.53150 +20.50000 /data/raw/bok/u/201511/J7335/good/d7335.0070.fits
0071 object   10749      strumu    60.0 345.53163 +20.50000 /data/raw/bok/u/201511/J7335/good/d7335.0071.fits
0072 object   10750      strumu     6.0 346.38575 +20.50000 /data/raw/bok/u/201511/J7335/good/d7335.0072.fits
0073 object   10750      strumu    60.0 346.38571 +20.50000 /data/raw/bok/u/201511/J7335/good/d7335.0073.fits
0074 object   10751      strumu     6.0 347.23992 +20.50000 /data/raw/bok/u/201511/J7335/good/d7335.0074.fits
0075 object   10751      strumu    60.0 347.23996 +20.50003 /data/raw/bok/u/201511/J7335/good/d7335.0075.fits
0076 object   10752      strumu     6.0 348.09400 +20.50000 /data/raw/bok/u/201511/J7335/good/d7335.0076.fits
0077 object   10752      strumu    60.0 348.09400 +20.50000 /data/raw/bok/u/201511/J7335/good/d7335.0077.fits
0078 object   10753      strumu     6.0 348.94813 +20.50000 /data/raw/bok/u/201511/J7335/good/d7335.0078.fits
0079 object   10753      strumu    60.0 348.94833 +20.50000 /data/raw/bok/u/201511/J7335/good/d7335.0079.fits
0080 object   10754      strumu     6.0 349.80175 +20.50000 /data/raw/bok/u/201511/J7335/good/d7335.0080.fits
0081 object   10754      strumu    60.0 349.80213 +20.50003 /data/raw/bok/u/201511/J7335/good/d7335.0081.fits
0082 object   10755      strumu     6.0 350.65604 +20.50000 /data/raw/bok/u/201511/J7335/good/d7335.0082.fits
0083 object   10755      strumu    60.0 350.65621 +20.50000 /data/raw/bok/u/201511/J7335/good/d7335.0083.fits
0084 object   10763      strumu     6.0 357.48879 +20.50000 /data/raw/bok/u/201511/J7335/good/d7335.0084.fits
0085 object   10763      strumu    60.0 357.48900 +20.50000 /data/raw/bok/u/201511/J7335/good/d7335.0085.fits
0086 object   10764      strumu     6.0 358.34275 +20.49997 /data/raw/bok/u/201511/J7335/good/d7335.0086.fits
0087 object   10764      strumu    60.0 358.34267 +20.50000 /data/raw/bok/u/201511/J7335/good/d7335.0087.fits
0088 object   10765      strumu     6.0 359.19667 +20.49994 /data/raw/bok/u/201511/J7335/good/d7335.0088.fits
0089 object   10765      strumu    60.0 359.19700 +20.49997 /data/raw/bok/u/201511/J7335/good/d7335.0089.fits
0090 object   10766      strumu     6.0   0.05092 +20.49997 /data/raw/bok/u/201511/J7335/good/d7335.0090.fits
0091 object   10766      strumu    60.0   0.05117 +20.50000 /data/raw/bok/u/201511/J7335/good/d7335.0091.fits
0092 object   10767      strumu     6.0   0.48271 +21.29983 /data/raw/bok/u/201511/J7335/good/d7335.0092.fits
0093 object   10767      strumu    60.0   0.48271 +21.30000 /data/raw/bok/u/201511/J7335/good/d7335.0093.fits
0094 object   10768      strumu     6.0   1.34158 +21.30003 /data/raw/bok/u/201511/J7335/good/d7335.0094.fits
0095 object   10768      strumu    60.0   1.34154 +21.30000 /data/raw/bok/u/201511/J7335/good/d7335.0095.fits
0096 object   10769      strumu     6.0   2.20012 +21.29997 /data/raw/bok/u/201511/J7335/good/d7335.0096.fits
0097 object   10769      strumu    60.0   2.20038 +21.30000 /data/raw/bok/u/201511/J7335/good/d7335.0097.fits
0098 object   10770      strumu     6.0   3.05867 +21.30000 /data/raw/bok/u/201511/J7335/good/d7335.0098.fits
0099 object   10770      strumu    60.0   3.05863 +21.30000 /data/raw/bok/u/201511/J7335/good/d7335.0099.fits
0100 object   10771      strumu     6.0   3.91733 +21.30000 /data/raw/bok/u/201511/J7335/good/d7335.0100.fits
0101 object   10771      strumu    60.0   3.91750 +21.30000 /data/raw/bok/u/201511/J7335/good/d7335.0101.fits
0102 object   10408      strumu     6.0   4.75054 +20.50028 /data/raw/bok/u/201511/J7335/good/d7335.0102.fits
0103 object   10408      strumu    60.0   4.75079 +20.50000 /data/raw/bok/u/201511/J7335/good/d7335.0103.fits
0104 object   10772      strumu     6.0   4.77621 +21.29986 /data/raw/bok/u/201511/J7335/good/d7335.0104.fits
0105 object   10772      strumu    60.0   4.77600 +21.30000 /data/raw/bok/u/201511/J7335/good/d7335.0105.fits
0106 object   10409      strumu     6.0   5.60487 +20.50022 /data/raw/bok/u/201511/J7335/good/d7335.0106.fits
0107 object   10409      strumu    60.0   5.60496 +20.50000 /data/raw/bok/u/201511/J7335/good/d7335.0107.fits
0108 object   10773      strumu     6.0   5.63492 +21.29972 /data/raw/bok/u/201511/J7335/good/d7335.0108.fits
0109 object   10773      strumu    60.0   5.63483 +21.29997 /data/raw/bok/u/201511/J7335/good/d7335.0109.fits
0110 object   10410      strumu     6.0   6.45904 +20.50011 /data/raw/bok/u/201511/J7335/good/d7335.0110.fits
0111 object   10410      strumu    60.0   6.45904 +20.50000 /data/raw/bok/u/201511/J7335/good/d7335.0111.fits
0112 object   10774      strumu     6.0   6.49371 +21.29947 /data/raw/bok/u/201511/J7335/good/d7335.0112.fits
0113 object   10774      strumu    60.0   6.49367 +21.30000 /data/raw/bok/u/201511/J7335/good/d7335.0113.fits
0116 object   10411      strumu     6.0   7.31292 +20.50006 /data/raw/bok/u/201511/J7335/good/d7335.0116.fits
0117 object   10411      strumu    60.0   7.31296 +20.50000 /data/raw/bok/u/201511/J7335/good/d7335.0117.fits
0118 object   10775      strumu     6.0   7.35213 +21.29986 /data/raw/bok/u/201511/J7335/good/d7335.0118.fits
0119 object   10775      strumu    60.0   7.35200 +21.30000 /data/raw/bok/u/201511/J7335/good/d7335.0119.fits
0120 object   10412      strumu     6.0   8.16713 +20.50014 /data/raw/bok/u/201511/J7335/good/d7335.0120.fits
0121 object   10412      strumu    60.0   8.16696 +20.50000 /data/raw/bok/u/201511/J7335/good/d7335.0121.fits
0122 object   10776      strumu     6.0   8.21083 +21.29972 /data/raw/bok/u/201511/J7335/good/d7335.0122.fits
0123 object   10776      strumu    60.0   8.21062 +21.30000 /data/raw/bok/u/201511/J7335/good/d7335.0123.fits
0124 object   10413      strumu     6.0   9.02117 +20.50014 /data/raw/bok/u/201511/J7335/good/d7335.0124.fits
0125 object   10413      strumu    60.0   9.02125 +20.50000 /data/raw/bok/u/201511/J7335/good/d7335.0125.fits
0126 object   10414      strumu     6.0   9.87542 +20.49997 /data/raw/bok/u/201511/J7335/good/d7335.0126.fits
0127 object   10414      strumu    60.0   9.87533 +20.50000 /data/raw/bok/u/201511/J7335/good/d7335.0127.fits
0128 object   10415      strumu     6.0  10.72942 +20.49997 /data/raw/bok/u/201511/J7335/good/d7335.0128.fits
0129 object   10415      strumu    60.0  10.72942 +20.49997 /data/raw/bok/u/201511/J7335/good/d7335.0129.fits
0130 object   10416      strumu     6.0  11.58346 +20.50000 /data/raw/bok/u/201511/J7335/good/d7335.0130.fits
0131 object   10416      strumu    60.0  11.58358 +20.50000 /data/raw/bok/u/201511/J7335/good/d7335.0131.fits
0132 object   10417      strumu     6.0  12.43742 +20.50000 /data/raw/bok/u/201511/J7335/good/d7335.0132.fits
0133 object   10417      strumu    60.0  12.43750 +20.50000 /data/raw/bok/u/201511/J7335/good/d7335.0133.fits
0134 object   10418      strumu     6.0  13.29154 +20.50000 /data/raw/bok/u/201511/J7335/good/d7335.0134.fits
0135 object   10418      strumu    60.0  13.29167 +20.50000 /data/raw/bok/u/201511/J7335/good/d7335.0135.fits
0136 object   10419      strumu     6.0  14.14550 +20.50000 /data/raw/bok/u/201511/J7335/good/d7335.0136.fits
0137 object   10419      strumu    60.0  14.14583 +20.50000 /data/raw/bok/u/201511/J7335/good/d7335.0137.fits
0138 object   10420      strumu     6.0  14.99937 +20.50000 /data/raw/bok/u/201511/J7335/good/d7335.0138.fits
0139 object   10420      strumu    60.0  14.99958 +20.50000 /data/raw/bok/u/201511/J7335/good/d7335.0139.fits
0140 object   10421      strumu     6.0  15.85383 +20.50000 /data/raw/bok/u/201511/J7335/good/d7335.0140.fits
0141 object   10421      strumu    60.0  15.85396 +20.50000 /data/raw/bok/u/201511/J7335/good/d7335.0141.fits
0142 object   10422      strumu     6.0  16.70775 +20.50000 /data/raw/bok/u/201511/J7335/good/d7335.0142.fits
0143 object   10422      strumu    60.0  16.70796 +20.50000 /data/raw/bok/u/201511/J7335/good/d7335.0143.fits
0144 object   10423      strumu     6.0  17.56171 +20.50000 /data/raw/bok/u/201511/J7335/good/d7335.0144.fits
0145 object   10423      strumu    60.0  17.56196 +20.50000 /data/raw/bok/u/201511/J7335/good/d7335.0145.fits
0146 object   10424      strumu     6.0  18.41613 +20.50000 /data/raw/bok/u/201511/J7335/good/d7335.0146.fits
0147 object   10424      strumu    60.0  18.41617 +20.50000 /data/raw/bok/u/201511/J7335/good/d7335.0147.fits
0148 object   10425      strumu     6.0  19.27042 +20.50000 /data/raw/bok/u/201511/J7335/good/d7335.0148.fits
0149 object   10425      strumu    60.0  19.27037 +20.50000 /data/raw/bok/u/201511/J7335/good/d7335.0149.fits
0150 object   10426      strumu     6.0  20.12433 +20.50000 /data/raw/bok/u/201511/J7335/good/d7335.0150.fits
0151 object   10426      strumu    60.0  20.12446 +20.50000 /data/raw/bok/u/201511/J7335/good/d7335.0151.fits
0152 object   10427      strumu     6.0  20.97829 +20.50000 /data/raw/bok/u/201511/J7335/good/d7335.0152.fits
0153 object   10427      strumu    60.0  20.97825 +20.50000 /data/raw/bok/u/201511/J7335/good/d7335.0153.fits
0154 object   10428      strumu     6.0  21.83233 +20.50000 /data/raw/bok/u/201511/J7335/good/d7335.0154.fits
0155 object   10428      strumu    60.0  21.83246 +20.50000 /data/raw/bok/u/201511/J7335/good/d7335.0155.fits
0156 object   10429      strumu     6.0  22.68654 +20.50003 /data/raw/bok/u/201511/J7335/good/d7335.0156.fits
0157 object   10429      strumu    60.0  22.68646 +20.50000 /data/raw/bok/u/201511/J7335/good/d7335.0157.fits
0158 object   10430      strumu     6.0  23.54071 +20.50000 /data/raw/bok/u/201511/J7335/good/d7335.0158.fits
0159 object   10430      strumu    60.0  23.54067 +20.50000 /data/raw/bok/u/201511/J7335/good/d7335.0159.fits
0160 object   10431      strumu     6.0  24.39492 +20.50000 /data/raw/bok/u/201511/J7335/good/d7335.0160.fits
0161 object   10431      strumu    60.0  24.39504 +20.50000 /data/raw/bok/u/201511/J7335/good/d7335.0161.fits
0162 object   10432      strumu     6.0  25.24892 +20.50000 /data/raw/bok/u/201511/J7335/good/d7335.0162.fits
0163 object   10432      strumu    60.0  25.24908 +20.50000 /data/raw/bok/u/201511/J7335/good/d7335.0163.fits
0164 object   10433      strumu     6.0  26.10279 +20.50000 /data/raw/bok/u/201511/J7335/good/d7335.0164.fits
0165 object   10433      strumu    60.0  26.10271 +20.50000 /data/raw/bok/u/201511/J7335/good/d7335.0165.fits
0166 object   10434      strumu     6.0  26.95704 +20.49997 /data/raw/bok/u/201511/J7335/good/d7335.0166.fits
0167 object   10434      strumu    60.0  26.95696 +20.50000 /data/raw/bok/u/201511/J7335/good/d7335.0167.fits
0168 object   10435      strumu     6.0  27.81104 +20.50000 /data/raw/bok/u/201511/J7335/good/d7335.0168.fits
0169 object   10435      strumu    60.0  27.81117 +20.50000 /data/raw/bok/u/201511/J7335/good/d7335.0169.fits
0170 object   10436      strumu     6.0  28.66529 +20.50000 /data/raw/bok/u/201511/J7335/good/d7335.0170.fits
0171 object   10436      strumu    60.0  28.66542 +20.50000 /data/raw/bok/u/201511/J7335/good/d7335.0171.fits
0172 object   10437      strumu     6.0  29.51929 +20.50000 /data/raw/bok/u/201511/J7335/good/d7335.0172.fits
0173 object   10437      strumu    60.0  29.51946 +20.50000 /data/raw/bok/u/201511/J7335/good/d7335.0173.fits
0174 object   10438      strumu     6.0  30.37312 +20.50000 /data/raw/bok/u/201511/J7335/good/d7335.0174.fits
0175 object   10438      strumu    60.0  30.37325 +20.50000 /data/raw/bok/u/201511/J7335/good/d7335.0175.fits
0176 object   10439      strumu     6.0  31.22746 +20.50000 /data/raw/bok/u/201511/J7335/good/d7335.0176.fits
0177 object   10439      strumu    60.0  31.22738 +20.50000 /data/raw/bok/u/201511/J7335/good/d7335.0177.fits
0178 object   10440      strumu     6.0  32.08142 +20.50000 /data/raw/bok/u/201511/J7335/good/d7335.0178.fits
0179 object   10440      strumu    60.0  32.08154 +20.50000 /data/raw/bok/u/201511/J7335/good/d7335.0179.fits
0180 object   10441      strumu     6.0  32.93567 +20.50000 /data/raw/bok/u/201511/J7335/good/d7335.0180.fits
0181 object   10441      strumu    60.0  32.93575 +20.50000 /data/raw/bok/u/201511/J7335/good/d7335.0181.fits
0182 object   10442      strumu     6.0  33.78971 +20.49997 /data/raw/bok/u/201511/J7335/good/d7335.0182.fits
0183 object   10442      strumu    60.0  33.79004 +20.49997 /data/raw/bok/u/201511/J7335/good/d7335.0183.fits
0184 object   10443      strumu     6.0  34.64362 +20.49997 /data/raw/bok/u/201511/J7335/good/d7335.0184.fits
0185 object   10443      strumu    60.0  34.64367 +20.49997 /data/raw/bok/u/201511/J7335/good/d7335.0185.fits
0186 object   10444      strumu     6.0  35.49762 +20.49997 /data/raw/bok/u/201511/J7335/good/d7335.0186.fits
0187 object   10444      strumu    60.0  35.49783 +20.49997 /data/raw/bok/u/201511/J7335/good/d7335.0187.fits
0188 object   10445      strumu     6.0  36.35200 +20.49997 /data/raw/bok/u/201511/J7335/good/d7335.0188.fits
0189 object   10445      strumu    60.0  36.35213 +20.49997 /data/raw/bok/u/201511/J7335/good/d7335.0189.fits
0190 object   10446      strumu     6.0  37.20613 +20.50000 /data/raw/bok/u/201511/J7335/good/d7335.0190.fits
0191 object   10446      strumu    60.0  37.20621 +20.50000 /data/raw/bok/u/201511/J7335/good/d7335.0191.fits
0192 object   10447      strumu     6.0  38.06038 +20.50000 /data/raw/bok/u/201511/J7335/good/d7335.0192.fits
0193 object   10447      strumu    60.0  38.06042 +20.50000 /data/raw/bok/u/201511/J7335/good/d7335.0193.fits
0194 object   10448      strumu     6.0  38.91400 +20.50000 /data/raw/bok/u/201511/J7335/good/d7335.0194.fits
0195 object   10448      strumu    60.0  38.91421 +20.50000 /data/raw/bok/u/201511/J7335/good/d7335.0195.fits
0196 object   10449      strumu     6.0  39.76808 +20.50000 /data/raw/bok/u/201511/J7335/good/d7335.0196.fits
0197 object   10449      strumu    60.0  39.76825 +20.50000 /data/raw/bok/u/201511/J7335/good/d7335.0197.fits
0198 object   10450      strumu     6.0  40.62254 +20.50003 /data/raw/bok/u/201511/J7335/good/d7335.0198.fits
0199 object   10450      strumu    60.0  40.62242 +20.50000 /data/raw/bok/u/201511/J7335/good/d7335.0199.fits
0200 object   10451      strumu     6.0  41.47667 +20.50000 /data/raw/bok/u/201511/J7335/good/d7335.0200.fits
0201 object   10451      strumu    60.0  41.47667 +20.50000 /data/raw/bok/u/201511/J7335/good/d7335.0201.fits
0202 object   10452      strumu     6.0  42.33062 +20.50000 /data/raw/bok/u/201511/J7335/good/d7335.0202.fits
0203 object   10452      strumu    60.0  42.33075 +20.50000 /data/raw/bok/u/201511/J7335/good/d7335.0203.fits
0204 object   10453      strumu     6.0  43.18479 +20.50000 /data/raw/bok/u/201511/J7335/good/d7335.0204.fits
0205 object   10453      strumu    60.0  43.18492 +20.49997 /data/raw/bok/u/201511/J7335/good/d7335.0205.fits
0206 object   10454      strumu     6.0  44.03867 +20.50000 /data/raw/bok/u/201511/J7335/good/d7335.0206.fits
0207 object   10454      strumu    60.0  44.03863 +20.50000 /data/raw/bok/u/201511/J7335/good/d7335.0207.fits
0208 object   10455      strumu     6.0  44.89279 +20.50003 /data/raw/bok/u/201511/J7335/good/d7335.0208.fits
0209 object   10455      strumu    60.0  44.89275 +20.50000 /data/raw/bok/u/201511/J7335/good/d7335.0209.fits
0210 object   10819      strumu     6.0  45.13287 +21.29981 /data/raw/bok/u/201511/J7335/good/d7335.0210.fits
0211 object   10819      strumu    60.0  45.13287 +21.30000 /data/raw/bok/u/201511/J7335/good/d7335.0211.fits
0212 object   10456      strumu     6.0  45.74700 +20.50022 /data/raw/bok/u/201511/J7335/good/d7335.0212.fits
0213 object   10456      strumu    60.0  45.74700 +20.50000 /data/raw/bok/u/201511/J7335/good/d7335.0213.fits
0214 object   10820      strumu     6.0  45.99162 +21.29975 /data/raw/bok/u/201511/J7335/good/d7335.0214.fits
0215 object   10820      strumu    60.0  45.99158 +21.30000 /data/raw/bok/u/201511/J7335/good/d7335.0215.fits
0217 object   10457      strumu     6.0  46.60129 +20.50008 /data/raw/bok/u/201511/J7335/good/d7335.0217.fits
0218 object   10457      strumu    60.0  46.60104 +20.50000 /data/raw/bok/u/201511/J7335/good/d7335.0218.fits
0219 object   10821      strumu     6.0  46.85037 +21.29992 /data/raw/bok/u/201511/J7335/good/d7335.0219.fits
0220 object   10821      strumu    60.0  46.85025 +21.30000 /data/raw/bok/u/201511/J7335/good/d7335.0220.fits
0221 object   10458      strumu     6.0  47.45538 +20.50014 /data/raw/bok/u/201511/J7335/good/d7335.0221.fits
0222 object   10458      strumu    60.0  47.45529 +20.50003 /data/raw/bok/u/201511/J7335/good/d7335.0222.fits
0223 object   10822      strumu     6.0  47.70867 +21.29992 /data/raw/bok/u/201511/J7335/good/d7335.0223.fits
0224 object   10822      strumu    60.0  47.70862 +21.30000 /data/raw/bok/u/201511/J7335/good/d7335.0224.fits
0225 object   10459      strumu     6.0  48.30921 +20.50014 /data/raw/bok/u/201511/J7335/good/d7335.0225.fits
0226 object   10459      strumu    60.0  48.30917 +20.50000 /data/raw/bok/u/201511/J7335/good/d7335.0226.fits
0227 object   10823      strumu     6.0  48.56754 +21.29981 /data/raw/bok/u/201511/J7335/good/d7335.0227.fits
0228 object   10823      strumu    60.0  48.56737 +21.30000 /data/raw/bok/u/201511/J7335/good/d7335.0228.fits
0229 object   10460      strumu     6.0  49.16338 +20.50014 /data/raw/bok/u/201511/J7335/good/d7335.0229.fits
0230 object   10460      strumu    60.0  49.16333 +20.50000 /data/raw/bok/u/201511/J7335/good/d7335.0230.fits
0231 object   10824      strumu     6.0  49.42617 +21.29981 /data/raw/bok/u/201511/J7335/good/d7335.0231.fits
0232 object   10824      strumu    60.0  49.42621 +21.29997 /data/raw/bok/u/201511/J7335/good/d7335.0232.fits
0233 object   10461      strumu     6.0  50.01750 +20.50014 /data/raw/bok/u/201511/J7335/good/d7335.0233.fits
0234 object   10461      strumu    60.0  50.01738 +20.50000 /data/raw/bok/u/201511/J7335/good/d7335.0234.fits
0235 object   10825      strumu     6.0  50.28496 +21.29981 /data/raw/bok/u/201511/J7335/good/d7335.0235.fits
0236 object   10825      strumu    60.0  50.28487 +21.30000 /data/raw/bok/u/201511/J7335/good/d7335.0236.fits
0237 object   10462      strumu     6.0  50.87163 +20.50017 /data/raw/bok/u/201511/J7335/good/d7335.0237.fits
0238 object   10462      strumu    60.0  50.87150 +20.50000 /data/raw/bok/u/201511/J7335/good/d7335.0238.fits
0239 object   10463      strumu     6.0  51.72575 +20.50000 /data/raw/bok/u/201511/J7335/good/d7335.0239.fits
0240 object   10463      strumu    60.0  51.72588 +20.50000 /data/raw/bok/u/201511/J7335/good/d7335.0240.fits
0241 object   10464      strumu     6.0  52.57950 +20.50000 /data/raw/bok/u/201511/J7335/good/d7335.0241.fits
0242 object   10464      strumu    60.0  52.57963 +20.50000 /data/raw/bok/u/201511/J7335/good/d7335.0242.fits
0243 object   10465      strumu     6.0  53.43379 +20.50000 /data/raw/bok/u/201511/J7335/good/d7335.0243.fits
0244 object   10465      strumu    60.0  53.43371 +20.50000 /data/raw/bok/u/201511/J7335/good/d7335.0244.fits
0245 object   10466      strumu     6.0  54.28762 +20.50000 /data/raw/bok/u/201511/J7335/good/d7335.0245.fits
0246 object   10466      strumu    60.0  54.28792 +20.49997 /data/raw/bok/u/201511/J7335/good/d7335.0246.fits
0247 object   10467      strumu     6.0  55.14171 +20.50000 /data/raw/bok/u/201511/J7335/good/d7335.0247.fits
0248 object   10467      strumu    60.0  55.14200 +20.50000 /data/raw/bok/u/201511/J7335/good/d7335.0248.fits
0249 object   10468      strumu     6.0  55.99608 +20.50000 /data/raw/bok/u/201511/J7335/good/d7335.0249.fits
0250 object   10468      strumu    60.0  55.99612 +20.50000 /data/raw/bok/u/201511/J7335/good/d7335.0250.fits
0251 object   10469      strumu     6.0  56.84987 +20.50000 /data/raw/bok/u/201511/J7335/good/d7335.0251.fits
0252 object   10469      strumu    60.0  56.84996 +20.50000 /data/raw/bok/u/201511/J7335/good/d7335.0252.fits
0253 object   10470      strumu     6.0  57.70388 +20.50000 /data/raw/bok/u/201511/J7335/good/d7335.0253.fits
0254 object   10470      strumu    60.0  57.70404 +20.50000 /data/raw/bok/u/201511/J7335/good/d7335.0254.fits
0255 object   10471      strumu     6.0  58.55825 +20.50000 /data/raw/bok/u/201511/J7335/good/d7335.0255.fits
0256 object   10471      strumu    60.0  58.55829 +20.50000 /data/raw/bok/u/201511/J7335/good/d7335.0256.fits
0257 object   10472      strumu     6.0  59.41246 +20.50000 /data/raw/bok/u/201511/J7335/good/d7335.0257.fits
0258 object   10472      strumu    60.0  59.41246 +20.50000 /data/raw/bok/u/201511/J7335/good/d7335.0258.fits
0259 object   10473      strumu     6.0  60.26650 +20.50000 /data/raw/bok/u/201511/J7335/good/d7335.0259.fits
0260 object   10473      strumu    60.0  60.26650 +20.50000 /data/raw/bok/u/201511/J7335/good/d7335.0260.fits
0261 object   10474      strumu     6.0  61.12071 +20.50000 /data/raw/bok/u/201511/J7335/good/d7335.0261.fits
0262 object   10474      strumu    60.0  61.12087 +20.50000 /data/raw/bok/u/201511/J7335/good/d7335.0262.fits
0263 object   10475      strumu     6.0  61.97454 +20.50000 /data/raw/bok/u/201511/J7335/good/d7335.0263.fits
0264 object   10475      strumu    60.0  61.97462 +20.50000 /data/raw/bok/u/201511/J7335/good/d7335.0264.fits
0265 object   10476      strumu     6.0  62.82867 +20.50000 /data/raw/bok/u/201511/J7335/good/d7335.0265.fits
0266 object   10476      strumu    60.0  62.82854 +20.50000 /data/raw/bok/u/201511/J7335/good/d7335.0266.fits
0267 object   10477      strumu     6.0  63.68283 +20.49997 /data/raw/bok/u/201511/J7335/good/d7335.0267.fits
0268 object   10477      strumu    60.0  63.68279 +20.50000 /data/raw/bok/u/201511/J7335/good/d7335.0268.fits
0269 object   10478      strumu     6.0  64.53687 +20.49997 /data/raw/bok/u/201511/J7335/good/d7335.0269.fits
0270 object   10478      strumu    60.0  64.53700 +20.50000 /data/raw/bok/u/201511/J7335/good/d7335.0270.fits
0271 object   10479      strumu     6.0  65.39108 +20.50000 /data/raw/bok/u/201511/J7335/good/d7335.0271.fits
0272 object   10479      strumu    60.0  65.39108 +20.50000 /data/raw/bok/u/201511/J7335/good/d7335.0272.fits
0273 object   10480      strumu     6.0  66.24504 +20.50003 /data/raw/bok/u/201511/J7335/good/d7335.0273.fits
0274 object   10480      strumu    60.0  66.24500 +20.50000 /data/raw/bok/u/201511/J7335/good/d7335.0274.fits
0275 object   10481      strumu     6.0  67.09913 +20.50000 /data/raw/bok/u/201511/J7335/good/d7335.0275.fits
0276 object   10481      strumu    60.0  67.09921 +20.50000 /data/raw/bok/u/201511/J7335/good/d7335.0276.fits
0277 object   10482      strumu     6.0  67.95308 +20.50000 /data/raw/bok/u/201511/J7335/good/d7335.0277.fits
0278 object   10482      strumu    60.0  67.95317 +20.50000 /data/raw/bok/u/201511/J7335/good/d7335.0278.fits
0279 object   10483      strumu     6.0  68.80754 +20.50000 /data/raw/bok/u/201511/J7335/good/d7335.0279.fits
0280 object   10483      strumu    60.0  68.80737 +20.50000 /data/raw/bok/u/201511/J7335/good/d7335.0280.fits
0281 object   10484      strumu     6.0  69.66146 +20.50000 /data/raw/bok/u/201511/J7335/good/d7335.0281.fits
0282 object   10484      strumu    60.0  69.66154 +20.50000 /data/raw/bok/u/201511/J7335/good/d7335.0282.fits
0283 object   11571      strumu     6.0  70.83242 +22.89975 /data/raw/bok/u/201511/J7335/good/d7335.0283.fits
0284 object   11571      strumu    60.0  70.83246 +22.89997 /data/raw/bok/u/201511/J7335/good/d7335.0284.fits
0285 object   11572      strumu     6.0  71.70113 +22.89994 /data/raw/bok/u/201511/J7335/good/d7335.0285.fits
0286 object   11572      strumu    60.0  71.70108 +22.89997 /data/raw/bok/u/201511/J7335/good/d7335.0286.fits
0287 object   11573      strumu     6.0  72.56963 +22.89994 /data/raw/bok/u/201511/J7335/good/d7335.0287.fits
0288 object   11573      strumu    60.0  72.56963 +22.90000 /data/raw/bok/u/201511/J7335/good/d7335.0288.fits
0289 object   11574      strumu     6.0  73.43800 +22.89994 /data/raw/bok/u/201511/J7335/good/d7335.0289.fits
0290 object   11574      strumu    60.0  73.43775 +22.89997 /data/raw/bok/u/201511/J7335/good/d7335.0290.fits
0291 object   11575      strumu     6.0  74.30617 +22.89994 /data/raw/bok/u/201511/J7335/good/d7335.0291.fits
0292 object   11575      strumu    60.0  74.30612 +22.89997 /data/raw/bok/u/201511/J7335/good/d7335.0292.fits
0293 object   11576      strumu     6.0  75.17488 +22.89994 /data/raw/bok/u/201511/J7335/good/d7335.0293.fits
0294 object   11576      strumu    60.0  75.17488 +22.89997 /data/raw/bok/u/201511/J7335/good/d7335.0294.fits
0295 object   10854      strumu     6.0  75.18571 +21.30022 /data/raw/bok/u/201511/J7335/good/d7335.0295.fits
0296 object   10854      strumu    60.0  75.18571 +21.30000 /data/raw/bok/u/201511/J7335/good/d7335.0296.fits
0297 object   11577      strumu     6.0  76.04325 +22.89992 /data/raw/bok/u/201511/J7335/good/d7335.0297.fits
0298 object   11577      strumu    60.0  76.04329 +22.90000 /data/raw/bok/u/201511/J7335/good/d7335.0298.fits
0299 object   10855      strumu     6.0  76.04446 +21.30011 /data/raw/bok/u/201511/J7335/good/d7335.0299.fits
0300 object   10855      strumu    60.0  76.04442 +21.30000 /data/raw/bok/u/201511/J7335/good/d7335.0300.fits
0301 object   10492      strumu     6.0  76.49408 +20.50014 /data/raw/bok/u/201511/J7335/good/d7335.0301.fits
0302 object   10492      strumu    60.0  76.49408 +20.50000 /data/raw/bok/u/201511/J7335/good/d7335.0302.fits
0303 object   10856      strumu     6.0  76.90329 +21.29986 /data/raw/bok/u/201511/J7335/good/d7335.0303.fits
0304 object   10856      strumu    60.0  76.90321 +21.29997 /data/raw/bok/u/201511/J7335/good/d7335.0304.fits
0305 object   11578      strumu     6.0  76.91154 +22.89986 /data/raw/bok/u/201511/J7335/good/d7335.0305.fits
0306 object   11578      strumu    60.0  76.91167 +22.89997 /data/raw/bok/u/201511/J7335/good/d7335.0306.fits
0307 object   10493      strumu     6.0  77.34825 +20.50008 /data/raw/bok/u/201511/J7335/good/d7335.0307.fits
0308 object   10493      strumu    60.0  77.34821 +20.50000 /data/raw/bok/u/201511/J7335/good/d7335.0308.fits
0309 object   10857      strumu     6.0  77.76163 +21.29994 /data/raw/bok/u/201511/J7335/good/d7335.0309.fits
0310 object   10857      strumu    60.0  77.76167 +21.30003 /data/raw/bok/u/201511/J7335/good/d7335.0310.fits
0311 object   10494      strumu     6.0  78.20238 +20.50017 /data/raw/bok/u/201511/J7335/good/d7335.0311.fits
0312 object   10494      strumu    60.0  78.20242 +20.50000 /data/raw/bok/u/201511/J7335/good/d7335.0312.fits
0313 object   10858      strumu     6.0  78.62033 +21.29981 /data/raw/bok/u/201511/J7335/good/d7335.0313.fits
0314 object   10858      strumu    60.0  78.62025 +21.29997 /data/raw/bok/u/201511/J7335/good/d7335.0314.fits
0315 object   10495      strumu     6.0  79.05662 +20.50022 /data/raw/bok/u/201511/J7335/good/d7335.0315.fits
0316 object   10495      strumu    60.0  79.05654 +20.50000 /data/raw/bok/u/201511/J7335/good/d7335.0316.fits
0318 object   11579      strumu     6.0 102.96488 +22.90000 /data/raw/bok/u/201511/J7335/good/d7335.0318.fits
0319 object   11579      strumu    60.0 102.96479 +22.89994 /data/raw/bok/u/201511/J7335/good/d7335.0319.fits
0320 object   11580      strumu     6.0 103.83363 +22.89997 /data/raw/bok/u/201511/J7335/good/d7335.0320.fits
0321 object   11580      strumu    60.0 103.83371 +22.89997 /data/raw/bok/u/201511/J7335/good/d7335.0321.fits
0322 object   10859      strumu     6.0 104.37996 +21.30014 /data/raw/bok/u/201511/J7335/good/d7335.0322.fits
0323 object   10859      strumu    60.0 104.37996 +21.30000 /data/raw/bok/u/201511/J7335/good/d7335.0323.fits
0324 object   10496      strumu     6.0 104.67896 +20.50022 /data/raw/bok/u/201511/J7335/good/d7335.0324.fits
0325 object   10496      strumu    60.0 104.67904 +20.50000 /data/raw/bok/u/201511/J7335/good/d7335.0325.fits
0326 object   11581      strumu     6.0 104.70188 +22.89986 /data/raw/bok/u/201511/J7335/good/d7335.0326.fits
0327 object   11581      strumu    60.0 104.70204 +22.89994 /data/raw/bok/u/201511/J7335/good/d7335.0327.fits
0328 object   10860      strumu     6.0 105.23858 +21.30022 /data/raw/bok/u/201511/J7335/good/d7335.0328.fits
0329 object   10860      strumu    60.0 105.23867 +21.30000 /data/raw/bok/u/201511/J7335/good/d7335.0329.fits
0330 object   10497      strumu     6.0 105.53329 +20.50019 /data/raw/bok/u/201511/J7335/good/d7335.0330.fits
0331 object   10497      strumu    60.0 105.53333 +20.50000 /data/raw/bok/u/201511/J7335/good/d7335.0331.fits
0332 object   11582      strumu     6.0 105.57021 +22.89989 /data/raw/bok/u/201511/J7335/good/d7335.0332.fits
0333 object   11582      strumu    60.0 105.57017 +22.89997 /data/raw/bok/u/201511/J7335/good/d7335.0333.fits
0334 object   10861      strumu     6.0 106.09733 +21.30017 /data/raw/bok/u/201511/J7335/good/d7335.0334.fits
0335 object   10861      strumu    60.0 106.09733 +21.30000 /data/raw/bok/u/201511/J7335/good/d7335.0335.fits
0336 object   10498      strumu     6.0 106.38704 +20.50011 /data/raw/bok/u/201511/J7335/good/d7335.0336.fits
0337 object   10498      strumu    60.0 106.38696 +20.50000 /data/raw/bok/u/201511/J7335/good/d7335.0337.fits
0338 object   11583      strumu     6.0 106.43867 +22.89992 /data/raw/bok/u/201511/J7335/good/d7335.0338.fits
0339 object   11583      strumu    60.0 106.43854 +22.89997 /data/raw/bok/u/201511/J7335/good/d7335.0339.fits
0340 object   10862      strumu     6.0 106.95575 +21.30017 /data/raw/bok/u/201511/J7335/good/d7335.0340.fits
0341 object   10862      strumu    60.0 106.95571 +21.30000 /data/raw/bok/u/201511/J7335/good/d7335.0341.fits
0342 object   10499      strumu     6.0 107.24104 +20.50019 /data/raw/bok/u/201511/J7335/good/d7335.0342.fits
0343 object   10499      strumu    60.0 107.24100 +20.50000 /data/raw/bok/u/201511/J7335/good/d7335.0343.fits
0344 object   11584      strumu     6.0 107.30738 +22.89986 /data/raw/bok/u/201511/J7335/good/d7335.0344.fits
0345 object   11584      strumu    60.0 107.30738 +22.89997 /data/raw/bok/u/201511/J7335/good/d7335.0345.fits
0346 object   10863      strumu     6.0 107.81450 +21.30008 /data/raw/bok/u/201511/J7335/good/d7335.0346.fits
0347 object   10863      strumu    60.0 107.81429 +21.30000 /data/raw/bok/u/201511/J7335/good/d7335.0347.fits
0348 object   10500      strumu     6.0 108.09529 +20.50008 /data/raw/bok/u/201511/J7335/good/d7335.0348.fits
0349 object   10500      strumu    60.0 108.09521 +20.50000 /data/raw/bok/u/201511/J7335/good/d7335.0349.fits
0350 object   10864      strumu     6.0 108.67321 +21.29992 /data/raw/bok/u/201511/J7335/good/d7335.0350.fits
0351 object   10864      strumu    60.0 108.67325 +21.30000 /data/raw/bok/u/201511/J7335/good/d7335.0351.fits
0352 object   10501      strumu     6.0 108.94938 +20.50011 /data/raw/bok/u/201511/J7335/good/d7335.0352.fits
0353 object   10501      strumu    60.0 108.94942 +20.50000 /data/raw/bok/u/201511/J7335/good/d7335.0353.fits
0354 object   10865      strumu     6.0 109.53196 +21.29986 /data/raw/bok/u/201511/J7335/good/d7335.0354.fits
0355 object   10865      strumu    60.0 109.53192 +21.30000 /data/raw/bok/u/201511/J7335/good/d7335.0355.fits
0356 object   10502      strumu     6.0 109.80354 +20.50019 /data/raw/bok/u/201511/J7335/good/d7335.0356.fits
0357 object   10502      strumu    60.0 109.80354 +20.50000 /data/raw/bok/u/201511/J7335/good/d7335.0357.fits
0358 object   10866      strumu     6.0 110.39071 +21.29994 /data/raw/bok/u/201511/J7335/good/d7335.0358.fits
0359 object   10866      strumu    60.0 110.39075 +21.30000 /data/raw/bok/u/201511/J7335/good/d7335.0359.fits
0360 object   10503      strumu     6.0 110.65779 +20.50011 /data/raw/bok/u/201511/J7335/good/d7335.0360.fits
0361 object   10503      strumu    60.0 110.65771 +20.49997 /data/raw/bok/u/201511/J7335/good/d7335.0361.fits
0362 object   10867      strumu     6.0 111.24900 +21.29981 /data/raw/bok/u/201511/J7335/good/d7335.0362.fits
0363 object   10867      strumu    60.0 111.24892 +21.30000 /data/raw/bok/u/201511/J7335/good/d7335.0363.fits
0364 object   10504      strumu     6.0 111.51150 +20.50011 /data/raw/bok/u/201511/J7335/good/d7335.0364.fits
0365 object   10504      strumu    60.0 111.51154 +20.50000 /data/raw/bok/u/201511/J7335/good/d7335.0365.fits
0366 object   10868      strumu     6.0 112.10787 +21.29992 /data/raw/bok/u/201511/J7335/good/d7335.0366.fits
0367 object   10868      strumu    60.0 112.10787 +21.30000 /data/raw/bok/u/201511/J7335/good/d7335.0367.fits
0368 object   10505      strumu     6.0 112.36563 +20.50006 /data/raw/bok/u/201511/J7335/good/d7335.0368.fits
0369 object   10505      strumu    60.0 112.36575 +20.49997 /data/raw/bok/u/201511/J7335/good/d7335.0369.fits
0370 object   10869      strumu     6.0 112.96667 +21.29986 /data/raw/bok/u/201511/J7335/good/d7335.0370.fits
0371 object   10869      strumu    60.0 112.96650 +21.29997 /data/raw/bok/u/201511/J7335/good/d7335.0371.fits
0372 object   10506      strumu     6.0 113.21996 +20.50017 /data/raw/bok/u/201511/J7335/good/d7335.0372.fits
0373 object   10506      strumu    60.0 113.21983 +20.50000 /data/raw/bok/u/201511/J7335/good/d7335.0373.fits
0374 object   10870      strumu     6.0 113.82521 +21.29983 /data/raw/bok/u/201511/J7335/good/d7335.0374.fits
0375 object   10870      strumu    60.0 113.82517 +21.30000 /data/raw/bok/u/201511/J7335/good/d7335.0375.fits
0376 object   10507      strumu     6.0 114.07417 +20.50008 /data/raw/bok/u/201511/J7335/good/d7335.0376.fits
0377 object   10507      strumu    60.0 114.07408 +20.49997 /data/raw/bok/u/201511/J7335/good/d7335.0377.fits
0378 object   10871      strumu     6.0 114.68367 +21.29992 /data/raw/bok/u/201511/J7335/good/d7335.0378.fits
0379 object   10871      strumu    60.0 114.68358 +21.29997 /data/raw/bok/u/201511/J7335/good/d7335.0379.fits
0380 object   10508      strumu     6.0 114.92821 +20.50014 /data/raw/bok/u/201511/J7335/good/d7335.0380.fits
0381 object   10508      strumu    60.0 114.92821 +20.50000 /data/raw/bok/u/201511/J7335/good/d7335.0381.fits
0382 object   10872      strumu     6.0 115.54254 +21.29981 /data/raw/bok/u/201511/J7335/good/d7335.0382.fits
0383 object   10872      strumu    60.0 115.54242 +21.30000 /data/raw/bok/u/201511/J7335/good/d7335.0383.fits
0384 object   10509      strumu     6.0 115.78188 +20.50025 /data/raw/bok/u/201511/J7335/good/d7335.0384.fits
0385 object   10509      strumu    60.0 115.78196 +20.50000 /data/raw/bok/u/201511/J7335/good/d7335.0385.fits
0386 object   10873      strumu     6.0 116.40108 +21.29992 /data/raw/bok/u/201511/J7335/good/d7335.0386.fits
0387 object   10873      strumu    60.0 116.40117 +21.30000 /data/raw/bok/u/201511/J7335/good/d7335.0387.fits
0388 object   10510      strumu     6.0 116.63617 +20.50008 /data/raw/bok/u/201511/J7335/good/d7335.0388.fits
0389 object   10510      strumu    60.0 116.63617 +20.50000 /data/raw/bok/u/201511/J7335/good/d7335.0389.fits
0390 object   10874      strumu     6.0 117.25987 +21.29994 /data/raw/bok/u/201511/J7335/good/d7335.0390.fits
0391 object   10874      strumu    60.0 117.25975 +21.30000 /data/raw/bok/u/201511/J7335/good/d7335.0391.fits
0392 object   10511      strumu     6.0 117.49021 +20.50008 /data/raw/bok/u/201511/J7335/good/d7335.0392.fits
0393 object   10511      strumu    60.0 117.49029 +20.50000 /data/raw/bok/u/201511/J7335/good/d7335.0393.fits
0394 object   10875      strumu     6.0 118.11838 +21.29994 /data/raw/bok/u/201511/J7335/good/d7335.0394.fits
0395 object   10875      strumu    60.0 118.11817 +21.30000 /data/raw/bok/u/201511/J7335/good/d7335.0395.fits
0396 object   10512      strumu     6.0 118.34450 +20.50017 /data/raw/bok/u/201511/J7335/good/d7335.0396.fits
0397 object   10512      strumu    60.0 118.34450 +20.50000 /data/raw/bok/u/201511/J7335/good/d7335.0397.fits
0398 object   10876      strumu     6.0 118.97696 +21.29986 /data/raw/bok/u/201511/J7335/good/d7335.0398.fits
0399 object   10876      strumu    60.0 118.97700 +21.30000 /data/raw/bok/u/201511/J7335/good/d7335.0399.fits
0400 object   10513      strumu     6.0 119.19871 +20.50011 /data/raw/bok/u/201511/J7335/good/d7335.0400.fits
0401 object   10513      strumu    60.0 119.19858 +20.50000 /data/raw/bok/u/201511/J7335/good/d7335.0401.fits
0402 object   10877      strumu     6.0 119.83579 +21.29986 /data/raw/bok/u/201511/J7335/good/d7335.0402.fits
0403 object   10877      strumu    60.0 119.83588 +21.30000 /data/raw/bok/u/201511/J7335/good/d7335.0403.fits
0404 object   10514      strumu     6.0 120.05233 +20.50011 /data/raw/bok/u/201511/J7335/good/d7335.0404.fits
0405 object   10514      strumu    60.0 120.05242 +20.50000 /data/raw/bok/u/201511/J7335/good/d7335.0405.fits
0406 object   10878      strumu     6.0 120.69463 +21.29989 /data/raw/bok/u/201511/J7335/good/d7335.0406.fits
0407 object   10878      strumu    60.0 120.69458 +21.30000 /data/raw/bok/u/201511/J7335/good/d7335.0407.fits
0408 object   10515      strumu     6.0 120.90658 +20.50022 /data/raw/bok/u/201511/J7335/good/d7335.0408.fits
0409 object   10515      strumu    60.0 120.90667 +20.50000 /data/raw/bok/u/201511/J7335/good/d7335.0409.fits
0410 object   10879      strumu     6.0 121.55333 +21.29989 /data/raw/bok/u/201511/J7335/good/d7335.0410.fits
0411 object   10879      strumu    60.0 121.55333 +21.30000 /data/raw/bok/u/201511/J7335/good/d7335.0411.fits
0412 object   10516      strumu     6.0 121.76067 +20.50008 /data/raw/bok/u/201511/J7335/good/d7335.0412.fits
0413 object   10516      strumu    60.0 121.76071 +20.50000 /data/raw/bok/u/201511/J7335/good/d7335.0413.fits
0414 object   10880      strumu     6.0 122.41158 +21.29978 /data/raw/bok/u/201511/J7335/good/d7335.0414.fits
0415 object   10880      strumu    60.0 122.41158 +21.30000 /data/raw/bok/u/201511/J7335/good/d7335.0415.fits
0416 object   10517      strumu     6.0 122.61504 +20.50019 /data/raw/bok/u/201511/J7335/good/d7335.0416.fits
0417 object   10517      strumu    60.0 122.61492 +20.50000 /data/raw/bok/u/201511/J7335/good/d7335.0417.fits
0418 object   10881      strumu     6.0 123.27042 +21.29981 /data/raw/bok/u/201511/J7335/good/d7335.0418.fits
0419 object   10881      strumu    60.0 123.27029 +21.30000 /data/raw/bok/u/201511/J7335/good/d7335.0419.fits
0420 object   10518      strumu     6.0 123.46921 +20.50008 /data/raw/bok/u/201511/J7335/good/d7335.0420.fits
0421 object   10518      strumu    60.0 123.46900 +20.50000 /data/raw/bok/u/201511/J7335/good/d7335.0421.fits
