0014 object   10728      strumu     6.0 327.59167 +20.50000 /data/raw/bok/u/201511/J7336/good/d7336.0014.fits
0015 object   10728      strumu    60.0 327.59575 +20.50000 /data/raw/bok/u/201511/J7336/good/d7336.0015.fits
0016 object   10729      strumu     6.0 328.44992 +20.50000 /data/raw/bok/u/201511/J7336/good/d7336.0016.fits
0017 object   10729      strumu    60.0 328.44996 +20.50000 /data/raw/bok/u/201511/J7336/good/d7336.0017.fits
0018 object   10730      strumu     6.0 329.30404 +20.50000 /data/raw/bok/u/201511/J7336/good/d7336.0018.fits
0019 object   10730      strumu    60.0 329.30417 +20.50000 /data/raw/bok/u/201511/J7336/good/d7336.0019.fits
0020 object   10731      strumu     6.0 330.15829 +20.50000 /data/raw/bok/u/201511/J7336/good/d7336.0020.fits
0021 object   10731      strumu    60.0 330.15829 +20.50003 /data/raw/bok/u/201511/J7336/good/d7336.0021.fits
0022 object   10732      strumu     6.0 331.01183 +20.50000 /data/raw/bok/u/201511/J7336/good/d7336.0022.fits
0023 object   10732      strumu    60.0 331.01188 +20.50000 /data/raw/bok/u/201511/J7336/good/d7336.0023.fits
0024 object   10733      strumu     6.0 331.86621 +20.50000 /data/raw/bok/u/201511/J7336/good/d7336.0024.fits
0025 object   10733      strumu    60.0 331.86617 +20.50000 /data/raw/bok/u/201511/J7336/good/d7336.0025.fits
0026 object   10734      strumu     6.0 332.72029 +20.50000 /data/raw/bok/u/201511/J7336/good/d7336.0026.fits
0027 object   10734      strumu    60.0 332.72038 +20.50000 /data/raw/bok/u/201511/J7336/good/d7336.0027.fits
0028 object   10735      strumu     6.0 333.57446 +20.49997 /data/raw/bok/u/201511/J7336/good/d7336.0028.fits
0029 object   10735      strumu    60.0 333.57458 +20.50000 /data/raw/bok/u/201511/J7336/good/d7336.0029.fits
0030 object   10736      strumu     6.0 334.42879 +20.50000 /data/raw/bok/u/201511/J7336/good/d7336.0030.fits
0031 object   10736      strumu    60.0 334.42867 +20.50000 /data/raw/bok/u/201511/J7336/good/d7336.0031.fits
0032 object   10737      strumu     6.0 335.28242 +20.50000 /data/raw/bok/u/201511/J7336/good/d7336.0032.fits
0033 object   10737      strumu    60.0 335.28246 +20.50000 /data/raw/bok/u/201511/J7336/good/d7336.0033.fits
0034 object   10738      strumu     6.0 336.13675 +20.50000 /data/raw/bok/u/201511/J7336/good/d7336.0034.fits
0035 object   10738      strumu    60.0 336.13654 +20.50000 /data/raw/bok/u/201511/J7336/good/d7336.0035.fits
0036 object   10739      strumu     6.0 336.99075 +20.50000 /data/raw/bok/u/201511/J7336/good/d7336.0036.fits
0037 object   10739      strumu    60.0 336.99071 +20.50000 /data/raw/bok/u/201511/J7336/good/d7336.0037.fits
0038 object   11101      strumu     6.0 337.07533 +21.29983 /data/raw/bok/u/201511/J7336/good/d7336.0038.fits
0039 object   11101      strumu    60.0 337.07542 +21.30000 /data/raw/bok/u/201511/J7336/good/d7336.0039.fits
0040 object   10740      strumu     6.0 337.84496 +20.50014 /data/raw/bok/u/201511/J7336/good/d7336.0040.fits
0041 object   10740      strumu    60.0 337.84479 +20.50000 /data/raw/bok/u/201511/J7336/good/d7336.0041.fits
0042 object   11102      strumu     6.0 337.93363 +21.29981 /data/raw/bok/u/201511/J7336/good/d7336.0042.fits
0043 object   11102      strumu    60.0 337.93358 +21.30000 /data/raw/bok/u/201511/J7336/good/d7336.0043.fits
0044 object   10741      strumu     6.0 338.69908 +20.50003 /data/raw/bok/u/201511/J7336/good/d7336.0044.fits
0045 object   10741      strumu    60.0 338.69921 +20.50000 /data/raw/bok/u/201511/J7336/good/d7336.0045.fits
0046 object   11103      strumu     6.0 338.79254 +21.29981 /data/raw/bok/u/201511/J7336/good/d7336.0046.fits
0047 object   11103      strumu    60.0 338.79229 +21.30000 /data/raw/bok/u/201511/J7336/good/d7336.0047.fits
0048 object   10742      strumu     6.0 339.55329 +20.50006 /data/raw/bok/u/201511/J7336/good/d7336.0048.fits
0049 object   10742      strumu    60.0 339.55325 +20.50003 /data/raw/bok/u/201511/J7336/good/d7336.0049.fits
0050 object   11104      strumu     6.0 339.65117 +21.29989 /data/raw/bok/u/201511/J7336/good/d7336.0050.fits
0051 object   11104      strumu    60.0 339.65125 +21.30000 /data/raw/bok/u/201511/J7336/good/d7336.0051.fits
0052 object   10743      strumu     6.0 340.40696 +20.50014 /data/raw/bok/u/201511/J7336/good/d7336.0052.fits
0053 object   10743      strumu    60.0 340.40696 +20.50000 /data/raw/bok/u/201511/J7336/good/d7336.0053.fits
0054 object   11105      strumu     6.0 340.51000 +21.29975 /data/raw/bok/u/201511/J7336/good/d7336.0054.fits
0055 object   11105      strumu    60.0 340.50992 +21.30003 /data/raw/bok/u/201511/J7336/good/d7336.0055.fits
0056 object   10744      strumu     6.0 341.26133 +20.50008 /data/raw/bok/u/201511/J7336/good/d7336.0056.fits
0057 object   10744      strumu    60.0 341.26112 +20.50000 /data/raw/bok/u/201511/J7336/good/d7336.0057.fits
0058 object   11106      strumu     6.0 341.36833 +21.29992 /data/raw/bok/u/201511/J7336/good/d7336.0058.fits
0059 object   11106      strumu    60.0 341.36825 +21.29997 /data/raw/bok/u/201511/J7336/good/d7336.0059.fits
0060 object   10745      strumu     6.0 342.11533 +20.50014 /data/raw/bok/u/201511/J7336/good/d7336.0060.fits
0061 object   10745      strumu    60.0 342.11546 +20.50000 /data/raw/bok/u/201511/J7336/good/d7336.0061.fits
0062 object   11107      strumu     6.0 342.22713 +21.29989 /data/raw/bok/u/201511/J7336/good/d7336.0062.fits
0063 object   11107      strumu    60.0 342.22700 +21.30000 /data/raw/bok/u/201511/J7336/good/d7336.0063.fits
0064 object   10746      strumu     6.0 342.96954 +20.50014 /data/raw/bok/u/201511/J7336/good/d7336.0064.fits
0065 object   10746      strumu    60.0 342.96942 +20.50003 /data/raw/bok/u/201511/J7336/good/d7336.0065.fits
0066 object   10747      strumu     6.0 343.82358 +20.50000 /data/raw/bok/u/201511/J7336/good/d7336.0066.fits
0067 object   10747      strumu    60.0 343.82358 +20.50000 /data/raw/bok/u/201511/J7336/good/d7336.0067.fits
0068 object   10748      strumu     6.0 344.67737 +20.50000 /data/raw/bok/u/201511/J7336/good/d7336.0068.fits
0069 object   10748      strumu    60.0 344.67737 +20.50003 /data/raw/bok/u/201511/J7336/good/d7336.0069.fits
0070 object   10749      strumu     6.0 345.53167 +20.50000 /data/raw/bok/u/201511/J7336/good/d7336.0070.fits
0071 object   10749      strumu    60.0 345.53163 +20.49997 /data/raw/bok/u/201511/J7336/good/d7336.0071.fits
0072 object   10750      strumu     6.0 346.38563 +20.50000 /data/raw/bok/u/201511/J7336/good/d7336.0072.fits
0073 object   10750      strumu    60.0 346.38575 +20.50000 /data/raw/bok/u/201511/J7336/good/d7336.0073.fits
0074 object   10751      strumu     6.0 347.23992 +20.50000 /data/raw/bok/u/201511/J7336/good/d7336.0074.fits
0075 object   10751      strumu    60.0 347.23996 +20.49997 /data/raw/bok/u/201511/J7336/good/d7336.0075.fits
0076 object   10752      strumu     6.0 348.09396 +20.50000 /data/raw/bok/u/201511/J7336/good/d7336.0076.fits
0077 object   10752      strumu    60.0 348.09404 +20.50000 /data/raw/bok/u/201511/J7336/good/d7336.0077.fits
0078 object   10753      strumu     6.0 348.94821 +20.50000 /data/raw/bok/u/201511/J7336/good/d7336.0078.fits
0079 object   10753      strumu    60.0 348.94837 +20.50000 /data/raw/bok/u/201511/J7336/good/d7336.0079.fits
0080 object   10754      strumu     6.0 349.80200 +20.50000 /data/raw/bok/u/201511/J7336/good/d7336.0080.fits
0081 object   10754      strumu    60.0 349.80196 +20.50000 /data/raw/bok/u/201511/J7336/good/d7336.0081.fits
0082 object   10755      strumu     6.0 350.65621 +20.50000 /data/raw/bok/u/201511/J7336/good/d7336.0082.fits
0083 object   10755      strumu    60.0 350.65608 +20.50000 /data/raw/bok/u/201511/J7336/good/d7336.0083.fits
0084 object   10763      strumu     6.0 357.48883 +20.50000 /data/raw/bok/u/201511/J7336/good/d7336.0084.fits
0085 object   10763      strumu    60.0 357.48908 +20.50000 /data/raw/bok/u/201511/J7336/good/d7336.0085.fits
0086 object   10764      strumu     6.0 358.34279 +20.50000 /data/raw/bok/u/201511/J7336/good/d7336.0086.fits
0087 object   10764      strumu    60.0 358.34283 +20.50000 /data/raw/bok/u/201511/J7336/good/d7336.0087.fits
0088 object   10765      strumu     6.0 359.19696 +20.49997 /data/raw/bok/u/201511/J7336/good/d7336.0088.fits
0089 object   10765      strumu    60.0 359.19700 +20.50000 /data/raw/bok/u/201511/J7336/good/d7336.0089.fits
0090 object   10766      strumu     6.0   0.05112 +20.49994 /data/raw/bok/u/201511/J7336/good/d7336.0090.fits
0091 object   10766      strumu    60.0   0.05112 +20.50000 /data/raw/bok/u/201511/J7336/good/d7336.0091.fits
0092 object   10403      strumu     6.0   0.48033 +20.50000 /data/raw/bok/u/201511/J7336/good/d7336.0092.fits
0093 object   10403      strumu    60.0   0.48033 +20.50000 /data/raw/bok/u/201511/J7336/good/d7336.0093.fits
0094 object   10767      strumu     6.0   0.48283 +21.29972 /data/raw/bok/u/201511/J7336/good/d7336.0094.fits
0095 object   10767      strumu    60.0   0.48283 +21.30000 /data/raw/bok/u/201511/J7336/good/d7336.0095.fits
0096 object   10404      strumu     6.0   1.33458 +20.50006 /data/raw/bok/u/201511/J7336/good/d7336.0096.fits
0097 object   10404      strumu    60.0   1.33454 +20.50000 /data/raw/bok/u/201511/J7336/good/d7336.0097.fits
0098 object   10768      strumu     6.0   1.34162 +21.29989 /data/raw/bok/u/201511/J7336/good/d7336.0098.fits
0099 object   10768      strumu    60.0   1.34158 +21.30000 /data/raw/bok/u/201511/J7336/good/d7336.0099.fits
0100 object   10405      strumu     6.0   2.18871 +20.50006 /data/raw/bok/u/201511/J7336/good/d7336.0100.fits
0101 object   10405      strumu    60.0   2.18858 +20.50000 /data/raw/bok/u/201511/J7336/good/d7336.0101.fits
0102 object   10769      strumu     6.0   2.20025 +21.29992 /data/raw/bok/u/201511/J7336/good/d7336.0102.fits
0103 object   10769      strumu    60.0   2.20025 +21.30000 /data/raw/bok/u/201511/J7336/good/d7336.0103.fits
0104 object   10406      strumu     6.0   3.04250 +20.50006 /data/raw/bok/u/201511/J7336/good/d7336.0104.fits
0105 object   10406      strumu    60.0   3.04238 +20.50000 /data/raw/bok/u/201511/J7336/good/d7336.0105.fits
0106 object   10407      strumu     6.0   3.89658 +20.49997 /data/raw/bok/u/201511/J7336/good/d7336.0106.fits
0107 object   10407      strumu    60.0   3.89654 +20.50003 /data/raw/bok/u/201511/J7336/good/d7336.0107.fits
0108 object   10777      strumu     6.0   9.06954 +21.30000 /data/raw/bok/u/201511/J7336/good/d7336.0108.fits
0109 object   10777      strumu    60.0   9.06954 +21.30000 /data/raw/bok/u/201511/J7336/good/d7336.0109.fits
0110 object   10778      strumu     6.0   9.92808 +21.29997 /data/raw/bok/u/201511/J7336/good/d7336.0110.fits
0111 object   10778      strumu    60.0   9.92821 +21.30000 /data/raw/bok/u/201511/J7336/good/d7336.0111.fits
0112 object   10415      strumu     6.0  10.72946 +20.50014 /data/raw/bok/u/201511/J7336/good/d7336.0112.fits
0113 object   10415      strumu    60.0  10.72942 +20.50003 /data/raw/bok/u/201511/J7336/good/d7336.0113.fits
0115 object   10779      strumu     6.0  10.78650 +21.30000 /data/raw/bok/u/201511/J7336/good/d7336.0115.fits
0116 object   10779      strumu    60.0  10.78650 +21.30000 /data/raw/bok/u/201511/J7336/good/d7336.0116.fits
0117 object   10416      strumu     6.0  11.58375 +20.50014 /data/raw/bok/u/201511/J7336/good/d7336.0117.fits
0118 object   10416      strumu    60.0  11.58363 +20.50000 /data/raw/bok/u/201511/J7336/good/d7336.0118.fits
0119 object   10780      strumu     6.0  11.64525 +21.29992 /data/raw/bok/u/201511/J7336/good/d7336.0119.fits
0120 object   10780      strumu    60.0  11.64517 +21.30000 /data/raw/bok/u/201511/J7336/good/d7336.0120.fits
0121 object   10417      strumu     6.0  12.43737 +20.50006 /data/raw/bok/u/201511/J7336/good/d7336.0121.fits
0122 object   10417      strumu    60.0  12.43733 +20.50000 /data/raw/bok/u/201511/J7336/good/d7336.0122.fits
0123 object   10781      strumu     6.0  12.50400 +21.29975 /data/raw/bok/u/201511/J7336/good/d7336.0123.fits
0124 object   10781      strumu    60.0  12.50417 +21.30000 /data/raw/bok/u/201511/J7336/good/d7336.0124.fits
0125 object   10418      strumu     6.0  13.29146 +20.50014 /data/raw/bok/u/201511/J7336/good/d7336.0125.fits
0126 object   10418      strumu    60.0  13.29154 +20.50000 /data/raw/bok/u/201511/J7336/good/d7336.0126.fits
0127 object   10782      strumu     6.0  13.36287 +21.29969 /data/raw/bok/u/201511/J7336/good/d7336.0127.fits
0128 object   10782      strumu    60.0  13.36296 +21.30000 /data/raw/bok/u/201511/J7336/good/d7336.0128.fits
0129 object   10419      strumu     6.0  14.14588 +20.50011 /data/raw/bok/u/201511/J7336/good/d7336.0129.fits
0130 object   10419      strumu    60.0  14.14579 +20.50003 /data/raw/bok/u/201511/J7336/good/d7336.0130.fits
0131 object   10783      strumu     6.0  14.22108 +21.29981 /data/raw/bok/u/201511/J7336/good/d7336.0131.fits
0132 object   10783      strumu    60.0  14.22117 +21.30000 /data/raw/bok/u/201511/J7336/good/d7336.0132.fits
0133 object   10420      strumu     6.0  14.99958 +20.50006 /data/raw/bok/u/201511/J7336/good/d7336.0133.fits
0134 object   10420      strumu    60.0  14.99962 +20.50000 /data/raw/bok/u/201511/J7336/good/d7336.0134.fits
0135 object   10784      strumu     6.0  15.07983 +21.29992 /data/raw/bok/u/201511/J7336/good/d7336.0135.fits
0136 object   10784      strumu    60.0  15.08000 +21.30000 /data/raw/bok/u/201511/J7336/good/d7336.0136.fits
0137 object   10421      strumu     6.0  15.85425 +20.50008 /data/raw/bok/u/201511/J7336/good/d7336.0137.fits
0138 object   10421      strumu    60.0  15.85408 +20.50000 /data/raw/bok/u/201511/J7336/good/d7336.0138.fits
0139 object   10785      strumu     6.0  15.93863 +21.29989 /data/raw/bok/u/201511/J7336/good/d7336.0139.fits
0140 object   10785      strumu    60.0  15.93875 +21.30000 /data/raw/bok/u/201511/J7336/good/d7336.0140.fits
0141 object   10786      strumu     6.0  16.79754 +21.29997 /data/raw/bok/u/201511/J7336/good/d7336.0141.fits
0142 object   10786      strumu    60.0  16.79750 +21.30003 /data/raw/bok/u/201511/J7336/good/d7336.0142.fits
0143 object   10787      strumu     6.0  17.65608 +21.30000 /data/raw/bok/u/201511/J7336/good/d7336.0143.fits
0144 object   10787      strumu    60.0  17.65621 +21.30000 /data/raw/bok/u/201511/J7336/good/d7336.0144.fits
0145 object   10788      strumu     6.0  18.51462 +21.29997 /data/raw/bok/u/201511/J7336/good/d7336.0145.fits
0146 object   10788      strumu    60.0  18.51454 +21.30000 /data/raw/bok/u/201511/J7336/good/d7336.0146.fits
0147 object   10789      strumu     6.0  19.37325 +21.30000 /data/raw/bok/u/201511/J7336/good/d7336.0147.fits
0148 object   10789      strumu    60.0  19.37329 +21.30003 /data/raw/bok/u/201511/J7336/good/d7336.0148.fits
0149 object   10790      strumu     6.0  20.23171 +21.29997 /data/raw/bok/u/201511/J7336/good/d7336.0149.fits
0150 object   10790      strumu    60.0  20.23212 +21.30000 /data/raw/bok/u/201511/J7336/good/d7336.0150.fits
0151 object   10429      strumu     6.0  22.68646 +20.50000 /data/raw/bok/u/201511/J7336/good/d7336.0151.fits
0152 object   10429      strumu    60.0  22.68667 +20.50000 /data/raw/bok/u/201511/J7336/good/d7336.0152.fits
0153 object   10430      strumu     6.0  23.54058 +20.50000 /data/raw/bok/u/201511/J7336/good/d7336.0153.fits
0154 object   10430      strumu    60.0  23.54083 +20.50000 /data/raw/bok/u/201511/J7336/good/d7336.0154.fits
0155 object   10431      strumu     6.0  24.39496 +20.50000 /data/raw/bok/u/201511/J7336/good/d7336.0155.fits
0156 object   10431      strumu    60.0  24.39492 +20.50000 /data/raw/bok/u/201511/J7336/good/d7336.0156.fits
0157 object   10432      strumu     6.0  25.24925 +20.49997 /data/raw/bok/u/201511/J7336/good/d7336.0157.fits
0158 object   10432      strumu    60.0  25.24908 +20.49997 /data/raw/bok/u/201511/J7336/good/d7336.0158.fits
0159 object   10433      strumu     6.0  26.10275 +20.50000 /data/raw/bok/u/201511/J7336/good/d7336.0159.fits
0160 object   10433      strumu    60.0  26.10275 +20.50000 /data/raw/bok/u/201511/J7336/good/d7336.0160.fits
0161 object   10434      strumu     6.0  26.95708 +20.50000 /data/raw/bok/u/201511/J7336/good/d7336.0161.fits
0162 object   10434      strumu    60.0  26.95700 +20.50000 /data/raw/bok/u/201511/J7336/good/d7336.0162.fits
0163 object   10435      strumu     6.0  27.81113 +20.50000 /data/raw/bok/u/201511/J7336/good/d7336.0163.fits
0164 object   10435      strumu    60.0  27.81121 +20.50000 /data/raw/bok/u/201511/J7336/good/d7336.0164.fits
0165 object   10436      strumu     6.0  28.66542 +20.50000 /data/raw/bok/u/201511/J7336/good/d7336.0165.fits
0166 object   10436      strumu    60.0  28.66521 +20.50000 /data/raw/bok/u/201511/J7336/good/d7336.0166.fits
0167 object   10437      strumu     6.0  29.51917 +20.50000 /data/raw/bok/u/201511/J7336/good/d7336.0167.fits
0168 object   10437      strumu    60.0  29.51946 +20.49997 /data/raw/bok/u/201511/J7336/good/d7336.0168.fits
0169 object   10438      strumu     6.0  30.37304 +20.50000 /data/raw/bok/u/201511/J7336/good/d7336.0169.fits
0170 object   10438      strumu    60.0  30.37317 +20.50000 /data/raw/bok/u/201511/J7336/good/d7336.0170.fits
0171 object   10439      strumu     6.0  31.22708 +20.50000 /data/raw/bok/u/201511/J7336/good/d7336.0171.fits
0172 object   10439      strumu    60.0  31.22729 +20.50000 /data/raw/bok/u/201511/J7336/good/d7336.0172.fits
0173 object   10440      strumu     6.0  32.08137 +20.50000 /data/raw/bok/u/201511/J7336/good/d7336.0173.fits
0174 object   10440      strumu    60.0  32.08150 +20.50000 /data/raw/bok/u/201511/J7336/good/d7336.0174.fits
0175 object   10441      strumu     6.0  32.93571 +20.49997 /data/raw/bok/u/201511/J7336/good/d7336.0175.fits
0176 object   10441      strumu    60.0  32.93579 +20.50000 /data/raw/bok/u/201511/J7336/good/d7336.0176.fits
0177 object   10442      strumu     6.0  33.78963 +20.50000 /data/raw/bok/u/201511/J7336/good/d7336.0177.fits
0178 object   10442      strumu    60.0  33.78983 +20.50000 /data/raw/bok/u/201511/J7336/good/d7336.0178.fits
0179 object   10443      strumu     6.0  34.64358 +20.50000 /data/raw/bok/u/201511/J7336/good/d7336.0179.fits
0180 object   10443      strumu    60.0  34.64358 +20.50000 /data/raw/bok/u/201511/J7336/good/d7336.0180.fits
0181 object   10444      strumu     6.0  35.49779 +20.50000 /data/raw/bok/u/201511/J7336/good/d7336.0181.fits
0182 object   10444      strumu    60.0  35.49788 +20.50000 /data/raw/bok/u/201511/J7336/good/d7336.0182.fits
0183 object   10445      strumu     6.0  36.35167 +20.50000 /data/raw/bok/u/201511/J7336/good/d7336.0183.fits
0184 object   10445      strumu    60.0  36.35187 +20.50000 /data/raw/bok/u/201511/J7336/good/d7336.0184.fits
0185 object   10446      strumu     6.0  37.20604 +20.50000 /data/raw/bok/u/201511/J7336/good/d7336.0185.fits
0186 object   10446      strumu    60.0  37.20608 +20.50000 /data/raw/bok/u/201511/J7336/good/d7336.0186.fits
0187 object   10447      strumu     6.0  38.06012 +20.50000 /data/raw/bok/u/201511/J7336/good/d7336.0187.fits
0188 object   10447      strumu    60.0  38.06029 +20.50000 /data/raw/bok/u/201511/J7336/good/d7336.0188.fits
0189 object   10448      strumu     6.0  38.91387 +20.50000 /data/raw/bok/u/201511/J7336/good/d7336.0189.fits
0190 object   10448      strumu    60.0  38.91392 +20.49997 /data/raw/bok/u/201511/J7336/good/d7336.0190.fits
0191 object   10812      strumu     6.0  39.12229 +21.29994 /data/raw/bok/u/201511/J7336/good/d7336.0191.fits
0192 object   10812      strumu    60.0  39.12246 +21.30000 /data/raw/bok/u/201511/J7336/good/d7336.0192.fits
0193 object   10449      strumu     6.0  39.76821 +20.50008 /data/raw/bok/u/201511/J7336/good/d7336.0193.fits
0194 object   10449      strumu    60.0  39.76821 +20.50000 /data/raw/bok/u/201511/J7336/good/d7336.0194.fits
0195 object   10813      strumu     6.0  39.98108 +21.29981 /data/raw/bok/u/201511/J7336/good/d7336.0195.fits
0196 object   10813      strumu    60.0  39.98112 +21.30000 /data/raw/bok/u/201511/J7336/good/d7336.0196.fits
0197 object   10450      strumu     6.0  40.62242 +20.50008 /data/raw/bok/u/201511/J7336/good/d7336.0197.fits
0198 object   10450      strumu    60.0  40.62233 +20.50000 /data/raw/bok/u/201511/J7336/good/d7336.0198.fits
0199 object   10814      strumu     6.0  40.83954 +21.29986 /data/raw/bok/u/201511/J7336/good/d7336.0199.fits
0200 object   10814      strumu    60.0  40.83954 +21.30000 /data/raw/bok/u/201511/J7336/good/d7336.0200.fits
0201 object   10451      strumu     6.0  41.47658 +20.50008 /data/raw/bok/u/201511/J7336/good/d7336.0201.fits
0202 object   10451      strumu    60.0  41.47646 +20.50000 /data/raw/bok/u/201511/J7336/good/d7336.0202.fits
0203 object   10815      strumu     6.0  41.69821 +21.29986 /data/raw/bok/u/201511/J7336/good/d7336.0203.fits
0204 object   10815      strumu    60.0  41.69833 +21.30000 /data/raw/bok/u/201511/J7336/good/d7336.0204.fits
0205 object   10452      strumu     6.0  42.33083 +20.50011 /data/raw/bok/u/201511/J7336/good/d7336.0205.fits
0206 object   10452      strumu    60.0  42.33075 +20.50000 /data/raw/bok/u/201511/J7336/good/d7336.0206.fits
0207 object   10816      strumu     6.0  42.55696 +21.29981 /data/raw/bok/u/201511/J7336/good/d7336.0207.fits
0208 object   10816      strumu    60.0  42.55696 +21.30000 /data/raw/bok/u/201511/J7336/good/d7336.0208.fits
0209 object   10453      strumu     6.0  43.18504 +20.50008 /data/raw/bok/u/201511/J7336/good/d7336.0209.fits
0210 object   10453      strumu    60.0  43.18492 +20.50000 /data/raw/bok/u/201511/J7336/good/d7336.0210.fits
0211 object   10817      strumu     6.0  43.41579 +21.29989 /data/raw/bok/u/201511/J7336/good/d7336.0211.fits
0212 object   10817      strumu    60.0  43.41571 +21.30000 /data/raw/bok/u/201511/J7336/good/d7336.0212.fits
0213 object   10454      strumu     6.0  44.03875 +20.50008 /data/raw/bok/u/201511/J7336/good/d7336.0213.fits
0214 object   10454      strumu    60.0  44.03867 +20.50000 /data/raw/bok/u/201511/J7336/good/d7336.0214.fits
0216 object   10818      strumu     6.0  44.27400 +21.29992 /data/raw/bok/u/201511/J7336/good/d7336.0216.fits
0217 object   10818      strumu    60.0  44.27417 +21.30000 /data/raw/bok/u/201511/J7336/good/d7336.0217.fits
0218 object   10455      strumu     6.0  44.89300 +20.50008 /data/raw/bok/u/201511/J7336/good/d7336.0218.fits
0219 object   10455      strumu    60.0  44.89288 +20.50000 /data/raw/bok/u/201511/J7336/good/d7336.0219.fits
0220 object   10456      strumu     6.0  45.74688 +20.49997 /data/raw/bok/u/201511/J7336/good/d7336.0220.fits
0221 object   10456      strumu    60.0  45.74692 +20.50000 /data/raw/bok/u/201511/J7336/good/d7336.0221.fits
0222 object   10457      strumu     6.0  46.60117 +20.49997 /data/raw/bok/u/201511/J7336/good/d7336.0222.fits
0223 object   10457      strumu    60.0  46.60121 +20.50003 /data/raw/bok/u/201511/J7336/good/d7336.0223.fits
0224 object   10458      strumu     6.0  47.45513 +20.49997 /data/raw/bok/u/201511/J7336/good/d7336.0224.fits
0225 object   10458      strumu    60.0  47.45529 +20.50000 /data/raw/bok/u/201511/J7336/good/d7336.0225.fits
0226 object   10459      strumu     6.0  48.30896 +20.50000 /data/raw/bok/u/201511/J7336/good/d7336.0226.fits
0227 object   10459      strumu    60.0  48.30904 +20.50000 /data/raw/bok/u/201511/J7336/good/d7336.0227.fits
0228 object   10460      strumu     6.0  49.16317 +20.50000 /data/raw/bok/u/201511/J7336/good/d7336.0228.fits
0229 object   10460      strumu    60.0  49.16338 +20.50000 /data/raw/bok/u/201511/J7336/good/d7336.0229.fits
0230 object   10461      strumu     6.0  50.01746 +20.50000 /data/raw/bok/u/201511/J7336/good/d7336.0230.fits
0231 object   10461      strumu    60.0  50.01746 +20.50000 /data/raw/bok/u/201511/J7336/good/d7336.0231.fits
0232 object   10462      strumu     6.0  50.87158 +20.50000 /data/raw/bok/u/201511/J7336/good/d7336.0232.fits
0233 object   10462      strumu    60.0  50.87158 +20.50000 /data/raw/bok/u/201511/J7336/good/d7336.0233.fits
0234 object   10463      strumu     6.0  51.72571 +20.50000 /data/raw/bok/u/201511/J7336/good/d7336.0234.fits
0235 object   10463      strumu    60.0  51.72588 +20.50000 /data/raw/bok/u/201511/J7336/good/d7336.0235.fits
0236 object   10464      strumu     6.0  52.57967 +20.50000 /data/raw/bok/u/201511/J7336/good/d7336.0236.fits
0237 object   10464      strumu    60.0  52.57946 +20.50000 /data/raw/bok/u/201511/J7336/good/d7336.0237.fits
0238 object   10465      strumu     6.0  53.43342 +20.50000 /data/raw/bok/u/201511/J7336/good/d7336.0238.fits
0239 object   10465      strumu    60.0  53.43383 +20.50000 /data/raw/bok/u/201511/J7336/good/d7336.0239.fits
0240 object   10466      strumu     6.0  54.28767 +20.50000 /data/raw/bok/u/201511/J7336/good/d7336.0240.fits
0241 object   10466      strumu    60.0  54.28792 +20.50003 /data/raw/bok/u/201511/J7336/good/d7336.0241.fits
0242 object   10467      strumu     6.0  55.14187 +20.50000 /data/raw/bok/u/201511/J7336/good/d7336.0242.fits
0243 object   10467      strumu    60.0  55.14192 +20.50000 /data/raw/bok/u/201511/J7336/good/d7336.0243.fits
0244 object   10468      strumu     6.0  55.99604 +20.50000 /data/raw/bok/u/201511/J7336/good/d7336.0244.fits
0245 object   10468      strumu    60.0  55.99608 +20.50000 /data/raw/bok/u/201511/J7336/good/d7336.0245.fits
0246 object   10469      strumu     6.0  56.84987 +20.49997 /data/raw/bok/u/201511/J7336/good/d7336.0246.fits
0247 object   10469      strumu    60.0  56.85004 +20.50000 /data/raw/bok/u/201511/J7336/good/d7336.0247.fits
0248 object   10470      strumu     6.0  57.70413 +20.50000 /data/raw/bok/u/201511/J7336/good/d7336.0248.fits
0249 object   10470      strumu    60.0  57.70417 +20.50000 /data/raw/bok/u/201511/J7336/good/d7336.0249.fits
0250 object   10471      strumu     6.0  58.55812 +20.50000 /data/raw/bok/u/201511/J7336/good/d7336.0250.fits
0251 object   10471      strumu    60.0  58.55821 +20.50000 /data/raw/bok/u/201511/J7336/good/d7336.0251.fits
0252 object   10472      strumu     6.0  59.41225 +20.50000 /data/raw/bok/u/201511/J7336/good/d7336.0252.fits
0253 object   10472      strumu    60.0  59.41250 +20.50000 /data/raw/bok/u/201511/J7336/good/d7336.0253.fits
0254 object   10473      strumu     6.0  60.26671 +20.50000 /data/raw/bok/u/201511/J7336/good/d7336.0254.fits
0255 object   10473      strumu    60.0  60.26658 +20.50000 /data/raw/bok/u/201511/J7336/good/d7336.0255.fits
0256 object   10474      strumu     6.0  61.12058 +20.50000 /data/raw/bok/u/201511/J7336/good/d7336.0256.fits
0257 object   10474      strumu    60.0  61.12083 +20.50000 /data/raw/bok/u/201511/J7336/good/d7336.0257.fits
0258 object   10475      strumu     6.0  61.97454 +20.49997 /data/raw/bok/u/201511/J7336/good/d7336.0258.fits
0259 object   10475      strumu    60.0  61.97446 +20.49997 /data/raw/bok/u/201511/J7336/good/d7336.0259.fits
0260 object   10476      strumu     6.0  62.82867 +20.49997 /data/raw/bok/u/201511/J7336/good/d7336.0260.fits
0261 object   10476      strumu    60.0  62.82875 +20.50000 /data/raw/bok/u/201511/J7336/good/d7336.0261.fits
0262 object   10477      strumu     6.0  63.68271 +20.50000 /data/raw/bok/u/201511/J7336/good/d7336.0262.fits
0263 object   10477      strumu    60.0  63.68275 +20.50000 /data/raw/bok/u/201511/J7336/good/d7336.0263.fits
0264 object   10478      strumu     6.0  64.53687 +20.50000 /data/raw/bok/u/201511/J7336/good/d7336.0264.fits
0265 object   10478      strumu    60.0  64.53708 +20.50000 /data/raw/bok/u/201511/J7336/good/d7336.0265.fits
0266 object   10479      strumu     6.0  65.39104 +20.50000 /data/raw/bok/u/201511/J7336/good/d7336.0266.fits
0267 object   10479      strumu    60.0  65.39125 +20.50000 /data/raw/bok/u/201511/J7336/good/d7336.0267.fits
0268 object   10480      strumu     6.0  66.24483 +20.50000 /data/raw/bok/u/201511/J7336/good/d7336.0268.fits
0269 object   10480      strumu    60.0  66.24492 +20.50000 /data/raw/bok/u/201511/J7336/good/d7336.0269.fits
0270 object   10481      strumu     6.0  67.09913 +20.50003 /data/raw/bok/u/201511/J7336/good/d7336.0270.fits
0271 object   10481      strumu    60.0  67.09900 +20.50000 /data/raw/bok/u/201511/J7336/good/d7336.0271.fits
0272 object   10482      strumu     6.0  67.95325 +20.50000 /data/raw/bok/u/201511/J7336/good/d7336.0272.fits
0273 object   10482      strumu    60.0  67.95333 +20.50000 /data/raw/bok/u/201511/J7336/good/d7336.0273.fits
0274 object   10483      strumu     6.0  68.80750 +20.50000 /data/raw/bok/u/201511/J7336/good/d7336.0274.fits
0275 object   10483      strumu    60.0  68.80737 +20.50000 /data/raw/bok/u/201511/J7336/good/d7336.0275.fits
0276 object   10484      strumu     6.0  69.66150 +20.49997 /data/raw/bok/u/201511/J7336/good/d7336.0276.fits
0277 object   10484      strumu    60.0  69.66154 +20.50000 /data/raw/bok/u/201511/J7336/good/d7336.0277.fits
0278 object   10485      strumu     6.0  70.51538 +20.50000 /data/raw/bok/u/201511/J7336/good/d7336.0278.fits
0279 object   10485      strumu    60.0  70.51525 +20.50000 /data/raw/bok/u/201511/J7336/good/d7336.0279.fits
0280 object   10486      strumu     6.0  71.36942 +20.49997 /data/raw/bok/u/201511/J7336/good/d7336.0280.fits
0281 object   10486      strumu    60.0  71.36942 +20.50003 /data/raw/bok/u/201511/J7336/good/d7336.0281.fits
0282 object   10487      strumu     6.0  72.22375 +20.50000 /data/raw/bok/u/201511/J7336/good/d7336.0282.fits
0283 object   10487      strumu    60.0  72.22375 +20.50000 /data/raw/bok/u/201511/J7336/good/d7336.0283.fits
0284 object   10488      strumu     6.0  73.07796 +20.50000 /data/raw/bok/u/201511/J7336/good/d7336.0284.fits
0285 object   10488      strumu    60.0  73.07792 +20.50000 /data/raw/bok/u/201511/J7336/good/d7336.0285.fits
0286 object   10489      strumu     6.0  73.93208 +20.50000 /data/raw/bok/u/201511/J7336/good/d7336.0286.fits
0287 object   10489      strumu    60.0  73.93204 +20.50000 /data/raw/bok/u/201511/J7336/good/d7336.0287.fits
0288 object   10490      strumu     6.0  74.78575 +20.50000 /data/raw/bok/u/201511/J7336/good/d7336.0288.fits
0289 object   10490      strumu    60.0  74.78579 +20.50000 /data/raw/bok/u/201511/J7336/good/d7336.0289.fits
0290 object   10854      strumu     6.0  75.18592 +21.29989 /data/raw/bok/u/201511/J7336/good/d7336.0290.fits
0291 object   10854      strumu    60.0  75.18575 +21.30003 /data/raw/bok/u/201511/J7336/good/d7336.0291.fits
0292 object   10491      strumu     6.0  75.64004 +20.50028 /data/raw/bok/u/201511/J7336/good/d7336.0292.fits
0293 object   10491      strumu    60.0  75.64000 +20.50000 /data/raw/bok/u/201511/J7336/good/d7336.0293.fits
0294 object   10855      strumu     6.0  76.04446 +21.29972 /data/raw/bok/u/201511/J7336/good/d7336.0294.fits
0295 object   10855      strumu    60.0  76.04458 +21.30000 /data/raw/bok/u/201511/J7336/good/d7336.0295.fits
0296 object   10492      strumu     6.0  76.49421 +20.50006 /data/raw/bok/u/201511/J7336/good/d7336.0296.fits
0297 object   10492      strumu    60.0  76.49412 +20.50000 /data/raw/bok/u/201511/J7336/good/d7336.0297.fits
0298 object   10856      strumu     6.0  76.90342 +21.29978 /data/raw/bok/u/201511/J7336/good/d7336.0298.fits
0299 object   10856      strumu    60.0  76.90321 +21.29997 /data/raw/bok/u/201511/J7336/good/d7336.0299.fits
0300 object   11578      strumu     6.0  76.91158 +22.89972 /data/raw/bok/u/201511/J7336/good/d7336.0300.fits
0301 object   11578      strumu    60.0  76.91154 +22.90000 /data/raw/bok/u/201511/J7336/good/d7336.0301.fits
0302 object   10493      strumu     6.0  77.34833 +20.50008 /data/raw/bok/u/201511/J7336/good/d7336.0302.fits
0303 object   10493      strumu    60.0  77.34821 +20.50000 /data/raw/bok/u/201511/J7336/good/d7336.0303.fits
0304 object   10857      strumu     6.0  77.76167 +21.29989 /data/raw/bok/u/201511/J7336/good/d7336.0304.fits
0305 object   10857      strumu    60.0  77.76150 +21.30000 /data/raw/bok/u/201511/J7336/good/d7336.0305.fits
0306 object   10494      strumu     6.0  78.20258 +20.50011 /data/raw/bok/u/201511/J7336/good/d7336.0306.fits
0307 object   10494      strumu    60.0  78.20238 +20.50000 /data/raw/bok/u/201511/J7336/good/d7336.0307.fits
0308 object   10858      strumu     6.0  78.62042 +21.29989 /data/raw/bok/u/201511/J7336/good/d7336.0308.fits
0309 object   10858      strumu    60.0  78.62033 +21.30000 /data/raw/bok/u/201511/J7336/good/d7336.0309.fits
0310 object   10495      strumu     6.0  79.05662 +20.50008 /data/raw/bok/u/201511/J7336/good/d7336.0310.fits
0311 object   10495      strumu    60.0  79.05671 +20.50000 /data/raw/bok/u/201511/J7336/good/d7336.0311.fits
0312 object   11579      strumu     6.0 102.96488 +22.89997 /data/raw/bok/u/201511/J7336/good/d7336.0312.fits
0313 object   11579      strumu    60.0 102.96496 +22.89997 /data/raw/bok/u/201511/J7336/good/d7336.0313.fits
0314 object   11580      strumu     6.0 103.83363 +22.89994 /data/raw/bok/u/201511/J7336/good/d7336.0314.fits
0315 object   11580      strumu    60.0 103.83358 +22.89997 /data/raw/bok/u/201511/J7336/good/d7336.0315.fits
0316 object   10859      strumu     6.0 104.37979 +21.30006 /data/raw/bok/u/201511/J7336/good/d7336.0316.fits
0317 object   10859      strumu    60.0 104.37987 +21.30003 /data/raw/bok/u/201511/J7336/good/d7336.0317.fits
0318 object   10496      strumu     6.0 104.67908 +20.50022 /data/raw/bok/u/201511/J7336/good/d7336.0318.fits
0319 object   10496      strumu    60.0 104.67908 +20.50000 /data/raw/bok/u/201511/J7336/good/d7336.0319.fits
0320 object   11581      strumu     6.0 104.70196 +22.89983 /data/raw/bok/u/201511/J7336/good/d7336.0320.fits
0321 object   11581      strumu    60.0 104.70192 +22.89997 /data/raw/bok/u/201511/J7336/good/d7336.0321.fits
0322 object   10860      strumu     6.0 105.23854 +21.30017 /data/raw/bok/u/201511/J7336/good/d7336.0322.fits
0323 object   10860      strumu    60.0 105.23867 +21.29997 /data/raw/bok/u/201511/J7336/good/d7336.0323.fits
0324 object   10497      strumu     6.0 105.53312 +20.50028 /data/raw/bok/u/201511/J7336/good/d7336.0324.fits
0325 object   10497      strumu    60.0 105.53312 +20.50000 /data/raw/bok/u/201511/J7336/good/d7336.0325.fits
0326 object   11582      strumu     6.0 105.57037 +22.89983 /data/raw/bok/u/201511/J7336/good/d7336.0326.fits
0327 object   11582      strumu    60.0 105.57021 +22.89997 /data/raw/bok/u/201511/J7336/good/d7336.0327.fits
0328 object   10861      strumu     6.0 106.09746 +21.30022 /data/raw/bok/u/201511/J7336/good/d7336.0328.fits
0329 object   10861      strumu    60.0 106.09729 +21.30000 /data/raw/bok/u/201511/J7336/good/d7336.0329.fits
0330 object   10498      strumu     6.0 106.38704 +20.50017 /data/raw/bok/u/201511/J7336/good/d7336.0330.fits
0331 object   10498      strumu    60.0 106.38704 +20.49997 /data/raw/bok/u/201511/J7336/good/d7336.0331.fits
0332 object   11583      strumu     6.0 106.43863 +22.89983 /data/raw/bok/u/201511/J7336/good/d7336.0332.fits
0333 object   11583      strumu    60.0 106.43867 +22.89997 /data/raw/bok/u/201511/J7336/good/d7336.0333.fits
0334 object   10862      strumu     6.0 106.95575 +21.30025 /data/raw/bok/u/201511/J7336/good/d7336.0334.fits
0335 object   10862      strumu    60.0 106.95567 +21.30000 /data/raw/bok/u/201511/J7336/good/d7336.0335.fits
0336 object   10499      strumu     6.0 107.24108 +20.50028 /data/raw/bok/u/201511/J7336/good/d7336.0336.fits
0337 object   10499      strumu    60.0 107.24117 +20.50000 /data/raw/bok/u/201511/J7336/good/d7336.0337.fits
0338 object   11584      strumu     6.0 107.30725 +22.89983 /data/raw/bok/u/201511/J7336/good/d7336.0338.fits
0339 object   11584      strumu    60.0 107.30729 +22.89997 /data/raw/bok/u/201511/J7336/good/d7336.0339.fits
0340 object   10863      strumu     6.0 107.81438 +21.30011 /data/raw/bok/u/201511/J7336/good/d7336.0340.fits
0341 object   10863      strumu    60.0 107.81438 +21.30000 /data/raw/bok/u/201511/J7336/good/d7336.0341.fits
0342 object   10500      strumu     6.0 108.09538 +20.50003 /data/raw/bok/u/201511/J7336/good/d7336.0342.fits
0343 object   10500      strumu    60.0 108.09538 +20.50000 /data/raw/bok/u/201511/J7336/good/d7336.0343.fits
0344 object   10864      strumu     6.0 108.67329 +21.29989 /data/raw/bok/u/201511/J7336/good/d7336.0344.fits
0345 object   10864      strumu    60.0 108.67325 +21.30000 /data/raw/bok/u/201511/J7336/good/d7336.0345.fits
0346 object   10501      strumu     6.0 108.94946 +20.50008 /data/raw/bok/u/201511/J7336/good/d7336.0346.fits
0347 object   10501      strumu    60.0 108.94950 +20.50000 /data/raw/bok/u/201511/J7336/good/d7336.0347.fits
0348 object   10865      strumu     6.0 109.53196 +21.29986 /data/raw/bok/u/201511/J7336/good/d7336.0348.fits
0349 object   10865      strumu    60.0 109.53192 +21.30000 /data/raw/bok/u/201511/J7336/good/d7336.0349.fits
0350 object   10502      strumu     6.0 109.80358 +20.50014 /data/raw/bok/u/201511/J7336/good/d7336.0350.fits
0351 object   10502      strumu    60.0 109.80362 +20.50000 /data/raw/bok/u/201511/J7336/good/d7336.0351.fits
0352 object   10866      strumu     6.0 110.39079 +21.29978 /data/raw/bok/u/201511/J7336/good/d7336.0352.fits
0353 object   10866      strumu    60.0 110.39071 +21.30000 /data/raw/bok/u/201511/J7336/good/d7336.0353.fits
0354 object   10503      strumu     6.0 110.65783 +20.50008 /data/raw/bok/u/201511/J7336/good/d7336.0354.fits
0355 object   10503      strumu    60.0 110.65788 +20.49997 /data/raw/bok/u/201511/J7336/good/d7336.0355.fits
0356 object   10867      strumu     6.0 111.24917 +21.29992 /data/raw/bok/u/201511/J7336/good/d7336.0356.fits
0357 object   10867      strumu    60.0 111.24900 +21.30000 /data/raw/bok/u/201511/J7336/good/d7336.0357.fits
0358 object   10504      strumu     6.0 111.51163 +20.50017 /data/raw/bok/u/201511/J7336/good/d7336.0358.fits
0359 object   10504      strumu    60.0 111.51150 +20.50000 /data/raw/bok/u/201511/J7336/good/d7336.0359.fits
0360 object   10505      strumu     6.0 112.36546 +20.50000 /data/raw/bok/u/201511/J7336/good/d7336.0360.fits
0361 object   10505      strumu    60.0 112.36575 +20.50000 /data/raw/bok/u/201511/J7336/good/d7336.0361.fits
0362 object   10506      strumu     6.0 113.21979 +20.50000 /data/raw/bok/u/201511/J7336/good/d7336.0362.fits
0363 object   10506      strumu    60.0 113.21979 +20.50000 /data/raw/bok/u/201511/J7336/good/d7336.0363.fits
0364 object   10507      strumu     6.0 114.07400 +20.49997 /data/raw/bok/u/201511/J7336/good/d7336.0364.fits
0365 object   10507      strumu    60.0 114.07408 +20.49997 /data/raw/bok/u/201511/J7336/good/d7336.0365.fits
0366 object   10508      strumu     6.0 114.92825 +20.50000 /data/raw/bok/u/201511/J7336/good/d7336.0366.fits
0367 object   10508      strumu    60.0 114.92821 +20.50000 /data/raw/bok/u/201511/J7336/good/d7336.0367.fits
0368 object   10509      strumu     6.0 115.78188 +20.50000 /data/raw/bok/u/201511/J7336/good/d7336.0368.fits
0369 object   10509      strumu    60.0 115.78196 +20.49997 /data/raw/bok/u/201511/J7336/good/d7336.0369.fits
0370 object   10510      strumu     6.0 116.63600 +20.49997 /data/raw/bok/u/201511/J7336/good/d7336.0370.fits
0371 object   10510      strumu    60.0 116.63617 +20.50000 /data/raw/bok/u/201511/J7336/good/d7336.0371.fits
0372 object   10511      strumu     6.0 117.49017 +20.49997 /data/raw/bok/u/201511/J7336/good/d7336.0372.fits
0373 object   10511      strumu    60.0 117.49038 +20.49997 /data/raw/bok/u/201511/J7336/good/d7336.0373.fits
0374 object   10875      strumu     6.0 118.11821 +21.29978 /data/raw/bok/u/201511/J7336/good/d7336.0374.fits
0375 object   10875      strumu    60.0 118.11825 +21.30000 /data/raw/bok/u/201511/J7336/good/d7336.0375.fits
0376 object   10512      strumu     6.0 118.34446 +20.50006 /data/raw/bok/u/201511/J7336/good/d7336.0376.fits
0377 object   10512      strumu    60.0 118.34450 +20.50003 /data/raw/bok/u/201511/J7336/good/d7336.0377.fits
0378 object   10876      strumu     6.0 118.97704 +21.29972 /data/raw/bok/u/201511/J7336/good/d7336.0378.fits
0379 object   10876      strumu    60.0 118.97704 +21.30000 /data/raw/bok/u/201511/J7336/good/d7336.0379.fits
0380 object   10513      strumu     6.0 119.19867 +20.50006 /data/raw/bok/u/201511/J7336/good/d7336.0380.fits
0381 object   10513      strumu    60.0 119.19863 +20.50000 /data/raw/bok/u/201511/J7336/good/d7336.0381.fits
0382 object   10877      strumu     6.0 119.83575 +21.29989 /data/raw/bok/u/201511/J7336/good/d7336.0382.fits
0383 object   10877      strumu    60.0 119.83579 +21.29997 /data/raw/bok/u/201511/J7336/good/d7336.0383.fits
0384 object   10514      strumu     6.0 120.05250 +20.50011 /data/raw/bok/u/201511/J7336/good/d7336.0384.fits
0385 object   10514      strumu    60.0 120.05238 +20.50000 /data/raw/bok/u/201511/J7336/good/d7336.0385.fits
0386 object   10878      strumu     6.0 120.69458 +21.29992 /data/raw/bok/u/201511/J7336/good/d7336.0386.fits
0387 object   10878      strumu    60.0 120.69450 +21.30000 /data/raw/bok/u/201511/J7336/good/d7336.0387.fits
0388 object   10515      strumu     6.0 120.90650 +20.50006 /data/raw/bok/u/201511/J7336/good/d7336.0388.fits
0389 object   10515      strumu    60.0 120.90638 +20.50000 /data/raw/bok/u/201511/J7336/good/d7336.0389.fits
0390 object   10879      strumu     6.0 121.55333 +21.29989 /data/raw/bok/u/201511/J7336/good/d7336.0390.fits
0391 object   10879      strumu    60.0 121.55321 +21.30000 /data/raw/bok/u/201511/J7336/good/d7336.0391.fits
0392 object   10516      strumu     6.0 121.76079 +20.50006 /data/raw/bok/u/201511/J7336/good/d7336.0392.fits
0393 object   10516      strumu    60.0 121.76071 +20.50003 /data/raw/bok/u/201511/J7336/good/d7336.0393.fits
0394 object   10880      strumu     6.0 122.41154 +21.29975 /data/raw/bok/u/201511/J7336/good/d7336.0394.fits
0395 object   10880      strumu    60.0 122.41158 +21.29997 /data/raw/bok/u/201511/J7336/good/d7336.0395.fits
0396 object   10517      strumu     6.0 122.61479 +20.50014 /data/raw/bok/u/201511/J7336/good/d7336.0396.fits
0397 object   10517      strumu    60.0 122.61487 +20.50003 /data/raw/bok/u/201511/J7336/good/d7336.0397.fits
0398 object   10881      strumu     6.0 123.27033 +21.29983 /data/raw/bok/u/201511/J7336/good/d7336.0398.fits
0399 object   10881      strumu    60.0 123.27033 +21.30000 /data/raw/bok/u/201511/J7336/good/d7336.0399.fits
0400 object   10518      strumu     6.0 123.46896 +20.50006 /data/raw/bok/u/201511/J7336/good/d7336.0400.fits
0401 object   10518      strumu    60.0 123.46913 +20.50000 /data/raw/bok/u/201511/J7336/good/d7336.0401.fits
0402 object   10882      strumu     6.0 124.12908 +21.29978 /data/raw/bok/u/201511/J7336/good/d7336.0402.fits
0403 object   10882      strumu    60.0 124.12913 +21.30000 /data/raw/bok/u/201511/J7336/good/d7336.0403.fits
0404 object   10519      strumu     6.0 124.32287 +20.50011 /data/raw/bok/u/201511/J7336/good/d7336.0404.fits
0405 object   10519      strumu    60.0 124.32283 +20.50000 /data/raw/bok/u/201511/J7336/good/d7336.0405.fits
0406 object   10883      strumu     6.0 124.98788 +21.29972 /data/raw/bok/u/201511/J7336/good/d7336.0406.fits
0407 object   10883      strumu    60.0 124.98775 +21.29997 /data/raw/bok/u/201511/J7336/good/d7336.0407.fits
0408 object   10520      strumu     6.0 125.17713 +20.50025 /data/raw/bok/u/201511/J7336/good/d7336.0408.fits
0409 object   10520      strumu    60.0 125.17708 +20.50000 /data/raw/bok/u/201511/J7336/good/d7336.0409.fits
0410 object   10884      strumu     6.0 125.84617 +21.29983 /data/raw/bok/u/201511/J7336/good/d7336.0410.fits
0411 object   10884      strumu    60.0 125.84617 +21.30000 /data/raw/bok/u/201511/J7336/good/d7336.0411.fits
0412 object   10521      strumu     6.0 126.03113 +20.50019 /data/raw/bok/u/201511/J7336/good/d7336.0412.fits
0413 object   10521      strumu    60.0 126.03117 +20.50000 /data/raw/bok/u/201511/J7336/good/d7336.0413.fits
0414 object   10885      strumu     6.0 126.70504 +21.29983 /data/raw/bok/u/201511/J7336/good/d7336.0414.fits
0415 object   10885      strumu    60.0 126.70500 +21.30000 /data/raw/bok/u/201511/J7336/good/d7336.0415.fits
0416 object   10522      strumu     6.0 126.88521 +20.50006 /data/raw/bok/u/201511/J7336/good/d7336.0416.fits
0417 object   10522      strumu    60.0 126.88529 +20.49997 /data/raw/bok/u/201511/J7336/good/d7336.0417.fits
