0015 object   10728      strumu     6.0 327.59562 +20.50025 /data/raw/bok/u/201511/J7337/good/d7337.0015.fits
0016 object   10728      strumu    60.0 327.59575 +20.50000 /data/raw/bok/u/201511/J7337/good/d7337.0016.fits
0017 object   10729      strumu     6.0 328.44987 +20.50000 /data/raw/bok/u/201511/J7337/good/d7337.0017.fits
0018 object   10729      strumu    60.0 328.44983 +20.50000 /data/raw/bok/u/201511/J7337/good/d7337.0018.fits
0019 object   10730      strumu     6.0 329.30383 +20.50000 /data/raw/bok/u/201511/J7337/good/d7337.0019.fits
0020 object   10730      strumu    60.0 329.30412 +20.50000 /data/raw/bok/u/201511/J7337/good/d7337.0020.fits
0021 object   10731      strumu     6.0 330.15833 +20.50000 /data/raw/bok/u/201511/J7337/good/d7337.0021.fits
0022 object   10731      strumu    60.0 330.15833 +20.50000 /data/raw/bok/u/201511/J7337/good/d7337.0022.fits
0023 object   10732      strumu     6.0 331.01200 +20.50000 /data/raw/bok/u/201511/J7337/good/d7337.0023.fits
0024 object   10732      strumu    60.0 331.01188 +20.50000 /data/raw/bok/u/201511/J7337/good/d7337.0024.fits
0025 object   10733      strumu     6.0 331.86621 +20.50000 /data/raw/bok/u/201511/J7337/good/d7337.0025.fits
0026 object   10733      strumu    60.0 331.86604 +20.50000 /data/raw/bok/u/201511/J7337/good/d7337.0026.fits
0027 object   10734      strumu     6.0 332.72046 +20.50000 /data/raw/bok/u/201511/J7337/good/d7337.0027.fits
0028 object   10734      strumu    60.0 332.72025 +20.50000 /data/raw/bok/u/201511/J7337/good/d7337.0028.fits
0029 object   10735      strumu     6.0 333.57438 +20.50000 /data/raw/bok/u/201511/J7337/good/d7337.0029.fits
0030 object   10735      strumu    60.0 333.57463 +20.50000 /data/raw/bok/u/201511/J7337/good/d7337.0030.fits
0031 object   10736      strumu     6.0 334.42846 +20.50000 /data/raw/bok/u/201511/J7337/good/d7337.0031.fits
0032 object   10736      strumu    60.0 334.42871 +20.50000 /data/raw/bok/u/201511/J7337/good/d7337.0032.fits
0033 object   10737      strumu     6.0 335.28250 +20.50000 /data/raw/bok/u/201511/J7337/good/d7337.0033.fits
0034 object   10737      strumu    60.0 335.28250 +20.50000 /data/raw/bok/u/201511/J7337/good/d7337.0034.fits
0035 object   10738      strumu     6.0 336.13658 +20.50000 /data/raw/bok/u/201511/J7337/good/d7337.0035.fits
0036 object   10738      strumu    60.0 336.13658 +20.50003 /data/raw/bok/u/201511/J7337/good/d7337.0036.fits
0037 object   10739      strumu     6.0 336.99067 +20.50000 /data/raw/bok/u/201511/J7337/good/d7337.0037.fits
0038 object   10739      strumu    60.0 336.99083 +20.50000 /data/raw/bok/u/201511/J7337/good/d7337.0038.fits
0039 object   10740      strumu     6.0 337.84492 +20.50000 /data/raw/bok/u/201511/J7337/good/d7337.0039.fits
0040 object   10740      strumu    60.0 337.84492 +20.50000 /data/raw/bok/u/201511/J7337/good/d7337.0040.fits
0041 object   10741      strumu     6.0 338.69887 +20.49997 /data/raw/bok/u/201511/J7337/good/d7337.0041.fits
0042 object   10741      strumu    60.0 338.69925 +20.50000 /data/raw/bok/u/201511/J7337/good/d7337.0042.fits
0043 object   10742      strumu     6.0 339.55338 +20.50000 /data/raw/bok/u/201511/J7337/good/d7337.0043.fits
0044 object   10742      strumu    60.0 339.55321 +20.50000 /data/raw/bok/u/201511/J7337/good/d7337.0044.fits
0045 object   10743      strumu     6.0 340.40696 +20.50000 /data/raw/bok/u/201511/J7337/good/d7337.0045.fits
0046 object   10743      strumu    60.0 340.40700 +20.50000 /data/raw/bok/u/201511/J7337/good/d7337.0046.fits
0047 object   10744      strumu     6.0 341.26108 +20.50000 /data/raw/bok/u/201511/J7337/good/d7337.0047.fits
0048 object   10744      strumu    60.0 341.26125 +20.50003 /data/raw/bok/u/201511/J7337/good/d7337.0048.fits
0049 object   10745      strumu     6.0 342.11538 +20.50000 /data/raw/bok/u/201511/J7337/good/d7337.0049.fits
0050 object   10745      strumu    60.0 342.11538 +20.50000 /data/raw/bok/u/201511/J7337/good/d7337.0050.fits
0051 object   10746      strumu     6.0 342.96950 +20.50000 /data/raw/bok/u/201511/J7337/good/d7337.0051.fits
0052 object   10746      strumu    60.0 342.96954 +20.50000 /data/raw/bok/u/201511/J7337/good/d7337.0052.fits
0053 object   10747      strumu     6.0 343.82354 +20.50000 /data/raw/bok/u/201511/J7337/good/d7337.0053.fits
0054 object   10747      strumu    60.0 343.82379 +20.50000 /data/raw/bok/u/201511/J7337/good/d7337.0054.fits
0055 object   10748      strumu     6.0 344.67746 +20.50000 /data/raw/bok/u/201511/J7337/good/d7337.0055.fits
0056 object   10748      strumu    60.0 344.67742 +20.50000 /data/raw/bok/u/201511/J7337/good/d7337.0056.fits
0057 object   10749      strumu     6.0 345.53167 +20.50000 /data/raw/bok/u/201511/J7337/good/d7337.0057.fits
0058 object   10749      strumu    60.0 345.53154 +20.50000 /data/raw/bok/u/201511/J7337/good/d7337.0058.fits
0059 object   10750      strumu     6.0 346.38587 +20.50000 /data/raw/bok/u/201511/J7337/good/d7337.0059.fits
0060 object   10750      strumu    60.0 346.38567 +20.50000 /data/raw/bok/u/201511/J7337/good/d7337.0060.fits
0061 object   10751      strumu     6.0 347.23983 +20.50000 /data/raw/bok/u/201511/J7337/good/d7337.0061.fits
0062 object   10751      strumu    60.0 347.23983 +20.50000 /data/raw/bok/u/201511/J7337/good/d7337.0062.fits
0063 object   10752      strumu     6.0 348.09412 +20.50000 /data/raw/bok/u/201511/J7337/good/d7337.0063.fits
0064 object   10752      strumu    60.0 348.09396 +20.50000 /data/raw/bok/u/201511/J7337/good/d7337.0064.fits
0065 object   10753      strumu     6.0 348.94804 +20.50000 /data/raw/bok/u/201511/J7337/good/d7337.0065.fits
0066 object   10753      strumu    60.0 348.94821 +20.50000 /data/raw/bok/u/201511/J7337/good/d7337.0066.fits
0067 object   10754      strumu     6.0 349.80192 +20.50000 /data/raw/bok/u/201511/J7337/good/d7337.0067.fits
0068 object   10754      strumu    60.0 349.80196 +20.50003 /data/raw/bok/u/201511/J7337/good/d7337.0068.fits
0069 object   10755      strumu     6.0 350.65617 +20.50000 /data/raw/bok/u/201511/J7337/good/d7337.0069.fits
0070 object   10755      strumu    60.0 350.65629 +20.50000 /data/raw/bok/u/201511/J7337/good/d7337.0070.fits
0071 object   11480      strumu     6.0 351.90504 +22.09983 /data/raw/bok/u/201511/J7337/good/d7337.0071.fits
0072 object   11480      strumu    60.0 351.90492 +22.10000 /data/raw/bok/u/201511/J7337/good/d7337.0072.fits
0073 object   11481      strumu     6.0 352.76837 +22.10000 /data/raw/bok/u/201511/J7337/good/d7337.0073.fits
0074 object   11481      strumu    60.0 352.76812 +22.10003 /data/raw/bok/u/201511/J7337/good/d7337.0074.fits
0075 object   11482      strumu     6.0 353.63158 +22.10000 /data/raw/bok/u/201511/J7337/good/d7337.0075.fits
0076 object   11482      strumu    60.0 353.63167 +22.10000 /data/raw/bok/u/201511/J7337/good/d7337.0076.fits
0077 object   11483      strumu     6.0 354.49529 +22.10000 /data/raw/bok/u/201511/J7337/good/d7337.0077.fits
0078 object   11483      strumu    60.0 354.49525 +22.10000 /data/raw/bok/u/201511/J7337/good/d7337.0078.fits
0079 object   11484      strumu     6.0 355.35862 +22.10000 /data/raw/bok/u/201511/J7337/good/d7337.0079.fits
0080 object   11484      strumu    60.0 355.35867 +22.10000 /data/raw/bok/u/201511/J7337/good/d7337.0080.fits
0081 object   11485      strumu     6.0 356.22200 +22.10000 /data/raw/bok/u/201511/J7337/good/d7337.0081.fits
0082 object   11485      strumu    60.0 356.22208 +22.10000 /data/raw/bok/u/201511/J7337/good/d7337.0082.fits
0083 object   11486      strumu     6.0 357.08529 +22.10000 /data/raw/bok/u/201511/J7337/good/d7337.0083.fits
0084 object   11486      strumu    60.0 357.08533 +22.10003 /data/raw/bok/u/201511/J7337/good/d7337.0084.fits
0085 object   10763      strumu     6.0 357.48908 +20.50022 /data/raw/bok/u/201511/J7337/good/d7337.0085.fits
0086 object   10763      strumu    60.0 357.48917 +20.50000 /data/raw/bok/u/201511/J7337/good/d7337.0086.fits
0087 object   10764      strumu     6.0 358.34258 +20.49997 /data/raw/bok/u/201511/J7337/good/d7337.0087.fits
0088 object   10764      strumu    60.0 358.34279 +20.50000 /data/raw/bok/u/201511/J7337/good/d7337.0088.fits
0089 object   10765      strumu     6.0 359.19712 +20.49994 /data/raw/bok/u/201511/J7337/good/d7337.0089.fits
0090 object   10765      strumu    60.0 359.19700 +20.50000 /data/raw/bok/u/201511/J7337/good/d7337.0090.fits
0091 object   10766      strumu     6.0   0.05100 +20.49997 /data/raw/bok/u/201511/J7337/good/d7337.0091.fits
0092 object   10766      strumu    60.0   0.05125 +20.50000 /data/raw/bok/u/201511/J7337/good/d7337.0092.fits
0093 object   10767      strumu     6.0   0.48292 +21.29983 /data/raw/bok/u/201511/J7337/good/d7337.0093.fits
0094 object   10767      strumu    60.0   0.48287 +21.30000 /data/raw/bok/u/201511/J7337/good/d7337.0094.fits
0095 object   10768      strumu     6.0   1.34167 +21.30003 /data/raw/bok/u/201511/J7337/good/d7337.0095.fits
0096 object   10768      strumu    60.0   1.34154 +21.30000 /data/raw/bok/u/201511/J7337/good/d7337.0096.fits
0097 object   10769      strumu     6.0   2.20029 +21.29997 /data/raw/bok/u/201511/J7337/good/d7337.0097.fits
0098 object   10769      strumu    60.0   2.20021 +21.30000 /data/raw/bok/u/201511/J7337/good/d7337.0098.fits
0099 object   10770      strumu     6.0   3.05871 +21.30000 /data/raw/bok/u/201511/J7337/good/d7337.0099.fits
0100 object   10770      strumu    60.0   3.05858 +21.30000 /data/raw/bok/u/201511/J7337/good/d7337.0100.fits
0101 object   10771      strumu     6.0   3.91750 +21.30000 /data/raw/bok/u/201511/J7337/good/d7337.0101.fits
0102 object   10771      strumu    60.0   3.91737 +21.30000 /data/raw/bok/u/201511/J7337/good/d7337.0102.fits
0103 object   10408      strumu     6.0   4.75075 +20.50006 /data/raw/bok/u/201511/J7337/good/d7337.0103.fits
0104 object   10408      strumu    60.0   4.75079 +20.50000 /data/raw/bok/u/201511/J7337/good/d7337.0104.fits
0105 object   10772      strumu     6.0   4.77625 +21.29986 /data/raw/bok/u/201511/J7337/good/d7337.0105.fits
0106 object   10772      strumu    60.0   4.77621 +21.30000 /data/raw/bok/u/201511/J7337/good/d7337.0106.fits
0107 object   10409      strumu     6.0   5.60492 +20.50006 /data/raw/bok/u/201511/J7337/good/d7337.0107.fits
0108 object   10409      strumu    60.0   5.60504 +20.50003 /data/raw/bok/u/201511/J7337/good/d7337.0108.fits
0109 object   10773      strumu     6.0   5.63504 +21.29981 /data/raw/bok/u/201511/J7337/good/d7337.0109.fits
0110 object   10773      strumu    60.0   5.63483 +21.30000 /data/raw/bok/u/201511/J7337/good/d7337.0110.fits
0111 object   10410      strumu     6.0   6.45908 +20.50014 /data/raw/bok/u/201511/J7337/good/d7337.0111.fits
0112 object   10410      strumu    60.0   6.45904 +20.50000 /data/raw/bok/u/201511/J7337/good/d7337.0112.fits
0113 object   10774      strumu     6.0   6.49375 +21.29989 /data/raw/bok/u/201511/J7337/good/d7337.0113.fits
0114 object   10774      strumu    60.0   6.49362 +21.30003 /data/raw/bok/u/201511/J7337/good/d7337.0114.fits
0116 object   10411      strumu     6.0   7.31296 +20.50006 /data/raw/bok/u/201511/J7337/good/d7337.0116.fits
0117 object   10411      strumu    60.0   7.31279 +20.49997 /data/raw/bok/u/201511/J7337/good/d7337.0117.fits
0118 object   10775      strumu     6.0   7.35208 +21.29992 /data/raw/bok/u/201511/J7337/good/d7337.0118.fits
0119 object   10775      strumu    60.0   7.35187 +21.30003 /data/raw/bok/u/201511/J7337/good/d7337.0119.fits
0120 object   10412      strumu     6.0   8.16713 +20.50008 /data/raw/bok/u/201511/J7337/good/d7337.0120.fits
0121 object   10412      strumu    60.0   8.16700 +20.49997 /data/raw/bok/u/201511/J7337/good/d7337.0121.fits
0122 object   10776      strumu     6.0   8.21083 +21.29989 /data/raw/bok/u/201511/J7337/good/d7337.0122.fits
0123 object   10776      strumu    60.0   8.21071 +21.30000 /data/raw/bok/u/201511/J7337/good/d7337.0123.fits
0124 object   10413      strumu     6.0   9.02129 +20.50019 /data/raw/bok/u/201511/J7337/good/d7337.0124.fits
0125 object   10413      strumu    60.0   9.02112 +20.50000 /data/raw/bok/u/201511/J7337/good/d7337.0125.fits
0126 object   10414      strumu     6.0   9.87542 +20.50000 /data/raw/bok/u/201511/J7337/good/d7337.0126.fits
0127 object   10414      strumu    60.0   9.87525 +20.50000 /data/raw/bok/u/201511/J7337/good/d7337.0127.fits
0128 object   10422      strumu     6.0  16.70767 +20.50000 /data/raw/bok/u/201511/J7337/good/d7337.0128.fits
0129 object   10422      strumu    60.0  16.70779 +20.50000 /data/raw/bok/u/201511/J7337/good/d7337.0129.fits
0130 object   10423      strumu     6.0  17.56175 +20.50000 /data/raw/bok/u/201511/J7337/good/d7337.0130.fits
0131 object   10423      strumu    60.0  17.56200 +20.50000 /data/raw/bok/u/201511/J7337/good/d7337.0131.fits
0132 object   10424      strumu     6.0  18.41604 +20.50000 /data/raw/bok/u/201511/J7337/good/d7337.0132.fits
0133 object   10424      strumu    60.0  18.41629 +20.50000 /data/raw/bok/u/201511/J7337/good/d7337.0133.fits
0134 object   10425      strumu     6.0  19.27033 +20.50003 /data/raw/bok/u/201511/J7337/good/d7337.0134.fits
0135 object   10425      strumu    60.0  19.27046 +20.50000 /data/raw/bok/u/201511/J7337/good/d7337.0135.fits
0136 object   10426      strumu     6.0  20.12462 +20.50000 /data/raw/bok/u/201511/J7337/good/d7337.0136.fits
0137 object   10426      strumu    60.0  20.12458 +20.50000 /data/raw/bok/u/201511/J7337/good/d7337.0137.fits
0138 object   10427      strumu     6.0  20.97821 +20.50000 /data/raw/bok/u/201511/J7337/good/d7337.0138.fits
0139 object   10427      strumu    60.0  20.97817 +20.50000 /data/raw/bok/u/201511/J7337/good/d7337.0139.fits
0140 object   10428      strumu     6.0  21.83233 +20.50000 /data/raw/bok/u/201511/J7337/good/d7337.0140.fits
0141 object   10428      strumu    60.0  21.83233 +20.50000 /data/raw/bok/u/201511/J7337/good/d7337.0141.fits
0142 object   10429      strumu     6.0  22.68654 +20.50000 /data/raw/bok/u/201511/J7337/good/d7337.0142.fits
0143 object   10429      strumu    60.0  22.68650 +20.50000 /data/raw/bok/u/201511/J7337/good/d7337.0143.fits
0144 object   10430      strumu     6.0  23.54083 +20.50000 /data/raw/bok/u/201511/J7337/good/d7337.0144.fits
0145 object   10430      strumu    60.0  23.54079 +20.50000 /data/raw/bok/u/201511/J7337/good/d7337.0145.fits
0146 object   10431      strumu     6.0  24.39492 +20.50000 /data/raw/bok/u/201511/J7337/good/d7337.0146.fits
0147 object   10431      strumu    60.0  24.39483 +20.50000 /data/raw/bok/u/201511/J7337/good/d7337.0147.fits
0148 object   10432      strumu     6.0  25.24925 +20.50000 /data/raw/bok/u/201511/J7337/good/d7337.0148.fits
0149 object   10432      strumu    60.0  25.24917 +20.50000 /data/raw/bok/u/201511/J7337/good/d7337.0149.fits
0150 object   10433      strumu     6.0  26.10262 +20.50000 /data/raw/bok/u/201511/J7337/good/d7337.0150.fits
0151 object   10433      strumu    60.0  26.10288 +20.50000 /data/raw/bok/u/201511/J7337/good/d7337.0151.fits
0152 object   10434      strumu     6.0  26.95717 +20.50000 /data/raw/bok/u/201511/J7337/good/d7337.0152.fits
0153 object   10434      strumu    60.0  26.95704 +20.50000 /data/raw/bok/u/201511/J7337/good/d7337.0153.fits
0154 object   10435      strumu     6.0  27.81083 +20.49997 /data/raw/bok/u/201511/J7337/good/d7337.0154.fits
0155 object   10435      strumu    60.0  27.81108 +20.49997 /data/raw/bok/u/201511/J7337/good/d7337.0155.fits
0156 object   10436      strumu     6.0  28.66525 +20.50000 /data/raw/bok/u/201511/J7337/good/d7337.0156.fits
0157 object   10436      strumu    60.0  28.66525 +20.50000 /data/raw/bok/u/201511/J7337/good/d7337.0157.fits
0158 object   10437      strumu     6.0  29.51938 +20.50000 /data/raw/bok/u/201511/J7337/good/d7337.0158.fits
0159 object   10437      strumu    60.0  29.51950 +20.50000 /data/raw/bok/u/201511/J7337/good/d7337.0159.fits
0160 object   10438      strumu     6.0  30.37325 +20.50000 /data/raw/bok/u/201511/J7337/good/d7337.0160.fits
0161 object   10438      strumu    60.0  30.37329 +20.50000 /data/raw/bok/u/201511/J7337/good/d7337.0161.fits
0162 object   10439      strumu     6.0  31.22738 +20.50000 /data/raw/bok/u/201511/J7337/good/d7337.0162.fits
0163 object   10439      strumu    60.0  31.22729 +20.50000 /data/raw/bok/u/201511/J7337/good/d7337.0163.fits
0164 object   10440      strumu     6.0  32.08162 +20.50000 /data/raw/bok/u/201511/J7337/good/d7337.0164.fits
0165 object   10440      strumu    60.0  32.08162 +20.50000 /data/raw/bok/u/201511/J7337/good/d7337.0165.fits
0166 object   10441      strumu     6.0  32.93579 +20.50000 /data/raw/bok/u/201511/J7337/good/d7337.0166.fits
0167 object   10441      strumu    60.0  32.93571 +20.50000 /data/raw/bok/u/201511/J7337/good/d7337.0167.fits
0168 object   10442      strumu     6.0  33.78987 +20.50000 /data/raw/bok/u/201511/J7337/good/d7337.0168.fits
0169 object   10442      strumu    60.0  33.78996 +20.50000 /data/raw/bok/u/201511/J7337/good/d7337.0169.fits
0170 object   10443      strumu     6.0  34.64362 +20.50000 /data/raw/bok/u/201511/J7337/good/d7337.0170.fits
0171 object   10443      strumu    60.0  34.64367 +20.50000 /data/raw/bok/u/201511/J7337/good/d7337.0171.fits
0172 object   10444      strumu     6.0  35.49783 +20.50000 /data/raw/bok/u/201511/J7337/good/d7337.0172.fits
0173 object   10444      strumu    60.0  35.49796 +20.50000 /data/raw/bok/u/201511/J7337/good/d7337.0173.fits
0174 object   10445      strumu     6.0  36.35208 +20.50000 /data/raw/bok/u/201511/J7337/good/d7337.0174.fits
0175 object   10445      strumu    60.0  36.35208 +20.50000 /data/raw/bok/u/201511/J7337/good/d7337.0175.fits
0176 object   10446      strumu     6.0  37.20608 +20.50000 /data/raw/bok/u/201511/J7337/good/d7337.0176.fits
0177 object   10446      strumu    60.0  37.20613 +20.50000 /data/raw/bok/u/201511/J7337/good/d7337.0177.fits
0178 object   10447      strumu     6.0  38.06021 +20.50000 /data/raw/bok/u/201511/J7337/good/d7337.0178.fits
0179 object   10447      strumu    60.0  38.06038 +20.50000 /data/raw/bok/u/201511/J7337/good/d7337.0179.fits
0180 object   10448      strumu     6.0  38.91379 +20.50000 /data/raw/bok/u/201511/J7337/good/d7337.0180.fits
0181 object   10448      strumu    60.0  38.91412 +20.49997 /data/raw/bok/u/201511/J7337/good/d7337.0181.fits
0182 object   10812      strumu     6.0  39.12250 +21.29969 /data/raw/bok/u/201511/J7337/good/d7337.0182.fits
0183 object   10812      strumu    60.0  39.12250 +21.30000 /data/raw/bok/u/201511/J7337/good/d7337.0183.fits
0184 object   10449      strumu     6.0  39.76837 +20.50003 /data/raw/bok/u/201511/J7337/good/d7337.0184.fits
0185 object   10449      strumu    60.0  39.76825 +20.50000 /data/raw/bok/u/201511/J7337/good/d7337.0185.fits
0186 object   10813      strumu     6.0  39.98112 +21.29975 /data/raw/bok/u/201511/J7337/good/d7337.0186.fits
0187 object   10813      strumu    60.0  39.98104 +21.30000 /data/raw/bok/u/201511/J7337/good/d7337.0187.fits
0188 object   10450      strumu     6.0  40.62242 +20.50008 /data/raw/bok/u/201511/J7337/good/d7337.0188.fits
0189 object   10450      strumu    60.0  40.62246 +20.50000 /data/raw/bok/u/201511/J7337/good/d7337.0189.fits
0190 object   10814      strumu     6.0  40.83950 +21.29978 /data/raw/bok/u/201511/J7337/good/d7337.0190.fits
0191 object   10814      strumu    60.0  40.83958 +21.30000 /data/raw/bok/u/201511/J7337/good/d7337.0191.fits
0192 object   10451      strumu     6.0  41.47663 +20.50006 /data/raw/bok/u/201511/J7337/good/d7337.0192.fits
0193 object   10451      strumu    60.0  41.47658 +20.50000 /data/raw/bok/u/201511/J7337/good/d7337.0193.fits
0194 object   10815      strumu     6.0  41.69833 +21.29992 /data/raw/bok/u/201511/J7337/good/d7337.0194.fits
0195 object   10815      strumu    60.0  41.69825 +21.30003 /data/raw/bok/u/201511/J7337/good/d7337.0195.fits
0196 object   10452      strumu     6.0  42.33083 +20.50006 /data/raw/bok/u/201511/J7337/good/d7337.0196.fits
0197 object   10452      strumu    60.0  42.33087 +20.50000 /data/raw/bok/u/201511/J7337/good/d7337.0197.fits
0198 object   10816      strumu     6.0  42.55700 +21.29992 /data/raw/bok/u/201511/J7337/good/d7337.0198.fits
0199 object   10816      strumu    60.0  42.55692 +21.30003 /data/raw/bok/u/201511/J7337/good/d7337.0199.fits
0200 object   10453      strumu     6.0  43.18504 +20.50006 /data/raw/bok/u/201511/J7337/good/d7337.0200.fits
0201 object   10453      strumu    60.0  43.18488 +20.50000 /data/raw/bok/u/201511/J7337/good/d7337.0201.fits
0202 object   10817      strumu     6.0  43.41567 +21.29983 /data/raw/bok/u/201511/J7337/good/d7337.0202.fits
0203 object   10817      strumu    60.0  43.41579 +21.30000 /data/raw/bok/u/201511/J7337/good/d7337.0203.fits
0204 object   10454      strumu     6.0  44.03875 +20.50003 /data/raw/bok/u/201511/J7337/good/d7337.0204.fits
0205 object   10454      strumu    60.0  44.03863 +20.50003 /data/raw/bok/u/201511/J7337/good/d7337.0205.fits
0206 object   10818      strumu     6.0  44.27421 +21.29972 /data/raw/bok/u/201511/J7337/good/d7337.0206.fits
0207 object   10818      strumu    60.0  44.27413 +21.29997 /data/raw/bok/u/201511/J7337/good/d7337.0207.fits
0208 object   10455      strumu     6.0  44.89292 +20.50003 /data/raw/bok/u/201511/J7337/good/d7337.0208.fits
0209 object   10455      strumu    60.0  44.89279 +20.50000 /data/raw/bok/u/201511/J7337/good/d7337.0209.fits
0210 object   10819      strumu     6.0  45.13300 +21.29989 /data/raw/bok/u/201511/J7337/good/d7337.0210.fits
0211 object   10819      strumu    60.0  45.13287 +21.30000 /data/raw/bok/u/201511/J7337/good/d7337.0211.fits
0212 object   10456      strumu     6.0  45.74712 +20.50025 /data/raw/bok/u/201511/J7337/good/d7337.0212.fits
0213 object   10456      strumu    60.0  45.74708 +20.50000 /data/raw/bok/u/201511/J7337/good/d7337.0213.fits
0214 object   10820      strumu     6.0  45.99154 +21.29992 /data/raw/bok/u/201511/J7337/good/d7337.0214.fits
0215 object   10820      strumu    60.0  45.99154 +21.30000 /data/raw/bok/u/201511/J7337/good/d7337.0215.fits
0218 object   10457      strumu     6.0  46.60117 +20.50006 /data/raw/bok/u/201511/J7337/good/d7337.0218.fits
0219 object   10457      strumu    60.0  46.60117 +20.50000 /data/raw/bok/u/201511/J7337/good/d7337.0219.fits
0220 object   10821      strumu     6.0  46.85042 +21.29978 /data/raw/bok/u/201511/J7337/good/d7337.0220.fits
0221 object   10821      strumu    60.0  46.85042 +21.30000 /data/raw/bok/u/201511/J7337/good/d7337.0221.fits
0222 object   10458      strumu     6.0  47.45546 +20.50014 /data/raw/bok/u/201511/J7337/good/d7337.0222.fits
0223 object   10458      strumu    60.0  47.45533 +20.50000 /data/raw/bok/u/201511/J7337/good/d7337.0223.fits
0224 object   10822      strumu     6.0  47.70879 +21.29986 /data/raw/bok/u/201511/J7337/good/d7337.0224.fits
0225 object   10822      strumu    60.0  47.70867 +21.30003 /data/raw/bok/u/201511/J7337/good/d7337.0225.fits
0226 object   10459      strumu     6.0  48.30925 +20.50017 /data/raw/bok/u/201511/J7337/good/d7337.0226.fits
0227 object   10459      strumu    60.0  48.30896 +20.50000 /data/raw/bok/u/201511/J7337/good/d7337.0227.fits
0228 object   10823      strumu     6.0  48.56742 +21.29978 /data/raw/bok/u/201511/J7337/good/d7337.0228.fits
0229 object   10823      strumu    60.0  48.56754 +21.30000 /data/raw/bok/u/201511/J7337/good/d7337.0229.fits
0230 object   10460      strumu     6.0  49.16346 +20.50017 /data/raw/bok/u/201511/J7337/good/d7337.0230.fits
0231 object   10460      strumu    60.0  49.16329 +20.50000 /data/raw/bok/u/201511/J7337/good/d7337.0231.fits
0232 object   10824      strumu     6.0  49.42633 +21.29986 /data/raw/bok/u/201511/J7337/good/d7337.0232.fits
0233 object   10824      strumu    60.0  49.42629 +21.30000 /data/raw/bok/u/201511/J7337/good/d7337.0233.fits
0234 object   10461      strumu     6.0  50.01742 +20.50011 /data/raw/bok/u/201511/J7337/good/d7337.0234.fits
0235 object   10461      strumu    60.0  50.01754 +20.50000 /data/raw/bok/u/201511/J7337/good/d7337.0235.fits
0236 object   10825      strumu     6.0  50.28496 +21.29986 /data/raw/bok/u/201511/J7337/good/d7337.0236.fits
0237 object   10825      strumu    60.0  50.28500 +21.29997 /data/raw/bok/u/201511/J7337/good/d7337.0237.fits
0238 object   10462      strumu     6.0  50.87171 +20.50017 /data/raw/bok/u/201511/J7337/good/d7337.0238.fits
0239 object   10462      strumu    60.0  50.87150 +20.50000 /data/raw/bok/u/201511/J7337/good/d7337.0239.fits
0240 object   10463      strumu     6.0  51.72567 +20.49997 /data/raw/bok/u/201511/J7337/good/d7337.0240.fits
0241 object   10463      strumu    60.0  51.72579 +20.50000 /data/raw/bok/u/201511/J7337/good/d7337.0241.fits
0242 object   10464      strumu     6.0  52.57950 +20.50000 /data/raw/bok/u/201511/J7337/good/d7337.0242.fits
0243 object   10464      strumu    60.0  52.57946 +20.49997 /data/raw/bok/u/201511/J7337/good/d7337.0243.fits
0244 object   10465      strumu     6.0  53.43371 +20.50000 /data/raw/bok/u/201511/J7337/good/d7337.0244.fits
0245 object   10465      strumu    60.0  53.43371 +20.50000 /data/raw/bok/u/201511/J7337/good/d7337.0245.fits
0246 object   10466      strumu     6.0  54.28783 +20.49997 /data/raw/bok/u/201511/J7337/good/d7337.0246.fits
0247 object   10466      strumu    60.0  54.28792 +20.50000 /data/raw/bok/u/201511/J7337/good/d7337.0247.fits
0248 object   10467      strumu     6.0  55.14200 +20.50000 /data/raw/bok/u/201511/J7337/good/d7337.0248.fits
0249 object   10467      strumu    60.0  55.14204 +20.50000 /data/raw/bok/u/201511/J7337/good/d7337.0249.fits
0250 object   10468      strumu     6.0  55.99625 +20.50000 /data/raw/bok/u/201511/J7337/good/d7337.0250.fits
0251 object   10468      strumu    60.0  55.99625 +20.50000 /data/raw/bok/u/201511/J7337/good/d7337.0251.fits
0252 object   10469      strumu     6.0  56.84983 +20.50000 /data/raw/bok/u/201511/J7337/good/d7337.0252.fits
0253 object   10469      strumu    60.0  56.84996 +20.50000 /data/raw/bok/u/201511/J7337/good/d7337.0253.fits
0254 object   10470      strumu     6.0  57.70404 +20.50000 /data/raw/bok/u/201511/J7337/good/d7337.0254.fits
0255 object   10470      strumu    60.0  57.70404 +20.50000 /data/raw/bok/u/201511/J7337/good/d7337.0255.fits
0256 object   10471      strumu     6.0  58.55788 +20.50000 /data/raw/bok/u/201511/J7337/good/d7337.0256.fits
0257 object   10471      strumu    60.0  58.55842 +20.50000 /data/raw/bok/u/201511/J7337/good/d7337.0257.fits
0258 object   10472      strumu     6.0  59.41246 +20.49997 /data/raw/bok/u/201511/J7337/good/d7337.0258.fits
0259 object   10472      strumu    60.0  59.41233 +20.49997 /data/raw/bok/u/201511/J7337/good/d7337.0259.fits
0260 object   10473      strumu     6.0  60.26663 +20.50000 /data/raw/bok/u/201511/J7337/good/d7337.0260.fits
0261 object   10473      strumu    60.0  60.26654 +20.49997 /data/raw/bok/u/201511/J7337/good/d7337.0261.fits
0262 object   10474      strumu     6.0  61.12071 +20.50000 /data/raw/bok/u/201511/J7337/good/d7337.0262.fits
0263 object   10474      strumu    60.0  61.12067 +20.50000 /data/raw/bok/u/201511/J7337/good/d7337.0263.fits
0264 object   10475      strumu     6.0  61.97421 +20.49997 /data/raw/bok/u/201511/J7337/good/d7337.0264.fits
0265 object   10475      strumu    60.0  61.97442 +20.50000 /data/raw/bok/u/201511/J7337/good/d7337.0265.fits
0266 object   10476      strumu     6.0  62.82867 +20.49997 /data/raw/bok/u/201511/J7337/good/d7337.0266.fits
0267 object   10476      strumu    60.0  62.82875 +20.50000 /data/raw/bok/u/201511/J7337/good/d7337.0267.fits
0268 object   10477      strumu     6.0  63.68304 +20.49997 /data/raw/bok/u/201511/J7337/good/d7337.0268.fits
0269 object   10477      strumu    60.0  63.68287 +20.50000 /data/raw/bok/u/201511/J7337/good/d7337.0269.fits
0270 object   10485      strumu     6.0  70.51512 +20.50000 /data/raw/bok/u/201511/J7337/good/d7337.0270.fits
0271 object   10485      strumu    60.0  70.51538 +20.50000 /data/raw/bok/u/201511/J7337/good/d7337.0271.fits
0272 object   11571      strumu     6.0  70.83250 +22.89986 /data/raw/bok/u/201511/J7337/good/d7337.0272.fits
0273 object   11571      strumu    60.0  70.83237 +22.89997 /data/raw/bok/u/201511/J7337/good/d7337.0273.fits
0274 object   10486      strumu     6.0  71.36946 +20.50008 /data/raw/bok/u/201511/J7337/good/d7337.0274.fits
0275 object   10486      strumu    60.0  71.36946 +20.50000 /data/raw/bok/u/201511/J7337/good/d7337.0275.fits
0276 object   11572      strumu     6.0  71.70108 +22.89975 /data/raw/bok/u/201511/J7337/good/d7337.0276.fits
0277 object   11572      strumu    60.0  71.70125 +22.89997 /data/raw/bok/u/201511/J7337/good/d7337.0277.fits
0278 object   10487      strumu     6.0  72.22358 +20.50006 /data/raw/bok/u/201511/J7337/good/d7337.0278.fits
0279 object   10487      strumu    60.0  72.22358 +20.50000 /data/raw/bok/u/201511/J7337/good/d7337.0279.fits
0280 object   11573      strumu     6.0  72.56958 +22.89969 /data/raw/bok/u/201511/J7337/good/d7337.0280.fits
0281 object   11573      strumu    60.0  72.56954 +22.89997 /data/raw/bok/u/201511/J7337/good/d7337.0281.fits
0282 object   10488      strumu     6.0  73.07788 +20.50025 /data/raw/bok/u/201511/J7337/good/d7337.0282.fits
0283 object   10488      strumu    60.0  73.07779 +20.50000 /data/raw/bok/u/201511/J7337/good/d7337.0283.fits
0284 object   11574      strumu     6.0  73.43779 +22.89989 /data/raw/bok/u/201511/J7337/good/d7337.0284.fits
0285 object   11574      strumu    60.0  73.43792 +22.90000 /data/raw/bok/u/201511/J7337/good/d7337.0285.fits
0286 object   10489      strumu     6.0  73.93200 +20.50014 /data/raw/bok/u/201511/J7337/good/d7337.0286.fits
0287 object   10489      strumu    60.0  73.93212 +20.50000 /data/raw/bok/u/201511/J7337/good/d7337.0287.fits
0288 object   11575      strumu     6.0  74.30625 +22.89989 /data/raw/bok/u/201511/J7337/good/d7337.0288.fits
0289 object   11575      strumu    60.0  74.30608 +22.89994 /data/raw/bok/u/201511/J7337/good/d7337.0289.fits
0290 object   10490      strumu     6.0  74.78575 +20.50019 /data/raw/bok/u/201511/J7337/good/d7337.0290.fits
0291 object   10490      strumu    60.0  74.78583 +20.50000 /data/raw/bok/u/201511/J7337/good/d7337.0291.fits
0292 object   11576      strumu     6.0  75.17500 +22.89992 /data/raw/bok/u/201511/J7337/good/d7337.0292.fits
0293 object   11576      strumu    60.0  75.17492 +22.89997 /data/raw/bok/u/201511/J7337/good/d7337.0293.fits
0294 object   10854      strumu     6.0  75.18575 +21.30008 /data/raw/bok/u/201511/J7337/good/d7337.0294.fits
0295 object   10854      strumu    60.0  75.18567 +21.29997 /data/raw/bok/u/201511/J7337/good/d7337.0295.fits
0296 object   10491      strumu     6.0  75.63992 +20.50006 /data/raw/bok/u/201511/J7337/good/d7337.0296.fits
0297 object   10491      strumu    60.0  75.63992 +20.50003 /data/raw/bok/u/201511/J7337/good/d7337.0297.fits
0298 object   11577      strumu     6.0  76.04317 +22.89989 /data/raw/bok/u/201511/J7337/good/d7337.0298.fits
0299 object   11577      strumu    60.0  76.04321 +22.89997 /data/raw/bok/u/201511/J7337/good/d7337.0299.fits
0300 object   10855      strumu     6.0  76.04454 +21.30006 /data/raw/bok/u/201511/J7337/good/d7337.0300.fits
0301 object   10855      strumu    60.0  76.04454 +21.30000 /data/raw/bok/u/201511/J7337/good/d7337.0301.fits
0302 object   10492      strumu     6.0  76.49408 +20.50003 /data/raw/bok/u/201511/J7337/good/d7337.0302.fits
0303 object   10492      strumu    60.0  76.49412 +20.50000 /data/raw/bok/u/201511/J7337/good/d7337.0303.fits
0304 object   10856      strumu     6.0  76.90325 +21.29983 /data/raw/bok/u/201511/J7337/good/d7337.0304.fits
0305 object   10856      strumu    60.0  76.90312 +21.29997 /data/raw/bok/u/201511/J7337/good/d7337.0305.fits
0306 object   10493      strumu     6.0  77.34825 +20.50014 /data/raw/bok/u/201511/J7337/good/d7337.0306.fits
0307 object   10493      strumu    60.0  77.34833 +20.50000 /data/raw/bok/u/201511/J7337/good/d7337.0307.fits
0308 object   10857      strumu     6.0  77.76167 +21.29992 /data/raw/bok/u/201511/J7337/good/d7337.0308.fits
0309 object   10857      strumu    60.0  77.76167 +21.30000 /data/raw/bok/u/201511/J7337/good/d7337.0309.fits
0310 object   10494      strumu     6.0  78.20254 +20.50006 /data/raw/bok/u/201511/J7337/good/d7337.0310.fits
0311 object   10494      strumu    60.0  78.20246 +20.50000 /data/raw/bok/u/201511/J7337/good/d7337.0311.fits
0312 object   10858      strumu     6.0  78.62050 +21.29989 /data/raw/bok/u/201511/J7337/good/d7337.0312.fits
0313 object   10858      strumu    60.0  78.62037 +21.30000 /data/raw/bok/u/201511/J7337/good/d7337.0313.fits
0314 object   10495      strumu     6.0  79.05675 +20.50006 /data/raw/bok/u/201511/J7337/good/d7337.0314.fits
0315 object   10495      strumu    60.0  79.05646 +20.50000 /data/raw/bok/u/201511/J7337/good/d7337.0315.fits
0316 object   10859      strumu     6.0 104.37979 +21.30003 /data/raw/bok/u/201511/J7337/good/d7337.0316.fits
0317 object   10859      strumu    60.0 104.37987 +21.30000 /data/raw/bok/u/201511/J7337/good/d7337.0317.fits
0319 object   10496      strumu     6.0 104.67900 +20.50003 /data/raw/bok/u/201511/J7337/good/d7337.0319.fits
0320 object   10496      strumu    60.0 104.67912 +20.50000 /data/raw/bok/u/201511/J7337/good/d7337.0320.fits
0321 object   10860      strumu     6.0 105.23875 +21.29986 /data/raw/bok/u/201511/J7337/good/d7337.0321.fits
0322 object   10860      strumu    60.0 105.23871 +21.29997 /data/raw/bok/u/201511/J7337/good/d7337.0322.fits
0323 object   10497      strumu     6.0 105.53317 +20.50006 /data/raw/bok/u/201511/J7337/good/d7337.0323.fits
0324 object   10497      strumu    60.0 105.53329 +20.50000 /data/raw/bok/u/201511/J7337/good/d7337.0324.fits
0325 object   10861      strumu     6.0 106.09742 +21.29972 /data/raw/bok/u/201511/J7337/good/d7337.0325.fits
0326 object   10861      strumu    60.0 106.09742 +21.30000 /data/raw/bok/u/201511/J7337/good/d7337.0326.fits
0327 object   10498      strumu     6.0 106.38692 +20.50025 /data/raw/bok/u/201511/J7337/good/d7337.0327.fits
0328 object   10498      strumu    60.0 106.38692 +20.50003 /data/raw/bok/u/201511/J7337/good/d7337.0328.fits
0329 object   10862      strumu     6.0 106.95571 +21.29989 /data/raw/bok/u/201511/J7337/good/d7337.0329.fits
0330 object   10862      strumu    60.0 106.95579 +21.30003 /data/raw/bok/u/201511/J7337/good/d7337.0330.fits
0331 object   10499      strumu     6.0 107.24113 +20.50017 /data/raw/bok/u/201511/J7337/good/d7337.0331.fits
0332 object   10499      strumu    60.0 107.24100 +20.49997 /data/raw/bok/u/201511/J7337/good/d7337.0332.fits
0333 object   10863      strumu     6.0 107.81454 +21.29983 /data/raw/bok/u/201511/J7337/good/d7337.0333.fits
0334 object   10863      strumu    60.0 107.81454 +21.29997 /data/raw/bok/u/201511/J7337/good/d7337.0334.fits
0335 object   10500      strumu     6.0 108.09542 +20.50011 /data/raw/bok/u/201511/J7337/good/d7337.0335.fits
0336 object   10500      strumu    60.0 108.09529 +20.50000 /data/raw/bok/u/201511/J7337/good/d7337.0336.fits
0337 object   10864      strumu     6.0 108.67338 +21.29986 /data/raw/bok/u/201511/J7337/good/d7337.0337.fits
0338 object   10864      strumu    60.0 108.67325 +21.30000 /data/raw/bok/u/201511/J7337/good/d7337.0338.fits
0339 object   10501      strumu     6.0 108.94946 +20.50011 /data/raw/bok/u/201511/J7337/good/d7337.0339.fits
0340 object   10501      strumu    60.0 108.94950 +20.49997 /data/raw/bok/u/201511/J7337/good/d7337.0340.fits
0341 object   10865      strumu     6.0 109.53204 +21.29992 /data/raw/bok/u/201511/J7337/good/d7337.0341.fits
0342 object   10865      strumu    60.0 109.53187 +21.30000 /data/raw/bok/u/201511/J7337/good/d7337.0342.fits
0343 object   10502      strumu     6.0 109.80371 +20.50006 /data/raw/bok/u/201511/J7337/good/d7337.0343.fits
0344 object   10502      strumu    60.0 109.80350 +20.50000 /data/raw/bok/u/201511/J7337/good/d7337.0344.fits
0345 object   10866      strumu     6.0 110.39083 +21.29989 /data/raw/bok/u/201511/J7337/good/d7337.0345.fits
0346 object   10866      strumu    60.0 110.39075 +21.30000 /data/raw/bok/u/201511/J7337/good/d7337.0346.fits
0347 object   10503      strumu     6.0 110.65771 +20.50019 /data/raw/bok/u/201511/J7337/good/d7337.0347.fits
0348 object   10503      strumu    60.0 110.65771 +20.50000 /data/raw/bok/u/201511/J7337/good/d7337.0348.fits
0349 object   10867      strumu     6.0 111.24913 +21.29992 /data/raw/bok/u/201511/J7337/good/d7337.0349.fits
0350 object   10867      strumu    60.0 111.24913 +21.30003 /data/raw/bok/u/201511/J7337/good/d7337.0350.fits
0351 object   10504      strumu     6.0 111.51150 +20.50003 /data/raw/bok/u/201511/J7337/good/d7337.0351.fits
0352 object   10504      strumu    60.0 111.51146 +20.50000 /data/raw/bok/u/201511/J7337/good/d7337.0352.fits
0353 object   10868      strumu     6.0 112.10775 +21.29992 /data/raw/bok/u/201511/J7337/good/d7337.0353.fits
0354 object   10868      strumu    60.0 112.10775 +21.30000 /data/raw/bok/u/201511/J7337/good/d7337.0354.fits
0355 object   10505      strumu     6.0 112.36579 +20.50003 /data/raw/bok/u/201511/J7337/good/d7337.0355.fits
0356 object   10505      strumu    60.0 112.36567 +20.50000 /data/raw/bok/u/201511/J7337/good/d7337.0356.fits
0357 object   10869      strumu     6.0 112.96654 +21.29978 /data/raw/bok/u/201511/J7337/good/d7337.0357.fits
0358 object   10869      strumu    60.0 112.96662 +21.30000 /data/raw/bok/u/201511/J7337/good/d7337.0358.fits
0359 object   10506      strumu     6.0 113.21983 +20.50019 /data/raw/bok/u/201511/J7337/good/d7337.0359.fits
0360 object   10506      strumu    60.0 113.21979 +20.50000 /data/raw/bok/u/201511/J7337/good/d7337.0360.fits
0361 object   10870      strumu     6.0 113.82537 +21.29989 /data/raw/bok/u/201511/J7337/good/d7337.0361.fits
0362 object   10870      strumu    60.0 113.82533 +21.29997 /data/raw/bok/u/201511/J7337/good/d7337.0362.fits
0363 object   10507      strumu     6.0 114.07400 +20.50017 /data/raw/bok/u/201511/J7337/good/d7337.0363.fits
0364 object   10507      strumu    60.0 114.07408 +20.50000 /data/raw/bok/u/201511/J7337/good/d7337.0364.fits
0365 object   10871      strumu     6.0 114.68371 +21.29992 /data/raw/bok/u/201511/J7337/good/d7337.0365.fits
0366 object   10871      strumu    60.0 114.68354 +21.30000 /data/raw/bok/u/201511/J7337/good/d7337.0366.fits
0367 object   10508      strumu     6.0 114.92833 +20.50019 /data/raw/bok/u/201511/J7337/good/d7337.0367.fits
0368 object   10508      strumu    60.0 114.92813 +20.50000 /data/raw/bok/u/201511/J7337/good/d7337.0368.fits
0369 object   10872      strumu     6.0 115.54242 +21.29986 /data/raw/bok/u/201511/J7337/good/d7337.0369.fits
0370 object   10872      strumu    60.0 115.54237 +21.30000 /data/raw/bok/u/201511/J7337/good/d7337.0370.fits
0371 object   10509      strumu     6.0 115.78192 +20.50006 /data/raw/bok/u/201511/J7337/good/d7337.0371.fits
0372 object   10509      strumu    60.0 115.78192 +20.50000 /data/raw/bok/u/201511/J7337/good/d7337.0372.fits
0373 object   10873      strumu     6.0 116.40125 +21.29992 /data/raw/bok/u/201511/J7337/good/d7337.0373.fits
0374 object   10873      strumu    60.0 116.40100 +21.29997 /data/raw/bok/u/201511/J7337/good/d7337.0374.fits
0375 object   10510      strumu     6.0 116.63608 +20.50011 /data/raw/bok/u/201511/J7337/good/d7337.0375.fits
0376 object   10510      strumu    60.0 116.63604 +20.50000 /data/raw/bok/u/201511/J7337/good/d7337.0376.fits
0377 object   10874      strumu     6.0 117.26004 +21.29994 /data/raw/bok/u/201511/J7337/good/d7337.0377.fits
0378 object   10874      strumu    60.0 117.25983 +21.30000 /data/raw/bok/u/201511/J7337/good/d7337.0378.fits
0379 object   10511      strumu     6.0 117.49042 +20.50019 /data/raw/bok/u/201511/J7337/good/d7337.0379.fits
0380 object   10511      strumu    60.0 117.49025 +20.50000 /data/raw/bok/u/201511/J7337/good/d7337.0380.fits
0381 object   10875      strumu     6.0 118.11833 +21.29989 /data/raw/bok/u/201511/J7337/good/d7337.0381.fits
0382 object   10875      strumu    60.0 118.11825 +21.30000 /data/raw/bok/u/201511/J7337/good/d7337.0382.fits
0383 object   10512      strumu     6.0 118.34454 +20.50019 /data/raw/bok/u/201511/J7337/good/d7337.0383.fits
0384 object   10512      strumu    60.0 118.34450 +20.50000 /data/raw/bok/u/201511/J7337/good/d7337.0384.fits
0385 object   10876      strumu     6.0 118.97713 +21.29975 /data/raw/bok/u/201511/J7337/good/d7337.0385.fits
0386 object   10876      strumu    60.0 118.97696 +21.30000 /data/raw/bok/u/201511/J7337/good/d7337.0386.fits
0387 object   10513      strumu     6.0 119.19867 +20.50011 /data/raw/bok/u/201511/J7337/good/d7337.0387.fits
0388 object   10513      strumu    60.0 119.19863 +20.50000 /data/raw/bok/u/201511/J7337/good/d7337.0388.fits
0389 object   10877      strumu     6.0 119.83575 +21.29989 /data/raw/bok/u/201511/J7337/good/d7337.0389.fits
0390 object   10877      strumu    60.0 119.83583 +21.30000 /data/raw/bok/u/201511/J7337/good/d7337.0390.fits
0391 object   10514      strumu     6.0 120.05250 +20.50006 /data/raw/bok/u/201511/J7337/good/d7337.0391.fits
0392 object   10514      strumu    60.0 120.05233 +20.50000 /data/raw/bok/u/201511/J7337/good/d7337.0392.fits
0393 object   10878      strumu     6.0 120.69454 +21.29994 /data/raw/bok/u/201511/J7337/good/d7337.0393.fits
0394 object   10878      strumu    60.0 120.69454 +21.30003 /data/raw/bok/u/201511/J7337/good/d7337.0394.fits
0395 object   10515      strumu     6.0 120.90654 +20.50008 /data/raw/bok/u/201511/J7337/good/d7337.0395.fits
0396 object   10515      strumu    60.0 120.90667 +20.50000 /data/raw/bok/u/201511/J7337/good/d7337.0396.fits
0397 object   10879      strumu     6.0 121.55333 +21.29994 /data/raw/bok/u/201511/J7337/good/d7337.0397.fits
0398 object   10879      strumu    60.0 121.55325 +21.30003 /data/raw/bok/u/201511/J7337/good/d7337.0398.fits
0399 object   10516      strumu     6.0 121.76083 +20.50011 /data/raw/bok/u/201511/J7337/good/d7337.0399.fits
0400 object   10516      strumu    60.0 121.76063 +20.50000 /data/raw/bok/u/201511/J7337/good/d7337.0400.fits
0401 object   10880      strumu     6.0 122.41158 +21.29994 /data/raw/bok/u/201511/J7337/good/d7337.0401.fits
0402 object   10880      strumu    60.0 122.41163 +21.30000 /data/raw/bok/u/201511/J7337/good/d7337.0402.fits
0403 object   10517      strumu     6.0 122.61492 +20.50014 /data/raw/bok/u/201511/J7337/good/d7337.0403.fits
0404 object   10517      strumu    60.0 122.61496 +20.50000 /data/raw/bok/u/201511/J7337/good/d7337.0404.fits
