0008 object   10721      strumu    60.0 321.61712 +20.50014 /data/raw/bok/u/201511/J7333/good/d7333.0008.fits
0009 object   10722      strumu    60.0 322.47125 +20.50000 /data/raw/bok/u/201511/J7333/good/d7333.0009.fits
0010 object   10723      strumu    60.0 323.32529 +20.50000 /data/raw/bok/u/201511/J7333/good/d7333.0010.fits
0011 object   10724      strumu    60.0 324.17929 +20.50000 /data/raw/bok/u/201511/J7333/good/d7333.0011.fits
0012 object   10725      strumu    60.0 325.03371 +20.50000 /data/raw/bok/u/201511/J7333/good/d7333.0012.fits
0013 object   10726      strumu    60.0 325.88767 +20.50000 /data/raw/bok/u/201511/J7333/good/d7333.0013.fits
0014 object   10727      strumu    60.0 326.74167 +20.50000 /data/raw/bok/u/201511/J7333/good/d7333.0014.fits
0015 object   10721      strumu     6.0 321.61750 +20.50003 /data/raw/bok/u/201511/J7333/good/d7333.0015.fits
0016 object   10722      strumu     6.0 322.47113 +20.50000 /data/raw/bok/u/201511/J7333/good/d7333.0016.fits
0017 object   10723      strumu     6.0 323.32525 +20.50000 /data/raw/bok/u/201511/J7333/good/d7333.0017.fits
0018 object   10724      strumu     6.0 324.17942 +20.50000 /data/raw/bok/u/201511/J7333/good/d7333.0018.fits
0019 object   10725      strumu     6.0 325.03379 +20.50000 /data/raw/bok/u/201511/J7333/good/d7333.0019.fits
0020 object   10726      strumu     6.0 325.88779 +20.50000 /data/raw/bok/u/201511/J7333/good/d7333.0020.fits
0021 object   10727      strumu     6.0 326.74158 +20.50000 /data/raw/bok/u/201511/J7333/good/d7333.0021.fits
0022 object   10728      strumu    60.0 327.59550 +20.50000 /data/raw/bok/u/201511/J7333/good/d7333.0022.fits
0023 object   10729      strumu    60.0 328.44987 +20.50000 /data/raw/bok/u/201511/J7333/good/d7333.0023.fits
0024 object   10730      strumu    60.0 329.30387 +20.50000 /data/raw/bok/u/201511/J7333/good/d7333.0024.fits
0025 object   10731      strumu    60.0 330.15817 +20.50000 /data/raw/bok/u/201511/J7333/good/d7333.0025.fits
0026 object   10732      strumu    60.0 331.01192 +20.50000 /data/raw/bok/u/201511/J7333/good/d7333.0026.fits
0027 object   10733      strumu    60.0 331.86600 +20.50000 /data/raw/bok/u/201511/J7333/good/d7333.0027.fits
0028 object   10734      strumu    60.0 332.72025 +20.50000 /data/raw/bok/u/201511/J7333/good/d7333.0028.fits
0029 object   10728      strumu     6.0 327.59592 +20.50003 /data/raw/bok/u/201511/J7333/good/d7333.0029.fits
0030 object   10729      strumu     6.0 328.44971 +20.50000 /data/raw/bok/u/201511/J7333/good/d7333.0030.fits
0031 object   10730      strumu     6.0 329.30392 +20.50003 /data/raw/bok/u/201511/J7333/good/d7333.0031.fits
0032 object   10731      strumu     6.0 330.15833 +20.50000 /data/raw/bok/u/201511/J7333/good/d7333.0032.fits
0033 object   10732      strumu     6.0 331.01200 +20.50000 /data/raw/bok/u/201511/J7333/good/d7333.0033.fits
0034 object   10733      strumu     6.0 331.86617 +20.50000 /data/raw/bok/u/201511/J7333/good/d7333.0034.fits
0035 object   10734      strumu     6.0 332.72025 +20.50000 /data/raw/bok/u/201511/J7333/good/d7333.0035.fits
0036 object   10735      strumu    60.0 333.57458 +20.50000 /data/raw/bok/u/201511/J7333/good/d7333.0036.fits
0037 object   10736      strumu    60.0 334.42850 +20.50000 /data/raw/bok/u/201511/J7333/good/d7333.0037.fits
0038 object   10737      strumu    60.0 335.28233 +20.50000 /data/raw/bok/u/201511/J7333/good/d7333.0038.fits
0039 object   10738      strumu    60.0 336.13662 +20.49997 /data/raw/bok/u/201511/J7333/good/d7333.0039.fits
0040 object   10739      strumu    60.0 336.99042 +20.50000 /data/raw/bok/u/201511/J7333/good/d7333.0040.fits
0041 object   10740      strumu    60.0 337.84492 +20.50000 /data/raw/bok/u/201511/J7333/good/d7333.0041.fits
0042 object   10741      strumu    60.0 338.69917 +20.50000 /data/raw/bok/u/201511/J7333/good/d7333.0042.fits
0043 object   10735      strumu     6.0 333.57463 +20.50000 /data/raw/bok/u/201511/J7333/good/d7333.0043.fits
0044 object   10736      strumu     6.0 334.42871 +20.50000 /data/raw/bok/u/201511/J7333/good/d7333.0044.fits
0045 object   10737      strumu     6.0 335.28225 +20.50000 /data/raw/bok/u/201511/J7333/good/d7333.0045.fits
0046 object   10738      strumu     6.0 336.13642 +20.50000 /data/raw/bok/u/201511/J7333/good/d7333.0046.fits
0047 object   10739      strumu     6.0 336.99071 +20.50000 /data/raw/bok/u/201511/J7333/good/d7333.0047.fits
0048 object   10740      strumu     6.0 337.84479 +20.50000 /data/raw/bok/u/201511/J7333/good/d7333.0048.fits
0049 object   10741      strumu     6.0 338.69904 +20.50000 /data/raw/bok/u/201511/J7333/good/d7333.0049.fits
0050 object   10742      strumu    60.0 339.55329 +20.50000 /data/raw/bok/u/201511/J7333/good/d7333.0050.fits
0051 object   10743      strumu    60.0 340.40662 +20.50000 /data/raw/bok/u/201511/J7333/good/d7333.0051.fits
0052 object   10744      strumu    60.0 341.26087 +20.50000 /data/raw/bok/u/201511/J7333/good/d7333.0052.fits
0053 object   10745      strumu    60.0 342.11529 +20.50000 /data/raw/bok/u/201511/J7333/good/d7333.0053.fits
0054 object   10746      strumu    60.0 342.96938 +20.50000 /data/raw/bok/u/201511/J7333/good/d7333.0054.fits
0055 object   10747      strumu    60.0 343.82346 +20.50000 /data/raw/bok/u/201511/J7333/good/d7333.0055.fits
0056 object   10748      strumu    60.0 344.67729 +20.49997 /data/raw/bok/u/201511/J7333/good/d7333.0056.fits
0057 object   10742      strumu     6.0 339.55329 +20.50003 /data/raw/bok/u/201511/J7333/good/d7333.0057.fits
0058 object   10743      strumu     6.0 340.40679 +20.50000 /data/raw/bok/u/201511/J7333/good/d7333.0058.fits
0059 object   10744      strumu     6.0 341.26104 +20.50003 /data/raw/bok/u/201511/J7333/good/d7333.0059.fits
0060 object   10745      strumu     6.0 342.11533 +20.50000 /data/raw/bok/u/201511/J7333/good/d7333.0060.fits
0061 object   10746      strumu     6.0 342.96958 +20.50000 /data/raw/bok/u/201511/J7333/good/d7333.0061.fits
0062 object   10747      strumu     6.0 343.82354 +20.50000 /data/raw/bok/u/201511/J7333/good/d7333.0062.fits
0063 object   10748      strumu     6.0 344.67746 +20.50000 /data/raw/bok/u/201511/J7333/good/d7333.0063.fits
0064 object   10749      strumu    60.0 345.53158 +20.50000 /data/raw/bok/u/201511/J7333/good/d7333.0064.fits
0065 object   10750      strumu    60.0 346.38563 +20.50000 /data/raw/bok/u/201511/J7333/good/d7333.0065.fits
0066 object   10751      strumu    60.0 347.23962 +20.50000 /data/raw/bok/u/201511/J7333/good/d7333.0066.fits
0067 object   10752      strumu    60.0 348.09379 +20.50000 /data/raw/bok/u/201511/J7333/good/d7333.0067.fits
0068 object   10753      strumu    60.0 348.94817 +20.49997 /data/raw/bok/u/201511/J7333/good/d7333.0068.fits
0069 object   10754      strumu    60.0 349.80196 +20.50000 /data/raw/bok/u/201511/J7333/good/d7333.0069.fits
0070 object   10755      strumu    60.0 350.65621 +20.50000 /data/raw/bok/u/201511/J7333/good/d7333.0070.fits
0071 object   10749      strumu     6.0 345.53158 +20.50000 /data/raw/bok/u/201511/J7333/good/d7333.0071.fits
0072 object   10750      strumu     6.0 346.38563 +20.50000 /data/raw/bok/u/201511/J7333/good/d7333.0072.fits
0073 object   10751      strumu     6.0 347.23983 +20.50000 /data/raw/bok/u/201511/J7333/good/d7333.0073.fits
0074 object   10752      strumu     6.0 348.09404 +20.50000 /data/raw/bok/u/201511/J7333/good/d7333.0074.fits
0075 object   10753      strumu     6.0 348.94817 +20.50000 /data/raw/bok/u/201511/J7333/good/d7333.0075.fits
0076 object   10754      strumu     6.0 349.80204 +20.50000 /data/raw/bok/u/201511/J7333/good/d7333.0076.fits
0077 object   10755      strumu     6.0 350.65617 +20.49997 /data/raw/bok/u/201511/J7333/good/d7333.0077.fits
0078 object   10763      strumu    60.0 357.48904 +20.50003 /data/raw/bok/u/201511/J7333/good/d7333.0078.fits
0079 object   10764      strumu    60.0 358.34275 +20.49997 /data/raw/bok/u/201511/J7333/good/d7333.0079.fits
0080 object   10765      strumu    60.0 359.19687 +20.50000 /data/raw/bok/u/201511/J7333/good/d7333.0080.fits
0081 object   10766      strumu    60.0   0.05104 +20.49994 /data/raw/bok/u/201511/J7333/good/d7333.0081.fits
0082 object   10767      strumu    60.0   0.48283 +21.29969 /data/raw/bok/u/201511/J7333/good/d7333.0082.fits
0083 object   10768      strumu    60.0   1.34158 +21.30000 /data/raw/bok/u/201511/J7333/good/d7333.0083.fits
0084 object   10769      strumu    60.0   2.19588 +21.29997 /data/raw/bok/u/201511/J7333/good/d7333.0084.fits
0085 object   10763      strumu     6.0 357.48913 +20.50000 /data/raw/bok/u/201511/J7333/good/d7333.0085.fits
0086 object   10764      strumu     6.0 358.34262 +20.50000 /data/raw/bok/u/201511/J7333/good/d7333.0086.fits
0087 object   10765      strumu     6.0 359.19696 +20.49994 /data/raw/bok/u/201511/J7333/good/d7333.0087.fits
0088 object   10766      strumu     6.0   0.05117 +20.49997 /data/raw/bok/u/201511/J7333/good/d7333.0088.fits
0089 object   10767      strumu     6.0   0.48275 +21.29989 /data/raw/bok/u/201511/J7333/good/d7333.0089.fits
0090 object   10768      strumu     6.0   1.34154 +21.30000 /data/raw/bok/u/201511/J7333/good/d7333.0090.fits
0091 object   10769      strumu     6.0   2.20012 +21.29997 /data/raw/bok/u/201511/J7333/good/d7333.0091.fits
0092 object   11480      strumu    60.0 351.90500 +22.09997 /data/raw/bok/u/201511/J7333/good/d7333.0092.fits
0093 object   11481      strumu    60.0 352.76821 +22.10000 /data/raw/bok/u/201511/J7333/good/d7333.0093.fits
0094 object   11482      strumu    60.0 353.63150 +22.10000 /data/raw/bok/u/201511/J7333/good/d7333.0094.fits
0095 object   11483      strumu    60.0 354.49542 +22.10000 /data/raw/bok/u/201511/J7333/good/d7333.0095.fits
0096 object   11484      strumu    60.0 355.35871 +22.10000 /data/raw/bok/u/201511/J7333/good/d7333.0096.fits
0097 object   11485      strumu    60.0 356.22196 +22.10000 /data/raw/bok/u/201511/J7333/good/d7333.0097.fits
0098 object   11486      strumu    60.0 357.08533 +22.10000 /data/raw/bok/u/201511/J7333/good/d7333.0098.fits
0099 object   11480      strumu     6.0 351.90488 +22.10000 /data/raw/bok/u/201511/J7333/good/d7333.0099.fits
0100 object   11481      strumu     6.0 352.76804 +22.10000 /data/raw/bok/u/201511/J7333/good/d7333.0100.fits
0101 object   11482      strumu     6.0 353.63137 +22.10003 /data/raw/bok/u/201511/J7333/good/d7333.0101.fits
0102 object   11483      strumu     6.0 354.49533 +22.10000 /data/raw/bok/u/201511/J7333/good/d7333.0102.fits
0103 object   11484      strumu     6.0 355.35833 +22.10000 /data/raw/bok/u/201511/J7333/good/d7333.0103.fits
0104 object   11485      strumu     6.0 356.22200 +22.10000 /data/raw/bok/u/201511/J7333/good/d7333.0104.fits
0105 object   11486      strumu     6.0 357.08525 +22.10000 /data/raw/bok/u/201511/J7333/good/d7333.0105.fits
0106 object   10408      strumu    60.0   4.75079 +20.50006 /data/raw/bok/u/201511/J7333/good/d7333.0106.fits
0107 object   10409      strumu    60.0   5.60479 +20.49997 /data/raw/bok/u/201511/J7333/good/d7333.0107.fits
0108 object   10410      strumu    60.0   6.45904 +20.50000 /data/raw/bok/u/201511/J7333/good/d7333.0108.fits
0109 object   10411      strumu    60.0   7.31288 +20.50000 /data/raw/bok/u/201511/J7333/good/d7333.0109.fits
0110 object   10412      strumu    60.0   8.16696 +20.49997 /data/raw/bok/u/201511/J7333/good/d7333.0110.fits
0111 object   10413      strumu    60.0   9.02117 +20.49997 /data/raw/bok/u/201511/J7333/good/d7333.0111.fits
0112 object   10414      strumu    60.0   9.87513 +20.49997 /data/raw/bok/u/201511/J7333/good/d7333.0112.fits
0113 object   10408      strumu     6.0   4.75071 +20.50000 /data/raw/bok/u/201511/J7333/good/d7333.0113.fits
0114 object   10409      strumu     6.0   5.60483 +20.50000 /data/raw/bok/u/201511/J7333/good/d7333.0114.fits
0115 object   10410      strumu     6.0   6.45883 +20.50000 /data/raw/bok/u/201511/J7333/good/d7333.0115.fits
0116 object   10411      strumu     6.0   7.31271 +20.50000 /data/raw/bok/u/201511/J7333/good/d7333.0116.fits
0117 object   10412      strumu     6.0   8.16671 +20.49997 /data/raw/bok/u/201511/J7333/good/d7333.0117.fits
0118 object   10413      strumu     6.0   9.02088 +20.50000 /data/raw/bok/u/201511/J7333/good/d7333.0118.fits
0119 object   10414      strumu     6.0   9.87525 +20.49997 /data/raw/bok/u/201511/J7333/good/d7333.0119.fits
0120 object   10770      strumu    60.0   3.05883 +21.29997 /data/raw/bok/u/201511/J7333/good/d7333.0120.fits
0121 object   10771      strumu    60.0   3.91725 +21.30000 /data/raw/bok/u/201511/J7333/good/d7333.0121.fits
0122 object   10772      strumu    60.0   4.77608 +21.30000 /data/raw/bok/u/201511/J7333/good/d7333.0122.fits
0123 object   10773      strumu    60.0   5.63458 +21.30000 /data/raw/bok/u/201511/J7333/good/d7333.0123.fits
0124 object   10774      strumu    60.0   6.49350 +21.30000 /data/raw/bok/u/201511/J7333/good/d7333.0124.fits
0125 object   10775      strumu    60.0   7.35192 +21.29997 /data/raw/bok/u/201511/J7333/good/d7333.0125.fits
0126 object   10776      strumu    60.0   8.21071 +21.30000 /data/raw/bok/u/201511/J7333/good/d7333.0126.fits
0127 object   10770      strumu     6.0   3.05875 +21.30000 /data/raw/bok/u/201511/J7333/good/d7333.0127.fits
0128 object   10771      strumu     6.0   3.91725 +21.30000 /data/raw/bok/u/201511/J7333/good/d7333.0128.fits
0129 object   10772      strumu     6.0   4.77608 +21.29997 /data/raw/bok/u/201511/J7333/good/d7333.0129.fits
0130 object   10773      strumu     6.0   5.63488 +21.30000 /data/raw/bok/u/201511/J7333/good/d7333.0130.fits
0131 object   10774      strumu     6.0   6.49358 +21.29997 /data/raw/bok/u/201511/J7333/good/d7333.0131.fits
0132 object   10775      strumu     6.0   7.35213 +21.30000 /data/raw/bok/u/201511/J7333/good/d7333.0132.fits
0133 object   10776      strumu     6.0   8.21054 +21.29997 /data/raw/bok/u/201511/J7333/good/d7333.0133.fits
0134 object   10777      strumu    60.0   9.06929 +21.30000 /data/raw/bok/u/201511/J7333/good/d7333.0134.fits
0135 object   10778      strumu    60.0   9.92837 +21.29997 /data/raw/bok/u/201511/J7333/good/d7333.0135.fits
0136 object   10779      strumu    60.0  10.78646 +21.30000 /data/raw/bok/u/201511/J7333/good/d7333.0136.fits
0137 object   10780      strumu    60.0  11.64538 +21.30000 /data/raw/bok/u/201511/J7333/good/d7333.0137.fits
0138 object   10781      strumu    60.0  12.50396 +21.30000 /data/raw/bok/u/201511/J7333/good/d7333.0138.fits
0139 object   10782      strumu    60.0  13.36287 +21.30000 /data/raw/bok/u/201511/J7333/good/d7333.0139.fits
0140 object   10783      strumu    60.0  14.22104 +21.30000 /data/raw/bok/u/201511/J7333/good/d7333.0140.fits
0141 object   10777      strumu     6.0   9.06967 +21.29997 /data/raw/bok/u/201511/J7333/good/d7333.0141.fits
0142 object   10778      strumu     6.0   9.92812 +21.30000 /data/raw/bok/u/201511/J7333/good/d7333.0142.fits
0143 object   10779      strumu     6.0  10.78650 +21.30000 /data/raw/bok/u/201511/J7333/good/d7333.0143.fits
0144 object   10780      strumu     6.0  11.64529 +21.29997 /data/raw/bok/u/201511/J7333/good/d7333.0144.fits
0145 object   10781      strumu     6.0  12.50396 +21.30000 /data/raw/bok/u/201511/J7333/good/d7333.0145.fits
0146 object   10782      strumu     6.0  13.36275 +21.30000 /data/raw/bok/u/201511/J7333/good/d7333.0146.fits
0147 object   10783      strumu     6.0  14.22121 +21.30000 /data/raw/bok/u/201511/J7333/good/d7333.0147.fits
0148 object   10422      strumu    60.0  16.70775 +20.49997 /data/raw/bok/u/201511/J7333/good/d7333.0148.fits
0149 object   10423      strumu    60.0  17.56192 +20.50000 /data/raw/bok/u/201511/J7333/good/d7333.0149.fits
0150 object   10424      strumu    60.0  18.41617 +20.50000 /data/raw/bok/u/201511/J7333/good/d7333.0150.fits
0151 object   10425      strumu    60.0  19.27000 +20.50000 /data/raw/bok/u/201511/J7333/good/d7333.0151.fits
0152 object   10426      strumu    60.0  20.12454 +20.49997 /data/raw/bok/u/201511/J7333/good/d7333.0152.fits
0153 object   10427      strumu    60.0  20.97821 +20.49997 /data/raw/bok/u/201511/J7333/good/d7333.0153.fits
0154 object   10428      strumu    60.0  21.83233 +20.50000 /data/raw/bok/u/201511/J7333/good/d7333.0154.fits
0155 object   10422      strumu     6.0  16.70783 +20.50000 /data/raw/bok/u/201511/J7333/good/d7333.0155.fits
0156 object   10423      strumu     6.0  17.56213 +20.50000 /data/raw/bok/u/201511/J7333/good/d7333.0156.fits
0157 object   10424      strumu     6.0  18.41596 +20.50000 /data/raw/bok/u/201511/J7333/good/d7333.0157.fits
0158 object   10425      strumu     6.0  19.27033 +20.50000 /data/raw/bok/u/201511/J7333/good/d7333.0158.fits
0159 object   10426      strumu     6.0  20.12437 +20.50000 /data/raw/bok/u/201511/J7333/good/d7333.0159.fits
0160 object   10427      strumu     6.0  20.97829 +20.50000 /data/raw/bok/u/201511/J7333/good/d7333.0160.fits
0161 object   10428      strumu     6.0  21.83233 +20.50000 /data/raw/bok/u/201511/J7333/good/d7333.0161.fits
0171 object   10429      strumu    60.0  22.68667 +20.50000 /data/raw/bok/u/201511/J7333/good/d7333.0171.fits
0172 object   10430      strumu    60.0  23.54075 +20.49997 /data/raw/bok/u/201511/J7333/good/d7333.0172.fits
0173 object   10431      strumu    60.0  24.39496 +20.49997 /data/raw/bok/u/201511/J7333/good/d7333.0173.fits
0174 object   10432      strumu    60.0  25.24917 +20.50000 /data/raw/bok/u/201511/J7333/good/d7333.0174.fits
0175 object   10433      strumu    60.0  26.10283 +20.49997 /data/raw/bok/u/201511/J7333/good/d7333.0175.fits
0176 object   10434      strumu    60.0  26.95708 +20.49997 /data/raw/bok/u/201511/J7333/good/d7333.0176.fits
0177 object   10435      strumu    60.0  27.81117 +20.49997 /data/raw/bok/u/201511/J7333/good/d7333.0177.fits
0178 object   10429      strumu     6.0  22.68667 +20.50000 /data/raw/bok/u/201511/J7333/good/d7333.0178.fits
0179 object   10430      strumu     6.0  23.54092 +20.49997 /data/raw/bok/u/201511/J7333/good/d7333.0179.fits
0180 object   10431      strumu     6.0  24.39479 +20.49997 /data/raw/bok/u/201511/J7333/good/d7333.0180.fits
0181 object   10432      strumu     6.0  25.24883 +20.49997 /data/raw/bok/u/201511/J7333/good/d7333.0181.fits
0182 object   10433      strumu     6.0  26.10283 +20.49997 /data/raw/bok/u/201511/J7333/good/d7333.0182.fits
0183 object   10434      strumu     6.0  26.95675 +20.49997 /data/raw/bok/u/201511/J7333/good/d7333.0183.fits
0184 object   10435      strumu     6.0  27.81117 +20.49997 /data/raw/bok/u/201511/J7333/good/d7333.0184.fits
0185 object   10436      strumu    60.0  28.66525 +20.49997 /data/raw/bok/u/201511/J7333/good/d7333.0185.fits
0186 object   10437      strumu    60.0  29.51942 +20.50000 /data/raw/bok/u/201511/J7333/good/d7333.0186.fits
0187 object   10438      strumu    60.0  30.37321 +20.50000 /data/raw/bok/u/201511/J7333/good/d7333.0187.fits
0188 object   10439      strumu    60.0  31.22738 +20.50000 /data/raw/bok/u/201511/J7333/good/d7333.0188.fits
0189 object   10440      strumu    60.0  32.08142 +20.50000 /data/raw/bok/u/201511/J7333/good/d7333.0189.fits
0190 object   10441      strumu    60.0  32.93583 +20.49997 /data/raw/bok/u/201511/J7333/good/d7333.0190.fits
0191 object   10442      strumu    60.0  33.78983 +20.50000 /data/raw/bok/u/201511/J7333/good/d7333.0191.fits
0192 object   10436      strumu     6.0  28.66542 +20.50000 /data/raw/bok/u/201511/J7333/good/d7333.0192.fits
0193 object   10437      strumu     6.0  29.51958 +20.49997 /data/raw/bok/u/201511/J7333/good/d7333.0193.fits
0194 object   10438      strumu     6.0  30.37333 +20.50000 /data/raw/bok/u/201511/J7333/good/d7333.0194.fits
0195 object   10439      strumu     6.0  31.22721 +20.50000 /data/raw/bok/u/201511/J7333/good/d7333.0195.fits
0196 object   10440      strumu     6.0  32.08150 +20.49997 /data/raw/bok/u/201511/J7333/good/d7333.0196.fits
0197 object   10441      strumu     6.0  32.93587 +20.49997 /data/raw/bok/u/201511/J7333/good/d7333.0197.fits
0198 object   10442      strumu     6.0  33.78971 +20.49997 /data/raw/bok/u/201511/J7333/good/d7333.0198.fits
0199 object   10798      strumu    60.0  27.10129 +21.29997 /data/raw/bok/u/201511/J7333/good/d7333.0199.fits
0200 object   10799      strumu    60.0  27.95979 +21.29997 /data/raw/bok/u/201511/J7333/good/d7333.0200.fits
0201 object   10800      strumu    60.0  28.81867 +21.29997 /data/raw/bok/u/201511/J7333/good/d7333.0201.fits
0202 object   10801      strumu    60.0  29.67700 +21.29997 /data/raw/bok/u/201511/J7333/good/d7333.0202.fits
0203 object   10802      strumu    60.0  30.53575 +21.29997 /data/raw/bok/u/201511/J7333/good/d7333.0203.fits
0204 object   10803      strumu    60.0  31.39429 +21.29997 /data/raw/bok/u/201511/J7333/good/d7333.0204.fits
0205 object   10804      strumu    60.0  32.25304 +21.29997 /data/raw/bok/u/201511/J7333/good/d7333.0205.fits
0206 object   10798      strumu     6.0  27.10117 +21.30000 /data/raw/bok/u/201511/J7333/good/d7333.0206.fits
0207 object   10799      strumu     6.0  27.95983 +21.29997 /data/raw/bok/u/201511/J7333/good/d7333.0207.fits
0208 object   10800      strumu     6.0  28.81850 +21.29997 /data/raw/bok/u/201511/J7333/good/d7333.0208.fits
0209 object   10801      strumu     6.0  29.67675 +21.29997 /data/raw/bok/u/201511/J7333/good/d7333.0209.fits
0210 object   10802      strumu     6.0  30.53575 +21.29997 /data/raw/bok/u/201511/J7333/good/d7333.0210.fits
0211 object   10803      strumu     6.0  31.39458 +21.29997 /data/raw/bok/u/201511/J7333/good/d7333.0211.fits
0212 object   10804      strumu     6.0  32.25312 +21.29997 /data/raw/bok/u/201511/J7333/good/d7333.0212.fits
0213 object   10443      strumu    60.0  34.64367 +20.50000 /data/raw/bok/u/201511/J7333/good/d7333.0213.fits
0214 object   10444      strumu    60.0  35.49796 +20.50000 /data/raw/bok/u/201511/J7333/good/d7333.0214.fits
0215 object   10445      strumu    60.0  36.35204 +20.50000 /data/raw/bok/u/201511/J7333/good/d7333.0215.fits
0216 object   10446      strumu    60.0  37.20596 +20.50000 /data/raw/bok/u/201511/J7333/good/d7333.0216.fits
0217 object   10447      strumu    60.0  38.06033 +20.50000 /data/raw/bok/u/201511/J7333/good/d7333.0217.fits
0218 object   10448      strumu    60.0  38.91400 +20.50000 /data/raw/bok/u/201511/J7333/good/d7333.0218.fits
0219 object   10449      strumu    60.0  39.76812 +20.50000 /data/raw/bok/u/201511/J7333/good/d7333.0219.fits
0220 object   10443      strumu     6.0  34.64367 +20.50000 /data/raw/bok/u/201511/J7333/good/d7333.0220.fits
0221 object   10444      strumu     6.0  35.49783 +20.49997 /data/raw/bok/u/201511/J7333/good/d7333.0221.fits
0222 object   10445      strumu     6.0  36.35196 +20.50000 /data/raw/bok/u/201511/J7333/good/d7333.0222.fits
0223 object   10446      strumu     6.0  37.20600 +20.50000 /data/raw/bok/u/201511/J7333/good/d7333.0223.fits
0224 object   10447      strumu     6.0  38.06004 +20.50000 /data/raw/bok/u/201511/J7333/good/d7333.0224.fits
0225 object   10448      strumu     6.0  38.91396 +20.50000 /data/raw/bok/u/201511/J7333/good/d7333.0225.fits
0226 object   10449      strumu     6.0  39.76821 +20.50000 /data/raw/bok/u/201511/J7333/good/d7333.0226.fits
0227 object   10450      strumu    60.0  40.62238 +20.50000 /data/raw/bok/u/201511/J7333/good/d7333.0227.fits
0228 object   10451      strumu    60.0  41.47650 +20.50000 /data/raw/bok/u/201511/J7333/good/d7333.0228.fits
0229 object   10452      strumu    60.0  42.33067 +20.50000 /data/raw/bok/u/201511/J7333/good/d7333.0229.fits
0230 object   10453      strumu    60.0  43.18471 +20.50000 /data/raw/bok/u/201511/J7333/good/d7333.0230.fits
0231 object   10454      strumu    60.0  44.03842 +20.50000 /data/raw/bok/u/201511/J7333/good/d7333.0231.fits
0232 object   10455      strumu    60.0  44.89292 +20.50000 /data/raw/bok/u/201511/J7333/good/d7333.0232.fits
0233 object   10456      strumu    60.0  45.74688 +20.50000 /data/raw/bok/u/201511/J7333/good/d7333.0233.fits
0234 object   10450      strumu     6.0  40.62254 +20.50000 /data/raw/bok/u/201511/J7333/good/d7333.0234.fits
0235 object   10451      strumu     6.0  41.47658 +20.49997 /data/raw/bok/u/201511/J7333/good/d7333.0235.fits
0236 object   10452      strumu     6.0  42.33079 +20.49997 /data/raw/bok/u/201511/J7333/good/d7333.0236.fits
0237 object   10453      strumu     6.0  43.18488 +20.49997 /data/raw/bok/u/201511/J7333/good/d7333.0237.fits
0238 object   10454      strumu     6.0  44.03850 +20.50000 /data/raw/bok/u/201511/J7333/good/d7333.0238.fits
0239 object   10455      strumu     6.0  44.89288 +20.50000 /data/raw/bok/u/201511/J7333/good/d7333.0239.fits
0240 object   10456      strumu     6.0  45.74675 +20.50000 /data/raw/bok/u/201511/J7333/good/d7333.0240.fits
0241 object   10457      strumu    60.0  46.60096 +20.50000 /data/raw/bok/u/201511/J7333/good/d7333.0241.fits
0242 object   10458      strumu    60.0  47.45525 +20.50000 /data/raw/bok/u/201511/J7333/good/d7333.0242.fits
0243 object   10459      strumu    60.0  48.30917 +20.50000 /data/raw/bok/u/201511/J7333/good/d7333.0243.fits
0244 object   10460      strumu    60.0  49.16338 +20.50000 /data/raw/bok/u/201511/J7333/good/d7333.0244.fits
0245 object   10461      strumu    60.0  50.01729 +20.50000 /data/raw/bok/u/201511/J7333/good/d7333.0245.fits
0246 object   10462      strumu    60.0  50.87138 +20.50000 /data/raw/bok/u/201511/J7333/good/d7333.0246.fits
0247 object   10463      strumu    60.0  51.72583 +20.50000 /data/raw/bok/u/201511/J7333/good/d7333.0247.fits
0248 object   10457      strumu     6.0  46.60129 +20.50000 /data/raw/bok/u/201511/J7333/good/d7333.0248.fits
0249 object   10458      strumu     6.0  47.45529 +20.50000 /data/raw/bok/u/201511/J7333/good/d7333.0249.fits
0250 object   10459      strumu     6.0  48.30900 +20.50000 /data/raw/bok/u/201511/J7333/good/d7333.0250.fits
0251 object   10460      strumu     6.0  49.16304 +20.50000 /data/raw/bok/u/201511/J7333/good/d7333.0251.fits
0252 object   10461      strumu     6.0  50.01746 +20.49997 /data/raw/bok/u/201511/J7333/good/d7333.0252.fits
0253 object   10462      strumu     6.0  50.87146 +20.50000 /data/raw/bok/u/201511/J7333/good/d7333.0253.fits
0254 object   10463      strumu     6.0  51.72563 +20.50000 /data/raw/bok/u/201511/J7333/good/d7333.0254.fits
0255 object   10819      strumu    60.0  45.13283 +21.30000 /data/raw/bok/u/201511/J7333/good/d7333.0255.fits
0256 object   10820      strumu    60.0  45.99162 +21.29997 /data/raw/bok/u/201511/J7333/good/d7333.0256.fits
0257 object   10821      strumu    60.0  46.85025 +21.29997 /data/raw/bok/u/201511/J7333/good/d7333.0257.fits
0258 object   10822      strumu    60.0  47.70850 +21.29997 /data/raw/bok/u/201511/J7333/good/d7333.0258.fits
0259 object   10823      strumu    60.0  48.56746 +21.29997 /data/raw/bok/u/201511/J7333/good/d7333.0259.fits
0260 object   10824      strumu    60.0  49.42604 +21.29997 /data/raw/bok/u/201511/J7333/good/d7333.0260.fits
0261 object   10825      strumu    60.0  50.28475 +21.29997 /data/raw/bok/u/201511/J7333/good/d7333.0261.fits
0262 object   10819      strumu     6.0  45.13300 +21.29997 /data/raw/bok/u/201511/J7333/good/d7333.0262.fits
0263 object   10820      strumu     6.0  45.99142 +21.29997 /data/raw/bok/u/201511/J7333/good/d7333.0263.fits
0264 object   10821      strumu     6.0  46.85021 +21.30000 /data/raw/bok/u/201511/J7333/good/d7333.0264.fits
0265 object   10822      strumu     6.0  47.70846 +21.29997 /data/raw/bok/u/201511/J7333/good/d7333.0265.fits
0266 object   10823      strumu     6.0  48.56733 +21.29997 /data/raw/bok/u/201511/J7333/good/d7333.0266.fits
0267 object   10824      strumu     6.0  49.42596 +21.29997 /data/raw/bok/u/201511/J7333/good/d7333.0267.fits
0268 object   10825      strumu     6.0  50.28504 +21.29997 /data/raw/bok/u/201511/J7333/good/d7333.0268.fits
0269 object   10464      strumu    60.0  52.57946 +20.50000 /data/raw/bok/u/201511/J7333/good/d7333.0269.fits
0270 object   10465      strumu    60.0  53.43358 +20.49997 /data/raw/bok/u/201511/J7333/good/d7333.0270.fits
0271 object   10466      strumu    60.0  54.28775 +20.50000 /data/raw/bok/u/201511/J7333/good/d7333.0271.fits
0272 object   10467      strumu    60.0  55.14200 +20.50000 /data/raw/bok/u/201511/J7333/good/d7333.0272.fits
0273 object   10468      strumu    60.0  55.99621 +20.50000 /data/raw/bok/u/201511/J7333/good/d7333.0273.fits
0274 object   10469      strumu    60.0  56.84963 +20.50000 /data/raw/bok/u/201511/J7333/good/d7333.0274.fits
0275 object   10470      strumu    60.0  57.70413 +20.50000 /data/raw/bok/u/201511/J7333/good/d7333.0275.fits
0276 object   10464      strumu     6.0  52.57971 +20.50000 /data/raw/bok/u/201511/J7333/good/d7333.0276.fits
0277 object   10465      strumu     6.0  53.43383 +20.50000 /data/raw/bok/u/201511/J7333/good/d7333.0277.fits
0278 object   10466      strumu     6.0  54.28783 +20.50000 /data/raw/bok/u/201511/J7333/good/d7333.0278.fits
0279 object   10467      strumu     6.0  55.14204 +20.49997 /data/raw/bok/u/201511/J7333/good/d7333.0279.fits
0280 object   10468      strumu     6.0  55.99617 +20.50000 /data/raw/bok/u/201511/J7333/good/d7333.0280.fits
0281 object   10469      strumu     6.0  56.84992 +20.50000 /data/raw/bok/u/201511/J7333/good/d7333.0281.fits
0282 object   10470      strumu     6.0  57.70392 +20.50000 /data/raw/bok/u/201511/J7333/good/d7333.0282.fits
0283 object   10471      strumu    60.0  58.55817 +20.50000 /data/raw/bok/u/201511/J7333/good/d7333.0283.fits
0284 object   10472      strumu    60.0  59.41233 +20.50000 /data/raw/bok/u/201511/J7333/good/d7333.0284.fits
0285 object   10473      strumu    60.0  60.26650 +20.50000 /data/raw/bok/u/201511/J7333/good/d7333.0285.fits
0286 object   10474      strumu    60.0  61.12058 +20.50000 /data/raw/bok/u/201511/J7333/good/d7333.0286.fits
0287 object   10475      strumu    60.0  61.97446 +20.50000 /data/raw/bok/u/201511/J7333/good/d7333.0287.fits
0288 object   10476      strumu    60.0  62.82871 +20.50000 /data/raw/bok/u/201511/J7333/good/d7333.0288.fits
0289 object   10477      strumu    60.0  63.68267 +20.50000 /data/raw/bok/u/201511/J7333/good/d7333.0289.fits
0290 object   10471      strumu     6.0  58.55850 +20.50000 /data/raw/bok/u/201511/J7333/good/d7333.0290.fits
0291 object   10472      strumu     6.0  59.41217 +20.50000 /data/raw/bok/u/201511/J7333/good/d7333.0291.fits
0292 object   10473      strumu     6.0  60.26667 +20.50000 /data/raw/bok/u/201511/J7333/good/d7333.0292.fits
0293 object   10474      strumu     6.0  61.12079 +20.49997 /data/raw/bok/u/201511/J7333/good/d7333.0293.fits
0294 object   10475      strumu     6.0  61.97454 +20.50000 /data/raw/bok/u/201511/J7333/good/d7333.0294.fits
0295 object   10476      strumu     6.0  62.82863 +20.50000 /data/raw/bok/u/201511/J7333/good/d7333.0295.fits
0296 object   10477      strumu     6.0  63.68263 +20.50000 /data/raw/bok/u/201511/J7333/good/d7333.0296.fits
0297 object   10478      strumu    60.0  64.53708 +20.50000 /data/raw/bok/u/201511/J7333/good/d7333.0297.fits
0298 object   10479      strumu    60.0  65.39104 +20.50000 /data/raw/bok/u/201511/J7333/good/d7333.0298.fits
0299 object   10480      strumu    60.0  66.24488 +20.50000 /data/raw/bok/u/201511/J7333/good/d7333.0299.fits
0300 object   10481      strumu    60.0  67.09917 +20.50000 /data/raw/bok/u/201511/J7333/good/d7333.0300.fits
0301 object   10482      strumu    60.0  67.95321 +20.50000 /data/raw/bok/u/201511/J7333/good/d7333.0301.fits
0302 object   10483      strumu    60.0  68.80742 +20.50000 /data/raw/bok/u/201511/J7333/good/d7333.0302.fits
0303 object   10484      strumu    60.0  69.66167 +20.50000 /data/raw/bok/u/201511/J7333/good/d7333.0303.fits
0304 object   10478      strumu     6.0  64.53712 +20.50000 /data/raw/bok/u/201511/J7333/good/d7333.0304.fits
0305 object   10479      strumu     6.0  65.39117 +20.49997 /data/raw/bok/u/201511/J7333/good/d7333.0305.fits
0306 object   10480      strumu     6.0  66.24471 +20.49997 /data/raw/bok/u/201511/J7333/good/d7333.0306.fits
0307 object   10481      strumu     6.0  67.09892 +20.50000 /data/raw/bok/u/201511/J7333/good/d7333.0307.fits
0308 object   10482      strumu     6.0  67.95312 +20.50000 /data/raw/bok/u/201511/J7333/good/d7333.0308.fits
0309 object   10483      strumu     6.0  68.80729 +20.50000 /data/raw/bok/u/201511/J7333/good/d7333.0309.fits
0310 object   10484      strumu     6.0  69.66142 +20.50000 /data/raw/bok/u/201511/J7333/good/d7333.0310.fits
0313 object   10485      strumu    60.0  70.51529 +20.50000 /data/raw/bok/u/201511/J7333/good/d7333.0313.fits
0314 object   10486      strumu    60.0  71.36962 +20.49997 /data/raw/bok/u/201511/J7333/good/d7333.0314.fits
0315 object   10487      strumu    60.0  72.22371 +20.50000 /data/raw/bok/u/201511/J7333/good/d7333.0315.fits
0316 object   10488      strumu    60.0  73.07771 +20.50000 /data/raw/bok/u/201511/J7333/good/d7333.0316.fits
0317 object   10489      strumu    60.0  73.93188 +20.50000 /data/raw/bok/u/201511/J7333/good/d7333.0317.fits
0318 object   10490      strumu    60.0  74.78579 +20.50000 /data/raw/bok/u/201511/J7333/good/d7333.0318.fits
0319 object   10491      strumu    60.0  75.63987 +20.49997 /data/raw/bok/u/201511/J7333/good/d7333.0319.fits
0320 object   10485      strumu     6.0  70.51546 +20.50000 /data/raw/bok/u/201511/J7333/good/d7333.0320.fits
0321 object   10486      strumu     6.0  71.36938 +20.49997 /data/raw/bok/u/201511/J7333/good/d7333.0321.fits
0322 object   10487      strumu     6.0  72.22358 +20.49997 /data/raw/bok/u/201511/J7333/good/d7333.0322.fits
0323 object   10488      strumu     6.0  73.07783 +20.49997 /data/raw/bok/u/201511/J7333/good/d7333.0323.fits
0324 object   10489      strumu     6.0  73.93208 +20.49997 /data/raw/bok/u/201511/J7333/good/d7333.0324.fits
0325 object   10490      strumu     6.0  74.78554 +20.49997 /data/raw/bok/u/201511/J7333/good/d7333.0325.fits
0326 object   10491      strumu     6.0  75.63975 +20.49997 /data/raw/bok/u/201511/J7333/good/d7333.0326.fits
0327 object   10492      strumu    60.0  76.49387 +20.50000 /data/raw/bok/u/201511/J7333/good/d7333.0327.fits
0328 object   10493      strumu    60.0  77.34829 +20.50000 /data/raw/bok/u/201511/J7333/good/d7333.0328.fits
0329 object   10494      strumu    60.0  78.20250 +20.49997 /data/raw/bok/u/201511/J7333/good/d7333.0329.fits
0330 object   10495      strumu    60.0  79.05646 +20.50000 /data/raw/bok/u/201511/J7333/good/d7333.0330.fits
0331 object   10496      strumu    60.0 104.67904 +20.50006 /data/raw/bok/u/201511/J7333/good/d7333.0331.fits
0332 object   10497      strumu    60.0 105.53304 +20.50000 /data/raw/bok/u/201511/J7333/good/d7333.0332.fits
0333 object   10498      strumu    60.0 106.38696 +20.50000 /data/raw/bok/u/201511/J7333/good/d7333.0333.fits
0334 object   10492      strumu     6.0  76.49437 +20.49994 /data/raw/bok/u/201511/J7333/good/d7333.0334.fits
0335 object   10493      strumu     6.0  77.34812 +20.49997 /data/raw/bok/u/201511/J7333/good/d7333.0335.fits
0336 object   10494      strumu     6.0  78.20233 +20.49997 /data/raw/bok/u/201511/J7333/good/d7333.0336.fits
0337 object   10495      strumu     6.0  79.05671 +20.49997 /data/raw/bok/u/201511/J7333/good/d7333.0337.fits
0338 object   10496      strumu     6.0 104.67904 +20.50006 /data/raw/bok/u/201511/J7333/good/d7333.0338.fits
0339 object   10497      strumu     6.0 105.53308 +20.49997 /data/raw/bok/u/201511/J7333/good/d7333.0339.fits
0340 object   10498      strumu     6.0 106.38683 +20.50000 /data/raw/bok/u/201511/J7333/good/d7333.0340.fits
0341 object   10513      strumu    60.0 119.19883 +20.50014 /data/raw/bok/u/201511/J7333/good/d7333.0341.fits
0342 object   10514      strumu    60.0 120.05225 +20.49997 /data/raw/bok/u/201511/J7333/good/d7333.0342.fits
0343 object   10515      strumu    60.0 120.90663 +20.50000 /data/raw/bok/u/201511/J7333/good/d7333.0343.fits
0344 object   10516      strumu    60.0 121.76075 +20.49997 /data/raw/bok/u/201511/J7333/good/d7333.0344.fits
0345 object   10517      strumu    60.0 122.61500 +20.49997 /data/raw/bok/u/201511/J7333/good/d7333.0345.fits
0162 object   depthtest  strumu     1.0  29.99967 +14.99997 /data/raw/bok/u/201511/J7333/other/d7333.0162.fits
0163 object   depthtest  strumu     2.0  29.99996 +14.99997 /data/raw/bok/u/201511/J7333/other/d7333.0163.fits
0164 object   depthtest  strumu     6.0  30.00000 +15.00000 /data/raw/bok/u/201511/J7333/other/d7333.0164.fits
0165 object   depthtest  strumu    10.0  29.99975 +15.00000 /data/raw/bok/u/201511/J7333/other/d7333.0165.fits
0166 object   depthtest  strumu    20.0  29.99983 +14.99997 /data/raw/bok/u/201511/J7333/other/d7333.0166.fits
0167 object   depthtest  strumu    30.0  29.99996 +15.00003 /data/raw/bok/u/201511/J7333/other/d7333.0167.fits
0168 object   depthtest  strumu    50.0  29.99983 +15.00000 /data/raw/bok/u/201511/J7333/other/d7333.0168.fits
0169 object   depthtest  strumu    60.0  29.99983 +15.00000 /data/raw/bok/u/201511/J7333/other/d7333.0169.fits
