/Users/lzj/bss/201512/20151210/cai7367.0047.fits  0047   J0112_p03   zheng  900.00   1
/Users/lzj/bss/201512/20151210/cai7367.0048.fits  0048   J0112_p04   zheng  900.00   1
/Users/lzj/bss/201512/20151210/cai7367.0049.fits  0049   J0112_p05   zheng  900.00   1
/Users/lzj/bss/201512/20151210/cai7367.0051.fits  0051   J0112_p01   zheng  900.00   1
/Users/lzj/bss/201512/20151210/cai7367.0052.fits  0052   J0112_p02   zheng  900.00   1
/Users/lzj/bss/201512/20151210/cai7367.0054.fits  0054   J0112_p03   zheng  900.00   1
/Users/lzj/bss/201512/20151210/cai7367.0055.fits  0055   J0112_p04   zheng  900.00   1
/Users/lzj/bss/201512/20151210/cai7367.0056.fits  0056   J0112_p05   zheng  900.00   1
/Users/lzj/bss/201512/20151210/cai7367.0057.fits  0057   J0112_p01   zheng  900.00   1
/Users/lzj/bss/201512/20151210/cai7367.0058.fits  0058   J0112_p02   zheng  900.00   1
/Users/lzj/bss/201512/20151210/d7367.0019.fits  0019       10728  strumu    3.00   1
/Users/lzj/bss/201512/20151210/d7367.0020.fits  0020       10728  strumu   40.00   1
/Users/lzj/bss/201512/20151210/d7367.0021.fits  0021       10729  strumu    3.00   1
/Users/lzj/bss/201512/20151210/d7367.0022.fits  0022       10729  strumu   40.00   1
/Users/lzj/bss/201512/20151210/d7367.0023.fits  0023       10730  strumu    3.00   1
/Users/lzj/bss/201512/20151210/d7367.0024.fits  0024       10730  strumu   40.00   1
/Users/lzj/bss/201512/20151210/d7367.0025.fits  0025       10731  strumu    3.00   1
/Users/lzj/bss/201512/20151210/d7367.0026.fits  0026       10731  strumu   40.00   1
/Users/lzj/bss/201512/20151210/d7367.0027.fits  0027       10732  strumu    3.00   1
/Users/lzj/bss/201512/20151210/d7367.0028.fits  0028       10732  strumu   40.00   1
/Users/lzj/bss/201512/20151210/d7367.0029.fits  0029       10733  strumu    3.00   1
/Users/lzj/bss/201512/20151210/d7367.0030.fits  0030       10733  strumu   40.00   1
/Users/lzj/bss/201512/20151210/d7367.0031.fits  0031       10734  strumu    3.00   1
/Users/lzj/bss/201512/20151210/d7367.0032.fits  0032       10734  strumu   40.00   1
/Users/lzj/bss/201512/20151210/d7367.0033.fits  0033       10735  strumu    3.00   1
/Users/lzj/bss/201512/20151210/d7367.0034.fits  0034       10735  strumu   40.00   1
/Users/lzj/bss/201512/20151210/d7367.0035.fits  0035       10736  strumu    3.00   1
/Users/lzj/bss/201512/20151210/d7367.0036.fits  0036       10736  strumu   40.00   1
/Users/lzj/bss/201512/20151210/d7367.0037.fits  0037       10737  strumu    3.00   1
/Users/lzj/bss/201512/20151210/d7367.0038.fits  0038       10737  strumu   40.00   1
/Users/lzj/bss/201512/20151210/d7367.0039.fits  0039       10738  strumu    3.00   1
/Users/lzj/bss/201512/20151210/d7367.0040.fits  0040       10738  strumu   40.00   1
/Users/lzj/bss/201512/20151210/d7367.0041.fits  0041       10737  strumv    3.00   1
/Users/lzj/bss/201512/20151210/d7367.0042.fits  0042       10737  strumv   40.00   1
/Users/lzj/bss/201512/20151210/d7367.0043.fits  0043       10738  strumv    3.00   1
/Users/lzj/bss/201512/20151210/d7367.0044.fits  0044       10738  strumv   40.00   1
/Users/lzj/bss/201512/20151210/d7367.0061.fits  0061       10855  strumu    3.00   1
/Users/lzj/bss/201512/20151210/d7367.0062.fits  0062       10855  strumu   40.00   1
/Users/lzj/bss/201512/20151210/d7367.0063.fits  0063       10492  strumu    3.00   1
/Users/lzj/bss/201512/20151210/d7367.0064.fits  0064       10492  strumu   40.00   1
/Users/lzj/bss/201512/20151210/d7367.0065.fits  0065       10856  strumu    3.00   1
/Users/lzj/bss/201512/20151210/d7367.0066.fits  0066       10856  strumu   40.00   1
/Users/lzj/bss/201512/20151210/d7367.0067.fits  0067       10493  strumu    3.00   1
/Users/lzj/bss/201512/20151210/d7367.0068.fits  0068       10493  strumu   40.00   1
/Users/lzj/bss/201512/20151210/d7367.0069.fits  0069       10857  strumu    3.00   1
/Users/lzj/bss/201512/20151210/d7367.0070.fits  0070       10857  strumu   40.00   1
/Users/lzj/bss/201512/20151210/d7367.0071.fits  0071       10494  strumu    3.00   1
/Users/lzj/bss/201512/20151210/d7367.0072.fits  0072       10494  strumu   40.00   1
/Users/lzj/bss/201512/20151210/d7367.0073.fits  0073       10858  strumu    3.00   1
/Users/lzj/bss/201512/20151210/d7367.0074.fits  0074       10858  strumu   40.00   1
/Users/lzj/bss/201512/20151210/d7367.0075.fits  0075       10495  strumu    3.00   1
/Users/lzj/bss/201512/20151210/d7367.0076.fits  0076       10495  strumu   40.00   1
/Users/lzj/bss/201512/20151210/d7367.0077.fits  0077       10859  strumu    3.00   1
/Users/lzj/bss/201512/20151210/d7367.0078.fits  0078       10859  strumu   40.00   1
/Users/lzj/bss/201512/20151210/d7367.0079.fits  0079       10496  strumu    3.00   1
/Users/lzj/bss/201512/20151210/d7367.0080.fits  0080       10496  strumu   40.00   1
/Users/lzj/bss/201512/20151210/d7367.0081.fits  0081       10860  strumu    3.00   1
/Users/lzj/bss/201512/20151210/d7367.0082.fits  0082       10860  strumu   40.00   1
/Users/lzj/bss/201512/20151210/d7367.0083.fits  0083       10497  strumu    3.00   1
/Users/lzj/bss/201512/20151210/d7367.0084.fits  0084       10497  strumu   40.00   1
/Users/lzj/bss/201512/20151210/d7367.0085.fits  0085       10861  strumu    3.00   1
/Users/lzj/bss/201512/20151210/d7367.0086.fits  0086       10861  strumu   40.00   1
/Users/lzj/bss/201512/20151210/d7367.0087.fits  0087       10498  strumu    3.00   1
/Users/lzj/bss/201512/20151210/d7367.0088.fits  0088       10498  strumu   40.00   1
/Users/lzj/bss/201512/20151210/d7367.0089.fits  0089       10862  strumu    3.00   1
/Users/lzj/bss/201512/20151210/d7367.0090.fits  0090       10862  strumu   40.00   1
/Users/lzj/bss/201512/20151210/d7367.0091.fits  0091       10499  strumu    3.00   1
/Users/lzj/bss/201512/20151210/d7367.0092.fits  0092       10499  strumu   40.00   1
/Users/lzj/bss/201512/20151210/d7367.0093.fits  0093       10863  strumu    3.00   1
/Users/lzj/bss/201512/20151210/d7367.0094.fits  0094       10863  strumu   40.00   1
/Users/lzj/bss/201512/20151210/d7367.0095.fits  0095       10500  strumu    3.00   1
/Users/lzj/bss/201512/20151210/d7367.0096.fits  0096       10500  strumu   40.00   1
/Users/lzj/bss/201512/20151210/d7367.0097.fits  0097       10864  strumu    3.00   1
/Users/lzj/bss/201512/20151210/d7367.0098.fits  0098       10864  strumu   40.00   1
/Users/lzj/bss/201512/20151210/d7367.0099.fits  0099       10501  strumu    3.00   1
/Users/lzj/bss/201512/20151210/d7367.0100.fits  0100       10501  strumu   40.00   1
/Users/lzj/bss/201512/20151210/d7367.0101.fits  0101       10865  strumu    3.00   1
/Users/lzj/bss/201512/20151210/d7367.0102.fits  0102       10865  strumu   40.00   1
/Users/lzj/bss/201512/20151210/d7367.0103.fits  0103       10502  strumu    3.00   1
/Users/lzj/bss/201512/20151210/d7367.0104.fits  0104       10502  strumu   40.00   1
/Users/lzj/bss/201512/20151210/d7367.0105.fits  0105       10866  strumu    3.00   1
/Users/lzj/bss/201512/20151210/d7367.0106.fits  0106       10866  strumu   40.00   1
/Users/lzj/bss/201512/20151210/d7367.0107.fits  0107       10503  strumu    3.00   1
/Users/lzj/bss/201512/20151210/d7367.0108.fits  0108       10503  strumu   40.00   1
/Users/lzj/bss/201512/20151210/d7367.0109.fits  0109       10867  strumu    3.00   1
/Users/lzj/bss/201512/20151210/d7367.0110.fits  0110       10867  strumu   40.00   1
/Users/lzj/bss/201512/20151210/d7367.0111.fits  0111       10504  strumu    3.00   1
/Users/lzj/bss/201512/20151210/d7367.0112.fits  0112       10504  strumu   40.00   1
/Users/lzj/bss/201512/20151210/d7367.0113.fits  0113       10868  strumu    3.00   1
/Users/lzj/bss/201512/20151210/d7367.0114.fits  0114       10868  strumu   40.00   1
/Users/lzj/bss/201512/20151210/d7367.0115.fits  0115       10505  strumu    3.00   1
/Users/lzj/bss/201512/20151210/d7367.0116.fits  0116       10505  strumu   40.00   1
/Users/lzj/bss/201512/20151210/d7367.0117.fits  0117       10869  strumu    3.00   1
/Users/lzj/bss/201512/20151210/d7367.0118.fits  0118       10869  strumu   40.00   1
/Users/lzj/bss/201512/20151210/d7367.0119.fits  0119       10506  strumu    3.00   1
/Users/lzj/bss/201512/20151210/d7367.0120.fits  0120       10506  strumu   40.00   1
/Users/lzj/bss/201512/20151210/d7367.0121.fits  0121       10870  strumu    3.00   1
/Users/lzj/bss/201512/20151210/d7367.0122.fits  0122       10870  strumu   40.00   1
/Users/lzj/bss/201512/20151210/d7367.0123.fits  0123       10507  strumu    3.00   1
/Users/lzj/bss/201512/20151210/d7367.0124.fits  0124       10507  strumu   40.00   1
/Users/lzj/bss/201512/20151210/d7367.0125.fits  0125       11233  strumu    3.00   1
/Users/lzj/bss/201512/20151210/d7367.0126.fits  0126       11233  strumu   40.00   1
/Users/lzj/bss/201512/20151210/d7367.0128.fits  0128       10737  strumv    3.00   1
/Users/lzj/bss/201512/20151210/d7367.0129.fits  0129       10737  strumv   40.00   1
/Users/lzj/bss/201512/20151210/d7367.0130.fits  0130       10738  strumv    3.00   1
/Users/lzj/bss/201512/20151210/d7367.0131.fits  0131       10738  strumv   40.00   1
/Users/lzj/bss/201512/20151210/d7367.0134.fits  0134       10871  strumu    3.00   1
/Users/lzj/bss/201512/20151210/d7367.0135.fits  0135       10871  strumu   40.00   1
/Users/lzj/bss/201512/20151210/d7367.0136.fits  0136       10508  strumu    3.00   1
/Users/lzj/bss/201512/20151210/d7367.0137.fits  0137       10508  strumu   40.00   1
/Users/lzj/bss/201512/20151210/d7367.0138.fits  0138       11234  strumu    3.00   1
/Users/lzj/bss/201512/20151210/d7367.0139.fits  0139       11234  strumu   40.00   1
/Users/lzj/bss/201512/20151210/d7367.0140.fits  0140       10872  strumu    3.00   1
/Users/lzj/bss/201512/20151210/d7367.0141.fits  0141       10872  strumu   40.00   1
/Users/lzj/bss/201512/20151210/d7367.0145.fits  0145       10509  strumu    3.00   1
/Users/lzj/bss/201512/20151210/d7367.0146.fits  0146       10509  strumu   40.00   1
/Users/lzj/bss/201512/20151210/d7367.0147.fits  0147       11235  strumu    3.00   1
/Users/lzj/bss/201512/20151210/d7367.0148.fits  0148       11235  strumu   40.00   1
/Users/lzj/bss/201512/20151210/d7367.0149.fits  0149       10873  strumu    3.00   1
/Users/lzj/bss/201512/20151210/d7367.0150.fits  0150       10873  strumu   40.00   1
/Users/lzj/bss/201512/20151210/d7367.0151.fits  0151       10510  strumu    3.00   1
/Users/lzj/bss/201512/20151210/d7367.0152.fits  0152       10510  strumu   40.00   1
/Users/lzj/bss/201512/20151210/d7367.0153.fits  0153       11236  strumu    3.00   1
/Users/lzj/bss/201512/20151210/d7367.0154.fits  0154       11236  strumu   40.00   1
/Users/lzj/bss/201512/20151210/d7367.0155.fits  0155       10874  strumu    3.00   1
/Users/lzj/bss/201512/20151210/d7367.0156.fits  0156       10874  strumu   40.00   1
/Users/lzj/bss/201512/20151210/d7367.0157.fits  0157       10511  strumu    3.00   1
/Users/lzj/bss/201512/20151210/d7367.0158.fits  0158       10511  strumu   40.00   1
/Users/lzj/bss/201512/20151210/d7367.0159.fits  0159       11237  strumu    3.00   1
/Users/lzj/bss/201512/20151210/d7367.0160.fits  0160       11237  strumu   40.00   1
/Users/lzj/bss/201512/20151210/d7367.0161.fits  0161       10875  strumu    3.00   1
/Users/lzj/bss/201512/20151210/d7367.0162.fits  0162       10875  strumu   40.00   1
/Users/lzj/bss/201512/20151210/d7367.0163.fits  0163       10512  strumu    3.00   1
/Users/lzj/bss/201512/20151210/d7367.0164.fits  0164       10512  strumu   40.00   1
/Users/lzj/bss/201512/20151210/d7367.0165.fits  0165       11238  strumu    3.00   1
/Users/lzj/bss/201512/20151210/d7367.0166.fits  0166       11238  strumu   40.00   1
/Users/lzj/bss/201512/20151210/d7367.0167.fits  0167       10876  strumu    3.00   1
/Users/lzj/bss/201512/20151210/d7367.0168.fits  0168       10876  strumu   40.00   1
/Users/lzj/bss/201512/20151210/d7367.0169.fits  0169       10513  strumu    3.00   1
/Users/lzj/bss/201512/20151210/d7367.0170.fits  0170       10513  strumu   40.00   1
/Users/lzj/bss/201512/20151210/d7367.0171.fits  0171       11239  strumu    3.00   1
/Users/lzj/bss/201512/20151210/d7367.0172.fits  0172       11239  strumu   40.00   1
/Users/lzj/bss/201512/20151210/d7367.0173.fits  0173       10877  strumu    3.00   1
/Users/lzj/bss/201512/20151210/d7367.0174.fits  0174       10877  strumu   40.00   1
/Users/lzj/bss/201512/20151210/d7367.0175.fits  0175       10514  strumu    3.00   1
/Users/lzj/bss/201512/20151210/d7367.0176.fits  0176       10514  strumu   40.00   1
/Users/lzj/bss/201512/20151210/d7367.0177.fits  0177       10878  strumu    3.00   1
/Users/lzj/bss/201512/20151210/d7367.0178.fits  0178       10878  strumu   40.00   1
/Users/lzj/bss/201512/20151210/d7367.0179.fits  0179       10515  strumu    3.00   1
/Users/lzj/bss/201512/20151210/d7367.0180.fits  0180       10515  strumu   40.00   1
/Users/lzj/bss/201512/20151210/d7367.0181.fits  0181       10879  strumu    3.00   1
/Users/lzj/bss/201512/20151210/d7367.0182.fits  0182       10879  strumu   40.00   1
/Users/lzj/bss/201512/20151210/d7367.0183.fits  0183       10516  strumu    3.00   1
/Users/lzj/bss/201512/20151210/d7367.0184.fits  0184       10516  strumu   40.00   1
/Users/lzj/bss/201512/20151210/d7367.0185.fits  0185       10880  strumu    3.00   1
/Users/lzj/bss/201512/20151210/d7367.0186.fits  0186       10880  strumu   40.00   1
/Users/lzj/bss/201512/20151210/d7367.0187.fits  0187       10517  strumu    3.00   1
/Users/lzj/bss/201512/20151210/d7367.0188.fits  0188       10517  strumu   40.00   1
/Users/lzj/bss/201512/20151210/d7367.0189.fits  0189       10881  strumu    3.00   1
/Users/lzj/bss/201512/20151210/d7367.0190.fits  0190       10881  strumu   40.00   1
/Users/lzj/bss/201512/20151210/d7367.0191.fits  0191       10518  strumu    3.00   1
/Users/lzj/bss/201512/20151210/d7367.0192.fits  0192       10518  strumu   40.00   1
/Users/lzj/bss/201512/20151210/d7367.0193.fits  0193       10882  strumu    3.00   1
/Users/lzj/bss/201512/20151210/d7367.0194.fits  0194       10882  strumu   40.00   1
/Users/lzj/bss/201512/20151210/d7367.0195.fits  0195       10519  strumu    3.00   1
/Users/lzj/bss/201512/20151210/d7367.0196.fits  0196       10519  strumu   40.00   1
/Users/lzj/bss/201512/20151210/d7367.0197.fits  0197       10883  strumu    3.00   1
/Users/lzj/bss/201512/20151210/d7367.0198.fits  0198       10883  strumu   40.00   1
/Users/lzj/bss/201512/20151210/d7367.0199.fits  0199       10520  strumu    3.00   1
/Users/lzj/bss/201512/20151210/d7367.0200.fits  0200       10520  strumu   40.00   1
/Users/lzj/bss/201512/20151210/d7367.0201.fits  0201       10884  strumu    3.00   1
/Users/lzj/bss/201512/20151210/d7367.0202.fits  0202       10884  strumu   40.00   1
/Users/lzj/bss/201512/20151210/d7367.0203.fits  0203       10521  strumu    3.00   1
/Users/lzj/bss/201512/20151210/d7367.0204.fits  0204       10521  strumu   40.00   1
/Users/lzj/bss/201512/20151210/d7367.0205.fits  0205       10885  strumu    3.00   1
/Users/lzj/bss/201512/20151210/d7367.0206.fits  0206       10885  strumu   40.00   1
/Users/lzj/bss/201512/20151210/d7367.0207.fits  0207       10522  strumu    3.00   1
/Users/lzj/bss/201512/20151210/d7367.0208.fits  0208       10522  strumu   40.00   1
/Users/lzj/bss/201512/20151210/d7367.0209.fits  0209       10886  strumu    3.00   1
/Users/lzj/bss/201512/20151210/d7367.0210.fits  0210       10886  strumu   40.00   1
/Users/lzj/bss/201512/20151210/d7367.0211.fits  0211       10523  strumu    3.00   1
/Users/lzj/bss/201512/20151210/d7367.0212.fits  0212       10523  strumu   40.00   1
/Users/lzj/bss/201512/20151210/d7367.0213.fits  0213       10887  strumu    3.00   1
/Users/lzj/bss/201512/20151210/d7367.0214.fits  0214       10887  strumu   40.00   1
/Users/lzj/bss/201512/20151210/d7367.0215.fits  0215       10524  strumu    3.00   1
/Users/lzj/bss/201512/20151210/d7367.0216.fits  0216       10524  strumu   40.00   1
/Users/lzj/bss/201512/20151210/d7367.0217.fits  0217       10888  strumu    3.00   1
/Users/lzj/bss/201512/20151210/d7367.0218.fits  0218       10888  strumu   40.00   1
/Users/lzj/bss/201512/20151210/d7367.0219.fits  0219       10525  strumu    3.00   1
/Users/lzj/bss/201512/20151210/d7367.0220.fits  0220       10525  strumu   40.00   1
/Users/lzj/bss/201512/20151210/d7367.0221.fits  0221       10889  strumu    3.00   1
/Users/lzj/bss/201512/20151210/d7367.0222.fits  0222       10889  strumu   40.00   1
/Users/lzj/bss/201512/20151210/d7367.0223.fits  0223       10526  strumu    3.00   1
/Users/lzj/bss/201512/20151210/d7367.0224.fits  0224       10526  strumu   40.00   1
/Users/lzj/bss/201512/20151210/d7367.0225.fits  0225       10890  strumu    3.00   1
/Users/lzj/bss/201512/20151210/d7367.0226.fits  0226       10890  strumu   40.00   1
/Users/lzj/bss/201512/20151210/d7367.0227.fits  0227       10527  strumu    3.00   1
/Users/lzj/bss/201512/20151210/d7367.0228.fits  0228       10527  strumu   40.00   1
/Users/lzj/bss/201512/20151210/d7367.0229.fits  0229       10528  strumu    3.00   1
/Users/lzj/bss/201512/20151210/d7367.0230.fits  0230       10528  strumu   40.00   1
/Users/lzj/bss/201512/20151210/d7367.0231.fits  0231       10529  strumu    3.00   1
/Users/lzj/bss/201512/20151210/d7367.0232.fits  0232       10529  strumu   40.00   1
/Users/lzj/bss/201512/20151210/d7367.0233.fits  0233       10530  strumu    3.00   1
/Users/lzj/bss/201512/20151210/d7367.0234.fits  0234       10530  strumu   40.00   1
/Users/lzj/bss/201512/20151210/d7367.0235.fits  0235       10531  strumu    3.00   1
/Users/lzj/bss/201512/20151210/d7367.0236.fits  0236       10531  strumu   40.00   1
/Users/lzj/bss/201512/20151210/d7367.0237.fits  0237       10532  strumu    3.00   1
/Users/lzj/bss/201512/20151210/d7367.0238.fits  0238       10532  strumu   40.00   1
/Users/lzj/bss/201512/20151210/d7367.0239.fits  0239       10533  strumu    3.00   1
/Users/lzj/bss/201512/20151210/d7367.0240.fits  0240       10533  strumu   40.00   1
/Users/lzj/bss/201512/20151210/d7367.0241.fits  0241       10534  strumu    3.00   1
/Users/lzj/bss/201512/20151210/d7367.0242.fits  0242       10534  strumu   40.00   1
/Users/lzj/bss/201512/20151210/d7367.0243.fits  0243       10898  strumu    3.00   1
/Users/lzj/bss/201512/20151210/d7367.0244.fits  0244       10898  strumu   40.00   1
/Users/lzj/bss/201512/20151210/d7367.0245.fits  0245       10535  strumu    3.00   1
/Users/lzj/bss/201512/20151210/d7367.0246.fits  0246       10535  strumu   40.00   1
/Users/lzj/bss/201512/20151210/d7367.0247.fits  0247       10899  strumu    3.00   1
/Users/lzj/bss/201512/20151210/d7367.0248.fits  0248       10899  strumu   40.00   1
/Users/lzj/bss/201512/20151210/d7367.0249.fits  0249       10536  strumv    3.00   1
/Users/lzj/bss/201512/20151210/d7367.0250.fits  0250       10536  strumv   40.00   1
/Users/lzj/bss/201512/20151210/d7367.0251.fits  0251       10900  strumv    3.00   1
/Users/lzj/bss/201512/20151210/d7367.0252.fits  0252       10900  strumv   40.00   1
/Users/lzj/bss/201512/20151210/d7367.0258.fits  0258       10536  strumu    3.00   1
/Users/lzj/bss/201512/20151210/d7367.0259.fits  0259       10536  strumu   40.00   1
/Users/lzj/bss/201512/20151210/d7367.0260.fits  0260       10900  strumu    3.00   1
/Users/lzj/bss/201512/20151210/d7367.0261.fits  0261       10900  strumu   40.00   1
/Users/lzj/bss/201512/20151210/d7367.0262.fits  0262       10537  strumu    3.00   1
/Users/lzj/bss/201512/20151210/d7367.0263.fits  0263       10537  strumu   40.00   1
/Users/lzj/bss/201512/20151210/d7367.0264.fits  0264       10901  strumu    3.00   1
/Users/lzj/bss/201512/20151210/d7367.0265.fits  0265       10901  strumu   40.00   1
/Users/lzj/bss/201512/20151210/d7367.0266.fits  0266       10538  strumu    3.00   1
/Users/lzj/bss/201512/20151210/d7367.0267.fits  0267       10538  strumu   40.00   1
/Users/lzj/bss/201512/20151210/d7367.0268.fits  0268       10902  strumu    3.00   1
/Users/lzj/bss/201512/20151210/d7367.0269.fits  0269       10902  strumu   40.00   1
/Users/lzj/bss/201512/20151210/d7367.0270.fits  0270       10539  strumu    3.00   1
/Users/lzj/bss/201512/20151210/d7367.0271.fits  0271       10539  strumu   40.00   1
/Users/lzj/bss/201512/20151210/d7367.0272.fits  0272       10903  strumu    3.00   1
/Users/lzj/bss/201512/20151210/d7367.0273.fits  0273       10903  strumu   40.00   1
/Users/lzj/bss/201512/20151210/d7367.0274.fits  0274       10540  strumu    3.00   1
/Users/lzj/bss/201512/20151210/d7367.0275.fits  0275       10540  strumu   40.00   1
/Users/lzj/bss/201512/20151210/d7367.0276.fits  0276       10904  strumu    3.00   1
/Users/lzj/bss/201512/20151210/d7367.0277.fits  0277       10904  strumu   40.00   1
/Users/lzj/bss/201512/20151210/d7367.0278.fits  0278       10541  strumu    3.00   1
/Users/lzj/bss/201512/20151210/d7367.0279.fits  0279       10541  strumu   40.00   1
/Users/lzj/bss/201512/20151210/d7367.0280.fits  0280       10542  strumu    3.00   1
/Users/lzj/bss/201512/20151210/d7367.0281.fits  0281       10542  strumu   40.00   1
/Users/lzj/bss/201512/20151210/d7367.0282.fits  0282       10543  strumu    3.00   1
/Users/lzj/bss/201512/20151210/d7367.0283.fits  0283       10543  strumu   40.00   1
/Users/lzj/bss/201512/20151210/d7367.0284.fits  0284       10544  strumu    3.00   1
/Users/lzj/bss/201512/20151210/d7367.0285.fits  0285       10544  strumu   40.00   1
/Users/lzj/bss/201512/20151210/d7367.0286.fits  0286       10545  strumu    3.00   1
/Users/lzj/bss/201512/20151210/d7367.0287.fits  0287       10545  strumu   40.00   1
/Users/lzj/bss/201512/20151210/d7367.0288.fits  0288       10546  strumu    3.00   1
/Users/lzj/bss/201512/20151210/d7367.0289.fits  0289       10546  strumu   40.00   1
/Users/lzj/bss/201512/20151210/d7367.0290.fits  0290       10547  strumu    3.00   1
/Users/lzj/bss/201512/20151210/d7367.0291.fits  0291       10547  strumu   40.00   1
