/Users/lzj/bss/201512/20151209/cai7366.0078.fits  0078   J0112_p01       B  900.00   1
/Users/lzj/bss/201512/20151209/cai7366.0079.fits  0079   J0112_p02       B  900.00   1
/Users/lzj/bss/201512/20151209/cai7366.0080.fits  0080   J0112_p03       B  900.00   1
/Users/lzj/bss/201512/20151209/cai7366.0081.fits  0081   J0112_p04       B  900.00   1
/Users/lzj/bss/201512/20151209/cai7366.0082.fits  0082   J0112_p05       B  900.00   1
/Users/lzj/bss/201512/20151209/cai7366.0084.fits  0084   J0112_p01       B  900.00   1
/Users/lzj/bss/201512/20151209/cai7366.0086.fits  0086   J0112_p01   zheng  900.00   1
/Users/lzj/bss/201512/20151209/cai7366.0087.fits  0087   J0112_p02   zheng  900.00   1
/Users/lzj/bss/201512/20151209/cai7366.0088.fits  0088   J0112_p03   zheng  900.00   1
/Users/lzj/bss/201512/20151209/d7366.0016.fits  0016       10749  strumu    3.00   1
/Users/lzj/bss/201512/20151209/d7366.0017.fits  0017       10749  strumu   40.00   1
/Users/lzj/bss/201512/20151209/d7366.0018.fits  0018       10750  strumu    3.00   1
/Users/lzj/bss/201512/20151209/d7366.0019.fits  0019       10750  strumu   40.00   1
/Users/lzj/bss/201512/20151209/d7366.0020.fits  0020       10751  strumu    3.00   1
/Users/lzj/bss/201512/20151209/d7366.0021.fits  0021       10751  strumu   40.00   1
/Users/lzj/bss/201512/20151209/d7366.0022.fits  0022       10752  strumu    3.00   1
/Users/lzj/bss/201512/20151209/d7366.0023.fits  0023       10752  strumu   40.00   1
/Users/lzj/bss/201512/20151209/d7366.0024.fits  0024       10753  strumu    3.00   1
/Users/lzj/bss/201512/20151209/d7366.0025.fits  0025       10753  strumu   40.00   1
/Users/lzj/bss/201512/20151209/d7366.0026.fits  0026       10754  strumu    3.00   1
/Users/lzj/bss/201512/20151209/d7366.0027.fits  0027       10754  strumu   40.00   1
/Users/lzj/bss/201512/20151209/d7366.0028.fits  0028       10755  strumu    3.00   1
/Users/lzj/bss/201512/20151209/d7366.0029.fits  0029       10755  strumu   40.00   1
/Users/lzj/bss/201512/20151209/d7366.0030.fits  0030       10763  strumu    3.00   1
/Users/lzj/bss/201512/20151209/d7366.0031.fits  0031       10763  strumu   40.00   1
/Users/lzj/bss/201512/20151209/d7366.0032.fits  0032       10764  strumu    3.00   1
/Users/lzj/bss/201512/20151209/d7366.0033.fits  0033       10764  strumu   40.00   1
/Users/lzj/bss/201512/20151209/d7366.0034.fits  0034       10765  strumu    3.00   1
/Users/lzj/bss/201512/20151209/d7366.0035.fits  0035       10765  strumu   40.00   1
/Users/lzj/bss/201512/20151209/d7366.0036.fits  0036       10766  strumu    3.00   1
/Users/lzj/bss/201512/20151209/d7366.0037.fits  0037       10766  strumu   40.00   1
/Users/lzj/bss/201512/20151209/d7366.0038.fits  0038       10403  strumu    3.00   1
/Users/lzj/bss/201512/20151209/d7366.0039.fits  0039       10403  strumu   40.00   1
/Users/lzj/bss/201512/20151209/d7366.0040.fits  0040       10767  strumu    3.00   1
/Users/lzj/bss/201512/20151209/d7366.0041.fits  0041       10767  strumu   40.00   1
/Users/lzj/bss/201512/20151209/d7366.0042.fits  0042       10404  strumu    3.00   1
/Users/lzj/bss/201512/20151209/d7366.0043.fits  0043       10404  strumu   40.00   1
/Users/lzj/bss/201512/20151209/d7366.0044.fits  0044       10768  strumu    3.00   1
/Users/lzj/bss/201512/20151209/d7366.0045.fits  0045       10768  strumu   40.00   1
/Users/lzj/bss/201512/20151209/d7366.0046.fits  0046       10405  strumu    3.00   1
/Users/lzj/bss/201512/20151209/d7366.0047.fits  0047       10405  strumu   40.00   1
/Users/lzj/bss/201512/20151209/d7366.0048.fits  0048       10769  strumu    3.00   1
/Users/lzj/bss/201512/20151209/d7366.0049.fits  0049       10769  strumu   40.00   1
/Users/lzj/bss/201512/20151209/d7366.0050.fits  0050       10406  strumu    3.00   1
/Users/lzj/bss/201512/20151209/d7366.0051.fits  0051       10406  strumu   40.00   1
/Users/lzj/bss/201512/20151209/d7366.0052.fits  0052       10770  strumu    3.00   1
/Users/lzj/bss/201512/20151209/d7366.0053.fits  0053       10770  strumu   40.00   1
/Users/lzj/bss/201512/20151209/d7366.0054.fits  0054       10407  strumu    3.00   1
/Users/lzj/bss/201512/20151209/d7366.0055.fits  0055       10407  strumu   40.00   1
/Users/lzj/bss/201512/20151209/d7366.0056.fits  0056       10771  strumu    3.00   1
/Users/lzj/bss/201512/20151209/d7366.0057.fits  0057       10771  strumu   40.00   1
/Users/lzj/bss/201512/20151209/d7366.0058.fits  0058       10408  strumu    3.00   1
/Users/lzj/bss/201512/20151209/d7366.0059.fits  0059       10408  strumu   40.00   1
/Users/lzj/bss/201512/20151209/d7366.0060.fits  0060       10772  strumu    3.00   1
/Users/lzj/bss/201512/20151209/d7366.0061.fits  0061       10772  strumu   40.00   1
/Users/lzj/bss/201512/20151209/d7366.0062.fits  0062       10409  strumu    3.00   1
/Users/lzj/bss/201512/20151209/d7366.0063.fits  0063       10409  strumu   40.00   1
/Users/lzj/bss/201512/20151209/d7366.0064.fits  0064       10773  strumu    3.00   1
/Users/lzj/bss/201512/20151209/d7366.0065.fits  0065       10773  strumu   40.00   1
/Users/lzj/bss/201512/20151209/d7366.0066.fits  0066       10410  strumu    3.00   1
/Users/lzj/bss/201512/20151209/d7366.0067.fits  0067       10410  strumu   40.00   1
/Users/lzj/bss/201512/20151209/d7366.0068.fits  0068       10774  strumu    3.00   1
/Users/lzj/bss/201512/20151209/d7366.0069.fits  0069       10774  strumu   40.00   1
/Users/lzj/bss/201512/20151209/d7366.0070.fits  0070       10411  strumu    3.00   1
/Users/lzj/bss/201512/20151209/d7366.0071.fits  0071       10411  strumu   40.00   1
/Users/lzj/bss/201512/20151209/d7366.0072.fits  0072       10774  strumv    3.00   1
/Users/lzj/bss/201512/20151209/d7366.0073.fits  0073       10774  strumv   40.00   1
/Users/lzj/bss/201512/20151209/d7366.0074.fits  0074       10411  strumv    3.00   1
/Users/lzj/bss/201512/20151209/d7366.0075.fits  0075       10411  strumv   40.00   1
/Users/lzj/bss/201512/20151209/d7366.0090.fits  0090       10455  strumu    3.00   1
/Users/lzj/bss/201512/20151209/d7366.0091.fits  0091       10455  strumu   40.00   1
/Users/lzj/bss/201512/20151209/d7366.0092.fits  0092       10819  strumu    3.00   1
/Users/lzj/bss/201512/20151209/d7366.0093.fits  0093       10819  strumu   40.00   1
/Users/lzj/bss/201512/20151209/d7366.0094.fits  0094       10456  strumu    3.00   1
/Users/lzj/bss/201512/20151209/d7366.0095.fits  0095       10456  strumu   40.00   1
/Users/lzj/bss/201512/20151209/d7366.0096.fits  0096       10820  strumu    3.00   1
/Users/lzj/bss/201512/20151209/d7366.0097.fits  0097       10820  strumu   40.00   1
/Users/lzj/bss/201512/20151209/d7366.0098.fits  0098       10457  strumu    3.00   1
/Users/lzj/bss/201512/20151209/d7366.0099.fits  0099       10457  strumu   40.00   1
/Users/lzj/bss/201512/20151209/d7366.0100.fits  0100       10821  strumu    3.00   1
/Users/lzj/bss/201512/20151209/d7366.0101.fits  0101       10821  strumu   40.00   1
/Users/lzj/bss/201512/20151209/d7366.0102.fits  0102       10458  strumu    3.00   1
/Users/lzj/bss/201512/20151209/d7366.0103.fits  0103       10458  strumu   40.00   1
/Users/lzj/bss/201512/20151209/d7366.0104.fits  0104       10822  strumu    3.00   1
/Users/lzj/bss/201512/20151209/d7366.0105.fits  0105       10822  strumu   40.00   1
/Users/lzj/bss/201512/20151209/d7366.0106.fits  0106       10459  strumu    3.00   1
/Users/lzj/bss/201512/20151209/d7366.0107.fits  0107       10459  strumu   40.00   1
/Users/lzj/bss/201512/20151209/d7366.0108.fits  0108       10823  strumu    3.00   1
/Users/lzj/bss/201512/20151209/d7366.0109.fits  0109       10823  strumu   40.00   1
/Users/lzj/bss/201512/20151209/d7366.0110.fits  0110       10460  strumu    3.00   1
/Users/lzj/bss/201512/20151209/d7366.0111.fits  0111       10460  strumu   40.00   1
/Users/lzj/bss/201512/20151209/d7366.0112.fits  0112       10824  strumu    3.00   1
/Users/lzj/bss/201512/20151209/d7366.0113.fits  0113       10824  strumu   40.00   1
/Users/lzj/bss/201512/20151209/d7366.0114.fits  0114       10461  strumu    3.00   1
/Users/lzj/bss/201512/20151209/d7366.0115.fits  0115       10461  strumu   40.00   1
/Users/lzj/bss/201512/20151209/d7366.0116.fits  0116       10825  strumu    3.00   1
/Users/lzj/bss/201512/20151209/d7366.0117.fits  0117       10825  strumu   40.00   1
/Users/lzj/bss/201512/20151209/d7366.0118.fits  0118       10462  strumu    3.00   1
/Users/lzj/bss/201512/20151209/d7366.0119.fits  0119       10462  strumu   40.00   1
/Users/lzj/bss/201512/20151209/d7366.0120.fits  0120       10463  strumu    3.00   1
/Users/lzj/bss/201512/20151209/d7366.0121.fits  0121       10463  strumu   40.00   1
/Users/lzj/bss/201512/20151209/d7366.0122.fits  0122       10464  strumu    3.00   1
/Users/lzj/bss/201512/20151209/d7366.0123.fits  0123       10464  strumu   40.00   1
/Users/lzj/bss/201512/20151209/d7366.0124.fits  0124       10465  strumu    3.00   1
/Users/lzj/bss/201512/20151209/d7366.0125.fits  0125       10465  strumu   40.00   1
/Users/lzj/bss/201512/20151209/d7366.0126.fits  0126       10466  strumu    3.00   1
/Users/lzj/bss/201512/20151209/d7366.0127.fits  0127       10466  strumu   40.00   1
/Users/lzj/bss/201512/20151209/d7366.0128.fits  0128       10467  strumu    3.00   1
/Users/lzj/bss/201512/20151209/d7366.0129.fits  0129       10467  strumu   40.00   1
/Users/lzj/bss/201512/20151209/d7366.0130.fits  0130       10468  strumu    3.00   1
/Users/lzj/bss/201512/20151209/d7366.0131.fits  0131       10468  strumu   40.00   1
/Users/lzj/bss/201512/20151209/d7366.0132.fits  0132       10469  strumu    3.00   1
/Users/lzj/bss/201512/20151209/d7366.0133.fits  0133       10469  strumu   40.00   1
/Users/lzj/bss/201512/20151209/d7366.0134.fits  0134       10470  strumu    3.00   1
/Users/lzj/bss/201512/20151209/d7366.0135.fits  0135       10470  strumu   40.00   1
/Users/lzj/bss/201512/20151209/d7366.0136.fits  0136       10471  strumu    3.00   1
/Users/lzj/bss/201512/20151209/d7366.0137.fits  0137       10471  strumu   40.00   1
/Users/lzj/bss/201512/20151209/d7366.0138.fits  0138       10472  strumu    3.00   1
/Users/lzj/bss/201512/20151209/d7366.0139.fits  0139       10472  strumu   40.00   1
/Users/lzj/bss/201512/20151209/d7366.0140.fits  0140       10473  strumu    3.00   1
/Users/lzj/bss/201512/20151209/d7366.0141.fits  0141       10473  strumu   40.00   1
/Users/lzj/bss/201512/20151209/d7366.0142.fits  0142       10474  strumu    3.00   1
/Users/lzj/bss/201512/20151209/d7366.0143.fits  0143       10474  strumu   40.00   1
/Users/lzj/bss/201512/20151209/d7366.0144.fits  0144       10475  strumu    3.00   1
/Users/lzj/bss/201512/20151209/d7366.0145.fits  0145       10475  strumu   40.00   1
/Users/lzj/bss/201512/20151209/d7366.0146.fits  0146       10476  strumu    3.00   1
/Users/lzj/bss/201512/20151209/d7366.0147.fits  0147       10476  strumu   40.00   1
/Users/lzj/bss/201512/20151209/d7366.0148.fits  0148       10477  strumu    3.00   1
/Users/lzj/bss/201512/20151209/d7366.0149.fits  0149       10477  strumu   40.00   1
/Users/lzj/bss/201512/20151209/d7366.0150.fits  0150       10478  strumu    3.00   1
/Users/lzj/bss/201512/20151209/d7366.0151.fits  0151       10478  strumu   40.00   1
/Users/lzj/bss/201512/20151209/d7366.0152.fits  0152       10479  strumu    3.00   1
/Users/lzj/bss/201512/20151209/d7366.0153.fits  0153       10479  strumu   40.00   1
/Users/lzj/bss/201512/20151209/d7366.0154.fits  0154       10480  strumu    3.00   1
/Users/lzj/bss/201512/20151209/d7366.0155.fits  0155       10480  strumu   40.00   1
/Users/lzj/bss/201512/20151209/d7366.0156.fits  0156       10481  strumu    3.00   1
/Users/lzj/bss/201512/20151209/d7366.0157.fits  0157       10481  strumu   40.00   1
/Users/lzj/bss/201512/20151209/d7366.0158.fits  0158       10482  strumu    3.00   1
/Users/lzj/bss/201512/20151209/d7366.0159.fits  0159       10482  strumu   40.00   1
/Users/lzj/bss/201512/20151209/d7366.0160.fits  0160       10483  strumu    3.00   1
/Users/lzj/bss/201512/20151209/d7366.0161.fits  0161       10483  strumu   40.00   1
/Users/lzj/bss/201512/20151209/d7366.0162.fits  0162       10484  strumu    3.00   1
/Users/lzj/bss/201512/20151209/d7366.0163.fits  0163       10484  strumu   40.00   1
/Users/lzj/bss/201512/20151209/d7366.0164.fits  0164       10485  strumu    3.00   1
/Users/lzj/bss/201512/20151209/d7366.0165.fits  0165       10485  strumu   40.00   1
/Users/lzj/bss/201512/20151209/d7366.0166.fits  0166       10486  strumu    3.00   1
/Users/lzj/bss/201512/20151209/d7366.0167.fits  0167       10486  strumu   40.00   1
/Users/lzj/bss/201512/20151209/d7366.0168.fits  0168       10487  strumu    3.00   1
/Users/lzj/bss/201512/20151209/d7366.0169.fits  0169       10487  strumu   40.00   1
/Users/lzj/bss/201512/20151209/d7366.0170.fits  0170       10488  strumu    3.00   1
/Users/lzj/bss/201512/20151209/d7366.0171.fits  0171       10488  strumu   40.00   1
/Users/lzj/bss/201512/20151209/d7366.0172.fits  0172       10489  strumu    3.00   1
/Users/lzj/bss/201512/20151209/d7366.0173.fits  0173       10489  strumu   40.00   1
/Users/lzj/bss/201512/20151209/d7366.0174.fits  0174       10490  strumu    3.00   1
/Users/lzj/bss/201512/20151209/d7366.0175.fits  0175       10490  strumu   40.00   1
/Users/lzj/bss/201512/20151209/d7366.0176.fits  0176       10854  strumu    3.00   1
/Users/lzj/bss/201512/20151209/d7366.0177.fits  0177       10854  strumu   40.00   1
/Users/lzj/bss/201512/20151209/d7366.0178.fits  0178       10491  strumu    3.00   1
/Users/lzj/bss/201512/20151209/d7366.0179.fits  0179       10491  strumu   40.00   1
/Users/lzj/bss/201512/20151209/d7366.0180.fits  0180       10855  strumu    3.00   1
/Users/lzj/bss/201512/20151209/d7366.0181.fits  0181       10855  strumu   40.00   1
/Users/lzj/bss/201512/20151209/d7366.0182.fits  0182       10492  strumu    3.00   1
/Users/lzj/bss/201512/20151209/d7366.0183.fits  0183       10492  strumu   40.00   1
/Users/lzj/bss/201512/20151209/d7366.0184.fits  0184       10856  strumu    3.00   1
/Users/lzj/bss/201512/20151209/d7366.0185.fits  0185       10856  strumu   40.00   1
/Users/lzj/bss/201512/20151209/d7366.0186.fits  0186       10493  strumu    3.00   1
/Users/lzj/bss/201512/20151209/d7366.0187.fits  0187       10493  strumu   40.00   1
/Users/lzj/bss/201512/20151209/d7366.0188.fits  0188       10857  strumu    3.00   1
/Users/lzj/bss/201512/20151209/d7366.0189.fits  0189       10857  strumu   40.00   1
/Users/lzj/bss/201512/20151209/d7366.0190.fits  0190       10494  strumu    3.00   1
/Users/lzj/bss/201512/20151209/d7366.0191.fits  0191       10494  strumu   40.00   1
/Users/lzj/bss/201512/20151209/d7366.0192.fits  0192       10858  strumu    3.00   1
/Users/lzj/bss/201512/20151209/d7366.0193.fits  0193       10858  strumu   40.00   1
/Users/lzj/bss/201512/20151209/d7366.0194.fits  0194       10495  strumu    3.00   1
/Users/lzj/bss/201512/20151209/d7366.0195.fits  0195       10495  strumu   40.00   1
/Users/lzj/bss/201512/20151209/d7366.0197.fits  0197       10858  strumv    3.00   1
/Users/lzj/bss/201512/20151209/d7366.0198.fits  0198       10858  strumv   40.00   1
/Users/lzj/bss/201512/20151209/d7366.0199.fits  0199       10495  strumv    3.00   1
/Users/lzj/bss/201512/20151209/d7366.0200.fits  0200       10495  strumv   40.00   1
/Users/lzj/bss/201512/20151209/d7366.0203.fits  0203       10859  strumu    3.00   1
/Users/lzj/bss/201512/20151209/d7366.0204.fits  0204       10859  strumu   40.00   1
/Users/lzj/bss/201512/20151209/d7366.0205.fits  0205       10496  strumu    3.00   1
/Users/lzj/bss/201512/20151209/d7366.0206.fits  0206       10496  strumu   40.00   1
/Users/lzj/bss/201512/20151209/d7366.0207.fits  0207       10860  strumu    3.00   1
/Users/lzj/bss/201512/20151209/d7366.0208.fits  0208       10860  strumu   40.00   1
/Users/lzj/bss/201512/20151209/d7366.0209.fits  0209       10497  strumu    3.00   1
/Users/lzj/bss/201512/20151209/d7366.0210.fits  0210       10497  strumu   40.00   1
/Users/lzj/bss/201512/20151209/d7366.0211.fits  0211       10861  strumu    3.00   1
/Users/lzj/bss/201512/20151209/d7366.0212.fits  0212       10861  strumu   40.00   1
/Users/lzj/bss/201512/20151209/d7366.0213.fits  0213       10498  strumu    3.00   1
/Users/lzj/bss/201512/20151209/d7366.0214.fits  0214       10498  strumu   40.00   1
/Users/lzj/bss/201512/20151209/d7366.0215.fits  0215       10862  strumu    3.00   1
/Users/lzj/bss/201512/20151209/d7366.0216.fits  0216       10862  strumu   40.00   1
/Users/lzj/bss/201512/20151209/d7366.0217.fits  0217       10499  strumu    3.00   1
/Users/lzj/bss/201512/20151209/d7366.0218.fits  0218       10499  strumu   40.00   1
/Users/lzj/bss/201512/20151209/d7366.0219.fits  0219       10863  strumu    3.00   1
/Users/lzj/bss/201512/20151209/d7366.0220.fits  0220       10863  strumu   40.00   1
/Users/lzj/bss/201512/20151209/d7366.0221.fits  0221       10500  strumu    3.00   1
/Users/lzj/bss/201512/20151209/d7366.0222.fits  0222       10500  strumu   40.00   1
/Users/lzj/bss/201512/20151209/d7366.0223.fits  0223       10864  strumu    3.00   1
/Users/lzj/bss/201512/20151209/d7366.0224.fits  0224       10864  strumu   40.00   1
/Users/lzj/bss/201512/20151209/d7366.0225.fits  0225       10501  strumu    3.00   1
/Users/lzj/bss/201512/20151209/d7366.0226.fits  0226       10501  strumu   40.00   1
/Users/lzj/bss/201512/20151209/d7366.0227.fits  0227       10865  strumu    3.00   1
/Users/lzj/bss/201512/20151209/d7366.0228.fits  0228       10865  strumu   40.00   1
/Users/lzj/bss/201512/20151209/d7366.0229.fits  0229       10502  strumu    3.00   1
/Users/lzj/bss/201512/20151209/d7366.0230.fits  0230       10502  strumu   40.00   1
/Users/lzj/bss/201512/20151209/d7366.0231.fits  0231       10866  strumu    3.00   1
/Users/lzj/bss/201512/20151209/d7366.0232.fits  0232       10866  strumu   40.00   1
/Users/lzj/bss/201512/20151209/d7366.0233.fits  0233       10503  strumu    3.00   1
/Users/lzj/bss/201512/20151209/d7366.0234.fits  0234       10503  strumu   40.00   1
/Users/lzj/bss/201512/20151209/d7366.0235.fits  0235       10867  strumu    3.00   1
/Users/lzj/bss/201512/20151209/d7366.0236.fits  0236       10867  strumu   40.00   1
/Users/lzj/bss/201512/20151209/d7366.0237.fits  0237       10504  strumu    3.00   1
/Users/lzj/bss/201512/20151209/d7366.0238.fits  0238       10504  strumu   40.00   1
/Users/lzj/bss/201512/20151209/d7366.0239.fits  0239       10868  strumu    3.00   1
/Users/lzj/bss/201512/20151209/d7366.0240.fits  0240       10868  strumu   40.00   1
/Users/lzj/bss/201512/20151209/d7366.0241.fits  0241       10505  strumu    3.00   1
/Users/lzj/bss/201512/20151209/d7366.0242.fits  0242       10505  strumu   40.00   1
/Users/lzj/bss/201512/20151209/d7366.0243.fits  0243       10869  strumu    3.00   1
/Users/lzj/bss/201512/20151209/d7366.0244.fits  0244       10869  strumu   40.00   1
/Users/lzj/bss/201512/20151209/d7366.0245.fits  0245       10506  strumu    3.00   1
/Users/lzj/bss/201512/20151209/d7366.0246.fits  0246       10506  strumu   40.00   1
/Users/lzj/bss/201512/20151209/d7366.0247.fits  0247       10870  strumu    3.00   1
/Users/lzj/bss/201512/20151209/d7366.0248.fits  0248       10870  strumu   40.00   1
/Users/lzj/bss/201512/20151209/d7366.0249.fits  0249       10507  strumu    3.00   1
/Users/lzj/bss/201512/20151209/d7366.0250.fits  0250       10507  strumu   40.00   1
/Users/lzj/bss/201512/20151209/d7366.0251.fits  0251       11233  strumu    3.00   1
/Users/lzj/bss/201512/20151209/d7366.0252.fits  0252       11233  strumu   40.00   1
/Users/lzj/bss/201512/20151209/d7366.0253.fits  0253       10871  strumu    3.00   1
/Users/lzj/bss/201512/20151209/d7366.0254.fits  0254       10871  strumu   40.00   1
/Users/lzj/bss/201512/20151209/d7366.0255.fits  0255       10508  strumu    3.00   1
/Users/lzj/bss/201512/20151209/d7366.0256.fits  0256       10508  strumu   40.00   1
/Users/lzj/bss/201512/20151209/d7366.0257.fits  0257       11234  strumu    3.00   1
/Users/lzj/bss/201512/20151209/d7366.0258.fits  0258       11234  strumu   40.00   1
/Users/lzj/bss/201512/20151209/d7366.0259.fits  0259       10872  strumu    3.00   1
/Users/lzj/bss/201512/20151209/d7366.0260.fits  0260       10872  strumu   40.00   1
/Users/lzj/bss/201512/20151209/d7366.0261.fits  0261       10509  strumu    3.00   1
/Users/lzj/bss/201512/20151209/d7366.0262.fits  0262       10509  strumu   40.00   1
/Users/lzj/bss/201512/20151209/d7366.0263.fits  0263       11235  strumu    3.00   1
/Users/lzj/bss/201512/20151209/d7366.0266.fits  0266       10509  strumu    3.00   1
/Users/lzj/bss/201512/20151209/d7366.0267.fits  0267       10509  strumu   40.00   1
/Users/lzj/bss/201512/20151209/d7366.0268.fits  0268       11235  strumu    3.00   1
/Users/lzj/bss/201512/20151209/d7366.0269.fits  0269       11235  strumu   40.00   1
/Users/lzj/bss/201512/20151209/d7366.0270.fits  0270       10873  strumu    3.00   1
/Users/lzj/bss/201512/20151209/d7366.0271.fits  0271       10873  strumu   40.00   1
/Users/lzj/bss/201512/20151209/d7366.0272.fits  0272       10510  strumu    3.00   1
/Users/lzj/bss/201512/20151209/d7366.0273.fits  0273       10510  strumu   40.00   1
/Users/lzj/bss/201512/20151209/d7366.0274.fits  0274       11236  strumu    3.00   1
/Users/lzj/bss/201512/20151209/d7366.0275.fits  0275       11236  strumu   40.00   1
/Users/lzj/bss/201512/20151209/d7366.0277.fits  0277       10510  strumv    3.00   1
/Users/lzj/bss/201512/20151209/d7366.0278.fits  0278       10510  strumv   40.00   1
/Users/lzj/bss/201512/20151209/d7366.0279.fits  0279       11236  strumv    3.00   1
/Users/lzj/bss/201512/20151209/d7366.0280.fits  0280       11236  strumv   40.00   1
/Users/lzj/bss/201512/20151209/d7366.0282.fits  0282       10874  strumu    3.00   1
/Users/lzj/bss/201512/20151209/d7366.0283.fits  0283       10874  strumu   40.00   1
/Users/lzj/bss/201512/20151209/d7366.0284.fits  0284       10511  strumu    3.00   1
/Users/lzj/bss/201512/20151209/d7366.0285.fits  0285       10511  strumu   40.00   1
/Users/lzj/bss/201512/20151209/d7366.0286.fits  0286       11237  strumu    3.00   1
/Users/lzj/bss/201512/20151209/d7366.0287.fits  0287       11237  strumu   40.00   1
/Users/lzj/bss/201512/20151209/d7366.0288.fits  0288       10875  strumu    3.00   1
/Users/lzj/bss/201512/20151209/d7366.0289.fits  0289       10875  strumu   40.00   1
/Users/lzj/bss/201512/20151209/d7366.0290.fits  0290       10512  strumu    3.00   1
/Users/lzj/bss/201512/20151209/d7366.0291.fits  0291       10512  strumu   40.00   1
/Users/lzj/bss/201512/20151209/d7366.0292.fits  0292       11238  strumu    3.00   1
/Users/lzj/bss/201512/20151209/d7366.0293.fits  0293       11238  strumu   40.00   1
/Users/lzj/bss/201512/20151209/d7366.0294.fits  0294       10876  strumu    3.00   1
/Users/lzj/bss/201512/20151209/d7366.0295.fits  0295       10876  strumu   40.00   1
/Users/lzj/bss/201512/20151209/d7366.0296.fits  0296       10513  strumu    3.00   1
/Users/lzj/bss/201512/20151209/d7366.0297.fits  0297       10513  strumu   40.00   1
/Users/lzj/bss/201512/20151209/d7366.0298.fits  0298       11239  strumu    3.00   1
/Users/lzj/bss/201512/20151209/d7366.0299.fits  0299       11239  strumu   40.00   1
/Users/lzj/bss/201512/20151209/d7366.0300.fits  0300       10877  strumu    3.00   1
/Users/lzj/bss/201512/20151209/d7366.0301.fits  0301       10877  strumu   40.00   1
/Users/lzj/bss/201512/20151209/d7366.0302.fits  0302       10514  strumu    3.00   1
/Users/lzj/bss/201512/20151209/d7366.0303.fits  0303       10514  strumu   40.00   1
/Users/lzj/bss/201512/20151209/d7366.0304.fits  0304       10878  strumu    3.00   1
/Users/lzj/bss/201512/20151209/d7366.0305.fits  0305       10878  strumu   40.00   1
/Users/lzj/bss/201512/20151209/d7366.0306.fits  0306       10515  strumu    3.00   1
/Users/lzj/bss/201512/20151209/d7366.0307.fits  0307       10515  strumu   40.00   1
/Users/lzj/bss/201512/20151209/d7366.0308.fits  0308       10879  strumu    3.00   1
/Users/lzj/bss/201512/20151209/d7366.0309.fits  0309       10879  strumu   40.00   1
/Users/lzj/bss/201512/20151209/d7366.0310.fits  0310       10516  strumu    3.00   1
/Users/lzj/bss/201512/20151209/d7366.0311.fits  0311       10516  strumu   40.00   1
/Users/lzj/bss/201512/20151209/d7366.0312.fits  0312       10880  strumu    3.00   1
/Users/lzj/bss/201512/20151209/d7366.0313.fits  0313       10880  strumu   40.00   1
/Users/lzj/bss/201512/20151209/d7366.0314.fits  0314       10517  strumu    3.00   1
/Users/lzj/bss/201512/20151209/d7366.0315.fits  0315       10517  strumu   40.00   1
/Users/lzj/bss/201512/20151209/d7366.0316.fits  0316       10881  strumu    3.00   1
/Users/lzj/bss/201512/20151209/d7366.0317.fits  0317       10881  strumu   40.00   1
/Users/lzj/bss/201512/20151209/d7366.0318.fits  0318       10518  strumu    3.00   1
/Users/lzj/bss/201512/20151209/d7366.0319.fits  0319       10518  strumu   40.00   1
/Users/lzj/bss/201512/20151209/d7366.0320.fits  0320       10882  strumu    3.00   1
/Users/lzj/bss/201512/20151209/d7366.0321.fits  0321       10882  strumu   40.00   1
/Users/lzj/bss/201512/20151209/d7366.0322.fits  0322       10519  strumu    3.00   1
/Users/lzj/bss/201512/20151209/d7366.0323.fits  0323       10519  strumu   40.00   1
/Users/lzj/bss/201512/20151209/d7366.0324.fits  0324       10883  strumu    3.00   1
/Users/lzj/bss/201512/20151209/d7366.0325.fits  0325       10883  strumu   40.00   1
/Users/lzj/bss/201512/20151209/d7366.0326.fits  0326       10520  strumu    3.00   1
/Users/lzj/bss/201512/20151209/d7366.0327.fits  0327       10520  strumu   40.00   1
/Users/lzj/bss/201512/20151209/d7366.0328.fits  0328       10884  strumu    3.00   1
/Users/lzj/bss/201512/20151209/d7366.0329.fits  0329       10884  strumu   40.00   1
/Users/lzj/bss/201512/20151209/d7366.0330.fits  0330       10521  strumu    3.00   1
/Users/lzj/bss/201512/20151209/d7366.0331.fits  0331       10521  strumu   40.00   1
/Users/lzj/bss/201512/20151209/d7366.0332.fits  0332       11247  strumu    3.00   1
/Users/lzj/bss/201512/20151209/d7366.0333.fits  0333       11247  strumu   40.00   1
/Users/lzj/bss/201512/20151209/d7366.0334.fits  0334       10885  strumu    3.00   1
/Users/lzj/bss/201512/20151209/d7366.0335.fits  0335       10885  strumu   40.00   1
/Users/lzj/bss/201512/20151209/d7366.0336.fits  0336       10522  strumu    3.00   1
/Users/lzj/bss/201512/20151209/d7366.0337.fits  0337       10522  strumu   40.00   1
/Users/lzj/bss/201512/20151209/d7366.0338.fits  0338       11248  strumu    3.00   1
/Users/lzj/bss/201512/20151209/d7366.0339.fits  0339       11248  strumu   40.00   1
/Users/lzj/bss/201512/20151209/d7366.0340.fits  0340       10886  strumu    3.00   1
/Users/lzj/bss/201512/20151209/d7366.0341.fits  0341       10886  strumu   40.00   1
/Users/lzj/bss/201512/20151209/d7366.0342.fits  0342       10523  strumu    3.00   1
/Users/lzj/bss/201512/20151209/d7366.0343.fits  0343       10523  strumu   40.00   1
/Users/lzj/bss/201512/20151209/d7366.0344.fits  0344       11249  strumu    3.00   1
/Users/lzj/bss/201512/20151209/d7366.0345.fits  0345       11249  strumu   40.00   1
/Users/lzj/bss/201512/20151209/d7366.0346.fits  0346       10887  strumu    3.00   1
/Users/lzj/bss/201512/20151209/d7366.0347.fits  0347       10887  strumu   40.00   1
/Users/lzj/bss/201512/20151209/d7366.0348.fits  0348       10524  strumu    3.00   1
/Users/lzj/bss/201512/20151209/d7366.0349.fits  0349       10524  strumu   40.00   1
/Users/lzj/bss/201512/20151209/d7366.0350.fits  0350       11250  strumu    3.00   1
/Users/lzj/bss/201512/20151209/d7366.0351.fits  0351       11250  strumu   40.00   1
/Users/lzj/bss/201512/20151209/d7366.0352.fits  0352       10888  strumu    3.00   1
/Users/lzj/bss/201512/20151209/d7366.0353.fits  0353       10888  strumu   40.00   1
/Users/lzj/bss/201512/20151209/d7366.0355.fits  0355       11250  strumv    3.00   1
/Users/lzj/bss/201512/20151209/d7366.0356.fits  0356       11250  strumv   40.00   1
/Users/lzj/bss/201512/20151209/d7366.0357.fits  0357       10888  strumv    3.00   1
/Users/lzj/bss/201512/20151209/d7366.0358.fits  0358       10888  strumv   40.00   1
/Users/lzj/bss/201512/20151209/d7366.0362.fits  0362       10525  strumu    3.00   1
/Users/lzj/bss/201512/20151209/d7366.0363.fits  0363       10525  strumu   40.00   1
/Users/lzj/bss/201512/20151209/d7366.0364.fits  0364       11251  strumu    3.00   1
/Users/lzj/bss/201512/20151209/d7366.0365.fits  0365       11251  strumu   40.00   1
/Users/lzj/bss/201512/20151209/d7366.0366.fits  0366       10889  strumu    3.00   1
/Users/lzj/bss/201512/20151209/d7366.0367.fits  0367       10889  strumu   40.00   1
/Users/lzj/bss/201512/20151209/d7366.0368.fits  0368       10526  strumu    3.00   1
/Users/lzj/bss/201512/20151209/d7366.0369.fits  0369       10526  strumu   40.00   1
/Users/lzj/bss/201512/20151209/d7366.0370.fits  0370       11252  strumu    3.00   1
/Users/lzj/bss/201512/20151209/d7366.0371.fits  0371       11252  strumu   40.00   1
/Users/lzj/bss/201512/20151209/d7366.0372.fits  0372       10890  strumu    3.00   1
/Users/lzj/bss/201512/20151209/d7366.0373.fits  0373       10890  strumu   40.00   1
/Users/lzj/bss/201512/20151209/d7366.0374.fits  0374       10527  strumu    3.00   1
/Users/lzj/bss/201512/20151209/d7366.0375.fits  0375       10527  strumu   40.00   1
/Users/lzj/bss/201512/20151209/d7366.0376.fits  0376       11253  strumu    3.00   1
/Users/lzj/bss/201512/20151209/d7366.0377.fits  0377       11253  strumu   40.00   1
