/Users/lzj/bss/201512/20151216/cai7373.0054.fits  0054   J0112_p01   zheng  900.00   1
/Users/lzj/bss/201512/20151216/cai7373.0055.fits  0055   J0112_p02   zheng  900.00   1
/Users/lzj/bss/201512/20151216/cai7373.0056.fits  0056   J0112_p03   zheng  900.00   1
/Users/lzj/bss/201512/20151216/cai7373.0059.fits  0059   J0112_p04   zheng  900.00   1
/Users/lzj/bss/201512/20151216/cai7373.0060.fits  0060   J0112_p05   zheng  900.00   1
/Users/lzj/bss/201512/20151216/cai7373.0061.fits  0061   J0112_p01   zheng  900.00   1
/Users/lzj/bss/201512/20151216/cai7373.0062.fits  0062   J0112_p02   zheng  900.00   1
/Users/lzj/bss/201512/20151216/cai7373.0064.fits  0064   J0112_p03   zheng  900.00   1
/Users/lzj/bss/201512/20151216/cai7373.0065.fits  0065   J0112_p04   zheng  900.00   1
/Users/lzj/bss/201512/20151216/cai7373.0066.fits  0066   J0112_p05   zheng  900.00   1
/Users/lzj/bss/201512/20151216/cai7373.0067.fits  0067   J0112_p01   zheng  900.00   1
/Users/lzj/bss/201512/20151216/cai7373.0068.fits  0068   J0112_p02   zheng  900.00   1
/Users/lzj/bss/201512/20151216/cai7373.0069.fits  0069   J0112_p03   zheng  900.00   1
/Users/lzj/bss/201512/20151216/cai7373.0071.fits  0071   J0112_p04   zheng  900.00   1
/Users/lzj/bss/201512/20151216/cai7373.0072.fits  0072   J0112_p05   zheng  900.00   1
/Users/lzj/bss/201512/20151216/cai7373.0073.fits  0073   J0112_p01   zheng  900.00   1
/Users/lzj/bss/201512/20151216/d7373.0022.fits  0022       11822  strumu    3.00   1
/Users/lzj/bss/201512/20151216/d7373.0023.fits  0023       11822  strumu   40.00   1
/Users/lzj/bss/201512/20151216/d7373.0024.fits  0024       11823  strumu    3.00   1
/Users/lzj/bss/201512/20151216/d7373.0025.fits  0025       11823  strumu   40.00   1
/Users/lzj/bss/201512/20151216/d7373.0026.fits  0026       11824  strumu    3.00   1
/Users/lzj/bss/201512/20151216/d7373.0027.fits  0027       11824  strumu   40.00   1
/Users/lzj/bss/201512/20151216/d7373.0028.fits  0028       11825  strumu    3.00   1
/Users/lzj/bss/201512/20151216/d7373.0029.fits  0029       11825  strumu   40.00   1
/Users/lzj/bss/201512/20151216/d7373.0030.fits  0030       11826  strumu    3.00   1
/Users/lzj/bss/201512/20151216/d7373.0031.fits  0031       11826  strumu   40.00   1
/Users/lzj/bss/201512/20151216/d7373.0032.fits  0032       11827  strumu    3.00   1
/Users/lzj/bss/201512/20151216/d7373.0033.fits  0033       11827  strumu   40.00   1
/Users/lzj/bss/201512/20151216/d7373.0034.fits  0034       11828  strumu    3.00   1
/Users/lzj/bss/201512/20151216/d7373.0035.fits  0035       11828  strumu   40.00   1
/Users/lzj/bss/201512/20151216/d7373.0036.fits  0036       11829  strumu    3.00   1
/Users/lzj/bss/201512/20151216/d7373.0037.fits  0037       11829  strumu   40.00   1
/Users/lzj/bss/201512/20151216/d7373.0038.fits  0038       11830  strumu    3.00   1
/Users/lzj/bss/201512/20151216/d7373.0039.fits  0039       11830  strumu   40.00   1
/Users/lzj/bss/201512/20151216/d7373.0040.fits  0040       11831  strumu    3.00   1
/Users/lzj/bss/201512/20151216/d7373.0041.fits  0041       11831  strumu   40.00   1
/Users/lzj/bss/201512/20151216/d7373.0042.fits  0042       11832  strumu    3.00   1
/Users/lzj/bss/201512/20151216/d7373.0043.fits  0043       11832  strumu   40.00   1
/Users/lzj/bss/201512/20151216/d7373.0044.fits  0044       11833  strumu    3.00   1
/Users/lzj/bss/201512/20151216/d7373.0045.fits  0045       11833  strumu   40.00   1
/Users/lzj/bss/201512/20151216/d7373.0046.fits  0046       11834  strumu    3.00   1
/Users/lzj/bss/201512/20151216/d7373.0047.fits  0047       11834  strumu   40.00   1
/Users/lzj/bss/201512/20151216/d7373.0048.fits  0048       11835  strumu    3.00   1
/Users/lzj/bss/201512/20151216/d7373.0049.fits  0049       11835  strumu   40.00   1
/Users/lzj/bss/201512/20151216/d7373.0050.fits  0050       13586  strumu    3.00   1
/Users/lzj/bss/201512/20151216/d7373.0051.fits  0051       13586  strumu   40.00   1
/Users/lzj/bss/201512/20151216/d7373.0075.fits  0075       12270  strumu    3.00   1
/Users/lzj/bss/201512/20151216/d7373.0076.fits  0076       12270  strumu   40.00   1
/Users/lzj/bss/201512/20151216/d7373.0077.fits  0077       11916  strumu    3.00   1
/Users/lzj/bss/201512/20151216/d7373.0078.fits  0078       11916  strumu   40.00   1
/Users/lzj/bss/201512/20151216/d7373.0079.fits  0079       12271  strumu    3.00   1
/Users/lzj/bss/201512/20151216/d7373.0080.fits  0080       12271  strumu   40.00   1
/Users/lzj/bss/201512/20151216/d7373.0081.fits  0081       11917  strumu    3.00   1
/Users/lzj/bss/201512/20151216/d7373.0082.fits  0082       11917  strumu   40.00   1
/Users/lzj/bss/201512/20151216/d7373.0083.fits  0083       12272  strumu    3.00   1
/Users/lzj/bss/201512/20151216/d7373.0084.fits  0084       12272  strumu   40.00   1
/Users/lzj/bss/201512/20151216/d7373.0085.fits  0085       11918  strumu    3.00   1
/Users/lzj/bss/201512/20151216/d7373.0086.fits  0086       11918  strumu   40.00   1
/Users/lzj/bss/201512/20151216/d7373.0087.fits  0087       12273  strumu    3.00   1
/Users/lzj/bss/201512/20151216/d7373.0088.fits  0088       12273  strumu   40.00   1
/Users/lzj/bss/201512/20151216/d7373.0089.fits  0089       11919  strumu    3.00   1
/Users/lzj/bss/201512/20151216/d7373.0090.fits  0090       11919  strumu   40.00   1
/Users/lzj/bss/201512/20151216/d7373.0091.fits  0091       12274  strumu    3.00   1
/Users/lzj/bss/201512/20151216/d7373.0092.fits  0092       12274  strumu   40.00   1
/Users/lzj/bss/201512/20151216/d7373.0093.fits  0093       11920  strumu    3.00   1
/Users/lzj/bss/201512/20151216/d7373.0094.fits  0094       11920  strumu   40.00   1
/Users/lzj/bss/201512/20151216/d7373.0095.fits  0095       12275  strumu    3.00   1
/Users/lzj/bss/201512/20151216/d7373.0096.fits  0096       12275  strumu   40.00   1
/Users/lzj/bss/201512/20151216/d7373.0097.fits  0097       11921  strumu    3.00   1
/Users/lzj/bss/201512/20151216/d7373.0098.fits  0098       11921  strumu   40.00   1
/Users/lzj/bss/201512/20151216/d7373.0099.fits  0099       12276  strumu    3.00   1
/Users/lzj/bss/201512/20151216/d7373.0100.fits  0100       12276  strumu   40.00   1
/Users/lzj/bss/201512/20151216/d7373.0101.fits  0101       11922  strumu    3.00   1
/Users/lzj/bss/201512/20151216/d7373.0102.fits  0102       11922  strumu   40.00   1
/Users/lzj/bss/201512/20151216/d7373.0103.fits  0103       12277  strumu    3.00   1
/Users/lzj/bss/201512/20151216/d7373.0104.fits  0104       12277  strumu   40.00   1
/Users/lzj/bss/201512/20151216/d7373.0105.fits  0105       11923  strumu    3.00   1
/Users/lzj/bss/201512/20151216/d7373.0106.fits  0106       11923  strumu   40.00   1
/Users/lzj/bss/201512/20151216/d7373.0107.fits  0107       12278  strumu    3.00   1
/Users/lzj/bss/201512/20151216/d7373.0108.fits  0108       12278  strumu   40.00   1
/Users/lzj/bss/201512/20151216/d7373.0109.fits  0109       11924  strumu    3.00   1
/Users/lzj/bss/201512/20151216/d7373.0110.fits  0110       11924  strumu   40.00   1
/Users/lzj/bss/201512/20151216/d7373.0111.fits  0111       12279  strumu    3.00   1
/Users/lzj/bss/201512/20151216/d7373.0112.fits  0112       12279  strumu   40.00   1
/Users/lzj/bss/201512/20151216/d7373.0113.fits  0113       11925  strumu    3.00   1
/Users/lzj/bss/201512/20151216/d7373.0114.fits  0114       11925  strumu   40.00   1
/Users/lzj/bss/201512/20151216/d7373.0115.fits  0115       12280  strumu    3.00   1
/Users/lzj/bss/201512/20151216/d7373.0116.fits  0116       12280  strumu   40.00   1
/Users/lzj/bss/201512/20151216/d7373.0117.fits  0117       11926  strumu    3.00   1
/Users/lzj/bss/201512/20151216/d7373.0118.fits  0118       11926  strumu   40.00   1
/Users/lzj/bss/201512/20151216/d7373.0119.fits  0119       12281  strumu    3.00   1
/Users/lzj/bss/201512/20151216/d7373.0120.fits  0120       12281  strumu   40.00   1
/Users/lzj/bss/201512/20151216/d7373.0121.fits  0121       12282  strumu    3.00   1
/Users/lzj/bss/201512/20151216/d7373.0122.fits  0122       12282  strumu   40.00   1
/Users/lzj/bss/201512/20151216/d7373.0123.fits  0123       12283  strumu    3.00   1
/Users/lzj/bss/201512/20151216/d7373.0124.fits  0124       12283  strumu   40.00   1
/Users/lzj/bss/201512/20151216/d7373.0125.fits  0125       13335  strumv    3.00   1
/Users/lzj/bss/201512/20151216/d7373.0126.fits  0126       13335  strumv   40.00   1
/Users/lzj/bss/201512/20151216/d7373.0127.fits  0127       12642  strumv    3.00   1
/Users/lzj/bss/201512/20151216/d7373.0128.fits  0128       12642  strumv   40.00   1
/Users/lzj/bss/201512/20151216/d7373.0130.fits  0130       13335  strumu    3.00   1
/Users/lzj/bss/201512/20151216/d7373.0131.fits  0131       13335  strumu   40.00   1
/Users/lzj/bss/201512/20151216/d7373.0132.fits  0132       12642  strumu    3.00   1
/Users/lzj/bss/201512/20151216/d7373.0133.fits  0133       12642  strumu   40.00   1
/Users/lzj/bss/201512/20151216/d7373.0134.fits  0134       13336  strumu    3.00   1
/Users/lzj/bss/201512/20151216/d7373.0135.fits  0135       13336  strumu   40.00   1
/Users/lzj/bss/201512/20151216/d7373.0136.fits  0136       12643  strumu    3.00   1
/Users/lzj/bss/201512/20151216/d7373.0137.fits  0137       12643  strumu   40.00   1
/Users/lzj/bss/201512/20151216/d7373.0138.fits  0138       13337  strumu    3.00   1
/Users/lzj/bss/201512/20151216/d7373.0139.fits  0139       13337  strumu   40.00   1
/Users/lzj/bss/201512/20151216/d7373.0140.fits  0140       12644  strumu    3.00   1
/Users/lzj/bss/201512/20151216/d7373.0141.fits  0141       12644  strumu   40.00   1
/Users/lzj/bss/201512/20151216/d7373.0142.fits  0142       13338  strumu    3.00   1
/Users/lzj/bss/201512/20151216/d7373.0143.fits  0143       13338  strumu   40.00   1
/Users/lzj/bss/201512/20151216/d7373.0144.fits  0144       12645  strumu    3.00   1
/Users/lzj/bss/201512/20151216/d7373.0145.fits  0145       12645  strumu   40.00   1
/Users/lzj/bss/201512/20151216/d7373.0146.fits  0146       13339  strumu    3.00   1
/Users/lzj/bss/201512/20151216/d7373.0147.fits  0147       13339  strumu   40.00   1
/Users/lzj/bss/201512/20151216/d7373.0148.fits  0148       12646  strumu    3.00   1
/Users/lzj/bss/201512/20151216/d7373.0149.fits  0149       12646  strumu   40.00   1
/Users/lzj/bss/201512/20151216/d7373.0150.fits  0150       13340  strumu    3.00   1
/Users/lzj/bss/201512/20151216/d7373.0151.fits  0151       13340  strumu   40.00   1
/Users/lzj/bss/201512/20151216/d7373.0152.fits  0152       12647  strumu    3.00   1
/Users/lzj/bss/201512/20151216/d7373.0153.fits  0153       12647  strumu   40.00   1
/Users/lzj/bss/201512/20151216/d7373.0154.fits  0154       13341  strumu    3.00   1
/Users/lzj/bss/201512/20151216/d7373.0155.fits  0155       13341  strumu   40.00   1
/Users/lzj/bss/201512/20151216/d7373.0156.fits  0156       12648  strumu    3.00   1
/Users/lzj/bss/201512/20151216/d7373.0157.fits  0157       12648  strumu   40.00   1
/Users/lzj/bss/201512/20151216/d7373.0158.fits  0158       12312  strumu    3.00   1
/Users/lzj/bss/201512/20151216/d7373.0159.fits  0159       12312  strumu   40.00   1
/Users/lzj/bss/201512/20151216/d7373.0160.fits  0160       12313  strumu    3.00   1
/Users/lzj/bss/201512/20151216/d7373.0161.fits  0161       12313  strumu   40.00   1
/Users/lzj/bss/201512/20151216/d7373.0162.fits  0162       12314  strumu    3.00   1
/Users/lzj/bss/201512/20151216/d7373.0163.fits  0163       12314  strumu   40.00   1
/Users/lzj/bss/201512/20151216/d7373.0164.fits  0164       12315  strumu    3.00   1
/Users/lzj/bss/201512/20151216/d7373.0165.fits  0165       12315  strumu   40.00   1
/Users/lzj/bss/201512/20151216/d7373.0166.fits  0166       12316  strumu    3.00   1
/Users/lzj/bss/201512/20151216/d7373.0167.fits  0167       12316  strumu   40.00   1
/Users/lzj/bss/201512/20151216/d7373.0168.fits  0168       11962  strumu    3.00   1
/Users/lzj/bss/201512/20151216/d7373.0169.fits  0169       11962  strumu   40.00   1
/Users/lzj/bss/201512/20151216/d7373.0170.fits  0170       12317  strumu    3.00   1
/Users/lzj/bss/201512/20151216/d7373.0171.fits  0171       12317  strumu   40.00   1
/Users/lzj/bss/201512/20151216/d7373.0172.fits  0172       11963  strumu    3.00   1
/Users/lzj/bss/201512/20151216/d7373.0173.fits  0173       11963  strumu   40.00   1
/Users/lzj/bss/201512/20151216/d7373.0174.fits  0174       12318  strumu    3.00   1
/Users/lzj/bss/201512/20151216/d7373.0175.fits  0175       12318  strumu   40.00   1
/Users/lzj/bss/201512/20151216/d7373.0176.fits  0176       11964  strumu    3.00   1
/Users/lzj/bss/201512/20151216/d7373.0177.fits  0177       11964  strumu   40.00   1
/Users/lzj/bss/201512/20151216/d7373.0178.fits  0178       11965  strumu    3.00   1
/Users/lzj/bss/201512/20151216/d7373.0179.fits  0179       11965  strumu   40.00   1
/Users/lzj/bss/201512/20151216/d7373.0180.fits  0180       11966  strumu    3.00   1
/Users/lzj/bss/201512/20151216/d7373.0181.fits  0181       11966  strumu   40.00   1
/Users/lzj/bss/201512/20151216/d7373.0182.fits  0182       11967  strumu    3.00   1
/Users/lzj/bss/201512/20151216/d7373.0183.fits  0183       11967  strumu   40.00   1
/Users/lzj/bss/201512/20151216/d7373.0184.fits  0184       11968  strumu    3.00   1
/Users/lzj/bss/201512/20151216/d7373.0185.fits  0185       11968  strumu   40.00   1
/Users/lzj/bss/201512/20151216/d7373.0186.fits  0186       11969  strumu    3.00   1
/Users/lzj/bss/201512/20151216/d7373.0187.fits  0187       11969  strumu   40.00   1
/Users/lzj/bss/201512/20151216/d7373.0188.fits  0188       11970  strumu    3.00   1
/Users/lzj/bss/201512/20151216/d7373.0189.fits  0189       11970  strumu   40.00   1
/Users/lzj/bss/201512/20151216/d7373.0190.fits  0190       11971  strumu    3.00   1
/Users/lzj/bss/201512/20151216/d7373.0191.fits  0191       11971  strumu   40.00   1
/Users/lzj/bss/201512/20151216/d7373.0192.fits  0192       11972  strumu    3.00   1
/Users/lzj/bss/201512/20151216/d7373.0193.fits  0193       11972  strumu   40.00   1
/Users/lzj/bss/201512/20151216/d7373.0194.fits  0194       11973  strumu    3.00   1
/Users/lzj/bss/201512/20151216/d7373.0195.fits  0195       11973  strumu   40.00   1
/Users/lzj/bss/201512/20151216/d7373.0196.fits  0196       11974  strumu    3.00   1
/Users/lzj/bss/201512/20151216/d7373.0197.fits  0197       11974  strumu   40.00   1
/Users/lzj/bss/201512/20151216/d7373.0199.fits  0199       11975  strumu    3.00   1
/Users/lzj/bss/201512/20151216/d7373.0200.fits  0200       11975  strumu   40.00   1
/Users/lzj/bss/201512/20151216/d7373.0202.fits  0202       11620  strumu    3.00   1
/Users/lzj/bss/201512/20151216/d7373.0203.fits  0203       11620  strumu   40.00   1
/Users/lzj/bss/201512/20151216/d7373.0204.fits  0204       11261  strumu    3.00   1
/Users/lzj/bss/201512/20151216/d7373.0205.fits  0205       11261  strumu   40.00   1
/Users/lzj/bss/201512/20151216/d7373.0206.fits  0206       11621  strumu    3.00   1
/Users/lzj/bss/201512/20151216/d7373.0207.fits  0207       11621  strumu   40.00   1
/Users/lzj/bss/201512/20151216/d7373.0208.fits  0208       11262  strumu    3.00   1
/Users/lzj/bss/201512/20151216/d7373.0209.fits  0209       11262  strumu   40.00   1
/Users/lzj/bss/201512/20151216/d7373.0210.fits  0210       11978  strumu    3.00   1
/Users/lzj/bss/201512/20151216/d7373.0211.fits  0211       11978  strumu   40.00   1
/Users/lzj/bss/201512/20151216/d7373.0212.fits  0212       11622  strumu    3.00   1
/Users/lzj/bss/201512/20151216/d7373.0213.fits  0213       11622  strumu   40.00   1
/Users/lzj/bss/201512/20151216/d7373.0214.fits  0214       11263  strumu    3.00   1
/Users/lzj/bss/201512/20151216/d7373.0215.fits  0215       11263  strumu   40.00   1
/Users/lzj/bss/201512/20151216/d7373.0216.fits  0216       11979  strumu    3.00   1
/Users/lzj/bss/201512/20151216/d7373.0217.fits  0217       11979  strumu   40.00   1
/Users/lzj/bss/201512/20151216/d7373.0218.fits  0218       12333  strumu    3.00   1
/Users/lzj/bss/201512/20151216/d7373.0219.fits  0219       12333  strumu   40.00   1
/Users/lzj/bss/201512/20151216/d7373.0220.fits  0220       11623  strumu    3.00   1
/Users/lzj/bss/201512/20151216/d7373.0221.fits  0221       11623  strumu   40.00   1
/Users/lzj/bss/201512/20151216/d7373.0222.fits  0222       12684  strumu    3.00   1
/Users/lzj/bss/201512/20151216/d7373.0223.fits  0223       12684  strumu   40.00   1
/Users/lzj/bss/201512/20151216/d7373.0224.fits  0224       11264  strumu    3.00   1
/Users/lzj/bss/201512/20151216/d7373.0225.fits  0225       11264  strumu   40.00   1
/Users/lzj/bss/201512/20151216/d7373.0226.fits  0226       11980  strumu    3.00   1
/Users/lzj/bss/201512/20151216/d7373.0227.fits  0227       11980  strumu   40.00   1
/Users/lzj/bss/201512/20151216/d7373.0228.fits  0228       12334  strumu    3.00   1
/Users/lzj/bss/201512/20151216/d7373.0229.fits  0229       12334  strumu   40.00   1
/Users/lzj/bss/201512/20151216/d7373.0230.fits  0230       11624  strumu    3.00   1
/Users/lzj/bss/201512/20151216/d7373.0231.fits  0231       11624  strumu   40.00   1
/Users/lzj/bss/201512/20151216/d7373.0232.fits  0232       12685  strumu    3.00   1
/Users/lzj/bss/201512/20151216/d7373.0233.fits  0233       12685  strumu   40.00   1
/Users/lzj/bss/201512/20151216/d7373.0234.fits  0234       11265  strumu    3.00   1
/Users/lzj/bss/201512/20151216/d7373.0235.fits  0235       11265  strumu   40.00   1
/Users/lzj/bss/201512/20151216/d7373.0236.fits  0236       11981  strumu    3.00   1
/Users/lzj/bss/201512/20151216/d7373.0237.fits  0237       11981  strumu   40.00   1
/Users/lzj/bss/201512/20151216/d7373.0238.fits  0238       11625  strumu    3.00   1
/Users/lzj/bss/201512/20151216/d7373.0239.fits  0239       11625  strumu   40.00   1
/Users/lzj/bss/201512/20151216/d7373.0240.fits  0240       12335  strumu    3.00   1
/Users/lzj/bss/201512/20151216/d7373.0241.fits  0241       12335  strumu   40.00   1
/Users/lzj/bss/201512/20151216/d7373.0242.fits  0242       11266  strumu    3.00   1
/Users/lzj/bss/201512/20151216/d7373.0243.fits  0243       11266  strumu   40.00   1
/Users/lzj/bss/201512/20151216/d7373.0244.fits  0244       12686  strumu    3.00   1
/Users/lzj/bss/201512/20151216/d7373.0245.fits  0245       12686  strumu   40.00   1
/Users/lzj/bss/201512/20151216/d7373.0246.fits  0246       11982  strumu    3.00   1
/Users/lzj/bss/201512/20151216/d7373.0247.fits  0247       11982  strumu   40.00   1
/Users/lzj/bss/201512/20151216/d7373.0248.fits  0248       11626  strumu    3.00   1
/Users/lzj/bss/201512/20151216/d7373.0249.fits  0249       11626  strumu   40.00   1
/Users/lzj/bss/201512/20151216/d7373.0250.fits  0250       12336  strumu    3.00   1
/Users/lzj/bss/201512/20151216/d7373.0251.fits  0251       12336  strumu   40.00   1
/Users/lzj/bss/201512/20151216/d7373.0252.fits  0252       11267  strumu    3.00   1
/Users/lzj/bss/201512/20151216/d7373.0253.fits  0253       11626  strumv    3.00   1
/Users/lzj/bss/201512/20151216/d7373.0254.fits  0254       11626  strumv   40.00   1
/Users/lzj/bss/201512/20151216/d7373.0255.fits  0255       12336  strumv    3.00   1
/Users/lzj/bss/201512/20151216/d7373.0256.fits  0256       12336  strumv   40.00   1
/Users/lzj/bss/201512/20151216/d7373.0259.fits  0259       11626  strumu    3.00   1
/Users/lzj/bss/201512/20151216/d7373.0260.fits  0260       11626  strumu   40.00   1
/Users/lzj/bss/201512/20151216/d7373.0261.fits  0261       12336  strumu    3.00   1
/Users/lzj/bss/201512/20151216/d7373.0262.fits  0262       12336  strumu   40.00   1
/Users/lzj/bss/201512/20151216/d7373.0263.fits  0263       11267  strumu    3.00   1
/Users/lzj/bss/201512/20151216/d7373.0264.fits  0264       11267  strumu   40.00   1
/Users/lzj/bss/201512/20151216/d7373.0265.fits  0265       12687  strumu    3.00   1
/Users/lzj/bss/201512/20151216/d7373.0266.fits  0266       12687  strumu   40.00   1
/Users/lzj/bss/201512/20151216/d7373.0267.fits  0267       11983  strumu    3.00   1
/Users/lzj/bss/201512/20151216/d7373.0268.fits  0268       11983  strumu   40.00   1
/Users/lzj/bss/201512/20151216/d7373.0269.fits  0269       12337  strumu    3.00   1
/Users/lzj/bss/201512/20151216/d7373.0270.fits  0270       12337  strumu   40.00   1
/Users/lzj/bss/201512/20151216/d7373.0271.fits  0271       12688  strumu    3.00   1
/Users/lzj/bss/201512/20151216/d7373.0272.fits  0272       12688  strumu   40.00   1
/Users/lzj/bss/201512/20151216/d7373.0273.fits  0273       11984  strumu    3.00   1
/Users/lzj/bss/201512/20151216/d7373.0274.fits  0274       11984  strumu   40.00   1
/Users/lzj/bss/201512/20151216/d7373.0275.fits  0275       12338  strumu    3.00   1
/Users/lzj/bss/201512/20151216/d7373.0276.fits  0276       12338  strumu   40.00   1
/Users/lzj/bss/201512/20151216/d7373.0277.fits  0277       12689  strumu    3.00   1
/Users/lzj/bss/201512/20151216/d7373.0278.fits  0278       12689  strumu   40.00   1
/Users/lzj/bss/201512/20151216/d7373.0279.fits  0279       12339  strumu    3.00   1
/Users/lzj/bss/201512/20151216/d7373.0280.fits  0280       12339  strumu   40.00   1
/Users/lzj/bss/201512/20151216/d7373.0281.fits  0281       12690  strumu    3.00   1
/Users/lzj/bss/201512/20151216/d7373.0282.fits  0282       12690  strumu   40.00   1
/Users/lzj/bss/201512/20151216/d7373.0283.fits  0283       10912  strumu    3.00   1
/Users/lzj/bss/201512/20151216/d7373.0284.fits  0284       10912  strumu   40.00   1
/Users/lzj/bss/201512/20151216/d7373.0285.fits  0285       11275  strumu    3.00   1
/Users/lzj/bss/201512/20151216/d7373.0286.fits  0286       11275  strumu   40.00   1
/Users/lzj/bss/201512/20151216/d7373.0287.fits  0287       10913  strumu    3.00   1
/Users/lzj/bss/201512/20151216/d7373.0288.fits  0288       10913  strumu   40.00   1
/Users/lzj/bss/201512/20151216/d7373.0289.fits  0289       11276  strumu    3.00   1
/Users/lzj/bss/201512/20151216/d7373.0290.fits  0290       11276  strumu   40.00   1
/Users/lzj/bss/201512/20151216/d7373.0291.fits  0291       10914  strumu    3.00   1
/Users/lzj/bss/201512/20151216/d7373.0292.fits  0292       10914  strumu   40.00   1
/Users/lzj/bss/201512/20151216/d7373.0293.fits  0293       11277  strumu    3.00   1
/Users/lzj/bss/201512/20151216/d7373.0294.fits  0294       11277  strumu   40.00   1
/Users/lzj/bss/201512/20151216/d7373.0295.fits  0295       10915  strumu    3.00   1
/Users/lzj/bss/201512/20151216/d7373.0296.fits  0296       10915  strumu   40.00   1
/Users/lzj/bss/201512/20151216/d7373.0297.fits  0297       11278  strumu    3.00   1
/Users/lzj/bss/201512/20151216/d7373.0298.fits  0298       11278  strumu   40.00   1
/Users/lzj/bss/201512/20151216/d7373.0299.fits  0299       10916  strumu    3.00   1
/Users/lzj/bss/201512/20151216/d7373.0300.fits  0300       10916  strumu   40.00   1
