/Users/lzj/bss/201512/20151214/d7371.0002.fits  0002       10444  strumu    3.00   1
/Users/lzj/bss/201512/20151214/d7371.0003.fits  0003       10444  strumu   40.00   1
/Users/lzj/bss/201512/20151214/d7371.0004.fits  0004       10808  strumu    3.00   1
/Users/lzj/bss/201512/20151214/d7371.0005.fits  0005       10808  strumu   40.00   1
/Users/lzj/bss/201512/20151214/d7371.0006.fits  0006       10445  strumu    3.00   1
/Users/lzj/bss/201512/20151214/d7371.0007.fits  0007       10445  strumu   40.00   1
/Users/lzj/bss/201512/20151214/d7371.0008.fits  0008       10809  strumu    3.00   1
/Users/lzj/bss/201512/20151214/d7371.0009.fits  0009       10809  strumu   40.00   1
/Users/lzj/bss/201512/20151214/d7371.0010.fits  0010       10446  strumu    3.00   1
/Users/lzj/bss/201512/20151214/d7371.0011.fits  0011       10446  strumu   40.00   1
/Users/lzj/bss/201512/20151214/d7371.0012.fits  0012       10810  strumu    3.00   1
/Users/lzj/bss/201512/20151214/d7371.0013.fits  0013       10810  strumu   40.00   1
/Users/lzj/bss/201512/20151214/d7371.0014.fits  0014       10447  strumu    3.00   1
/Users/lzj/bss/201512/20151214/d7371.0015.fits  0015       10447  strumu   40.00   1
/Users/lzj/bss/201512/20151214/d7371.0016.fits  0016       10811  strumu    3.00   1
/Users/lzj/bss/201512/20151214/d7371.0017.fits  0017       10811  strumu   40.00   1
/Users/lzj/bss/201512/20151214/d7371.0018.fits  0018       10448  strumu    3.00   1
/Users/lzj/bss/201512/20151214/d7371.0019.fits  0019       10448  strumu   40.00   1
/Users/lzj/bss/201512/20151214/d7371.0020.fits  0020       10449  strumu    3.00   1
/Users/lzj/bss/201512/20151214/d7371.0021.fits  0021       10449  strumu   40.00   1
/Users/lzj/bss/201512/20151214/d7371.0022.fits  0022       10819  strumu    3.00   1
/Users/lzj/bss/201512/20151214/d7371.0023.fits  0023       10819  strumu   40.00   1
/Users/lzj/bss/201512/20151214/d7371.0024.fits  0024       10820  strumu    3.00   1
/Users/lzj/bss/201512/20151214/d7371.0025.fits  0025       10820  strumu   40.00   1
/Users/lzj/bss/201512/20151214/d7371.0026.fits  0026       10457  strumu    3.00   1
/Users/lzj/bss/201512/20151214/d7371.0027.fits  0027       10457  strumu   40.00   1
/Users/lzj/bss/201512/20151214/d7371.0028.fits  0028       10821  strumu    3.00   1
/Users/lzj/bss/201512/20151214/d7371.0029.fits  0029       10821  strumu   40.00   1
/Users/lzj/bss/201512/20151214/d7371.0030.fits  0030       10458  strumu    3.00   1
/Users/lzj/bss/201512/20151214/d7371.0031.fits  0031       10458  strumu   40.00   1
/Users/lzj/bss/201512/20151214/d7371.0032.fits  0032       10822  strumu    3.00   1
/Users/lzj/bss/201512/20151214/d7371.0033.fits  0033       10822  strumu   40.00   1
/Users/lzj/bss/201512/20151214/d7371.0034.fits  0034       10459  strumu    3.00   1
/Users/lzj/bss/201512/20151214/d7371.0035.fits  0035       10459  strumu   40.00   1
/Users/lzj/bss/201512/20151214/d7371.0036.fits  0036       10823  strumu    3.00   1
/Users/lzj/bss/201512/20151214/d7371.0037.fits  0037       10823  strumu   40.00   1
/Users/lzj/bss/201512/20151214/d7371.0038.fits  0038       10460  strumu    3.00   1
/Users/lzj/bss/201512/20151214/d7371.0039.fits  0039       10460  strumu   40.00   1
/Users/lzj/bss/201512/20151214/d7371.0040.fits  0040       10824  strumu    3.00   1
/Users/lzj/bss/201512/20151214/d7371.0041.fits  0041       10824  strumu   40.00   1
/Users/lzj/bss/201512/20151214/d7371.0042.fits  0042       10461  strumu    3.00   1
/Users/lzj/bss/201512/20151214/d7371.0043.fits  0043       10461  strumu   40.00   1
/Users/lzj/bss/201512/20151214/d7371.0044.fits  0044       10825  strumu    3.00   1
/Users/lzj/bss/201512/20151214/d7371.0045.fits  0045       10825  strumu   40.00   1
/Users/lzj/bss/201512/20151214/d7371.0046.fits  0046       10462  strumu    3.00   1
/Users/lzj/bss/201512/20151214/d7371.0047.fits  0047       10462  strumu   40.00   1
/Users/lzj/bss/201512/20151214/d7371.0048.fits  0048       10463  strumu    3.00   1
/Users/lzj/bss/201512/20151214/d7371.0049.fits  0049       10463  strumu   40.00   1
/Users/lzj/bss/201512/20151214/d7371.0050.fits  0050       10464  strumu    3.00   1
/Users/lzj/bss/201512/20151214/d7371.0051.fits  0051       10464  strumu   40.00   1
/Users/lzj/bss/201512/20151214/d7371.0052.fits  0052       10465  strumu    3.00   1
/Users/lzj/bss/201512/20151214/d7371.0053.fits  0053       10465  strumu   40.00   1
/Users/lzj/bss/201512/20151214/d7371.0054.fits  0054       11191  strumu    3.00   1
/Users/lzj/bss/201512/20151214/d7371.0055.fits  0055       11191  strumu   40.00   1
/Users/lzj/bss/201512/20151214/d7371.0056.fits  0056       10466  strumu    3.00   1
/Users/lzj/bss/201512/20151214/d7371.0057.fits  0057       10466  strumu   40.00   1
/Users/lzj/bss/201512/20151214/d7371.0058.fits  0058       11192  strumu    3.00   1
/Users/lzj/bss/201512/20151214/d7371.0059.fits  0059       11192  strumu   40.00   1
/Users/lzj/bss/201512/20151214/d7371.0060.fits  0060       10467  strumu    3.00   1
/Users/lzj/bss/201512/20151214/d7371.0061.fits  0061       10467  strumu   40.00   1
/Users/lzj/bss/201512/20151214/d7371.0062.fits  0062       11193  strumu    3.00   1
/Users/lzj/bss/201512/20151214/d7371.0063.fits  0063       11193  strumu   40.00   1
/Users/lzj/bss/201512/20151214/d7371.0064.fits  0064       10468  strumu    3.00   1
/Users/lzj/bss/201512/20151214/d7371.0065.fits  0065       10468  strumu   40.00   1
/Users/lzj/bss/201512/20151214/d7371.0066.fits  0066       11194  strumu    3.00   1
/Users/lzj/bss/201512/20151214/d7371.0067.fits  0067       11194  strumu   40.00   1
/Users/lzj/bss/201512/20151214/d7371.0068.fits  0068       10469  strumu    3.00   1
/Users/lzj/bss/201512/20151214/d7371.0069.fits  0069       10469  strumu   40.00   1
/Users/lzj/bss/201512/20151214/d7371.0070.fits  0070       11195  strumu    3.00   1
/Users/lzj/bss/201512/20151214/d7371.0071.fits  0071       11195  strumu   40.00   1
/Users/lzj/bss/201512/20151214/d7371.0072.fits  0072       10470  strumu    3.00   1
/Users/lzj/bss/201512/20151214/d7371.0073.fits  0073       10470  strumu   40.00   1
/Users/lzj/bss/201512/20151214/d7371.0074.fits  0074       11196  strumu    3.00   1
/Users/lzj/bss/201512/20151214/d7371.0075.fits  0075       11196  strumu   40.00   1
/Users/lzj/bss/201512/20151214/d7371.0076.fits  0076       10471  strumu    3.00   1
/Users/lzj/bss/201512/20151214/d7371.0077.fits  0077       10471  strumu   40.00   1
/Users/lzj/bss/201512/20151214/d7371.0078.fits  0078       11197  strumu    3.00   1
/Users/lzj/bss/201512/20151214/d7371.0079.fits  0079       11197  strumu   40.00   1
/Users/lzj/bss/201512/20151214/d7371.0080.fits  0080       10472  strumu    3.00   1
/Users/lzj/bss/201512/20151214/d7371.0081.fits  0081       10472  strumu   40.00   1
/Users/lzj/bss/201512/20151214/d7371.0082.fits  0082       10473  strumu    3.00   1
/Users/lzj/bss/201512/20151214/d7371.0083.fits  0083       10473  strumu   40.00   1
/Users/lzj/bss/201512/20151214/d7371.0084.fits  0084       10474  strumu    3.00   1
/Users/lzj/bss/201512/20151214/d7371.0085.fits  0085       10474  strumu   40.00   1
/Users/lzj/bss/201512/20151214/d7371.0086.fits  0086       10475  strumu    3.00   1
/Users/lzj/bss/201512/20151214/d7371.0087.fits  0087       10475  strumu   40.00   1
/Users/lzj/bss/201512/20151214/d7371.0088.fits  0088       10476  strumu    3.00   1
/Users/lzj/bss/201512/20151214/d7371.0089.fits  0089       10476  strumu   40.00   1
/Users/lzj/bss/201512/20151214/d7371.0090.fits  0090       10477  strumu    3.00   1
/Users/lzj/bss/201512/20151214/d7371.0091.fits  0091       10477  strumu   40.00   1
/Users/lzj/bss/201512/20151214/d7371.0092.fits  0092       10478  strumu    3.00   1
/Users/lzj/bss/201512/20151214/d7371.0093.fits  0093       10478  strumu   40.00   1
/Users/lzj/bss/201512/20151214/d7371.0094.fits  0094       10479  strumu    3.00   1
/Users/lzj/bss/201512/20151214/d7371.0095.fits  0095       10479  strumu   40.00   1
/Users/lzj/bss/201512/20151214/d7371.0096.fits  0096       10480  strumu    3.00   1
/Users/lzj/bss/201512/20151214/d7371.0097.fits  0097       10480  strumu   40.00   1
/Users/lzj/bss/201512/20151214/d7371.0098.fits  0098       10481  strumu    3.00   1
/Users/lzj/bss/201512/20151214/d7371.0099.fits  0099       10481  strumu   40.00   1
/Users/lzj/bss/201512/20151214/d7371.0101.fits  0101       11204  strumu    3.00   1
/Users/lzj/bss/201512/20151214/d7371.0102.fits  0102       11204  strumu   40.00   1
/Users/lzj/bss/201512/20151214/d7371.0103.fits  0103       11205  strumu    3.00   1
/Users/lzj/bss/201512/20151214/d7371.0104.fits  0104       11205  strumu   40.00   1
/Users/lzj/bss/201512/20151214/d7371.0105.fits  0105       11206  strumu    3.00   1
/Users/lzj/bss/201512/20151214/d7371.0106.fits  0106       11206  strumu   40.00   1
/Users/lzj/bss/201512/20151214/d7371.0107.fits  0107       11207  strumu    3.00   1
/Users/lzj/bss/201512/20151214/d7371.0108.fits  0108       11207  strumu   40.00   1
/Users/lzj/bss/201512/20151214/d7371.0109.fits  0109       11208  strumu    3.00   1
/Users/lzj/bss/201512/20151214/d7371.0110.fits  0110       11208  strumu   40.00   1
/Users/lzj/bss/201512/20151214/d7371.0111.fits  0111       11209  strumu    3.00   1
/Users/lzj/bss/201512/20151214/d7371.0112.fits  0112       11209  strumu   40.00   1
/Users/lzj/bss/201512/20151214/d7371.0113.fits  0113       11210  strumu    3.00   1
/Users/lzj/bss/201512/20151214/d7371.0114.fits  0114       11210  strumu   40.00   1
/Users/lzj/bss/201512/20151214/d7371.0115.fits  0115       11571  strumu    3.00   1
/Users/lzj/bss/201512/20151214/d7371.0116.fits  0116       11571  strumu   40.00   1
/Users/lzj/bss/201512/20151214/d7371.0117.fits  0117       11211  strumu    3.00   1
/Users/lzj/bss/201512/20151214/d7371.0118.fits  0118       11211  strumu   40.00   1
/Users/lzj/bss/201512/20151214/d7371.0119.fits  0119       11572  strumu    3.00   1
/Users/lzj/bss/201512/20151214/d7371.0120.fits  0120       11572  strumu   40.00   1
/Users/lzj/bss/201512/20151214/d7371.0121.fits  0121       12635  strumu    3.00   1
/Users/lzj/bss/201512/20151214/d7371.0122.fits  0122       12635  strumu   40.00   1
/Users/lzj/bss/201512/20151214/d7371.0123.fits  0123       11573  strumu    3.00   1
/Users/lzj/bss/201512/20151214/d7371.0124.fits  0124       11573  strumu   40.00   1
/Users/lzj/bss/201512/20151214/d7371.0125.fits  0125       12636  strumu    3.00   1
/Users/lzj/bss/201512/20151214/d7371.0126.fits  0126       12636  strumu   40.00   1
/Users/lzj/bss/201512/20151214/d7371.0127.fits  0127       11574  strumu    3.00   1
/Users/lzj/bss/201512/20151214/d7371.0128.fits  0128       11574  strumu   40.00   1
/Users/lzj/bss/201512/20151214/d7371.0129.fits  0129       12637  strumu    3.00   1
/Users/lzj/bss/201512/20151214/d7371.0130.fits  0130       12637  strumu   40.00   1
/Users/lzj/bss/201512/20151214/d7371.0131.fits  0131       11575  strumu    3.00   1
/Users/lzj/bss/201512/20151214/d7371.0132.fits  0132       11575  strumu   40.00   1
/Users/lzj/bss/201512/20151214/d7371.0133.fits  0133       12638  strumu    3.00   1
/Users/lzj/bss/201512/20151214/d7371.0134.fits  0134       12638  strumu   40.00   1
/Users/lzj/bss/201512/20151214/d7371.0135.fits  0135       11576  strumu    3.00   1
/Users/lzj/bss/201512/20151214/d7371.0136.fits  0136       11576  strumu   40.00   1
/Users/lzj/bss/201512/20151214/d7371.0137.fits  0137       12639  strumu    3.00   1
/Users/lzj/bss/201512/20151214/d7371.0138.fits  0138       12639  strumu   40.00   1
/Users/lzj/bss/201512/20151214/d7371.0139.fits  0139       11577  strumu    3.00   1
/Users/lzj/bss/201512/20151214/d7371.0140.fits  0140       11577  strumu   40.00   1
/Users/lzj/bss/201512/20151214/d7371.0141.fits  0141       12640  strumu    3.00   1
/Users/lzj/bss/201512/20151214/d7371.0142.fits  0142       12640  strumu   40.00   1
/Users/lzj/bss/201512/20151214/d7371.0143.fits  0143       12641  strumu    3.00   1
/Users/lzj/bss/201512/20151214/d7371.0144.fits  0144       12641  strumu   40.00   1
/Users/lzj/bss/201512/20151214/d7371.0145.fits  0145       10861  strumu    3.00   1
/Users/lzj/bss/201512/20151214/d7371.0146.fits  0146       10861  strumu   40.00   1
/Users/lzj/bss/201512/20151214/d7371.0147.fits  0147       10862  strumu    3.00   1
/Users/lzj/bss/201512/20151214/d7371.0148.fits  0148       10862  strumu   40.00   1
/Users/lzj/bss/201512/20151214/d7371.0149.fits  0149       10863  strumu    3.00   1
/Users/lzj/bss/201512/20151214/d7371.0150.fits  0150       10863  strumu   40.00   1
/Users/lzj/bss/201512/20151214/d7371.0151.fits  0151       10864  strumu    3.00   1
/Users/lzj/bss/201512/20151214/d7371.0152.fits  0152       10864  strumu   40.00   1
/Users/lzj/bss/201512/20151214/d7371.0153.fits  0153       10865  strumu    3.00   1
/Users/lzj/bss/201512/20151214/d7371.0154.fits  0154       10865  strumu   40.00   1
/Users/lzj/bss/201512/20151214/d7371.0155.fits  0155       10866  strumu    3.00   1
/Users/lzj/bss/201512/20151214/d7371.0156.fits  0156       10866  strumu   40.00   1
/Users/lzj/bss/201512/20151214/d7371.0157.fits  0157       10867  strumu    3.00   1
/Users/lzj/bss/201512/20151214/d7371.0158.fits  0158       10867  strumu   40.00   1
/Users/lzj/bss/201512/20151214/d7371.0159.fits  0159       11233  strumu    3.00   1
/Users/lzj/bss/201512/20151214/d7371.0160.fits  0160       11233  strumu   40.00   1
/Users/lzj/bss/201512/20151214/d7371.0161.fits  0161       11234  strumu    3.00   1
/Users/lzj/bss/201512/20151214/d7371.0162.fits  0162       11234  strumu   40.00   1
/Users/lzj/bss/201512/20151214/d7371.0163.fits  0163       11235  strumu    3.00   1
/Users/lzj/bss/201512/20151214/d7371.0164.fits  0164       11235  strumu   40.00   1
/Users/lzj/bss/201512/20151214/d7371.0165.fits  0165       11236  strumu    3.00   1
/Users/lzj/bss/201512/20151214/d7371.0166.fits  0166       11236  strumu   40.00   1
/Users/lzj/bss/201512/20151214/d7371.0167.fits  0167       11237  strumu    3.00   1
/Users/lzj/bss/201512/20151214/d7371.0168.fits  0168       11237  strumu   40.00   1
/Users/lzj/bss/201512/20151214/d7371.0169.fits  0169       11238  strumu    3.00   1
/Users/lzj/bss/201512/20151214/d7371.0170.fits  0170       11238  strumu   40.00   1
/Users/lzj/bss/201512/20151214/d7371.0171.fits  0171       11239  strumu    3.00   1
/Users/lzj/bss/201512/20151214/d7371.0172.fits  0172       11239  strumu   40.00   1
/Users/lzj/bss/201512/20151214/d7371.0173.fits  0173       11955  strumu    3.00   1
/Users/lzj/bss/201512/20151214/d7371.0174.fits  0174       11955  strumu   40.00   1
/Users/lzj/bss/201512/20151214/d7371.0175.fits  0175       11599  strumu    3.00   1
/Users/lzj/bss/201512/20151214/d7371.0176.fits  0176       11599  strumu   40.00   1
/Users/lzj/bss/201512/20151214/d7371.0177.fits  0177       11240  strumu    3.00   1
/Users/lzj/bss/201512/20151214/d7371.0178.fits  0178       11240  strumu   40.00   1
/Users/lzj/bss/201512/20151214/d7371.0179.fits  0179       11956  strumu    3.00   1
/Users/lzj/bss/201512/20151214/d7371.0180.fits  0180       11956  strumu   40.00   1
/Users/lzj/bss/201512/20151214/d7371.0181.fits  0181       11600  strumu    3.00   1
/Users/lzj/bss/201512/20151214/d7371.0182.fits  0182       11600  strumu   40.00   1
/Users/lzj/bss/201512/20151214/d7371.0183.fits  0183       11241  strumu    3.00   1
/Users/lzj/bss/201512/20151214/d7371.0184.fits  0184       11241  strumu   40.00   1
/Users/lzj/bss/201512/20151214/d7371.0185.fits  0185       11957  strumu    3.00   1
/Users/lzj/bss/201512/20151214/d7371.0186.fits  0186       11957  strumu   40.00   1
/Users/lzj/bss/201512/20151214/d7371.0187.fits  0187       11601  strumu    3.00   1
/Users/lzj/bss/201512/20151214/d7371.0188.fits  0188       11601  strumu   40.00   1
/Users/lzj/bss/201512/20151214/d7371.0189.fits  0189       11242  strumu    3.00   1
/Users/lzj/bss/201512/20151214/d7371.0190.fits  0190       11242  strumu   40.00   1
/Users/lzj/bss/201512/20151214/d7371.0191.fits  0191       11958  strumu    3.00   1
/Users/lzj/bss/201512/20151214/d7371.0192.fits  0192       11958  strumu   40.00   1
/Users/lzj/bss/201512/20151214/d7371.0193.fits  0193       11602  strumu    3.00   1
/Users/lzj/bss/201512/20151214/d7371.0194.fits  0194       11602  strumu   40.00   1
/Users/lzj/bss/201512/20151214/d7371.0195.fits  0195       11243  strumu    3.00   1
/Users/lzj/bss/201512/20151214/d7371.0196.fits  0196       11243  strumu   40.00   1
/Users/lzj/bss/201512/20151214/d7371.0197.fits  0197       11959  strumu    3.00   1
/Users/lzj/bss/201512/20151214/d7371.0198.fits  0198       11959  strumu   40.00   1
/Users/lzj/bss/201512/20151214/d7371.0199.fits  0199       11603  strumu    3.00   1
/Users/lzj/bss/201512/20151214/d7371.0200.fits  0200       11603  strumu   40.00   1
/Users/lzj/bss/201512/20151214/d7371.0201.fits  0201       11244  strumu    3.00   1
/Users/lzj/bss/201512/20151214/d7371.0202.fits  0202       11244  strumu   40.00   1
/Users/lzj/bss/201512/20151214/d7371.0205.fits  0205       11960  strumu    3.00   1
/Users/lzj/bss/201512/20151214/d7371.0206.fits  0206       11960  strumu   40.00   1
/Users/lzj/bss/201512/20151214/d7371.0207.fits  0207       11604  strumu    3.00   1
/Users/lzj/bss/201512/20151214/d7371.0208.fits  0208       11604  strumu   40.00   1
/Users/lzj/bss/201512/20151214/d7371.0209.fits  0209       11245  strumu    3.00   1
/Users/lzj/bss/201512/20151214/d7371.0210.fits  0210       11245  strumu   40.00   1
/Users/lzj/bss/201512/20151214/d7371.0211.fits  0211       11961  strumu    3.00   1
/Users/lzj/bss/201512/20151214/d7371.0212.fits  0212       11961  strumu   40.00   1
/Users/lzj/bss/201512/20151214/d7371.0213.fits  0213       11605  strumu    3.00   1
/Users/lzj/bss/201512/20151214/d7371.0214.fits  0214       11605  strumu   40.00   1
/Users/lzj/bss/201512/20151214/d7371.0215.fits  0215       11246  strumu    3.00   1
/Users/lzj/bss/201512/20151214/d7371.0216.fits  0216       11246  strumu   40.00   1
/Users/lzj/bss/201512/20151214/d7371.0218.fits  0218       11606  strumu    3.00   1
/Users/lzj/bss/201512/20151214/d7371.0219.fits  0219       11606  strumu   40.00   1
/Users/lzj/bss/201512/20151214/d7371.0220.fits  0220       11247  strumu    3.00   1
/Users/lzj/bss/201512/20151214/d7371.0221.fits  0221       11247  strumu   40.00   1
/Users/lzj/bss/201512/20151214/d7371.0222.fits  0222       11607  strumu    3.00   1
/Users/lzj/bss/201512/20151214/d7371.0223.fits  0223       11607  strumu   40.00   1
/Users/lzj/bss/201512/20151214/d7371.0224.fits  0224       11248  strumu    3.00   1
/Users/lzj/bss/201512/20151214/d7371.0225.fits  0225       11248  strumu   40.00   1
/Users/lzj/bss/201512/20151214/d7371.0226.fits  0226       11608  strumu    3.00   1
/Users/lzj/bss/201512/20151214/d7371.0227.fits  0227       11608  strumu   40.00   1
/Users/lzj/bss/201512/20151214/d7371.0228.fits  0228       11249  strumu    3.00   1
/Users/lzj/bss/201512/20151214/d7371.0229.fits  0229       11249  strumu   40.00   1
/Users/lzj/bss/201512/20151214/d7371.0230.fits  0230       11609  strumu    3.00   1
/Users/lzj/bss/201512/20151214/d7371.0231.fits  0231       11609  strumu   40.00   1
/Users/lzj/bss/201512/20151214/d7371.0232.fits  0232       11250  strumu    3.00   1
/Users/lzj/bss/201512/20151214/d7371.0233.fits  0233       11250  strumu   40.00   1
/Users/lzj/bss/201512/20151214/d7371.0234.fits  0234       11610  strumu    3.00   1
/Users/lzj/bss/201512/20151214/d7371.0235.fits  0235       11610  strumu   40.00   1
/Users/lzj/bss/201512/20151214/d7371.0236.fits  0236       11251  strumu    3.00   1
/Users/lzj/bss/201512/20151214/d7371.0237.fits  0237       11251  strumu   40.00   1
/Users/lzj/bss/201512/20151214/d7371.0238.fits  0238       11611  strumu    3.00   1
/Users/lzj/bss/201512/20151214/d7371.0239.fits  0239       11611  strumu   40.00   1
/Users/lzj/bss/201512/20151214/d7371.0240.fits  0240       11252  strumu    3.00   1
/Users/lzj/bss/201512/20151214/d7371.0241.fits  0241       11252  strumu   40.00   1
/Users/lzj/bss/201512/20151214/d7371.0242.fits  0242       11612  strumu    3.00   1
/Users/lzj/bss/201512/20151214/d7371.0243.fits  0243       11612  strumu   40.00   1
/Users/lzj/bss/201512/20151214/d7371.0244.fits  0244       11253  strumu    3.00   1
/Users/lzj/bss/201512/20151214/d7371.0245.fits  0245       11253  strumu   40.00   1
/Users/lzj/bss/201512/20151214/d7371.0246.fits  0246       11613  strumu    3.00   1
/Users/lzj/bss/201512/20151214/d7371.0247.fits  0247       11613  strumu   40.00   1
/Users/lzj/bss/201512/20151214/d7371.0248.fits  0248       11254  strumu    3.00   1
/Users/lzj/bss/201512/20151214/d7371.0249.fits  0249       11254  strumu   40.00   1
/Users/lzj/bss/201512/20151214/d7371.0250.fits  0250       11614  strumu    3.00   1
/Users/lzj/bss/201512/20151214/d7371.0251.fits  0251       11614  strumu   40.00   1
/Users/lzj/bss/201512/20151214/d7371.0252.fits  0252       11255  strumu    3.00   1
/Users/lzj/bss/201512/20151214/d7371.0253.fits  0253       11255  strumu   40.00   1
/Users/lzj/bss/201512/20151214/d7371.0254.fits  0254       11615  strumu    3.00   1
/Users/lzj/bss/201512/20151214/d7371.0255.fits  0255       11615  strumu   40.00   1
/Users/lzj/bss/201512/20151214/d7371.0256.fits  0256       11256  strumu    3.00   1
/Users/lzj/bss/201512/20151214/d7371.0257.fits  0257       11256  strumu   40.00   1
/Users/lzj/bss/201512/20151214/d7371.0258.fits  0258       11616  strumu    3.00   1
/Users/lzj/bss/201512/20151214/d7371.0259.fits  0259       11616  strumu   40.00   1
/Users/lzj/bss/201512/20151214/d7371.0260.fits  0260       11257  strumu    3.00   1
/Users/lzj/bss/201512/20151214/d7371.0261.fits  0261       11257  strumu   40.00   1
/Users/lzj/bss/201512/20151214/d7371.0262.fits  0262       11617  strumu    3.00   1
/Users/lzj/bss/201512/20151214/d7371.0263.fits  0263       11617  strumu   40.00   1
/Users/lzj/bss/201512/20151214/d7371.0264.fits  0264       11258  strumu    3.00   1
/Users/lzj/bss/201512/20151214/d7371.0265.fits  0265       11258  strumu   40.00   1
/Users/lzj/bss/201512/20151214/d7371.0266.fits  0266       11618  strumu    3.00   1
/Users/lzj/bss/201512/20151214/d7371.0267.fits  0267       11618  strumu   40.00   1
/Users/lzj/bss/201512/20151214/d7371.0268.fits  0268       11259  strumu    3.00   1
/Users/lzj/bss/201512/20151214/d7371.0269.fits  0269       11259  strumu   40.00   1
/Users/lzj/bss/201512/20151214/d7371.0270.fits  0270       10534  strumu    3.00   1
/Users/lzj/bss/201512/20151214/d7371.0271.fits  0271       10534  strumu   40.00   1
/Users/lzj/bss/201512/20151214/d7371.0272.fits  0272       11619  strumu    3.00   1
/Users/lzj/bss/201512/20151214/d7371.0273.fits  0273       11619  strumu   40.00   1
/Users/lzj/bss/201512/20151214/d7371.0274.fits  0274       11260  strumu    3.00   1
/Users/lzj/bss/201512/20151214/d7371.0275.fits  0275       11260  strumu   40.00   1
/Users/lzj/bss/201512/20151214/d7371.0276.fits  0276       10898  strumu    3.00   1
/Users/lzj/bss/201512/20151214/d7371.0277.fits  0277       10898  strumu   40.00   1
/Users/lzj/bss/201512/20151214/d7371.0278.fits  0278       10535  strumu    3.00   1
/Users/lzj/bss/201512/20151214/d7371.0279.fits  0279       10535  strumu   40.00   1
/Users/lzj/bss/201512/20151214/d7371.0280.fits  0280       10899  strumu    3.00   1
/Users/lzj/bss/201512/20151214/d7371.0281.fits  0281       10899  strumu   40.00   1
/Users/lzj/bss/201512/20151214/d7371.0282.fits  0282       10536  strumu    3.00   1
/Users/lzj/bss/201512/20151214/d7371.0283.fits  0283       10536  strumu   40.00   1
/Users/lzj/bss/201512/20151214/d7371.0284.fits  0284       10900  strumu    3.00   1
/Users/lzj/bss/201512/20151214/d7371.0285.fits  0285       10900  strumu   40.00   1
/Users/lzj/bss/201512/20151214/d7371.0286.fits  0286       10537  strumu    3.00   1
/Users/lzj/bss/201512/20151214/d7371.0287.fits  0287       10537  strumu   40.00   1
/Users/lzj/bss/201512/20151214/d7371.0288.fits  0288       10901  strumu    3.00   1
/Users/lzj/bss/201512/20151214/d7371.0289.fits  0289       10901  strumu   40.00   1
/Users/lzj/bss/201512/20151214/d7371.0290.fits  0290       10538  strumu    3.00   1
/Users/lzj/bss/201512/20151214/d7371.0291.fits  0291       10538  strumu   40.00   1
/Users/lzj/bss/201512/20151214/d7371.0292.fits  0292       10902  strumu    3.00   1
/Users/lzj/bss/201512/20151214/d7371.0293.fits  0293       10902  strumu   40.00   1
/Users/lzj/bss/201512/20151214/d7371.0294.fits  0294       10539  strumu    3.00   1
/Users/lzj/bss/201512/20151214/d7371.0295.fits  0295       10539  strumu   40.00   1
/Users/lzj/bss/201512/20151214/d7371.0296.fits  0296       10903  strumu    3.00   1
/Users/lzj/bss/201512/20151214/d7371.0297.fits  0297       10903  strumu   40.00   1
/Users/lzj/bss/201512/20151214/d7371.0298.fits  0298       10540  strumu    3.00   1
/Users/lzj/bss/201512/20151214/d7371.0299.fits  0299       10540  strumu   40.00   1
/Users/lzj/bss/201512/20151214/d7371.0300.fits  0300       10904  strumu    3.00   1
/Users/lzj/bss/201512/20151214/d7371.0301.fits  0301       10904  strumu   40.00   1
/Users/lzj/bss/201512/20151214/d7371.0302.fits  0302       10905  strumu    3.00   1
/Users/lzj/bss/201512/20151214/d7371.0303.fits  0303       10905  strumu   40.00   1
/Users/lzj/bss/201512/20151214/d7371.0304.fits  0304       11627  strumu    3.00   1
/Users/lzj/bss/201512/20151214/d7371.0305.fits  0305       11627  strumu   40.00   1
/Users/lzj/bss/201512/20151214/d7371.0306.fits  0306       10906  strumu    3.00   1
/Users/lzj/bss/201512/20151214/d7371.0307.fits  0307       10906  strumu   40.00   1
/Users/lzj/bss/201512/20151214/d7371.0308.fits  0308       11628  strumu    3.00   1
/Users/lzj/bss/201512/20151214/d7371.0309.fits  0309       11628  strumu   40.00   1
/Users/lzj/bss/201512/20151214/d7371.0310.fits  0310       10907  strumu    3.00   1
/Users/lzj/bss/201512/20151214/d7371.0311.fits  0311       10907  strumu   40.00   1
/Users/lzj/bss/201512/20151214/d7371.0312.fits  0312       11629  strumu    3.00   1
/Users/lzj/bss/201512/20151214/d7371.0313.fits  0313       11629  strumu   40.00   1
/Users/lzj/bss/201512/20151214/d7371.0314.fits  0314       10908  strumu    3.00   1
/Users/lzj/bss/201512/20151214/d7371.0315.fits  0315       10908  strumu   40.00   1
/Users/lzj/bss/201512/20151214/d7371.0316.fits  0316       11630  strumu    3.00   1
/Users/lzj/bss/201512/20151214/d7371.0317.fits  0317       11630  strumu   40.00   1
/Users/lzj/bss/201512/20151214/d7371.0318.fits  0318       10909  strumu    3.00   1
/Users/lzj/bss/201512/20151214/d7371.0319.fits  0319       10909  strumu   40.00   1
/Users/lzj/bss/201512/20151214/d7371.0320.fits  0320       11631  strumu    3.00   1
/Users/lzj/bss/201512/20151214/d7371.0321.fits  0321       11631  strumu   40.00   1
/Users/lzj/bss/201512/20151214/d7371.0322.fits  0322       10910  strumu    3.00   1
/Users/lzj/bss/201512/20151214/d7371.0323.fits  0323       10910  strumu   40.00   1
/Users/lzj/bss/201512/20151214/d7371.0324.fits  0324       11632  strumu    3.00   1
/Users/lzj/bss/201512/20151214/d7371.0325.fits  0325       11632  strumu   40.00   1
/Users/lzj/bss/201512/20151214/d7371.0326.fits  0326       10911  strumu    3.00   1
/Users/lzj/bss/201512/20151214/d7371.0327.fits  0327       10911  strumu   40.00   1
/Users/lzj/bss/201512/20151214/d7371.0328.fits  0328       11633  strumu    3.00   1
/Users/lzj/bss/201512/20151214/d7371.0329.fits  0329       11633  strumu   40.00   1
/Users/lzj/bss/201512/20151214/d7371.0331.fits  0331       14436  strumu    3.00   1
/Users/lzj/bss/201512/20151214/d7371.0332.fits  0332       14436  strumu   40.00   1
/Users/lzj/bss/201512/20151214/d7371.0333.fits  0333       14437  strumu    3.00   1
/Users/lzj/bss/201512/20151214/d7371.0334.fits  0334       14437  strumu   40.00   1
/Users/lzj/bss/201512/20151214/d7371.0335.fits  0335       14438  strumu    3.00   1
/Users/lzj/bss/201512/20151214/d7371.0336.fits  0336       14438  strumu   40.00   1
/Users/lzj/bss/201512/20151214/d7371.0337.fits  0337       14439  strumu    3.00   1
/Users/lzj/bss/201512/20151214/d7371.0338.fits  0338       14439  strumu   40.00   1
/Users/lzj/bss/201512/20151214/d7371.0339.fits  0339       14440  strumu    3.00   1
/Users/lzj/bss/201512/20151214/d7371.0340.fits  0340       14440  strumu   40.00   1
/Users/lzj/bss/201512/20151214/d7371.0341.fits  0341       12733  strumu    3.00   1
/Users/lzj/bss/201512/20151214/d7371.0342.fits  0342       12733  strumu   40.00   1
/Users/lzj/bss/201512/20151214/d7371.0343.fits  0343       14441  strumu    3.00   1
/Users/lzj/bss/201512/20151214/d7371.0344.fits  0344       14441  strumu   40.00   1
/Users/lzj/bss/201512/20151214/d7371.0345.fits  0345       13080  strumu    3.00   1
/Users/lzj/bss/201512/20151214/d7371.0346.fits  0346       13080  strumu   40.00   1
/Users/lzj/bss/201512/20151214/d7371.0347.fits  0347       12734  strumu    3.00   1
/Users/lzj/bss/201512/20151214/d7371.0348.fits  0348       12734  strumu   40.00   1
/Users/lzj/bss/201512/20151214/d7371.0349.fits  0349       13081  strumu    3.00   1
/Users/lzj/bss/201512/20151214/d7371.0350.fits  0350       13081  strumu   40.00   1
/Users/lzj/bss/201512/20151214/d7371.0351.fits  0351       14442  strumu    3.00   1
/Users/lzj/bss/201512/20151214/d7371.0352.fits  0352       14442  strumu   40.00   1
/Users/lzj/bss/201512/20151214/d7371.0353.fits  0353       12735  strumu    3.00   1
/Users/lzj/bss/201512/20151214/d7371.0354.fits  0354       12735  strumu   40.00   1
/Users/lzj/bss/201512/20151214/d7371.0355.fits  0355       13082  strumu    3.00   1
/Users/lzj/bss/201512/20151214/d7371.0356.fits  0356       13082  strumu   40.00   1
/Users/lzj/bss/201512/20151214/d7371.0357.fits  0357       12736  strumu    3.00   1
/Users/lzj/bss/201512/20151214/d7371.0358.fits  0358       12736  strumu   40.00   1
/Users/lzj/bss/201512/20151214/d7371.0359.fits  0359       13083  strumu    3.00   1
/Users/lzj/bss/201512/20151214/d7371.0360.fits  0360       13083  strumu   40.00   1
/Users/lzj/bss/201512/20151214/d7371.0361.fits  0361       12737  strumu    3.00   1
/Users/lzj/bss/201512/20151214/d7371.0362.fits  0362       12737  strumu   40.00   1
/Users/lzj/bss/201512/20151214/d7371.0363.fits  0363       13084  strumu    3.00   1
/Users/lzj/bss/201512/20151214/d7371.0364.fits  0364       13084  strumu   40.00   1
/Users/lzj/bss/201512/20151214/d7371.0365.fits  0365       12738  strumu    3.00   1
/Users/lzj/bss/201512/20151214/d7371.0366.fits  0366       12738  strumu   40.00   1
/Users/lzj/bss/201512/20151214/d7371.0367.fits  0367       13085  strumu    3.00   1
/Users/lzj/bss/201512/20151214/d7371.0368.fits  0368       13085  strumu   40.00   1
/Users/lzj/bss/201512/20151214/d7371.0369.fits  0369       12739  strumu    3.00   1
/Users/lzj/bss/201512/20151214/d7371.0370.fits  0370       12739  strumu   40.00   1
/Users/lzj/bss/201512/20151214/d7371.0371.fits  0371       13086  strumu    3.00   1
/Users/lzj/bss/201512/20151214/d7371.0372.fits  0372       13086  strumu   40.00   1
/Users/lzj/bss/201512/20151214/d7371.0373.fits  0373       10961  strumu    3.00   1
