/Users/lzj/bss/201512/20151204/cai7361.0090.fits  0090   J0112_p01   zheng  900.00   1
/Users/lzj/bss/201512/20151204/cai7361.0091.fits  0091   J0112_p02   zheng  398.00   1
/Users/lzj/bss/201512/20151204/cai7361.0093.fits  0093   J0112_p01   zheng  900.00   1
/Users/lzj/bss/201512/20151204/cai7361.0094.fits  0094   J0112_p02   zheng  900.00   1
/Users/lzj/bss/201512/20151204/cai7361.0095.fits  0095   J0112_p03   zheng  900.00   1
/Users/lzj/bss/201512/20151204/cai7361.0096.fits  0096   J0112_p04   zheng  900.00   1
/Users/lzj/bss/201512/20151204/cai7361.0097.fits  0097   J0112_p05   zheng  900.00   1
/Users/lzj/bss/201512/20151204/cai7361.0098.fits  0098   J0112_p01   zheng  450.00   1
/Users/lzj/bss/201512/20151204/cai7361.0099.fits  0099   J0112_p02   zheng  900.00   1
/Users/lzj/bss/201512/20151204/cai7361.0101.fits  0101   J0112_p03   zheng  121.00   1
/Users/lzj/bss/201512/20151204/cai7361.0102.fits  0102   J0112_p04   zheng  900.00   1
/Users/lzj/bss/201512/20151204/cai7361.0103.fits  0103   J0112_p05   zheng  900.00   1
/Users/lzj/bss/201512/20151204/cai7361.0105.fits  0105       11199  strumu    3.00   1
/Users/lzj/bss/201512/20151204/cai7361.0106.fits  0106       11199  strumu   40.00   1
/Users/lzj/bss/201512/20151204/cai7361.0107.fits  0107       11560  strumu    3.00   1
/Users/lzj/bss/201512/20151204/cai7361.0108.fits  0108       11560  strumu   40.00   1
/Users/lzj/bss/201512/20151204/cai7361.0109.fits  0109       11200  strumu    3.00   1
/Users/lzj/bss/201512/20151204/cai7361.0110.fits  0110       11200  strumu   40.00   1
/Users/lzj/bss/201512/20151204/cai7361.0111.fits  0111       11561  strumu    3.00   1
/Users/lzj/bss/201512/20151204/cai7361.0112.fits  0112       11561  strumu   40.00   1
/Users/lzj/bss/201512/20151204/cai7361.0113.fits  0113       11201  strumu    3.00   1
/Users/lzj/bss/201512/20151204/cai7361.0114.fits  0114       11201  strumu   40.00   1
/Users/lzj/bss/201512/20151204/cai7361.0115.fits  0115       11562  strumu    3.00   1
/Users/lzj/bss/201512/20151204/cai7361.0116.fits  0116       11562  strumu   40.00   1
/Users/lzj/bss/201512/20151204/cai7361.0117.fits  0117       11202  strumu    3.00   1
/Users/lzj/bss/201512/20151204/cai7361.0118.fits  0118       11202  strumu   40.00   1
/Users/lzj/bss/201512/20151204/cai7361.0119.fits  0119       11563  strumu    3.00   1
/Users/lzj/bss/201512/20151204/cai7361.0120.fits  0120       11563  strumu   40.00   1
/Users/lzj/bss/201512/20151204/cai7361.0121.fits  0121       11203  strumu    3.00   1
/Users/lzj/bss/201512/20151204/cai7361.0122.fits  0122       11203  strumu   40.00   1
/Users/lzj/bss/201512/20151204/cai7361.0123.fits  0123       11204  strumu    3.00   1
/Users/lzj/bss/201512/20151204/cai7361.0124.fits  0124       11204  strumu   40.00   1
/Users/lzj/bss/201512/20151204/cai7361.0125.fits  0125       11205  strumu    3.00   1
/Users/lzj/bss/201512/20151204/cai7361.0126.fits  0126       11205  strumu   40.00   1
/Users/lzj/bss/201512/20151204/cai7361.0127.fits  0127       11206  strumu    3.00   1
/Users/lzj/bss/201512/20151204/cai7361.0128.fits  0128       11206  strumu   40.00   1
/Users/lzj/bss/201512/20151204/cai7361.0129.fits  0129       11207  strumu    3.00   1
/Users/lzj/bss/201512/20151204/cai7361.0130.fits  0130       11207  strumu   40.00   1
/Users/lzj/bss/201512/20151204/cai7361.0131.fits  0131       11208  strumu    3.00   1
/Users/lzj/bss/201512/20151204/cai7361.0132.fits  0132       11208  strumu   40.00   1
/Users/lzj/bss/201512/20151204/cai7361.0133.fits  0133       11209  strumu    3.00   1
/Users/lzj/bss/201512/20151204/cai7361.0134.fits  0134       11209  strumu   40.00   1
/Users/lzj/bss/201512/20151204/cai7361.0135.fits  0135       11210  strumu    3.00   1
/Users/lzj/bss/201512/20151204/cai7361.0136.fits  0136       11210  strumu   40.00   1
/Users/lzj/bss/201512/20151204/cai7361.0137.fits  0137       11571  strumu    3.00   1
/Users/lzj/bss/201512/20151204/cai7361.0138.fits  0138       11571  strumu   40.00   1
/Users/lzj/bss/201512/20151204/cai7361.0139.fits  0139       11211  strumu    3.00   1
/Users/lzj/bss/201512/20151204/cai7361.0140.fits  0140       11211  strumu   40.00   1
/Users/lzj/bss/201512/20151204/cai7361.0141.fits  0141       11572  strumu    3.00   1
/Users/lzj/bss/201512/20151204/cai7361.0142.fits  0142       11572  strumu   40.00   1
/Users/lzj/bss/201512/20151204/cai7361.0143.fits  0143       12635  strumu    3.00   1
/Users/lzj/bss/201512/20151204/cai7361.0144.fits  0144       12635  strumu   40.00   1
/Users/lzj/bss/201512/20151204/cai7361.0145.fits  0145       11573  strumu    3.00   1
/Users/lzj/bss/201512/20151204/cai7361.0146.fits  0146       11573  strumu   40.00   1
/Users/lzj/bss/201512/20151204/cai7361.0147.fits  0147       12636  strumu    3.00   1
/Users/lzj/bss/201512/20151204/cai7361.0148.fits  0148       12636  strumu   40.00   1
/Users/lzj/bss/201512/20151204/cai7361.0149.fits  0149       11574  strumu    3.00   1
/Users/lzj/bss/201512/20151204/cai7361.0150.fits  0150       11574  strumu   40.00   1
/Users/lzj/bss/201512/20151204/cai7361.0151.fits  0151       12637  strumu    3.00   1
/Users/lzj/bss/201512/20151204/cai7361.0152.fits  0152       12637  strumu   40.00   1
/Users/lzj/bss/201512/20151204/cai7361.0153.fits  0153       11575  strumu    3.00   1
/Users/lzj/bss/201512/20151204/cai7361.0154.fits  0154       11575  strumu   40.00   1
/Users/lzj/bss/201512/20151204/cai7361.0155.fits  0155       12638  strumu    3.00   1
/Users/lzj/bss/201512/20151204/cai7361.0156.fits  0156       12638  strumu   40.00   1
/Users/lzj/bss/201512/20151204/cai7361.0157.fits  0157       11576  strumu    3.00   1
/Users/lzj/bss/201512/20151204/cai7361.0158.fits  0158       11576  strumu   40.00   1
/Users/lzj/bss/201512/20151204/cai7361.0159.fits  0159       12639  strumu    3.00   1
/Users/lzj/bss/201512/20151204/cai7361.0160.fits  0160       12639  strumu   40.00   1
/Users/lzj/bss/201512/20151204/cai7361.0161.fits  0161       11577  strumu    3.00   1
/Users/lzj/bss/201512/20151204/cai7361.0162.fits  0162       11577  strumu   40.00   1
/Users/lzj/bss/201512/20151204/cai7361.0163.fits  0163       11578  strumu    3.00   1
/Users/lzj/bss/201512/20151204/cai7361.0164.fits  0164       11578  strumu   40.00   1
/Users/lzj/bss/201512/20151204/cai7361.0165.fits  0165       12640  strumu    3.00   1
/Users/lzj/bss/201512/20151204/cai7361.0166.fits  0166       12640  strumu   40.00   1
/Users/lzj/bss/201512/20151204/cai7361.0167.fits  0167       11579  strumu    3.00   1
/Users/lzj/bss/201512/20151204/cai7361.0168.fits  0168       11579  strumu   40.00   1
/Users/lzj/bss/201512/20151204/cai7361.0169.fits  0169       12641  strumu    3.00   1
/Users/lzj/bss/201512/20151204/cai7361.0170.fits  0170       12641  strumu   40.00   1
/Users/lzj/bss/201512/20151204/cai7361.0171.fits  0171       11580  strumu    3.00   1
/Users/lzj/bss/201512/20151204/cai7361.0172.fits  0172       11580  strumu   40.00   1
/Users/lzj/bss/201512/20151204/cai7361.0173.fits  0173       11581  strumu    3.00   1
/Users/lzj/bss/201512/20151204/cai7361.0174.fits  0174       11581  strumu   40.00   1
/Users/lzj/bss/201512/20151204/cai7361.0175.fits  0175       11582  strumu    3.00   1
/Users/lzj/bss/201512/20151204/cai7361.0176.fits  0176       11582  strumu   40.00   1
/Users/lzj/bss/201512/20151204/cai7361.0177.fits  0177       11583  strumu    3.00   1
/Users/lzj/bss/201512/20151204/cai7361.0178.fits  0178       11583  strumu   40.00   1
/Users/lzj/bss/201512/20151204/cai7361.0179.fits  0179       11584  strumu    3.00   1
/Users/lzj/bss/201512/20151204/cai7361.0180.fits  0180       11584  strumu   40.00   1
/Users/lzj/bss/201512/20151204/cai7361.0181.fits  0181       11585  strumu    3.00   1
/Users/lzj/bss/201512/20151204/cai7361.0182.fits  0182       11585  strumu   40.00   1
/Users/lzj/bss/201512/20151204/cai7361.0183.fits  0183       11586  strumu    3.00   1
/Users/lzj/bss/201512/20151204/cai7361.0184.fits  0184       11586  strumu   40.00   1
/Users/lzj/bss/201512/20151204/cai7361.0185.fits  0185       11587  strumu    3.00   1
/Users/lzj/bss/201512/20151204/cai7361.0186.fits  0186       11587  strumu   40.00   1
/Users/lzj/bss/201512/20151204/cai7361.0187.fits  0187       11588  strumu    3.00   1
/Users/lzj/bss/201512/20151204/cai7361.0188.fits  0188       11588  strumu   40.00   1
/Users/lzj/bss/201512/20151204/cai7361.0189.fits  0189       11589  strumu    3.00   1
/Users/lzj/bss/201512/20151204/cai7361.0190.fits  0190       11589  strumu   40.00   1
/Users/lzj/bss/201512/20151204/cai7361.0191.fits  0191       11590  strumu    3.00   1
/Users/lzj/bss/201512/20151204/cai7361.0192.fits  0192       11590  strumu   40.00   1
/Users/lzj/bss/201512/20151204/cai7361.0193.fits  0193       11591  strumu    3.00   1
/Users/lzj/bss/201512/20151204/cai7361.0194.fits  0194       11591  strumu   40.00   1
/Users/lzj/bss/201512/20151204/cai7361.0195.fits  0195       11948  strumu    3.00   1
/Users/lzj/bss/201512/20151204/cai7361.0196.fits  0196       11948  strumu   40.00   1
/Users/lzj/bss/201512/20151204/cai7361.0197.fits  0197       11592  strumu    3.00   1
/Users/lzj/bss/201512/20151204/cai7361.0198.fits  0198       11592  strumu   40.00   1
/Users/lzj/bss/201512/20151204/cai7361.0199.fits  0199       11949  strumu    3.00   1
/Users/lzj/bss/201512/20151204/cai7361.0200.fits  0200       11949  strumu   40.00   1
/Users/lzj/bss/201512/20151204/cai7361.0201.fits  0201       11593  strumu    3.00   1
/Users/lzj/bss/201512/20151204/cai7361.0202.fits  0202       11593  strumu   40.00   1
/Users/lzj/bss/201512/20151204/cai7361.0203.fits  0203       11950  strumu    3.00   1
/Users/lzj/bss/201512/20151204/cai7361.0204.fits  0204       11950  strumu   40.00   1
/Users/lzj/bss/201512/20151204/cai7361.0205.fits  0205       11593  strumv    3.00   1
/Users/lzj/bss/201512/20151204/cai7361.0206.fits  0206       11593  strumv   40.00   1
/Users/lzj/bss/201512/20151204/cai7361.0207.fits  0207       11950  strumv    3.00   1
/Users/lzj/bss/201512/20151204/cai7361.0208.fits  0208       11950  strumv   40.00   1
/Users/lzj/bss/201512/20151204/d7361.0019.fits  0019       11080  strumu    3.00   1
/Users/lzj/bss/201512/20151204/d7361.0020.fits  0020       11080  strumu   40.00   1
/Users/lzj/bss/201512/20151204/d7361.0021.fits  0021       11081  strumu    3.00   1
/Users/lzj/bss/201512/20151204/d7361.0022.fits  0022       11081  strumu   40.00   1
/Users/lzj/bss/201512/20151204/d7361.0023.fits  0023       11082  strumu    3.00   1
/Users/lzj/bss/201512/20151204/d7361.0024.fits  0024       11082  strumu   40.00   1
/Users/lzj/bss/201512/20151204/d7361.0025.fits  0025       11083  strumu    3.00   1
/Users/lzj/bss/201512/20151204/d7361.0026.fits  0026       11083  strumu   40.00   1
/Users/lzj/bss/201512/20151204/d7361.0027.fits  0027       11084  strumu    3.00   1
/Users/lzj/bss/201512/20151204/d7361.0028.fits  0028       11084  strumu   40.00   1
/Users/lzj/bss/201512/20151204/d7361.0029.fits  0029       11085  strumu    3.00   1
/Users/lzj/bss/201512/20151204/d7361.0030.fits  0030       11085  strumu   40.00   1
/Users/lzj/bss/201512/20151204/d7361.0031.fits  0031       11086  strumu    3.00   1
/Users/lzj/bss/201512/20151204/d7361.0032.fits  0032       11086  strumu   40.00   1
/Users/lzj/bss/201512/20151204/d7361.0033.fits  0033       11087  strumu    3.00   1
/Users/lzj/bss/201512/20151204/d7361.0034.fits  0034       11087  strumu   40.00   1
/Users/lzj/bss/201512/20151204/d7361.0035.fits  0035       11088  strumu    3.00   1
/Users/lzj/bss/201512/20151204/d7361.0036.fits  0036       11088  strumu   40.00   1
/Users/lzj/bss/201512/20151204/d7361.0037.fits  0037       11089  strumu    3.00   1
/Users/lzj/bss/201512/20151204/d7361.0038.fits  0038       11089  strumu   40.00   1
/Users/lzj/bss/201512/20151204/d7361.0039.fits  0039       11090  strumu    3.00   1
/Users/lzj/bss/201512/20151204/d7361.0040.fits  0040       11090  strumu   40.00   1
/Users/lzj/bss/201512/20151204/d7361.0041.fits  0041       11452  strumu    3.00   1
/Users/lzj/bss/201512/20151204/d7361.0042.fits  0042       11452  strumu   40.00   1
/Users/lzj/bss/201512/20151204/d7361.0043.fits  0043       11091  strumu    3.00   1
/Users/lzj/bss/201512/20151204/d7361.0044.fits  0044       11091  strumu   40.00   1
/Users/lzj/bss/201512/20151204/d7361.0045.fits  0045       11453  strumu    3.00   1
/Users/lzj/bss/201512/20151204/d7361.0046.fits  0046       11453  strumu   40.00   1
/Users/lzj/bss/201512/20151204/d7361.0047.fits  0047       11092  strumu    3.00   1
/Users/lzj/bss/201512/20151204/d7361.0048.fits  0048       11092  strumu   40.00   1
/Users/lzj/bss/201512/20151204/d7361.0049.fits  0049       11454  strumu    3.00   1
/Users/lzj/bss/201512/20151204/d7361.0050.fits  0050       11454  strumu   40.00   1
/Users/lzj/bss/201512/20151204/d7361.0051.fits  0051       11093  strumu    3.00   1
/Users/lzj/bss/201512/20151204/d7361.0052.fits  0052       11093  strumu   40.00   1
/Users/lzj/bss/201512/20151204/d7361.0053.fits  0053       11455  strumu    3.00   1
/Users/lzj/bss/201512/20151204/d7361.0054.fits  0054       11455  strumu   40.00   1
/Users/lzj/bss/201512/20151204/d7361.0055.fits  0055       11094  strumu    3.00   1
/Users/lzj/bss/201512/20151204/d7361.0056.fits  0056       11094  strumu   40.00   1
/Users/lzj/bss/201512/20151204/d7361.0057.fits  0057       11456  strumu    3.00   1
/Users/lzj/bss/201512/20151204/d7361.0058.fits  0058       11456  strumu   40.00   1
/Users/lzj/bss/201512/20151204/d7361.0059.fits  0059       11095  strumu    3.00   1
/Users/lzj/bss/201512/20151204/d7361.0060.fits  0060       11095  strumu   40.00   1
/Users/lzj/bss/201512/20151204/d7361.0061.fits  0061       11457  strumu    3.00   1
/Users/lzj/bss/201512/20151204/d7361.0062.fits  0062       11457  strumu   40.00   1
/Users/lzj/bss/201512/20151204/d7361.0063.fits  0063       11096  strumu    3.00   1
/Users/lzj/bss/201512/20151204/d7361.0064.fits  0064       11096  strumu   40.00   1
/Users/lzj/bss/201512/20151204/d7361.0065.fits  0065       11458  strumu    3.00   1
/Users/lzj/bss/201512/20151204/d7361.0066.fits  0066       11458  strumu   40.00   1
/Users/lzj/bss/201512/20151204/d7361.0067.fits  0067       11097  strumu    3.00   1
/Users/lzj/bss/201512/20151204/d7361.0068.fits  0068       11097  strumu   40.00   1
/Users/lzj/bss/201512/20151204/d7361.0069.fits  0069       11098  strumu    3.00   1
/Users/lzj/bss/201512/20151204/d7361.0070.fits  0070       11098  strumu   40.00   1
/Users/lzj/bss/201512/20151204/d7361.0071.fits  0071       11099  strumu    3.00   1
/Users/lzj/bss/201512/20151204/d7361.0072.fits  0072       11099  strumu   40.00   1
/Users/lzj/bss/201512/20151204/d7361.0073.fits  0073       11100  strumu    3.00   1
/Users/lzj/bss/201512/20151204/d7361.0074.fits  0074       11100  strumu   40.00   1
/Users/lzj/bss/201512/20151204/d7361.0075.fits  0075       11466  strumu    3.00   1
/Users/lzj/bss/201512/20151204/d7361.0076.fits  0076       11466  strumu   40.00   1
/Users/lzj/bss/201512/20151204/d7361.0077.fits  0077       11467  strumu    3.00   1
/Users/lzj/bss/201512/20151204/d7361.0078.fits  0078       11467  strumu   40.00   1
/Users/lzj/bss/201512/20151204/d7361.0079.fits  0079       11468  strumu    3.00   1
/Users/lzj/bss/201512/20151204/d7361.0080.fits  0080       11468  strumu   40.00   1
/Users/lzj/bss/201512/20151204/d7361.0081.fits  0081       11469  strumu    3.00   1
/Users/lzj/bss/201512/20151204/d7361.0082.fits  0082       11469  strumu   40.00   1
/Users/lzj/bss/201512/20151204/d7361.0083.fits  0083       11470  strumu    3.00   1
/Users/lzj/bss/201512/20151204/d7361.0084.fits  0084       11470  strumu   40.00   1
/Users/lzj/bss/201512/20151204/d7361.0085.fits  0085       11471  strumu    3.00   1
/Users/lzj/bss/201512/20151204/d7361.0086.fits  0086       11471  strumu   40.00   1
/Users/lzj/bss/201512/20151204/d7361.0087.fits  0087       11472  strumu    3.00   1
/Users/lzj/bss/201512/20151204/d7361.0088.fits  0088       11472  strumu   40.00   1
/Users/lzj/bss/201512/20151204/d7361.0211.fits  0211       11594  strumu    3.00   1
/Users/lzj/bss/201512/20151204/d7361.0212.fits  0212       11594  strumu   40.00   1
/Users/lzj/bss/201512/20151204/d7361.0213.fits  0213       11951  strumu    3.00   1
/Users/lzj/bss/201512/20151204/d7361.0214.fits  0214       11951  strumu   40.00   1
/Users/lzj/bss/201512/20151204/d7361.0215.fits  0215       11595  strumu    3.00   1
/Users/lzj/bss/201512/20151204/d7361.0216.fits  0216       11595  strumu   40.00   1
/Users/lzj/bss/201512/20151204/d7361.0217.fits  0217       11952  strumu    3.00   1
/Users/lzj/bss/201512/20151204/d7361.0218.fits  0218       11952  strumu   40.00   1
/Users/lzj/bss/201512/20151204/d7361.0219.fits  0219       11596  strumu    3.00   1
/Users/lzj/bss/201512/20151204/d7361.0220.fits  0220       11596  strumu   40.00   1
/Users/lzj/bss/201512/20151204/d7361.0221.fits  0221       11953  strumu    3.00   1
/Users/lzj/bss/201512/20151204/d7361.0222.fits  0222       11953  strumu   40.00   1
/Users/lzj/bss/201512/20151204/d7361.0223.fits  0223       11597  strumu    3.00   1
/Users/lzj/bss/201512/20151204/d7361.0224.fits  0224       11597  strumu   40.00   1
/Users/lzj/bss/201512/20151204/d7361.0225.fits  0225       11954  strumu    3.00   1
/Users/lzj/bss/201512/20151204/d7361.0226.fits  0226       11954  strumu   40.00   1
/Users/lzj/bss/201512/20151204/d7361.0227.fits  0227       11598  strumu    3.00   1
/Users/lzj/bss/201512/20151204/d7361.0228.fits  0228       11598  strumu   40.00   1
/Users/lzj/bss/201512/20151204/d7361.0229.fits  0229       11955  strumu    3.00   1
/Users/lzj/bss/201512/20151204/d7361.0230.fits  0230       11955  strumu   40.00   1
/Users/lzj/bss/201512/20151204/d7361.0231.fits  0231       11599  strumu    3.00   1
/Users/lzj/bss/201512/20151204/d7361.0232.fits  0232       11599  strumu   40.00   1
/Users/lzj/bss/201512/20151204/d7361.0233.fits  0233       11240  strumu    3.00   1
/Users/lzj/bss/201512/20151204/d7361.0234.fits  0234       11240  strumu   40.00   1
/Users/lzj/bss/201512/20151204/d7361.0235.fits  0235       11956  strumu    3.00   1
/Users/lzj/bss/201512/20151204/d7361.0236.fits  0236       11956  strumu   40.00   1
/Users/lzj/bss/201512/20151204/d7361.0237.fits  0237       11600  strumu    3.00   1
/Users/lzj/bss/201512/20151204/d7361.0238.fits  0238       11600  strumu   40.00   1
/Users/lzj/bss/201512/20151204/d7361.0239.fits  0239       11241  strumu    3.00   1
/Users/lzj/bss/201512/20151204/d7361.0240.fits  0240       11241  strumu   40.00   1
/Users/lzj/bss/201512/20151204/d7361.0241.fits  0241       11957  strumu    3.00   1
/Users/lzj/bss/201512/20151204/d7361.0242.fits  0242       11957  strumu   40.00   1
/Users/lzj/bss/201512/20151204/d7361.0243.fits  0243       11601  strumu    3.00   1
/Users/lzj/bss/201512/20151204/d7361.0244.fits  0244       11601  strumu   40.00   1
/Users/lzj/bss/201512/20151204/d7361.0245.fits  0245       11242  strumu    3.00   1
/Users/lzj/bss/201512/20151204/d7361.0246.fits  0246       11242  strumu   40.00   1
/Users/lzj/bss/201512/20151204/d7361.0247.fits  0247       11958  strumu    3.00   1
/Users/lzj/bss/201512/20151204/d7361.0248.fits  0248       11958  strumu   40.00   1
/Users/lzj/bss/201512/20151204/d7361.0249.fits  0249       11602  strumu    3.00   1
/Users/lzj/bss/201512/20151204/d7361.0250.fits  0250       11602  strumu   40.00   1
/Users/lzj/bss/201512/20151204/d7361.0251.fits  0251       11243  strumu    3.00   1
/Users/lzj/bss/201512/20151204/d7361.0252.fits  0252       11243  strumu   40.00   1
/Users/lzj/bss/201512/20151204/d7361.0253.fits  0253       11959  strumu    3.00   1
/Users/lzj/bss/201512/20151204/d7361.0254.fits  0254       11959  strumu   40.00   1
/Users/lzj/bss/201512/20151204/d7361.0255.fits  0255       11603  strumu    3.00   1
/Users/lzj/bss/201512/20151204/d7361.0256.fits  0256       11603  strumu   40.00   1
/Users/lzj/bss/201512/20151204/d7361.0257.fits  0257       11244  strumu    3.00   1
/Users/lzj/bss/201512/20151204/d7361.0258.fits  0258       11244  strumu   40.00   1
/Users/lzj/bss/201512/20151204/d7361.0259.fits  0259       11960  strumu    3.00   1
/Users/lzj/bss/201512/20151204/d7361.0260.fits  0260       11960  strumu   40.00   1
/Users/lzj/bss/201512/20151204/d7361.0261.fits  0261       11604  strumu    3.00   1
/Users/lzj/bss/201512/20151204/d7361.0262.fits  0262       11604  strumu   40.00   1
/Users/lzj/bss/201512/20151204/d7361.0263.fits  0263       11245  strumu    3.00   1
/Users/lzj/bss/201512/20151204/d7361.0264.fits  0264       11245  strumu   40.00   1
/Users/lzj/bss/201512/20151204/d7361.0265.fits  0265       11961  strumu    3.00   1
/Users/lzj/bss/201512/20151204/d7361.0266.fits  0266       11961  strumu   40.00   1
/Users/lzj/bss/201512/20151204/d7361.0267.fits  0267       11605  strumu    3.00   1
/Users/lzj/bss/201512/20151204/d7361.0268.fits  0268       11605  strumu   40.00   1
/Users/lzj/bss/201512/20151204/d7361.0269.fits  0269       11246  strumu    3.00   1
/Users/lzj/bss/201512/20151204/d7361.0270.fits  0270       11246  strumu   40.00   1
/Users/lzj/bss/201512/20151204/d7361.0271.fits  0271       11606  strumu    3.00   1
/Users/lzj/bss/201512/20151204/d7361.0272.fits  0272       11606  strumu   40.00   1
/Users/lzj/bss/201512/20151204/d7361.0273.fits  0273       11247  strumu    3.00   1
/Users/lzj/bss/201512/20151204/d7361.0274.fits  0274       11247  strumu   40.00   1
/Users/lzj/bss/201512/20151204/d7361.0275.fits  0275       11607  strumu    3.00   1
/Users/lzj/bss/201512/20151204/d7361.0276.fits  0276       11607  strumu   40.00   1
/Users/lzj/bss/201512/20151204/d7361.0277.fits  0277       11248  strumu    3.00   1
/Users/lzj/bss/201512/20151204/d7361.0278.fits  0278       11248  strumu   40.00   1
/Users/lzj/bss/201512/20151204/d7361.0279.fits  0279       11608  strumu    3.00   1
/Users/lzj/bss/201512/20151204/d7361.0280.fits  0280       11608  strumu   40.00   1
/Users/lzj/bss/201512/20151204/d7361.0281.fits  0281       11249  strumu    3.00   1
/Users/lzj/bss/201512/20151204/d7361.0282.fits  0282       11249  strumu   40.00   1
/Users/lzj/bss/201512/20151204/d7361.0283.fits  0283       11609  strumu    3.00   1
/Users/lzj/bss/201512/20151204/d7361.0284.fits  0284       11609  strumu   40.00   1
/Users/lzj/bss/201512/20151204/d7361.0285.fits  0285       11250  strumu    3.00   1
/Users/lzj/bss/201512/20151204/d7361.0286.fits  0286       11250  strumu   40.00   1
/Users/lzj/bss/201512/20151204/d7361.0287.fits  0287       11610  strumu    3.00   1
/Users/lzj/bss/201512/20151204/d7361.0288.fits  0288       11610  strumu   40.00   1
/Users/lzj/bss/201512/20151204/d7361.0289.fits  0289       11251  strumu    3.00   1
/Users/lzj/bss/201512/20151204/d7361.0290.fits  0290       11251  strumu   40.00   1
/Users/lzj/bss/201512/20151204/d7361.0291.fits  0291       11611  strumu    3.00   1
/Users/lzj/bss/201512/20151204/d7361.0292.fits  0292       11611  strumu   40.00   1
/Users/lzj/bss/201512/20151204/d7361.0293.fits  0293       11252  strumu    3.00   1
/Users/lzj/bss/201512/20151204/d7361.0294.fits  0294       11252  strumu   40.00   1
/Users/lzj/bss/201512/20151204/d7361.0295.fits  0295       11612  strumu    3.00   1
/Users/lzj/bss/201512/20151204/d7361.0296.fits  0296       11612  strumu   40.00   1
/Users/lzj/bss/201512/20151204/d7361.0297.fits  0297       11253  strumu    3.00   1
/Users/lzj/bss/201512/20151204/d7361.0298.fits  0298       11253  strumu   40.00   1
/Users/lzj/bss/201512/20151204/d7361.0299.fits  0299       11254  strumu    3.00   1
/Users/lzj/bss/201512/20151204/d7361.0300.fits  0300       11254  strumu   40.00   1
/Users/lzj/bss/201512/20151204/d7361.0301.fits  0301       11255  strumu    3.00   1
/Users/lzj/bss/201512/20151204/d7361.0302.fits  0302       11255  strumu   40.00   1
/Users/lzj/bss/201512/20151204/d7361.0303.fits  0303       11256  strumu    3.00   1
/Users/lzj/bss/201512/20151204/d7361.0304.fits  0304       11256  strumu   40.00   1
/Users/lzj/bss/201512/20151204/d7361.0305.fits  0305       11257  strumu    3.00   1
/Users/lzj/bss/201512/20151204/d7361.0306.fits  0306       11257  strumu   40.00   1
/Users/lzj/bss/201512/20151204/d7361.0307.fits  0307       11258  strumu    3.00   1
/Users/lzj/bss/201512/20151204/d7361.0308.fits  0308       11258  strumu   40.00   1
/Users/lzj/bss/201512/20151204/d7361.0309.fits  0309       11259  strumu    3.00   1
/Users/lzj/bss/201512/20151204/d7361.0310.fits  0310       11259  strumu   40.00   1
/Users/lzj/bss/201512/20151204/d7361.0311.fits  0311       11258  strumv    3.00   1
/Users/lzj/bss/201512/20151204/d7361.0312.fits  0312       11258  strumv   40.00   1
/Users/lzj/bss/201512/20151204/d7361.0313.fits  0313       11259  strumv    3.00   1
/Users/lzj/bss/201512/20151204/d7361.0314.fits  0314       11259  strumv   40.00   1
/Users/lzj/bss/201512/20151204/d7361.0316.fits  0316       11260  strumu    3.00   1
/Users/lzj/bss/201512/20151204/d7361.0317.fits  0317       11260  strumu   40.00   1
/Users/lzj/bss/201512/20151204/d7361.0318.fits  0318       10898  strumu    3.00   1
/Users/lzj/bss/201512/20151204/d7361.0319.fits  0319       10898  strumu   40.00   1
/Users/lzj/bss/201512/20151204/d7361.0320.fits  0320       11976  strumu    3.00   1
/Users/lzj/bss/201512/20151204/d7361.0321.fits  0321       11976  strumu   40.00   1
/Users/lzj/bss/201512/20151204/d7361.0322.fits  0322       10899  strumu    3.00   1
/Users/lzj/bss/201512/20151204/d7361.0323.fits  0323       10899  strumu   40.00   1
/Users/lzj/bss/201512/20151204/d7361.0324.fits  0324       11977  strumu    3.00   1
/Users/lzj/bss/201512/20151204/d7361.0325.fits  0325       11977  strumu   40.00   1
/Users/lzj/bss/201512/20151204/d7361.0326.fits  0326       10900  strumu    3.00   1
/Users/lzj/bss/201512/20151204/d7361.0327.fits  0327       10900  strumu   40.00   1
/Users/lzj/bss/201512/20151204/d7361.0328.fits  0328       10901  strumu    3.00   1
/Users/lzj/bss/201512/20151204/d7361.0329.fits  0329       10901  strumu   40.00   1
/Users/lzj/bss/201512/20151204/d7361.0330.fits  0330       10902  strumu    3.00   1
/Users/lzj/bss/201512/20151204/d7361.0331.fits  0331       10902  strumu   40.00   1
/Users/lzj/bss/201512/20151204/d7361.0332.fits  0332       10903  strumu    3.00   1
/Users/lzj/bss/201512/20151204/d7361.0333.fits  0333       10903  strumu   40.00   1
/Users/lzj/bss/201512/20151204/d7361.0334.fits  0334       10904  strumu    3.00   1
/Users/lzj/bss/201512/20151204/d7361.0335.fits  0335       10904  strumu   40.00   1
/Users/lzj/bss/201512/20151204/d7361.0336.fits  0336       10541  strumu    3.00   1
/Users/lzj/bss/201512/20151204/d7361.0337.fits  0337       10541  strumu   40.00   1
/Users/lzj/bss/201512/20151204/d7361.0338.fits  0338       10542  strumu    3.00   1
/Users/lzj/bss/201512/20151204/d7361.0339.fits  0339       10542  strumu   40.00   1
/Users/lzj/bss/201512/20151204/d7361.0340.fits  0340       11627  strumu    3.00   1
/Users/lzj/bss/201512/20151204/d7361.0341.fits  0341       11627  strumu   40.00   1
/Users/lzj/bss/201512/20151204/d7361.0342.fits  0342       10543  strumu    3.00   1
/Users/lzj/bss/201512/20151204/d7361.0343.fits  0343       10543  strumu   40.00   1
/Users/lzj/bss/201512/20151204/d7361.0344.fits  0344       11628  strumu    3.00   1
/Users/lzj/bss/201512/20151204/d7361.0345.fits  0345       11628  strumu   40.00   1
/Users/lzj/bss/201512/20151204/d7361.0346.fits  0346       10544  strumu    3.00   1
/Users/lzj/bss/201512/20151204/d7361.0347.fits  0347       10544  strumu   40.00   1
/Users/lzj/bss/201512/20151204/d7361.0348.fits  0348       11629  strumu    3.00   1
/Users/lzj/bss/201512/20151204/d7361.0349.fits  0349       11629  strumu   40.00   1
/Users/lzj/bss/201512/20151204/d7361.0350.fits  0350       10545  strumu    3.00   1
/Users/lzj/bss/201512/20151204/d7361.0351.fits  0351       10545  strumu   40.00   1
/Users/lzj/bss/201512/20151204/d7361.0352.fits  0352       11630  strumu    3.00   1
/Users/lzj/bss/201512/20151204/d7361.0353.fits  0353       11630  strumu   40.00   1
/Users/lzj/bss/201512/20151204/d7361.0354.fits  0354       10546  strumu    3.00   1
/Users/lzj/bss/201512/20151204/d7361.0355.fits  0355       10546  strumu   40.00   1
/Users/lzj/bss/201512/20151204/d7361.0356.fits  0356       11631  strumu    3.00   1
/Users/lzj/bss/201512/20151204/d7361.0357.fits  0357       11631  strumu   40.00   1
/Users/lzj/bss/201512/20151204/d7361.0358.fits  0358       10547  strumu    3.00   1
/Users/lzj/bss/201512/20151204/d7361.0359.fits  0359       10547  strumu   40.00   1
/Users/lzj/bss/201512/20151204/d7361.0360.fits  0360       11632  strumu    3.00   1
/Users/lzj/bss/201512/20151204/d7361.0361.fits  0361       11632  strumu   40.00   1
/Users/lzj/bss/201512/20151204/d7361.0362.fits  0362       11633  strumu    3.00   1
/Users/lzj/bss/201512/20151204/d7361.0363.fits  0363       11633  strumu   40.00   1
/Users/lzj/bss/201512/20151204/d7361.0364.fits  0364       12382  strumu    3.00   1
/Users/lzj/bss/201512/20151204/d7361.0365.fits  0365       12382  strumu   40.00   1
/Users/lzj/bss/201512/20151204/d7361.0366.fits  0366       12733  strumu    3.00   1
/Users/lzj/bss/201512/20151204/d7361.0367.fits  0367       12733  strumu   40.00   1
/Users/lzj/bss/201512/20151204/d7361.0370.fits  0370       12383  strumu    3.00   1
/Users/lzj/bss/201512/20151204/d7361.0371.fits  0371       12383  strumu   40.00   1
/Users/lzj/bss/201512/20151204/d7361.0372.fits  0372       12734  strumu    3.00   1
/Users/lzj/bss/201512/20151204/d7361.0373.fits  0373       12734  strumu   40.00   1
/Users/lzj/bss/201512/20151204/d7361.0374.fits  0374       12384  strumu    3.00   1
/Users/lzj/bss/201512/20151204/d7361.0375.fits  0375       12384  strumu   40.00   1
/Users/lzj/bss/201512/20151204/d7361.0376.fits  0376       12735  strumu    3.00   1
/Users/lzj/bss/201512/20151204/d7361.0377.fits  0377       12735  strumu   40.00   1
/Users/lzj/bss/201512/20151204/d7361.0378.fits  0378       12387  strumu   40.00   1
/Users/lzj/bss/201512/20151204/d7361.0379.fits  0379       12738  strumu    3.00   1
/Users/lzj/bss/201512/20151204/d7361.0380.fits  0380       12738  strumu   40.00   1
/Users/lzj/bss/201512/20151204/d7361.0381.fits  0381       12388  strumu    3.00   1
/Users/lzj/bss/201512/20151204/d7361.0382.fits  0382       12388  strumu   40.00   1
/Users/lzj/bss/201512/20151204/d7361.0383.fits  0383       12738  strumv    3.00   1
/Users/lzj/bss/201512/20151204/d7361.0384.fits  0384       12738  strumv   40.00   1
/Users/lzj/bss/201512/20151204/d7361.0385.fits  0385       12388  strumv    3.00   1
/Users/lzj/bss/201512/20151204/d7361.0386.fits  0386       12388  strumv   40.00   1
