/Users/lzj/bss/201512/20151208/cai7365.0082.fits  0082   J0112_p01   zheng  900.00   1
/Users/lzj/bss/201512/20151208/cai7365.0083.fits  0083   J0112_p02   zheng  900.00   1
/Users/lzj/bss/201512/20151208/cai7365.0084.fits  0084   J0112_p03   zheng  900.00   1
/Users/lzj/bss/201512/20151208/cai7365.0085.fits  0085   J0112_p04   zheng  900.00   1
/Users/lzj/bss/201512/20151208/cai7365.0086.fits  0086   J0112_p05   zheng  900.00   1
/Users/lzj/bss/201512/20151208/cai7365.0087.fits  0087   J0112_p01   zheng  900.00   1
/Users/lzj/bss/201512/20151208/cai7365.0089.fits  0089   J0112_p02   zheng  900.00   1
/Users/lzj/bss/201512/20151208/cai7365.0090.fits  0090   J0112_p03   zheng  900.00   1
/Users/lzj/bss/201512/20151208/cai7365.0091.fits  0091   J0112_p04   zheng  900.00   1
/Users/lzj/bss/201512/20151208/cai7365.0092.fits  0092   J0112_p05   zheng  900.00   1
/Users/lzj/bss/201512/20151208/d7365.0016.fits  0016       10742  strumu    3.00   1
/Users/lzj/bss/201512/20151208/d7365.0017.fits  0017       10742  strumu   40.00   1
/Users/lzj/bss/201512/20151208/d7365.0018.fits  0018       10743  strumu    3.00   1
/Users/lzj/bss/201512/20151208/d7365.0019.fits  0019       10743  strumu   40.00   1
/Users/lzj/bss/201512/20151208/d7365.0020.fits  0020       10744  strumu    3.00   1
/Users/lzj/bss/201512/20151208/d7365.0021.fits  0021       10744  strumu   40.00   1
/Users/lzj/bss/201512/20151208/d7365.0022.fits  0022       10745  strumu    3.00   1
/Users/lzj/bss/201512/20151208/d7365.0023.fits  0023       10745  strumu   40.00   1
/Users/lzj/bss/201512/20151208/d7365.0024.fits  0024       10746  strumu    3.00   1
/Users/lzj/bss/201512/20151208/d7365.0025.fits  0025       10746  strumu   40.00   1
/Users/lzj/bss/201512/20151208/d7365.0026.fits  0026       10747  strumu    3.00   1
/Users/lzj/bss/201512/20151208/d7365.0027.fits  0027       10747  strumu   40.00   1
/Users/lzj/bss/201512/20151208/d7365.0028.fits  0028       10748  strumu    3.00   1
/Users/lzj/bss/201512/20151208/d7365.0029.fits  0029       10748  strumu   40.00   1
/Users/lzj/bss/201512/20151208/d7365.0030.fits  0030       10749  strumu    3.00   1
/Users/lzj/bss/201512/20151208/d7365.0031.fits  0031       10749  strumu   40.00   1
/Users/lzj/bss/201512/20151208/d7365.0032.fits  0032       10750  strumu    3.00   1
/Users/lzj/bss/201512/20151208/d7365.0033.fits  0033       10750  strumu   40.00   1
/Users/lzj/bss/201512/20151208/d7365.0034.fits  0034       10751  strumu    3.00   1
/Users/lzj/bss/201512/20151208/d7365.0035.fits  0035       10751  strumu   40.00   1
/Users/lzj/bss/201512/20151208/d7365.0036.fits  0036       10752  strumu    3.00   1
/Users/lzj/bss/201512/20151208/d7365.0037.fits  0037       10752  strumu   40.00   1
/Users/lzj/bss/201512/20151208/d7365.0038.fits  0038       10753  strumu    3.00   1
/Users/lzj/bss/201512/20151208/d7365.0039.fits  0039       10753  strumu   40.00   1
/Users/lzj/bss/201512/20151208/d7365.0040.fits  0040       10754  strumu    3.00   1
/Users/lzj/bss/201512/20151208/d7365.0041.fits  0041       10754  strumu   40.00   1
/Users/lzj/bss/201512/20151208/d7365.0042.fits  0042       10755  strumu    3.00   1
/Users/lzj/bss/201512/20151208/d7365.0043.fits  0043       10755  strumu   40.00   1
/Users/lzj/bss/201512/20151208/d7365.0044.fits  0044       10756  strumu    3.00   1
/Users/lzj/bss/201512/20151208/d7365.0045.fits  0045       10756  strumu   40.00   1
/Users/lzj/bss/201512/20151208/d7365.0046.fits  0046       10757  strumu    3.00   1
/Users/lzj/bss/201512/20151208/d7365.0047.fits  0047       10757  strumu   40.00   1
/Users/lzj/bss/201512/20151208/d7365.0048.fits  0048       10758  strumu    3.00   1
/Users/lzj/bss/201512/20151208/d7365.0049.fits  0049       10758  strumu   40.00   1
/Users/lzj/bss/201512/20151208/d7365.0050.fits  0050       10759  strumu    3.00   1
/Users/lzj/bss/201512/20151208/d7365.0051.fits  0051       10759  strumu   40.00   1
/Users/lzj/bss/201512/20151208/d7365.0052.fits  0052       10760  strumu    3.00   1
/Users/lzj/bss/201512/20151208/d7365.0053.fits  0053       10760  strumu   40.00   1
/Users/lzj/bss/201512/20151208/d7365.0054.fits  0054       10761  strumu    3.00   1
/Users/lzj/bss/201512/20151208/d7365.0055.fits  0055       10761  strumu   40.00   1
/Users/lzj/bss/201512/20151208/d7365.0056.fits  0056       10762  strumu    3.00   1
/Users/lzj/bss/201512/20151208/d7365.0057.fits  0057       10762  strumu   40.00   1
/Users/lzj/bss/201512/20151208/d7365.0058.fits  0058       10403  strumu    3.00   1
/Users/lzj/bss/201512/20151208/d7365.0059.fits  0059       10403  strumu   40.00   1
/Users/lzj/bss/201512/20151208/d7365.0060.fits  0060       11129  strumu    3.00   1
/Users/lzj/bss/201512/20151208/d7365.0061.fits  0061       11129  strumu   40.00   1
/Users/lzj/bss/201512/20151208/d7365.0062.fits  0062       10404  strumu    3.00   1
/Users/lzj/bss/201512/20151208/d7365.0063.fits  0063       10404  strumu   40.00   1
/Users/lzj/bss/201512/20151208/d7365.0064.fits  0064       11130  strumu    3.00   1
/Users/lzj/bss/201512/20151208/d7365.0065.fits  0065       11130  strumu   40.00   1
/Users/lzj/bss/201512/20151208/d7365.0066.fits  0066       10405  strumu    3.00   1
/Users/lzj/bss/201512/20151208/d7365.0067.fits  0067       10405  strumu   40.00   1
/Users/lzj/bss/201512/20151208/d7365.0068.fits  0068       11131  strumu    3.00   1
/Users/lzj/bss/201512/20151208/d7365.0069.fits  0069       11131  strumu   40.00   1
/Users/lzj/bss/201512/20151208/d7365.0070.fits  0070       10406  strumu    3.00   1
/Users/lzj/bss/201512/20151208/d7365.0071.fits  0071       10406  strumu   40.00   1
/Users/lzj/bss/201512/20151208/d7365.0072.fits  0072       10770  strumu    3.00   1
/Users/lzj/bss/201512/20151208/d7365.0073.fits  0073       10770  strumu   40.00   1
/Users/lzj/bss/201512/20151208/d7365.0074.fits  0074       11132  strumu    3.00   1
/Users/lzj/bss/201512/20151208/d7365.0075.fits  0075       11132  strumu   40.00   1
/Users/lzj/bss/201512/20151208/d7365.0076.fits  0076       10407  strumu    3.00   1
/Users/lzj/bss/201512/20151208/d7365.0077.fits  0077       10407  strumu   40.00   1
/Users/lzj/bss/201512/20151208/d7365.0078.fits  0078       10771  strumu    3.00   1
/Users/lzj/bss/201512/20151208/d7365.0079.fits  0079       10771  strumu   40.00   1
/Users/lzj/bss/201512/20151208/d7365.0094.fits  0094       10427  strumu    3.00   1
/Users/lzj/bss/201512/20151208/d7365.0095.fits  0095       10427  strumu   40.00   1
/Users/lzj/bss/201512/20151208/d7365.0096.fits  0096       10428  strumu    3.00   1
/Users/lzj/bss/201512/20151208/d7365.0097.fits  0097       10428  strumu   40.00   1
/Users/lzj/bss/201512/20151208/d7365.0098.fits  0098       10429  strumu    3.00   1
/Users/lzj/bss/201512/20151208/d7365.0099.fits  0099       10429  strumu   40.00   1
/Users/lzj/bss/201512/20151208/d7365.0100.fits  0100       10430  strumu    3.00   1
/Users/lzj/bss/201512/20151208/d7365.0101.fits  0101       10430  strumu   40.00   1
/Users/lzj/bss/201512/20151208/d7365.0102.fits  0102       10431  strumu    3.00   1
/Users/lzj/bss/201512/20151208/d7365.0103.fits  0103       10431  strumu   40.00   1
/Users/lzj/bss/201512/20151208/d7365.0104.fits  0104       10432  strumu    3.00   1
/Users/lzj/bss/201512/20151208/d7365.0105.fits  0105       10432  strumu   40.00   1
/Users/lzj/bss/201512/20151208/d7365.0106.fits  0106       10433  strumu    3.00   1
/Users/lzj/bss/201512/20151208/d7365.0107.fits  0107       10433  strumu   40.00   1
/Users/lzj/bss/201512/20151208/d7365.0108.fits  0108       10434  strumu    3.00   1
/Users/lzj/bss/201512/20151208/d7365.0109.fits  0109       10434  strumu   40.00   1
/Users/lzj/bss/201512/20151208/d7365.0110.fits  0110       10435  strumu    3.00   1
/Users/lzj/bss/201512/20151208/d7365.0111.fits  0111       10435  strumu   40.00   1
/Users/lzj/bss/201512/20151208/d7365.0112.fits  0112       10436  strumu    3.00   1
/Users/lzj/bss/201512/20151208/d7365.0113.fits  0113       10436  strumu   40.00   1
/Users/lzj/bss/201512/20151208/d7365.0114.fits  0114       10437  strumu    3.00   1
/Users/lzj/bss/201512/20151208/d7365.0115.fits  0115       10437  strumu   40.00   1
/Users/lzj/bss/201512/20151208/d7365.0116.fits  0116       10438  strumu    3.00   1
/Users/lzj/bss/201512/20151208/d7365.0117.fits  0117       10438  strumu   40.00   1
/Users/lzj/bss/201512/20151208/d7365.0118.fits  0118       10439  strumu    3.00   1
/Users/lzj/bss/201512/20151208/d7365.0119.fits  0119       10439  strumu   40.00   1
/Users/lzj/bss/201512/20151208/d7365.0120.fits  0120       10440  strumu    3.00   1
/Users/lzj/bss/201512/20151208/d7365.0121.fits  0121       10440  strumu   40.00   1
/Users/lzj/bss/201512/20151208/d7365.0122.fits  0122       10441  strumu    3.00   1
/Users/lzj/bss/201512/20151208/d7365.0123.fits  0123       10441  strumu   40.00   1
/Users/lzj/bss/201512/20151208/d7365.0124.fits  0124       10442  strumu    3.00   1
/Users/lzj/bss/201512/20151208/d7365.0125.fits  0125       10442  strumu   40.00   1
/Users/lzj/bss/201512/20151208/d7365.0126.fits  0126       10443  strumu    3.00   1
/Users/lzj/bss/201512/20151208/d7365.0127.fits  0127       10443  strumu   40.00   1
/Users/lzj/bss/201512/20151208/d7365.0128.fits  0128       10444  strumu    3.00   1
/Users/lzj/bss/201512/20151208/d7365.0129.fits  0129       10444  strumu   40.00   1
/Users/lzj/bss/201512/20151208/d7365.0130.fits  0130       10445  strumu    3.00   1
/Users/lzj/bss/201512/20151208/d7365.0131.fits  0131       10445  strumu   40.00   1
/Users/lzj/bss/201512/20151208/d7365.0132.fits  0132       10446  strumu    3.00   1
/Users/lzj/bss/201512/20151208/d7365.0133.fits  0133       10446  strumu   40.00   1
/Users/lzj/bss/201512/20151208/d7365.0134.fits  0134       10447  strumu    3.00   1
/Users/lzj/bss/201512/20151208/d7365.0135.fits  0135       10447  strumu   40.00   1
/Users/lzj/bss/201512/20151208/d7365.0136.fits  0136       10448  strumu    3.00   1
/Users/lzj/bss/201512/20151208/d7365.0137.fits  0137       10448  strumu   40.00   1
/Users/lzj/bss/201512/20151208/d7365.0138.fits  0138       10449  strumu    3.00   1
/Users/lzj/bss/201512/20151208/d7365.0139.fits  0139       10449  strumu   40.00   1
/Users/lzj/bss/201512/20151208/d7365.0140.fits  0140       10450  strumu    3.00   1
/Users/lzj/bss/201512/20151208/d7365.0141.fits  0141       10450  strumu   40.00   1
/Users/lzj/bss/201512/20151208/d7365.0142.fits  0142       10451  strumu    3.00   1
/Users/lzj/bss/201512/20151208/d7365.0143.fits  0143       10451  strumu   40.00   1
/Users/lzj/bss/201512/20151208/d7365.0144.fits  0144       10452  strumu    3.00   1
/Users/lzj/bss/201512/20151208/d7365.0145.fits  0145       10452  strumu   40.00   1
/Users/lzj/bss/201512/20151208/d7365.0146.fits  0146       10453  strumu    3.00   1
/Users/lzj/bss/201512/20151208/d7365.0147.fits  0147       10453  strumu   40.00   1
/Users/lzj/bss/201512/20151208/d7365.0148.fits  0148       10454  strumu    3.00   1
/Users/lzj/bss/201512/20151208/d7365.0149.fits  0149       10454  strumu   40.00   1
/Users/lzj/bss/201512/20151208/d7365.0150.fits  0150       10455  strumu    3.00   1
/Users/lzj/bss/201512/20151208/d7365.0151.fits  0151       10455  strumu   40.00   1
/Users/lzj/bss/201512/20151208/d7365.0154.fits  0154       10464  strumv    3.00   1
/Users/lzj/bss/201512/20151208/d7365.0155.fits  0155       10464  strumv   40.00   1
/Users/lzj/bss/201512/20151208/d7365.0156.fits  0156       10465  strumv    3.00   1
/Users/lzj/bss/201512/20151208/d7365.0157.fits  0157       10465  strumv   40.00   1
/Users/lzj/bss/201512/20151208/d7365.0158.fits  0158       10466  strumv    3.00   1
/Users/lzj/bss/201512/20151208/d7365.0159.fits  0159       10466  strumv   40.00   1
/Users/lzj/bss/201512/20151208/d7365.0160.fits  0160       10464  strumu    3.00   1
/Users/lzj/bss/201512/20151208/d7365.0161.fits  0161       10464  strumu   40.00   1
/Users/lzj/bss/201512/20151208/d7365.0162.fits  0162       10465  strumu    3.00   1
/Users/lzj/bss/201512/20151208/d7365.0163.fits  0163       10465  strumu   40.00   1
/Users/lzj/bss/201512/20151208/d7365.0164.fits  0164       10466  strumu    3.00   1
/Users/lzj/bss/201512/20151208/d7365.0165.fits  0165       10466  strumu   40.00   1
/Users/lzj/bss/201512/20151208/d7365.0166.fits  0166       10467  strumu    3.00   1
/Users/lzj/bss/201512/20151208/d7365.0167.fits  0167       10467  strumu   40.00   1
/Users/lzj/bss/201512/20151208/d7365.0168.fits  0168       10468  strumu    3.00   1
/Users/lzj/bss/201512/20151208/d7365.0169.fits  0169       10468  strumu   40.00   1
/Users/lzj/bss/201512/20151208/d7365.0170.fits  0170       10469  strumu    3.00   1
/Users/lzj/bss/201512/20151208/d7365.0171.fits  0171       10469  strumu   40.00   1
/Users/lzj/bss/201512/20151208/d7365.0172.fits  0172       10470  strumu    3.00   1
/Users/lzj/bss/201512/20151208/d7365.0173.fits  0173       10470  strumu   40.00   1
/Users/lzj/bss/201512/20151208/d7365.0174.fits  0174       10471  strumu    3.00   1
/Users/lzj/bss/201512/20151208/d7365.0175.fits  0175       10471  strumu   40.00   1
/Users/lzj/bss/201512/20151208/d7365.0176.fits  0176       10472  strumu    3.00   1
/Users/lzj/bss/201512/20151208/d7365.0177.fits  0177       10472  strumu   40.00   1
/Users/lzj/bss/201512/20151208/d7365.0178.fits  0178       10473  strumu    3.00   1
/Users/lzj/bss/201512/20151208/d7365.0179.fits  0179       10473  strumu   40.00   1
/Users/lzj/bss/201512/20151208/d7365.0180.fits  0180       10474  strumu    3.00   1
/Users/lzj/bss/201512/20151208/d7365.0181.fits  0181       10474  strumu   40.00   1
/Users/lzj/bss/201512/20151208/d7365.0182.fits  0182       10475  strumu    3.00   1
/Users/lzj/bss/201512/20151208/d7365.0183.fits  0183       10475  strumu   40.00   1
/Users/lzj/bss/201512/20151208/d7365.0184.fits  0184       10476  strumu    3.00   1
/Users/lzj/bss/201512/20151208/d7365.0185.fits  0185       10476  strumu   40.00   1
/Users/lzj/bss/201512/20151208/d7365.0186.fits  0186       10477  strumu    3.00   1
/Users/lzj/bss/201512/20151208/d7365.0187.fits  0187       10477  strumu   40.00   1
/Users/lzj/bss/201512/20151208/d7365.0188.fits  0188       10485  strumu    3.00   1
/Users/lzj/bss/201512/20151208/d7365.0189.fits  0189       10485  strumu   40.00   1
/Users/lzj/bss/201512/20151208/d7365.0190.fits  0190       10486  strumu    3.00   1
/Users/lzj/bss/201512/20151208/d7365.0191.fits  0191       10486  strumu   40.00   1
/Users/lzj/bss/201512/20151208/d7365.0192.fits  0192       10487  strumu    3.00   1
/Users/lzj/bss/201512/20151208/d7365.0193.fits  0193       10487  strumu   40.00   1
/Users/lzj/bss/201512/20151208/d7365.0194.fits  0194       10488  strumu    3.00   1
/Users/lzj/bss/201512/20151208/d7365.0195.fits  0195       10488  strumu   40.00   1
/Users/lzj/bss/201512/20151208/d7365.0196.fits  0196       10489  strumu    3.00   1
/Users/lzj/bss/201512/20151208/d7365.0197.fits  0197       10489  strumu   40.00   1
/Users/lzj/bss/201512/20151208/d7365.0198.fits  0198       10490  strumu    3.00   1
/Users/lzj/bss/201512/20151208/d7365.0199.fits  0199       10490  strumu   40.00   1
/Users/lzj/bss/201512/20151208/d7365.0200.fits  0200       10491  strumu    3.00   1
/Users/lzj/bss/201512/20151208/d7365.0201.fits  0201       10491  strumu   40.00   1
/Users/lzj/bss/201512/20151208/d7365.0202.fits  0202       10492  strumu    3.00   1
/Users/lzj/bss/201512/20151208/d7365.0203.fits  0203       10492  strumu   40.00   1
/Users/lzj/bss/201512/20151208/d7365.0204.fits  0204       10493  strumu    3.00   1
/Users/lzj/bss/201512/20151208/d7365.0205.fits  0205       10493  strumu   40.00   1
/Users/lzj/bss/201512/20151208/d7365.0206.fits  0206       10494  strumu    3.00   1
/Users/lzj/bss/201512/20151208/d7365.0207.fits  0207       10494  strumu   40.00   1
/Users/lzj/bss/201512/20151208/d7365.0208.fits  0208       10495  strumu    3.00   1
/Users/lzj/bss/201512/20151208/d7365.0209.fits  0209       10495  strumu   40.00   1
/Users/lzj/bss/201512/20151208/d7365.0212.fits  0212       10496  strumv    3.00   1
/Users/lzj/bss/201512/20151208/d7365.0213.fits  0213       10496  strumv   40.00   1
/Users/lzj/bss/201512/20151208/d7365.0214.fits  0214       10497  strumv    3.00   1
/Users/lzj/bss/201512/20151208/d7365.0215.fits  0215       10497  strumv   40.00   1
/Users/lzj/bss/201512/20151208/d7365.0216.fits  0216       10861  strumv    3.00   1
/Users/lzj/bss/201512/20151208/d7365.0217.fits  0217       10861  strumv   40.00   1
/Users/lzj/bss/201512/20151208/d7365.0218.fits  0218       10496  strumu    3.00   1
/Users/lzj/bss/201512/20151208/d7365.0219.fits  0219       10496  strumu   40.00   1
/Users/lzj/bss/201512/20151208/d7365.0222.fits  0222       10496  strumu    3.00   1
/Users/lzj/bss/201512/20151208/d7365.0223.fits  0223       10496  strumu   40.00   1
/Users/lzj/bss/201512/20151208/d7365.0224.fits  0224       10497  strumu    3.00   1
/Users/lzj/bss/201512/20151208/d7365.0225.fits  0225       10497  strumu   40.00   1
/Users/lzj/bss/201512/20151208/d7365.0226.fits  0226       10861  strumu    3.00   1
/Users/lzj/bss/201512/20151208/d7365.0227.fits  0227       10861  strumu   40.00   1
/Users/lzj/bss/201512/20151208/d7365.0228.fits  0228       10498  strumu    3.00   1
/Users/lzj/bss/201512/20151208/d7365.0229.fits  0229       10498  strumu   40.00   1
/Users/lzj/bss/201512/20151208/d7365.0230.fits  0230       10862  strumu    3.00   1
/Users/lzj/bss/201512/20151208/d7365.0231.fits  0231       10862  strumu   40.00   1
/Users/lzj/bss/201512/20151208/d7365.0232.fits  0232       10499  strumu    3.00   1
/Users/lzj/bss/201512/20151208/d7365.0233.fits  0233       10499  strumu   40.00   1
/Users/lzj/bss/201512/20151208/d7365.0234.fits  0234       10863  strumu    3.00   1
/Users/lzj/bss/201512/20151208/d7365.0235.fits  0235       10863  strumu   40.00   1
/Users/lzj/bss/201512/20151208/d7365.0236.fits  0236       10500  strumu    3.00   1
/Users/lzj/bss/201512/20151208/d7365.0237.fits  0237       10500  strumu   40.00   1
/Users/lzj/bss/201512/20151208/d7365.0238.fits  0238       10864  strumu    3.00   1
/Users/lzj/bss/201512/20151208/d7365.0239.fits  0239       10864  strumu   40.00   1
/Users/lzj/bss/201512/20151208/d7365.0240.fits  0240       10501  strumu    3.00   1
/Users/lzj/bss/201512/20151208/d7365.0241.fits  0241       10501  strumu   40.00   1
/Users/lzj/bss/201512/20151208/d7365.0242.fits  0242       10865  strumu    3.00   1
/Users/lzj/bss/201512/20151208/d7365.0243.fits  0243       10865  strumu   40.00   1
/Users/lzj/bss/201512/20151208/d7365.0244.fits  0244       10502  strumu    3.00   1
/Users/lzj/bss/201512/20151208/d7365.0245.fits  0245       10502  strumu   40.00   1
/Users/lzj/bss/201512/20151208/d7365.0246.fits  0246       10866  strumu    3.00   1
/Users/lzj/bss/201512/20151208/d7365.0247.fits  0247       10866  strumu   40.00   1
/Users/lzj/bss/201512/20151208/d7365.0248.fits  0248       10503  strumu    3.00   1
/Users/lzj/bss/201512/20151208/d7365.0249.fits  0249       10503  strumu   40.00   1
/Users/lzj/bss/201512/20151208/d7365.0250.fits  0250       10867  strumu    3.00   1
/Users/lzj/bss/201512/20151208/d7365.0251.fits  0251       10867  strumu   40.00   1
/Users/lzj/bss/201512/20151208/d7365.0252.fits  0252       10504  strumu    3.00   1
/Users/lzj/bss/201512/20151208/d7365.0253.fits  0253       10504  strumu   40.00   1
/Users/lzj/bss/201512/20151208/d7365.0254.fits  0254       10868  strumu    3.00   1
/Users/lzj/bss/201512/20151208/d7365.0255.fits  0255       10868  strumu   40.00   1
/Users/lzj/bss/201512/20151208/d7365.0256.fits  0256       10505  strumu    3.00   1
/Users/lzj/bss/201512/20151208/d7365.0257.fits  0257       10505  strumu   40.00   1
/Users/lzj/bss/201512/20151208/d7365.0258.fits  0258       10869  strumu    3.00   1
/Users/lzj/bss/201512/20151208/d7365.0259.fits  0259       10869  strumu   40.00   1
/Users/lzj/bss/201512/20151208/d7365.0260.fits  0260       10506  strumu    3.00   1
/Users/lzj/bss/201512/20151208/d7365.0261.fits  0261       10506  strumu   40.00   1
/Users/lzj/bss/201512/20151208/d7365.0262.fits  0262       10870  strumu    3.00   1
/Users/lzj/bss/201512/20151208/d7365.0263.fits  0263       10870  strumu   40.00   1
/Users/lzj/bss/201512/20151208/d7365.0264.fits  0264       10507  strumu    3.00   1
/Users/lzj/bss/201512/20151208/d7365.0265.fits  0265       10507  strumu   40.00   1
/Users/lzj/bss/201512/20151208/d7365.0266.fits  0266       10871  strumu    3.00   1
/Users/lzj/bss/201512/20151208/d7365.0267.fits  0267       10871  strumu   40.00   1
/Users/lzj/bss/201512/20151208/d7365.0268.fits  0268       10508  strumu    3.00   1
/Users/lzj/bss/201512/20151208/d7365.0269.fits  0269       10508  strumu   40.00   1
/Users/lzj/bss/201512/20151208/d7365.0270.fits  0270       10872  strumu    3.00   1
/Users/lzj/bss/201512/20151208/d7365.0271.fits  0271       10872  strumu   40.00   1
/Users/lzj/bss/201512/20151208/d7365.0272.fits  0272       10509  strumu    3.00   1
/Users/lzj/bss/201512/20151208/d7365.0273.fits  0273       10509  strumu   40.00   1
/Users/lzj/bss/201512/20151208/d7365.0274.fits  0274       10873  strumu    3.00   1
/Users/lzj/bss/201512/20151208/d7365.0275.fits  0275       10873  strumu   40.00   1
/Users/lzj/bss/201512/20151208/d7365.0276.fits  0276       10510  strumu    3.00   1
/Users/lzj/bss/201512/20151208/d7365.0277.fits  0277       10510  strumu   40.00   1
/Users/lzj/bss/201512/20151208/d7365.0278.fits  0278       10874  strumu    3.00   1
/Users/lzj/bss/201512/20151208/d7365.0279.fits  0279       10874  strumu   40.00   1
/Users/lzj/bss/201512/20151208/d7365.0280.fits  0280       10511  strumu    3.00   1
/Users/lzj/bss/201512/20151208/d7365.0281.fits  0281       10511  strumu   40.00   1
/Users/lzj/bss/201512/20151208/d7365.0282.fits  0282       10875  strumu    3.00   1
/Users/lzj/bss/201512/20151208/d7365.0283.fits  0283       10875  strumu   40.00   1
/Users/lzj/bss/201512/20151208/d7365.0284.fits  0284       10512  strumu    3.00   1
/Users/lzj/bss/201512/20151208/d7365.0285.fits  0285       10512  strumu   40.00   1
/Users/lzj/bss/201512/20151208/d7365.0286.fits  0286       10876  strumu    3.00   1
/Users/lzj/bss/201512/20151208/d7365.0287.fits  0287       10876  strumu   40.00   1
/Users/lzj/bss/201512/20151208/d7365.0288.fits  0288       10513  strumu    3.00   1
/Users/lzj/bss/201512/20151208/d7365.0289.fits  0289       10513  strumu   40.00   1
/Users/lzj/bss/201512/20151208/d7365.0290.fits  0290       10877  strumu    3.00   1
/Users/lzj/bss/201512/20151208/d7365.0291.fits  0291       10877  strumu   40.00   1
/Users/lzj/bss/201512/20151208/d7365.0292.fits  0292       10514  strumv    3.00   1
/Users/lzj/bss/201512/20151208/d7365.0293.fits  0293       10514  strumv   40.00   1
/Users/lzj/bss/201512/20151208/d7365.0294.fits  0294       10878  strumv    3.00   1
/Users/lzj/bss/201512/20151208/d7365.0295.fits  0295       10878  strumv   40.00   1
/Users/lzj/bss/201512/20151208/d7365.0296.fits  0296       10515  strumv    3.00   1
/Users/lzj/bss/201512/20151208/d7365.0297.fits  0297       10515  strumv   40.00   1
/Users/lzj/bss/201512/20151208/d7365.0298.fits  0298       10514  strumu    3.00   1
/Users/lzj/bss/201512/20151208/d7365.0299.fits  0299       10514  strumu   40.00   1
/Users/lzj/bss/201512/20151208/d7365.0300.fits  0300       10878  strumu    3.00   1
/Users/lzj/bss/201512/20151208/d7365.0301.fits  0301       10878  strumu   40.00   1
/Users/lzj/bss/201512/20151208/d7365.0302.fits  0302       10515  strumu    3.00   1
/Users/lzj/bss/201512/20151208/d7365.0303.fits  0303       10515  strumu   40.00   1
/Users/lzj/bss/201512/20151208/d7365.0304.fits  0304       10879  strumu    3.00   1
/Users/lzj/bss/201512/20151208/d7365.0305.fits  0305       10879  strumu   40.00   1
/Users/lzj/bss/201512/20151208/d7365.0306.fits  0306       10516  strumu    3.00   1
/Users/lzj/bss/201512/20151208/d7365.0307.fits  0307       10516  strumu   40.00   1
/Users/lzj/bss/201512/20151208/d7365.0308.fits  0308       10880  strumu    3.00   1
/Users/lzj/bss/201512/20151208/d7365.0309.fits  0309       10880  strumu   40.00   1
/Users/lzj/bss/201512/20151208/d7365.0310.fits  0310       10517  strumu    3.00   1
/Users/lzj/bss/201512/20151208/d7365.0311.fits  0311       10517  strumu   40.00   1
/Users/lzj/bss/201512/20151208/d7365.0312.fits  0312       10881  strumu    3.00   1
/Users/lzj/bss/201512/20151208/d7365.0313.fits  0313       10881  strumu   40.00   1
/Users/lzj/bss/201512/20151208/d7365.0314.fits  0314       10518  strumu    3.00   1
/Users/lzj/bss/201512/20151208/d7365.0315.fits  0315       10518  strumu   40.00   1
/Users/lzj/bss/201512/20151208/d7365.0316.fits  0316       10882  strumu    3.00   1
/Users/lzj/bss/201512/20151208/d7365.0317.fits  0317       10882  strumu   40.00   1
/Users/lzj/bss/201512/20151208/d7365.0318.fits  0318       10519  strumu    3.00   1
/Users/lzj/bss/201512/20151208/d7365.0319.fits  0319       10519  strumu   40.00   1
/Users/lzj/bss/201512/20151208/d7365.0320.fits  0320       10883  strumu    3.00   1
/Users/lzj/bss/201512/20151208/d7365.0321.fits  0321       10883  strumu   40.00   1
/Users/lzj/bss/201512/20151208/d7365.0322.fits  0322       10520  strumu    3.00   1
/Users/lzj/bss/201512/20151208/d7365.0323.fits  0323       10520  strumu   40.00   1
/Users/lzj/bss/201512/20151208/d7365.0324.fits  0324       10884  strumu    3.00   1
/Users/lzj/bss/201512/20151208/d7365.0325.fits  0325       10884  strumu   40.00   1
/Users/lzj/bss/201512/20151208/d7365.0326.fits  0326       10521  strumu    3.00   1
/Users/lzj/bss/201512/20151208/d7365.0327.fits  0327       10521  strumu   40.00   1
/Users/lzj/bss/201512/20151208/d7365.0328.fits  0328       10885  strumu    3.00   1
/Users/lzj/bss/201512/20151208/d7365.0329.fits  0329       10885  strumu   40.00   1
/Users/lzj/bss/201512/20151208/d7365.0330.fits  0330       10522  strumu    3.00   1
/Users/lzj/bss/201512/20151208/d7365.0331.fits  0331       10522  strumu   40.00   1
/Users/lzj/bss/201512/20151208/d7365.0333.fits  0333       10886  strumu    3.00   1
/Users/lzj/bss/201512/20151208/d7365.0334.fits  0334       10886  strumu   40.00   1
/Users/lzj/bss/201512/20151208/d7365.0335.fits  0335       10523  strumu    3.00   1
/Users/lzj/bss/201512/20151208/d7365.0336.fits  0336       10523  strumu   40.00   1
/Users/lzj/bss/201512/20151208/d7365.0337.fits  0337       10887  strumu    3.00   1
/Users/lzj/bss/201512/20151208/d7365.0338.fits  0338       10887  strumu   40.00   1
/Users/lzj/bss/201512/20151208/d7365.0339.fits  0339       10524  strumu    3.00   1
/Users/lzj/bss/201512/20151208/d7365.0340.fits  0340       10524  strumu   40.00   1
/Users/lzj/bss/201512/20151208/d7365.0341.fits  0341       10888  strumu    3.00   1
/Users/lzj/bss/201512/20151208/d7365.0342.fits  0342       10888  strumu   40.00   1
/Users/lzj/bss/201512/20151208/d7365.0343.fits  0343       10525  strumu    3.00   1
/Users/lzj/bss/201512/20151208/d7365.0344.fits  0344       10525  strumu   40.00   1
/Users/lzj/bss/201512/20151208/d7365.0345.fits  0345       10889  strumu    3.00   1
/Users/lzj/bss/201512/20151208/d7365.0346.fits  0346       10889  strumu   40.00   1
/Users/lzj/bss/201512/20151208/d7365.0347.fits  0347       10526  strumu    3.00   1
/Users/lzj/bss/201512/20151208/d7365.0348.fits  0348       10526  strumu   40.00   1
/Users/lzj/bss/201512/20151208/d7365.0349.fits  0349       10890  strumu    3.00   1
/Users/lzj/bss/201512/20151208/d7365.0350.fits  0350       10890  strumu   40.00   1
/Users/lzj/bss/201512/20151208/d7365.0351.fits  0351       10527  strumu    3.00   1
/Users/lzj/bss/201512/20151208/d7365.0352.fits  0352       10527  strumu   40.00   1
/Users/lzj/bss/201512/20151208/d7365.0353.fits  0353       10528  strumu    3.00   1
/Users/lzj/bss/201512/20151208/d7365.0354.fits  0354       10528  strumu   40.00   1
/Users/lzj/bss/201512/20151208/d7365.0355.fits  0355       10529  strumu    3.00   1
/Users/lzj/bss/201512/20151208/d7365.0356.fits  0356       10529  strumu   40.00   1
/Users/lzj/bss/201512/20151208/d7365.0357.fits  0357       10530  strumu    3.00   1
/Users/lzj/bss/201512/20151208/d7365.0358.fits  0358       10530  strumu   40.00   1
/Users/lzj/bss/201512/20151208/d7365.0359.fits  0359       10531  strumu    3.00   1
/Users/lzj/bss/201512/20151208/d7365.0360.fits  0360       10531  strumu   40.00   1
/Users/lzj/bss/201512/20151208/d7365.0361.fits  0361       10532  strumu    3.00   1
/Users/lzj/bss/201512/20151208/d7365.0362.fits  0362       10532  strumu   40.00   1
/Users/lzj/bss/201512/20151208/d7365.0363.fits  0363       10533  strumu    3.00   1
/Users/lzj/bss/201512/20151208/d7365.0364.fits  0364       10533  strumu   40.00   1
/Users/lzj/bss/201512/20151208/d7365.0365.fits  0365       10534  strumu    3.00   1
/Users/lzj/bss/201512/20151208/d7365.0366.fits  0366       10534  strumu   40.00   1
/Users/lzj/bss/201512/20151208/d7365.0367.fits  0367       10898  strumu    3.00   1
/Users/lzj/bss/201512/20151208/d7365.0368.fits  0368       10898  strumu   40.00   1
/Users/lzj/bss/201512/20151208/d7365.0369.fits  0369       10535  strumu    3.00   1
/Users/lzj/bss/201512/20151208/d7365.0370.fits  0370       10535  strumu   40.00   1
/Users/lzj/bss/201512/20151208/d7365.0371.fits  0371       10899  strumu    3.00   1
/Users/lzj/bss/201512/20151208/d7365.0372.fits  0372       10899  strumu   40.00   1
/Users/lzj/bss/201512/20151208/d7365.0373.fits  0373       10536  strumu    3.00   1
/Users/lzj/bss/201512/20151208/d7365.0374.fits  0374       10536  strumu   40.00   1
/Users/lzj/bss/201512/20151208/d7365.0375.fits  0375       10900  strumu    3.00   1
/Users/lzj/bss/201512/20151208/d7365.0376.fits  0376       10900  strumu   40.00   1
/Users/lzj/bss/201512/20151208/d7365.0377.fits  0377       10537  strumu    3.00   1
/Users/lzj/bss/201512/20151208/d7365.0378.fits  0378       10537  strumu   40.00   1
/Users/lzj/bss/201512/20151208/d7365.0379.fits  0379       10901  strumu    3.00   1
/Users/lzj/bss/201512/20151208/d7365.0380.fits  0380       10901  strumu   40.00   1
/Users/lzj/bss/201512/20151208/d7365.0381.fits  0381       10538  strumu    3.00   1
/Users/lzj/bss/201512/20151208/d7365.0382.fits  0382       10538  strumu   40.00   1
/Users/lzj/bss/201512/20151208/d7365.0383.fits  0383       10902  strumu    3.00   1
/Users/lzj/bss/201512/20151208/d7365.0384.fits  0384       10902  strumu   40.00   1
/Users/lzj/bss/201512/20151208/d7365.0385.fits  0385       10539  strumu    3.00   1
/Users/lzj/bss/201512/20151208/d7365.0386.fits  0386       10539  strumu   40.00   1
/Users/lzj/bss/201512/20151208/d7365.0387.fits  0387       10903  strumu    3.00   1
/Users/lzj/bss/201512/20151208/d7365.0388.fits  0388       10903  strumu   40.00   1
/Users/lzj/bss/201512/20151208/d7365.0389.fits  0389       10540  strumu    3.00   1
/Users/lzj/bss/201512/20151208/d7365.0390.fits  0390       10540  strumu   40.00   1
/Users/lzj/bss/201512/20151208/d7365.0391.fits  0391       10904  strumu    3.00   1
/Users/lzj/bss/201512/20151208/d7365.0392.fits  0392       10904  strumu   40.00   1
