/Users/lzj/bss/201512/20151207/cai7364.0075.fits  0075   J0112_p01   zheng  900.00   1
/Users/lzj/bss/201512/20151207/cai7364.0076.fits  0076   J0112_p02   zheng  900.00   1
/Users/lzj/bss/201512/20151207/cai7364.0077.fits  0077   J0112_p03   zheng  900.00   1
/Users/lzj/bss/201512/20151207/cai7364.0078.fits  0078   J0112_p04   zheng  900.00   1
/Users/lzj/bss/201512/20151207/cai7364.0079.fits  0079   J0112_p05   zheng  900.00   1
/Users/lzj/bss/201512/20151207/cai7364.0081.fits  0081   J0112_p01   zheng  900.00   1
/Users/lzj/bss/201512/20151207/cai7364.0082.fits  0082   J0112_p02   zheng  900.00   1
/Users/lzj/bss/201512/20151207/cai7364.0083.fits  0083   J0112_p03   zheng  900.00   1
/Users/lzj/bss/201512/20151207/cai7364.0085.fits  0085   J0112_p04   zheng  900.00   1
/Users/lzj/bss/201512/20151207/cai7364.0086.fits  0086   J0112_p05   zheng  900.00   1
/Users/lzj/bss/201512/20151207/d7364.0022.fits  0022       11468  strumv    3.00   1
/Users/lzj/bss/201512/20151207/d7364.0023.fits  0023       11468  strumv   40.00   1
/Users/lzj/bss/201512/20151207/d7364.0024.fits  0024       10745  strumv    3.00   1
/Users/lzj/bss/201512/20151207/d7364.0025.fits  0025       10745  strumv   40.00   1
/Users/lzj/bss/201512/20151207/d7364.0026.fits  0026       11468  strumu    3.00   1
/Users/lzj/bss/201512/20151207/d7364.0027.fits  0027       11468  strumu   40.00   1
/Users/lzj/bss/201512/20151207/d7364.0028.fits  0028       10745  strumu    3.00   1
/Users/lzj/bss/201512/20151207/d7364.0029.fits  0029       10745  strumu   40.00   1
/Users/lzj/bss/201512/20151207/d7364.0030.fits  0030       11107  strumu    3.00   1
/Users/lzj/bss/201512/20151207/d7364.0031.fits  0031       11107  strumu   40.00   1
/Users/lzj/bss/201512/20151207/d7364.0032.fits  0032       11469  strumu    3.00   1
/Users/lzj/bss/201512/20151207/d7364.0033.fits  0033       11469  strumu   40.00   1
/Users/lzj/bss/201512/20151207/d7364.0034.fits  0034       10746  strumu    3.00   1
/Users/lzj/bss/201512/20151207/d7364.0035.fits  0035       10746  strumu   40.00   1
/Users/lzj/bss/201512/20151207/d7364.0036.fits  0036       11470  strumu    3.00   1
/Users/lzj/bss/201512/20151207/d7364.0037.fits  0037       11470  strumu   40.00   1
/Users/lzj/bss/201512/20151207/d7364.0038.fits  0038       10747  strumu    3.00   1
/Users/lzj/bss/201512/20151207/d7364.0039.fits  0039       10747  strumu   40.00   1
/Users/lzj/bss/201512/20151207/d7364.0040.fits  0040       11471  strumu    3.00   1
/Users/lzj/bss/201512/20151207/d7364.0041.fits  0041       11471  strumu   40.00   1
/Users/lzj/bss/201512/20151207/d7364.0042.fits  0042       10748  strumu    3.00   1
/Users/lzj/bss/201512/20151207/d7364.0043.fits  0043       10748  strumu   40.00   1
/Users/lzj/bss/201512/20151207/d7364.0044.fits  0044       11472  strumu    3.00   1
/Users/lzj/bss/201512/20151207/d7364.0045.fits  0045       11472  strumu   40.00   1
/Users/lzj/bss/201512/20151207/d7364.0050.fits  0050       10749  strumu    3.00   1
/Users/lzj/bss/201512/20151207/d7364.0051.fits  0051       10749  strumu   40.00   1
/Users/lzj/bss/201512/20151207/d7364.0052.fits  0052       10750  strumu    3.00   1
/Users/lzj/bss/201512/20151207/d7364.0053.fits  0053       10750  strumu   40.00   1
/Users/lzj/bss/201512/20151207/d7364.0054.fits  0054       10751  strumu    3.00   1
/Users/lzj/bss/201512/20151207/d7364.0055.fits  0055       10751  strumu   40.00   1
/Users/lzj/bss/201512/20151207/d7364.0056.fits  0056       10752  strumu    3.00   1
/Users/lzj/bss/201512/20151207/d7364.0057.fits  0057       10752  strumu   40.00   1
/Users/lzj/bss/201512/20151207/d7364.0058.fits  0058       10753  strumu    3.00   1
/Users/lzj/bss/201512/20151207/d7364.0059.fits  0059       10753  strumu   40.00   1
/Users/lzj/bss/201512/20151207/d7364.0060.fits  0060       10754  strumu    3.00   1
/Users/lzj/bss/201512/20151207/d7364.0061.fits  0061       10754  strumu   40.00   1
/Users/lzj/bss/201512/20151207/d7364.0062.fits  0062       10755  strumu    3.00   1
/Users/lzj/bss/201512/20151207/d7364.0063.fits  0063       10755  strumu   40.00   1
/Users/lzj/bss/201512/20151207/d7364.0064.fits  0064       10756  strumu    3.00   1
/Users/lzj/bss/201512/20151207/d7364.0065.fits  0065       10756  strumu   40.00   1
/Users/lzj/bss/201512/20151207/d7364.0066.fits  0066       10757  strumu    3.00   1
/Users/lzj/bss/201512/20151207/d7364.0067.fits  0067       10757  strumu   40.00   1
/Users/lzj/bss/201512/20151207/d7364.0068.fits  0068       10758  strumu    3.00   1
/Users/lzj/bss/201512/20151207/d7364.0069.fits  0069       10758  strumu   40.00   1
/Users/lzj/bss/201512/20151207/d7364.0070.fits  0070       10759  strumu    3.00   1
/Users/lzj/bss/201512/20151207/d7364.0071.fits  0071       10759  strumu   40.00   1
/Users/lzj/bss/201512/20151207/d7364.0072.fits  0072       10760  strumu    3.00   1
/Users/lzj/bss/201512/20151207/d7364.0073.fits  0073       10760  strumu   40.00   1
/Users/lzj/bss/201512/20151207/d7364.0088.fits  0088       10469  strumu    3.00   1
/Users/lzj/bss/201512/20151207/d7364.0089.fits  0089       10469  strumu   40.00   1
/Users/lzj/bss/201512/20151207/d7364.0090.fits  0090       10470  strumu    3.00   1
/Users/lzj/bss/201512/20151207/d7364.0091.fits  0091       10470  strumu   40.00   1
/Users/lzj/bss/201512/20151207/d7364.0092.fits  0092       10471  strumu    3.00   1
/Users/lzj/bss/201512/20151207/d7364.0093.fits  0093       10471  strumu   40.00   1
/Users/lzj/bss/201512/20151207/d7364.0094.fits  0094       10472  strumu    3.00   1
/Users/lzj/bss/201512/20151207/d7364.0095.fits  0095       10472  strumu   40.00   1
/Users/lzj/bss/201512/20151207/d7364.0097.fits  0097       10473  strumu    3.00   1
/Users/lzj/bss/201512/20151207/d7364.0098.fits  0098       10473  strumu   40.00   1
/Users/lzj/bss/201512/20151207/d7364.0099.fits  0099       10474  strumu    3.00   1
/Users/lzj/bss/201512/20151207/d7364.0100.fits  0100       10474  strumu   40.00   1
/Users/lzj/bss/201512/20151207/d7364.0101.fits  0101       10475  strumu    3.00   1
/Users/lzj/bss/201512/20151207/d7364.0102.fits  0102       10475  strumu   40.00   1
/Users/lzj/bss/201512/20151207/d7364.0103.fits  0103       10476  strumu    3.00   1
/Users/lzj/bss/201512/20151207/d7364.0104.fits  0104       10476  strumu   40.00   1
/Users/lzj/bss/201512/20151207/d7364.0105.fits  0105       10477  strumu    3.00   1
/Users/lzj/bss/201512/20151207/d7364.0106.fits  0106       10477  strumu   40.00   1
/Users/lzj/bss/201512/20151207/d7364.0107.fits  0107       10485  strumu    3.00   1
/Users/lzj/bss/201512/20151207/d7364.0108.fits  0108       10485  strumu   40.00   1
/Users/lzj/bss/201512/20151207/d7364.0109.fits  0109       10486  strumu    3.00   1
/Users/lzj/bss/201512/20151207/d7364.0110.fits  0110       10486  strumu   40.00   1
/Users/lzj/bss/201512/20151207/d7364.0111.fits  0111       10487  strumu    3.00   1
/Users/lzj/bss/201512/20151207/d7364.0112.fits  0112       10487  strumu   40.00   1
/Users/lzj/bss/201512/20151207/d7364.0113.fits  0113       10488  strumu    3.00   1
/Users/lzj/bss/201512/20151207/d7364.0114.fits  0114       10488  strumu   40.00   1
/Users/lzj/bss/201512/20151207/d7364.0115.fits  0115       10489  strumu    3.00   1
/Users/lzj/bss/201512/20151207/d7364.0116.fits  0116       10489  strumu   40.00   1
/Users/lzj/bss/201512/20151207/d7364.0117.fits  0117       10490  strumu    3.00   1
/Users/lzj/bss/201512/20151207/d7364.0118.fits  0118       10490  strumu   40.00   1
/Users/lzj/bss/201512/20151207/d7364.0119.fits  0119       10854  strumu    3.00   1
/Users/lzj/bss/201512/20151207/d7364.0120.fits  0120       10854  strumu   40.00   1
/Users/lzj/bss/201512/20151207/d7364.0121.fits  0121       10491  strumu    3.00   1
/Users/lzj/bss/201512/20151207/d7364.0122.fits  0122       10491  strumu   40.00   1
/Users/lzj/bss/201512/20151207/d7364.0123.fits  0123       10855  strumu    3.00   1
/Users/lzj/bss/201512/20151207/d7364.0124.fits  0124       10855  strumu   40.00   1
/Users/lzj/bss/201512/20151207/d7364.0125.fits  0125       10492  strumu    3.00   1
/Users/lzj/bss/201512/20151207/d7364.0126.fits  0126       10492  strumu   40.00   1
/Users/lzj/bss/201512/20151207/d7364.0127.fits  0127       10856  strumu    3.00   1
/Users/lzj/bss/201512/20151207/d7364.0128.fits  0128       10856  strumu   40.00   1
/Users/lzj/bss/201512/20151207/d7364.0129.fits  0129       10493  strumu    3.00   1
/Users/lzj/bss/201512/20151207/d7364.0130.fits  0130       10493  strumu   40.00   1
/Users/lzj/bss/201512/20151207/d7364.0131.fits  0131       10857  strumu    3.00   1
/Users/lzj/bss/201512/20151207/d7364.0132.fits  0132       10857  strumu   40.00   1
/Users/lzj/bss/201512/20151207/d7364.0133.fits  0133       10494  strumu    3.00   1
/Users/lzj/bss/201512/20151207/d7364.0134.fits  0134       10494  strumu   40.00   1
/Users/lzj/bss/201512/20151207/d7364.0135.fits  0135       10858  strumu    3.00   1
/Users/lzj/bss/201512/20151207/d7364.0136.fits  0136       10858  strumu   40.00   1
/Users/lzj/bss/201512/20151207/d7364.0137.fits  0137       10495  strumu    3.00   1
/Users/lzj/bss/201512/20151207/d7364.0138.fits  0138       10495  strumu   40.00   1
/Users/lzj/bss/201512/20151207/d7364.0139.fits  0139       10859  strumu    3.00   1
/Users/lzj/bss/201512/20151207/d7364.0140.fits  0140       10859  strumu   40.00   1
/Users/lzj/bss/201512/20151207/d7364.0141.fits  0141       10496  strumu    3.00   1
/Users/lzj/bss/201512/20151207/d7364.0142.fits  0142       10496  strumu   40.00   1
/Users/lzj/bss/201512/20151207/d7364.0144.fits  0144       10860  strumu    3.00   1
/Users/lzj/bss/201512/20151207/d7364.0145.fits  0145       10860  strumu   40.00   1
/Users/lzj/bss/201512/20151207/d7364.0146.fits  0146       10497  strumu    3.00   1
/Users/lzj/bss/201512/20151207/d7364.0147.fits  0147       10497  strumu   40.00   1
/Users/lzj/bss/201512/20151207/d7364.0148.fits  0148       10861  strumu    3.00   1
/Users/lzj/bss/201512/20151207/d7364.0149.fits  0149       10861  strumu   40.00   1
/Users/lzj/bss/201512/20151207/d7364.0150.fits  0150       10498  strumu    3.00   1
/Users/lzj/bss/201512/20151207/d7364.0151.fits  0151       10498  strumu   40.00   1
/Users/lzj/bss/201512/20151207/d7364.0152.fits  0152       10862  strumu    3.00   1
/Users/lzj/bss/201512/20151207/d7364.0153.fits  0153       10862  strumu   40.00   1
/Users/lzj/bss/201512/20151207/d7364.0154.fits  0154       10499  strumu    3.00   1
/Users/lzj/bss/201512/20151207/d7364.0155.fits  0155       10499  strumu   40.00   1
/Users/lzj/bss/201512/20151207/d7364.0156.fits  0156       10863  strumu    3.00   1
/Users/lzj/bss/201512/20151207/d7364.0157.fits  0157       10863  strumu   40.00   1
/Users/lzj/bss/201512/20151207/d7364.0158.fits  0158       10500  strumu    3.00   1
/Users/lzj/bss/201512/20151207/d7364.0159.fits  0159       10500  strumu   40.00   1
/Users/lzj/bss/201512/20151207/d7364.0160.fits  0160       10864  strumu    3.00   1
/Users/lzj/bss/201512/20151207/d7364.0161.fits  0161       10864  strumu   40.00   1
/Users/lzj/bss/201512/20151207/d7364.0162.fits  0162       10501  strumu    3.00   1
/Users/lzj/bss/201512/20151207/d7364.0163.fits  0163       10501  strumu   40.00   1
/Users/lzj/bss/201512/20151207/d7364.0164.fits  0164       10865  strumu    3.00   1
/Users/lzj/bss/201512/20151207/d7364.0165.fits  0165       10865  strumu   40.00   1
/Users/lzj/bss/201512/20151207/d7364.0166.fits  0166       10502  strumu    3.00   1
/Users/lzj/bss/201512/20151207/d7364.0167.fits  0167       10502  strumu   40.00   1
/Users/lzj/bss/201512/20151207/d7364.0168.fits  0168       10866  strumu    3.00   1
/Users/lzj/bss/201512/20151207/d7364.0169.fits  0169       10866  strumu   40.00   1
/Users/lzj/bss/201512/20151207/d7364.0170.fits  0170       10503  strumu    3.00   1
/Users/lzj/bss/201512/20151207/d7364.0171.fits  0171       10503  strumu   40.00   1
/Users/lzj/bss/201512/20151207/d7364.0172.fits  0172       10867  strumu    3.00   1
/Users/lzj/bss/201512/20151207/d7364.0173.fits  0173       10867  strumu   40.00   1
/Users/lzj/bss/201512/20151207/d7364.0174.fits  0174       10504  strumu    3.00   1
/Users/lzj/bss/201512/20151207/d7364.0175.fits  0175       10504  strumu   40.00   1
/Users/lzj/bss/201512/20151207/d7364.0176.fits  0176       10868  strumu    3.00   1
/Users/lzj/bss/201512/20151207/d7364.0177.fits  0177       10868  strumu   40.00   1
/Users/lzj/bss/201512/20151207/d7364.0178.fits  0178       10505  strumu    3.00   1
/Users/lzj/bss/201512/20151207/d7364.0179.fits  0179       10505  strumu   40.00   1
/Users/lzj/bss/201512/20151207/d7364.0180.fits  0180       10869  strumu    3.00   1
/Users/lzj/bss/201512/20151207/d7364.0181.fits  0181       10869  strumu   40.00   1
/Users/lzj/bss/201512/20151207/d7364.0182.fits  0182       10506  strumu    3.00   1
/Users/lzj/bss/201512/20151207/d7364.0183.fits  0183       10506  strumu   40.00   1
/Users/lzj/bss/201512/20151207/d7364.0184.fits  0184       10870  strumu    3.00   1
/Users/lzj/bss/201512/20151207/d7364.0185.fits  0185       10870  strumu   40.00   1
/Users/lzj/bss/201512/20151207/d7364.0186.fits  0186       11948  strumu    3.00   1
/Users/lzj/bss/201512/20151207/d7364.0187.fits  0187       11948  strumu   40.00   1
/Users/lzj/bss/201512/20151207/d7364.0188.fits  0188       10507  strumu    3.00   1
/Users/lzj/bss/201512/20151207/d7364.0189.fits  0189       10507  strumu   40.00   1
/Users/lzj/bss/201512/20151207/d7364.0191.fits  0191       11233  strumu    3.00   1
/Users/lzj/bss/201512/20151207/d7364.0192.fits  0192       11233  strumu   40.00   1
/Users/lzj/bss/201512/20151207/d7364.0193.fits  0193       10871  strumu    3.00   1
/Users/lzj/bss/201512/20151207/d7364.0194.fits  0194       10871  strumu   40.00   1
/Users/lzj/bss/201512/20151207/d7364.0195.fits  0195       10508  strumu    3.00   1
/Users/lzj/bss/201512/20151207/d7364.0196.fits  0196       10508  strumu   40.00   1
/Users/lzj/bss/201512/20151207/d7364.0197.fits  0197       11949  strumu    3.00   1
/Users/lzj/bss/201512/20151207/d7364.0198.fits  0198       11949  strumu   40.00   1
/Users/lzj/bss/201512/20151207/d7364.0199.fits  0199       11234  strumu    3.00   1
/Users/lzj/bss/201512/20151207/d7364.0200.fits  0200       11234  strumu   40.00   1
/Users/lzj/bss/201512/20151207/d7364.0201.fits  0201       10872  strumu    3.00   1
/Users/lzj/bss/201512/20151207/d7364.0202.fits  0202       10872  strumu   40.00   1
/Users/lzj/bss/201512/20151207/d7364.0203.fits  0203       10509  strumu    3.00   1
/Users/lzj/bss/201512/20151207/d7364.0204.fits  0204       10509  strumu   40.00   1
/Users/lzj/bss/201512/20151207/d7364.0205.fits  0205       11950  strumu    3.00   1
/Users/lzj/bss/201512/20151207/d7364.0206.fits  0206       11950  strumu   40.00   1
/Users/lzj/bss/201512/20151207/d7364.0207.fits  0207       11235  strumu    3.00   1
/Users/lzj/bss/201512/20151207/d7364.0208.fits  0208       11235  strumu   40.00   1
/Users/lzj/bss/201512/20151207/d7364.0209.fits  0209       10873  strumu    3.00   1
/Users/lzj/bss/201512/20151207/d7364.0210.fits  0210       10873  strumu   40.00   1
/Users/lzj/bss/201512/20151207/d7364.0211.fits  0211       10510  strumu    3.00   1
/Users/lzj/bss/201512/20151207/d7364.0212.fits  0212       10510  strumu   40.00   1
/Users/lzj/bss/201512/20151207/d7364.0213.fits  0213       11951  strumu    3.00   1
/Users/lzj/bss/201512/20151207/d7364.0214.fits  0214       11951  strumu   40.00   1
/Users/lzj/bss/201512/20151207/d7364.0215.fits  0215       11236  strumu    3.00   1
/Users/lzj/bss/201512/20151207/d7364.0216.fits  0216       11236  strumu   40.00   1
/Users/lzj/bss/201512/20151207/d7364.0217.fits  0217       10874  strumu    3.00   1
/Users/lzj/bss/201512/20151207/d7364.0218.fits  0218       10874  strumu   40.00   1
/Users/lzj/bss/201512/20151207/d7364.0219.fits  0219       10511  strumu    3.00   1
/Users/lzj/bss/201512/20151207/d7364.0220.fits  0220       10511  strumu   40.00   1
/Users/lzj/bss/201512/20151207/d7364.0221.fits  0221       11952  strumu    3.00   1
/Users/lzj/bss/201512/20151207/d7364.0222.fits  0222       11952  strumu   40.00   1
/Users/lzj/bss/201512/20151207/d7364.0223.fits  0223       11237  strumu    3.00   1
/Users/lzj/bss/201512/20151207/d7364.0224.fits  0224       11237  strumu   40.00   1
/Users/lzj/bss/201512/20151207/d7364.0225.fits  0225       10512  strumu    3.00   1
/Users/lzj/bss/201512/20151207/d7364.0226.fits  0226       10512  strumu   40.00   1
/Users/lzj/bss/201512/20151207/d7364.0227.fits  0227       11953  strumu    3.00   1
/Users/lzj/bss/201512/20151207/d7364.0228.fits  0228       11953  strumu   40.00   1
/Users/lzj/bss/201512/20151207/d7364.0229.fits  0229       11238  strumu    3.00   1
/Users/lzj/bss/201512/20151207/d7364.0230.fits  0230       11238  strumu   40.00   1
/Users/lzj/bss/201512/20151207/d7364.0231.fits  0231       10513  strumu    3.00   1
/Users/lzj/bss/201512/20151207/d7364.0232.fits  0232       10513  strumu   40.00   1
/Users/lzj/bss/201512/20151207/d7364.0233.fits  0233       11954  strumu    3.00   1
/Users/lzj/bss/201512/20151207/d7364.0234.fits  0234       11954  strumu   40.00   1
/Users/lzj/bss/201512/20151207/d7364.0235.fits  0235       11239  strumu    3.00   1
/Users/lzj/bss/201512/20151207/d7364.0236.fits  0236       11239  strumu   40.00   1
/Users/lzj/bss/201512/20151207/d7364.0237.fits  0237       10514  strumu    3.00   1
/Users/lzj/bss/201512/20151207/d7364.0238.fits  0238       10514  strumu   40.00   1
/Users/lzj/bss/201512/20151207/d7364.0240.fits  0240       10515  strumu    3.00   1
/Users/lzj/bss/201512/20151207/d7364.0241.fits  0241       10515  strumu   40.00   1
/Users/lzj/bss/201512/20151207/d7364.0242.fits  0242       10516  strumu    3.00   1
/Users/lzj/bss/201512/20151207/d7364.0243.fits  0243       10516  strumu   40.00   1
/Users/lzj/bss/201512/20151207/d7364.0244.fits  0244       10517  strumu    3.00   1
/Users/lzj/bss/201512/20151207/d7364.0245.fits  0245       10517  strumu   40.00   1
/Users/lzj/bss/201512/20151207/d7364.0246.fits  0246       10518  strumu    3.00   1
/Users/lzj/bss/201512/20151207/d7364.0247.fits  0247       10518  strumu   40.00   1
/Users/lzj/bss/201512/20151207/d7364.0248.fits  0248       10882  strumu    3.00   1
/Users/lzj/bss/201512/20151207/d7364.0249.fits  0249       10882  strumu   40.00   1
/Users/lzj/bss/201512/20151207/d7364.0250.fits  0250       10519  strumu    3.00   1
/Users/lzj/bss/201512/20151207/d7364.0251.fits  0251       10519  strumu   40.00   1
/Users/lzj/bss/201512/20151207/d7364.0252.fits  0252       10883  strumv    3.00   1
/Users/lzj/bss/201512/20151207/d7364.0253.fits  0253       10883  strumv   40.00   1
/Users/lzj/bss/201512/20151207/d7364.0254.fits  0254       10520  strumv    3.00   1
/Users/lzj/bss/201512/20151207/d7364.0255.fits  0255       10520  strumv   40.00   1
/Users/lzj/bss/201512/20151207/d7364.0256.fits  0256       10883  strumu    3.00   1
/Users/lzj/bss/201512/20151207/d7364.0257.fits  0257       10883  strumu   40.00   1
/Users/lzj/bss/201512/20151207/d7364.0258.fits  0258       10520  strumu    3.00   1
/Users/lzj/bss/201512/20151207/d7364.0260.fits  0260       10883  strumv    3.00   1
/Users/lzj/bss/201512/20151207/d7364.0261.fits  0261       10883  strumv   40.00   1
/Users/lzj/bss/201512/20151207/d7364.0262.fits  0262       10520  strumv    3.00   1
/Users/lzj/bss/201512/20151207/d7364.0263.fits  0263       10520  strumv   40.00   1
/Users/lzj/bss/201512/20151207/d7364.0264.fits  0264       10883  strumu    3.00   1
/Users/lzj/bss/201512/20151207/d7364.0265.fits  0265       10883  strumu   40.00   1
/Users/lzj/bss/201512/20151207/d7364.0266.fits  0266       10520  strumu    3.00   1
/Users/lzj/bss/201512/20151207/d7364.0267.fits  0267       10520  strumu   40.00   1
/Users/lzj/bss/201512/20151207/d7364.0268.fits  0268       10884  strumu    3.00   1
/Users/lzj/bss/201512/20151207/d7364.0269.fits  0269       10884  strumu   40.00   1
/Users/lzj/bss/201512/20151207/d7364.0270.fits  0270       10521  strumu    3.00   1
/Users/lzj/bss/201512/20151207/d7364.0271.fits  0271       10521  strumu   40.00   1
/Users/lzj/bss/201512/20151207/d7364.0272.fits  0272       10885  strumu    3.00   1
/Users/lzj/bss/201512/20151207/d7364.0273.fits  0273       10885  strumu   40.00   1
/Users/lzj/bss/201512/20151207/d7364.0274.fits  0274       10522  strumu    3.00   1
/Users/lzj/bss/201512/20151207/d7364.0275.fits  0275       10522  strumu   40.00   1
/Users/lzj/bss/201512/20151207/d7364.0276.fits  0276       10886  strumu    3.00   1
/Users/lzj/bss/201512/20151207/d7364.0277.fits  0277       10886  strumu   40.00   1
/Users/lzj/bss/201512/20151207/d7364.0278.fits  0278       10523  strumu    3.00   1
/Users/lzj/bss/201512/20151207/d7364.0279.fits  0279       10523  strumu   40.00   1
/Users/lzj/bss/201512/20151207/d7364.0280.fits  0280       10887  strumu    3.00   1
/Users/lzj/bss/201512/20151207/d7364.0281.fits  0281       10887  strumu   40.00   1
/Users/lzj/bss/201512/20151207/d7364.0282.fits  0282       10524  strumu    3.00   1
/Users/lzj/bss/201512/20151207/d7364.0283.fits  0283       10524  strumu   40.00   1
/Users/lzj/bss/201512/20151207/d7364.0284.fits  0284       10888  strumu    3.00   1
/Users/lzj/bss/201512/20151207/d7364.0285.fits  0285       10888  strumu   40.00   1
/Users/lzj/bss/201512/20151207/d7364.0286.fits  0286       10525  strumu    3.00   1
/Users/lzj/bss/201512/20151207/d7364.0287.fits  0287       10525  strumu   40.00   1
/Users/lzj/bss/201512/20151207/d7364.0288.fits  0288       10889  strumu    3.00   1
/Users/lzj/bss/201512/20151207/d7364.0289.fits  0289       10889  strumu   40.00   1
/Users/lzj/bss/201512/20151207/d7364.0290.fits  0290       10526  strumu    3.00   1
/Users/lzj/bss/201512/20151207/d7364.0291.fits  0291       10526  strumu   40.00   1
/Users/lzj/bss/201512/20151207/d7364.0292.fits  0292       10890  strumu    3.00   1
/Users/lzj/bss/201512/20151207/d7364.0293.fits  0293       10890  strumu   40.00   1
/Users/lzj/bss/201512/20151207/d7364.0294.fits  0294       10527  strumu    3.00   1
/Users/lzj/bss/201512/20151207/d7364.0295.fits  0295       10527  strumu   40.00   1
/Users/lzj/bss/201512/20151207/d7364.0296.fits  0296       10528  strumu    3.00   1
/Users/lzj/bss/201512/20151207/d7364.0297.fits  0297       10528  strumu   40.00   1
/Users/lzj/bss/201512/20151207/d7364.0298.fits  0298       10529  strumu    3.00   1
/Users/lzj/bss/201512/20151207/d7364.0299.fits  0299       10529  strumu   40.00   1
/Users/lzj/bss/201512/20151207/d7364.0300.fits  0300       10530  strumu    3.00   1
/Users/lzj/bss/201512/20151207/d7364.0301.fits  0301       10530  strumu   40.00   1
/Users/lzj/bss/201512/20151207/d7364.0302.fits  0302       10531  strumu    3.00   1
/Users/lzj/bss/201512/20151207/d7364.0303.fits  0303       10531  strumu   40.00   1
/Users/lzj/bss/201512/20151207/d7364.0304.fits  0304       10532  strumu    3.00   1
/Users/lzj/bss/201512/20151207/d7364.0305.fits  0305       10532  strumu   40.00   1
/Users/lzj/bss/201512/20151207/d7364.0306.fits  0306       10533  strumu    3.00   1
/Users/lzj/bss/201512/20151207/d7364.0307.fits  0307       10533  strumu   40.00   1
/Users/lzj/bss/201512/20151207/d7364.0308.fits  0308       10534  strumu    3.00   1
/Users/lzj/bss/201512/20151207/d7364.0309.fits  0309       10534  strumu   40.00   1
/Users/lzj/bss/201512/20151207/d7364.0310.fits  0310       10535  strumu    3.00   1
/Users/lzj/bss/201512/20151207/d7364.0311.fits  0311       10535  strumu   40.00   1
/Users/lzj/bss/201512/20151207/d7364.0312.fits  0312       10536  strumu    3.00   1
/Users/lzj/bss/201512/20151207/d7364.0313.fits  0313       10536  strumu   40.00   1
/Users/lzj/bss/201512/20151207/d7364.0314.fits  0314       10537  strumu    3.00   1
/Users/lzj/bss/201512/20151207/d7364.0315.fits  0315       10537  strumu   40.00   1
/Users/lzj/bss/201512/20151207/d7364.0316.fits  0316       10538  strumu    3.00   1
/Users/lzj/bss/201512/20151207/d7364.0317.fits  0317       10538  strumu   40.00   1
/Users/lzj/bss/201512/20151207/d7364.0318.fits  0318       10539  strumu    3.00   1
/Users/lzj/bss/201512/20151207/d7364.0319.fits  0319       10539  strumu   40.00   1
/Users/lzj/bss/201512/20151207/d7364.0320.fits  0320       10540  strumu    3.00   1
/Users/lzj/bss/201512/20151207/d7364.0321.fits  0321       10540  strumu   40.00   1
/Users/lzj/bss/201512/20151207/d7364.0322.fits  0322       10541  strumu    3.00   1
/Users/lzj/bss/201512/20151207/d7364.0323.fits  0323       10541  strumu   40.00   1
/Users/lzj/bss/201512/20151207/d7364.0324.fits  0324       10542  strumu    3.00   1
/Users/lzj/bss/201512/20151207/d7364.0325.fits  0325       10542  strumu   40.00   1
/Users/lzj/bss/201512/20151207/d7364.0326.fits  0326       10543  strumu    3.00   1
/Users/lzj/bss/201512/20151207/d7364.0327.fits  0327       10543  strumu   40.00   1
/Users/lzj/bss/201512/20151207/d7364.0328.fits  0328       10544  strumu    3.00   1
/Users/lzj/bss/201512/20151207/d7364.0329.fits  0329       10544  strumu   40.00   1
/Users/lzj/bss/201512/20151207/d7364.0330.fits  0330       10545  strumu    3.00   1
/Users/lzj/bss/201512/20151207/d7364.0331.fits  0331       10545  strumu   40.00   1
/Users/lzj/bss/201512/20151207/d7364.0332.fits  0332       10546  strumu    3.00   1
/Users/lzj/bss/201512/20151207/d7364.0333.fits  0333       10546  strumu   40.00   1
/Users/lzj/bss/201512/20151207/d7364.0334.fits  0334       10547  strumu    3.00   1
/Users/lzj/bss/201512/20151207/d7364.0335.fits  0335       10547  strumu   40.00   1
/Users/lzj/bss/201512/20151207/d7364.0336.fits  0336       13763  strumu    3.00   1
/Users/lzj/bss/201512/20151207/d7364.0337.fits  0337       13763  strumu   40.00   1
/Users/lzj/bss/201512/20151207/d7364.0338.fits  0338       11310  strumu    3.00   1
/Users/lzj/bss/201512/20151207/d7364.0339.fits  0339       11310  strumu   40.00   1
/Users/lzj/bss/201512/20151207/d7364.0340.fits  0340       13764  strumu    3.00   1
/Users/lzj/bss/201512/20151207/d7364.0341.fits  0341       13764  strumu   40.00   1
/Users/lzj/bss/201512/20151207/d7364.0342.fits  0342       11311  strumu    3.00   1
/Users/lzj/bss/201512/20151207/d7364.0343.fits  0343       11311  strumu   40.00   1
/Users/lzj/bss/201512/20151207/d7364.0344.fits  0344       13765  strumv    3.00   1
/Users/lzj/bss/201512/20151207/d7364.0345.fits  0345       13765  strumv   40.00   1
/Users/lzj/bss/201512/20151207/d7364.0346.fits  0346       11312  strumv    3.00   1
/Users/lzj/bss/201512/20151207/d7364.0347.fits  0347       11312  strumv   40.00   1
/Users/lzj/bss/201512/20151207/d7364.0348.fits  0348       13765  strumu    3.00   1
/Users/lzj/bss/201512/20151207/d7364.0349.fits  0349       13765  strumu   40.00   1
/Users/lzj/bss/201512/20151207/d7364.0350.fits  0350       11312  strumu    3.00   1
/Users/lzj/bss/201512/20151207/d7364.0351.fits  0351       11312  strumu   40.00   1
/Users/lzj/bss/201512/20151207/d7364.0352.fits  0352       13766  strumu    3.00   1
/Users/lzj/bss/201512/20151207/d7364.0353.fits  0353       13766  strumu   40.00   1
/Users/lzj/bss/201512/20151207/d7364.0354.fits  0354       11313  strumu    3.00   1
/Users/lzj/bss/201512/20151207/d7364.0355.fits  0355       11313  strumu   40.00   1
/Users/lzj/bss/201512/20151207/d7364.0356.fits  0356       13767  strumu    3.00   1
/Users/lzj/bss/201512/20151207/d7364.0357.fits  0357       13767  strumu   40.00   1
/Users/lzj/bss/201512/20151207/d7364.0358.fits  0358       12382  strumu    3.00   1
/Users/lzj/bss/201512/20151207/d7364.0359.fits  0359       12382  strumu   40.00   1
/Users/lzj/bss/201512/20151207/d7364.0360.fits  0360       11314  strumu    3.00   1
/Users/lzj/bss/201512/20151207/d7364.0361.fits  0361       11314  strumu   40.00   1
/Users/lzj/bss/201512/20151207/d7364.0362.fits  0362       12733  strumu    3.00   1
/Users/lzj/bss/201512/20151207/d7364.0363.fits  0363       12733  strumu   40.00   1
/Users/lzj/bss/201512/20151207/d7364.0364.fits  0364       13768  strumu    3.00   1
/Users/lzj/bss/201512/20151207/d7364.0365.fits  0365       13768  strumu   40.00   1
