/Users/lzj/bss/201512/20151206/d7363.0023.fits  0023       11101  strumu    3.00   1
/Users/lzj/bss/201512/20151206/d7363.0024.fits  0024       11101  strumv    3.00   1
/Users/lzj/bss/201512/20151206/d7363.0025.fits  0025       11101  strumv   40.00   1
/Users/lzj/bss/201512/20151206/d7363.0026.fits  0026       11102  strumv    3.00   1
/Users/lzj/bss/201512/20151206/d7363.0027.fits  0027       11102  strumv   40.00   1
/Users/lzj/bss/201512/20151206/d7363.0028.fits  0028       11101  strumu    3.00   1
/Users/lzj/bss/201512/20151206/d7363.0029.fits  0029       11101  strumu   40.00   1
/Users/lzj/bss/201512/20151206/d7363.0030.fits  0030       11102  strumu    3.00   1
/Users/lzj/bss/201512/20151206/d7363.0031.fits  0031       11102  strumu   40.00   1
/Users/lzj/bss/201512/20151206/d7363.0032.fits  0032       11103  strumu    3.00   1
/Users/lzj/bss/201512/20151206/d7363.0033.fits  0033       11103  strumu   40.00   1
/Users/lzj/bss/201512/20151206/d7363.0034.fits  0034       11104  strumu    3.00   1
/Users/lzj/bss/201512/20151206/d7363.0035.fits  0035       11104  strumu   40.00   1
/Users/lzj/bss/201512/20151206/d7363.0036.fits  0036       11466  strumu    3.00   1
/Users/lzj/bss/201512/20151206/d7363.0037.fits  0037       11466  strumu   40.00   1
/Users/lzj/bss/201512/20151206/d7363.0038.fits  0038       11105  strumu    3.00   1
/Users/lzj/bss/201512/20151206/d7363.0039.fits  0039       11105  strumu   40.00   1
/Users/lzj/bss/201512/20151206/d7363.0040.fits  0040       11467  strumu    3.00   1
/Users/lzj/bss/201512/20151206/d7363.0041.fits  0041       11467  strumu   40.00   1
/Users/lzj/bss/201512/20151206/d7363.0042.fits  0042       11106  strumu    3.00   1
/Users/lzj/bss/201512/20151206/d7363.0043.fits  0043       11106  strumu   40.00   1
/Users/lzj/bss/201512/20151206/d7363.0044.fits  0044       11468  strumu    3.00   1
/Users/lzj/bss/201512/20151206/d7363.0045.fits  0045       11468  strumu   40.00   1
/Users/lzj/bss/201512/20151206/d7363.0046.fits  0046       11107  strumu    3.00   1
/Users/lzj/bss/201512/20151206/d7363.0047.fits  0047       11107  strumu   40.00   1
/Users/lzj/bss/201512/20151206/d7363.0049.fits  0049       11469  strumu    3.00   1
/Users/lzj/bss/201512/20151206/d7363.0050.fits  0050       11469  strumu   40.00   1
/Users/lzj/bss/201512/20151206/d7363.0051.fits  0051       11470  strumu    3.00   1
/Users/lzj/bss/201512/20151206/d7363.0052.fits  0052       11470  strumu   40.00   1
/Users/lzj/bss/201512/20151206/d7363.0053.fits  0053       11471  strumu    3.00   1
/Users/lzj/bss/201512/20151206/d7363.0054.fits  0054       11471  strumu   40.00   1
/Users/lzj/bss/201512/20151206/d7363.0055.fits  0055       11472  strumu    3.00   1
/Users/lzj/bss/201512/20151206/d7363.0056.fits  0056       11472  strumu   40.00   1
/Users/lzj/bss/201512/20151206/d7363.0057.fits  0057       10756  strumu    3.00   1
/Users/lzj/bss/201512/20151206/d7363.0058.fits  0058       10756  strumu   40.00   1
/Users/lzj/bss/201512/20151206/d7363.0059.fits  0059       10757  strumu    3.00   1
/Users/lzj/bss/201512/20151206/d7363.0060.fits  0060       10757  strumu   40.00   1
/Users/lzj/bss/201512/20151206/d7363.0061.fits  0061       10758  strumu    3.00   1
/Users/lzj/bss/201512/20151206/d7363.0062.fits  0062       10758  strumu   40.00   1
/Users/lzj/bss/201512/20151206/d7363.0063.fits  0063       10759  strumu    3.00   1
/Users/lzj/bss/201512/20151206/d7363.0064.fits  0064       10759  strumu   40.00   1
/Users/lzj/bss/201512/20151206/d7363.0066.fits  0066   J0112_p01   zheng  900.00   1
/Users/lzj/bss/201512/20151206/d7363.0067.fits  0067   J0112_p02   zheng  900.00   1
/Users/lzj/bss/201512/20151206/d7363.0072.fits  0072       10462  strumv    3.00   1
/Users/lzj/bss/201512/20151206/d7363.0073.fits  0073       10462  strumv   40.00   1
/Users/lzj/bss/201512/20151206/d7363.0074.fits  0074       10463  strumv    3.00   1
/Users/lzj/bss/201512/20151206/d7363.0075.fits  0075       10463  strumv   40.00   1
/Users/lzj/bss/201512/20151206/d7363.0076.fits  0076       10462  strumu    3.00   1
/Users/lzj/bss/201512/20151206/d7363.0077.fits  0077       10462  strumu   40.00   1
/Users/lzj/bss/201512/20151206/d7363.0078.fits  0078       10463  strumu    3.00   1
/Users/lzj/bss/201512/20151206/d7363.0079.fits  0079       10463  strumu   40.00   1
/Users/lzj/bss/201512/20151206/d7363.0080.fits  0080       10464  strumu    3.00   1
/Users/lzj/bss/201512/20151206/d7363.0081.fits  0081       10464  strumu   40.00   1
/Users/lzj/bss/201512/20151206/d7363.0082.fits  0082       10465  strumu    3.00   1
/Users/lzj/bss/201512/20151206/d7363.0083.fits  0083       10465  strumu   40.00   1
/Users/lzj/bss/201512/20151206/d7363.0084.fits  0084       10466  strumu    3.00   1
/Users/lzj/bss/201512/20151206/d7363.0085.fits  0085       10466  strumu   40.00   1
/Users/lzj/bss/201512/20151206/d7363.0086.fits  0086       10467  strumu    3.00   1
/Users/lzj/bss/201512/20151206/d7363.0087.fits  0087       10467  strumu   40.00   1
/Users/lzj/bss/201512/20151206/d7363.0088.fits  0088       10468  strumu    3.00   1
/Users/lzj/bss/201512/20151206/d7363.0089.fits  0089       10469  strumu    3.00   1
/Users/lzj/bss/201512/20151206/d7363.0090.fits  0090       10469  strumu   40.00   1
/Users/lzj/bss/201512/20151206/d7363.0091.fits  0091       10470  strumu    3.00   1
/Users/lzj/bss/201512/20151206/d7363.0092.fits  0092       10470  strumu   40.00   1
/Users/lzj/bss/201512/20151206/d7363.0093.fits  0093       10471  strumu    3.00   1
/Users/lzj/bss/201512/20151206/d7363.0094.fits  0094       10471  strumu   40.00   1
/Users/lzj/bss/201512/20151206/d7363.0095.fits  0095       10472  strumu    3.00   1
/Users/lzj/bss/201512/20151206/d7363.0096.fits  0096       10472  strumu   40.00   1
/Users/lzj/bss/201512/20151206/d7363.0097.fits  0097       10473  strumu    3.00   1
/Users/lzj/bss/201512/20151206/d7363.0098.fits  0098       10473  strumu   40.00   1
/Users/lzj/bss/201512/20151206/d7363.0099.fits  0099       10474  strumu    3.00   1
/Users/lzj/bss/201512/20151206/d7363.0100.fits  0100       10474  strumu   40.00   1
/Users/lzj/bss/201512/20151206/d7363.0101.fits  0101       10475  strumu    3.00   1
/Users/lzj/bss/201512/20151206/d7363.0102.fits  0102       10475  strumu   40.00   1
/Users/lzj/bss/201512/20151206/d7363.0103.fits  0103       10476  strumu    3.00   1
/Users/lzj/bss/201512/20151206/d7363.0104.fits  0104       10476  strumu   40.00   1
/Users/lzj/bss/201512/20151206/d7363.0105.fits  0105       10477  strumu    3.00   1
/Users/lzj/bss/201512/20151206/d7363.0106.fits  0106       10477  strumu   40.00   1
/Users/lzj/bss/201512/20151206/d7363.0107.fits  0107       10478  strumu    3.00   1
/Users/lzj/bss/201512/20151206/d7363.0108.fits  0108       10478  strumu   40.00   1
/Users/lzj/bss/201512/20151206/d7363.0109.fits  0109       10479  strumu    3.00   1
/Users/lzj/bss/201512/20151206/d7363.0110.fits  0110       10479  strumu   40.00   1
/Users/lzj/bss/201512/20151206/d7363.0111.fits  0111       10480  strumu    3.00   1
/Users/lzj/bss/201512/20151206/d7363.0112.fits  0112       10480  strumu   40.00   1
/Users/lzj/bss/201512/20151206/d7363.0113.fits  0113       10481  strumu    3.00   1
/Users/lzj/bss/201512/20151206/d7363.0114.fits  0114       10481  strumu   40.00   1
/Users/lzj/bss/201512/20151206/d7363.0115.fits  0115       10482  strumu    3.00   1
/Users/lzj/bss/201512/20151206/d7363.0116.fits  0116       10482  strumu   40.00   1
/Users/lzj/bss/201512/20151206/d7363.0117.fits  0117       10483  strumu    3.00   1
/Users/lzj/bss/201512/20151206/d7363.0118.fits  0118       10483  strumu   40.00   1
/Users/lzj/bss/201512/20151206/d7363.0119.fits  0119       10484  strumu    3.00   1
/Users/lzj/bss/201512/20151206/d7363.0120.fits  0120       10484  strumu   40.00   1
/Users/lzj/bss/201512/20151206/d7363.0121.fits  0121       10485  strumu    3.00   1
/Users/lzj/bss/201512/20151206/d7363.0122.fits  0122       10485  strumu   40.00   1
/Users/lzj/bss/201512/20151206/d7363.0123.fits  0123       10486  strumu    3.00   1
/Users/lzj/bss/201512/20151206/d7363.0124.fits  0124       10486  strumu   40.00   1
/Users/lzj/bss/201512/20151206/d7363.0125.fits  0125       10487  strumu    3.00   1
/Users/lzj/bss/201512/20151206/d7363.0126.fits  0126       10487  strumu   40.00   1
/Users/lzj/bss/201512/20151206/d7363.0127.fits  0127       10488  strumu    3.00   1
/Users/lzj/bss/201512/20151206/d7363.0128.fits  0128       10488  strumu   40.00   1
/Users/lzj/bss/201512/20151206/d7363.0129.fits  0129       10489  strumu    3.00   1
/Users/lzj/bss/201512/20151206/d7363.0130.fits  0130       10489  strumu   40.00   1
/Users/lzj/bss/201512/20151206/d7363.0131.fits  0131       10490  strumu    3.00   1
/Users/lzj/bss/201512/20151206/d7363.0132.fits  0132       10490  strumu   40.00   1
/Users/lzj/bss/201512/20151206/d7363.0133.fits  0133       10854  strumu    3.00   1
/Users/lzj/bss/201512/20151206/d7363.0134.fits  0134       10854  strumu   40.00   1
/Users/lzj/bss/201512/20151206/d7363.0135.fits  0135       10491  strumu    3.00   1
/Users/lzj/bss/201512/20151206/d7363.0136.fits  0136       10491  strumu   40.00   1
/Users/lzj/bss/201512/20151206/d7363.0137.fits  0137       10855  strumu    3.00   1
/Users/lzj/bss/201512/20151206/d7363.0138.fits  0138       10855  strumu   40.00   1
/Users/lzj/bss/201512/20151206/d7363.0139.fits  0139       10492  strumu    3.00   1
/Users/lzj/bss/201512/20151206/d7363.0140.fits  0140       10492  strumu   40.00   1
/Users/lzj/bss/201512/20151206/d7363.0141.fits  0141       10856  strumu    3.00   1
/Users/lzj/bss/201512/20151206/d7363.0142.fits  0142       10856  strumu   40.00   1
/Users/lzj/bss/201512/20151206/d7363.0143.fits  0143       10493  strumu    3.00   1
/Users/lzj/bss/201512/20151206/d7363.0144.fits  0144       10493  strumu   40.00   1
/Users/lzj/bss/201512/20151206/d7363.0145.fits  0145       10857  strumu    3.00   1
/Users/lzj/bss/201512/20151206/d7363.0146.fits  0146       10857  strumu   40.00   1
/Users/lzj/bss/201512/20151206/d7363.0147.fits  0147       10494  strumu    3.00   1
/Users/lzj/bss/201512/20151206/d7363.0148.fits  0148       10494  strumu   40.00   1
/Users/lzj/bss/201512/20151206/d7363.0149.fits  0149       10858  strumu    3.00   1
/Users/lzj/bss/201512/20151206/d7363.0150.fits  0150       10858  strumu   40.00   1
/Users/lzj/bss/201512/20151206/d7363.0151.fits  0151       10495  strumu    3.00   1
/Users/lzj/bss/201512/20151206/d7363.0152.fits  0152       10495  strumu   40.00   1
/Users/lzj/bss/201512/20151206/d7363.0155.fits  0155       10859  strumv    3.00   1
/Users/lzj/bss/201512/20151206/d7363.0156.fits  0156       10859  strumv   40.00   1
/Users/lzj/bss/201512/20151206/d7363.0157.fits  0157       10496  strumv    3.00   1
/Users/lzj/bss/201512/20151206/d7363.0158.fits  0158       10496  strumv   40.00   1
/Users/lzj/bss/201512/20151206/d7363.0159.fits  0159       10860  strumv    3.00   1
/Users/lzj/bss/201512/20151206/d7363.0160.fits  0160       10860  strumv   40.00   1
/Users/lzj/bss/201512/20151206/d7363.0161.fits  0161       10859  strumu    3.00   1
/Users/lzj/bss/201512/20151206/d7363.0162.fits  0162       10859  strumu   40.00   1
/Users/lzj/bss/201512/20151206/d7363.0163.fits  0163       10496  strumu    3.00   1
/Users/lzj/bss/201512/20151206/d7363.0164.fits  0164       10496  strumu   40.00   1
/Users/lzj/bss/201512/20151206/d7363.0165.fits  0165       10860  strumu    3.00   1
/Users/lzj/bss/201512/20151206/d7363.0166.fits  0166       10860  strumu   40.00   1
/Users/lzj/bss/201512/20151206/d7363.0167.fits  0167       10497  strumu    3.00   1
/Users/lzj/bss/201512/20151206/d7363.0168.fits  0168       10497  strumu   40.00   1
/Users/lzj/bss/201512/20151206/d7363.0169.fits  0169       10861  strumu    3.00   1
/Users/lzj/bss/201512/20151206/d7363.0170.fits  0170       10861  strumu   40.00   1
/Users/lzj/bss/201512/20151206/d7363.0171.fits  0171       10498  strumu    3.00   1
/Users/lzj/bss/201512/20151206/d7363.0172.fits  0172       10498  strumu   40.00   1
/Users/lzj/bss/201512/20151206/d7363.0173.fits  0173       10862  strumu    3.00   1
/Users/lzj/bss/201512/20151206/d7363.0174.fits  0174       10862  strumu   40.00   1
/Users/lzj/bss/201512/20151206/d7363.0175.fits  0175       10499  strumu    3.00   1
/Users/lzj/bss/201512/20151206/d7363.0176.fits  0176       10499  strumu   40.00   1
/Users/lzj/bss/201512/20151206/d7363.0177.fits  0177       10863  strumu    3.00   1
/Users/lzj/bss/201512/20151206/d7363.0178.fits  0178       10863  strumu   40.00   1
/Users/lzj/bss/201512/20151206/d7363.0179.fits  0179       10500  strumu    3.00   1
/Users/lzj/bss/201512/20151206/d7363.0180.fits  0180       10500  strumu   40.00   1
/Users/lzj/bss/201512/20151206/d7363.0181.fits  0181       10864  strumu    3.00   1
/Users/lzj/bss/201512/20151206/d7363.0182.fits  0182       10864  strumu   40.00   1
/Users/lzj/bss/201512/20151206/d7363.0183.fits  0183       10501  strumu    3.00   1
/Users/lzj/bss/201512/20151206/d7363.0184.fits  0184       10501  strumu   40.00   1
/Users/lzj/bss/201512/20151206/d7363.0185.fits  0185       10865  strumu    3.00   1
/Users/lzj/bss/201512/20151206/d7363.0186.fits  0186       10865  strumu   40.00   1
/Users/lzj/bss/201512/20151206/d7363.0187.fits  0187       10502  strumu    3.00   1
/Users/lzj/bss/201512/20151206/d7363.0188.fits  0188       10502  strumu   40.00   1
/Users/lzj/bss/201512/20151206/d7363.0189.fits  0189       10866  strumu    3.00   1
/Users/lzj/bss/201512/20151206/d7363.0190.fits  0190       10866  strumu   40.00   1
/Users/lzj/bss/201512/20151206/d7363.0191.fits  0191       10503  strumu    3.00   1
/Users/lzj/bss/201512/20151206/d7363.0192.fits  0192       10503  strumu   40.00   1
/Users/lzj/bss/201512/20151206/d7363.0193.fits  0193       10867  strumu    3.00   1
/Users/lzj/bss/201512/20151206/d7363.0194.fits  0194       10867  strumu   40.00   1
/Users/lzj/bss/201512/20151206/d7363.0195.fits  0195       10504  strumu    3.00   1
/Users/lzj/bss/201512/20151206/d7363.0196.fits  0196       10504  strumu   40.00   1
/Users/lzj/bss/201512/20151206/d7363.0197.fits  0197       10868  strumu    3.00   1
/Users/lzj/bss/201512/20151206/d7363.0198.fits  0198       10868  strumu   40.00   1
/Users/lzj/bss/201512/20151206/d7363.0199.fits  0199       10505  strumu    3.00   1
/Users/lzj/bss/201512/20151206/d7363.0200.fits  0200       10505  strumu   40.00   1
/Users/lzj/bss/201512/20151206/d7363.0201.fits  0201       10869  strumu    3.00   1
/Users/lzj/bss/201512/20151206/d7363.0202.fits  0202       10869  strumu   40.00   1
/Users/lzj/bss/201512/20151206/d7363.0203.fits  0203       10506  strumu    3.00   1
/Users/lzj/bss/201512/20151206/d7363.0204.fits  0204       10506  strumu   40.00   1
/Users/lzj/bss/201512/20151206/d7363.0205.fits  0205       10870  strumu    3.00   1
/Users/lzj/bss/201512/20151206/d7363.0206.fits  0206       10870  strumu   40.00   1
/Users/lzj/bss/201512/20151206/d7363.0207.fits  0207       10507  strumu    3.00   1
/Users/lzj/bss/201512/20151206/d7363.0208.fits  0208       10507  strumu   40.00   1
/Users/lzj/bss/201512/20151206/d7363.0209.fits  0209       11233  strumu    3.00   1
/Users/lzj/bss/201512/20151206/d7363.0210.fits  0210       11233  strumu   40.00   1
/Users/lzj/bss/201512/20151206/d7363.0211.fits  0211       10871  strumu    3.00   1
/Users/lzj/bss/201512/20151206/d7363.0212.fits  0212       10871  strumu   40.00   1
/Users/lzj/bss/201512/20151206/d7363.0213.fits  0213       10508  strumu    3.00   1
/Users/lzj/bss/201512/20151206/d7363.0214.fits  0214       10508  strumu   40.00   1
/Users/lzj/bss/201512/20151206/d7363.0215.fits  0215       11234  strumu    3.00   1
/Users/lzj/bss/201512/20151206/d7363.0216.fits  0216       11234  strumu   40.00   1
/Users/lzj/bss/201512/20151206/d7363.0217.fits  0217       10872  strumu    3.00   1
/Users/lzj/bss/201512/20151206/d7363.0218.fits  0218       10872  strumu   40.00   1
/Users/lzj/bss/201512/20151206/d7363.0219.fits  0219       10509  strumu    3.00   1
/Users/lzj/bss/201512/20151206/d7363.0220.fits  0220       10509  strumu   40.00   1
/Users/lzj/bss/201512/20151206/d7363.0221.fits  0221       11235  strumu    3.00   1
/Users/lzj/bss/201512/20151206/d7363.0222.fits  0222       11235  strumu   40.00   1
/Users/lzj/bss/201512/20151206/d7363.0223.fits  0223       10873  strumu    3.00   1
/Users/lzj/bss/201512/20151206/d7363.0224.fits  0224       10873  strumu   40.00   1
/Users/lzj/bss/201512/20151206/d7363.0225.fits  0225       10510  strumu    3.00   1
/Users/lzj/bss/201512/20151206/d7363.0226.fits  0226       10510  strumu   40.00   1
/Users/lzj/bss/201512/20151206/d7363.0227.fits  0227       11236  strumu    3.00   1
/Users/lzj/bss/201512/20151206/d7363.0228.fits  0228       11236  strumu   40.00   1
/Users/lzj/bss/201512/20151206/d7363.0229.fits  0229       10874  strumu    3.00   1
/Users/lzj/bss/201512/20151206/d7363.0230.fits  0230       10874  strumu   40.00   1
/Users/lzj/bss/201512/20151206/d7363.0231.fits  0231       10511  strumu    3.00   1
/Users/lzj/bss/201512/20151206/d7363.0232.fits  0232       10511  strumu   40.00   1
/Users/lzj/bss/201512/20151206/d7363.0233.fits  0233       11237  strumu    3.00   1
/Users/lzj/bss/201512/20151206/d7363.0234.fits  0234       11237  strumu   40.00   1
/Users/lzj/bss/201512/20151206/d7363.0235.fits  0235       10875  strumu    3.00   1
/Users/lzj/bss/201512/20151206/d7363.0236.fits  0236       10875  strumu   40.00   1
/Users/lzj/bss/201512/20151206/d7363.0237.fits  0237       10512  strumu    3.00   1
/Users/lzj/bss/201512/20151206/d7363.0238.fits  0238       10512  strumu   40.00   1
/Users/lzj/bss/201512/20151206/d7363.0239.fits  0239       11238  strumu    3.00   1
/Users/lzj/bss/201512/20151206/d7363.0240.fits  0240       11238  strumu   40.00   1
/Users/lzj/bss/201512/20151206/d7363.0241.fits  0241       10876  strumu    3.00   1
/Users/lzj/bss/201512/20151206/d7363.0242.fits  0242       10876  strumu   40.00   1
