/Users/lzj/bss/201512/20151215/cai7372.0066.fits  0066   J0112_p01       B  900.00   1
/Users/lzj/bss/201512/20151215/cai7372.0067.fits  0067   J0112_p02       B  900.00   1
/Users/lzj/bss/201512/20151215/cai7372.0068.fits  0068   J0112_p03       B  900.00   1
/Users/lzj/bss/201512/20151215/cai7372.0069.fits  0069   J0112_p04       B  900.00   1
/Users/lzj/bss/201512/20151215/cai7372.0072.fits  0072   J0112_p05       B  900.00   1
/Users/lzj/bss/201512/20151215/cai7372.0073.fits  0073   J0112_p01       B  900.00   1
/Users/lzj/bss/201512/20151215/cai7372.0074.fits  0074   J0112_p02       B  900.00   1
/Users/lzj/bss/201512/20151215/cai7372.0076.fits  0076   J0112_p01   zheng  900.00   1
/Users/lzj/bss/201512/20151215/cai7372.0077.fits  0077   J0112_p02   zheng  900.00   1
/Users/lzj/bss/201512/20151215/cai7372.0078.fits  0078   J0112_p03   zheng  900.00   1
/Users/lzj/bss/201512/20151215/cai7372.0080.fits  0080   J0112_p04   zheng  900.00   1
/Users/lzj/bss/201512/20151215/cai7372.0081.fits  0081   J0112_p05   zheng  702.51   1
/Users/lzj/bss/201512/20151215/d7372.0006.fits  0006       10735  strumu    3.00   1
/Users/lzj/bss/201512/20151215/d7372.0007.fits  0007       10735  strumu   40.00   1
/Users/lzj/bss/201512/20151215/d7372.0008.fits  0008       10736  strumu    3.00   1
/Users/lzj/bss/201512/20151215/d7372.0009.fits  0009       10736  strumu   40.00   1
/Users/lzj/bss/201512/20151215/d7372.0010.fits  0010       10737  strumu    3.00   1
/Users/lzj/bss/201512/20151215/d7372.0011.fits  0011       10737  strumu   40.00   1
/Users/lzj/bss/201512/20151215/d7372.0012.fits  0012       10738  strumu    3.00   1
/Users/lzj/bss/201512/20151215/d7372.0013.fits  0013       10738  strumu   40.00   1
/Users/lzj/bss/201512/20151215/d7372.0014.fits  0014       10739  strumu    3.00   1
/Users/lzj/bss/201512/20151215/d7372.0015.fits  0015       10739  strumu   40.00   1
/Users/lzj/bss/201512/20151215/d7372.0016.fits  0016       11101  strumu    3.00   1
/Users/lzj/bss/201512/20151215/d7372.0017.fits  0017       11101  strumu   40.00   1
/Users/lzj/bss/201512/20151215/d7372.0018.fits  0018       10740  strumu    3.00   1
/Users/lzj/bss/201512/20151215/d7372.0019.fits  0019       10740  strumu   40.00   1
/Users/lzj/bss/201512/20151215/d7372.0020.fits  0020       11836  strumu    3.00   1
/Users/lzj/bss/201512/20151215/d7372.0021.fits  0021       11836  strumu   40.00   1
/Users/lzj/bss/201512/20151215/d7372.0022.fits  0022       11837  strumu    3.00   1
/Users/lzj/bss/201512/20151215/d7372.0023.fits  0023       11837  strumu   40.00   1
/Users/lzj/bss/201512/20151215/d7372.0024.fits  0024       11838  strumu    3.00   1
/Users/lzj/bss/201512/20151215/d7372.0025.fits  0025       11838  strumu   40.00   1
/Users/lzj/bss/201512/20151215/d7372.0026.fits  0026       11839  strumu    3.00   1
/Users/lzj/bss/201512/20151215/d7372.0027.fits  0027       11839  strumu   40.00   1
/Users/lzj/bss/201512/20151215/d7372.0029.fits  0029       11840  strumu    3.00   1
/Users/lzj/bss/201512/20151215/d7372.0030.fits  0030       11840  strumu   40.00   1
/Users/lzj/bss/201512/20151215/d7372.0031.fits  0031       11841  strumu    3.00   1
/Users/lzj/bss/201512/20151215/d7372.0032.fits  0032       11841  strumu   40.00   1
/Users/lzj/bss/201512/20151215/d7372.0033.fits  0033       11842  strumu    3.00   1
/Users/lzj/bss/201512/20151215/d7372.0034.fits  0034       11842  strumu   40.00   1
/Users/lzj/bss/201512/20151215/d7372.0035.fits  0035       11843  strumu    3.00   1
/Users/lzj/bss/201512/20151215/d7372.0036.fits  0036       11843  strumu   40.00   1
/Users/lzj/bss/201512/20151215/d7372.0037.fits  0037       11844  strumu    3.00   1
/Users/lzj/bss/201512/20151215/d7372.0038.fits  0038       11844  strumu   40.00   1
/Users/lzj/bss/201512/20151215/d7372.0039.fits  0039       11845  strumu    3.00   1
/Users/lzj/bss/201512/20151215/d7372.0040.fits  0040       11845  strumu   40.00   1
/Users/lzj/bss/201512/20151215/d7372.0041.fits  0041       11846  strumu    3.00   1
/Users/lzj/bss/201512/20151215/d7372.0042.fits  0042       11846  strumu   40.00   1
/Users/lzj/bss/201512/20151215/d7372.0043.fits  0043       11847  strumu    3.00   1
/Users/lzj/bss/201512/20151215/d7372.0044.fits  0044       11847  strumu   40.00   1
/Users/lzj/bss/201512/20151215/d7372.0045.fits  0045       11848  strumu    3.00   1
/Users/lzj/bss/201512/20151215/d7372.0046.fits  0046       11848  strumu   40.00   1
/Users/lzj/bss/201512/20151215/d7372.0048.fits  0048       11849  strumu    3.00   1
/Users/lzj/bss/201512/20151215/d7372.0049.fits  0049       11849  strumu   40.00   1
/Users/lzj/bss/201512/20151215/d7372.0050.fits  0050       11850  strumu    3.00   1
/Users/lzj/bss/201512/20151215/d7372.0051.fits  0051       11850  strumu   40.00   1
/Users/lzj/bss/201512/20151215/d7372.0052.fits  0052       11851  strumu    3.00   1
/Users/lzj/bss/201512/20151215/d7372.0053.fits  0053       11851  strumu   40.00   1
/Users/lzj/bss/201512/20151215/d7372.0054.fits  0054       11852  strumu    3.00   1
/Users/lzj/bss/201512/20151215/d7372.0055.fits  0055       11852  strumu   40.00   1
/Users/lzj/bss/201512/20151215/d7372.0056.fits  0056       11853  strumu    3.00   1
/Users/lzj/bss/201512/20151215/d7372.0057.fits  0057       11853  strumu   40.00   1
/Users/lzj/bss/201512/20151215/d7372.0058.fits  0058       11854  strumu    3.00   1
/Users/lzj/bss/201512/20151215/d7372.0059.fits  0059       11854  strumu   40.00   1
/Users/lzj/bss/201512/20151215/d7372.0060.fits  0060       11855  strumu    3.00   1
/Users/lzj/bss/201512/20151215/d7372.0061.fits  0061       11855  strumu   40.00   1
/Users/lzj/bss/201512/20151215/d7372.0062.fits  0062       11856  strumu    3.00   1
/Users/lzj/bss/201512/20151215/d7372.0063.fits  0063       11856  strumu   40.00   1
/Users/lzj/bss/201512/20151215/d7372.0084.fits  0084       12629  strumu    3.00   1
/Users/lzj/bss/201512/20151215/d7372.0085.fits  0085       12629  strumu   40.00   1
/Users/lzj/bss/201512/20151215/d7372.0086.fits  0086       13323  strumu    3.00   1
/Users/lzj/bss/201512/20151215/d7372.0087.fits  0087       13323  strumu   40.00   1
/Users/lzj/bss/201512/20151215/d7372.0088.fits  0088       12630  strumu    3.00   1
/Users/lzj/bss/201512/20151215/d7372.0089.fits  0089       12630  strumu   40.00   1
/Users/lzj/bss/201512/20151215/d7372.0090.fits  0090       13324  strumu    3.00   1
/Users/lzj/bss/201512/20151215/d7372.0091.fits  0091       13324  strumu   40.00   1
/Users/lzj/bss/201512/20151215/d7372.0092.fits  0092       12631  strumu    3.00   1
/Users/lzj/bss/201512/20151215/d7372.0093.fits  0093       12631  strumu   40.00   1
/Users/lzj/bss/201512/20151215/d7372.0094.fits  0094       13325  strumu    3.00   1
/Users/lzj/bss/201512/20151215/d7372.0095.fits  0095       13325  strumu   40.00   1
/Users/lzj/bss/201512/20151215/d7372.0096.fits  0096       12632  strumu    3.00   1
/Users/lzj/bss/201512/20151215/d7372.0097.fits  0097       12632  strumu   40.00   1
/Users/lzj/bss/201512/20151215/d7372.0098.fits  0098       13326  strumu    3.00   1
/Users/lzj/bss/201512/20151215/d7372.0099.fits  0099       13326  strumu   40.00   1
/Users/lzj/bss/201512/20151215/d7372.0100.fits  0100       13670  strumu    3.00   1
/Users/lzj/bss/201512/20151215/d7372.0101.fits  0101       13670  strumu   40.00   1
/Users/lzj/bss/201512/20151215/d7372.0102.fits  0102       12633  strumu    3.00   1
/Users/lzj/bss/201512/20151215/d7372.0103.fits  0103       12633  strumu   40.00   1
/Users/lzj/bss/201512/20151215/d7372.0104.fits  0104       13327  strumu    3.00   1
/Users/lzj/bss/201512/20151215/d7372.0105.fits  0105       13327  strumu   40.00   1
/Users/lzj/bss/201512/20151215/d7372.0106.fits  0106       13671  strumu    3.00   1
/Users/lzj/bss/201512/20151215/d7372.0107.fits  0107       13671  strumu   40.00   1
/Users/lzj/bss/201512/20151215/d7372.0108.fits  0108       12634  strumu    3.00   1
/Users/lzj/bss/201512/20151215/d7372.0109.fits  0109       12634  strumu   40.00   1
/Users/lzj/bss/201512/20151215/d7372.0110.fits  0110       13328  strumu    3.00   1
/Users/lzj/bss/201512/20151215/d7372.0111.fits  0111       13328  strumu   40.00   1
/Users/lzj/bss/201512/20151215/d7372.0112.fits  0112       13672  strumu    3.00   1
/Users/lzj/bss/201512/20151215/d7372.0113.fits  0113       13672  strumu   40.00   1
/Users/lzj/bss/201512/20151215/d7372.0114.fits  0114       13329  strumu    3.00   1
/Users/lzj/bss/201512/20151215/d7372.0115.fits  0115       13329  strumu   40.00   1
/Users/lzj/bss/201512/20151215/d7372.0116.fits  0116       13673  strumu    3.00   1
/Users/lzj/bss/201512/20151215/d7372.0117.fits  0117       13673  strumu   40.00   1
/Users/lzj/bss/201512/20151215/d7372.0118.fits  0118       13330  strumu    3.00   1
/Users/lzj/bss/201512/20151215/d7372.0119.fits  0119       13330  strumu   40.00   1
/Users/lzj/bss/201512/20151215/d7372.0120.fits  0120       13674  strumu    3.00   1
/Users/lzj/bss/201512/20151215/d7372.0121.fits  0121       13674  strumu   40.00   1
/Users/lzj/bss/201512/20151215/d7372.0122.fits  0122       13331  strumu    3.00   1
/Users/lzj/bss/201512/20151215/d7372.0123.fits  0123       13331  strumu   40.00   1
/Users/lzj/bss/201512/20151215/d7372.0124.fits  0124       13675  strumu    3.00   1
/Users/lzj/bss/201512/20151215/d7372.0125.fits  0125       13675  strumu   40.00   1
/Users/lzj/bss/201512/20151215/d7372.0126.fits  0126       13332  strumu    3.00   1
/Users/lzj/bss/201512/20151215/d7372.0127.fits  0127       13332  strumu   40.00   1
/Users/lzj/bss/201512/20151215/d7372.0128.fits  0128       13676  strumu    3.00   1
/Users/lzj/bss/201512/20151215/d7372.0129.fits  0129       13676  strumu   40.00   1
/Users/lzj/bss/201512/20151215/d7372.0130.fits  0130       13333  strumu    3.00   1
/Users/lzj/bss/201512/20151215/d7372.0131.fits  0131       13333  strumu   40.00   1
/Users/lzj/bss/201512/20151215/d7372.0132.fits  0132       13334  strumu    3.00   1
/Users/lzj/bss/201512/20151215/d7372.0133.fits  0133       13334  strumu   40.00   1
/Users/lzj/bss/201512/20151215/d7372.0134.fits  0134       12989  strumu    3.00   1
/Users/lzj/bss/201512/20151215/d7372.0135.fits  0135       12989  strumu   40.00   1
/Users/lzj/bss/201512/20151215/d7372.0136.fits  0136       12990  strumu    3.00   1
/Users/lzj/bss/201512/20151215/d7372.0137.fits  0137       12990  strumu   40.00   1
/Users/lzj/bss/201512/20151215/d7372.0138.fits  0138       12991  strumu    3.00   1
/Users/lzj/bss/201512/20151215/d7372.0139.fits  0139       12991  strumu   40.00   1
/Users/lzj/bss/201512/20151215/d7372.0140.fits  0140       12992  strumu    3.00   1
/Users/lzj/bss/201512/20151215/d7372.0141.fits  0141       12992  strumu   40.00   1
/Users/lzj/bss/201512/20151215/d7372.0142.fits  0142       12993  strumu    3.00   1
/Users/lzj/bss/201512/20151215/d7372.0143.fits  0143       12993  strumu   40.00   1
/Users/lzj/bss/201512/20151215/d7372.0144.fits  0144       12994  strumu    3.00   1
/Users/lzj/bss/201512/20151215/d7372.0145.fits  0145       12994  strumu   40.00   1
/Users/lzj/bss/201512/20151215/d7372.0146.fits  0146       12995  strumu    3.00   1
/Users/lzj/bss/201512/20151215/d7372.0147.fits  0147       12995  strumu   40.00   1
/Users/lzj/bss/201512/20151215/d7372.0148.fits  0148       12996  strumu    3.00   1
/Users/lzj/bss/201512/20151215/d7372.0149.fits  0149       12996  strumu   40.00   1
/Users/lzj/bss/201512/20151215/d7372.0150.fits  0150       12649  strumu    3.00   1
/Users/lzj/bss/201512/20151215/d7372.0151.fits  0151       12649  strumu   40.00   1
/Users/lzj/bss/201512/20151215/d7372.0152.fits  0152       12997  strumu    3.00   1
/Users/lzj/bss/201512/20151215/d7372.0153.fits  0153       12997  strumu   40.00   1
/Users/lzj/bss/201512/20151215/d7372.0154.fits  0154       12650  strumu    3.00   1
/Users/lzj/bss/201512/20151215/d7372.0155.fits  0155       12650  strumu   40.00   1
/Users/lzj/bss/201512/20151215/d7372.0156.fits  0156       12998  strumu    3.00   1
/Users/lzj/bss/201512/20151215/d7372.0157.fits  0157       12998  strumu   40.00   1
/Users/lzj/bss/201512/20151215/d7372.0159.fits  0159       12651  strumu    3.00   1
/Users/lzj/bss/201512/20151215/d7372.0160.fits  0160       12651  strumu   40.00   1
/Users/lzj/bss/201512/20151215/d7372.0161.fits  0161       12999  strumu    3.00   1
/Users/lzj/bss/201512/20151215/d7372.0162.fits  0162       12999  strumu   40.00   1
/Users/lzj/bss/201512/20151215/d7372.0163.fits  0163       12652  strumu    3.00   1
/Users/lzj/bss/201512/20151215/d7372.0164.fits  0164       12652  strumu   40.00   1
/Users/lzj/bss/201512/20151215/d7372.0165.fits  0165       13000  strumu    3.00   1
/Users/lzj/bss/201512/20151215/d7372.0166.fits  0166       13000  strumu   40.00   1
/Users/lzj/bss/201512/20151215/d7372.0167.fits  0167       12653  strumu    3.00   1
/Users/lzj/bss/201512/20151215/d7372.0168.fits  0168       12653  strumu   40.00   1
/Users/lzj/bss/201512/20151215/d7372.0169.fits  0169       13001  strumu    3.00   1
/Users/lzj/bss/201512/20151215/d7372.0170.fits  0170       13001  strumu   40.00   1
/Users/lzj/bss/201512/20151215/d7372.0171.fits  0171       12654  strumu    3.00   1
/Users/lzj/bss/201512/20151215/d7372.0172.fits  0172       12654  strumu   40.00   1
/Users/lzj/bss/201512/20151215/d7372.0173.fits  0173       13002  strumu    3.00   1
/Users/lzj/bss/201512/20151215/d7372.0174.fits  0174       13002  strumu   40.00   1
/Users/lzj/bss/201512/20151215/d7372.0175.fits  0175       12655  strumu    3.00   1
/Users/lzj/bss/201512/20151215/d7372.0176.fits  0176       12655  strumu   40.00   1
/Users/lzj/bss/201512/20151215/d7372.0177.fits  0177       12656  strumu    3.00   1
/Users/lzj/bss/201512/20151215/d7372.0178.fits  0178       12656  strumu   40.00   1
/Users/lzj/bss/201512/20151215/d7372.0179.fits  0179       12657  strumu    3.00   1
/Users/lzj/bss/201512/20151215/d7372.0180.fits  0180       12657  strumu   40.00   1
/Users/lzj/bss/201512/20151215/d7372.0181.fits  0181       12658  strumu    3.00   1
/Users/lzj/bss/201512/20151215/d7372.0182.fits  0182       12658  strumu   40.00   1
/Users/lzj/bss/201512/20151215/d7372.0183.fits  0183       12659  strumu    3.00   1
/Users/lzj/bss/201512/20151215/d7372.0184.fits  0184       12659  strumu   40.00   1
/Users/lzj/bss/201512/20151215/d7372.0185.fits  0185       12660  strumu    3.00   1
/Users/lzj/bss/201512/20151215/d7372.0186.fits  0186       12660  strumu   40.00   1
/Users/lzj/bss/201512/20151215/d7372.0187.fits  0187       12661  strumu    3.00   1
/Users/lzj/bss/201512/20151215/d7372.0188.fits  0188       12661  strumu   40.00   1
/Users/lzj/bss/201512/20151215/d7372.0189.fits  0189       12662  strumu    3.00   1
/Users/lzj/bss/201512/20151215/d7372.0190.fits  0190       12662  strumu   40.00   1
/Users/lzj/bss/201512/20151215/d7372.0191.fits  0191       12663  strumu    3.00   1
/Users/lzj/bss/201512/20151215/d7372.0192.fits  0192       12663  strumu   40.00   1
/Users/lzj/bss/201512/20151215/d7372.0193.fits  0193       12664  strumu    3.00   1
/Users/lzj/bss/201512/20151215/d7372.0194.fits  0194       12664  strumu   40.00   1
/Users/lzj/bss/201512/20151215/d7372.0195.fits  0195       12665  strumu    3.00   1
/Users/lzj/bss/201512/20151215/d7372.0196.fits  0196       12665  strumu   40.00   1
/Users/lzj/bss/201512/20151215/d7372.0197.fits  0197       12666  strumu    3.00   1
/Users/lzj/bss/201512/20151215/d7372.0198.fits  0198       12666  strumu   40.00   1
/Users/lzj/bss/201512/20151215/d7372.0199.fits  0199       12667  strumu    3.00   1
/Users/lzj/bss/201512/20151215/d7372.0200.fits  0200       12667  strumu   40.00   1
/Users/lzj/bss/201512/20151215/d7372.0201.fits  0201       12668  strumu    3.00   1
/Users/lzj/bss/201512/20151215/d7372.0202.fits  0202       12668  strumu   40.00   1
/Users/lzj/bss/201512/20151215/d7372.0203.fits  0203       12669  strumu    3.00   1
/Users/lzj/bss/201512/20151215/d7372.0204.fits  0204       12669  strumu   40.00   1
/Users/lzj/bss/201512/20151215/d7372.0205.fits  0205       12319  strumu    3.00   1
/Users/lzj/bss/201512/20151215/d7372.0206.fits  0206       12319  strumu   40.00   1
/Users/lzj/bss/201512/20151215/d7372.0207.fits  0207       12320  strumu    3.00   1
/Users/lzj/bss/201512/20151215/d7372.0208.fits  0208       12320  strumu   40.00   1
/Users/lzj/bss/201512/20151215/d7372.0209.fits  0209       12321  strumu    3.00   1
/Users/lzj/bss/201512/20151215/d7372.0210.fits  0210       12321  strumu   40.00   1
/Users/lzj/bss/201512/20151215/d7372.0211.fits  0211       12322  strumu    3.00   1
/Users/lzj/bss/201512/20151215/d7372.0212.fits  0212       12322  strumu   40.00   1
/Users/lzj/bss/201512/20151215/d7372.0213.fits  0213       12323  strumu    3.00   1
/Users/lzj/bss/201512/20151215/d7372.0214.fits  0214       12323  strumu   40.00   1
/Users/lzj/bss/201512/20151215/d7372.0215.fits  0215       12324  strumu    3.00   1
/Users/lzj/bss/201512/20151215/d7372.0216.fits  0216       12324  strumu   40.00   1
/Users/lzj/bss/201512/20151215/d7372.0217.fits  0217       12325  strumu    3.00   1
/Users/lzj/bss/201512/20151215/d7372.0218.fits  0218       12325  strumu   40.00   1
/Users/lzj/bss/201512/20151215/d7372.0219.fits  0219       11985  strumu    3.00   1
/Users/lzj/bss/201512/20151215/d7372.0220.fits  0220       11985  strumu   40.00   1
/Users/lzj/bss/201512/20151215/d7372.0221.fits  0221       11986  strumu    3.00   1
/Users/lzj/bss/201512/20151215/d7372.0222.fits  0222       11986  strumu   40.00   1
/Users/lzj/bss/201512/20151215/d7372.0223.fits  0223       11987  strumu    3.00   1
/Users/lzj/bss/201512/20151215/d7372.0224.fits  0224       11987  strumu   40.00   1
/Users/lzj/bss/201512/20151215/d7372.0225.fits  0225       11988  strumu    3.00   1
/Users/lzj/bss/201512/20151215/d7372.0226.fits  0226       11988  strumu   40.00   1
/Users/lzj/bss/201512/20151215/d7372.0227.fits  0227       11989  strumu    3.00   1
/Users/lzj/bss/201512/20151215/d7372.0228.fits  0228       11989  strumu   40.00   1
/Users/lzj/bss/201512/20151215/d7372.0229.fits  0229       11634  strumu    3.00   1
/Users/lzj/bss/201512/20151215/d7372.0230.fits  0230       11634  strumu   40.00   1
/Users/lzj/bss/201512/20151215/d7372.0231.fits  0231       11990  strumv    3.00   1
/Users/lzj/bss/201512/20151215/d7372.0232.fits  0232       11990  strumv   40.00   1
/Users/lzj/bss/201512/20151215/d7372.0233.fits  0233       11635  strumv    3.00   1
/Users/lzj/bss/201512/20151215/d7372.0234.fits  0234       11635  strumv   40.00   1
/Users/lzj/bss/201512/20151215/d7372.0235.fits  0235       11990  strumu    3.00   1
/Users/lzj/bss/201512/20151215/d7372.0236.fits  0236       11990  strumu   40.00   1
/Users/lzj/bss/201512/20151215/d7372.0238.fits  0238       11990  strumu    3.00   1
/Users/lzj/bss/201512/20151215/d7372.0239.fits  0239       11990  strumu   40.00   1
/Users/lzj/bss/201512/20151215/d7372.0240.fits  0240       11635  strumu    3.00   1
/Users/lzj/bss/201512/20151215/d7372.0241.fits  0241       11635  strumu   40.00   1
/Users/lzj/bss/201512/20151215/d7372.0242.fits  0242       11991  strumu    3.00   1
/Users/lzj/bss/201512/20151215/d7372.0243.fits  0243       11991  strumu   40.00   1
/Users/lzj/bss/201512/20151215/d7372.0244.fits  0244       11636  strumu    3.00   1
/Users/lzj/bss/201512/20151215/d7372.0245.fits  0245       11636  strumu   40.00   1
/Users/lzj/bss/201512/20151215/d7372.0246.fits  0246       11992  strumu    3.00   1
/Users/lzj/bss/201512/20151215/d7372.0247.fits  0247       11992  strumu   40.00   1
/Users/lzj/bss/201512/20151215/d7372.0248.fits  0248       11637  strumu    3.00   1
/Users/lzj/bss/201512/20151215/d7372.0249.fits  0249       11993  strumu   40.00   1
/Users/lzj/bss/201512/20151215/d7372.0250.fits  0250       11638  strumu    3.00   1
/Users/lzj/bss/201512/20151215/d7372.0251.fits  0251       11638  strumu   40.00   1
/Users/lzj/bss/201512/20151215/d7372.0252.fits  0252       11994  strumu    3.00   1
/Users/lzj/bss/201512/20151215/d7372.0253.fits  0253       11994  strumu   40.00   1
/Users/lzj/bss/201512/20151215/d7372.0254.fits  0254       11639  strumu    3.00   1
/Users/lzj/bss/201512/20151215/d7372.0255.fits  0255       11639  strumu   40.00   1
/Users/lzj/bss/201512/20151215/d7372.0256.fits  0256       11995  strumu    3.00   1
/Users/lzj/bss/201512/20151215/d7372.0257.fits  0257       11995  strumu   40.00   1
/Users/lzj/bss/201512/20151215/d7372.0258.fits  0258       10919  strumu    3.00   1
/Users/lzj/bss/201512/20151215/d7372.0259.fits  0259       10919  strumu   40.00   1
/Users/lzj/bss/201512/20151215/d7372.0260.fits  0260       11640  strumu    3.00   1
/Users/lzj/bss/201512/20151215/d7372.0261.fits  0261       11640  strumu   40.00   1
/Users/lzj/bss/201512/20151215/d7372.0262.fits  0262       11996  strumu    3.00   1
/Users/lzj/bss/201512/20151215/d7372.0263.fits  0263       11996  strumu   40.00   1
/Users/lzj/bss/201512/20151215/d7372.0264.fits  0264       10920  strumu    3.00   1
/Users/lzj/bss/201512/20151215/d7372.0265.fits  0265       10920  strumu   40.00   1
/Users/lzj/bss/201512/20151215/d7372.0266.fits  0266       11282  strumu    3.00   1
/Users/lzj/bss/201512/20151215/d7372.0267.fits  0267       11282  strumu   40.00   1
/Users/lzj/bss/201512/20151215/d7372.0268.fits  0268       11641  strumu    3.00   1
/Users/lzj/bss/201512/20151215/d7372.0269.fits  0269       11641  strumu   40.00   1
/Users/lzj/bss/201512/20151215/d7372.0270.fits  0270       11997  strumu    3.00   1
/Users/lzj/bss/201512/20151215/d7372.0271.fits  0271       11997  strumu   40.00   1
/Users/lzj/bss/201512/20151215/d7372.0272.fits  0272       10921  strumu    3.00   1
/Users/lzj/bss/201512/20151215/d7372.0273.fits  0273       10921  strumu   40.00   1
/Users/lzj/bss/201512/20151215/d7372.0274.fits  0274       11283  strumu    3.00   1
/Users/lzj/bss/201512/20151215/d7372.0275.fits  0275       11283  strumu   40.00   1
/Users/lzj/bss/201512/20151215/d7372.0276.fits  0276       11642  strumu    3.00   1
/Users/lzj/bss/201512/20151215/d7372.0277.fits  0277       11642  strumu   40.00   1
/Users/lzj/bss/201512/20151215/d7372.0278.fits  0278       11998  strumu    3.00   1
/Users/lzj/bss/201512/20151215/d7372.0279.fits  0279       11998  strumu   40.00   1
/Users/lzj/bss/201512/20151215/d7372.0280.fits  0280       10922  strumu    3.00   1
/Users/lzj/bss/201512/20151215/d7372.0281.fits  0281       10922  strumu   40.00   1
/Users/lzj/bss/201512/20151215/d7372.0282.fits  0282       11284  strumu    3.00   1
/Users/lzj/bss/201512/20151215/d7372.0283.fits  0283       11284  strumu   40.00   1
/Users/lzj/bss/201512/20151215/d7372.0284.fits  0284       11643  strumu    3.00   1
/Users/lzj/bss/201512/20151215/d7372.0285.fits  0285       11643  strumu   40.00   1
/Users/lzj/bss/201512/20151215/d7372.0286.fits  0286       10923  strumu    3.00   1
/Users/lzj/bss/201512/20151215/d7372.0287.fits  0287       10923  strumu   40.00   1
/Users/lzj/bss/201512/20151215/d7372.0288.fits  0288       11285  strumu    3.00   1
/Users/lzj/bss/201512/20151215/d7372.0289.fits  0289       11285  strumu   40.00   1
/Users/lzj/bss/201512/20151215/d7372.0290.fits  0290       11644  strumu    3.00   1
/Users/lzj/bss/201512/20151215/d7372.0291.fits  0291       11644  strumu   40.00   1
/Users/lzj/bss/201512/20151215/d7372.0292.fits  0292       10924  strumu    3.00   1
/Users/lzj/bss/201512/20151215/d7372.0293.fits  0293       10924  strumu   40.00   1
/Users/lzj/bss/201512/20151215/d7372.0294.fits  0294       11286  strumu    3.00   1
/Users/lzj/bss/201512/20151215/d7372.0295.fits  0295       11286  strumu   40.00   1
/Users/lzj/bss/201512/20151215/d7372.0296.fits  0296       11645  strumu    3.00   1
/Users/lzj/bss/201512/20151215/d7372.0297.fits  0297       11645  strumu   40.00   1
/Users/lzj/bss/201512/20151215/d7372.0298.fits  0298       10925  strumu    3.00   1
/Users/lzj/bss/201512/20151215/d7372.0299.fits  0299       10925  strumu   40.00   1
/Users/lzj/bss/201512/20151215/d7372.0300.fits  0300       11287  strumu    3.00   1
/Users/lzj/bss/201512/20151215/d7372.0301.fits  0301       11287  strumu   40.00   1
/Users/lzj/bss/201512/20151215/d7372.0302.fits  0302       11646  strumu    3.00   1
/Users/lzj/bss/201512/20151215/d7372.0303.fits  0303       11646  strumu   40.00   1
/Users/lzj/bss/201512/20151215/d7372.0304.fits  0304       11288  strumu    3.00   1
/Users/lzj/bss/201512/20151215/d7372.0305.fits  0305       11288  strumu   40.00   1
/Users/lzj/bss/201512/20151215/d7372.0306.fits  0306       11647  strumu    3.00   1
/Users/lzj/bss/201512/20151215/d7372.0307.fits  0307       11647  strumu   40.00   1
/Users/lzj/bss/201512/20151215/d7372.0308.fits  0308       10583  strumu    3.00   1
/Users/lzj/bss/201512/20151215/d7372.0309.fits  0309       10583  strumu   40.00   1
/Users/lzj/bss/201512/20151215/d7372.0310.fits  0310       10584  strumu    3.00   1
/Users/lzj/bss/201512/20151215/d7372.0311.fits  0311       10584  strumu   40.00   1
/Users/lzj/bss/201512/20151215/d7372.0312.fits  0312       15096  strumu    3.00   1
/Users/lzj/bss/201512/20151215/d7372.0313.fits  0313       15096  strumu   40.00   1
/Users/lzj/bss/201512/20151215/d7372.0314.fits  0314       10585  strumu    3.00   1
/Users/lzj/bss/201512/20151215/d7372.0315.fits  0315       10585  strumu   40.00   1
/Users/lzj/bss/201512/20151215/d7372.0316.fits  0316       15097  strumu    3.00   1
/Users/lzj/bss/201512/20151215/d7372.0317.fits  0317       15097  strumu   40.00   1
/Users/lzj/bss/201512/20151215/d7372.0318.fits  0318       10586  strumu    3.00   1
/Users/lzj/bss/201512/20151215/d7372.0319.fits  0319       10586  strumu   40.00   1
/Users/lzj/bss/201512/20151215/d7372.0320.fits  0320       15098  strumu    3.00   1
/Users/lzj/bss/201512/20151215/d7372.0321.fits  0321       15098  strumu   40.00   1
/Users/lzj/bss/201512/20151215/d7372.0322.fits  0322       10587  strumu    3.00   1
/Users/lzj/bss/201512/20151215/d7372.0323.fits  0323       10587  strumu   40.00   1
/Users/lzj/bss/201512/20151215/d7372.0324.fits  0324       10588  strumu    3.00   1
/Users/lzj/bss/201512/20151215/d7372.0325.fits  0325       10588  strumu   40.00   1
/Users/lzj/bss/201512/20151215/d7372.0326.fits  0326       10589  strumu    3.00   1
/Users/lzj/bss/201512/20151215/d7372.0327.fits  0327       10589  strumu   40.00   1
/Users/lzj/bss/201512/20151215/d7372.0328.fits  0328       10590  strumu    3.00   1
/Users/lzj/bss/201512/20151215/d7372.0329.fits  0329       10590  strumu   40.00   1
/Users/lzj/bss/201512/20151215/d7372.0330.fits  0330       10591  strumu    3.00   1
/Users/lzj/bss/201512/20151215/d7372.0331.fits  0331       10591  strumu   40.00   1
/Users/lzj/bss/201512/20151215/d7372.0332.fits  0332       10592  strumu    3.00   1
/Users/lzj/bss/201512/20151215/d7372.0333.fits  0333       10592  strumu   40.00   1
/Users/lzj/bss/201512/20151215/d7372.0334.fits  0334       10593  strumu    3.00   1
/Users/lzj/bss/201512/20151215/d7372.0335.fits  0335       10593  strumu   40.00   1
/Users/lzj/bss/201512/20151215/d7372.0336.fits  0336       10594  strumu    3.00   1
/Users/lzj/bss/201512/20151215/d7372.0337.fits  0337       10594  strumu   40.00   1
/Users/lzj/bss/201512/20151215/d7372.0338.fits  0338       10595  strumu    3.00   1
/Users/lzj/bss/201512/20151215/d7372.0339.fits  0339       10595  strumu   40.00   1
/Users/lzj/bss/201512/20151215/d7372.0340.fits  0340       10596  strumu    3.00   1
/Users/lzj/bss/201512/20151215/d7372.0341.fits  0341       10596  strumu   40.00   1
/Users/lzj/bss/201512/20151215/d7372.0342.fits  0342       12740  strumu    3.00   1
/Users/lzj/bss/201512/20151215/d7372.0343.fits  0343       12740  strumu   40.00   1
/Users/lzj/bss/201512/20151215/d7372.0344.fits  0344       10597  strumu    3.00   1
/Users/lzj/bss/201512/20151215/d7372.0345.fits  0345       10597  strumu   40.00   1
/Users/lzj/bss/201512/20151215/d7372.0346.fits  0346       12741  strumu    3.00   1
/Users/lzj/bss/201512/20151215/d7372.0347.fits  0347       12741  strumu   40.00   1
/Users/lzj/bss/201512/20151215/d7372.0348.fits  0348       10598  strumu    3.00   1
/Users/lzj/bss/201512/20151215/d7372.0349.fits  0349       10598  strumu   40.00   1
/Users/lzj/bss/201512/20151215/d7372.0350.fits  0350       12742  strumu    3.00   1
/Users/lzj/bss/201512/20151215/d7372.0351.fits  0351       12742  strumu   40.00   1
/Users/lzj/bss/201512/20151215/d7372.0352.fits  0352       10599  strumu    3.00   1
/Users/lzj/bss/201512/20151215/d7372.0353.fits  0353       10599  strumu   40.00   1
/Users/lzj/bss/201512/20151215/d7372.0354.fits  0354       11683  strumu    3.00   1
/Users/lzj/bss/201512/20151215/d7372.0355.fits  0355       11683  strumu   40.00   1
/Users/lzj/bss/201512/20151215/d7372.0356.fits  0356       12743  strumu    3.00   1
/Users/lzj/bss/201512/20151215/d7372.0357.fits  0357       12743  strumu   40.00   1
/Users/lzj/bss/201512/20151215/d7372.0358.fits  0358       10600  strumu    3.00   1
/Users/lzj/bss/201512/20151215/d7372.0359.fits  0359       10600  strumu   40.00   1
/Users/lzj/bss/201512/20151215/d7372.0360.fits  0360       11684  strumu    3.00   1
/Users/lzj/bss/201512/20151215/d7372.0361.fits  0361       11684  strumu   40.00   1
