/Users/lzj/bss/201512/20151203/7360.0038.fits  0038       10721  strumu    3.00   1
/Users/lzj/bss/201512/20151203/7360.0039.fits  0039       10721  strumu   40.00   1
/Users/lzj/bss/201512/20151203/7360.0040.fits  0040       10722  strumu    3.00   1
/Users/lzj/bss/201512/20151203/7360.0041.fits  0041       10722  strumu   40.00   1
/Users/lzj/bss/201512/20151203/7360.0042.fits  0042       10723  strumu    3.00   1
/Users/lzj/bss/201512/20151203/7360.0043.fits  0043       10723  strumu   40.00   1
/Users/lzj/bss/201512/20151203/7360.0044.fits  0044       10724  strumu    3.00   1
/Users/lzj/bss/201512/20151203/7360.0045.fits  0045       10724  strumu   40.00   1
/Users/lzj/bss/201512/20151203/7360.0046.fits  0046       10725  strumu    3.00   1
/Users/lzj/bss/201512/20151203/7360.0047.fits  0047       10725  strumu   40.00   1
/Users/lzj/bss/201512/20151203/7360.0048.fits  0048       10726  strumu    3.00   1
/Users/lzj/bss/201512/20151203/7360.0049.fits  0049       10726  strumu   40.00   1
/Users/lzj/bss/201512/20151203/7360.0050.fits  0050       10727  strumu    3.00   1
/Users/lzj/bss/201512/20151203/7360.0051.fits  0051       10727  strumu   40.00   1
/Users/lzj/bss/201512/20151203/7360.0052.fits  0052       10728  strumu    3.00   1
/Users/lzj/bss/201512/20151203/7360.0053.fits  0053       10728  strumu   40.00   1
/Users/lzj/bss/201512/20151203/7360.0054.fits  0054       10729  strumu    3.00   1
/Users/lzj/bss/201512/20151203/7360.0055.fits  0055       10729  strumu   40.00   1
/Users/lzj/bss/201512/20151203/7360.0056.fits  0056       10730  strumu    3.00   1
/Users/lzj/bss/201512/20151203/7360.0057.fits  0057       10730  strumu   40.00   1
/Users/lzj/bss/201512/20151203/7360.0058.fits  0058       10731  strumu    3.00   1
/Users/lzj/bss/201512/20151203/7360.0059.fits  0059       10731  strumu   40.00   1
/Users/lzj/bss/201512/20151203/7360.0060.fits  0060       10732  strumu    3.00   1
/Users/lzj/bss/201512/20151203/7360.0061.fits  0061       10732  strumu   40.00   1
/Users/lzj/bss/201512/20151203/7360.0062.fits  0062       10733  strumu    3.00   1
/Users/lzj/bss/201512/20151203/7360.0063.fits  0063       10733  strumu   40.00   1
/Users/lzj/bss/201512/20151203/7360.0064.fits  0064       10734  strumu    3.00   1
/Users/lzj/bss/201512/20151203/7360.0065.fits  0065       10734  strumu   40.00   1
/Users/lzj/bss/201512/20151203/7360.0066.fits  0066       10735  strumu    3.00   1
/Users/lzj/bss/201512/20151203/7360.0067.fits  0067       10735  strumu   40.00   1
/Users/lzj/bss/201512/20151203/7360.0068.fits  0068       10736  strumu    3.00   1
/Users/lzj/bss/201512/20151203/7360.0069.fits  0069       10736  strumu   40.00   1
/Users/lzj/bss/201512/20151203/7360.0070.fits  0070       10737  strumu    3.00   1
/Users/lzj/bss/201512/20151203/7360.0071.fits  0071       10737  strumu   40.00   1
/Users/lzj/bss/201512/20151203/7360.0072.fits  0072       10738  strumu    3.00   1
/Users/lzj/bss/201512/20151203/7360.0073.fits  0073       10738  strumu   40.00   1
/Users/lzj/bss/201512/20151203/7360.0074.fits  0074       10739  strumu    3.00   1
/Users/lzj/bss/201512/20151203/7360.0075.fits  0075       10739  strumu   40.00   1
/Users/lzj/bss/201512/20151203/7360.0076.fits  0076       11101  strumu    3.00   1
/Users/lzj/bss/201512/20151203/7360.0077.fits  0077       11101  strumu   40.00   1
/Users/lzj/bss/201512/20151203/7360.0078.fits  0078       10740  strumu    3.00   1
/Users/lzj/bss/201512/20151203/7360.0079.fits  0079       10740  strumu   40.00   1
/Users/lzj/bss/201512/20151203/7360.0080.fits  0080       11102  strumu    3.00   1
/Users/lzj/bss/201512/20151203/7360.0081.fits  0081       11102  strumu   40.00   1
/Users/lzj/bss/201512/20151203/7360.0082.fits  0082       10741  strumu    3.00   1
/Users/lzj/bss/201512/20151203/7360.0083.fits  0083       10741  strumu   40.00   1
/Users/lzj/bss/201512/20151203/7360.0084.fits  0084       11103  strumu    3.00   1
/Users/lzj/bss/201512/20151203/7360.0085.fits  0085       11103  strumu   40.00   1
/Users/lzj/bss/201512/20151203/7360.0086.fits  0086       10742  strumu    3.00   1
/Users/lzj/bss/201512/20151203/7360.0087.fits  0087       10742  strumu   40.00   1
/Users/lzj/bss/201512/20151203/7360.0088.fits  0088       11104  strumu    3.00   1
/Users/lzj/bss/201512/20151203/7360.0089.fits  0089       11104  strumu   40.00   1
/Users/lzj/bss/201512/20151203/7360.0090.fits  0090       10743  strumu    3.00   1
/Users/lzj/bss/201512/20151203/7360.0091.fits  0091       10743  strumu   40.00   1
/Users/lzj/bss/201512/20151203/7360.0092.fits  0092       11105  strumu    3.00   1
/Users/lzj/bss/201512/20151203/7360.0093.fits  0093       11105  strumu   40.00   1
/Users/lzj/bss/201512/20151203/7360.0094.fits  0094       10744  strumu    3.00   1
/Users/lzj/bss/201512/20151203/7360.0095.fits  0095       10744  strumu   40.00   1
/Users/lzj/bss/201512/20151203/7360.0096.fits  0096       11106  strumu    3.00   1
/Users/lzj/bss/201512/20151203/7360.0097.fits  0097       11106  strumu   40.00   1
/Users/lzj/bss/201512/20151203/7360.0098.fits  0098       10745  strumu    3.00   1
/Users/lzj/bss/201512/20151203/7360.0099.fits  0099       10745  strumu   40.00   1
/Users/lzj/bss/201512/20151203/7360.0100.fits  0100       11107  strumu    3.00   1
/Users/lzj/bss/201512/20151203/7360.0101.fits  0101       11107  strumu   40.00   1
/Users/lzj/bss/201512/20151203/7360.0102.fits  0102       10746  strumu    3.00   1
/Users/lzj/bss/201512/20151203/7360.0103.fits  0103       10746  strumu   40.00   1
/Users/lzj/bss/201512/20151203/7360.0104.fits  0104       10747  strumu    3.00   1
/Users/lzj/bss/201512/20151203/7360.0105.fits  0105       10747  strumu   40.00   1
/Users/lzj/bss/201512/20151203/7360.0106.fits  0106       10748  strumu    3.00   1
/Users/lzj/bss/201512/20151203/7360.0107.fits  0107       10748  strumu   40.00   1
/Users/lzj/bss/201512/20151203/7360.0108.fits  0108       10749  strumu    3.00   1
/Users/lzj/bss/201512/20151203/7360.0109.fits  0109       10749  strumu   40.00   1
/Users/lzj/bss/201512/20151203/7360.0110.fits  0110       10750  strumu    3.00   1
/Users/lzj/bss/201512/20151203/7360.0111.fits  0111       10750  strumu   40.00   1
/Users/lzj/bss/201512/20151203/7360.0112.fits  0112       10751  strumu    3.00   1
/Users/lzj/bss/201512/20151203/7360.0113.fits  0113       10751  strumu   40.00   1
/Users/lzj/bss/201512/20151203/7360.0114.fits  0114       10752  strumu    3.00   1
/Users/lzj/bss/201512/20151203/7360.0115.fits  0115       10752  strumu   40.00   1
/Users/lzj/bss/201512/20151203/7360.0116.fits  0116       10753  strumu    3.00   1
/Users/lzj/bss/201512/20151203/7360.0117.fits  0117       10753       B    3.00   1
/Users/lzj/bss/201512/20151203/cai7360.0121.fits  0121   J0112_p01       B  300.00   1
/Users/lzj/bss/201512/20151203/cai7360.0122.fits  0122   J0112_p02       B  900.00   1
/Users/lzj/bss/201512/20151203/cai7360.0123.fits  0123   J0112_p03       B  900.00   1
/Users/lzj/bss/201512/20151203/cai7360.0124.fits  0124   J0112_p04       B  900.00   1
/Users/lzj/bss/201512/20151203/cai7360.0125.fits  0125   J0112_p05       B  900.00   1
/Users/lzj/bss/201512/20151203/cai7360.0126.fits  0126  J0112_p01_       B  900.00   1
/Users/lzj/bss/201512/20151203/cai7360.0127.fits  0127  J0112_p02_       B  900.00   1
/Users/lzj/bss/201512/20151203/cai7360.0128.fits  0128  J0112_p03_       B  900.00   1
/Users/lzj/bss/201512/20151203/d7360.0133.fits  0133       10442  strumu   40.00   1
/Users/lzj/bss/201512/20151203/d7360.0134.fits  0134       10806  strumu    3.00   1
/Users/lzj/bss/201512/20151203/d7360.0135.fits  0135       10806  strumu   40.00   1
/Users/lzj/bss/201512/20151203/d7360.0136.fits  0136       10443  strumu    3.00   1
/Users/lzj/bss/201512/20151203/d7360.0137.fits  0137       10443  strumu   40.00   1
/Users/lzj/bss/201512/20151203/d7360.0138.fits  0138       10807  strumu    3.00   1
/Users/lzj/bss/201512/20151203/d7360.0139.fits  0139       10807  strumu   40.00   1
/Users/lzj/bss/201512/20151203/d7360.0140.fits  0140       10444  strumu    3.00   1
/Users/lzj/bss/201512/20151203/d7360.0141.fits  0141       10444  strumu   40.00   1
/Users/lzj/bss/201512/20151203/d7360.0142.fits  0142       10808  strumu    3.00   1
/Users/lzj/bss/201512/20151203/d7360.0143.fits  0143       10808  strumu   40.00   1
/Users/lzj/bss/201512/20151203/d7360.0144.fits  0144       10445  strumu    3.00   1
/Users/lzj/bss/201512/20151203/d7360.0145.fits  0145       10445  strumu   40.00   1
/Users/lzj/bss/201512/20151203/d7360.0146.fits  0146       10809  strumu    3.00   1
/Users/lzj/bss/201512/20151203/d7360.0147.fits  0147       10809  strumu   40.00   1
/Users/lzj/bss/201512/20151203/d7360.0148.fits  0148       10446  strumu    3.00   1
/Users/lzj/bss/201512/20151203/d7360.0149.fits  0149       10446  strumu   40.00   1
/Users/lzj/bss/201512/20151203/d7360.0150.fits  0150       10810  strumu    3.00   1
/Users/lzj/bss/201512/20151203/d7360.0151.fits  0151       10810  strumu   40.00   1
/Users/lzj/bss/201512/20151203/d7360.0152.fits  0152       10447  strumu    3.00   1
/Users/lzj/bss/201512/20151203/d7360.0153.fits  0153       10447  strumu   40.00   1
/Users/lzj/bss/201512/20151203/d7360.0154.fits  0154       10811  strumu    3.00   1
/Users/lzj/bss/201512/20151203/d7360.0155.fits  0155       10811  strumu   40.00   1
/Users/lzj/bss/201512/20151203/d7360.0156.fits  0156       10448  strumu    3.00   1
/Users/lzj/bss/201512/20151203/d7360.0157.fits  0157       10448  strumu   40.00   1
/Users/lzj/bss/201512/20151203/d7360.0158.fits  0158       10449  strumu    3.00   1
/Users/lzj/bss/201512/20151203/d7360.0159.fits  0159       10449  strumu   40.00   1
/Users/lzj/bss/201512/20151203/d7360.0160.fits  0160       10450  strumu    3.00   1
/Users/lzj/bss/201512/20151203/d7360.0161.fits  0161       10450  strumu   40.00   1
/Users/lzj/bss/201512/20151203/d7360.0162.fits  0162       10451  strumu    3.00   1
/Users/lzj/bss/201512/20151203/d7360.0163.fits  0163       10451  strumu   40.00   1
/Users/lzj/bss/201512/20151203/d7360.0164.fits  0164       10452  strumu    3.00   1
/Users/lzj/bss/201512/20151203/d7360.0165.fits  0165       10452  strumu   40.00   1
/Users/lzj/bss/201512/20151203/d7360.0166.fits  0166       10453  strumu    3.00   1
/Users/lzj/bss/201512/20151203/d7360.0167.fits  0167       10453  strumu   40.00   1
/Users/lzj/bss/201512/20151203/d7360.0168.fits  0168       10454  strumu    3.00   1
/Users/lzj/bss/201512/20151203/d7360.0169.fits  0169       10454  strumu   40.00   1
/Users/lzj/bss/201512/20151203/d7360.0170.fits  0170       10455  strumu    3.00   1
/Users/lzj/bss/201512/20151203/d7360.0171.fits  0171       10455  strumu   40.00   1
/Users/lzj/bss/201512/20151203/d7360.0172.fits  0172       10819  strumu    3.00   1
/Users/lzj/bss/201512/20151203/d7360.0173.fits  0173       10819  strumu   40.00   1
/Users/lzj/bss/201512/20151203/d7360.0174.fits  0174       10456  strumu    3.00   1
/Users/lzj/bss/201512/20151203/d7360.0175.fits  0175       10456  strumu   40.00   1
/Users/lzj/bss/201512/20151203/d7360.0176.fits  0176       10820  strumu    3.00   1
/Users/lzj/bss/201512/20151203/d7360.0177.fits  0177       10820  strumu   40.00   1
/Users/lzj/bss/201512/20151203/d7360.0178.fits  0178       10457  strumu    3.00   1
/Users/lzj/bss/201512/20151203/d7360.0179.fits  0179       10457  strumu   40.00   1
/Users/lzj/bss/201512/20151203/d7360.0180.fits  0180       10821  strumu    3.00   1
/Users/lzj/bss/201512/20151203/d7360.0181.fits  0181       10821  strumu   40.00   1
/Users/lzj/bss/201512/20151203/d7360.0182.fits  0182       10458  strumu    3.00   1
/Users/lzj/bss/201512/20151203/d7360.0183.fits  0183       10458  strumu   40.00   1
/Users/lzj/bss/201512/20151203/d7360.0184.fits  0184       10822  strumu    3.00   1
/Users/lzj/bss/201512/20151203/d7360.0186.fits  0186       10822  strumu   40.00   1
/Users/lzj/bss/201512/20151203/d7360.0187.fits  0187       10459  strumu    3.00   1
/Users/lzj/bss/201512/20151203/d7360.0188.fits  0188       10459  strumu   40.00   1
/Users/lzj/bss/201512/20151203/d7360.0189.fits  0189       10823  strumu    3.00   1
/Users/lzj/bss/201512/20151203/d7360.0190.fits  0190       10823  strumu   40.00   1
/Users/lzj/bss/201512/20151203/d7360.0191.fits  0191       10460  strumu    3.00   1
/Users/lzj/bss/201512/20151203/d7360.0192.fits  0192       10460  strumu   40.00   1
/Users/lzj/bss/201512/20151203/d7360.0193.fits  0193       10824  strumu    3.00   1
/Users/lzj/bss/201512/20151203/d7360.0194.fits  0194       10824  strumu   40.00   1
/Users/lzj/bss/201512/20151203/d7360.0195.fits  0195       10461  strumu    3.00   1
/Users/lzj/bss/201512/20151203/d7360.0196.fits  0196       10461  strumu   40.00   1
/Users/lzj/bss/201512/20151203/d7360.0197.fits  0197       10825  strumu    3.00   1
/Users/lzj/bss/201512/20151203/d7360.0198.fits  0198       10825  strumu   40.00   1
/Users/lzj/bss/201512/20151203/d7360.0199.fits  0199       10462  strumu    3.00   1
/Users/lzj/bss/201512/20151203/d7360.0200.fits  0200       10462  strumu   40.00   1
/Users/lzj/bss/201512/20151203/d7360.0201.fits  0201       10463  strumu    3.00   1
/Users/lzj/bss/201512/20151203/d7360.0202.fits  0202       10463  strumu   40.00   1
/Users/lzj/bss/201512/20151203/d7360.0203.fits  0203       10464  strumu    3.00   1
/Users/lzj/bss/201512/20151203/d7360.0204.fits  0204       10464  strumu   40.00   1
/Users/lzj/bss/201512/20151203/d7360.0205.fits  0205       10465  strumu    3.00   1
/Users/lzj/bss/201512/20151203/d7360.0206.fits  0206       10465  strumu   40.00   1
/Users/lzj/bss/201512/20151203/d7360.0207.fits  0207       10466  strumu    3.00   1
/Users/lzj/bss/201512/20151203/d7360.0208.fits  0208       10466  strumu   40.00   1
/Users/lzj/bss/201512/20151203/d7360.0209.fits  0209       10467  strumu    3.00   1
/Users/lzj/bss/201512/20151203/d7360.0210.fits  0210       10467  strumu   40.00   1
/Users/lzj/bss/201512/20151203/d7360.0211.fits  0211       10468  strumu    3.00   1
/Users/lzj/bss/201512/20151203/d7360.0212.fits  0212       10468  strumu   40.00   1
/Users/lzj/bss/201512/20151203/d7360.0213.fits  0213       10469  strumu    3.00   1
/Users/lzj/bss/201512/20151203/d7360.0214.fits  0214       10469  strumu   40.00   1
/Users/lzj/bss/201512/20151203/d7360.0215.fits  0215       10470  strumu    3.00   1
/Users/lzj/bss/201512/20151203/d7360.0216.fits  0216       10470  strumu   40.00   1
/Users/lzj/bss/201512/20151203/d7360.0217.fits  0217       10471  strumu    3.00   1
/Users/lzj/bss/201512/20151203/d7360.0218.fits  0218       10471  strumu   40.00   1
/Users/lzj/bss/201512/20151203/d7360.0219.fits  0219       10472  strumu    3.00   1
/Users/lzj/bss/201512/20151203/d7360.0220.fits  0220       10472  strumu   40.00   1
/Users/lzj/bss/201512/20151203/d7360.0221.fits  0221       10473  strumu    3.00   1
/Users/lzj/bss/201512/20151203/d7360.0222.fits  0222       10473  strumu   40.00   1
/Users/lzj/bss/201512/20151203/d7360.0223.fits  0223       10474  strumu    3.00   1
/Users/lzj/bss/201512/20151203/d7360.0224.fits  0224       10474  strumu   40.00   1
/Users/lzj/bss/201512/20151203/d7360.0225.fits  0225       10475  strumu    3.00   1
/Users/lzj/bss/201512/20151203/d7360.0226.fits  0226       10475  strumu   40.00   1
/Users/lzj/bss/201512/20151203/d7360.0227.fits  0227       10476  strumu    3.00   1
/Users/lzj/bss/201512/20151203/d7360.0228.fits  0228       10476  strumu   40.00   1
/Users/lzj/bss/201512/20151203/d7360.0229.fits  0229       10477  strumu    3.00   1
/Users/lzj/bss/201512/20151203/d7360.0230.fits  0230       10477  strumu   40.00   1
/Users/lzj/bss/201512/20151203/d7360.0231.fits  0231       10478  strumu    3.00   1
/Users/lzj/bss/201512/20151203/d7360.0232.fits  0232       10478  strumu   40.00   1
/Users/lzj/bss/201512/20151203/d7360.0233.fits  0233       10479  strumu    3.00   1
/Users/lzj/bss/201512/20151203/d7360.0234.fits  0234       10479  strumu   40.00   1
/Users/lzj/bss/201512/20151203/d7360.0235.fits  0235       10478  strumv    3.00   1
/Users/lzj/bss/201512/20151203/d7360.0236.fits  0236       10478  strumv   40.00   1
/Users/lzj/bss/201512/20151203/d7360.0237.fits  0237       10479  strumv    3.00   1
/Users/lzj/bss/201512/20151203/d7360.0238.fits  0238       10479  strumv   40.00   1
/Users/lzj/bss/201512/20151203/d7360.0240.fits  0240       10480  strumu    3.00   1
/Users/lzj/bss/201512/20151203/d7360.0241.fits  0241       10480  strumu   40.00   1
/Users/lzj/bss/201512/20151203/d7360.0242.fits  0242       10481  strumu    3.00   1
/Users/lzj/bss/201512/20151203/d7360.0243.fits  0243       10481  strumu   40.00   1
/Users/lzj/bss/201512/20151203/d7360.0244.fits  0244       10482  strumu    3.00   1
/Users/lzj/bss/201512/20151203/d7360.0245.fits  0245       10482  strumu   40.00   1
/Users/lzj/bss/201512/20151203/d7360.0246.fits  0246       10483  strumu    3.00   1
/Users/lzj/bss/201512/20151203/d7360.0247.fits  0247       10483  strumu   40.00   1
/Users/lzj/bss/201512/20151203/d7360.0248.fits  0248       10484  strumu    3.00   1
/Users/lzj/bss/201512/20151203/d7360.0249.fits  0249       10484  strumu   40.00   1
/Users/lzj/bss/201512/20151203/d7360.0250.fits  0250       10485  strumu    3.00   1
/Users/lzj/bss/201512/20151203/d7360.0251.fits  0251       10485  strumu   40.00   1
/Users/lzj/bss/201512/20151203/d7360.0252.fits  0252       10486  strumu    3.00   1
/Users/lzj/bss/201512/20151203/d7360.0253.fits  0253       10486  strumu   40.00   1
/Users/lzj/bss/201512/20151203/d7360.0254.fits  0254       10487  strumu    3.00   1
/Users/lzj/bss/201512/20151203/d7360.0255.fits  0255       10487  strumu   40.00   1
/Users/lzj/bss/201512/20151203/d7360.0256.fits  0256       10488  strumu    3.00   1
/Users/lzj/bss/201512/20151203/d7360.0257.fits  0257       10488  strumu   40.00   1
/Users/lzj/bss/201512/20151203/d7360.0258.fits  0258       10489  strumu    3.00   1
/Users/lzj/bss/201512/20151203/d7360.0259.fits  0259       10489  strumu   40.00   1
/Users/lzj/bss/201512/20151203/d7360.0260.fits  0260       10490  strumu    3.00   1
/Users/lzj/bss/201512/20151203/d7360.0261.fits  0261       10490  strumu   40.00   1
/Users/lzj/bss/201512/20151203/d7360.0262.fits  0262       10854  strumu    3.00   1
/Users/lzj/bss/201512/20151203/d7360.0263.fits  0263       10854  strumu   40.00   1
/Users/lzj/bss/201512/20151203/d7360.0264.fits  0264       10491  strumu    3.00   1
/Users/lzj/bss/201512/20151203/d7360.0265.fits  0265       10491  strumu   40.00   1
/Users/lzj/bss/201512/20151203/d7360.0266.fits  0266       10855  strumu    3.00   1
/Users/lzj/bss/201512/20151203/d7360.0267.fits  0267       10855  strumu   40.00   1
/Users/lzj/bss/201512/20151203/d7360.0268.fits  0268       10492  strumu    3.00   1
/Users/lzj/bss/201512/20151203/d7360.0269.fits  0269       10492  strumu   40.00   1
/Users/lzj/bss/201512/20151203/d7360.0270.fits  0270       10856  strumu    3.00   1
/Users/lzj/bss/201512/20151203/d7360.0271.fits  0271       10856  strumu   40.00   1
/Users/lzj/bss/201512/20151203/d7360.0272.fits  0272       10493  strumu    3.00   1
/Users/lzj/bss/201512/20151203/d7360.0273.fits  0273       10493  strumu   40.00   1
/Users/lzj/bss/201512/20151203/d7360.0274.fits  0274       10857  strumu    3.00   1
/Users/lzj/bss/201512/20151203/d7360.0275.fits  0275       10857  strumu   40.00   1
/Users/lzj/bss/201512/20151203/d7360.0276.fits  0276       10494  strumu    3.00   1
/Users/lzj/bss/201512/20151203/d7360.0277.fits  0277       10494  strumu   40.00   1
/Users/lzj/bss/201512/20151203/d7360.0278.fits  0278       10858  strumu    3.00   1
/Users/lzj/bss/201512/20151203/d7360.0279.fits  0279       10858  strumu   40.00   1
/Users/lzj/bss/201512/20151203/d7360.0280.fits  0280       10495  strumu    3.00   1
/Users/lzj/bss/201512/20151203/d7360.0281.fits  0281       10495  strumu   40.00   1
/Users/lzj/bss/201512/20151203/d7360.0282.fits  0282       10859  strumu    3.00   1
/Users/lzj/bss/201512/20151203/d7360.0283.fits  0283       10859  strumu   40.00   1
/Users/lzj/bss/201512/20151203/d7360.0284.fits  0284       10496  strumu    3.00   1
/Users/lzj/bss/201512/20151203/d7360.0285.fits  0285       10496  strumu   40.00   1
/Users/lzj/bss/201512/20151203/d7360.0286.fits  0286       10860  strumu    3.00   1
/Users/lzj/bss/201512/20151203/d7360.0287.fits  0287       10860  strumu   40.00   1
/Users/lzj/bss/201512/20151203/d7360.0288.fits  0288       10497  strumu    3.00   1
/Users/lzj/bss/201512/20151203/d7360.0289.fits  0289       10497  strumu   40.00   1
/Users/lzj/bss/201512/20151203/d7360.0290.fits  0290       10861  strumu    3.00   1
/Users/lzj/bss/201512/20151203/d7360.0291.fits  0291       10861  strumu   40.00   1
/Users/lzj/bss/201512/20151203/d7360.0292.fits  0292       10498  strumu    3.00   1
/Users/lzj/bss/201512/20151203/d7360.0293.fits  0293       10498  strumu   40.00   1
/Users/lzj/bss/201512/20151203/d7360.0294.fits  0294       10862  strumu    3.00   1
/Users/lzj/bss/201512/20151203/d7360.0295.fits  0295       10862  strumu   40.00   1
/Users/lzj/bss/201512/20151203/d7360.0298.fits  0298       10499  strumu    3.00   1
/Users/lzj/bss/201512/20151203/d7360.0299.fits  0299       10499  strumu   40.00   1
/Users/lzj/bss/201512/20151203/d7360.0300.fits  0300       10863  strumu    3.00   1
/Users/lzj/bss/201512/20151203/d7360.0301.fits  0301       10863  strumu   40.00   1
/Users/lzj/bss/201512/20151203/d7360.0302.fits  0302       10500  strumu    3.00   1
/Users/lzj/bss/201512/20151203/d7360.0303.fits  0303       10500  strumu   40.00   1
/Users/lzj/bss/201512/20151203/d7360.0304.fits  0304       10864  strumu    3.00   1
/Users/lzj/bss/201512/20151203/d7360.0305.fits  0305       10864  strumu   40.00   1
/Users/lzj/bss/201512/20151203/d7360.0306.fits  0306       10501  strumu    3.00   1
/Users/lzj/bss/201512/20151203/d7360.0307.fits  0307       10501  strumu   40.00   1
/Users/lzj/bss/201512/20151203/d7360.0308.fits  0308       10865  strumu    3.00   1
/Users/lzj/bss/201512/20151203/d7360.0309.fits  0309       10865  strumu   40.00   1
/Users/lzj/bss/201512/20151203/d7360.0310.fits  0310       10502  strumu    3.00   1
/Users/lzj/bss/201512/20151203/d7360.0311.fits  0311       10502  strumu   40.00   1
/Users/lzj/bss/201512/20151203/d7360.0312.fits  0312       10866  strumu    3.00   1
/Users/lzj/bss/201512/20151203/d7360.0313.fits  0313       10866  strumu   40.00   1
/Users/lzj/bss/201512/20151203/d7360.0314.fits  0314       10503  strumu    3.00   1
/Users/lzj/bss/201512/20151203/d7360.0315.fits  0315       10503  strumu   40.00   1
/Users/lzj/bss/201512/20151203/d7360.0316.fits  0316       10867  strumu    3.00   1
/Users/lzj/bss/201512/20151203/d7360.0317.fits  0317       10867  strumu   40.00   1
/Users/lzj/bss/201512/20151203/d7360.0318.fits  0318       10504  strumu    3.00   1
/Users/lzj/bss/201512/20151203/d7360.0319.fits  0319       10504  strumu   40.00   1
/Users/lzj/bss/201512/20151203/d7360.0320.fits  0320       10868  strumu    3.00   1
/Users/lzj/bss/201512/20151203/d7360.0321.fits  0321       10868  strumu   40.00   1
/Users/lzj/bss/201512/20151203/d7360.0322.fits  0322       10505  strumu    3.00   1
/Users/lzj/bss/201512/20151203/d7360.0323.fits  0323       10505  strumu   40.00   1
/Users/lzj/bss/201512/20151203/d7360.0324.fits  0324       10869  strumu    3.00   1
/Users/lzj/bss/201512/20151203/d7360.0325.fits  0325       10869  strumu   40.00   1
/Users/lzj/bss/201512/20151203/d7360.0326.fits  0326       10506  strumu    3.00   1
/Users/lzj/bss/201512/20151203/d7360.0327.fits  0327       10506  strumu   40.00   1
/Users/lzj/bss/201512/20151203/d7360.0328.fits  0328       10870  strumu    3.00   1
/Users/lzj/bss/201512/20151203/d7360.0329.fits  0329       10870  strumu   40.00   1
/Users/lzj/bss/201512/20151203/d7360.0330.fits  0330       10507  strumu    3.00   1
/Users/lzj/bss/201512/20151203/d7360.0331.fits  0331       10507  strumu   40.00   1
/Users/lzj/bss/201512/20151203/d7360.0332.fits  0332       11233  strumu    3.00   1
/Users/lzj/bss/201512/20151203/d7360.0333.fits  0333       11233  strumu   40.00   1
/Users/lzj/bss/201512/20151203/d7360.0334.fits  0334       10871  strumu    3.00   1
/Users/lzj/bss/201512/20151203/d7360.0335.fits  0335       10871  strumu   40.00   1
/Users/lzj/bss/201512/20151203/d7360.0336.fits  0336       10508  strumu    3.00   1
/Users/lzj/bss/201512/20151203/d7360.0337.fits  0337       10508  strumu   40.00   1
/Users/lzj/bss/201512/20151203/d7360.0338.fits  0338       11234  strumu    3.00   1
/Users/lzj/bss/201512/20151203/d7360.0339.fits  0339       11234  strumu   40.00   1
/Users/lzj/bss/201512/20151203/d7360.0340.fits  0340       10872  strumu    3.00   1
/Users/lzj/bss/201512/20151203/d7360.0341.fits  0341       10872  strumu   40.00   1
/Users/lzj/bss/201512/20151203/d7360.0342.fits  0342       11234  strumv    3.00   1
/Users/lzj/bss/201512/20151203/d7360.0343.fits  0343       11234  strumv   40.00   1
/Users/lzj/bss/201512/20151203/d7360.0344.fits  0344       10872  strumv    3.00   1
/Users/lzj/bss/201512/20151203/d7360.0345.fits  0345       10872  strumv   40.00   1
/Users/lzj/bss/201512/20151203/d7360.0347.fits  0347       10509  strumu    3.00   1
/Users/lzj/bss/201512/20151203/d7360.0348.fits  0348       10509  strumu   40.00   1
/Users/lzj/bss/201512/20151203/d7360.0349.fits  0349       11235  strumu    3.00   1
/Users/lzj/bss/201512/20151203/d7360.0350.fits  0350       11235  strumu   40.00   1
/Users/lzj/bss/201512/20151203/d7360.0351.fits  0351       10873  strumu    3.00   1
/Users/lzj/bss/201512/20151203/d7360.0352.fits  0352       10873  strumu   40.00   1
/Users/lzj/bss/201512/20151203/d7360.0353.fits  0353       10510  strumu    3.00   1
/Users/lzj/bss/201512/20151203/d7360.0354.fits  0354       10510  strumu   40.00   1
/Users/lzj/bss/201512/20151203/d7360.0355.fits  0355       11236  strumu    3.00   1
/Users/lzj/bss/201512/20151203/d7360.0356.fits  0356       11236  strumu   40.00   1
/Users/lzj/bss/201512/20151203/d7360.0357.fits  0357       10874  strumu    3.00   1
/Users/lzj/bss/201512/20151203/d7360.0358.fits  0358       10874  strumu   40.00   1
/Users/lzj/bss/201512/20151203/d7360.0359.fits  0359       10511  strumu    3.00   1
/Users/lzj/bss/201512/20151203/d7360.0360.fits  0360       10511  strumu   40.00   1
/Users/lzj/bss/201512/20151203/d7360.0361.fits  0361       11237  strumu    3.00   1
/Users/lzj/bss/201512/20151203/d7360.0362.fits  0362       11237  strumu   40.00   1
/Users/lzj/bss/201512/20151203/d7360.0363.fits  0363       10875  strumu    3.00   1
/Users/lzj/bss/201512/20151203/d7360.0364.fits  0364       10875  strumu   40.00   1
/Users/lzj/bss/201512/20151203/d7360.0365.fits  0365       10512  strumu    3.00   1
/Users/lzj/bss/201512/20151203/d7360.0366.fits  0366       10512  strumu   40.00   1
/Users/lzj/bss/201512/20151203/d7360.0367.fits  0367       11238  strumu    3.00   1
/Users/lzj/bss/201512/20151203/d7360.0368.fits  0368       11238  strumu   40.00   1
/Users/lzj/bss/201512/20151203/d7360.0369.fits  0369       10876  strumu    3.00   1
/Users/lzj/bss/201512/20151203/d7360.0370.fits  0370       10876  strumu   40.00   1
/Users/lzj/bss/201512/20151203/d7360.0371.fits  0371       10513  strumu    3.00   1
/Users/lzj/bss/201512/20151203/d7360.0372.fits  0372       10513  strumu   40.00   1
/Users/lzj/bss/201512/20151203/d7360.0373.fits  0373       11239  strumu    3.00   1
/Users/lzj/bss/201512/20151203/d7360.0374.fits  0374       11239  strumu   40.00   1
/Users/lzj/bss/201512/20151203/d7360.0375.fits  0375       10877  strumu    3.00   1
/Users/lzj/bss/201512/20151203/d7360.0376.fits  0376       10877  strumu   40.00   1
/Users/lzj/bss/201512/20151203/d7360.0377.fits  0377       10514  strumu    3.00   1
/Users/lzj/bss/201512/20151203/d7360.0378.fits  0378       10514  strumu   40.00   1
/Users/lzj/bss/201512/20151203/d7360.0379.fits  0379       10878  strumu    3.00   1
/Users/lzj/bss/201512/20151203/d7360.0380.fits  0380       10878  strumu   40.00   1
/Users/lzj/bss/201512/20151203/d7360.0381.fits  0381       10515  strumu    3.00   1
/Users/lzj/bss/201512/20151203/d7360.0382.fits  0382       10515  strumu   40.00   1
/Users/lzj/bss/201512/20151203/d7360.0383.fits  0383       10879  strumu    3.00   1
/Users/lzj/bss/201512/20151203/d7360.0384.fits  0384       10879  strumu   40.00   1
/Users/lzj/bss/201512/20151203/d7360.0386.fits  0386         m67  strumu    3.00   1
/Users/lzj/bss/201512/20151203/d7360.0387.fits  0387         m67  strumu   40.00   1
/Users/lzj/bss/201512/20151203/d7360.0388.fits  0388         m67  strumv    3.00   1
/Users/lzj/bss/201512/20151203/d7360.0389.fits  0389         m67  strumv   40.00   1
/Users/lzj/bss/201512/20151203/d7360.0390.fits  0390         m67  strumu    3.00   1
/Users/lzj/bss/201512/20151203/d7360.0391.fits  0391         m67  strumu   40.00   1
/Users/lzj/bss/201512/20151203/d7360.0392.fits  0392         m67  strumv    3.00   1
/Users/lzj/bss/201512/20151203/d7360.0393.fits  0393         m67  strumv   40.00   1
/Users/lzj/bss/201512/20151203/d7360.0396.fits  0396         m67  strumu    3.00   1
/Users/lzj/bss/201512/20151203/d7360.0397.fits  0397         m67  strumu   40.00   1
/Users/lzj/bss/201512/20151203/d7360.0398.fits  0398         m67  strumv    3.00   1
/Users/lzj/bss/201512/20151203/d7360.0399.fits  0399         m67  strumv   40.00   1
/Users/lzj/bss/201512/20151203/d7360.0400.fits  0400         m67  strumu    3.00   1
/Users/lzj/bss/201512/20151203/d7360.0401.fits  0401         m67  strumu   40.00   1
/Users/lzj/bss/201512/20151203/d7360.0402.fits  0402         m67  strumv    3.00   1
/Users/lzj/bss/201512/20151203/d7360.0403.fits  0403         m67  strumv   40.00   1
/Users/lzj/bss/201512/20151203/d7360.0404.fits  0404         m67  strumu    3.00   1
/Users/lzj/bss/201512/20151203/d7360.0405.fits  0405         m67  strumu   40.00   1
/Users/lzj/bss/201512/20151203/d7360.0406.fits  0406         m67  strumv    3.00   1
/Users/lzj/bss/201512/20151203/d7360.0407.fits  0407         m67  strumv   40.00   1
/Users/lzj/bss/201512/20151203/d7360.0408.fits  0408         m67  strumu    3.00   1
/Users/lzj/bss/201512/20151203/d7360.0409.fits  0409         m67  strumu   40.00   1
/Users/lzj/bss/201512/20151203/d7360.0410.fits  0410         m67  strumv    3.00   1
/Users/lzj/bss/201512/20151203/d7360.0411.fits  0411         m67  strumv   40.00   1
