/Users/lzj/bss/201512/20151213/d7370.0022.fits  0022       10721  strumu    3.00   1
/Users/lzj/bss/201512/20151213/d7370.0023.fits  0023       10721  strumu   40.00   1
/Users/lzj/bss/201512/20151213/d7370.0024.fits  0024       10722  strumu    3.00   1
/Users/lzj/bss/201512/20151213/d7370.0025.fits  0025       10722  strumu   40.00   1
/Users/lzj/bss/201512/20151213/d7370.0026.fits  0026       10723  strumu    3.00   1
/Users/lzj/bss/201512/20151213/d7370.0028.fits  0028       10723  strumu   40.00   1
/Users/lzj/bss/201512/20151213/d7370.0029.fits  0029       10724  strumu    3.00   1
/Users/lzj/bss/201512/20151213/d7370.0030.fits  0030       10724  strumu   40.00   1
/Users/lzj/bss/201512/20151213/d7370.0031.fits  0031       10725  strumu    3.00   1
/Users/lzj/bss/201512/20151213/d7370.0032.fits  0032       10725  strumu   40.00   1
/Users/lzj/bss/201512/20151213/d7370.0033.fits  0033       10726  strumu    3.00   1
/Users/lzj/bss/201512/20151213/d7370.0034.fits  0034       10726  strumu   40.00   1
/Users/lzj/bss/201512/20151213/d7370.0035.fits  0035       10727  strumu    3.00   1
/Users/lzj/bss/201512/20151213/d7370.0036.fits  0036       10727  strumu   40.00   1
/Users/lzj/bss/201512/20151213/d7370.0037.fits  0037       11094  strumu    3.00   1
/Users/lzj/bss/201512/20151213/d7370.0038.fits  0038       11094  strumu   40.00   1
/Users/lzj/bss/201512/20151213/d7370.0039.fits  0039       11095  strumu    3.00   1
/Users/lzj/bss/201512/20151213/d7370.0040.fits  0040       11095  strumu   40.00   1
/Users/lzj/bss/201512/20151213/d7370.0041.fits  0041       11096  strumu    3.00   1
/Users/lzj/bss/201512/20151213/d7370.0042.fits  0042       11096  strumu   40.00   1
/Users/lzj/bss/201512/20151213/d7370.0043.fits  0043       11097  strumu    3.00   1
/Users/lzj/bss/201512/20151213/d7370.0044.fits  0044       11097  strumu   40.00   1
/Users/lzj/bss/201512/20151213/d7370.0045.fits  0045       11098  strumu    3.00   1
/Users/lzj/bss/201512/20151213/d7370.0046.fits  0046       11098  strumu   40.00   1
/Users/lzj/bss/201512/20151213/d7370.0048.fits  0048       11099  strumu    3.00   1
/Users/lzj/bss/201512/20151213/d7370.0049.fits  0049       11099  strumu   40.00   1
/Users/lzj/bss/201512/20151213/d7370.0050.fits  0050       11100  strumu    3.00   1
/Users/lzj/bss/201512/20151213/d7370.0051.fits  0051       11100  strumu   40.00   1
/Users/lzj/bss/201512/20151213/d7370.0052.fits  0052       11466  strumu    3.00   1
/Users/lzj/bss/201512/20151213/d7370.0053.fits  0053       11466  strumu   40.00   1
/Users/lzj/bss/201512/20151213/d7370.0054.fits  0054       11467  strumu    3.00   1
/Users/lzj/bss/201512/20151213/d7370.0055.fits  0055       11467  strumu   40.00   1
/Users/lzj/bss/201512/20151213/d7370.0056.fits  0056       11468  strumu    3.00   1
/Users/lzj/bss/201512/20151213/d7370.0057.fits  0057       11468  strumu   40.00   1
/Users/lzj/bss/201512/20151213/d7370.0058.fits  0058       11469  strumu    3.00   1
/Users/lzj/bss/201512/20151213/d7370.0059.fits  0059       11469  strumu   40.00   1
/Users/lzj/bss/201512/20151213/d7370.0060.fits  0060       11470  strumu    3.00   1
/Users/lzj/bss/201512/20151213/d7370.0061.fits  0061       11470  strumu   40.00   1
/Users/lzj/bss/201512/20151213/d7370.0062.fits  0062       11471  strumu    3.00   1
/Users/lzj/bss/201512/20151213/d7370.0063.fits  0063       11471  strumu   40.00   1
/Users/lzj/bss/201512/20151213/d7370.0064.fits  0064       11472  strumu    3.00   1
/Users/lzj/bss/201512/20151213/d7370.0065.fits  0065       11472  strumu   40.00   1
/Users/lzj/bss/201512/20151213/d7370.0066.fits  0066       11473  strumu    3.00   1
/Users/lzj/bss/201512/20151213/d7370.0067.fits  0067       11473  strumu   40.00   1
/Users/lzj/bss/201512/20151213/d7370.0068.fits  0068       11474  strumu    3.00   1
/Users/lzj/bss/201512/20151213/d7370.0069.fits  0069       11474  strumu   40.00   1
/Users/lzj/bss/201512/20151213/d7370.0070.fits  0070       11475  strumu    3.00   1
/Users/lzj/bss/201512/20151213/d7370.0071.fits  0071       11475  strumu   40.00   1
/Users/lzj/bss/201512/20151213/d7370.0072.fits  0072       11476  strumu    3.00   1
/Users/lzj/bss/201512/20151213/d7370.0073.fits  0073       11476  strumu   40.00   1
/Users/lzj/bss/201512/20151213/d7370.0074.fits  0074       11477  strumu    3.00   1
/Users/lzj/bss/201512/20151213/d7370.0075.fits  0075       11477  strumu   40.00   1
/Users/lzj/bss/201512/20151213/d7370.0076.fits  0076       11478  strumu    3.00   1
/Users/lzj/bss/201512/20151213/d7370.0077.fits  0077       11478  strumu   40.00   1
/Users/lzj/bss/201512/20151213/d7370.0078.fits  0078       11479  strumu    3.00   1
/Users/lzj/bss/201512/20151213/d7370.0079.fits  0079       11479  strumu   40.00   1
/Users/lzj/bss/201512/20151213/d7370.0080.fits  0080       10756  strumu    3.00   1
/Users/lzj/bss/201512/20151213/d7370.0081.fits  0081       10756  strumu   40.00   1
/Users/lzj/bss/201512/20151213/d7370.0082.fits  0082       10757  strumu    3.00   1
/Users/lzj/bss/201512/20151213/d7370.0083.fits  0083       10757  strumu   40.00   1
/Users/lzj/bss/201512/20151213/d7370.0084.fits  0084       10758  strumu    3.00   1
/Users/lzj/bss/201512/20151213/d7370.0085.fits  0085       10758  strumu   40.00   1
/Users/lzj/bss/201512/20151213/d7370.0086.fits  0086       10759  strumu    3.00   1
/Users/lzj/bss/201512/20151213/d7370.0087.fits  0087       10759  strumu   40.00   1
/Users/lzj/bss/201512/20151213/d7370.0088.fits  0088       10760  strumu    3.00   1
/Users/lzj/bss/201512/20151213/d7370.0089.fits  0089       10760  strumu   40.00   1
/Users/lzj/bss/201512/20151213/d7370.0090.fits  0090       10761  strumu    3.00   1
/Users/lzj/bss/201512/20151213/d7370.0091.fits  0091       10761  strumu   40.00   1
/Users/lzj/bss/201512/20151213/d7370.0092.fits  0092       10762  strumu    3.00   1
/Users/lzj/bss/201512/20151213/d7370.0093.fits  0093       10762  strumu   40.00   1
/Users/lzj/bss/201512/20151213/d7370.0094.fits  0094       11129  strumu    3.00   1
/Users/lzj/bss/201512/20151213/d7370.0095.fits  0095       11129  strumu   40.00   1
/Users/lzj/bss/201512/20151213/d7370.0096.fits  0096       10762  strumv    3.00   1
/Users/lzj/bss/201512/20151213/d7370.0097.fits  0097       10762  strumv   40.00   1
/Users/lzj/bss/201512/20151213/d7370.0098.fits  0098       11129  strumv    3.00   1
/Users/lzj/bss/201512/20151213/d7370.0099.fits  0099       11129  strumv   40.00   1
/Users/lzj/bss/201512/20151213/d7370.0102.fits  0102       10761  strumu   40.00   1
/Users/lzj/bss/201512/20151213/d7370.0103.fits  0103       10762  strumu    3.00   1
/Users/lzj/bss/201512/20151213/d7370.0104.fits  0104       10762  strumu   40.00   1
/Users/lzj/bss/201512/20151213/d7370.0105.fits  0105       11129  strumu    3.00   1
/Users/lzj/bss/201512/20151213/d7370.0106.fits  0106       11129  strumu   40.00   1
/Users/lzj/bss/201512/20151213/d7370.0107.fits  0107       11130  strumu    3.00   1
/Users/lzj/bss/201512/20151213/d7370.0108.fits  0108       11130  strumu   40.00   1
/Users/lzj/bss/201512/20151213/d7370.0109.fits  0109       11131  strumu    3.00   1
/Users/lzj/bss/201512/20151213/d7370.0110.fits  0110       11131  strumu   40.00   1
/Users/lzj/bss/201512/20151213/d7370.0111.fits  0111       10770  strumu    3.00   1
/Users/lzj/bss/201512/20151213/d7370.0112.fits  0112       10770  strumu   40.00   1
/Users/lzj/bss/201512/20151213/d7370.0113.fits  0113       11132  strumu    3.00   1
/Users/lzj/bss/201512/20151213/d7370.0114.fits  0114       11132  strumu   40.00   1
/Users/lzj/bss/201512/20151213/d7370.0115.fits  0115       10771  strumu    3.00   1
/Users/lzj/bss/201512/20151213/d7370.0116.fits  0116       10771  strumu   40.00   1
/Users/lzj/bss/201512/20151213/d7370.0117.fits  0117       11133  strumu    3.00   1
/Users/lzj/bss/201512/20151213/d7370.0118.fits  0118       11133  strumu   40.00   1
/Users/lzj/bss/201512/20151213/d7370.0119.fits  0119       10772  strumu    3.00   1
/Users/lzj/bss/201512/20151213/d7370.0120.fits  0120       10772  strumu   40.00   1
/Users/lzj/bss/201512/20151213/d7370.0121.fits  0121       11134  strumu    3.00   1
/Users/lzj/bss/201512/20151213/d7370.0122.fits  0122       11134  strumu   40.00   1
/Users/lzj/bss/201512/20151213/d7370.0124.fits  0124       10789  strumu    3.00   1
/Users/lzj/bss/201512/20151213/d7370.0125.fits  0125       10789  strumu   40.00   1
/Users/lzj/bss/201512/20151213/d7370.0126.fits  0126       11151  strumu    3.00   1
/Users/lzj/bss/201512/20151213/d7370.0127.fits  0127       11151  strumu   40.00   1
/Users/lzj/bss/201512/20151213/d7370.0128.fits  0128       10790  strumu    3.00   1
/Users/lzj/bss/201512/20151213/d7370.0129.fits  0129       10790  strumu   40.00   1
/Users/lzj/bss/201512/20151213/d7370.0130.fits  0130       11152  strumu    3.00   1
/Users/lzj/bss/201512/20151213/d7370.0131.fits  0131       11152  strumu   40.00   1
/Users/lzj/bss/201512/20151213/d7370.0132.fits  0132       11153  strumu    3.00   1
/Users/lzj/bss/201512/20151213/d7370.0133.fits  0133       11153  strumu   40.00   1
/Users/lzj/bss/201512/20151213/d7370.0134.fits  0134       11154  strumu    3.00   1
/Users/lzj/bss/201512/20151213/d7370.0135.fits  0135       11154  strumu   40.00   1
/Users/lzj/bss/201512/20151213/d7370.0136.fits  0136       11155  strumu    3.00   1
/Users/lzj/bss/201512/20151213/d7370.0137.fits  0137       11155  strumu   40.00   1
/Users/lzj/bss/201512/20151213/d7370.0138.fits  0138       11156  strumu    3.00   1
/Users/lzj/bss/201512/20151213/d7370.0139.fits  0139       11156  strumu   40.00   1
/Users/lzj/bss/201512/20151213/d7370.0140.fits  0140       11157  strumu    3.00   1
/Users/lzj/bss/201512/20151213/d7370.0141.fits  0141       11157  strumu   40.00   1
/Users/lzj/bss/201512/20151213/d7370.0142.fits  0142       11158  strumu    3.00   1
/Users/lzj/bss/201512/20151213/d7370.0143.fits  0143       11158  strumu   40.00   1
/Users/lzj/bss/201512/20151213/d7370.0144.fits  0144       11159  strumu    3.00   1
/Users/lzj/bss/201512/20151213/d7370.0145.fits  0145       11159  strumu   40.00   1
/Users/lzj/bss/201512/20151213/d7370.0146.fits  0146       10798  strumu    3.00   1
/Users/lzj/bss/201512/20151213/d7370.0147.fits  0147       10798  strumu   40.00   1
/Users/lzj/bss/201512/20151213/d7370.0148.fits  0148       11160  strumu    3.00   1
/Users/lzj/bss/201512/20151213/d7370.0149.fits  0149       11160  strumu   40.00   1
/Users/lzj/bss/201512/20151213/d7370.0150.fits  0150       10799  strumu    3.00   1
/Users/lzj/bss/201512/20151213/d7370.0151.fits  0151       10799  strumu   40.00   1
/Users/lzj/bss/201512/20151213/d7370.0152.fits  0152       11161  strumu    3.00   1
/Users/lzj/bss/201512/20151213/d7370.0153.fits  0153       11161  strumu   40.00   1
/Users/lzj/bss/201512/20151213/d7370.0154.fits  0154       10800  strumu    3.00   1
/Users/lzj/bss/201512/20151213/d7370.0155.fits  0155       10800  strumu   40.00   1
/Users/lzj/bss/201512/20151213/d7370.0156.fits  0156       11162  strumu    3.00   1
/Users/lzj/bss/201512/20151213/d7370.0157.fits  0157       11162  strumu   40.00   1
/Users/lzj/bss/201512/20151213/d7370.0158.fits  0158       10801  strumu    3.00   1
/Users/lzj/bss/201512/20151213/d7370.0159.fits  0159       10801  strumu   40.00   1
/Users/lzj/bss/201512/20151213/d7370.0160.fits  0160       10802  strumu    3.00   1
/Users/lzj/bss/201512/20151213/d7370.0161.fits  0161       10802  strumu   40.00   1
/Users/lzj/bss/201512/20151213/d7370.0162.fits  0162       10803  strumu    3.00   1
/Users/lzj/bss/201512/20151213/d7370.0163.fits  0163       10803  strumu   40.00   1
/Users/lzj/bss/201512/20151213/d7370.0164.fits  0164       10804  strumu    3.00   1
/Users/lzj/bss/201512/20151213/d7370.0165.fits  0165       10804  strumu   40.00   1
/Users/lzj/bss/201512/20151213/d7370.0166.fits  0166       10805  strumu    3.00   1
/Users/lzj/bss/201512/20151213/d7370.0167.fits  0167       10805  strumu   40.00   1
/Users/lzj/bss/201512/20151213/d7370.0168.fits  0168       10806  strumu    3.00   1
/Users/lzj/bss/201512/20151213/d7370.0169.fits  0169       10806  strumu   40.00   1
/Users/lzj/bss/201512/20151213/d7370.0170.fits  0170       10807  strumu    3.00   1
/Users/lzj/bss/201512/20151213/d7370.0171.fits  0171       10807  strumu   40.00   1
/Users/lzj/bss/201512/20151213/d7370.0172.fits  0172       10808  strumu    3.00   1
/Users/lzj/bss/201512/20151213/d7370.0173.fits  0173       10808  strumu   40.00   1
/Users/lzj/bss/201512/20151213/d7370.0174.fits  0174       11170  strumu    3.00   1
/Users/lzj/bss/201512/20151213/d7370.0175.fits  0175       11170  strumu   40.00   1
/Users/lzj/bss/201512/20151213/d7370.0176.fits  0176       10809  strumu    3.00   1
/Users/lzj/bss/201512/20151213/d7370.0177.fits  0177       10809  strumu   40.00   1
/Users/lzj/bss/201512/20151213/d7370.0178.fits  0178       11171  strumu    3.00   1
/Users/lzj/bss/201512/20151213/d7370.0179.fits  0179       11171  strumu   40.00   1
/Users/lzj/bss/201512/20151213/d7370.0180.fits  0180       10810  strumu    3.00   1
/Users/lzj/bss/201512/20151213/d7370.0181.fits  0181       10810  strumu   40.00   1
/Users/lzj/bss/201512/20151213/d7370.0182.fits  0182       11172  strumu    3.00   1
/Users/lzj/bss/201512/20151213/d7370.0183.fits  0183       11172  strumu   40.00   1
/Users/lzj/bss/201512/20151213/d7370.0184.fits  0184       10811  strumu    3.00   1
/Users/lzj/bss/201512/20151213/d7370.0185.fits  0185       10811  strumu   40.00   1
/Users/lzj/bss/201512/20151213/d7370.0186.fits  0186       11173  strumu    3.00   1
/Users/lzj/bss/201512/20151213/d7370.0187.fits  0187       11173  strumu   40.00   1
/Users/lzj/bss/201512/20151213/d7370.0188.fits  0188       10812  strumu    3.00   1
/Users/lzj/bss/201512/20151213/d7370.0189.fits  0189       10812  strumu   40.00   1
/Users/lzj/bss/201512/20151213/d7370.0190.fits  0190       11174  strumu    3.00   1
/Users/lzj/bss/201512/20151213/d7370.0191.fits  0191       11174  strumu   40.00   1
/Users/lzj/bss/201512/20151213/d7370.0192.fits  0192       10813  strumu    3.00   1
/Users/lzj/bss/201512/20151213/d7370.0193.fits  0193       10813  strumu   40.00   1
/Users/lzj/bss/201512/20151213/d7370.0194.fits  0194       11175  strumu    3.00   1
/Users/lzj/bss/201512/20151213/d7370.0195.fits  0195       11175  strumu   40.00   1
/Users/lzj/bss/201512/20151213/d7370.0196.fits  0196       10814  strumu    3.00   1
/Users/lzj/bss/201512/20151213/d7370.0197.fits  0197       10814  strumu   40.00   1
/Users/lzj/bss/201512/20151213/d7370.0198.fits  0198       11175  strumv    3.00   1
/Users/lzj/bss/201512/20151213/d7370.0199.fits  0199       11175  strumv   40.00   1
/Users/lzj/bss/201512/20151213/d7370.0200.fits  0200       10814  strumv    3.00   1
/Users/lzj/bss/201512/20151213/d7370.0201.fits  0201       10814  strumv   40.00   1
/Users/lzj/bss/201512/20151213/d7370.0203.fits  0203       11198  strumu    3.00   1
/Users/lzj/bss/201512/20151213/d7370.0204.fits  0204       11198  strumu   40.00   1
/Users/lzj/bss/201512/20151213/d7370.0205.fits  0205       11559  strumu    3.00   1
/Users/lzj/bss/201512/20151213/d7370.0206.fits  0206       11559  strumu   40.00   1
/Users/lzj/bss/201512/20151213/d7370.0207.fits  0207       11199  strumu    3.00   1
/Users/lzj/bss/201512/20151213/d7370.0208.fits  0208       11199  strumu   40.00   1
/Users/lzj/bss/201512/20151213/d7370.0209.fits  0209       11560  strumu    3.00   1
/Users/lzj/bss/201512/20151213/d7370.0210.fits  0210       11560  strumu   40.00   1
/Users/lzj/bss/201512/20151213/d7370.0211.fits  0211       11200  strumu    3.00   1
/Users/lzj/bss/201512/20151213/d7370.0212.fits  0212       11200  strumu   40.00   1
/Users/lzj/bss/201512/20151213/d7370.0213.fits  0213       11561  strumu    3.00   1
/Users/lzj/bss/201512/20151213/d7370.0214.fits  0214       11561  strumu   40.00   1
/Users/lzj/bss/201512/20151213/d7370.0215.fits  0215       11201  strumu    3.00   1
/Users/lzj/bss/201512/20151213/d7370.0216.fits  0216       11201  strumu   40.00   1
/Users/lzj/bss/201512/20151213/d7370.0217.fits  0217       11562  strumu    3.00   1
/Users/lzj/bss/201512/20151213/d7370.0218.fits  0218       11562  strumu   40.00   1
/Users/lzj/bss/201512/20151213/d7370.0219.fits  0219       11202  strumu    3.00   1
/Users/lzj/bss/201512/20151213/d7370.0220.fits  0220       11202  strumu   40.00   1
/Users/lzj/bss/201512/20151213/d7370.0221.fits  0221       11563  strumu    3.00   1
/Users/lzj/bss/201512/20151213/d7370.0222.fits  0222       11563  strumu   40.00   1
/Users/lzj/bss/201512/20151213/d7370.0223.fits  0223       11203  strumu    3.00   1
/Users/lzj/bss/201512/20151213/d7370.0224.fits  0224       11203  strumu   40.00   1
/Users/lzj/bss/201512/20151213/d7370.0225.fits  0225       11564  strumu    3.00   1
/Users/lzj/bss/201512/20151213/d7370.0226.fits  0226       11564  strumu   40.00   1
/Users/lzj/bss/201512/20151213/d7370.0227.fits  0227       11204  strumu    3.00   1
/Users/lzj/bss/201512/20151213/d7370.0228.fits  0228       11204  strumu   40.00   1
/Users/lzj/bss/201512/20151213/d7370.0229.fits  0229       11565  strumu    3.00   1
/Users/lzj/bss/201512/20151213/d7370.0230.fits  0230       11565  strumu   40.00   1
/Users/lzj/bss/201512/20151213/d7370.0231.fits  0231       11566  strumu    3.00   1
/Users/lzj/bss/201512/20151213/d7370.0232.fits  0232       11566  strumu   40.00   1
/Users/lzj/bss/201512/20151213/d7370.0233.fits  0233       11567  strumu    3.00   1
/Users/lzj/bss/201512/20151213/d7370.0234.fits  0234       11567  strumu   40.00   1
/Users/lzj/bss/201512/20151213/d7370.0235.fits  0235       11568  strumu    3.00   1
/Users/lzj/bss/201512/20151213/d7370.0236.fits  0236       11568  strumu   40.00   1
/Users/lzj/bss/201512/20151213/d7370.0237.fits  0237       11569  strumu    3.00   1
/Users/lzj/bss/201512/20151213/d7370.0238.fits  0238       11569  strumu   40.00   1
/Users/lzj/bss/201512/20151213/d7370.0239.fits  0239       11570  strumu    3.00   1
/Users/lzj/bss/201512/20151213/d7370.0240.fits  0240       11570  strumu   40.00   1
/Users/lzj/bss/201512/20151213/d7370.0241.fits  0241       11571  strumu    3.00   1
/Users/lzj/bss/201512/20151213/d7370.0242.fits  0242       11571  strumu   40.00   1
/Users/lzj/bss/201512/20151213/d7370.0243.fits  0243       11572  strumu    3.00   1
/Users/lzj/bss/201512/20151213/d7370.0244.fits  0244       11572  strumu   40.00   1
/Users/lzj/bss/201512/20151213/d7370.0245.fits  0245       11573  strumu    3.00   1
/Users/lzj/bss/201512/20151213/d7370.0246.fits  0246       11573  strumu   40.00   1
/Users/lzj/bss/201512/20151213/d7370.0247.fits  0247       11574  strumu    3.00   1
/Users/lzj/bss/201512/20151213/d7370.0248.fits  0248       11574  strumu   40.00   1
/Users/lzj/bss/201512/20151213/d7370.0249.fits  0249       11575  strumu    3.00   1
/Users/lzj/bss/201512/20151213/d7370.0250.fits  0250       11575  strumu   40.00   1
/Users/lzj/bss/201512/20151213/d7370.0251.fits  0251       11576  strumu    3.00   1
/Users/lzj/bss/201512/20151213/d7370.0252.fits  0252       11576  strumu   40.00   1
/Users/lzj/bss/201512/20151213/d7370.0253.fits  0253       11577  strumu    3.00   1
/Users/lzj/bss/201512/20151213/d7370.0254.fits  0254       11577  strumu   40.00   1
/Users/lzj/bss/201512/20151213/d7370.0255.fits  0255       11578  strumu    3.00   1
/Users/lzj/bss/201512/20151213/d7370.0256.fits  0256       11578  strumu   40.00   1
/Users/lzj/bss/201512/20151213/d7370.0257.fits  0257       11579  strumu    3.00   1
/Users/lzj/bss/201512/20151213/d7370.0261.fits  0261       11579  strumv    3.00   1
/Users/lzj/bss/201512/20151213/d7370.0262.fits  0262       11579  strumv   40.00   1
/Users/lzj/bss/201512/20151213/d7370.0263.fits  0263       11580  strumv    3.00   1
/Users/lzj/bss/201512/20151213/d7370.0264.fits  0264       11580  strumv   40.00   1
/Users/lzj/bss/201512/20151213/d7370.0265.fits  0265       11581  strumv    3.00   1
/Users/lzj/bss/201512/20151213/d7370.0266.fits  0266       11581  strumv   40.00   1
/Users/lzj/bss/201512/20151213/d7370.0267.fits  0267       11579  strumu    3.00   1
/Users/lzj/bss/201512/20151213/d7370.0268.fits  0268       11579  strumu   40.00   1
/Users/lzj/bss/201512/20151213/d7370.0269.fits  0269       11580  strumu    3.00   1
/Users/lzj/bss/201512/20151213/d7370.0270.fits  0270       11580  strumu   40.00   1
/Users/lzj/bss/201512/20151213/d7370.0271.fits  0271       11581  strumu    3.00   1
/Users/lzj/bss/201512/20151213/d7370.0272.fits  0272       11581  strumu   40.00   1
/Users/lzj/bss/201512/20151213/d7370.0273.fits  0273       11582  strumu    3.00   1
/Users/lzj/bss/201512/20151213/d7370.0274.fits  0274       11582  strumu   40.00   1
/Users/lzj/bss/201512/20151213/d7370.0275.fits  0275       11583  strumu    3.00   1
/Users/lzj/bss/201512/20151213/d7370.0276.fits  0276       11583  strumu   40.00   1
/Users/lzj/bss/201512/20151213/d7370.0277.fits  0277       11584  strumu    3.00   1
/Users/lzj/bss/201512/20151213/d7370.0278.fits  0278       11584  strumu   40.00   1
/Users/lzj/bss/201512/20151213/d7370.0279.fits  0279       11585  strumu    3.00   1
/Users/lzj/bss/201512/20151213/d7370.0280.fits  0280       11585  strumu   40.00   1
/Users/lzj/bss/201512/20151213/d7370.0281.fits  0281       11586  strumu    3.00   1
/Users/lzj/bss/201512/20151213/d7370.0282.fits  0282       11586  strumu   40.00   1
/Users/lzj/bss/201512/20151213/d7370.0283.fits  0283       11587  strumu    3.00   1
/Users/lzj/bss/201512/20151213/d7370.0284.fits  0284       11587  strumu   40.00   1
/Users/lzj/bss/201512/20151213/d7370.0285.fits  0285       11588  strumu    3.00   1
/Users/lzj/bss/201512/20151213/d7370.0286.fits  0286       11588  strumu   40.00   1
/Users/lzj/bss/201512/20151213/d7370.0287.fits  0287       11589  strumu    3.00   1
/Users/lzj/bss/201512/20151213/d7370.0288.fits  0288       11589  strumu   40.00   1
/Users/lzj/bss/201512/20151213/d7370.0289.fits  0289       11590  strumu    3.00   1
/Users/lzj/bss/201512/20151213/d7370.0290.fits  0290       11590  strumu   40.00   1
/Users/lzj/bss/201512/20151213/d7370.0291.fits  0291       11591  strumu    3.00   1
/Users/lzj/bss/201512/20151213/d7370.0292.fits  0292       11591  strumu   40.00   1
/Users/lzj/bss/201512/20151213/d7370.0293.fits  0293       11948  strumu    3.00   1
/Users/lzj/bss/201512/20151213/d7370.0294.fits  0294       11948  strumu   40.00   1
/Users/lzj/bss/201512/20151213/d7370.0295.fits  0295       11592  strumu    3.00   1
/Users/lzj/bss/201512/20151213/d7370.0296.fits  0296       11592  strumu   40.00   1
/Users/lzj/bss/201512/20151213/d7370.0297.fits  0297       11949  strumu    3.00   1
/Users/lzj/bss/201512/20151213/d7370.0298.fits  0298       11949  strumu   40.00   1
/Users/lzj/bss/201512/20151213/d7370.0299.fits  0299       11593  strumu    3.00   1
/Users/lzj/bss/201512/20151213/d7370.0300.fits  0300       11593  strumu   40.00   1
/Users/lzj/bss/201512/20151213/d7370.0301.fits  0301       11950  strumu    3.00   1
/Users/lzj/bss/201512/20151213/d7370.0302.fits  0302       11950  strumu   40.00   1
/Users/lzj/bss/201512/20151213/d7370.0303.fits  0303       11594  strumu    3.00   1
/Users/lzj/bss/201512/20151213/d7370.0304.fits  0304       11594  strumu   40.00   1
/Users/lzj/bss/201512/20151213/d7370.0305.fits  0305       11951  strumu    3.00   1
/Users/lzj/bss/201512/20151213/d7370.0306.fits  0306       11951  strumu   40.00   1
/Users/lzj/bss/201512/20151213/d7370.0307.fits  0307       11595  strumu    3.00   1
/Users/lzj/bss/201512/20151213/d7370.0308.fits  0308       11595  strumu   40.00   1
/Users/lzj/bss/201512/20151213/d7370.0309.fits  0309       11952  strumu    3.00   1
/Users/lzj/bss/201512/20151213/d7370.0310.fits  0310       11952  strumu   40.00   1
/Users/lzj/bss/201512/20151213/d7370.0311.fits  0311       11596  strumu    3.00   1
/Users/lzj/bss/201512/20151213/d7370.0312.fits  0312       11596  strumu   40.00   1
/Users/lzj/bss/201512/20151213/d7370.0313.fits  0313       11953  strumu    3.00   1
/Users/lzj/bss/201512/20151213/d7370.0314.fits  0314       11953  strumu   40.00   1
/Users/lzj/bss/201512/20151213/d7370.0315.fits  0315       11597  strumu    3.00   1
/Users/lzj/bss/201512/20151213/d7370.0316.fits  0316       11597  strumu   40.00   1
/Users/lzj/bss/201512/20151213/d7370.0317.fits  0317       11954  strumu    3.00   1
/Users/lzj/bss/201512/20151213/d7370.0318.fits  0318       11954  strumu   40.00   1
/Users/lzj/bss/201512/20151213/d7370.0319.fits  0319       11598  strumu    3.00   1
/Users/lzj/bss/201512/20151213/d7370.0320.fits  0320       11598  strumu   40.00   1
/Users/lzj/bss/201512/20151213/d7370.0321.fits  0321       11599  strumu    3.00   1
/Users/lzj/bss/201512/20151213/d7370.0322.fits  0322       11599  strumu   40.00   1
/Users/lzj/bss/201512/20151213/d7370.0323.fits  0323       11240  strumu    3.00   1
/Users/lzj/bss/201512/20151213/d7370.0324.fits  0324       11240  strumu   40.00   1
/Users/lzj/bss/201512/20151213/d7370.0325.fits  0325       11600  strumu    3.00   1
/Users/lzj/bss/201512/20151213/d7370.0326.fits  0326       11600  strumu   40.00   1
/Users/lzj/bss/201512/20151213/d7370.0327.fits  0327       11241  strumu    3.00   1
/Users/lzj/bss/201512/20151213/d7370.0328.fits  0328       11241  strumu   40.00   1
/Users/lzj/bss/201512/20151213/d7370.0329.fits  0329       11601  strumu    3.00   1
/Users/lzj/bss/201512/20151213/d7370.0330.fits  0330       11601  strumu   40.00   1
/Users/lzj/bss/201512/20151213/d7370.0331.fits  0331       11242  strumu    3.00   1
/Users/lzj/bss/201512/20151213/d7370.0332.fits  0332       11242  strumu   40.00   1
/Users/lzj/bss/201512/20151213/d7370.0333.fits  0333       11602  strumu    3.00   1
/Users/lzj/bss/201512/20151213/d7370.0334.fits  0334       11602  strumu   40.00   1
/Users/lzj/bss/201512/20151213/d7370.0335.fits  0335       11243  strumu    3.00   1
/Users/lzj/bss/201512/20151213/d7370.0336.fits  0336       11243  strumu   40.00   1
/Users/lzj/bss/201512/20151213/d7370.0337.fits  0337       11603  strumu    3.00   1
/Users/lzj/bss/201512/20151213/d7370.0338.fits  0338       11603  strumu   40.00   1
/Users/lzj/bss/201512/20151213/d7370.0339.fits  0339       11244  strumu    3.00   1
/Users/lzj/bss/201512/20151213/d7370.0340.fits  0340       11244  strumu   40.00   1
/Users/lzj/bss/201512/20151213/d7370.0341.fits  0341       11604  strumu    3.00   1
/Users/lzj/bss/201512/20151213/d7370.0342.fits  0342       11604  strumu   40.00   1
/Users/lzj/bss/201512/20151213/d7370.0343.fits  0343       11245  strumu    3.00   1
/Users/lzj/bss/201512/20151213/d7370.0344.fits  0344       11245  strumu   40.00   1
/Users/lzj/bss/201512/20151213/d7370.0345.fits  0345       11605  strumu    3.00   1
/Users/lzj/bss/201512/20151213/d7370.0346.fits  0346       11605  strumu   40.00   1
/Users/lzj/bss/201512/20151213/d7370.0347.fits  0347       11246  strumu    3.00   1
/Users/lzj/bss/201512/20151213/d7370.0348.fits  0348       11246  strumu   40.00   1
/Users/lzj/bss/201512/20151213/d7370.0349.fits  0349       11606  strumu    3.00   1
/Users/lzj/bss/201512/20151213/d7370.0350.fits  0350       11606  strumu   40.00   1
/Users/lzj/bss/201512/20151213/d7370.0351.fits  0351       11247  strumu    3.00   1
/Users/lzj/bss/201512/20151213/d7370.0352.fits  0352       11247  strumu   40.00   1
/Users/lzj/bss/201512/20151213/d7370.0353.fits  0353       11607  strumu    3.00   1
/Users/lzj/bss/201512/20151213/d7370.0354.fits  0354       11607  strumu   40.00   1
/Users/lzj/bss/201512/20151213/d7370.0355.fits  0355       11248  strumu    3.00   1
/Users/lzj/bss/201512/20151213/d7370.0356.fits  0356       11248  strumu   40.00   1
/Users/lzj/bss/201512/20151213/d7370.0357.fits  0357       11608  strumu    3.00   1
/Users/lzj/bss/201512/20151213/d7370.0358.fits  0358       11608  strumu   40.00   1
/Users/lzj/bss/201512/20151213/d7370.0359.fits  0359       11249  strumu    3.00   1
/Users/lzj/bss/201512/20151213/d7370.0360.fits  0360       11249  strumu   40.00   1
/Users/lzj/bss/201512/20151213/d7370.0361.fits  0361       11609  strumu    3.00   1
/Users/lzj/bss/201512/20151213/d7370.0362.fits  0362       11609  strumu   40.00   1
/Users/lzj/bss/201512/20151213/d7370.0363.fits  0363       11250  strumu    3.00   1
/Users/lzj/bss/201512/20151213/d7370.0364.fits  0364       11250  strumu   40.00   1
/Users/lzj/bss/201512/20151213/d7370.0366.fits  0366       11251  strumu    3.00   1
/Users/lzj/bss/201512/20151213/d7370.0367.fits  0367       11251  strumu   40.00   1
/Users/lzj/bss/201512/20151213/d7370.0368.fits  0368       11611  strumu    3.00   1
/Users/lzj/bss/201512/20151213/d7370.0369.fits  0369       11611  strumu   40.00   1
/Users/lzj/bss/201512/20151213/d7370.0370.fits  0370       11252  strumu    3.00   1
/Users/lzj/bss/201512/20151213/d7370.0371.fits  0371       11252  strumu   40.00   1
/Users/lzj/bss/201512/20151213/d7370.0372.fits  0372       11612  strumu    3.00   1
/Users/lzj/bss/201512/20151213/d7370.0373.fits  0373       11612  strumu   40.00   1
/Users/lzj/bss/201512/20151213/d7370.0374.fits  0374       11253  strumu    3.00   1
/Users/lzj/bss/201512/20151213/d7370.0375.fits  0375       11253  strumu   40.00   1
/Users/lzj/bss/201512/20151213/d7370.0376.fits  0376       10891  strumu    3.00   1
/Users/lzj/bss/201512/20151213/d7370.0377.fits  0377       10891  strumu   40.00   1
/Users/lzj/bss/201512/20151213/d7370.0378.fits  0378       11613  strumu    3.00   1
/Users/lzj/bss/201512/20151213/d7370.0379.fits  0379       11613  strumu   40.00   1
/Users/lzj/bss/201512/20151213/d7370.0380.fits  0380       11254  strumu    3.00   1
/Users/lzj/bss/201512/20151213/d7370.0381.fits  0381       11254  strumu   40.00   1
/Users/lzj/bss/201512/20151213/d7370.0382.fits  0382       10892  strumu    3.00   1
/Users/lzj/bss/201512/20151213/d7370.0383.fits  0383       10892  strumu   40.00   1
/Users/lzj/bss/201512/20151213/d7370.0384.fits  0384       11614  strumu    3.00   1
/Users/lzj/bss/201512/20151213/d7370.0385.fits  0385       11614  strumu   40.00   1
/Users/lzj/bss/201512/20151213/d7370.0386.fits  0386       11255  strumu    3.00   1
/Users/lzj/bss/201512/20151213/d7370.0387.fits  0387       11255  strumu   40.00   1
/Users/lzj/bss/201512/20151213/d7370.0388.fits  0388       10893  strumu    3.00   1
/Users/lzj/bss/201512/20151213/d7370.0389.fits  0389       10893  strumu   40.00   1
/Users/lzj/bss/201512/20151213/d7370.0390.fits  0390       11615  strumu    3.00   1
/Users/lzj/bss/201512/20151213/d7370.0391.fits  0391       11615  strumu   40.00   1
/Users/lzj/bss/201512/20151213/d7370.0392.fits  0392       11256  strumu    3.00   1
/Users/lzj/bss/201512/20151213/d7370.0393.fits  0393       11256  strumu   40.00   1
/Users/lzj/bss/201512/20151213/d7370.0394.fits  0394       10894  strumu    3.00   1
/Users/lzj/bss/201512/20151213/d7370.0395.fits  0395       10894  strumu   40.00   1
/Users/lzj/bss/201512/20151213/d7370.0396.fits  0396       11616  strumu    3.00   1
/Users/lzj/bss/201512/20151213/d7370.0397.fits  0397       11616  strumu   40.00   1
/Users/lzj/bss/201512/20151213/d7370.0398.fits  0398       11257  strumu    3.00   1
/Users/lzj/bss/201512/20151213/d7370.0399.fits  0399       11257  strumu   40.00   1
/Users/lzj/bss/201512/20151213/d7370.0400.fits  0400       10895  strumu    3.00   1
/Users/lzj/bss/201512/20151213/d7370.0401.fits  0401       10895  strumu   40.00   1
/Users/lzj/bss/201512/20151213/d7370.0402.fits  0402       11617  strumu    3.00   1
/Users/lzj/bss/201512/20151213/d7370.0404.fits  0404       11617  strumu    3.00   1
/Users/lzj/bss/201512/20151213/d7370.0405.fits  0405       11617  strumu   40.00   1
/Users/lzj/bss/201512/20151213/d7370.0406.fits  0406       11258  strumu    3.00   1
/Users/lzj/bss/201512/20151213/d7370.0407.fits  0407       11258  strumu   40.00   1
/Users/lzj/bss/201512/20151213/d7370.0408.fits  0408       10896  strumu    3.00   1
/Users/lzj/bss/201512/20151213/d7370.0409.fits  0409       10896  strumu   40.00   1
/Users/lzj/bss/201512/20151213/d7370.0410.fits  0410       11618  strumu    3.00   1
/Users/lzj/bss/201512/20151213/d7370.0411.fits  0411       11618  strumu   40.00   1
/Users/lzj/bss/201512/20151213/d7370.0412.fits  0412       11259  strumu    3.00   1
/Users/lzj/bss/201512/20151213/d7370.0413.fits  0413       11259  strumu   40.00   1
/Users/lzj/bss/201512/20151213/d7370.0414.fits  0414       10897  strumu    3.00   1
/Users/lzj/bss/201512/20151213/d7370.0415.fits  0415       10897  strumu   40.00   1
/Users/lzj/bss/201512/20151213/d7370.0416.fits  0416       11619  strumu    3.00   1
/Users/lzj/bss/201512/20151213/d7370.0417.fits  0417       11619  strumu   40.00   1
/Users/lzj/bss/201512/20151213/d7370.0418.fits  0418       11260  strumu    3.00   1
/Users/lzj/bss/201512/20151213/d7370.0419.fits  0419       11260  strumu   40.00   1
/Users/lzj/bss/201512/20151213/d7370.0420.fits  0420       10905  strumu    3.00   1
/Users/lzj/bss/201512/20151213/d7370.0421.fits  0421       10905  strumu   40.00   1
/Users/lzj/bss/201512/20151213/d7370.0422.fits  0422       11268  strumu    3.00   1
/Users/lzj/bss/201512/20151213/d7370.0423.fits  0423       11268  strumu   40.00   1
/Users/lzj/bss/201512/20151213/d7370.0424.fits  0424       10906  strumu    3.00   1
/Users/lzj/bss/201512/20151213/d7370.0425.fits  0425       10906  strumu   40.00   1
/Users/lzj/bss/201512/20151213/d7370.0426.fits  0426       11269  strumu    3.00   1
/Users/lzj/bss/201512/20151213/d7370.0427.fits  0427       11269  strumu   40.00   1
/Users/lzj/bss/201512/20151213/d7370.0428.fits  0428       10907  strumu    3.00   1
/Users/lzj/bss/201512/20151213/d7370.0429.fits  0429       10907  strumu   40.00   1
/Users/lzj/bss/201512/20151213/d7370.0430.fits  0430       11270  strumu    3.00   1
/Users/lzj/bss/201512/20151213/d7370.0431.fits  0431       11270  strumu   40.00   1
/Users/lzj/bss/201512/20151213/d7370.0432.fits  0432       10908  strumu    3.00   1
/Users/lzj/bss/201512/20151213/d7370.0433.fits  0433       10908  strumu   40.00   1
/Users/lzj/bss/201512/20151213/d7370.0434.fits  0434       11271  strumu    3.00   1
/Users/lzj/bss/201512/20151213/d7370.0435.fits  0435       11271  strumu   40.00   1
/Users/lzj/bss/201512/20151213/d7370.0436.fits  0436       10909  strumu    3.00   1
/Users/lzj/bss/201512/20151213/d7370.0437.fits  0437       10909  strumu   40.00   1
/Users/lzj/bss/201512/20151213/d7370.0438.fits  0438       11272  strumu    3.00   1
/Users/lzj/bss/201512/20151213/d7370.0439.fits  0439       11272  strumu   40.00   1
/Users/lzj/bss/201512/20151213/d7370.0440.fits  0440       10910  strumu    3.00   1
/Users/lzj/bss/201512/20151213/d7370.0441.fits  0441       10910  strumu   40.00   1
/Users/lzj/bss/201512/20151213/d7370.0442.fits  0442       11273  strumu    3.00   1
/Users/lzj/bss/201512/20151213/d7370.0443.fits  0443       11273  strumu   40.00   1
/Users/lzj/bss/201512/20151213/d7370.0444.fits  0444       10911  strumu    3.00   1
/Users/lzj/bss/201512/20151213/d7370.0445.fits  0445       10911  strumu   40.00   1
/Users/lzj/bss/201512/20151213/d7370.0446.fits  0446       11274  strumu    3.00   1
/Users/lzj/bss/201512/20151213/d7370.0447.fits  0447       11274  strumu   40.00   1
/Users/lzj/bss/201512/20151213/d7370.0448.fits  0448       13763  strumu    3.00   1
/Users/lzj/bss/201512/20151213/d7370.0449.fits  0449       13763  strumu   40.00   1
