/Users/lzj/bss/201512/20151205/d7362.0019.fits  0019       10763  strumv    3.00   1
/Users/lzj/bss/201512/20151205/d7362.0020.fits  0020       10763  strumv   40.00   1
/Users/lzj/bss/201512/20151205/d7362.0021.fits  0021       10764  strumv    3.00   1
/Users/lzj/bss/201512/20151205/d7362.0022.fits  0022       10764  strumv   40.00   1
/Users/lzj/bss/201512/20151205/d7362.0023.fits  0023       10763  strumu    3.00   1
/Users/lzj/bss/201512/20151205/d7362.0024.fits  0024       10763  strumu   40.00   1
/Users/lzj/bss/201512/20151205/d7362.0025.fits  0025       10764  strumu    3.00   1
/Users/lzj/bss/201512/20151205/d7362.0026.fits  0026       10764  strumu   40.00   1
/Users/lzj/bss/201512/20151205/d7362.0028.fits  0028       10765  strumu    3.00   1
/Users/lzj/bss/201512/20151205/d7362.0029.fits  0029       10765  strumu   40.00   1
/Users/lzj/bss/201512/20151205/d7362.0030.fits  0030       10766  strumu    3.00   1
/Users/lzj/bss/201512/20151205/d7362.0031.fits  0031       10766  strumu   40.00   1
/Users/lzj/bss/201512/20151205/d7362.0032.fits  0032       10767  strumu    3.00   1
/Users/lzj/bss/201512/20151205/d7362.0033.fits  0033       10767  strumu   40.00   1
/Users/lzj/bss/201512/20151205/d7362.0034.fits  0034       11129  strumu    3.00   1
/Users/lzj/bss/201512/20151205/d7362.0035.fits  0035       11129  strumu   40.00   1
/Users/lzj/bss/201512/20151205/d7362.0036.fits  0036       10768  strumu    3.00   1
/Users/lzj/bss/201512/20151205/d7362.0037.fits  0037       10768  strumu   40.00   1
/Users/lzj/bss/201512/20151205/d7362.0038.fits  0038       11130  strumu    3.00   1
/Users/lzj/bss/201512/20151205/d7362.0039.fits  0039       11130  strumu   40.00   1
/Users/lzj/bss/201512/20151205/d7362.0040.fits  0040   J0112_p01   zheng  900.00   1
/Users/lzj/bss/201512/20151205/d7362.0041.fits  0041   J0112_p02   zheng  900.00   1
/Users/lzj/bss/201512/20151205/d7362.0042.fits  0042   J0112_p03   zheng  900.00   1
/Users/lzj/bss/201512/20151205/d7362.0043.fits  0043   J0112_p04   zheng  900.00   1
/Users/lzj/bss/201512/20151205/d7362.0044.fits  0044   J0112_p05   zheng  900.00   1
/Users/lzj/bss/201512/20151205/d7362.0047.fits  0047   J0112_p01   zheng  900.00   1
/Users/lzj/bss/201512/20151205/d7362.0048.fits  0048   J0112_p02   zheng  900.00   1
/Users/lzj/bss/201512/20151205/d7362.0051.fits  0051       10808  strumv    3.00   1
/Users/lzj/bss/201512/20151205/d7362.0052.fits  0052       10808  strumv   40.00   1
/Users/lzj/bss/201512/20151205/d7362.0053.fits  0053       10809  strumv    3.00   1
/Users/lzj/bss/201512/20151205/d7362.0054.fits  0054       10809  strumv   40.00   1
/Users/lzj/bss/201512/20151205/d7362.0055.fits  0055       10808  strumu    3.00   1
/Users/lzj/bss/201512/20151205/d7362.0056.fits  0056       10808  strumu   40.00   1
/Users/lzj/bss/201512/20151205/d7362.0057.fits  0057       10809  strumu    3.00   1
/Users/lzj/bss/201512/20151205/d7362.0058.fits  0058       10809  strumu   40.00   1
/Users/lzj/bss/201512/20151205/d7362.0059.fits  0059       10810  strumu    3.00   1
/Users/lzj/bss/201512/20151205/d7362.0060.fits  0060       10810  strumu   40.00   1
/Users/lzj/bss/201512/20151205/d7362.0061.fits  0061       10811  strumu    3.00   1
/Users/lzj/bss/201512/20151205/d7362.0062.fits  0062       10811  strumu   40.00   1
/Users/lzj/bss/201512/20151205/d7362.0063.fits  0063       10450  strumu    3.00   1
/Users/lzj/bss/201512/20151205/d7362.0064.fits  0064       10450  strumu   40.00   1
/Users/lzj/bss/201512/20151205/d7362.0065.fits  0065       10451  strumu    3.00   1
/Users/lzj/bss/201512/20151205/d7362.0066.fits  0066       10451  strumu   40.00   1
/Users/lzj/bss/201512/20151205/d7362.0067.fits  0067       10452  strumu    3.00   1
/Users/lzj/bss/201512/20151205/d7362.0068.fits  0068       10452  strumu   40.00   1
/Users/lzj/bss/201512/20151205/d7362.0069.fits  0069       10453  strumu    3.00   1
/Users/lzj/bss/201512/20151205/d7362.0070.fits  0070       10453  strumu   40.00   1
/Users/lzj/bss/201512/20151205/d7362.0071.fits  0071       10454  strumu    3.00   1
/Users/lzj/bss/201512/20151205/d7362.0072.fits  0072       10454  strumu   40.00   1
/Users/lzj/bss/201512/20151205/d7362.0073.fits  0073       10455  strumu    3.00   1
/Users/lzj/bss/201512/20151205/d7362.0074.fits  0074       10455  strumu   40.00   1
/Users/lzj/bss/201512/20151205/d7362.0075.fits  0075       10819  strumu    3.00   1
/Users/lzj/bss/201512/20151205/d7362.0076.fits  0076       10819  strumu   40.00   1
/Users/lzj/bss/201512/20151205/d7362.0077.fits  0077       10456  strumu    3.00   1
/Users/lzj/bss/201512/20151205/d7362.0078.fits  0078       10456  strumu   40.00   1
/Users/lzj/bss/201512/20151205/d7362.0079.fits  0079       10820  strumu    3.00   1
/Users/lzj/bss/201512/20151205/d7362.0080.fits  0080       10820  strumu   40.00   1
/Users/lzj/bss/201512/20151205/d7362.0081.fits  0081       10457  strumu    3.00   1
/Users/lzj/bss/201512/20151205/d7362.0082.fits  0082       10457  strumu   40.00   1
/Users/lzj/bss/201512/20151205/d7362.0083.fits  0083       10821  strumu    3.00   1
/Users/lzj/bss/201512/20151205/d7362.0084.fits  0084       10821  strumu   40.00   1
/Users/lzj/bss/201512/20151205/d7362.0085.fits  0085       10458  strumu    3.00   1
/Users/lzj/bss/201512/20151205/d7362.0086.fits  0086       10458  strumu   40.00   1
/Users/lzj/bss/201512/20151205/d7362.0087.fits  0087       10822  strumu    3.00   1
/Users/lzj/bss/201512/20151205/d7362.0088.fits  0088       10822  strumu   40.00   1
/Users/lzj/bss/201512/20151205/d7362.0089.fits  0089       10459  strumu    3.00   1
/Users/lzj/bss/201512/20151205/d7362.0090.fits  0090       10459  strumu   40.00   1
/Users/lzj/bss/201512/20151205/d7362.0091.fits  0091       10823  strumu    3.00   1
/Users/lzj/bss/201512/20151205/d7362.0092.fits  0092       10823  strumu   40.00   1
/Users/lzj/bss/201512/20151205/d7362.0093.fits  0093       10460  strumu    3.00   1
/Users/lzj/bss/201512/20151205/d7362.0094.fits  0094       10460  strumu   40.00   1
/Users/lzj/bss/201512/20151205/d7362.0095.fits  0095       10824  strumu    3.00   1
/Users/lzj/bss/201512/20151205/d7362.0096.fits  0096       10824  strumu   40.00   1
/Users/lzj/bss/201512/20151205/d7362.0097.fits  0097       10461  strumu    3.00   1
/Users/lzj/bss/201512/20151205/d7362.0098.fits  0098       10461  strumu   40.00   1
/Users/lzj/bss/201512/20151205/d7362.0099.fits  0099       10825  strumu    3.00   1
/Users/lzj/bss/201512/20151205/d7362.0100.fits  0100       10825  strumu   40.00   1
/Users/lzj/bss/201512/20151205/d7362.0101.fits  0101       10462  strumu    3.00   1
/Users/lzj/bss/201512/20151205/d7362.0102.fits  0102       10462  strumu   40.00   1
/Users/lzj/bss/201512/20151205/d7362.0103.fits  0103       10463  strumu    3.00   1
/Users/lzj/bss/201512/20151205/d7362.0104.fits  0104       10463  strumu   40.00   1
/Users/lzj/bss/201512/20151205/d7362.0105.fits  0105       10464  strumu    3.00   1
/Users/lzj/bss/201512/20151205/d7362.0106.fits  0106       10464  strumu   40.00   1
/Users/lzj/bss/201512/20151205/d7362.0107.fits  0107       10465  strumu    3.00   1
/Users/lzj/bss/201512/20151205/d7362.0108.fits  0108       10465  strumu   40.00   1
/Users/lzj/bss/201512/20151205/d7362.0109.fits  0109       10466  strumu    3.00   1
/Users/lzj/bss/201512/20151205/d7362.0110.fits  0110       10466  strumu   40.00   1
/Users/lzj/bss/201512/20151205/d7362.0111.fits  0111       10467  strumu    3.00   1
/Users/lzj/bss/201512/20151205/d7362.0112.fits  0112       10467  strumu   40.00   1
/Users/lzj/bss/201512/20151205/d7362.0113.fits  0113       10468  strumu    3.00   1
/Users/lzj/bss/201512/20151205/d7362.0114.fits  0114       10468  strumu   40.00   1
/Users/lzj/bss/201512/20151205/d7362.0115.fits  0115       10469  strumu    3.00   1
/Users/lzj/bss/201512/20151205/d7362.0116.fits  0116       10469  strumu   40.00   1
/Users/lzj/bss/201512/20151205/d7362.0117.fits  0117       10470  strumu    3.00   1
/Users/lzj/bss/201512/20151205/d7362.0118.fits  0118       10470  strumu   40.00   1
/Users/lzj/bss/201512/20151205/d7362.0119.fits  0119       10471  strumu    3.00   1
/Users/lzj/bss/201512/20151205/d7362.0120.fits  0120       10471  strumu   40.00   1
/Users/lzj/bss/201512/20151205/d7362.0121.fits  0121       10472  strumu    3.00   1
/Users/lzj/bss/201512/20151205/d7362.0122.fits  0122       10472  strumu   40.00   1
/Users/lzj/bss/201512/20151205/d7362.0123.fits  0123       10473  strumu    3.00   1
/Users/lzj/bss/201512/20151205/d7362.0124.fits  0124       10473  strumu   40.00   1
/Users/lzj/bss/201512/20151205/d7362.0125.fits  0125       10474  strumu    3.00   1
/Users/lzj/bss/201512/20151205/d7362.0126.fits  0126       10474  strumu   40.00   1
/Users/lzj/bss/201512/20151205/d7362.0127.fits  0127       10475  strumu    3.00   1
/Users/lzj/bss/201512/20151205/d7362.0128.fits  0128       10475  strumu   40.00   1
/Users/lzj/bss/201512/20151205/d7362.0129.fits  0129       10476  strumu    3.00   1
/Users/lzj/bss/201512/20151205/d7362.0130.fits  0130       10476  strumu   40.00   1
/Users/lzj/bss/201512/20151205/d7362.0131.fits  0131       10477  strumu    3.00   1
/Users/lzj/bss/201512/20151205/d7362.0132.fits  0132       10477  strumu   40.00   1
/Users/lzj/bss/201512/20151205/d7362.0133.fits  0133       10478  strumu    3.00   1
/Users/lzj/bss/201512/20151205/d7362.0134.fits  0134       10478  strumu   40.00   1
/Users/lzj/bss/201512/20151205/d7362.0139.fits  0139       10479  strumu    3.00   1
/Users/lzj/bss/201512/20151205/d7362.0140.fits  0140       10479  strumu   40.00   1
/Users/lzj/bss/201512/20151205/d7362.0141.fits  0141       11205  strumu    3.00   1
/Users/lzj/bss/201512/20151205/d7362.0142.fits  0142       11205  strumu   40.00   1
/Users/lzj/bss/201512/20151205/d7362.0143.fits  0143       10480  strumu    3.00   1
/Users/lzj/bss/201512/20151205/d7362.0144.fits  0144       10480  strumu   40.00   1
/Users/lzj/bss/201512/20151205/d7362.0145.fits  0145       11206  strumu    3.00   1
/Users/lzj/bss/201512/20151205/d7362.0146.fits  0146       11206  strumu   40.00   1
/Users/lzj/bss/201512/20151205/d7362.0147.fits  0147       10481  strumu    3.00   1
/Users/lzj/bss/201512/20151205/d7362.0148.fits  0148       10481  strumu   40.00   1
/Users/lzj/bss/201512/20151205/d7362.0149.fits  0149       11207  strumu    3.00   1
/Users/lzj/bss/201512/20151205/d7362.0150.fits  0150       11207  strumu   40.00   1
/Users/lzj/bss/201512/20151205/d7362.0151.fits  0151       10482  strumu    3.00   1
/Users/lzj/bss/201512/20151205/d7362.0152.fits  0152       10482  strumu   40.00   1
/Users/lzj/bss/201512/20151205/d7362.0153.fits  0153       11208  strumu    3.00   1
/Users/lzj/bss/201512/20151205/d7362.0154.fits  0154       11208  strumu   40.00   1
/Users/lzj/bss/201512/20151205/d7362.0155.fits  0155       10483  strumu    3.00   1
/Users/lzj/bss/201512/20151205/d7362.0156.fits  0156       10483  strumu   40.00   1
/Users/lzj/bss/201512/20151205/d7362.0157.fits  0157       11209  strumu    3.00   1
/Users/lzj/bss/201512/20151205/d7362.0158.fits  0158       11209  strumu   40.00   1
/Users/lzj/bss/201512/20151205/d7362.0159.fits  0159       10484  strumu    3.00   1
/Users/lzj/bss/201512/20151205/d7362.0160.fits  0160       10484  strumu   40.00   1
/Users/lzj/bss/201512/20151205/d7362.0161.fits  0161       11210  strumu    3.00   1
/Users/lzj/bss/201512/20151205/d7362.0162.fits  0162       11210  strumu   40.00   1
/Users/lzj/bss/201512/20151205/d7362.0163.fits  0163       11571  strumu    3.00   1
/Users/lzj/bss/201512/20151205/d7362.0164.fits  0164       11571  strumu   40.00   1
/Users/lzj/bss/201512/20151205/d7362.0165.fits  0165       11211  strumu    3.00   1
/Users/lzj/bss/201512/20151205/d7362.0166.fits  0166       11211  strumu   40.00   1
/Users/lzj/bss/201512/20151205/d7362.0167.fits  0167       11572  strumu    3.00   1
/Users/lzj/bss/201512/20151205/d7362.0168.fits  0168       11572  strumu   40.00   1
/Users/lzj/bss/201512/20151205/d7362.0169.fits  0169       11573  strumu    3.00   1
/Users/lzj/bss/201512/20151205/d7362.0170.fits  0170       11573  strumu   40.00   1
/Users/lzj/bss/201512/20151205/d7362.0171.fits  0171       11574  strumu    3.00   1
/Users/lzj/bss/201512/20151205/d7362.0172.fits  0172       11574  strumu   40.00   1
/Users/lzj/bss/201512/20151205/d7362.0173.fits  0173       11575  strumu    3.00   1
/Users/lzj/bss/201512/20151205/d7362.0174.fits  0174       11575  strumu   40.00   1
/Users/lzj/bss/201512/20151205/d7362.0175.fits  0175       11576  strumu    3.00   1
/Users/lzj/bss/201512/20151205/d7362.0176.fits  0176       11576  strumu   40.00   1
/Users/lzj/bss/201512/20151205/d7362.0177.fits  0177       10854  strumu    3.00   1
/Users/lzj/bss/201512/20151205/d7362.0178.fits  0178       10854  strumu   40.00   1
/Users/lzj/bss/201512/20151205/d7362.0179.fits  0179       11577  strumu    3.00   1
/Users/lzj/bss/201512/20151205/d7362.0180.fits  0180       11577  strumu   40.00   1
/Users/lzj/bss/201512/20151205/d7362.0181.fits  0181       10855  strumu    3.00   1
/Users/lzj/bss/201512/20151205/d7362.0182.fits  0182       10855  strumu   40.00   1
/Users/lzj/bss/201512/20151205/d7362.0183.fits  0183       10492  strumu    3.00   1
/Users/lzj/bss/201512/20151205/d7362.0184.fits  0184       10492  strumu   40.00   1
/Users/lzj/bss/201512/20151205/d7362.0185.fits  0185       10856  strumu    3.00   1
/Users/lzj/bss/201512/20151205/d7362.0186.fits  0186       10856  strumu   40.00   1
/Users/lzj/bss/201512/20151205/d7362.0187.fits  0187       11578  strumu    3.00   1
/Users/lzj/bss/201512/20151205/d7362.0188.fits  0188       11578  strumu   40.00   1
/Users/lzj/bss/201512/20151205/d7362.0189.fits  0189       10493  strumu    3.00   1
/Users/lzj/bss/201512/20151205/d7362.0190.fits  0190       10493  strumu   40.00   1
/Users/lzj/bss/201512/20151205/d7362.0191.fits  0191       10857  strumu    3.00   1
/Users/lzj/bss/201512/20151205/d7362.0192.fits  0192       10857  strumu   40.00   1
/Users/lzj/bss/201512/20151205/d7362.0193.fits  0193       10494  strumu    3.00   1
/Users/lzj/bss/201512/20151205/d7362.0194.fits  0194       10494  strumu   40.00   1
/Users/lzj/bss/201512/20151205/d7362.0195.fits  0195       10858  strumu    3.00   1
/Users/lzj/bss/201512/20151205/d7362.0196.fits  0196       10858  strumu   40.00   1
/Users/lzj/bss/201512/20151205/d7362.0197.fits  0197       10495  strumu    3.00   1
/Users/lzj/bss/201512/20151205/d7362.0198.fits  0198       10495  strumu   40.00   1
/Users/lzj/bss/201512/20151205/d7362.0199.fits  0199       11579  strumu    3.00   1
/Users/lzj/bss/201512/20151205/d7362.0200.fits  0200       11579  strumu   40.00   1
/Users/lzj/bss/201512/20151205/d7362.0201.fits  0201       11580  strumu    3.00   1
/Users/lzj/bss/201512/20151205/d7362.0202.fits  0202       11580  strumu   40.00   1
/Users/lzj/bss/201512/20151205/d7362.0203.fits  0203       10859  strumu    3.00   1
/Users/lzj/bss/201512/20151205/d7362.0204.fits  0204       10859  strumu   40.00   1
/Users/lzj/bss/201512/20151205/d7362.0205.fits  0205       10496  strumu    3.00   1
/Users/lzj/bss/201512/20151205/d7362.0206.fits  0206       10496  strumu   40.00   1
/Users/lzj/bss/201512/20151205/d7362.0207.fits  0207       11581  strumu    3.00   1
/Users/lzj/bss/201512/20151205/d7362.0208.fits  0208       11581  strumu   40.00   1
/Users/lzj/bss/201512/20151205/d7362.0209.fits  0209       10860  strumu    3.00   1
/Users/lzj/bss/201512/20151205/d7362.0210.fits  0210       10860  strumu   40.00   1
/Users/lzj/bss/201512/20151205/d7362.0211.fits  0211       10497  strumu    3.00   1
/Users/lzj/bss/201512/20151205/d7362.0212.fits  0212       10497  strumu   40.00   1
/Users/lzj/bss/201512/20151205/d7362.0213.fits  0213       11582  strumu    3.00   1
/Users/lzj/bss/201512/20151205/d7362.0214.fits  0214       11582  strumu   40.00   1
/Users/lzj/bss/201512/20151205/d7362.0215.fits  0215       10861  strumu    3.00   1
/Users/lzj/bss/201512/20151205/d7362.0216.fits  0216       10861  strumu   40.00   1
/Users/lzj/bss/201512/20151205/d7362.0217.fits  0217       10498  strumu    3.00   1
/Users/lzj/bss/201512/20151205/d7362.0218.fits  0218       10498  strumu   40.00   1
/Users/lzj/bss/201512/20151205/d7362.0220.fits  0220       11583  strumv    3.00   1
/Users/lzj/bss/201512/20151205/d7362.0221.fits  0221       11583  strumv   40.00   1
/Users/lzj/bss/201512/20151205/d7362.0222.fits  0222       10862  strumv    3.00   1
/Users/lzj/bss/201512/20151205/d7362.0223.fits  0223       10862  strumv   40.00   1
/Users/lzj/bss/201512/20151205/d7362.0224.fits  0224       11583  strumu    3.00   1
/Users/lzj/bss/201512/20151205/d7362.0225.fits  0225       11583  strumu   40.00   1
/Users/lzj/bss/201512/20151205/d7362.0226.fits  0226       10862  strumu    3.00   1
/Users/lzj/bss/201512/20151205/d7362.0227.fits  0227       10862  strumu   40.00   1
/Users/lzj/bss/201512/20151205/d7362.0228.fits  0228       10499  strumu    3.00   1
/Users/lzj/bss/201512/20151205/d7362.0229.fits  0229       10499  strumu   40.00   1
/Users/lzj/bss/201512/20151205/d7362.0230.fits  0230       11584  strumu    3.00   1
/Users/lzj/bss/201512/20151205/d7362.0231.fits  0231       11584  strumu   40.00   1
/Users/lzj/bss/201512/20151205/d7362.0232.fits  0232       10863  strumu    3.00   1
/Users/lzj/bss/201512/20151205/d7362.0233.fits  0233       10863  strumu   40.00   1
/Users/lzj/bss/201512/20151205/d7362.0234.fits  0234       10500  strumu    3.00   1
/Users/lzj/bss/201512/20151205/d7362.0235.fits  0235       10500  strumu   40.00   1
/Users/lzj/bss/201512/20151205/d7362.0236.fits  0236       10864  strumu    3.00   1
/Users/lzj/bss/201512/20151205/d7362.0237.fits  0237       10864  strumu   40.00   1
/Users/lzj/bss/201512/20151205/d7362.0238.fits  0238       10501  strumu    3.00   1
/Users/lzj/bss/201512/20151205/d7362.0239.fits  0239       10501  strumu   40.00   1
/Users/lzj/bss/201512/20151205/d7362.0240.fits  0240       10865  strumu    3.00   1
/Users/lzj/bss/201512/20151205/d7362.0241.fits  0241       10865  strumu   40.00   1
/Users/lzj/bss/201512/20151205/d7362.0242.fits  0242       10502  strumu    3.00   1
/Users/lzj/bss/201512/20151205/d7362.0243.fits  0243       10502  strumu   40.00   1
/Users/lzj/bss/201512/20151205/d7362.0244.fits  0244       10866  strumu    3.00   1
/Users/lzj/bss/201512/20151205/d7362.0245.fits  0245       10866  strumu   40.00   1
/Users/lzj/bss/201512/20151205/d7362.0246.fits  0246       10503  strumu    3.00   1
/Users/lzj/bss/201512/20151205/d7362.0247.fits  0247       10503  strumu   40.00   1
/Users/lzj/bss/201512/20151205/d7362.0248.fits  0248       10867  strumu    3.00   1
/Users/lzj/bss/201512/20151205/d7362.0249.fits  0249       10867  strumu   40.00   1
/Users/lzj/bss/201512/20151205/d7362.0250.fits  0250       10504  strumu    3.00   1
/Users/lzj/bss/201512/20151205/d7362.0251.fits  0251       10504  strumu   40.00   1
/Users/lzj/bss/201512/20151205/d7362.0252.fits  0252       10868  strumu    3.00   1
/Users/lzj/bss/201512/20151205/d7362.0253.fits  0253       10868  strumu   40.00   1
/Users/lzj/bss/201512/20151205/d7362.0254.fits  0254       10505  strumu    3.00   1
/Users/lzj/bss/201512/20151205/d7362.0255.fits  0255       10505  strumu   40.00   1
/Users/lzj/bss/201512/20151205/d7362.0256.fits  0256       10869  strumu    3.00   1
/Users/lzj/bss/201512/20151205/d7362.0257.fits  0257       10869  strumu   40.00   1
/Users/lzj/bss/201512/20151205/d7362.0258.fits  0258       10506  strumu    3.00   1
/Users/lzj/bss/201512/20151205/d7362.0259.fits  0259       10506  strumu   40.00   1
/Users/lzj/bss/201512/20151205/d7362.0260.fits  0260       10870  strumu    3.00   1
/Users/lzj/bss/201512/20151205/d7362.0261.fits  0261       10870  strumu   40.00   1
/Users/lzj/bss/201512/20151205/d7362.0262.fits  0262       10507  strumu    3.00   1
/Users/lzj/bss/201512/20151205/d7362.0263.fits  0263       10507  strumu   40.00   1
/Users/lzj/bss/201512/20151205/d7362.0264.fits  0264       10871  strumu    3.00   1
/Users/lzj/bss/201512/20151205/d7362.0265.fits  0265       10871  strumu   40.00   1
/Users/lzj/bss/201512/20151205/d7362.0266.fits  0266       10508  strumu    3.00   1
/Users/lzj/bss/201512/20151205/d7362.0267.fits  0267       10508  strumu   40.00   1
/Users/lzj/bss/201512/20151205/d7362.0268.fits  0268       10872  strumu    3.00   1
/Users/lzj/bss/201512/20151205/d7362.0269.fits  0269       10872  strumu   40.00   1
/Users/lzj/bss/201512/20151205/d7362.0270.fits  0270       10509  strumu    3.00   1
/Users/lzj/bss/201512/20151205/d7362.0271.fits  0271       10509  strumu   40.00   1
/Users/lzj/bss/201512/20151205/d7362.0272.fits  0272       10873  strumu    3.00   1
/Users/lzj/bss/201512/20151205/d7362.0273.fits  0273       10873  strumu   40.00   1
/Users/lzj/bss/201512/20151205/d7362.0274.fits  0274       10510  strumu    3.00   1
/Users/lzj/bss/201512/20151205/d7362.0276.fits  0276         M67  strumu    3.00   1
/Users/lzj/bss/201512/20151205/d7362.0277.fits  0277         M67  strumu   15.00   1
/Users/lzj/bss/201512/20151205/d7362.0278.fits  0278         M67  strumu   50.00   1
/Users/lzj/bss/201512/20151205/d7362.0279.fits  0279         M67  strumv    3.00   1
/Users/lzj/bss/201512/20151205/d7362.0280.fits  0280         M67  strumv   15.00   1
/Users/lzj/bss/201512/20151205/d7362.0281.fits  0281         M67  strumv   50.00   1
/Users/lzj/bss/201512/20151205/d7362.0282.fits  0282     NGC2632  strumu    3.00   1
/Users/lzj/bss/201512/20151205/d7362.0283.fits  0283     NGC2632  strumu   15.00   1
/Users/lzj/bss/201512/20151205/d7362.0284.fits  0284     NGC2632  strumu   50.00   1
/Users/lzj/bss/201512/20151205/d7362.0285.fits  0285     NGC2632  strumv    3.00   1
/Users/lzj/bss/201512/20151205/d7362.0286.fits  0286     NGC2632  strumv   15.00   1
/Users/lzj/bss/201512/20151205/d7362.0287.fits  0287     NGC2632  strumv   50.00   1
/Users/lzj/bss/201512/20151205/d7362.0288.fits  0288         M67  strumu    3.00   1
/Users/lzj/bss/201512/20151205/d7362.0289.fits  0289         M67  strumu   15.00   1
/Users/lzj/bss/201512/20151205/d7362.0290.fits  0290         M67  strumu   50.00   1
/Users/lzj/bss/201512/20151205/d7362.0291.fits  0291         M67  strumv    3.00   1
/Users/lzj/bss/201512/20151205/d7362.0292.fits  0292         M67  strumv   15.00   1
/Users/lzj/bss/201512/20151205/d7362.0293.fits  0293         M67  strumv   50.00   1
/Users/lzj/bss/201512/20151205/d7362.0294.fits  0294     NGC2632  strumu    3.00   1
/Users/lzj/bss/201512/20151205/d7362.0295.fits  0295     NGC2632  strumu   15.00   1
/Users/lzj/bss/201512/20151205/d7362.0296.fits  0296     NGC2632  strumu   50.00   1
/Users/lzj/bss/201512/20151205/d7362.0297.fits  0297     NGC2632  strumv    3.00   1
/Users/lzj/bss/201512/20151205/d7362.0298.fits  0298     NGC2632  strumv   15.00   1
/Users/lzj/bss/201512/20151205/d7362.0299.fits  0299     NGC2632  strumv   50.00   1
/Users/lzj/bss/201512/20151205/d7362.0300.fits  0300       10881  strumv    3.00   1
/Users/lzj/bss/201512/20151205/d7362.0301.fits  0301       10881  strumv   40.00   1
/Users/lzj/bss/201512/20151205/d7362.0302.fits  0302       10518  strumv    3.00   1
/Users/lzj/bss/201512/20151205/d7362.0303.fits  0303       10518  strumv   40.00   1
/Users/lzj/bss/201512/20151205/d7362.0304.fits  0304       10881  strumu    3.00   1
/Users/lzj/bss/201512/20151205/d7362.0305.fits  0305       10881  strumu   40.00   1
/Users/lzj/bss/201512/20151205/d7362.0306.fits  0306       10518  strumu    3.00   1
/Users/lzj/bss/201512/20151205/d7362.0307.fits  0307       10518  strumu   40.00   1
/Users/lzj/bss/201512/20151205/d7362.0308.fits  0308       10519  strumu    3.00   1
/Users/lzj/bss/201512/20151205/d7362.0309.fits  0309       10510  strumu    3.00   1
/Users/lzj/bss/201512/20151205/d7362.0310.fits  0310       10510  strumu   40.00   1
/Users/lzj/bss/201512/20151205/d7362.0311.fits  0311       10519  strumu    3.00   1
/Users/lzj/bss/201512/20151205/d7362.0312.fits  0312       10519  strumu   40.00   1
/Users/lzj/bss/201512/20151205/d7362.0313.fits  0313       10520  strumu    3.00   1
/Users/lzj/bss/201512/20151205/d7362.0314.fits  0314       10520  strumu   40.00   1
/Users/lzj/bss/201512/20151205/d7362.0315.fits  0315       10521  strumu    3.00   1
/Users/lzj/bss/201512/20151205/d7362.0316.fits  0316       10521  strumu   40.00   1
/Users/lzj/bss/201512/20151205/d7362.0317.fits  0317       10522  strumu    3.00   1
/Users/lzj/bss/201512/20151205/d7362.0318.fits  0318       10522  strumu   40.00   1
/Users/lzj/bss/201512/20151205/d7362.0319.fits  0319       10523  strumu    3.00   1
/Users/lzj/bss/201512/20151205/d7362.0320.fits  0320       10523  strumu   40.00   1
/Users/lzj/bss/201512/20151205/d7362.0321.fits  0321       10524  strumu    3.00   1
/Users/lzj/bss/201512/20151205/d7362.0322.fits  0322       10524  strumu   40.00   1
