0172   OBJECT       3703        g  40.0  20.00729 +10.00000 /data/raw/XAO/201608/20160803/sage_survey/3703/3703_g_20160803202213_40s_0172.fits
0177   OBJECT       3703        r  40.0  20.00729 +10.00000 /data/raw/XAO/201608/20160803/sage_survey/3703/3703_r_20160803203045_40s_0177.fits
0173   OBJECT       3704        g  40.0  20.07499 +10.00000 /data/raw/XAO/201608/20160803/sage_survey/3704/3704_g_20160803202357_40s_0173.fits
0178   OBJECT       3704        r  40.0  20.07499 +10.00000 /data/raw/XAO/201608/20160803/sage_survey/3704/3704_r_20160803203244_40s_0178.fits
0174   OBJECT       3705        g  40.0  20.14268 +10.00000 /data/raw/XAO/201608/20160803/sage_survey/3705/3705_g_20160803202531_40s_0174.fits
0179   OBJECT       3705        r  40.0  20.14268 +10.00000 /data/raw/XAO/201608/20160803/sage_survey/3705/3705_r_20160803203418_40s_0179.fits
0175   OBJECT       3706        g  40.0  20.21037 +10.00000 /data/raw/XAO/201608/20160803/sage_survey/3706/3706_g_20160803202715_40s_0175.fits
0180   OBJECT       3706        r  40.0  20.21037 +10.00000 /data/raw/XAO/201608/20160803/sage_survey/3706/3706_r_20160803203603_40s_0180.fits
0176   OBJECT       3707        g  40.0  20.27807 +10.00000 /data/raw/XAO/201608/20160803/sage_survey/3707/3707_g_20160803202859_40s_0176.fits
0181   OBJECT       3707        r  40.0  20.27807 +10.00000 /data/raw/XAO/201608/20160803/sage_survey/3707/3707_r_20160803203746_40s_0181.fits
0182   OBJECT       3708        g  40.0  20.34577 +10.00000 /data/raw/XAO/201608/20160803/sage_survey/3708/3708_g_20160803203934_40s_0182.fits
0187   OBJECT       3708        r  40.0  20.34577 +10.00000 /data/raw/XAO/201608/20160803/sage_survey/3708/3708_r_20160803204808_40s_0187.fits
0183   OBJECT       3709        g  40.0  20.41346 +10.00000 /data/raw/XAO/201608/20160803/sage_survey/3709/3709_g_20160803204119_40s_0183.fits
0188   OBJECT       3709        r  40.0  20.41346 +10.00000 /data/raw/XAO/201608/20160803/sage_survey/3709/3709_r_20160803204952_40s_0188.fits
0184   OBJECT       3710        g  40.0  20.48115 +10.00000 /data/raw/XAO/201608/20160803/sage_survey/3710/3710_g_20160803204303_40s_0184.fits
0189   OBJECT       3710        r  40.0  20.48115 +10.00000 /data/raw/XAO/201608/20160803/sage_survey/3710/3710_r_20160803205136_40s_0189.fits
0185   OBJECT       3711        g  40.0  20.54884 +10.00000 /data/raw/XAO/201608/20160803/sage_survey/3711/3711_g_20160803204437_40s_0185.fits
0190   OBJECT       3711        r  40.0  20.54884 +10.00000 /data/raw/XAO/201608/20160803/sage_survey/3711/3711_r_20160803205310_40s_0190.fits
0186   OBJECT       3712        g  40.0  20.61654 +10.00000 /data/raw/XAO/201608/20160803/sage_survey/3712/3712_g_20160803204621_40s_0186.fits
0191   OBJECT       3712        r  40.0  20.61654 +10.00000 /data/raw/XAO/201608/20160803/sage_survey/3712/3712_r_20160803205454_40s_0191.fits
0192   OBJECT       3713        g  40.0  20.68424 +10.00000 /data/raw/XAO/201608/20160803/sage_survey/3713/3713_g_20160803205642_40s_0192.fits
0197   OBJECT       3713        r  40.0  20.68424 +10.00000 /data/raw/XAO/201608/20160803/sage_survey/3713/3713_r_20160803210544_40s_0197.fits
0193   OBJECT       3714        g  40.0  20.75193 +10.00000 /data/raw/XAO/201608/20160803/sage_survey/3714/3714_g_20160803205826_40s_0193.fits
0198   OBJECT       3714        r  40.0  20.75193 +10.00000 /data/raw/XAO/201608/20160803/sage_survey/3714/3714_r_20160803210729_40s_0198.fits
0194   OBJECT       3715        g  40.0  20.81963 +10.00000 /data/raw/XAO/201608/20160803/sage_survey/3715/3715_g_20160803210000_40s_0194.fits
0199   OBJECT       3715        r  40.0  20.81963 +10.00000 /data/raw/XAO/201608/20160803/sage_survey/3715/3715_r_20160803210903_40s_0199.fits
0195   OBJECT       3716        g  40.0  20.88733 +10.00000 /data/raw/XAO/201608/20160803/sage_survey/3716/3716_g_20160803210145_40s_0195.fits
0200   OBJECT       3716        r  40.0  20.88733 +10.00000 /data/raw/XAO/201608/20160803/sage_survey/3716/3716_r_20160803211047_40s_0200.fits
0196   OBJECT       3717        g  40.0  20.95502 +10.00000 /data/raw/XAO/201608/20160803/sage_survey/3717/3717_g_20160803210329_40s_0196.fits
0201   OBJECT       3717        r  40.0  20.95502 +10.00000 /data/raw/XAO/201608/20160803/sage_survey/3717/3717_r_20160803211230_40s_0201.fits
0139   OBJECT       4012        r  40.0  20.07211 +11.00000 /data/raw/XAO/201608/20160803/sage_survey/4012/4012_r_20160803192252_40s_0139.fits
0135   OBJECT       4013        g  40.0  20.14003 +11.00000 /data/raw/XAO/201608/20160803/sage_survey/4013/4013_g_20160803191602_40s_0135.fits
0140   OBJECT       4013        r  40.0  20.14003 +11.00000 /data/raw/XAO/201608/20160803/sage_survey/4013/4013_r_20160803192426_40s_0140.fits
0134   OBJECT       4014        g  40.0  20.20794 +11.00000 /data/raw/XAO/201608/20160803/sage_survey/4014/4014_g_20160803191508_40s_0134.fits
0136   OBJECT       4014        g  40.0  20.20794 +11.00000 /data/raw/XAO/201608/20160803/sage_survey/4014/4014_g_20160803191746_40s_0136.fits
0141   OBJECT       4014        r  40.0  20.20794 +11.00000 /data/raw/XAO/201608/20160803/sage_survey/4014/4014_r_20160803192608_40s_0141.fits
0137   OBJECT       4015        g  40.0  20.27586 +11.00000 /data/raw/XAO/201608/20160803/sage_survey/4015/4015_g_20160803191929_40s_0137.fits
0142   OBJECT       4015        r  40.0  20.27586 +11.00000 /data/raw/XAO/201608/20160803/sage_survey/4015/4015_r_20160803192751_40s_0142.fits
0138   OBJECT       4016        g  40.0  20.34377 +11.00000 /data/raw/XAO/201608/20160803/sage_survey/4016/4016_g_20160803192104_40s_0138.fits
0143   OBJECT       4016        r  40.0  20.34377 +11.00000 /data/raw/XAO/201608/20160803/sage_survey/4016/4016_r_20160803192925_40s_0143.fits
0212   OBJECT       4017        g  40.0  20.41169 +11.00000 /data/raw/XAO/201608/20160803/sage_survey/4017/4017_g_20160803213220_40s_0212.fits
0217   OBJECT       4017        r  40.0  20.41169 +11.00000 /data/raw/XAO/201608/20160803/sage_survey/4017/4017_r_20160803214224_40s_0217.fits
0213   OBJECT       4018        g  40.0  20.47960 +11.00000 /data/raw/XAO/201608/20160803/sage_survey/4018/4018_g_20160803213403_40s_0213.fits
0218   OBJECT       4018        r  40.0  20.47960 +11.00000 /data/raw/XAO/201608/20160803/sage_survey/4018/4018_r_20160803214409_40s_0218.fits
0214   OBJECT       4019        g  40.0  20.54751 +11.00000 /data/raw/XAO/201608/20160803/sage_survey/4019/4019_g_20160803213537_40s_0214.fits
0219   OBJECT       4019        r  40.0  20.54751 +11.00000 /data/raw/XAO/201608/20160803/sage_survey/4019/4019_r_20160803214543_40s_0219.fits
0215   OBJECT       4020        g  40.0  20.61543 +11.00000 /data/raw/XAO/201608/20160803/sage_survey/4020/4020_g_20160803213804_40s_0215.fits
0220   OBJECT       4020        r  40.0  20.61543 +11.00000 /data/raw/XAO/201608/20160803/sage_survey/4020/4020_r_20160803214726_40s_0220.fits
0216   OBJECT       4021        g  40.0  20.68334 +11.00000 /data/raw/XAO/201608/20160803/sage_survey/4021/4021_g_20160803213957_40s_0216.fits
0221   OBJECT       4021        r  40.0  20.68334 +11.00000 /data/raw/XAO/201608/20160803/sage_survey/4021/4021_r_20160803214909_40s_0221.fits
0202   OBJECT       4022        g  40.0  20.75126 +11.00000 /data/raw/XAO/201608/20160803/sage_survey/4022/4022_g_20160803211417_40s_0202.fits
0207   OBJECT       4022        r  40.0  20.75126 +11.00000 /data/raw/XAO/201608/20160803/sage_survey/4022/4022_r_20160803212303_40s_0207.fits
0203   OBJECT       4023        g  40.0  20.81917 +11.00000 /data/raw/XAO/201608/20160803/sage_survey/4023/4023_g_20160803211552_40s_0203.fits
0208   OBJECT       4023        r  40.0  20.81917 +11.00000 /data/raw/XAO/201608/20160803/sage_survey/4023/4023_r_20160803212438_40s_0208.fits
0204   OBJECT       4024        g  40.0  20.88709 +11.00000 /data/raw/XAO/201608/20160803/sage_survey/4024/4024_g_20160803211735_40s_0204.fits
0209   OBJECT       4024        r  40.0  20.88709 +11.00000 /data/raw/XAO/201608/20160803/sage_survey/4024/4024_r_20160803212635_40s_0209.fits
0205   OBJECT       4025        g  40.0  20.95500 +11.00000 /data/raw/XAO/201608/20160803/sage_survey/4025/4025_g_20160803211921_40s_0205.fits
0210   OBJECT       4025        r  40.0  20.95500 +11.00000 /data/raw/XAO/201608/20160803/sage_survey/4025/4025_r_20160803212818_40s_0210.fits
0206   OBJECT       4026        g  40.0  21.02292 +11.00000 /data/raw/XAO/201608/20160803/sage_survey/4026/4026_g_20160803212055_40s_0206.fits
0211   OBJECT       4026        r  40.0  21.02292 +11.00000 /data/raw/XAO/201608/20160803/sage_survey/4026/4026_r_20160803212953_40s_0211.fits
0222   OBJECT       4027        g  40.0  21.09083 +11.00000 /data/raw/XAO/201608/20160803/sage_survey/4027/4027_g_20160803215136_40s_0222.fits
0226   OBJECT       4027        r  40.0  21.09083 +11.00000 /data/raw/XAO/201608/20160803/sage_survey/4027/4027_r_20160803215839_40s_0226.fits
0223   OBJECT       4028        g  40.0  21.15874 +11.00000 /data/raw/XAO/201608/20160803/sage_survey/4028/4028_g_20160803215319_40s_0223.fits
0224   OBJECT       4029        g  40.0  21.22666 +11.00000 /data/raw/XAO/201608/20160803/sage_survey/4029/4029_g_20160803215454_40s_0224.fits
0225   OBJECT       4030        g  40.0  21.29457 +11.00000 /data/raw/XAO/201608/20160803/sage_survey/4030/4030_g_20160803215637_40s_0225.fits
0148   OBJECT       4320        r  40.0  20.07536 +12.00000 /data/raw/XAO/201608/20160803/sage_survey/4320/4320_r_20160803193943_40s_0148.fits
0144   OBJECT       4321        g  40.0  20.14351 +12.00000 /data/raw/XAO/201608/20160803/sage_survey/4321/4321_g_20160803193243_40s_0144.fits
0149   OBJECT       4321        r  40.0  20.14351 +12.00000 /data/raw/XAO/201608/20160803/sage_survey/4321/4321_r_20160803194117_40s_0149.fits
0145   OBJECT       4322        g  40.0  20.21167 +12.00000 /data/raw/XAO/201608/20160803/sage_survey/4322/4322_g_20160803193426_40s_0145.fits
0150   OBJECT       4322        r  40.0  20.21167 +12.00000 /data/raw/XAO/201608/20160803/sage_survey/4322/4322_r_20160803194301_40s_0150.fits
0146   OBJECT       4323        g  40.0  20.27983 +12.00000 /data/raw/XAO/201608/20160803/sage_survey/4323/4323_g_20160803193623_40s_0146.fits
0151   OBJECT       4324        r  40.0  20.34799 +12.00000 /data/raw/XAO/201608/20160803/sage_survey/4323/4323_r_20160803194444_40s_0151.fits
0147   OBJECT       4324        g  40.0  20.34799 +12.00000 /data/raw/XAO/201608/20160803/sage_survey/4324/4324_g_20160803193757_40s_0147.fits
0152   OBJECT       4324        r  40.0  20.34799 +12.00000 /data/raw/XAO/201608/20160803/sage_survey/4324/4324_r_20160803194618_40s_0152.fits
0153   OBJECT       4325        g  40.0  20.41614 +12.00000 /data/raw/XAO/201608/20160803/sage_survey/4325/4325_g_20160803194801_40s_0153.fits
0158   OBJECT       4325        r  40.0  20.41614 +12.00000 /data/raw/XAO/201608/20160803/sage_survey/4325/4325_r_20160803195641_40s_0158.fits
0154   OBJECT       4326        g  40.0  20.48429 +12.00000 /data/raw/XAO/201608/20160803/sage_survey/4326/4326_g_20160803194943_40s_0154.fits
0159   OBJECT       4326        r  40.0  20.48429 +12.00000 /data/raw/XAO/201608/20160803/sage_survey/4326/4326_r_20160803195836_40s_0159.fits
0155   OBJECT       4327        g  40.0  20.55245 +12.00000 /data/raw/XAO/201608/20160803/sage_survey/4327/4327_g_20160803195127_40s_0155.fits
0160   OBJECT       4327        r  40.0  20.55245 +12.00000 /data/raw/XAO/201608/20160803/sage_survey/4327/4327_r_20160803200021_40s_0160.fits
0156   OBJECT       4328        g  40.0  20.62061 +12.00000 /data/raw/XAO/201608/20160803/sage_survey/4328/4328_g_20160803195301_40s_0156.fits
0161   OBJECT       4328        r  40.0  20.62061 +12.00000 /data/raw/XAO/201608/20160803/sage_survey/4328/4328_r_20160803200155_40s_0161.fits
0157   OBJECT       4329        g  40.0  20.68877 +12.00000 /data/raw/XAO/201608/20160803/sage_survey/4329/4329_g_20160803195455_40s_0157.fits
0162   OBJECT       4329        r  40.0  20.68877 +12.00000 /data/raw/XAO/201608/20160803/sage_survey/4329/4329_r_20160803200339_40s_0162.fits
0163   OBJECT       4931        g  40.0  20.16911 +14.00000 /data/raw/XAO/201608/20160803/sage_survey/4931/4931_g_20160803200525_40s_0163.fits
0167   OBJECT       4931        r  40.0  20.16911 +14.00000 /data/raw/XAO/201608/20160803/sage_survey/4931/4931_r_20160803201349_40s_0167.fits
0164   OBJECT       4932        g  40.0  20.23782 +14.00000 /data/raw/XAO/201608/20160803/sage_survey/4932/4932_g_20160803200659_40s_0164.fits
0168   OBJECT       4932        r  40.0  20.23782 +14.00000 /data/raw/XAO/201608/20160803/sage_survey/4932/4932_r_20160803201524_40s_0168.fits
0165   OBJECT       4933        g  40.0  20.30653 +14.00000 /data/raw/XAO/201608/20160803/sage_survey/4933/4933_g_20160803200844_40s_0165.fits
0169   OBJECT       4933        r  40.0  20.30653 +14.00000 /data/raw/XAO/201608/20160803/sage_survey/4933/4933_r_20160803201706_40s_0169.fits
0170   OBJECT       4934        r  40.0  20.37523 +14.00000 /data/raw/XAO/201608/20160803/sage_survey/4934/4934_r_20160803201850_40s_0170.fits
0166   OBJECT       4935        g  40.0  20.44394 +14.00000 /data/raw/XAO/201608/20160803/sage_survey/4935/4935_g_20160803201203_40s_0166.fits
0171   OBJECT       4935        r  40.0  20.44394 +14.00000 /data/raw/XAO/201608/20160803/sage_survey/4935/4935_r_20160803202025_40s_0171.fits
0079   OBJECT      test1        g  10.0  20.06667 +41.00000 /data/raw/XAO/201608/20160803/sage_survey/test1/test1_g_20160803163511_10s_0079.fits
0080   OBJECT      test1        g  10.0  20.06667 +41.00000 /data/raw/XAO/201608/20160803/sage_survey/test1/test1_g_20160803163614_10s_0080.fits
0081   OBJECT      test1        g  20.0  20.06667 +41.00000 /data/raw/XAO/201608/20160803/sage_survey/test1/test1_g_20160803163718_20s_0081.fits
0082   OBJECT      test1        g  20.0  20.06667 +41.00000 /data/raw/XAO/201608/20160803/sage_survey/test1/test1_g_20160803163831_20s_0082.fits
0083   OBJECT      test1        g  30.0  20.06667 +41.00000 /data/raw/XAO/201608/20160803/sage_survey/test1/test1_g_20160803165226_30s_0083.fits
0084   OBJECT      test1        g  30.0  20.06667 +41.00000 /data/raw/XAO/201608/20160803/sage_survey/test1/test1_g_20160803165349_30s_0084.fits
0085   OBJECT      test1        g  40.0  20.06667 +41.00000 /data/raw/XAO/201608/20160803/sage_survey/test1/test1_g_20160803165513_40s_0085.fits
0086   OBJECT      test1        g  40.0  20.06667 +41.00000 /data/raw/XAO/201608/20160803/sage_survey/test1/test1_g_20160803165646_40s_0086.fits
0087   OBJECT      test1        g  60.0  20.06667 +41.00000 /data/raw/XAO/201608/20160803/sage_survey/test1/test1_g_20160803165925_60s_0087.fits
0088   OBJECT      test1        g  60.0  20.06667 +41.00000 /data/raw/XAO/201608/20160803/sage_survey/test1/test1_g_20160803170119_60s_0088.fits
0039   OBJECT      test2        g   3.0  18.06667  +1.00000 /data/raw/XAO/201608/20160803/sage_survey/test2/test2_g_20160803150553_10s_0039.fits
0040   OBJECT      test2        g  10.0  18.06667  +1.00000 /data/raw/XAO/201608/20160803/sage_survey/test2/test2_g_20160803150656_10s_0040.fits
0041   OBJECT      test2        g  20.0  18.06667  +1.00000 /data/raw/XAO/201608/20160803/sage_survey/test2/test2_g_20160803150800_20s_0041.fits
0042   OBJECT      test2        g  20.0  18.06667  +1.00000 /data/raw/XAO/201608/20160803/sage_survey/test2/test2_g_20160803150913_20s_0042.fits
0043   OBJECT      test2        g  30.0  18.06667  +1.00000 /data/raw/XAO/201608/20160803/sage_survey/test2/test2_g_20160803151027_30s_0043.fits
0044   OBJECT      test2        g  30.0  18.06667  +1.00000 /data/raw/XAO/201608/20160803/sage_survey/test2/test2_g_20160803151150_30s_0044.fits
0045   OBJECT      test2        g  40.0  18.06667  +1.00000 /data/raw/XAO/201608/20160803/sage_survey/test2/test2_g_20160803151314_40s_0045.fits
0046   OBJECT      test2        g  40.0  18.06667  +1.00000 /data/raw/XAO/201608/20160803/sage_survey/test2/test2_g_20160803151447_40s_0046.fits
0047   OBJECT      test2        g  60.0  18.06667  +1.00000 /data/raw/XAO/201608/20160803/sage_survey/test2/test2_g_20160803151815_60s_0047.fits
0048   OBJECT      test2        g  60.0  18.06667  +1.00000 /data/raw/XAO/201608/20160803/sage_survey/test2/test2_g_20160803151815_60s_0048.fits
0049   OBJECT      test2        g  90.0  18.06667  +1.00000 /data/raw/XAO/201608/20160803/sage_survey/test2/test2_g_20160803152009_90s_0049.fits
0050   OBJECT      test2        g  90.0  18.06667  +1.00000 /data/raw/XAO/201608/20160803/sage_survey/test2/test2_g_20160803152234_90s_0050.fits
0051   OBJECT      test2        g 100.0  18.06667  +1.00000 /data/raw/XAO/201608/20160803/sage_survey/test2/test2_g_20160803152459_100s_0051.fits
0052   OBJECT      test2        g 100.0  18.06667  +1.00000 /data/raw/XAO/201608/20160803/sage_survey/test2/test2_g_20160803152733_100s_0052.fits
0053   OBJECT      test2        g 120.0  18.06667  +1.00000 /data/raw/XAO/201608/20160803/sage_survey/test2/test2_g_20160803153008_120s_0053.fits
0054   OBJECT      test2        g 120.0  18.06667  +1.00000 /data/raw/XAO/201608/20160803/sage_survey/test2/test2_g_20160803153303_120s_0054.fits
0055   OBJECT      test2        g 150.0  18.06667  +1.00000 /data/raw/XAO/201608/20160803/sage_survey/test2/test2_g_20160803153558_150s_0055.fits
0056   OBJECT      test2        g 150.0  18.06667  +1.00000 /data/raw/XAO/201608/20160803/sage_survey/test2/test2_g_20160803153923_150s_0056.fits
0057   OBJECT      test2        g 200.0  18.06667  +1.00000 /data/raw/XAO/201608/20160803/sage_survey/test2/test2_g_20160803154249_200s_0057.fits
0102   OBJECT      test2        g 200.0  18.06667  +1.00000 /data/raw/XAO/201608/20160803/sage_survey/test2/test2_g_20160803173144_200s_0102.fits
0060   OBJECT      test2        r  10.0  18.06667  +1.00000 /data/raw/XAO/201608/20160803/sage_survey/test2/test2_r_20160803155048_10s_0060.fits
0061   OBJECT      test2        r  10.0  18.06667  +1.00000 /data/raw/XAO/201608/20160803/sage_survey/test2/test2_r_20160803155151_10s_0061.fits
0062   OBJECT      test2        r  20.0  18.06667  +1.00000 /data/raw/XAO/201608/20160803/sage_survey/test2/test2_r_20160803155255_20s_0062.fits
0063   OBJECT      test2        r  20.0  18.06667  +1.00000 /data/raw/XAO/201608/20160803/sage_survey/test2/test2_r_20160803155408_20s_0063.fits
0064   OBJECT      test2        r  30.0  18.06667  +1.00000 /data/raw/XAO/201608/20160803/sage_survey/test2/test2_r_20160803155522_30s_0064.fits
0065   OBJECT      test2        r  30.0  18.06667  +1.00000 /data/raw/XAO/201608/20160803/sage_survey/test2/test2_r_20160803155645_30s_0065.fits
0066   OBJECT      test2        r  30.0  18.06667  +1.00000 /data/raw/XAO/201608/20160803/sage_survey/test2/test2_r_20160803155809_40s_0066.fits
0067   OBJECT      test2        r  40.0  18.06667  +1.00000 /data/raw/XAO/201608/20160803/sage_survey/test2/test2_r_20160803155942_40s_0067.fits
0068   OBJECT      test2        r  60.0  18.06667  +1.00000 /data/raw/XAO/201608/20160803/sage_survey/test2/test2_r_20160803160116_60s_0068.fits
0069   OBJECT      test2        r  60.0  18.06667  +1.00000 /data/raw/XAO/201608/20160803/sage_survey/test2/test2_r_20160803160310_60s_0069.fits
0070   OBJECT      test2        r  90.0  18.06667  +1.00000 /data/raw/XAO/201608/20160803/sage_survey/test2/test2_r_20160803160505_90s_0070.fits
0071   OBJECT      test2        r  90.0  18.06667  +1.00000 /data/raw/XAO/201608/20160803/sage_survey/test2/test2_r_20160803160729_90s_0071.fits
0072   OBJECT      test2        r 100.0  18.06667  +1.00000 /data/raw/XAO/201608/20160803/sage_survey/test2/test2_r_20160803160954_100s_0072.fits
0073   OBJECT      test2        r 120.0  18.06667  +1.00000 /data/raw/XAO/201608/20160803/sage_survey/test2/test2_r_20160803161242_120s_0073.fits
0074   OBJECT      test2        r 120.0  18.06667  +1.00000 /data/raw/XAO/201608/20160803/sage_survey/test2/test2_r_20160803161537_120s_0074.fits
0075   OBJECT      test2        r 150.0  18.06667  +1.00000 /data/raw/XAO/201608/20160803/sage_survey/test2/test2_r_20160803161857_150s_0075.fits
0076   OBJECT      test2        r 150.0  18.06667  +1.00000 /data/raw/XAO/201608/20160803/sage_survey/test2/test2_r_20160803162223_150s_0076.fits
0077   OBJECT      test2        r 200.0  18.06667  +1.00000 /data/raw/XAO/201608/20160803/sage_survey/test2/test2_r_20160803162548_200s_0077.fits
0078   OBJECT      test2        r 200.0  18.06667  +1.00000 /data/raw/XAO/201608/20160803/sage_survey/test2/test2_r_20160803163004_200s_0078.fits
0103   OBJECT      test2        r 100.0  18.06667  +1.00000 /data/raw/XAO/201608/20160803/sage_survey/test2/test2_r_20160803173617_100s_0103.fits
0089   OBJECT      test3        g  10.0  22.06667 +11.00000 /data/raw/XAO/201608/20160803/sage_survey/test3/test3_g_20160803170359_10s_0089.fits
0090   OBJECT      test3        g  10.0  22.06667 +11.00000 /data/raw/XAO/201608/20160803/sage_survey/test3/test3_g_20160803170502_10s_0090.fits
0091   OBJECT      test3        g  20.0  22.06667 +11.00000 /data/raw/XAO/201608/20160803/sage_survey/test3/test3_g_20160803170605_20s_0091.fits
0092   OBJECT      test3        g  30.0  22.06667 +11.00000 /data/raw/XAO/201608/20160803/sage_survey/test3/test3_g_20160803170832_30s_0092.fits
0093   OBJECT      test3        g  30.0  22.06667 +11.00000 /data/raw/XAO/201608/20160803/sage_survey/test3/test3_g_20160803170956_30s_0093.fits
0094   OBJECT      test3        g  40.0  22.06667 +11.00000 /data/raw/XAO/201608/20160803/sage_survey/test3/test3_g_20160803171253_40s_0094.fits
0095   OBJECT      test3        g  60.0  22.06667 +11.00000 /data/raw/XAO/201608/20160803/sage_survey/test3/test3_g_20160803171427_60s_0095.fits
0096   OBJECT      test3        g  60.0  22.06667 +11.00000 /data/raw/XAO/201608/20160803/sage_survey/test3/test3_g_20160803171621_60s_0096.fits
0097   OBJECT      test3        g  90.0  22.06667 +11.00000 /data/raw/XAO/201608/20160803/sage_survey/test3/test3_g_20160803171815_90s_0097.fits
0098   OBJECT      test3        g  90.0  22.06667 +11.00000 /data/raw/XAO/201608/20160803/sage_survey/test3/test3_g_20160803172039_90s_0098.fits
0099   OBJECT      test3        g 100.0  22.06667 +11.00000 /data/raw/XAO/201608/20160803/sage_survey/test3/test3_g_20160803172339_100s_0099.fits
0100   OBJECT      test3        g 100.0  22.06667 +11.00000 /data/raw/XAO/201608/20160803/sage_survey/test3/test3_g_20160803172614_100s_0100.fits
0104   OBJECT      test3        g 120.0  22.06667 +11.00000 /data/raw/XAO/201608/20160803/sage_survey/test3/test3_g_20160803174015_120s_0104.fits
0105   OBJECT      test3        g  20.0  22.06667 +11.00000 /data/raw/XAO/201608/20160803/sage_survey/test3/test3_g_20160803174320_20s_0105.fits
0106   OBJECT      test3        g  40.0  22.06667 +11.00000 /data/raw/XAO/201608/20160803/sage_survey/test3/test3_g_20160803174447_40s_0106.fits
0107   OBJECT      test3        g 120.0  22.06667 +11.00000 /data/raw/XAO/201608/20160803/sage_survey/test3/test3_g_20160803174634_120s_0107.fits
0108   OBJECT      test3        g 150.0  22.06667 +11.00000 /data/raw/XAO/201608/20160803/sage_survey/test3/test3_g_20160803174940_150s_0108.fits
0110   OBJECT      test3        g 200.0  22.06667 +11.00000 /data/raw/XAO/201608/20160803/sage_survey/test3/test3_g_20160803175831_200s_0110.fits
0111   OBJECT      test3        g 200.0  22.06667 +11.00000 /data/raw/XAO/201608/20160803/sage_survey/test3/test3_g_20160803180247_200s_0111.fits
0112   OBJECT      test3        r  10.0  22.06667 +11.00000 /data/raw/XAO/201608/20160803/sage_survey/test3/test3_r_20160803180716_10s_0112.fits
0113   OBJECT      test3        r  10.0  22.06667 +11.00000 /data/raw/XAO/201608/20160803/sage_survey/test3/test3_r_20160803180819_10s_0113.fits
0114   OBJECT      test3        r  20.0  22.06667 +11.00000 /data/raw/XAO/201608/20160803/sage_survey/test3/test3_r_20160803181036_20s_0114.fits
0115   OBJECT      test3        r  30.0  22.06667 +11.00000 /data/raw/XAO/201608/20160803/sage_survey/test3/test3_r_20160803181150_30s_0115.fits
0116   OBJECT      test3        r  30.0  22.06667 +11.00000 /data/raw/XAO/201608/20160803/sage_survey/test3/test3_r_20160803181313_30s_0116.fits
0117   OBJECT      test3        r  40.0  22.06667 +11.00000 /data/raw/XAO/201608/20160803/sage_survey/test3/test3_r_20160803181437_40s_0117.fits
0118   OBJECT      test3        r  40.0  22.06667 +11.00000 /data/raw/XAO/201608/20160803/sage_survey/test3/test3_r_20160803181611_40s_0118.fits
0119   OBJECT      test3        r  60.0  22.06667 +11.00000 /data/raw/XAO/201608/20160803/sage_survey/test3/test3_r_20160803181745_60s_0119.fits
0120   OBJECT      test3        r  60.0  22.06667 +11.00000 /data/raw/XAO/201608/20160803/sage_survey/test3/test3_r_20160803181939_60s_0120.fits
0121   OBJECT      test3        r  90.0  22.06667 +11.00000 /data/raw/XAO/201608/20160803/sage_survey/test3/test3_r_20160803182133_90s_0121.fits
0122   OBJECT      test3        r  90.0  22.06667 +11.00000 /data/raw/XAO/201608/20160803/sage_survey/test3/test3_r_20160803182357_90s_0122.fits
0123   OBJECT      test3        r 100.0  22.06667 +11.00000 /data/raw/XAO/201608/20160803/sage_survey/test3/test3_r_20160803182622_100s_0123.fits
0124   OBJECT      test3        r 100.0  22.06667 +11.00000 /data/raw/XAO/201608/20160803/sage_survey/test3/test3_r_20160803182857_100s_0124.fits
0125   OBJECT      test3        r 120.0  22.06667 +11.00000 /data/raw/XAO/201608/20160803/sage_survey/test3/test3_r_20160803183132_120s_0125.fits
0126   OBJECT      test3        r 120.0  22.06667 +11.00000 /data/raw/XAO/201608/20160803/sage_survey/test3/test3_r_20160803183426_120s_0126.fits
0127   OBJECT      test3        r 150.0  22.06667 +11.00000 /data/raw/XAO/201608/20160803/sage_survey/test3/test3_r_20160803183722_150s_0127.fits
0128   OBJECT      test3        r 150.0  22.06667 +11.00000 /data/raw/XAO/201608/20160803/sage_survey/test3/test3_r_20160803184047_150s_0128.fits
0129   OBJECT      test3        r 200.0  22.06667 +11.00000 /data/raw/XAO/201608/20160803/sage_survey/test3/test3_r_20160803184413_200s_0129.fits
0130   OBJECT      test3        r 200.0  22.06667 +11.00000 /data/raw/XAO/201608/20160803/sage_survey/test3/test3_r_20160803184829_200s_0130.fits
