0162   OBJECT       3483        g  40.0   2.06809 +10.00000 /data/raw/XAO/201608/20160805/sage_survey/3483/3483_g_20160805203148_40s_0162.fits
0163   OBJECT       3484        g  40.0   2.13578 +10.00000 /data/raw/XAO/201608/20160805/sage_survey/3484/3484_g_20160805203322_40s_0163.fits
0164   OBJECT       3485        g  40.0   2.20347 +10.00000 /data/raw/XAO/201608/20160805/sage_survey/3485/3485_g_20160805203506_40s_0164.fits
0165   OBJECT       3486        g  40.0   2.27117 +10.00000 /data/raw/XAO/201608/20160805/sage_survey/3486/3486_g_20160805203650_40s_0165.fits
0076   OBJECT       3708        g  40.0  20.34577 +10.00000 /data/raw/XAO/201608/20160805/sage_survey/3708/3708_g_20160805174208_40s_0076.fits
0081   OBJECT       3708        r  40.0  20.34577 +10.00000 /data/raw/XAO/201608/20160805/sage_survey/3708/3708_r_20160805175039_40s_0081.fits
0077   OBJECT       3709        g  40.0  20.41346 +10.00000 /data/raw/XAO/201608/20160805/sage_survey/3709/3709_g_20160805174352_40s_0077.fits
0082   OBJECT       3709        r  40.0  20.41346 +10.00000 /data/raw/XAO/201608/20160805/sage_survey/3709/3709_r_20160805175223_40s_0082.fits
0078   OBJECT       3710        g  40.0  20.48115 +10.00000 /data/raw/XAO/201608/20160805/sage_survey/3710/3710_g_20160805174536_40s_0078.fits
0083   OBJECT       3710        r  40.0  20.48115 +10.00000 /data/raw/XAO/201608/20160805/sage_survey/3710/3710_r_20160805175405_40s_0083.fits
0079   OBJECT       3711        g  40.0  20.54884 +10.00000 /data/raw/XAO/201608/20160805/sage_survey/3711/3711_g_20160805174710_40s_0079.fits
0084   OBJECT       3711        r  40.0  20.54884 +10.00000 /data/raw/XAO/201608/20160805/sage_survey/3711/3711_r_20160805175539_40s_0084.fits
0080   OBJECT       3712        g  40.0  20.61654 +10.00000 /data/raw/XAO/201608/20160805/sage_survey/3712/3712_g_20160805174855_40s_0080.fits
0085   OBJECT       3712        r  40.0  20.61654 +10.00000 /data/raw/XAO/201608/20160805/sage_survey/3712/3712_r_20160805175724_40s_0085.fits
0105   OBJECT       3713        g  40.0  20.68424 +10.00000 /data/raw/XAO/201608/20160805/sage_survey/3713/3713_g_20160805183307_40s_0105.fits
0110   OBJECT       3713        r  40.0  20.68424 +10.00000 /data/raw/XAO/201608/20160805/sage_survey/3713/3713_r_20160805184140_40s_0110.fits
0106   OBJECT       3714        g  40.0  20.75193 +10.00000 /data/raw/XAO/201608/20160805/sage_survey/3714/3714_g_20160805183451_40s_0106.fits
0111   OBJECT       3714        r  40.0  20.75193 +10.00000 /data/raw/XAO/201608/20160805/sage_survey/3714/3714_r_20160805184323_40s_0111.fits
0107   OBJECT       3715        g  40.0  20.81963 +10.00000 /data/raw/XAO/201608/20160805/sage_survey/3715/3715_g_20160805183625_40s_0107.fits
0112   OBJECT       3715        r  40.0  20.81963 +10.00000 /data/raw/XAO/201608/20160805/sage_survey/3715/3715_r_20160805184457_40s_0112.fits
0108   OBJECT       3716        g  40.0  20.88733 +10.00000 /data/raw/XAO/201608/20160805/sage_survey/3716/3716_g_20160805183810_40s_0108.fits
0113   OBJECT       3716        r  40.0  20.88733 +10.00000 /data/raw/XAO/201608/20160805/sage_survey/3716/3716_r_20160805184642_40s_0113.fits
0109   OBJECT       3717        g  40.0  20.95502 +10.00000 /data/raw/XAO/201608/20160805/sage_survey/3717/3717_g_20160805183954_40s_0109.fits
0114   OBJECT       3717        r  40.0  20.95502 +10.00000 /data/raw/XAO/201608/20160805/sage_survey/3717/3717_r_20160805184826_40s_0114.fits
0095   OBJECT       4017        g  40.0  20.41169 +11.00000 /data/raw/XAO/201608/20160805/sage_survey/4017/4017_g_20160805181600_40s_0095.fits
0100   OBJECT       4017        r  40.0  20.41169 +11.00000 /data/raw/XAO/201608/20160805/sage_survey/4017/4017_r_20160805182434_40s_0100.fits
0096   OBJECT       4018        g  40.0  20.47960 +11.00000 /data/raw/XAO/201608/20160805/sage_survey/4018/4018_g_20160805181744_40s_0096.fits
0101   OBJECT       4018        r  40.0  20.47960 +11.00000 /data/raw/XAO/201608/20160805/sage_survey/4018/4018_r_20160805182617_40s_0101.fits
0097   OBJECT       4019        g  40.0  20.54751 +11.00000 /data/raw/XAO/201608/20160805/sage_survey/4019/4019_g_20160805181918_40s_0097.fits
0102   OBJECT       4019        r  40.0  20.54751 +11.00000 /data/raw/XAO/201608/20160805/sage_survey/4019/4019_r_20160805182752_40s_0102.fits
0098   OBJECT       4020        g  40.0  20.61543 +11.00000 /data/raw/XAO/201608/20160805/sage_survey/4020/4020_g_20160805182104_40s_0098.fits
0103   OBJECT       4020        r  40.0  20.61543 +11.00000 /data/raw/XAO/201608/20160805/sage_survey/4020/4020_r_20160805182935_40s_0103.fits
0099   OBJECT       4021        g  40.0  20.68334 +11.00000 /data/raw/XAO/201608/20160805/sage_survey/4021/4021_g_20160805182248_40s_0099.fits
0104   OBJECT       4021        r  40.0  20.68334 +11.00000 /data/raw/XAO/201608/20160805/sage_survey/4021/4021_r_20160805183120_40s_0104.fits
0086   OBJECT       4022        g  40.0  20.75126 +11.00000 /data/raw/XAO/201608/20160805/sage_survey/4022/4022_g_20160805175908_40s_0086.fits
0090   OBJECT       4022        r  40.0  20.75126 +11.00000 /data/raw/XAO/201608/20160805/sage_survey/4022/4022_r_20160805180734_40s_0090.fits
0087   OBJECT       4023        g  40.0  20.81917 +11.00000 /data/raw/XAO/201608/20160805/sage_survey/4023/4023_g_20160805180043_40s_0087.fits
0091   OBJECT       4023        r  40.0  20.81917 +11.00000 /data/raw/XAO/201608/20160805/sage_survey/4023/4023_r_20160805180908_40s_0091.fits
0088   OBJECT       4024        g  40.0  20.88709 +11.00000 /data/raw/XAO/201608/20160805/sage_survey/4024/4024_g_20160805180229_40s_0088.fits
0092   OBJECT       4024        r  40.0  20.88709 +11.00000 /data/raw/XAO/201608/20160805/sage_survey/4024/4024_r_20160805181052_40s_0092.fits
0093   OBJECT       4025        r  40.0  20.95500 +11.00000 /data/raw/XAO/201608/20160805/sage_survey/4025/4025_r_20160805181236_40s_0093.fits
0089   OBJECT       4026        g  40.0  21.02292 +11.00000 /data/raw/XAO/201608/20160805/sage_survey/4026/4026_g_20160805180548_40s_0089.fits
0094   OBJECT       4026        r  40.0  21.02292 +11.00000 /data/raw/XAO/201608/20160805/sage_survey/4026/4026_r_20160805181411_40s_0094.fits
0123   OBJECT       4027        g  40.0  21.09083 +11.00000 /data/raw/XAO/201608/20160805/sage_survey/4027/4027_g_20160805190358_40s_0123.fits
0127   OBJECT       4027        r  40.0  21.09083 +11.00000 /data/raw/XAO/201608/20160805/sage_survey/4027/4027_r_20160805191045_40s_0127.fits
0124   OBJECT       4028        g  40.0  21.15874 +11.00000 /data/raw/XAO/201608/20160805/sage_survey/4028/4028_g_20160805190541_40s_0124.fits
0128   OBJECT       4028        r  40.0  21.15874 +11.00000 /data/raw/XAO/201608/20160805/sage_survey/4028/4028_r_20160805191231_40s_0128.fits
0125   OBJECT       4029        g  40.0  21.22666 +11.00000 /data/raw/XAO/201608/20160805/sage_survey/4029/4029_g_20160805190716_40s_0125.fits
0129   OBJECT       4029        r  40.0  21.22666 +11.00000 /data/raw/XAO/201608/20160805/sage_survey/4029/4029_r_20160805191405_40s_0129.fits
0126   OBJECT       4030        g  40.0  21.29457 +11.00000 /data/raw/XAO/201608/20160805/sage_survey/4030/4030_g_20160805190900_40s_0126.fits
0130   OBJECT       4030        r  40.0  21.29457 +11.00000 /data/raw/XAO/201608/20160805/sage_survey/4030/4030_r_20160805191549_40s_0130.fits
0061   OBJECT       4321        r  40.0  20.14351 +12.00000 /data/raw/XAO/201608/20160805/sage_survey/4320/4320_r_20160805171630_40s_0061.fits
0062   OBJECT       4321        r  40.0  20.14351 +12.00000 /data/raw/XAO/201608/20160805/sage_survey/4321/4321_r_20160805171804_40s_0062.fits
0063   OBJECT       4322        r  40.0  20.21167 +12.00000 /data/raw/XAO/201608/20160805/sage_survey/4322/4322_r_20160805171947_40s_0063.fits
0064   OBJECT       4323        r  40.0  20.27983 +12.00000 /data/raw/XAO/201608/20160805/sage_survey/4323/4323_r_20160805172131_40s_0064.fits
0065   OBJECT       4324        r  40.0  20.34799 +12.00000 /data/raw/XAO/201608/20160805/sage_survey/4324/4324_r_20160805172305_40s_0065.fits
0141   OBJECT       4325        g  40.0  20.41614 +12.00000 /data/raw/XAO/201608/20160805/sage_survey/4325/4325_g_20160805193435_40s_0141.fits
0142   OBJECT       4326        g  40.0  20.48429 +12.00000 /data/raw/XAO/201608/20160805/sage_survey/4326/4326_g_20160805193618_40s_0142.fits
0152   OBJECT       4326        r  40.0  20.48429 +12.00000 /data/raw/XAO/201608/20160805/sage_survey/4326/4326_r_20160805201150_40s_0152.fits
0150   OBJECT       4327        g  40.0  20.55245 +12.00000 /data/raw/XAO/201608/20160805/sage_survey/4327/4327_g_20160805200630_40s_0150.fits
0153   OBJECT       4328        r  40.0  20.62061 +12.00000 /data/raw/XAO/201608/20160805/sage_survey/4328/4328_r_20160805201401_40s_0153.fits
0151   OBJECT       4329        g  40.0  20.68877 +12.00000 /data/raw/XAO/201608/20160805/sage_survey/4329/4329_g_20160805200928_40s_0151.fits
0131   OBJECT       4330        g  40.0  20.75692 +12.00000 /data/raw/XAO/201608/20160805/sage_survey/4330/4330_g_20160805191737_40s_0131.fits
0136   OBJECT       4330        r  40.0  20.75692 +12.00000 /data/raw/XAO/201608/20160805/sage_survey/4330/4330_r_20160805192609_40s_0136.fits
0132   OBJECT       4331        g  40.0  20.82508 +12.00000 /data/raw/XAO/201608/20160805/sage_survey/4331/4331_g_20160805191912_40s_0132.fits
0137   OBJECT       4331        r  40.0  20.82508 +12.00000 /data/raw/XAO/201608/20160805/sage_survey/4331/4331_r_20160805192743_40s_0137.fits
0133   OBJECT       4332        g  40.0  20.89323 +12.00000 /data/raw/XAO/201608/20160805/sage_survey/4332/4332_g_20160805192106_40s_0133.fits
0138   OBJECT       4332        r  40.0  20.89323 +12.00000 /data/raw/XAO/201608/20160805/sage_survey/4332/4332_r_20160805192929_40s_0138.fits
0134   OBJECT       4333        g  40.0  20.96139 +12.00000 /data/raw/XAO/201608/20160805/sage_survey/4333/4333_g_20160805192250_40s_0134.fits
0139   OBJECT       4333        r  40.0  20.96139 +12.00000 /data/raw/XAO/201608/20160805/sage_survey/4333/4333_r_20160805193114_40s_0139.fits
0135   OBJECT       4334        g  40.0  21.02954 +12.00000 /data/raw/XAO/201608/20160805/sage_survey/4334/4334_g_20160805192424_40s_0135.fits
0140   OBJECT       4334        r  40.0  21.02954 +12.00000 /data/raw/XAO/201608/20160805/sage_survey/4334/4334_r_20160805193248_40s_0140.fits
0154   OBJECT       4335        g  40.0  21.09770 +12.00000 /data/raw/XAO/201608/20160805/sage_survey/4335/4335_g_20160805201622_40s_0154.fits
0157   OBJECT       4335        r  40.0  21.09770 +12.00000 /data/raw/XAO/201608/20160805/sage_survey/4335/4335_r_20160805202241_40s_0157.fits
0158   OBJECT       4336        r  40.0  21.16586 +12.00000 /data/raw/XAO/201608/20160805/sage_survey/4336/4336_r_20160805202425_40s_0158.fits
0159   OBJECT       4337        r  40.0  21.23401 +12.00000 /data/raw/XAO/201608/20160805/sage_survey/4337/4337_r_20160805202559_40s_0159.fits
0155   OBJECT       4338        g  40.0  21.30217 +12.00000 /data/raw/XAO/201608/20160805/sage_survey/4338/4338_g_20160805201915_40s_0155.fits
0160   OBJECT       4338        r  40.0  21.30217 +12.00000 /data/raw/XAO/201608/20160805/sage_survey/4338/4338_r_20160805202743_40s_0160.fits
0156   OBJECT       4339        g  40.0  21.37033 +12.00000 /data/raw/XAO/201608/20160805/sage_survey/4339/4339_g_20160805202057_40s_0156.fits
0161   OBJECT       4339        r  40.0  21.37033 +12.00000 /data/raw/XAO/201608/20160805/sage_survey/4339/4339_r_20160805202927_40s_0161.fits
0115   OBJECT       4340        g  40.0  21.43848 +12.00000 /data/raw/XAO/201608/20160805/sage_survey/4340/4340_g_20160805185014_40s_0115.fits
0119   OBJECT       4340        r  40.0  21.43848 +12.00000 /data/raw/XAO/201608/20160805/sage_survey/4340/4340_r_20160805185707_40s_0119.fits
0116   OBJECT       4341        g  40.0  21.50663 +12.00000 /data/raw/XAO/201608/20160805/sage_survey/4341/4341_g_20160805185200_40s_0116.fits
0120   OBJECT       4341        r  40.0  21.50663 +12.00000 /data/raw/XAO/201608/20160805/sage_survey/4341/4341_r_20160805185852_40s_0120.fits
0117   OBJECT       4342        g  40.0  21.57479 +12.00000 /data/raw/XAO/201608/20160805/sage_survey/4342/4342_g_20160805185344_40s_0117.fits
0121   OBJECT       4342        r  40.0  21.57479 +12.00000 /data/raw/XAO/201608/20160805/sage_survey/4342/4342_r_20160805190036_40s_0121.fits
0118   OBJECT       4343        g  40.0  21.64294 +12.00000 /data/raw/XAO/201608/20160805/sage_survey/4343/4343_g_20160805185518_40s_0118.fits
0122   OBJECT       4343        r  40.0  21.64294 +12.00000 /data/raw/XAO/201608/20160805/sage_survey/4343/4343_r_20160805190210_40s_0122.fits
0066   OBJECT       4632        g  40.0  20.49529 +13.00000 /data/raw/XAO/201608/20160805/sage_survey/4632/4632_g_20160805172454_40s_0066.fits
0071   OBJECT       4632        r  40.0  20.49529 +13.00000 /data/raw/XAO/201608/20160805/sage_survey/4632/4632_r_20160805173330_40s_0071.fits
0067   OBJECT       4633        g  40.0  20.56371 +13.00000 /data/raw/XAO/201608/20160805/sage_survey/4633/4633_g_20160805172639_40s_0067.fits
0072   OBJECT       4633        r  40.0  20.56371 +13.00000 /data/raw/XAO/201608/20160805/sage_survey/4633/4633_r_20160805173515_40s_0072.fits
0068   OBJECT       4634        g  40.0  20.63213 +13.00000 /data/raw/XAO/201608/20160805/sage_survey/4634/4634_g_20160805172813_40s_0068.fits
0073   OBJECT       4634        r  40.0  20.63213 +13.00000 /data/raw/XAO/201608/20160805/sage_survey/4634/4634_r_20160805173649_40s_0073.fits
0069   OBJECT       4635        g  40.0  20.70055 +13.00000 /data/raw/XAO/201608/20160805/sage_survey/4635/4635_g_20160805172958_40s_0069.fits
0074   OBJECT       4635        r  40.0  20.70055 +13.00000 /data/raw/XAO/201608/20160805/sage_survey/4635/4635_r_20160805173834_40s_0074.fits
0070   OBJECT       4636        g  40.0  20.76897 +13.00000 /data/raw/XAO/201608/20160805/sage_survey/4636/4636_g_20160805173141_40s_0070.fits
0075   OBJECT       4636        r  40.0  20.76897 +13.00000 /data/raw/XAO/201608/20160805/sage_survey/4636/4636_r_20160805174019_40s_0075.fits
0060   OBJECT       BIAS        g   0.0  20.34799 +12.00000 /data/raw/XAO/201608/20160805/sage_survey/BIAS/BIAS_g_20160805171519_0s_0060.fits
