0088   OBJECT      test2        g  10.0  20.00000 +40.00000 /data/raw/XAO/201608/20160802/sage_survey/test/test1_g_20160802213931_10s_0088.fits
0089   OBJECT      test2        g  20.0  20.00000 +40.00000 /data/raw/XAO/201608/20160802/sage_survey/test/test1_g_20160802214035_20s_0089.fits
0090   OBJECT      test2        g  20.0  20.00000 +40.00000 /data/raw/XAO/201608/20160802/sage_survey/test/test1_g_20160802214148_20s_0090.fits
0091   OBJECT      test2        g  30.0  20.00000 +40.00000 /data/raw/XAO/201608/20160802/sage_survey/test/test1_g_20160802214301_30s_0091.fits
0092   OBJECT      test2        g  30.0  20.00000 +40.00000 /data/raw/XAO/201608/20160802/sage_survey/test/test1_g_20160802214425_30s_0092.fits
0093   OBJECT      test2        g  40.0  20.00000 +40.00000 /data/raw/XAO/201608/20160802/sage_survey/test/test1_g_20160802214549_40s_0093.fits
0094   OBJECT      test2        g  40.0  20.00000 +40.00000 /data/raw/XAO/201608/20160802/sage_survey/test/test1_g_20160802214722_40s_0094.fits
0095   OBJECT      test2        g  60.0  20.00000 +40.00000 /data/raw/XAO/201608/20160802/sage_survey/test/test1_g_20160802214856_60s_0095.fits
0096   OBJECT      test2        g  60.0  20.00000 +40.00000 /data/raw/XAO/201608/20160802/sage_survey/test/test1_g_20160802215050_60s_0096.fits
0097   OBJECT      test2        g  90.0  20.00000 +40.00000 /data/raw/XAO/201608/20160802/sage_survey/test/test1_g_20160802215245_90s_0097.fits
0098   OBJECT      test2        g  90.0  20.00000 +40.00000 /data/raw/XAO/201608/20160802/sage_survey/test/test1_g_20160802215509_90s_0098.fits
0099   OBJECT      test2        g 100.0  20.00000 +40.00000 /data/raw/XAO/201608/20160802/sage_survey/test/test1_g_20160802215734_100s_0099.fits
0034   OBJECT      test2        g  10.0  18.00000  +0.00000 /data/raw/XAO/201608/20160802/sage_survey/test/test2_g_20160802192122_10s_0034.fits
0035   OBJECT      test2        g  20.0  18.00000  +0.00000 /data/raw/XAO/201608/20160802/sage_survey/test/test2_g_20160802192226_20s_0035.fits
0036   OBJECT      test2        g  20.0  18.00000  +0.00000 /data/raw/XAO/201608/20160802/sage_survey/test/test2_g_20160802192339_20s_0036.fits
0037   OBJECT      test2        g  30.0  18.00000  +0.00000 /data/raw/XAO/201608/20160802/sage_survey/test/test2_g_20160802192453_30s_0037.fits
0038   OBJECT      test2        g  30.0  18.00000  +0.00000 /data/raw/XAO/201608/20160802/sage_survey/test/test2_g_20160802192618_30s_0038.fits
0039   OBJECT      test2        g  40.0  18.00000  +0.00000 /data/raw/XAO/201608/20160802/sage_survey/test/test2_g_20160802192742_40s_0039.fits
0040   OBJECT      test2        g  40.0  18.00000  +0.00000 /data/raw/XAO/201608/20160802/sage_survey/test/test2_g_20160802192916_40s_0040.fits
0041   OBJECT      test2        g  60.0  18.00000  +0.00000 /data/raw/XAO/201608/20160802/sage_survey/test/test2_g_20160802193050_60s_0041.fits
0042   OBJECT      test2        g  60.0  18.00000  +0.00000 /data/raw/XAO/201608/20160802/sage_survey/test/test2_g_20160802193244_60s_0042.fits
0043   OBJECT      test2        g  90.0  18.00000  +0.00000 /data/raw/XAO/201608/20160802/sage_survey/test/test2_g_20160802193438_90s_0043.fits
0044   OBJECT      test2        g  90.0  18.00000  +0.00000 /data/raw/XAO/201608/20160802/sage_survey/test/test2_g_20160802193702_90s_0044.fits
0045   OBJECT      test2        g 100.0  18.00000  +0.00000 /data/raw/XAO/201608/20160802/sage_survey/test/test2_g_20160802193927_100s_0045.fits
0046   OBJECT      test2        g 100.0  18.00000  +0.00000 /data/raw/XAO/201608/20160802/sage_survey/test/test2_g_20160802194202_100s_0046.fits
0047   OBJECT      test2        g 120.0  18.00000  +0.00000 /data/raw/XAO/201608/20160802/sage_survey/test/test2_g_20160802194437_120s_0047.fits
0048   OBJECT      test2        g 120.0  18.00000  +0.00000 /data/raw/XAO/201608/20160802/sage_survey/test/test2_g_20160802194732_120s_0048.fits
0049   OBJECT      test2        g 120.0  18.00000  +0.00000 /data/raw/XAO/201608/20160802/sage_survey/test/test2_g_20160802195028_150s_0049.fits
0050   OBJECT      test2        g 150.0  18.00000  +0.00000 /data/raw/XAO/201608/20160802/sage_survey/test/test2_g_20160802195353_150s_0050.fits
0051   OBJECT      test2        g  10.0  22.00000 +10.00000 /data/raw/XAO/201608/20160802/sage_survey/test/test3_g_20160802200953_10s_0051.fits
0052   OBJECT      test2        g  20.0  22.00000 +10.00000 /data/raw/XAO/201608/20160802/sage_survey/test/test3_g_20160802201057_20s_0052.fits
0053   OBJECT      test2        g  20.0  22.00000 +10.00000 /data/raw/XAO/201608/20160802/sage_survey/test/test3_g_20160802201210_20s_0053.fits
0054   OBJECT      test2        g  30.0  22.00000 +10.00000 /data/raw/XAO/201608/20160802/sage_survey/test/test3_g_20160802201447_30s_0054.fits
0055   OBJECT      test2        g  40.0  22.00000 +10.00000 /data/raw/XAO/201608/20160802/sage_survey/test/test3_g_20160802201611_40s_0055.fits
0056   OBJECT      test2        g  40.0  22.00000 +10.00000 /data/raw/XAO/201608/20160802/sage_survey/test/test3_g_20160802201745_40s_0056.fits
0057   OBJECT      test2        g  60.0  22.00000 +10.00000 /data/raw/XAO/201608/20160802/sage_survey/test/test3_g_20160802201919_60s_0057.fits
0058   OBJECT      test2        g  60.0  22.00000 +10.00000 /data/raw/XAO/201608/20160802/sage_survey/test/test3_g_20160802202113_60s_0058.fits
0059   OBJECT      test2        g  90.0  22.00000 +10.00000 /data/raw/XAO/201608/20160802/sage_survey/test/test3_g_20160802202307_90s_0059.fits
0060   OBJECT      test2        g  90.0  22.00000 +10.00000 /data/raw/XAO/201608/20160802/sage_survey/test/test3_g_20160802202532_90s_0060.fits
0061   OBJECT      test2        g 100.0  22.00000 +10.00000 /data/raw/XAO/201608/20160802/sage_survey/test/test3_g_20160802202757_100s_0061.fits
0062   OBJECT      test2        g 100.0  22.00000 +10.00000 /data/raw/XAO/201608/20160802/sage_survey/test/test3_g_20160802203031_100s_0062.fits
0063   OBJECT      test2        g 120.0  22.00000 +10.00000 /data/raw/XAO/201608/20160802/sage_survey/test/test3_g_20160802203306_120s_0063.fits
0064   OBJECT      test2        g 120.0  22.00000 +10.00000 /data/raw/XAO/201608/20160802/sage_survey/test/test3_g_20160802203601_120s_0064.fits
0065   OBJECT      test2        g 150.0  22.00000 +10.00000 /data/raw/XAO/201608/20160802/sage_survey/test/test3_g_20160802203856_150s_0065.fits
0066   OBJECT      test2        g 150.0  22.00000 +10.00000 /data/raw/XAO/201608/20160802/sage_survey/test/test3_g_20160802204222_150s_0066.fits
0086   OBJECT      test2        g 200.0  22.00000 +10.00000 /data/raw/XAO/201608/20160802/sage_survey/test/test3_g_20160802212906_200s_0086.fits
0087   OBJECT      test2        g 200.0  22.00000 +10.00000 /data/raw/XAO/201608/20160802/sage_survey/test/test3_g_20160802213322_200s_0087.fits
0067   OBJECT      test2        r  10.0  22.00000 +10.00000 /data/raw/XAO/201608/20160802/sage_survey/test/test3_r_20160802204554_10s_0067.fits
0068   OBJECT      test2        r  10.0  22.00000 +10.00000 /data/raw/XAO/201608/20160802/sage_survey/test/test3_r_20160802204657_10s_0068.fits
0069   OBJECT      test2        r  20.0  22.00000 +10.00000 /data/raw/XAO/201608/20160802/sage_survey/test/test3_r_20160802204801_20s_0069.fits
0070   OBJECT      test2        r  20.0  22.00000 +10.00000 /data/raw/XAO/201608/20160802/sage_survey/test/test3_r_20160802204914_20s_0070.fits
0071   OBJECT      test2        r  30.0  22.00000 +10.00000 /data/raw/XAO/201608/20160802/sage_survey/test/test3_r_20160802205028_30s_0071.fits
0072   OBJECT      test2        r  30.0  22.00000 +10.00000 /data/raw/XAO/201608/20160802/sage_survey/test/test3_r_20160802205151_30s_0072.fits
0073   OBJECT      test2        r  40.0  22.00000 +10.00000 /data/raw/XAO/201608/20160802/sage_survey/test/test3_r_20160802205315_40s_0073.fits
0074   OBJECT      test2        r  40.0  22.00000 +10.00000 /data/raw/XAO/201608/20160802/sage_survey/test/test3_r_20160802205448_40s_0074.fits
0075   OBJECT      test2        r  60.0  22.00000 +10.00000 /data/raw/XAO/201608/20160802/sage_survey/test/test3_r_20160802205622_60s_0075.fits
0076   OBJECT      test2        r  60.0  22.00000 +10.00000 /data/raw/XAO/201608/20160802/sage_survey/test/test3_r_20160802205816_60s_0076.fits
0077   OBJECT      test2        r  90.0  22.00000 +10.00000 /data/raw/XAO/201608/20160802/sage_survey/test/test3_r_20160802210011_90s_0077.fits
0078   OBJECT      test2        r 100.0  22.00000 +10.00000 /data/raw/XAO/201608/20160802/sage_survey/test/test3_r_20160802210236_100s_0078.fits
0079   OBJECT      test2        r 100.0  22.00000 +10.00000 /data/raw/XAO/201608/20160802/sage_survey/test/test3_r_20160802210511_100s_0079.fits
0080   OBJECT      test2        r 120.0  22.00000 +10.00000 /data/raw/XAO/201608/20160802/sage_survey/test/test3_r_20160802210746_120s_0080.fits
0081   OBJECT      test2        r 120.0  22.00000 +10.00000 /data/raw/XAO/201608/20160802/sage_survey/test/test3_r_20160802211041_120s_0081.fits
0082   OBJECT      test2        r 150.0  22.00000 +10.00000 /data/raw/XAO/201608/20160802/sage_survey/test/test3_r_20160802211336_150s_0082.fits
0083   OBJECT      test2        r 150.0  22.00000 +10.00000 /data/raw/XAO/201608/20160802/sage_survey/test/test3_r_20160802211701_150s_0083.fits
0084   OBJECT      test2        r 200.0  22.00000 +10.00000 /data/raw/XAO/201608/20160802/sage_survey/test/test3_r_20160802212027_200s_0084.fits
0085   OBJECT      test2        r 200.0  22.00000 +10.00000 /data/raw/XAO/201608/20160802/sage_survey/test/test3_r_20160802212443_200s_0085.fits
0088   OBJECT      test2        g  10.0  20.00000 +40.00000 /data/raw/XAO/201608/20160802/sage_survey/test2/test1_g_20160802213931_10s_0088.fits
0089   OBJECT      test2        g  20.0  20.00000 +40.00000 /data/raw/XAO/201608/20160802/sage_survey/test2/test1_g_20160802214035_20s_0089.fits
0090   OBJECT      test2        g  20.0  20.00000 +40.00000 /data/raw/XAO/201608/20160802/sage_survey/test2/test1_g_20160802214148_20s_0090.fits
0091   OBJECT      test2        g  30.0  20.00000 +40.00000 /data/raw/XAO/201608/20160802/sage_survey/test2/test1_g_20160802214301_30s_0091.fits
0092   OBJECT      test2        g  30.0  20.00000 +40.00000 /data/raw/XAO/201608/20160802/sage_survey/test2/test1_g_20160802214425_30s_0092.fits
0093   OBJECT      test2        g  40.0  20.00000 +40.00000 /data/raw/XAO/201608/20160802/sage_survey/test2/test1_g_20160802214549_40s_0093.fits
0094   OBJECT      test2        g  40.0  20.00000 +40.00000 /data/raw/XAO/201608/20160802/sage_survey/test2/test1_g_20160802214722_40s_0094.fits
0095   OBJECT      test2        g  60.0  20.00000 +40.00000 /data/raw/XAO/201608/20160802/sage_survey/test2/test1_g_20160802214856_60s_0095.fits
0096   OBJECT      test2        g  60.0  20.00000 +40.00000 /data/raw/XAO/201608/20160802/sage_survey/test2/test1_g_20160802215050_60s_0096.fits
0097   OBJECT      test2        g  90.0  20.00000 +40.00000 /data/raw/XAO/201608/20160802/sage_survey/test2/test1_g_20160802215245_90s_0097.fits
0098   OBJECT      test2        g  90.0  20.00000 +40.00000 /data/raw/XAO/201608/20160802/sage_survey/test2/test1_g_20160802215509_90s_0098.fits
0099   OBJECT      test2        g 100.0  20.00000 +40.00000 /data/raw/XAO/201608/20160802/sage_survey/test2/test1_g_20160802215734_100s_0099.fits
0034   OBJECT      test2        g  10.0  18.00000  +0.00000 /data/raw/XAO/201608/20160802/sage_survey/test2/test2_g_20160802192122_10s_0034.fits
0035   OBJECT      test2        g  20.0  18.00000  +0.00000 /data/raw/XAO/201608/20160802/sage_survey/test2/test2_g_20160802192226_20s_0035.fits
0036   OBJECT      test2        g  20.0  18.00000  +0.00000 /data/raw/XAO/201608/20160802/sage_survey/test2/test2_g_20160802192339_20s_0036.fits
0037   OBJECT      test2        g  30.0  18.00000  +0.00000 /data/raw/XAO/201608/20160802/sage_survey/test2/test2_g_20160802192453_30s_0037.fits
0038   OBJECT      test2        g  30.0  18.00000  +0.00000 /data/raw/XAO/201608/20160802/sage_survey/test2/test2_g_20160802192618_30s_0038.fits
0039   OBJECT      test2        g  40.0  18.00000  +0.00000 /data/raw/XAO/201608/20160802/sage_survey/test2/test2_g_20160802192742_40s_0039.fits
0040   OBJECT      test2        g  40.0  18.00000  +0.00000 /data/raw/XAO/201608/20160802/sage_survey/test2/test2_g_20160802192916_40s_0040.fits
0041   OBJECT      test2        g  60.0  18.00000  +0.00000 /data/raw/XAO/201608/20160802/sage_survey/test2/test2_g_20160802193050_60s_0041.fits
0042   OBJECT      test2        g  60.0  18.00000  +0.00000 /data/raw/XAO/201608/20160802/sage_survey/test2/test2_g_20160802193244_60s_0042.fits
0043   OBJECT      test2        g  90.0  18.00000  +0.00000 /data/raw/XAO/201608/20160802/sage_survey/test2/test2_g_20160802193438_90s_0043.fits
0044   OBJECT      test2        g  90.0  18.00000  +0.00000 /data/raw/XAO/201608/20160802/sage_survey/test2/test2_g_20160802193702_90s_0044.fits
0045   OBJECT      test2        g 100.0  18.00000  +0.00000 /data/raw/XAO/201608/20160802/sage_survey/test2/test2_g_20160802193927_100s_0045.fits
0046   OBJECT      test2        g 100.0  18.00000  +0.00000 /data/raw/XAO/201608/20160802/sage_survey/test2/test2_g_20160802194202_100s_0046.fits
0047   OBJECT      test2        g 120.0  18.00000  +0.00000 /data/raw/XAO/201608/20160802/sage_survey/test2/test2_g_20160802194437_120s_0047.fits
0048   OBJECT      test2        g 120.0  18.00000  +0.00000 /data/raw/XAO/201608/20160802/sage_survey/test2/test2_g_20160802194732_120s_0048.fits
0049   OBJECT      test2        g 120.0  18.00000  +0.00000 /data/raw/XAO/201608/20160802/sage_survey/test2/test2_g_20160802195028_150s_0049.fits
0050   OBJECT      test2        g 150.0  18.00000  +0.00000 /data/raw/XAO/201608/20160802/sage_survey/test2/test2_g_20160802195353_150s_0050.fits
0051   OBJECT      test2        g  10.0  22.00000 +10.00000 /data/raw/XAO/201608/20160802/sage_survey/test2/test3_g_20160802200953_10s_0051.fits
0052   OBJECT      test2        g  20.0  22.00000 +10.00000 /data/raw/XAO/201608/20160802/sage_survey/test2/test3_g_20160802201057_20s_0052.fits
0053   OBJECT      test2        g  20.0  22.00000 +10.00000 /data/raw/XAO/201608/20160802/sage_survey/test2/test3_g_20160802201210_20s_0053.fits
0054   OBJECT      test2        g  30.0  22.00000 +10.00000 /data/raw/XAO/201608/20160802/sage_survey/test2/test3_g_20160802201447_30s_0054.fits
0055   OBJECT      test2        g  40.0  22.00000 +10.00000 /data/raw/XAO/201608/20160802/sage_survey/test2/test3_g_20160802201611_40s_0055.fits
0056   OBJECT      test2        g  40.0  22.00000 +10.00000 /data/raw/XAO/201608/20160802/sage_survey/test2/test3_g_20160802201745_40s_0056.fits
0057   OBJECT      test2        g  60.0  22.00000 +10.00000 /data/raw/XAO/201608/20160802/sage_survey/test2/test3_g_20160802201919_60s_0057.fits
0058   OBJECT      test2        g  60.0  22.00000 +10.00000 /data/raw/XAO/201608/20160802/sage_survey/test2/test3_g_20160802202113_60s_0058.fits
0059   OBJECT      test2        g  90.0  22.00000 +10.00000 /data/raw/XAO/201608/20160802/sage_survey/test2/test3_g_20160802202307_90s_0059.fits
0060   OBJECT      test2        g  90.0  22.00000 +10.00000 /data/raw/XAO/201608/20160802/sage_survey/test2/test3_g_20160802202532_90s_0060.fits
0061   OBJECT      test2        g 100.0  22.00000 +10.00000 /data/raw/XAO/201608/20160802/sage_survey/test2/test3_g_20160802202757_100s_0061.fits
0062   OBJECT      test2        g 100.0  22.00000 +10.00000 /data/raw/XAO/201608/20160802/sage_survey/test2/test3_g_20160802203031_100s_0062.fits
0063   OBJECT      test2        g 120.0  22.00000 +10.00000 /data/raw/XAO/201608/20160802/sage_survey/test2/test3_g_20160802203306_120s_0063.fits
0064   OBJECT      test2        g 120.0  22.00000 +10.00000 /data/raw/XAO/201608/20160802/sage_survey/test2/test3_g_20160802203601_120s_0064.fits
0065   OBJECT      test2        g 150.0  22.00000 +10.00000 /data/raw/XAO/201608/20160802/sage_survey/test2/test3_g_20160802203856_150s_0065.fits
0066   OBJECT      test2        g 150.0  22.00000 +10.00000 /data/raw/XAO/201608/20160802/sage_survey/test2/test3_g_20160802204222_150s_0066.fits
0086   OBJECT      test2        g 200.0  22.00000 +10.00000 /data/raw/XAO/201608/20160802/sage_survey/test2/test3_g_20160802212906_200s_0086.fits
0087   OBJECT      test2        g 200.0  22.00000 +10.00000 /data/raw/XAO/201608/20160802/sage_survey/test2/test3_g_20160802213322_200s_0087.fits
0067   OBJECT      test2        r  10.0  22.00000 +10.00000 /data/raw/XAO/201608/20160802/sage_survey/test2/test3_r_20160802204554_10s_0067.fits
0068   OBJECT      test2        r  10.0  22.00000 +10.00000 /data/raw/XAO/201608/20160802/sage_survey/test2/test3_r_20160802204657_10s_0068.fits
0069   OBJECT      test2        r  20.0  22.00000 +10.00000 /data/raw/XAO/201608/20160802/sage_survey/test2/test3_r_20160802204801_20s_0069.fits
0070   OBJECT      test2        r  20.0  22.00000 +10.00000 /data/raw/XAO/201608/20160802/sage_survey/test2/test3_r_20160802204914_20s_0070.fits
0071   OBJECT      test2        r  30.0  22.00000 +10.00000 /data/raw/XAO/201608/20160802/sage_survey/test2/test3_r_20160802205028_30s_0071.fits
0072   OBJECT      test2        r  30.0  22.00000 +10.00000 /data/raw/XAO/201608/20160802/sage_survey/test2/test3_r_20160802205151_30s_0072.fits
0073   OBJECT      test2        r  40.0  22.00000 +10.00000 /data/raw/XAO/201608/20160802/sage_survey/test2/test3_r_20160802205315_40s_0073.fits
0074   OBJECT      test2        r  40.0  22.00000 +10.00000 /data/raw/XAO/201608/20160802/sage_survey/test2/test3_r_20160802205448_40s_0074.fits
0075   OBJECT      test2        r  60.0  22.00000 +10.00000 /data/raw/XAO/201608/20160802/sage_survey/test2/test3_r_20160802205622_60s_0075.fits
0076   OBJECT      test2        r  60.0  22.00000 +10.00000 /data/raw/XAO/201608/20160802/sage_survey/test2/test3_r_20160802205816_60s_0076.fits
0077   OBJECT      test2        r  90.0  22.00000 +10.00000 /data/raw/XAO/201608/20160802/sage_survey/test2/test3_r_20160802210011_90s_0077.fits
0078   OBJECT      test2        r 100.0  22.00000 +10.00000 /data/raw/XAO/201608/20160802/sage_survey/test2/test3_r_20160802210236_100s_0078.fits
0079   OBJECT      test2        r 100.0  22.00000 +10.00000 /data/raw/XAO/201608/20160802/sage_survey/test2/test3_r_20160802210511_100s_0079.fits
0080   OBJECT      test2        r 120.0  22.00000 +10.00000 /data/raw/XAO/201608/20160802/sage_survey/test2/test3_r_20160802210746_120s_0080.fits
0081   OBJECT      test2        r 120.0  22.00000 +10.00000 /data/raw/XAO/201608/20160802/sage_survey/test2/test3_r_20160802211041_120s_0081.fits
0082   OBJECT      test2        r 150.0  22.00000 +10.00000 /data/raw/XAO/201608/20160802/sage_survey/test2/test3_r_20160802211336_150s_0082.fits
0083   OBJECT      test2        r 150.0  22.00000 +10.00000 /data/raw/XAO/201608/20160802/sage_survey/test2/test3_r_20160802211701_150s_0083.fits
0084   OBJECT      test2        r 200.0  22.00000 +10.00000 /data/raw/XAO/201608/20160802/sage_survey/test2/test3_r_20160802212027_200s_0084.fits
0085   OBJECT      test2        r 200.0  22.00000 +10.00000 /data/raw/XAO/201608/20160802/sage_survey/test2/test3_r_20160802212443_200s_0085.fits
