0012   OBJECT       4012        r  40.0  20.07211 +11.00000 /data/raw/XAO/201608/20160810/sage_survey/4012/4012_r_20160810162129_40s_0012.fits
0072   OBJECT       4333        g  40.0  20.96139 +12.00000 /data/raw/XAO/201608/20160810/sage_survey/4333/4333_g_20160810181022_40s_0072.fits
0083   OBJECT       4640        g  40.0  21.04265 +13.00000 /data/raw/XAO/201608/20160810/sage_survey/4640/4640_g_20160810182924_40s_0083.fits
0011   OBJECT       4931        g  40.0  20.16911 +14.00000 /data/raw/XAO/201608/20160810/sage_survey/4931/4931_g_20160810161944_40s_0011.fits
0023   OBJECT       4936        g  40.0  20.51264 +14.00000 /data/raw/XAO/201608/20160810/sage_survey/4936/4936_g_20160810164041_40s_0023.fits
0028   OBJECT       4936        r  40.0  20.51264 +14.00000 /data/raw/XAO/201608/20160810/sage_survey/4936/4936_r_20160810164916_40s_0028.fits
0024   OBJECT       4937        g  40.0  20.58135 +14.00000 /data/raw/XAO/201608/20160810/sage_survey/4937/4937_g_20160810164225_40s_0024.fits
0029   OBJECT       4937        r  40.0  20.58135 +14.00000 /data/raw/XAO/201608/20160810/sage_survey/4937/4937_r_20160810165100_40s_0029.fits
0025   OBJECT       4938        g  40.0  20.65006 +14.00000 /data/raw/XAO/201608/20160810/sage_survey/4938/4938_g_20160810164410_40s_0025.fits
0030   OBJECT       4938        r  40.0  20.65006 +14.00000 /data/raw/XAO/201608/20160810/sage_survey/4938/4938_r_20160810165245_40s_0030.fits
0026   OBJECT       4939        g  40.0  20.71877 +14.00000 /data/raw/XAO/201608/20160810/sage_survey/4939/4939_g_20160810164544_40s_0026.fits
0031   OBJECT       4939        r  40.0  20.71877 +14.00000 /data/raw/XAO/201608/20160810/sage_survey/4939/4939_r_20160810165419_40s_0031.fits
0027   OBJECT       4940        g  40.0  20.78748 +14.00000 /data/raw/XAO/201608/20160810/sage_survey/4940/4940_g_20160810164728_40s_0027.fits
0032   OBJECT       4940        r  40.0  20.78748 +14.00000 /data/raw/XAO/201608/20160810/sage_survey/4940/4940_r_20160810165604_40s_0032.fits
0043   OBJECT       4941        r  40.0  20.85619 +14.00000 /data/raw/XAO/201608/20160810/sage_survey/4941/4941_r_20160810171500_40s_0043.fits
0044   OBJECT       4944        r  40.0  21.06231 +14.00000 /data/raw/XAO/201608/20160810/sage_survey/4944/4944_r_20160810171647_40s_0044.fits
0084   OBJECT       4951        g  40.0  21.54326 +14.00000 /data/raw/XAO/201608/20160810/sage_survey/4951/4951_g_20160810183112_40s_0084.fits
0089   OBJECT       4951        r  40.0  21.54326 +14.00000 /data/raw/XAO/201608/20160810/sage_survey/4951/4951_r_20160810183953_40s_0089.fits
0085   OBJECT       4952        g  40.0  21.61197 +14.00000 /data/raw/XAO/201608/20160810/sage_survey/4952/4952_g_20160810183255_40s_0085.fits
0086   OBJECT       4953        g  40.0  21.68067 +14.00000 /data/raw/XAO/201608/20160810/sage_survey/4953/4953_g_20160810183440_40s_0086.fits
0087   OBJECT       4954        g  40.0  21.74939 +14.00000 /data/raw/XAO/201608/20160810/sage_survey/4954/4954_g_20160810183614_40s_0087.fits
0088   OBJECT       4955        g  40.0  21.81809 +14.00000 /data/raw/XAO/201608/20160810/sage_survey/4955/4955_g_20160810183758_40s_0088.fits
0013   OBJECT       5235        g  40.0  20.19133 +15.00000 /data/raw/XAO/201608/20160810/sage_survey/5235/5235_g_20160810162313_40s_0013.fits
0018   OBJECT       5235        r  40.0  20.19133 +15.00000 /data/raw/XAO/201608/20160810/sage_survey/5235/5235_r_20160810163212_40s_0018.fits
0014   OBJECT       5236        g  40.0  20.26035 +15.00000 /data/raw/XAO/201608/20160810/sage_survey/5236/5236_g_20160810162456_40s_0014.fits
0019   OBJECT       5236        r  40.0  20.26035 +15.00000 /data/raw/XAO/201608/20160810/sage_survey/5236/5236_r_20160810163356_40s_0019.fits
0015   OBJECT       5237        g  40.0  20.32937 +15.00000 /data/raw/XAO/201608/20160810/sage_survey/5237/5237_g_20160810162630_40s_0015.fits
0020   OBJECT       5237        r  40.0  20.32937 +15.00000 /data/raw/XAO/201608/20160810/sage_survey/5237/5237_r_20160810163530_40s_0020.fits
0016   OBJECT       5238        g  40.0  20.39839 +15.00000 /data/raw/XAO/201608/20160810/sage_survey/5238/5238_g_20160810162813_40s_0016.fits
0021   OBJECT       5238        r  40.0  20.39839 +15.00000 /data/raw/XAO/201608/20160810/sage_survey/5238/5238_r_20160810163714_40s_0021.fits
0017   OBJECT       5239        g  40.0  20.46741 +15.00000 /data/raw/XAO/201608/20160810/sage_survey/5239/5239_g_20160810162956_40s_0017.fits
0022   OBJECT       5239        r  40.0  20.46741 +15.00000 /data/raw/XAO/201608/20160810/sage_survey/5239/5239_r_20160810163857_40s_0022.fits
0033   OBJECT       5240        g  40.0  20.53643 +15.00000 /data/raw/XAO/201608/20160810/sage_survey/5240/5240_g_20160810165753_40s_0033.fits
0038   OBJECT       5240        r  40.0  20.53643 +15.00000 /data/raw/XAO/201608/20160810/sage_survey/5240/5240_r_20160810170627_40s_0038.fits
0034   OBJECT       5241        g  40.0  20.60544 +15.00000 /data/raw/XAO/201608/20160810/sage_survey/5241/5241_g_20160810165937_40s_0034.fits
0039   OBJECT       5241        r  40.0  20.60544 +15.00000 /data/raw/XAO/201608/20160810/sage_survey/5241/5241_r_20160810170811_40s_0039.fits
0035   OBJECT       5242        g  40.0  20.67447 +15.00000 /data/raw/XAO/201608/20160810/sage_survey/5242/5242_g_20160810170121_40s_0035.fits
0040   OBJECT       5242        r  40.0  20.67447 +15.00000 /data/raw/XAO/201608/20160810/sage_survey/5242/5242_r_20160810170956_40s_0040.fits
0036   OBJECT       5243        g  40.0  20.74349 +15.00000 /data/raw/XAO/201608/20160810/sage_survey/5243/5243_g_20160810170255_40s_0036.fits
0041   OBJECT       5243        r  40.0  20.74349 +15.00000 /data/raw/XAO/201608/20160810/sage_survey/5243/5243_r_20160810171130_40s_0041.fits
0037   OBJECT       5244        g  40.0  20.81250 +15.00000 /data/raw/XAO/201608/20160810/sage_survey/5244/5244_g_20160810170440_40s_0037.fits
0042   OBJECT       5244        r  40.0  20.81250 +15.00000 /data/raw/XAO/201608/20160810/sage_survey/5244/5244_r_20160810171315_40s_0042.fits
0063   OBJECT       5245        g  40.0  20.88152 +15.00000 /data/raw/XAO/201608/20160810/sage_survey/5245/5245_g_20160810175313_40s_0063.fits
0068   OBJECT       5245        r  40.0  20.88152 +15.00000 /data/raw/XAO/201608/20160810/sage_survey/5245/5245_r_20160810180148_40s_0068.fits
0064   OBJECT       5246        g  40.0  20.95054 +15.00000 /data/raw/XAO/201608/20160810/sage_survey/5246/5246_g_20160810175458_40s_0064.fits
0069   OBJECT       5247        r  40.0  21.01956 +15.00000 /data/raw/XAO/201608/20160810/sage_survey/5247/5246_r_20160810180332_40s_0069.fits
0065   OBJECT       5247        g  40.0  21.01956 +15.00000 /data/raw/XAO/201608/20160810/sage_survey/5247/5247_g_20160810175632_40s_0065.fits
0066   OBJECT       5248        g  40.0  21.08857 +15.00000 /data/raw/XAO/201608/20160810/sage_survey/5248/5248_g_20160810175817_40s_0066.fits
0070   OBJECT       5248        r  40.0  21.08857 +15.00000 /data/raw/XAO/201608/20160810/sage_survey/5248/5248_r_20160810180651_40s_0070.fits
0067   OBJECT       5249        g  40.0  21.15759 +15.00000 /data/raw/XAO/201608/20160810/sage_survey/5249/5249_g_20160810180001_40s_0067.fits
0071   OBJECT       5249        r  40.0  21.15759 +15.00000 /data/raw/XAO/201608/20160810/sage_survey/5249/5249_r_20160810180835_40s_0071.fits
0054   OBJECT       5250        g  40.0  21.22661 +15.00000 /data/raw/XAO/201608/20160810/sage_survey/5250/5250_g_20160810173605_40s_0054.fits
0059   OBJECT       5250        r  40.0  21.22661 +15.00000 /data/raw/XAO/201608/20160810/sage_survey/5250/5250_r_20160810174437_40s_0059.fits
0055   OBJECT       5251        g  40.0  21.29563 +15.00000 /data/raw/XAO/201608/20160810/sage_survey/5251/5251_g_20160810173749_40s_0055.fits
0060   OBJECT       5251        r  40.0  21.29563 +15.00000 /data/raw/XAO/201608/20160810/sage_survey/5251/5251_r_20160810174621_40s_0060.fits
0056   OBJECT       5252        g  40.0  21.36464 +15.00000 /data/raw/XAO/201608/20160810/sage_survey/5252/5252_g_20160810173932_40s_0056.fits
0057   OBJECT       5253        g  40.0  21.43367 +15.00000 /data/raw/XAO/201608/20160810/sage_survey/5253/5253_g_20160810174106_40s_0057.fits
0061   OBJECT       5253        r  40.0  21.43367 +15.00000 /data/raw/XAO/201608/20160810/sage_survey/5253/5253_r_20160810174940_40s_0061.fits
0058   OBJECT       5254        g  40.0  21.50269 +15.00000 /data/raw/XAO/201608/20160810/sage_survey/5254/5254_g_20160810174250_40s_0058.fits
0062   OBJECT       5254        r  40.0  21.50269 +15.00000 /data/raw/XAO/201608/20160810/sage_survey/5254/5254_r_20160810175124_40s_0062.fits
0045   OBJECT       5547        g  40.0  20.98284 +16.00000 /data/raw/XAO/201608/20160810/sage_survey/5547/5547_g_20160810171833_40s_0045.fits
0049   OBJECT       5547        r  40.0  20.98284 +16.00000 /data/raw/XAO/201608/20160810/sage_survey/5547/5547_r_20160810172714_40s_0049.fits
0050   OBJECT       5548        r  40.0  21.05219 +16.00000 /data/raw/XAO/201608/20160810/sage_survey/5548/5548_r_20160810172859_40s_0050.fits
0046   OBJECT       5549        g  40.0  21.12154 +16.00000 /data/raw/XAO/201608/20160810/sage_survey/5549/5549_g_20160810172151_40s_0046.fits
0051   OBJECT       5549        r  40.0  21.12154 +16.00000 /data/raw/XAO/201608/20160810/sage_survey/5549/5549_r_20160810173034_40s_0051.fits
0047   OBJECT       5550        g  40.0  21.19090 +16.00000 /data/raw/XAO/201608/20160810/sage_survey/5550/5550_g_20160810172335_40s_0047.fits
0052   OBJECT       5550        r  40.0  21.19090 +16.00000 /data/raw/XAO/201608/20160810/sage_survey/5550/5550_r_20160810173219_40s_0052.fits
0048   OBJECT       5551        g  40.0  21.26025 +16.00000 /data/raw/XAO/201608/20160810/sage_survey/5551/5551_g_20160810172524_40s_0048.fits
0053   OBJECT       5551        r  40.0  21.26025 +16.00000 /data/raw/XAO/201608/20160810/sage_survey/5551/5551_r_20160810173404_40s_0053.fits
0073   OBJECT       5552        g  40.0  21.32961 +16.00000 /data/raw/XAO/201608/20160810/sage_survey/5552/5552_g_20160810181209_40s_0073.fits
0078   OBJECT       5552        r  40.0  21.32961 +16.00000 /data/raw/XAO/201608/20160810/sage_survey/5552/5552_r_20160810182045_40s_0078.fits
0074   OBJECT       5553        g  40.0  21.39896 +16.00000 /data/raw/XAO/201608/20160810/sage_survey/5553/5553_g_20160810181352_40s_0074.fits
0079   OBJECT       5553        r  40.0  21.39896 +16.00000 /data/raw/XAO/201608/20160810/sage_survey/5553/5553_r_20160810182229_40s_0079.fits
0075   OBJECT       5554        g  40.0  21.46831 +16.00000 /data/raw/XAO/201608/20160810/sage_survey/5554/5554_g_20160810181536_40s_0075.fits
0080   OBJECT       5554        r  40.0  21.46831 +16.00000 /data/raw/XAO/201608/20160810/sage_survey/5554/5554_r_20160810182416_40s_0080.fits
0076   OBJECT       5555        g  40.0  21.53767 +16.00000 /data/raw/XAO/201608/20160810/sage_survey/5555/5555_g_20160810181710_40s_0076.fits
0081   OBJECT       5555        r  40.0  21.53767 +16.00000 /data/raw/XAO/201608/20160810/sage_survey/5555/5555_r_20160810182550_40s_0081.fits
0077   OBJECT       5556        g  40.0  21.60702 +16.00000 /data/raw/XAO/201608/20160810/sage_survey/5556/5556_g_20160810181855_40s_0077.fits
0082   OBJECT       5556        r  40.0  21.60702 +16.00000 /data/raw/XAO/201608/20160810/sage_survey/5556/5556_r_20160810182735_40s_0082.fits
