0030   OBJECT       3703        g  60.0  20.00729 +10.00000 /data/raw/XAO/201608/20160804/sage_survey/3703/3703_g_20160804151344_60s_0030.fits
0032   OBJECT       3703        g  40.0  20.00729 +10.00000 /data/raw/XAO/201608/20160804/sage_survey/3703/3703_g_20160804152059_40s_0032.fits
0037   OBJECT       3703        r  40.0  20.00729 +10.00000 /data/raw/XAO/201608/20160804/sage_survey/3703/3703_r_20160804152926_40s_0037.fits
0031   OBJECT       3704        g  60.0  20.07499 +10.00000 /data/raw/XAO/201608/20160804/sage_survey/3704/3704_g_20160804151547_60s_0031.fits
0033   OBJECT       3704        g  40.0  20.07499 +10.00000 /data/raw/XAO/201608/20160804/sage_survey/3704/3704_g_20160804152241_40s_0033.fits
0038   OBJECT       3704        r  40.0  20.07499 +10.00000 /data/raw/XAO/201608/20160804/sage_survey/3704/3704_r_20160804153108_40s_0038.fits
0034   OBJECT       3705        g  40.0  20.14268 +10.00000 /data/raw/XAO/201608/20160804/sage_survey/3705/3705_g_20160804152416_40s_0034.fits
0039   OBJECT       3705        r  40.0  20.14268 +10.00000 /data/raw/XAO/201608/20160804/sage_survey/3705/3705_r_20160804153242_40s_0039.fits
0035   OBJECT       3706        g  40.0  20.21037 +10.00000 /data/raw/XAO/201608/20160804/sage_survey/3706/3706_g_20160804152559_40s_0035.fits
0040   OBJECT       3706        r  40.0  20.21037 +10.00000 /data/raw/XAO/201608/20160804/sage_survey/3706/3706_r_20160804153425_40s_0040.fits
0036   OBJECT       3707        g  40.0  20.27807 +10.00000 /data/raw/XAO/201608/20160804/sage_survey/3707/3707_g_20160804152742_40s_0036.fits
0041   OBJECT       4012        g  40.0  20.07211 +11.00000 /data/raw/XAO/201608/20160804/sage_survey/4012/4012_g_20160804153850_40s_0041.fits
0046   OBJECT       4013        r  40.0  20.14003 +11.00000 /data/raw/XAO/201608/20160804/sage_survey/4012/4012_r_20160804154713_40s_0046.fits
0042   OBJECT       4013        g  40.0  20.14003 +11.00000 /data/raw/XAO/201608/20160804/sage_survey/4013/4013_g_20160804154024_40s_0042.fits
0047   OBJECT       4013        r  40.0  20.14003 +11.00000 /data/raw/XAO/201608/20160804/sage_survey/4013/4013_r_20160804154847_40s_0047.fits
0043   OBJECT       4014        g  40.0  20.20794 +11.00000 /data/raw/XAO/201608/20160804/sage_survey/4014/4014_g_20160804154208_40s_0043.fits
0048   OBJECT       4014        r  40.0  20.20794 +11.00000 /data/raw/XAO/201608/20160804/sage_survey/4014/4014_r_20160804155031_40s_0048.fits
0044   OBJECT       4015        g  40.0  20.27586 +11.00000 /data/raw/XAO/201608/20160804/sage_survey/4015/4015_g_20160804154350_40s_0044.fits
0049   OBJECT       4015        r  40.0  20.27586 +11.00000 /data/raw/XAO/201608/20160804/sage_survey/4015/4015_r_20160804155214_40s_0049.fits
0045   OBJECT       4016        g  40.0  20.34377 +11.00000 /data/raw/XAO/201608/20160804/sage_survey/4016/4016_g_20160804154524_40s_0045.fits
0050   OBJECT       4016        r  40.0  20.34377 +11.00000 /data/raw/XAO/201608/20160804/sage_survey/4016/4016_r_20160804155348_40s_0050.fits
0051   OBJECT       4320        g  40.0  20.07536 +12.00000 /data/raw/XAO/201608/20160804/sage_survey/4320/4320_g_20160804155532_40s_0051.fits
0056   OBJECT       4320        r  40.0  20.07536 +12.00000 /data/raw/XAO/201608/20160804/sage_survey/4320/4320_r_20160804160406_40s_0056.fits
0052   OBJECT       4321        g  40.0  20.14351 +12.00000 /data/raw/XAO/201608/20160804/sage_survey/4321/4321_g_20160804155706_40s_0052.fits
0057   OBJECT       4321        r  40.0  20.14351 +12.00000 /data/raw/XAO/201608/20160804/sage_survey/4321/4321_r_20160804160540_40s_0057.fits
0053   OBJECT       4322        g  40.0  20.21167 +12.00000 /data/raw/XAO/201608/20160804/sage_survey/4322/4322_g_20160804155900_40s_0053.fits
0054   OBJECT       4323        g  40.0  20.27983 +12.00000 /data/raw/XAO/201608/20160804/sage_survey/4323/4323_g_20160804160043_40s_0054.fits
0055   OBJECT       4324        g  40.0  20.34799 +12.00000 /data/raw/XAO/201608/20160804/sage_survey/4324/4324_g_20160804160218_40s_0055.fits
