0186   OBJECT       3483        g  40.0   2.06809 +10.00000 /data/raw/XAO/201608/20160809/sage_survey/3483/3483_g_20160809203255_40s_0186.fits
0191   OBJECT       3483        r  40.0   2.06809 +10.00000 /data/raw/XAO/201608/20160809/sage_survey/3483/3483_r_20160809204119_40s_0191.fits
0187   OBJECT       3484        g  40.0   2.13578 +10.00000 /data/raw/XAO/201608/20160809/sage_survey/3484/3484_g_20160809203429_40s_0187.fits
0192   OBJECT       3484        r  40.0   2.13578 +10.00000 /data/raw/XAO/201608/20160809/sage_survey/3484/3484_r_20160809204253_40s_0192.fits
0188   OBJECT       3485        g  40.0   2.20347 +10.00000 /data/raw/XAO/201608/20160809/sage_survey/3485/3485_g_20160809203614_40s_0188.fits
0193   OBJECT       3485        r  40.0   2.20347 +10.00000 /data/raw/XAO/201608/20160809/sage_survey/3485/3485_r_20160809204436_40s_0193.fits
0189   OBJECT       3486        g  40.0   2.27117 +10.00000 /data/raw/XAO/201608/20160809/sage_survey/3486/3486_g_20160809203758_40s_0189.fits
0194   OBJECT       3486        r  40.0   2.27117 +10.00000 /data/raw/XAO/201608/20160809/sage_survey/3486/3486_r_20160809204620_40s_0194.fits
0190   OBJECT       3487        g  40.0   2.33887 +10.00000 /data/raw/XAO/201608/20160809/sage_survey/3487/3487_g_20160809203932_40s_0190.fits
0195   OBJECT       3487        r  40.0   2.33887 +10.00000 /data/raw/XAO/201608/20160809/sage_survey/3487/3487_r_20160809204755_40s_0195.fits
0228   OBJECT       3488        g  40.0   2.40656 +10.00000 /data/raw/XAO/201608/20160809/sage_survey/3488/3488_g_20160809214438_40s_0228.fits
0233   OBJECT       3488        r  40.0   2.40656 +10.00000 /data/raw/XAO/201608/20160809/sage_survey/3488/3488_r_20160809215312_40s_0233.fits
0229   OBJECT       3489        g  40.0   2.47425 +10.00000 /data/raw/XAO/201608/20160809/sage_survey/3489/3489_g_20160809214622_40s_0229.fits
0234   OBJECT       3489        r  40.0   2.47425 +10.00000 /data/raw/XAO/201608/20160809/sage_survey/3489/3489_r_20160809215456_40s_0234.fits
0230   OBJECT       3490        g  40.0   2.54195 +10.00000 /data/raw/XAO/201608/20160809/sage_survey/3490/3490_g_20160809214757_40s_0230.fits
0235   OBJECT       3490        r  40.0   2.54195 +10.00000 /data/raw/XAO/201608/20160809/sage_survey/3490/3490_r_20160809215631_40s_0235.fits
0231   OBJECT       3491        g  40.0   2.60964 +10.00000 /data/raw/XAO/201608/20160809/sage_survey/3491/3491_g_20160809214941_40s_0231.fits
0236   OBJECT       3491        r  40.0   2.60964 +10.00000 /data/raw/XAO/201608/20160809/sage_survey/3491/3491_r_20160809215816_40s_0236.fits
0232   OBJECT       3492        g  40.0   2.67734 +10.00000 /data/raw/XAO/201608/20160809/sage_survey/3492/3492_g_20160809215124_40s_0232.fits
0237   OBJECT       3492        r  40.0   2.67734 +10.00000 /data/raw/XAO/201608/20160809/sage_survey/3492/3492_r_20160809220001_40s_0237.fits
0248   OBJECT       3493        g  40.0   2.74503 +10.00000 /data/raw/XAO/201608/20160809/sage_survey/3493/3493_g_20160809221853_40s_0248.fits
0057   OBJECT       3703        g  40.0  20.00729 +10.00000 /data/raw/XAO/201608/20160809/sage_survey/3703/3703_g_20160809153700_40s_0057.fits
0065   OBJECT       3703        r  40.0  20.00729 +10.00000 /data/raw/XAO/201608/20160809/sage_survey/3703/3703_r_20160809155342_40s_0065.fits
0061   OBJECT       3704        g  40.0  20.07499 +10.00000 /data/raw/XAO/201608/20160809/sage_survey/3704/3704_g_20160809154648_40s_0061.fits
0066   OBJECT       3704        r  40.0  20.07499 +10.00000 /data/raw/XAO/201608/20160809/sage_survey/3704/3704_r_20160809155533_40s_0066.fits
0058   OBJECT       3705        g  40.0  20.14268 +10.00000 /data/raw/XAO/201608/20160809/sage_survey/3705/3705_g_20160809154018_40s_0058.fits
0062   OBJECT       3705        g  40.0  20.14268 +10.00000 /data/raw/XAO/201608/20160809/sage_survey/3705/3705_g_20160809154822_40s_0062.fits
0067   OBJECT       3705        r  40.0  20.14268 +10.00000 /data/raw/XAO/201608/20160809/sage_survey/3705/3705_r_20160809155707_40s_0067.fits
0059   OBJECT       3706        g  40.0  20.21037 +10.00000 /data/raw/XAO/201608/20160809/sage_survey/3706/3706_g_20160809154203_40s_0059.fits
0063   OBJECT       3706        g  40.0  20.21037 +10.00000 /data/raw/XAO/201608/20160809/sage_survey/3706/3706_g_20160809155015_40s_0063.fits
0068   OBJECT       3706        r  40.0  20.21037 +10.00000 /data/raw/XAO/201608/20160809/sage_survey/3706/3706_r_20160809155850_40s_0068.fits
0060   OBJECT       3707        g  40.0  20.27807 +10.00000 /data/raw/XAO/201608/20160809/sage_survey/3707/3707_g_20160809154346_40s_0060.fits
0064   OBJECT       3707        g  40.0  20.27807 +10.00000 /data/raw/XAO/201608/20160809/sage_survey/3707/3707_g_20160809155158_40s_0064.fits
0069   OBJECT       3707        r  40.0  20.27807 +10.00000 /data/raw/XAO/201608/20160809/sage_survey/3707/3707_r_20160809160033_40s_0069.fits
0079   OBJECT       3711        r  40.0  20.54884 +10.00000 /data/raw/XAO/201608/20160809/sage_survey/3711/3711_r_20160809161742_40s_0079.fits
0196   OBJECT       3793        g  40.0   2.07479 +11.00000 /data/raw/XAO/201608/20160809/sage_survey/3793/3793_g_20160809204939_40s_0196.fits
0201   OBJECT       3793        r  40.0   2.07479 +11.00000 /data/raw/XAO/201608/20160809/sage_survey/3793/3793_r_20160809205801_40s_0201.fits
0197   OBJECT       3794        g  40.0   2.14270 +11.00000 /data/raw/XAO/201608/20160809/sage_survey/3794/3794_g_20160809205113_40s_0197.fits
0202   OBJECT       3794        r  40.0   2.14270 +11.00000 /data/raw/XAO/201608/20160809/sage_survey/3794/3794_r_20160809205935_40s_0202.fits
0198   OBJECT       3795        g  40.0   2.21061 +11.00000 /data/raw/XAO/201608/20160809/sage_survey/3795/3795_g_20160809205257_40s_0198.fits
0203   OBJECT       3795        r  40.0   2.21061 +11.00000 /data/raw/XAO/201608/20160809/sage_survey/3795/3795_r_20160809210118_40s_0203.fits
0199   OBJECT       3796        g  40.0   2.27853 +11.00000 /data/raw/XAO/201608/20160809/sage_survey/3796/3796_g_20160809205440_40s_0199.fits
0204   OBJECT       3796        r  40.0   2.27853 +11.00000 /data/raw/XAO/201608/20160809/sage_survey/3796/3796_r_20160809210303_40s_0204.fits
0200   OBJECT       3797        g  40.0   2.34644 +11.00000 /data/raw/XAO/201608/20160809/sage_survey/3797/3797_g_20160809205614_40s_0200.fits
0205   OBJECT       3797        r  40.0   2.34644 +11.00000 /data/raw/XAO/201608/20160809/sage_survey/3797/3797_r_20160809210437_40s_0205.fits
0238   OBJECT       3798        g  40.0   2.41436 +11.00000 /data/raw/XAO/201608/20160809/sage_survey/3798/3798_g_20160809220146_40s_0238.fits
0243   OBJECT       3798        r  40.0   2.41436 +11.00000 /data/raw/XAO/201608/20160809/sage_survey/3798/3798_r_20160809221021_40s_0243.fits
0239   OBJECT       3799        g  40.0   2.48227 +11.00000 /data/raw/XAO/201608/20160809/sage_survey/3799/3799_g_20160809220330_40s_0239.fits
0244   OBJECT       3799        r  40.0   2.48227 +11.00000 /data/raw/XAO/201608/20160809/sage_survey/3799/3799_r_20160809221205_40s_0244.fits
0240   OBJECT       3800        g  40.0   2.55019 +11.00000 /data/raw/XAO/201608/20160809/sage_survey/3800/3800_g_20160809220514_40s_0240.fits
0245   OBJECT       3800        r  40.0   2.55019 +11.00000 /data/raw/XAO/201608/20160809/sage_survey/3800/3800_r_20160809221349_40s_0245.fits
0241   OBJECT       3801        g  40.0   2.61810 +11.00000 /data/raw/XAO/201608/20160809/sage_survey/3801/3801_g_20160809220649_40s_0241.fits
0246   OBJECT       3801        r  40.0   2.61810 +11.00000 /data/raw/XAO/201608/20160809/sage_survey/3801/3801_r_20160809221524_40s_0246.fits
0242   OBJECT       3802        g  40.0   2.68601 +11.00000 /data/raw/XAO/201608/20160809/sage_survey/3802/3802_g_20160809220834_40s_0242.fits
0247   OBJECT       3802        r  40.0   2.68601 +11.00000 /data/raw/XAO/201608/20160809/sage_survey/3802/3802_r_20160809221709_40s_0247.fits
0032   OBJECT       4012        g  40.0  20.07211 +11.00000 /data/raw/XAO/201608/20160809/sage_survey/4012/4012_g_20160809145259_40s_0032.fits
0033   OBJECT       4013        g  40.0  20.14003 +11.00000 /data/raw/XAO/201608/20160809/sage_survey/4013/4013_g_20160809145433_40s_0033.fits
0037   OBJECT       4013        r  40.0  20.14003 +11.00000 /data/raw/XAO/201608/20160809/sage_survey/4013/4013_r_20160809150251_40s_0037.fits
0034   OBJECT       4014        g  40.0  20.20794 +11.00000 /data/raw/XAO/201608/20160809/sage_survey/4014/4014_g_20160809145616_40s_0034.fits
0038   OBJECT       4014        r  40.0  20.20794 +11.00000 /data/raw/XAO/201608/20160809/sage_survey/4014/4014_r_20160809150434_40s_0038.fits
0035   OBJECT       4015        g  40.0  20.27586 +11.00000 /data/raw/XAO/201608/20160809/sage_survey/4015/4015_g_20160809145759_40s_0035.fits
0039   OBJECT       4015        r  40.0  20.27586 +11.00000 /data/raw/XAO/201608/20160809/sage_survey/4015/4015_r_20160809150629_40s_0039.fits
0036   OBJECT       4016        g  40.0  20.34377 +11.00000 /data/raw/XAO/201608/20160809/sage_survey/4016/4016_g_20160809145933_40s_0036.fits
0040   OBJECT       4016        r  40.0  20.34377 +11.00000 /data/raw/XAO/201608/20160809/sage_survey/4016/4016_r_20160809150803_40s_0040.fits
0078   OBJECT       4019        g  40.0  20.54751 +11.00000 /data/raw/XAO/201608/20160809/sage_survey/4019/4019_g_20160809161559_40s_0078.fits
0128   OBJECT       4023        g  40.0  20.81917 +11.00000 /data/raw/XAO/201608/20160809/sage_survey/4023/4023_g_20160809184744_40s_0128.fits
0130   OBJECT       4023        r  40.0  20.81917 +11.00000 /data/raw/XAO/201608/20160809/sage_survey/4023/4023_r_20160809185126_40s_0130.fits
0087   OBJECT       4025        g  40.0  20.95500 +11.00000 /data/raw/XAO/201608/20160809/sage_survey/4025/4025_g_20160809164948_40s_0087.fits
0129   OBJECT       4025        g  40.0  20.95500 +11.00000 /data/raw/XAO/201608/20160809/sage_survey/4025/4025_g_20160809184928_40s_0129.fits
0131   OBJECT       4026        r  40.0  21.02292 +11.00000 /data/raw/XAO/201608/20160809/sage_survey/4026/4026_r_20160809185310_40s_0131.fits
0153   OBJECT       4027        r  40.0  21.09083 +11.00000 /data/raw/XAO/201608/20160809/sage_survey/4027/4027_r_20160809193221_40s_0153.fits
0096   OBJECT       4029        r  40.0  21.22666 +11.00000 /data/raw/XAO/201608/20160809/sage_survey/4029/4029_r_20160809173436_40s_0096.fits
0154   OBJECT       4029        r  40.0  21.22666 +11.00000 /data/raw/XAO/201608/20160809/sage_survey/4029/4029_r_20160809193406_40s_0154.fits
0155   OBJECT       4030        r  40.0  21.29457 +11.00000 /data/raw/XAO/201608/20160809/sage_survey/4030/4030_r_20160809193550_40s_0155.fits
0208   OBJECT       4102        g  40.0   2.15032 +12.00000 /data/raw/XAO/201608/20160809/sage_survey/4102/4102_g_20160809211102_40s_0208.fits
0213   OBJECT       4102        r  40.0   2.15032 +12.00000 /data/raw/XAO/201608/20160809/sage_survey/4102/4102_r_20160809211925_40s_0213.fits
0209   OBJECT       4103        g  40.0   2.21848 +12.00000 /data/raw/XAO/201608/20160809/sage_survey/4103/4103_g_20160809211236_40s_0209.fits
0214   OBJECT       4103        r  40.0   2.21848 +12.00000 /data/raw/XAO/201608/20160809/sage_survey/4103/4103_r_20160809212059_40s_0214.fits
0210   OBJECT       4104        g  40.0   2.28663 +12.00000 /data/raw/XAO/201608/20160809/sage_survey/4104/4104_g_20160809211420_40s_0210.fits
0215   OBJECT       4104        r  40.0   2.28663 +12.00000 /data/raw/XAO/201608/20160809/sage_survey/4104/4104_r_20160809212243_40s_0215.fits
0211   OBJECT       4105        g  40.0   2.35479 +12.00000 /data/raw/XAO/201608/20160809/sage_survey/4105/4105_g_20160809211603_40s_0211.fits
0216   OBJECT       4105        r  40.0   2.35479 +12.00000 /data/raw/XAO/201608/20160809/sage_survey/4105/4105_r_20160809212428_40s_0216.fits
0212   OBJECT       4106        g  40.0   2.42294 +12.00000 /data/raw/XAO/201608/20160809/sage_survey/4106/4106_g_20160809211737_40s_0212.fits
0217   OBJECT       4106        r  40.0   2.42294 +12.00000 /data/raw/XAO/201608/20160809/sage_survey/4106/4106_r_20160809212602_40s_0217.fits
0071   OBJECT       4320        g  40.0  20.07536 +12.00000 /data/raw/XAO/201608/20160809/sage_survey/4320/4320_g_20160809160404_40s_0071.fits
0076   OBJECT       4320        r  40.0  20.07536 +12.00000 /data/raw/XAO/201608/20160809/sage_survey/4320/4320_r_20160809161226_40s_0076.fits
0072   OBJECT       4321        g  40.0  20.14351 +12.00000 /data/raw/XAO/201608/20160809/sage_survey/4321/4321_g_20160809160538_40s_0072.fits
0073   OBJECT       4322        g  40.0  20.21167 +12.00000 /data/raw/XAO/201608/20160809/sage_survey/4322/4322_g_20160809160721_40s_0073.fits
0074   OBJECT       4323        g  40.0  20.27983 +12.00000 /data/raw/XAO/201608/20160809/sage_survey/4323/4323_g_20160809160908_40s_0074.fits
0075   OBJECT       4324        g  40.0  20.34799 +12.00000 /data/raw/XAO/201608/20160809/sage_survey/4324/4324_g_20160809161042_40s_0075.fits
0077   OBJECT       4324        r  40.0  20.34799 +12.00000 /data/raw/XAO/201608/20160809/sage_survey/4324/4324_r_20160809161411_40s_0077.fits
0051   OBJECT       4325        g  40.0  20.41614 +12.00000 /data/raw/XAO/201608/20160809/sage_survey/4325/4325_g_20160809152630_40s_0051.fits
0054   OBJECT       4325        r  40.0  20.41614 +12.00000 /data/raw/XAO/201608/20160809/sage_survey/4325/4325_r_20160809153141_40s_0054.fits
0052   OBJECT       4326        g  40.0  20.48429 +12.00000 /data/raw/XAO/201608/20160809/sage_survey/4326/4326_g_20160809152812_40s_0052.fits
0055   OBJECT       4327        r  40.0  20.55245 +12.00000 /data/raw/XAO/201608/20160809/sage_survey/4327/4327_r_20160809153326_40s_0055.fits
0053   OBJECT       4328        g  40.0  20.62061 +12.00000 /data/raw/XAO/201608/20160809/sage_survey/4328/4328_g_20160809152956_40s_0053.fits
0056   OBJECT       4329        r  40.0  20.68877 +12.00000 /data/raw/XAO/201608/20160809/sage_survey/4329/4329_r_20160809153510_40s_0056.fits
0156   OBJECT       4330        g  40.0  20.75692 +12.00000 /data/raw/XAO/201608/20160809/sage_survey/4330/4330_g_20160809193737_40s_0156.fits
0098   OBJECT       4331        r  40.0  20.82508 +12.00000 /data/raw/XAO/201608/20160809/sage_survey/4331/4331_r_20160809174457_40s_0098.fits
0159   OBJECT       4331        r  40.0  20.82508 +12.00000 /data/raw/XAO/201608/20160809/sage_survey/4331/4331_r_20160809194427_40s_0159.fits
0097   OBJECT       4332        g  40.0  20.89323 +12.00000 /data/raw/XAO/201608/20160809/sage_survey/4332/4332_g_20160809173952_40s_0097.fits
0157   OBJECT       4332        g  40.0  20.89323 +12.00000 /data/raw/XAO/201608/20160809/sage_survey/4332/4332_g_20160809193922_40s_0157.fits
0160   OBJECT       4332        r  40.0  20.89323 +12.00000 /data/raw/XAO/201608/20160809/sage_survey/4332/4332_r_20160809194610_40s_0160.fits
0161   OBJECT       4333        r  40.0  21.02954 +12.00000 /data/raw/XAO/201608/20160809/sage_survey/4333/4333_r_20160809194755_40s_0161.fits
0158   OBJECT       4334        g  40.0  21.02954 +12.00000 /data/raw/XAO/201608/20160809/sage_survey/4334/4334_g_20160809194240_40s_0158.fits
0099   OBJECT       4334        r  40.0  21.02954 +12.00000 /data/raw/XAO/201608/20160809/sage_survey/4334/4334_r_20160809175001_40s_0099.fits
0162   OBJECT       4334        r  40.0  21.02954 +12.00000 /data/raw/XAO/201608/20160809/sage_survey/4334/4334_r_20160809194929_40s_0162.fits
0095   OBJECT       4336        g  40.0  21.16586 +12.00000 /data/raw/XAO/201608/20160809/sage_survey/4336/4336_g_20160809172932_40s_0095.fits
0151   OBJECT       4336        g  40.0  21.16586 +12.00000 /data/raw/XAO/201608/20160809/sage_survey/4336/4336_g_20160809192859_40s_0151.fits
0152   OBJECT       4337        g  40.0  21.23401 +12.00000 /data/raw/XAO/201608/20160809/sage_survey/4337/4337_g_20160809193033_40s_0152.fits
0218   OBJECT       4410        g  40.0   2.15866 +13.00000 /data/raw/XAO/201608/20160809/sage_survey/4410/4410_g_20160809212750_40s_0218.fits
0223   OBJECT       4410        r  40.0   2.15866 +13.00000 /data/raw/XAO/201608/20160809/sage_survey/4410/4410_r_20160809213614_40s_0223.fits
0219   OBJECT       4411        g  40.0   2.22708 +13.00000 /data/raw/XAO/201608/20160809/sage_survey/4411/4411_g_20160809212924_40s_0219.fits
0224   OBJECT       4411        r  40.0   2.22708 +13.00000 /data/raw/XAO/201608/20160809/sage_survey/4411/4411_r_20160809213748_40s_0224.fits
0220   OBJECT       4412        g  40.0   2.29550 +13.00000 /data/raw/XAO/201608/20160809/sage_survey/4412/4412_g_20160809213109_40s_0220.fits
0225   OBJECT       4412        r  40.0   2.29550 +13.00000 /data/raw/XAO/201608/20160809/sage_survey/4412/4412_r_20160809213932_40s_0225.fits
0221   OBJECT       4413        g  40.0   2.36392 +13.00000 /data/raw/XAO/201608/20160809/sage_survey/4413/4413_g_20160809213253_40s_0221.fits
0226   OBJECT       4414        r  40.0   2.43234 +13.00000 /data/raw/XAO/201608/20160809/sage_survey/4413/4413_r_20160809214116_40s_0226.fits
0222   OBJECT       4414        g  40.0   2.43234 +13.00000 /data/raw/XAO/201608/20160809/sage_survey/4414/4414_g_20160809213427_40s_0222.fits
0227   OBJECT       4414        r  40.0   2.43234 +13.00000 /data/raw/XAO/201608/20160809/sage_survey/4414/4414_r_20160809214250_40s_0227.fits
0041   OBJECT       4627        g  40.0  20.15319 +13.00000 /data/raw/XAO/201608/20160809/sage_survey/4627/4627_g_20160809150952_40s_0041.fits
0046   OBJECT       4627        r  40.0  20.15319 +13.00000 /data/raw/XAO/201608/20160809/sage_survey/4627/4627_r_20160809151810_40s_0046.fits
0042   OBJECT       4628        g  40.0  20.22161 +13.00000 /data/raw/XAO/201608/20160809/sage_survey/4628/4628_g_20160809151126_40s_0042.fits
0047   OBJECT       4628        r  40.0  20.22161 +13.00000 /data/raw/XAO/201608/20160809/sage_survey/4628/4628_r_20160809151944_40s_0047.fits
0043   OBJECT       4629        g  40.0  20.29003 +13.00000 /data/raw/XAO/201608/20160809/sage_survey/4629/4629_g_20160809151309_40s_0043.fits
0048   OBJECT       4629        r  40.0  20.29003 +13.00000 /data/raw/XAO/201608/20160809/sage_survey/4629/4629_r_20160809152128_40s_0048.fits
0044   OBJECT       4630        g  40.0  20.35845 +13.00000 /data/raw/XAO/201608/20160809/sage_survey/4630/4630_g_20160809151452_40s_0044.fits
0049   OBJECT       4630        r  40.0  20.35845 +13.00000 /data/raw/XAO/201608/20160809/sage_survey/4630/4630_r_20160809152312_40s_0049.fits
0045   OBJECT       4631        g  40.0  20.42687 +13.00000 /data/raw/XAO/201608/20160809/sage_survey/4631/4631_g_20160809151626_40s_0045.fits
0050   OBJECT       4631        r  40.0  20.42687 +13.00000 /data/raw/XAO/201608/20160809/sage_survey/4631/4631_r_20160809152447_40s_0050.fits
0070   OBJECT       4634        g  40.0  20.63213 +13.00000 /data/raw/XAO/201608/20160809/sage_survey/4634/4634_g_20160809160218_40s_0070.fits
0080   OBJECT       4637        g  40.0  20.83739 +13.00000 /data/raw/XAO/201608/20160809/sage_survey/4637/4637_g_20160809161930_40s_0080.fits
0085   OBJECT       4637        r  40.0  20.83739 +13.00000 /data/raw/XAO/201608/20160809/sage_survey/4637/4637_r_20160809162810_40s_0085.fits
0081   OBJECT       4638        g  40.0  20.90581 +13.00000 /data/raw/XAO/201608/20160809/sage_survey/4638/4638_g_20160809162114_40s_0081.fits
0124   OBJECT       4638        r  40.0  20.90581 +13.00000 /data/raw/XAO/201608/20160809/sage_survey/4638/4638_r_20160809184048_40s_0124.fits
0082   OBJECT       4639        g  40.0  20.97423 +13.00000 /data/raw/XAO/201608/20160809/sage_survey/4639/4639_g_20160809162309_40s_0082.fits
0125   OBJECT       4639        r  40.0  20.97423 +13.00000 /data/raw/XAO/201608/20160809/sage_survey/4639/4639_r_20160809184231_40s_0125.fits
0083   OBJECT       4640        g  40.0  21.04265 +13.00000 /data/raw/XAO/201608/20160809/sage_survey/4640/4640_g_20160809162443_40s_0083.fits
0086   OBJECT       4640        r  40.0  21.04265 +13.00000 /data/raw/XAO/201608/20160809/sage_survey/4640/4640_r_20160809164433_40s_0086.fits
0126   OBJECT       4640        r  40.0  21.04265 +13.00000 /data/raw/XAO/201608/20160809/sage_survey/4640/4640_r_20160809184405_40s_0126.fits
0084   OBJECT       4641        g  40.0  21.11107 +13.00000 /data/raw/XAO/201608/20160809/sage_survey/4641/4641_g_20160809162626_40s_0084.fits
0127   OBJECT       4641        r  40.0  21.11107 +13.00000 /data/raw/XAO/201608/20160809/sage_survey/4641/4641_r_20160809184556_40s_0127.fits
0088   OBJECT       4642        g  40.0  21.17949 +13.00000 /data/raw/XAO/201608/20160809/sage_survey/4642/4642_g_20160809165508_40s_0088.fits
0132   OBJECT       4642        g  40.0  21.17949 +13.00000 /data/raw/XAO/201608/20160809/sage_survey/4642/4642_g_20160809185454_40s_0132.fits
0090   OBJECT       4642        r  40.0  21.17949 +13.00000 /data/raw/XAO/201608/20160809/sage_survey/4642/4642_r_20160809170401_40s_0090.fits
0137   OBJECT       4642        r  40.0  21.17949 +13.00000 /data/raw/XAO/201608/20160809/sage_survey/4642/4642_r_20160809190331_40s_0137.fits
0133   OBJECT       4643        g  40.0  21.24791 +13.00000 /data/raw/XAO/201608/20160809/sage_survey/4643/4643_g_20160809185628_40s_0133.fits
0138   OBJECT       4643        r  40.0  21.24791 +13.00000 /data/raw/XAO/201608/20160809/sage_survey/4643/4643_r_20160809190505_40s_0138.fits
0134   OBJECT       4644        g  40.0  21.31633 +13.00000 /data/raw/XAO/201608/20160809/sage_survey/4644/4644_g_20160809185811_40s_0134.fits
0139   OBJECT       4644        r  40.0  21.31633 +13.00000 /data/raw/XAO/201608/20160809/sage_survey/4644/4644_r_20160809190648_40s_0139.fits
0089   OBJECT       4645        g  40.0  21.38475 +13.00000 /data/raw/XAO/201608/20160809/sage_survey/4645/4645_g_20160809170008_40s_0089.fits
0135   OBJECT       4645        g  40.0  21.38475 +13.00000 /data/raw/XAO/201608/20160809/sage_survey/4645/4645_g_20160809185959_40s_0135.fits
0091   OBJECT       4645        r  40.0  21.38475 +13.00000 /data/raw/XAO/201608/20160809/sage_survey/4645/4645_r_20160809170902_40s_0091.fits
0140   OBJECT       4645        r  40.0  21.38475 +13.00000 /data/raw/XAO/201608/20160809/sage_survey/4645/4645_r_20160809190831_40s_0140.fits
0136   OBJECT       4646        g  40.0  21.45317 +13.00000 /data/raw/XAO/201608/20160809/sage_survey/4646/4646_g_20160809190142_40s_0136.fits
0141   OBJECT       4646        r  40.0  21.45317 +13.00000 /data/raw/XAO/201608/20160809/sage_survey/4646/4646_r_20160809191014_40s_0141.fits
0176   OBJECT       4647        g  40.0  21.52159 +13.00000 /data/raw/XAO/201608/20160809/sage_survey/4647/4647_g_20160809201451_40s_0176.fits
0181   OBJECT       4647        r  40.0  21.52159 +13.00000 /data/raw/XAO/201608/20160809/sage_survey/4647/4647_r_20160809202337_40s_0181.fits
0177   OBJECT       4648        g  40.0  21.59002 +13.00000 /data/raw/XAO/201608/20160809/sage_survey/4648/4648_g_20160809201636_40s_0177.fits
0182   OBJECT       4648        r  40.0  21.59002 +13.00000 /data/raw/XAO/201608/20160809/sage_survey/4648/4648_r_20160809202521_40s_0182.fits
0178   OBJECT       4649        g  40.0  21.65844 +13.00000 /data/raw/XAO/201608/20160809/sage_survey/4649/4649_g_20160809201833_40s_0178.fits
0183   OBJECT       4649        r  40.0  21.65844 +13.00000 /data/raw/XAO/201608/20160809/sage_survey/4649/4649_r_20160809202718_40s_0183.fits
0179   OBJECT       4650        g  40.0  21.72686 +13.00000 /data/raw/XAO/201608/20160809/sage_survey/4650/4650_g_20160809202007_40s_0179.fits
0184   OBJECT       4650        r  40.0  21.72686 +13.00000 /data/raw/XAO/201608/20160809/sage_survey/4650/4650_r_20160809202852_40s_0184.fits
0180   OBJECT       4651        g  40.0  21.79528 +13.00000 /data/raw/XAO/201608/20160809/sage_survey/4651/4651_g_20160809202150_40s_0180.fits
0185   OBJECT       4651        r  40.0  21.79528 +13.00000 /data/raw/XAO/201608/20160809/sage_survey/4651/4651_r_20160809203037_40s_0185.fits
0172   OBJECT       4652        g  40.0  21.86370 +13.00000 /data/raw/XAO/201608/20160809/sage_survey/4652/4652_g_20160809200810_40s_0172.fits
0174   OBJECT       4652        r  40.0  21.86370 +13.00000 /data/raw/XAO/201608/20160809/sage_survey/4652/4652_r_20160809201131_40s_0174.fits
0173   OBJECT       4653        g  40.0  21.93212 +13.00000 /data/raw/XAO/201608/20160809/sage_survey/4653/4653_g_20160809200944_40s_0173.fits
0175   OBJECT       4653        r  40.0  21.93212 +13.00000 /data/raw/XAO/201608/20160809/sage_survey/4653/4653_r_20160809201305_40s_0175.fits
0101   OBJECT       4931        r  40.0  20.16911 +14.00000 /data/raw/XAO/201608/20160809/sage_survey/4931/4931_r_20160809180018_40s_0101.fits
0167   OBJECT       4931        r  40.0  20.16911 +14.00000 /data/raw/XAO/201608/20160809/sage_survey/4931/4931_r_20160809195942_40s_0167.fits
0163   OBJECT       4932        g  40.0  20.23782 +14.00000 /data/raw/XAO/201608/20160809/sage_survey/4932/4932_g_20160809195251_40s_0163.fits
0168   OBJECT       4932        r  40.0  20.23782 +14.00000 /data/raw/XAO/201608/20160809/sage_survey/4932/4932_r_20160809200116_40s_0168.fits
0100   OBJECT       4933        g  40.0  20.30653 +14.00000 /data/raw/XAO/201608/20160809/sage_survey/4933/4933_g_20160809175512_40s_0100.fits
0164   OBJECT       4933        g  40.0  20.30653 +14.00000 /data/raw/XAO/201608/20160809/sage_survey/4933/4933_g_20160809195435_40s_0164.fits
0169   OBJECT       4933        r  40.0  20.30653 +14.00000 /data/raw/XAO/201608/20160809/sage_survey/4933/4933_r_20160809200300_40s_0169.fits
0165   OBJECT       4934        g  40.0  20.37523 +14.00000 /data/raw/XAO/201608/20160809/sage_survey/4934/4934_g_20160809195620_40s_0165.fits
0170   OBJECT       4934        r  40.0  20.37523 +14.00000 /data/raw/XAO/201608/20160809/sage_survey/4934/4934_r_20160809200444_40s_0170.fits
0166   OBJECT       4935        g  40.0  20.44394 +14.00000 /data/raw/XAO/201608/20160809/sage_survey/4935/4935_g_20160809195754_40s_0166.fits
0171   OBJECT       4935        r  40.0  20.44394 +14.00000 /data/raw/XAO/201608/20160809/sage_survey/4935/4935_r_20160809200619_40s_0171.fits
0142   OBJECT       4941        g  40.0  20.85619 +14.00000 /data/raw/XAO/201608/20160809/sage_survey/4941/4941_g_20160809191203_40s_0142.fits
0147   OBJECT       4942        r  40.0  20.92489 +14.00000 /data/raw/XAO/201608/20160809/sage_survey/4941/4941_r_20160809192026_40s_0147.fits
0092   OBJECT       4942        g  40.0  20.92489 +14.00000 /data/raw/XAO/201608/20160809/sage_survey/4942/4942_g_20160809171407_40s_0092.fits
0143   OBJECT       4942        g  40.0  20.92489 +14.00000 /data/raw/XAO/201608/20160809/sage_survey/4942/4942_g_20160809191337_40s_0143.fits
0148   OBJECT       4942        r  40.0  20.92489 +14.00000 /data/raw/XAO/201608/20160809/sage_survey/4942/4942_r_20160809192200_40s_0148.fits
0144   OBJECT       4943        g  40.0  20.99360 +14.00000 /data/raw/XAO/201608/20160809/sage_survey/4943/4943_g_20160809191520_40s_0144.fits
0094   OBJECT       4943        r  40.0  20.99360 +14.00000 /data/raw/XAO/201608/20160809/sage_survey/4943/4943_r_20160809172425_40s_0094.fits
0149   OBJECT       4943        r  40.0  20.99360 +14.00000 /data/raw/XAO/201608/20160809/sage_survey/4943/4943_r_20160809192353_40s_0149.fits
0145   OBJECT       4944        g  40.0  21.06231 +14.00000 /data/raw/XAO/201608/20160809/sage_survey/4944/4944_g_20160809191703_40s_0145.fits
0093   OBJECT       4945        g  40.0  21.13101 +14.00000 /data/raw/XAO/201608/20160809/sage_survey/4945/4945_g_20160809171906_40s_0093.fits
0146   OBJECT       4945        g  40.0  21.13101 +14.00000 /data/raw/XAO/201608/20160809/sage_survey/4945/4945_g_20160809191837_40s_0146.fits
0150   OBJECT       4945        r  40.0  21.13101 +14.00000 /data/raw/XAO/201608/20160809/sage_survey/4945/4945_r_20160809192711_40s_0150.fits
0206   OBJECT       4956        g  40.0  21.88680 +14.00000 /data/raw/XAO/201608/20160809/sage_survey/4956/4956_g_20160809210657_40s_0206.fits
0207   OBJECT       4956        r  40.0  21.88680 +14.00000 /data/raw/XAO/201608/20160809/sage_survey/4956/4956_r_20160809210844_40s_0207.fits
