0033 object   12285      strumu    60.0  73.46446 +24.50000 /data/raw/bok/u/201602/J7450/good/d7450.0033.fits
0034 object   12286      strumu    60.0  74.34375 +24.49997 /data/raw/bok/u/201602/J7450/good/d7450.0034.fits
0035 object   12985      strumu    60.0  74.44067 +26.09992 /data/raw/bok/u/201602/J7450/good/d7450.0035.fits
0036 object   12287      strumu    60.0  75.22283 +24.50019 /data/raw/bok/u/201602/J7450/good/d7450.0036.fits
0037 object   12288      strumu    60.0  76.10208 +24.49997 /data/raw/bok/u/201602/J7450/good/d7450.0037.fits
0038 object   11935      strumu    60.0 102.71229 +23.70003 /data/raw/bok/u/201602/J7450/good/d7450.0038.fits
0039 object   11936      strumu    60.0 103.58575 +23.69997 /data/raw/bok/u/201602/J7450/good/d7450.0039.fits
0040 object   11937      strumu    60.0 104.45992 +23.70000 /data/raw/bok/u/201602/J7450/good/d7450.0040.fits
0041 object   11938      strumu    60.0 105.33367 +23.69997 /data/raw/bok/u/201602/J7450/good/d7450.0041.fits
0042 object   11939      strumu    60.0 106.20704 +23.70000 /data/raw/bok/u/201602/J7450/good/d7450.0042.fits
0043 object   11940      strumu    60.0 107.08075 +23.70000 /data/raw/bok/u/201602/J7450/good/d7450.0043.fits
0044 object   11941      strumu    60.0 107.95429 +23.70000 /data/raw/bok/u/201602/J7450/good/d7450.0044.fits
0045 object   12985      strumu    60.0  74.44100 +26.09994 /data/raw/bok/u/201602/J7450/good/d7450.0045.fits
0046 object   12296      strumu    60.0 108.63058 +24.50006 /data/raw/bok/u/201602/J7450/good/d7450.0046.fits
0047 object   12297      strumu    60.0 109.50996 +24.50000 /data/raw/bok/u/201602/J7450/good/d7450.0047.fits
0048 object   12298      strumu    60.0 110.38904 +24.50000 /data/raw/bok/u/201602/J7450/good/d7450.0048.fits
0049 object   12299      strumu    60.0 111.26829 +24.50000 /data/raw/bok/u/201602/J7450/good/d7450.0049.fits
0050 object   12300      strumu    60.0 112.14742 +24.50000 /data/raw/bok/u/201602/J7450/good/d7450.0050.fits
0051 object   12301      strumu    60.0 113.02662 +24.50000 /data/raw/bok/u/201602/J7450/good/d7450.0051.fits
0052 object   12986      strumu    60.0 101.16625 +26.09997 /data/raw/bok/u/201602/J7450/good/d7450.0052.fits
0053 object   12987      strumu    60.0 102.05712 +26.09997 /data/raw/bok/u/201602/J7450/good/d7450.0053.fits
0054 object   12988      strumu    60.0 102.94779 +26.09997 /data/raw/bok/u/201602/J7450/good/d7450.0054.fits
0055 object   13677      strumu    60.0 102.60942 +27.69989 /data/raw/bok/u/201602/J7450/good/d7450.0055.fits
0056 object   13678      strumu    60.0 103.51325 +27.69997 /data/raw/bok/u/201602/J7450/good/d7450.0056.fits
0057 object   13679      strumu    60.0 104.41646 +27.69997 /data/raw/bok/u/201602/J7450/good/d7450.0057.fits
0058 object   13680      strumu    60.0 105.32008 +27.69997 /data/raw/bok/u/201602/J7450/good/d7450.0058.fits
0059 object   13681      strumu    60.0 106.22358 +27.69997 /data/raw/bok/u/201602/J7450/good/d7450.0059.fits
0060 object   14013      strumu    60.0 100.64654 +28.50003 /data/raw/bok/u/201602/J7450/good/d7450.0060.fits
0061 object   14014      strumu    60.0 101.55687 +28.49997 /data/raw/bok/u/201602/J7450/good/d7450.0061.fits
0062 object   14015      strumu    60.0 102.46721 +28.49997 /data/raw/bok/u/201602/J7450/good/d7450.0062.fits
0063 object   14016      strumu    60.0 103.37750 +28.49997 /data/raw/bok/u/201602/J7450/good/d7450.0063.fits
0064 object   14017      strumu    60.0 104.28788 +28.49997 /data/raw/bok/u/201602/J7450/good/d7450.0064.fits
0065 object   14018      strumu    60.0 105.19812 +28.49997 /data/raw/bok/u/201602/J7450/good/d7450.0065.fits
0066 object   14019      strumu    60.0 106.10858 +28.49997 /data/raw/bok/u/201602/J7450/good/d7450.0066.fits
0067 object   13003      strumu    60.0 116.31000 +26.10000 /data/raw/bok/u/201602/J7450/good/d7450.0067.fits
0068 object   13004      strumu    60.0 117.20113 +26.10000 /data/raw/bok/u/201602/J7450/good/d7450.0068.fits
0069 object   13005      strumu    60.0 118.09188 +26.10000 /data/raw/bok/u/201602/J7450/good/d7450.0069.fits
0070 object   13006      strumu    60.0 118.98275 +26.10000 /data/raw/bok/u/201602/J7450/good/d7450.0070.fits
0071 object   13342      strumu    60.0 109.94667 +26.89994 /data/raw/bok/u/201602/J7450/good/d7450.0071.fits
0072 object   13343      strumu    60.0 110.84367 +26.89994 /data/raw/bok/u/201602/J7450/good/d7450.0072.fits
0073 object   13344      strumu    60.0 111.74033 +26.89994 /data/raw/bok/u/201602/J7450/good/d7450.0073.fits
0074 object   13345      strumu    60.0 112.63738 +26.89994 /data/raw/bok/u/201602/J7450/good/d7450.0074.fits
0075 object   13346      strumu    60.0 113.53450 +26.89994 /data/raw/bok/u/201602/J7450/good/d7450.0075.fits
0076 object   13347      strumu    60.0 114.43146 +26.89994 /data/raw/bok/u/201602/J7450/good/d7450.0076.fits
0077 object   13348      strumu    60.0 115.32863 +26.89994 /data/raw/bok/u/201602/J7450/good/d7450.0077.fits
0078 object   13349      strumu    60.0 116.22567 +26.89997 /data/raw/bok/u/201602/J7450/good/d7450.0078.fits
0079 object   13350      strumu    60.0 117.12267 +26.89994 /data/raw/bok/u/201602/J7450/good/d7450.0079.fits
0080 object   13351      strumu    60.0 118.01992 +26.89994 /data/raw/bok/u/201602/J7450/good/d7450.0080.fits
0081 object   13352      strumu    60.0 118.91696 +26.89997 /data/raw/bok/u/201602/J7450/good/d7450.0081.fits
0082 object   13007      strumu    60.0 119.87354 +26.10000 /data/raw/bok/u/201602/J7450/good/d7450.0082.fits
0083 object   13008      strumu    60.0 120.76433 +26.10000 /data/raw/bok/u/201602/J7450/good/d7450.0083.fits
0084 object   13009      strumu    60.0 121.65533 +26.10000 /data/raw/bok/u/201602/J7450/good/d7450.0084.fits
0085 object   13010      strumu    60.0 122.54625 +26.10000 /data/raw/bok/u/201602/J7450/good/d7450.0085.fits
0086 object   13011      strumu    60.0 123.43708 +26.10000 /data/raw/bok/u/201602/J7450/good/d7450.0086.fits
0087 object   13012      strumu    60.0 124.32783 +26.10000 /data/raw/bok/u/201602/J7450/good/d7450.0087.fits
0088 object   13013      strumu    60.0 125.21863 +26.09997 /data/raw/bok/u/201602/J7450/good/d7450.0088.fits
0089 object   13014      strumu    60.0 126.10933 +26.10000 /data/raw/bok/u/201602/J7450/good/d7450.0089.fits
0090 object   13015      strumu    60.0 127.00025 +26.10000 /data/raw/bok/u/201602/J7450/good/d7450.0090.fits
0091 object   13016      strumu    60.0 127.89117 +26.10000 /data/raw/bok/u/201602/J7450/good/d7450.0091.fits
0092 object   13017      strumu    60.0 128.78200 +26.10000 /data/raw/bok/u/201602/J7450/good/d7450.0092.fits
0093 object   13018      strumu    60.0 129.67267 +26.09997 /data/raw/bok/u/201602/J7450/good/d7450.0093.fits
0094 object   13019      strumu    60.0 130.56350 +26.10000 /data/raw/bok/u/201602/J7450/good/d7450.0094.fits
0095 object   13020      strumu    60.0 131.45458 +26.10000 /data/raw/bok/u/201602/J7450/good/d7450.0095.fits
0096 object   13360      strumu    60.0 126.09379 +26.89997 /data/raw/bok/u/201602/J7450/good/d7450.0096.fits
0097 object   13361      strumu    60.0 126.99062 +26.89994 /data/raw/bok/u/201602/J7450/good/d7450.0097.fits
0098 object   13362      strumu    60.0 127.88771 +26.89994 /data/raw/bok/u/201602/J7450/good/d7450.0098.fits
0099 object   13363      strumu    60.0 128.78488 +26.89994 /data/raw/bok/u/201602/J7450/good/d7450.0099.fits
0100 object   13364      strumu    60.0 129.68204 +26.89994 /data/raw/bok/u/201602/J7450/good/d7450.0100.fits
0101 object   13365      strumu    60.0 130.57900 +26.89994 /data/raw/bok/u/201602/J7450/good/d7450.0101.fits
0102 object   13366      strumu    60.0 131.47567 +26.89994 /data/raw/bok/u/201602/J7450/good/d7450.0102.fits
0103 object   12682      strumu    60.0 139.42267 +25.30003 /data/raw/bok/u/201602/J7450/good/d7450.0103.fits
0104 object   12683      strumu    60.0 140.30754 +25.30000 /data/raw/bok/u/201602/J7450/good/d7450.0104.fits
0105 object   13353      strumu    60.0 119.81433 +26.89992 /data/raw/bok/u/201602/J7450/good/d7450.0105.fits
0106 object   13354      strumu    60.0 120.71133 +26.89994 /data/raw/bok/u/201602/J7450/good/d7450.0106.fits
0112 object   13355      strumu    60.0 121.60850 +26.89997 /data/raw/bok/u/201602/J7450/good/d7450.0112.fits
0113 object   13356      strumu    60.0 122.50529 +26.89994 /data/raw/bok/u/201602/J7450/good/d7450.0113.fits
0114 object   13357      strumu    60.0 123.40246 +26.89994 /data/raw/bok/u/201602/J7450/good/d7450.0114.fits
0115 object   13358      strumu    60.0 124.29954 +26.89994 /data/raw/bok/u/201602/J7450/good/d7450.0115.fits
0116 object   13359      strumu    60.0 125.19663 +26.89994 /data/raw/bok/u/201602/J7450/good/d7450.0116.fits
0117 object   13021      strumu    60.0 132.34533 +26.10003 /data/raw/bok/u/201602/J7450/good/d7450.0117.fits
0118 object   13022      strumu    60.0 133.23621 +26.10000 /data/raw/bok/u/201602/J7450/good/d7450.0118.fits
0119 object   13023      strumu    60.0 134.12708 +26.10000 /data/raw/bok/u/201602/J7450/good/d7450.0119.fits
0120 object   13024      strumu    60.0 135.01796 +26.10000 /data/raw/bok/u/201602/J7450/good/d7450.0120.fits
0121 object   13025      strumu    60.0 135.90913 +26.10000 /data/raw/bok/u/201602/J7450/good/d7450.0121.fits
0122 object   13026      strumu    60.0 136.79992 +26.10000 /data/raw/bok/u/201602/J7450/good/d7450.0122.fits
0123 object   13027      strumu    60.0 137.69067 +26.10000 /data/raw/bok/u/201602/J7450/good/d7450.0123.fits
0124 object   13028      strumu    60.0 138.58158 +26.09997 /data/raw/bok/u/201602/J7450/good/d7450.0124.fits
0125 object   13029      strumu    60.0 139.47254 +26.10000 /data/raw/bok/u/201602/J7450/good/d7450.0125.fits
0126 object   13030      strumu    60.0 140.36337 +26.10000 /data/raw/bok/u/201602/J7450/good/d7450.0126.fits
0127 object   13031      strumu    60.0 141.25425 +26.10000 /data/raw/bok/u/201602/J7450/good/d7450.0127.fits
0128 object   13032      strumu    60.0 142.14500 +26.10000 /data/raw/bok/u/201602/J7450/good/d7450.0128.fits
0129 object   13033      strumu    60.0 143.03571 +26.10000 /data/raw/bok/u/201602/J7450/good/d7450.0129.fits
0130 object   13034      strumu    60.0 143.92658 +26.10000 /data/raw/bok/u/201602/J7450/good/d7450.0130.fits
0131 object   14771      strumu    60.0 183.60925 +30.10003 /data/raw/bok/u/201602/J7450/good/d7450.0131.fits
0132 object   14772      strumu    60.0 184.53417 +30.10000 /data/raw/bok/u/201602/J7450/good/d7450.0132.fits
0133 object   14773      strumu    60.0 185.45875 +30.10000 /data/raw/bok/u/201602/J7450/good/d7450.0133.fits
0134 object   14774      strumu    60.0 186.38362 +30.10000 /data/raw/bok/u/201602/J7450/good/d7450.0134.fits
0135 object   14775      strumu    60.0 187.30821 +30.09997 /data/raw/bok/u/201602/J7450/good/d7450.0135.fits
0136 object   14776      strumu    60.0 188.23275 +30.09997 /data/raw/bok/u/201602/J7450/good/d7450.0136.fits
0137 object   14777      strumu    60.0 189.15733 +30.09997 /data/raw/bok/u/201602/J7450/good/d7450.0137.fits
0138 object   15100      strumu    60.0 184.19338 +30.90000 /data/raw/bok/u/201602/J7450/good/d7450.0138.fits
0139 object   15101      strumu    60.0 185.12558 +30.90000 /data/raw/bok/u/201602/J7450/good/d7450.0139.fits
0140 object   15102      strumu    60.0 186.05813 +30.90000 /data/raw/bok/u/201602/J7450/good/d7450.0140.fits
0141 object   15103      strumu    60.0 186.99042 +30.89997 /data/raw/bok/u/201602/J7450/good/d7450.0141.fits
0142 object   15104      strumu    60.0 187.92288 +30.89997 /data/raw/bok/u/201602/J7450/good/d7450.0142.fits
0143 object   15105      strumu    60.0 188.85504 +30.90000 /data/raw/bok/u/201602/J7450/good/d7450.0143.fits
0144 object   15106      strumu    60.0 189.78746 +30.90000 /data/raw/bok/u/201602/J7450/good/d7450.0144.fits
0145 object   10606      strumu    60.0 198.62858 +20.50025 /data/raw/bok/u/201602/J7450/good/d7450.0145.fits
0146 object   10607      strumu    60.0 199.48279 +20.49997 /data/raw/bok/u/201602/J7450/good/d7450.0146.fits
0147 object   14443      strumu    60.0 186.73975 +29.30003 /data/raw/bok/u/201602/J7450/good/d7450.0147.fits
0148 object   14444      strumu    60.0 187.65713 +29.30000 /data/raw/bok/u/201602/J7450/good/d7450.0148.fits
0149 object   14445      strumu    60.0 188.57429 +29.30000 /data/raw/bok/u/201602/J7450/good/d7450.0149.fits
0150 object   15425      strumu    60.0 183.88329 +31.70000 /data/raw/bok/u/201602/J7450/good/d7450.0150.fits
0151 object   15426      strumu    60.0 184.82358 +31.70000 /data/raw/bok/u/201602/J7450/good/d7450.0151.fits
0152 object   15427      strumu    60.0 185.76367 +31.70000 /data/raw/bok/u/201602/J7450/good/d7450.0152.fits
0153 object   15428      strumu    60.0 186.70413 +31.70000 /data/raw/bok/u/201602/J7450/good/d7450.0153.fits
0154 object   15429      strumu    60.0 187.64437 +31.69997 /data/raw/bok/u/201602/J7450/good/d7450.0154.fits
0155 object   15430      strumu    60.0 188.58454 +31.70000 /data/raw/bok/u/201602/J7450/good/d7450.0155.fits
0156 object   15431      strumu    60.0 189.52483 +31.70000 /data/raw/bok/u/201602/J7450/good/d7450.0156.fits
0157 object   13773      strumu    60.0 189.35071 +27.70008 /data/raw/bok/u/201602/J7450/good/d7450.0157.fits
0158 object   13774      strumu    60.0 190.25446 +27.70000 /data/raw/bok/u/201602/J7450/good/d7450.0158.fits
0159 object   13775      strumu    60.0 191.15775 +27.70000 /data/raw/bok/u/201602/J7450/good/d7450.0159.fits
0160 object   13776      strumu    60.0 192.06158 +27.70000 /data/raw/bok/u/201602/J7450/good/d7450.0160.fits
0161 object   13777      strumu    60.0 192.96471 +27.70000 /data/raw/bok/u/201602/J7450/good/d7450.0161.fits
0162 object   13778      strumu    60.0 193.86846 +27.70000 /data/raw/bok/u/201602/J7450/good/d7450.0162.fits
0163 object   13779      strumu    60.0 194.77200 +27.70000 /data/raw/bok/u/201602/J7450/good/d7450.0163.fits
0164 object   15747      strumu    60.0 184.55242 +32.49997 /data/raw/bok/u/201602/J7450/good/d7450.0164.fits
0165 object   15748      strumu    60.0 185.50104 +32.49997 /data/raw/bok/u/201602/J7450/good/d7450.0165.fits
0166 object   15749      strumu    60.0 186.44938 +32.49997 /data/raw/bok/u/201602/J7450/good/d7450.0166.fits
0167 object   15750      strumu    60.0 187.39829 +32.49997 /data/raw/bok/u/201602/J7450/good/d7450.0167.fits
0168 object   15751      strumu    60.0 188.34650 +32.49994 /data/raw/bok/u/201602/J7450/good/d7450.0168.fits
0169 object   15752      strumu    60.0 189.29525 +32.49994 /data/raw/bok/u/201602/J7450/good/d7450.0169.fits
0170 object   15753      strumu    60.0 190.24367 +32.49997 /data/raw/bok/u/201602/J7450/good/d7450.0170.fits
0171 object   14111      strumu    60.0 189.85729 +28.50011 /data/raw/bok/u/201602/J7450/good/d7450.0171.fits
0172 object   14112      strumu    60.0 190.76783 +28.49997 /data/raw/bok/u/201602/J7450/good/d7450.0172.fits
0173 object   14113      strumu    60.0 191.67833 +28.50000 /data/raw/bok/u/201602/J7450/good/d7450.0173.fits
0174 object   14114      strumu    60.0 192.58817 +28.50000 /data/raw/bok/u/201602/J7450/good/d7450.0174.fits
0175 object   14115      strumu    60.0 193.49854 +28.50000 /data/raw/bok/u/201602/J7450/good/d7450.0175.fits
0176 object   14116      strumu    60.0 194.40900 +28.50000 /data/raw/bok/u/201602/J7450/good/d7450.0176.fits
0177 object   14117      strumu    60.0 195.31942 +28.50000 /data/raw/bok/u/201602/J7450/good/d7450.0177.fits
0178 object   10608      strumu    60.0 200.33692 +20.50003 /data/raw/bok/u/201602/J7450/good/d7450.0178.fits
0179 object   10609      strumu    60.0 201.19067 +20.50000 /data/raw/bok/u/201602/J7450/good/d7450.0179.fits
0180 object   10610      strumu    60.0 202.04454 +20.50000 /data/raw/bok/u/201602/J7450/good/d7450.0180.fits
0181 object   10611      strumu    60.0 202.89883 +20.50000 /data/raw/bok/u/201602/J7450/good/d7450.0181.fits
0182 object   10612      strumu    60.0 203.75325 +20.50000 /data/raw/bok/u/201602/J7450/good/d7450.0182.fits
0183 object   10613      strumu    60.0 204.60721 +20.49997 /data/raw/bok/u/201602/J7450/good/d7450.0183.fits
0184 object   10614      strumu    60.0 205.46108 +20.50000 /data/raw/bok/u/201602/J7450/good/d7450.0184.fits
0185 object   14446      strumu    60.0 189.49179 +29.30003 /data/raw/bok/u/201602/J7450/good/d7450.0185.fits
0186 object   14447      strumu    60.0 190.40908 +29.30000 /data/raw/bok/u/201602/J7450/good/d7450.0186.fits
0187 object   14448      strumu    60.0 191.32667 +29.30000 /data/raw/bok/u/201602/J7450/good/d7450.0187.fits
0188 object   14449      strumu    60.0 192.24354 +29.30000 /data/raw/bok/u/201602/J7450/good/d7450.0188.fits
0189 object   14450      strumu    60.0 193.16092 +29.29997 /data/raw/bok/u/201602/J7450/good/d7450.0189.fits
0190 object   14451      strumu    60.0 194.07867 +29.30000 /data/raw/bok/u/201602/J7450/good/d7450.0190.fits
0191 object   14452      strumu    60.0 194.99567 +29.30000 /data/raw/bok/u/201602/J7450/good/d7450.0191.fits
0192 object   12042      strumu    60.0 196.19654 +23.70014 /data/raw/bok/u/201602/J7450/good/d7450.0192.fits
0193 object   12043      strumu    60.0 197.07017 +23.70000 /data/raw/bok/u/201602/J7450/good/d7450.0193.fits
0194 object   12044      strumu    60.0 197.94387 +23.70000 /data/raw/bok/u/201602/J7450/good/d7450.0194.fits
0195 object   12045      strumu    60.0 198.81763 +23.70000 /data/raw/bok/u/201602/J7450/good/d7450.0195.fits
0196 object   12046      strumu    60.0 199.69104 +23.70000 /data/raw/bok/u/201602/J7450/good/d7450.0196.fits
0197 object   10971      strumu    60.0 200.54900 +21.30019 /data/raw/bok/u/201602/J7450/good/d7450.0197.fits
0198 object   10972      strumu    60.0 201.40758 +21.30000 /data/raw/bok/u/201602/J7450/good/d7450.0198.fits
0199 object   10973      strumu    60.0 202.26658 +21.30000 /data/raw/bok/u/201602/J7450/good/d7450.0199.fits
0200 object   10974      strumu    60.0 203.12546 +21.30000 /data/raw/bok/u/201602/J7450/good/d7450.0200.fits
0201 object   10975      strumu    60.0 203.98363 +21.30000 /data/raw/bok/u/201602/J7450/good/d7450.0201.fits
0202 object   10976      strumu    60.0 204.84233 +21.30000 /data/raw/bok/u/201602/J7450/good/d7450.0202.fits
0203 object   10977      strumu    60.0 205.70083 +21.30000 /data/raw/bok/u/201602/J7450/good/d7450.0203.fits
0204 object   10615      strumu    60.0 206.31538 +20.50008 /data/raw/bok/u/201602/J7450/good/d7450.0204.fits
0205 object   10616      strumu    60.0 207.16921 +20.50000 /data/raw/bok/u/201602/J7450/good/d7450.0205.fits
0206 object   10617      strumu    60.0 208.02346 +20.50000 /data/raw/bok/u/201602/J7450/good/d7450.0206.fits
0207 object   10618      strumu    60.0 208.87787 +20.50000 /data/raw/bok/u/201602/J7450/good/d7450.0207.fits
0208 object   10619      strumu    60.0 209.73154 +20.50000 /data/raw/bok/u/201602/J7450/good/d7450.0208.fits
0209 object   10620      strumu    60.0 210.58542 +20.50000 /data/raw/bok/u/201602/J7450/good/d7450.0209.fits
0210 object   10621      strumu    60.0 211.43967 +20.49997 /data/raw/bok/u/201602/J7450/good/d7450.0210.fits
0211 object   10622      strumu    60.0 212.29404 +20.50000 /data/raw/bok/u/201602/J7450/good/d7450.0211.fits
0212 object   10623      strumu    60.0 213.14821 +20.50000 /data/raw/bok/u/201602/J7450/good/d7450.0212.fits
0213 object   10624      strumu    60.0 214.00175 +20.50000 /data/raw/bok/u/201602/J7450/good/d7450.0213.fits
0214 object   10625      strumu    60.0 214.85592 +20.50000 /data/raw/bok/u/201602/J7450/good/d7450.0214.fits
0215 object   10626      strumu    60.0 215.71013 +20.50000 /data/raw/bok/u/201602/J7450/good/d7450.0215.fits
0216 object   10627      strumu    60.0 216.56425 +20.50000 /data/raw/bok/u/201602/J7450/good/d7450.0216.fits
0217 object   10628      strumu    60.0 217.41854 +20.50000 /data/raw/bok/u/201602/J7450/good/d7450.0217.fits
0218 object   11687      strumu    60.0 196.75746 +22.89997 /data/raw/bok/u/201602/J7450/good/d7450.0218.fits
0219 object   11688      strumu    60.0 197.62571 +22.89994 /data/raw/bok/u/201602/J7450/good/d7450.0219.fits
0220 object   11689      strumu    60.0 198.49388 +22.89994 /data/raw/bok/u/201602/J7450/good/d7450.0220.fits
0221 object   11690      strumu    60.0 199.36246 +22.89997 /data/raw/bok/u/201602/J7450/good/d7450.0221.fits
0222 object   11691      strumu    60.0 200.23087 +22.90000 /data/raw/bok/u/201602/J7450/good/d7450.0222.fits
0223 object   11692      strumu    60.0 201.09954 +22.89997 /data/raw/bok/u/201602/J7450/good/d7450.0223.fits
0224 object   11693      strumu    60.0 201.96775 +22.89997 /data/raw/bok/u/201602/J7450/good/d7450.0224.fits
0225 object   11694      strumu    60.0 202.83654 +22.89994 /data/raw/bok/u/201602/J7450/good/d7450.0225.fits
0226 object   11695      strumu    60.0 203.70504 +22.89997 /data/raw/bok/u/201602/J7450/good/d7450.0226.fits
0227 object   11696      strumu    60.0 204.57296 +22.89997 /data/raw/bok/u/201602/J7450/good/d7450.0227.fits
0228 object   11697      strumu    60.0 205.44142 +22.89997 /data/raw/bok/u/201602/J7450/good/d7450.0228.fits
0229 object   12054      strumu    60.0 206.68067 +23.70003 /data/raw/bok/u/201602/J7450/good/d7450.0229.fits
0230 object   12055      strumu    60.0 207.55421 +23.70003 /data/raw/bok/u/201602/J7450/good/d7450.0230.fits
0231 object   12056      strumu    60.0 208.42796 +23.70000 /data/raw/bok/u/201602/J7450/good/d7450.0231.fits
0232 object   12057      strumu    60.0 209.30208 +23.70000 /data/raw/bok/u/201602/J7450/good/d7450.0232.fits
0233 object   12058      strumu    60.0 210.17575 +23.70000 /data/raw/bok/u/201602/J7450/good/d7450.0233.fits
0234 object   12059      strumu    60.0 211.04883 +23.70000 /data/raw/bok/u/201602/J7450/good/d7450.0234.fits
0235 object   12060      strumu    60.0 211.92296 +23.70000 /data/raw/bok/u/201602/J7450/good/d7450.0235.fits
0236 object   11698      strumu    60.0 206.31033 +22.90000 /data/raw/bok/u/201602/J7450/good/d7450.0236.fits
0237 object   11699      strumu    60.0 207.17858 +22.89997 /data/raw/bok/u/201602/J7450/good/d7450.0237.fits
0238 object   11700      strumu    60.0 208.04654 +22.89997 /data/raw/bok/u/201602/J7450/good/d7450.0238.fits
0239 object   11701      strumu    60.0 208.91517 +22.89997 /data/raw/bok/u/201602/J7450/good/d7450.0239.fits
0240 object   11702      strumu    60.0 209.78387 +22.89997 /data/raw/bok/u/201602/J7450/good/d7450.0240.fits
0241 object   11703      strumu    60.0 210.65225 +22.89997 /data/raw/bok/u/201602/J7450/good/d7450.0241.fits
0242 object   11704      strumu    60.0 211.52087 +22.89997 /data/raw/bok/u/201602/J7450/good/d7450.0242.fits
0243 object   10636      strumu    60.0 224.25113 +20.50000 /data/raw/bok/u/201602/J7450/good/d7450.0243.fits
0244 object   10637      strumu    60.0 225.10533 +20.50000 /data/raw/bok/u/201602/J7450/good/d7450.0244.fits
0245 object   10638      strumu    60.0 225.95958 +20.50000 /data/raw/bok/u/201602/J7450/good/d7450.0245.fits
0246 object   10639      strumu    60.0 226.81367 +20.50000 /data/raw/bok/u/201602/J7450/good/d7450.0246.fits
0247 object   10640      strumu    60.0 227.66737 +20.50000 /data/raw/bok/u/201602/J7450/good/d7450.0247.fits
0248 object   10641      strumu    60.0 228.52133 +20.50000 /data/raw/bok/u/201602/J7450/good/d7450.0248.fits
0249 object   10642      strumu    60.0 229.37562 +20.50000 /data/raw/bok/u/201602/J7450/good/d7450.0249.fits
0250 object   10643      strumu    60.0 230.22988 +20.50000 /data/raw/bok/u/201602/J7450/good/d7450.0250.fits
0251 object   10644      strumu    60.0 231.08392 +20.50000 /data/raw/bok/u/201602/J7450/good/d7450.0251.fits
0252 object   10645      strumu    60.0 231.93783 +20.50000 /data/raw/bok/u/201602/J7450/good/d7450.0252.fits
0253 object   10646      strumu    60.0 232.79200 +20.50000 /data/raw/bok/u/201602/J7450/good/d7450.0253.fits
0254 object   10647      strumu    60.0 233.64604 +20.50000 /data/raw/bok/u/201602/J7450/good/d7450.0254.fits
0255 object   10648      strumu    60.0 234.50033 +20.50000 /data/raw/bok/u/201602/J7450/good/d7450.0255.fits
0256 object   10649      strumu    60.0 235.35438 +20.50000 /data/raw/bok/u/201602/J7450/good/d7450.0256.fits
0257 object   10999      strumu    60.0 224.59154 +21.30000 /data/raw/bok/u/201602/J7450/good/d7450.0257.fits
0258 object   11000      strumu    60.0 225.45008 +21.30000 /data/raw/bok/u/201602/J7450/good/d7450.0258.fits
0259 object   11001      strumu    60.0 226.30867 +21.29997 /data/raw/bok/u/201602/J7450/good/d7450.0259.fits
0260 object   11002      strumu    60.0 227.16717 +21.30000 /data/raw/bok/u/201602/J7450/good/d7450.0260.fits
0261 object   11003      strumu    60.0 228.02612 +21.30000 /data/raw/bok/u/201602/J7450/good/d7450.0261.fits
0262 object   11004      strumu    60.0 228.88471 +21.30000 /data/raw/bok/u/201602/J7450/good/d7450.0262.fits
0263 object   11005      strumu    60.0 229.74338 +21.30000 /data/raw/bok/u/201602/J7450/good/d7450.0263.fits
0264 object   11007      strumu    60.0 231.46067 +21.30000 /data/raw/bok/u/201602/J7450/good/d7450.0264.fits
0265 object   11008      strumu    60.0 232.31950 +21.29997 /data/raw/bok/u/201602/J7450/good/d7450.0265.fits
0266 object   11009      strumu    60.0 233.17763 +21.30000 /data/raw/bok/u/201602/J7450/good/d7450.0266.fits
0267 object   11010      strumu    60.0 234.03650 +21.30000 /data/raw/bok/u/201602/J7450/good/d7450.0267.fits
0268 object   11011      strumu    60.0 234.89513 +21.30000 /data/raw/bok/u/201602/J7450/good/d7450.0268.fits
0269 object   11012      strumu    60.0 235.75383 +21.30000 /data/raw/bok/u/201602/J7450/good/d7450.0269.fits
0276 object   11381      strumu    60.0 242.24829 +22.10003 /data/raw/bok/u/201602/J7450/good/d7450.0276.fits
0277 object   11382      strumu    60.0 243.11167 +22.10000 /data/raw/bok/u/201602/J7450/good/d7450.0277.fits
0278 object   11383      strumu    60.0 243.97483 +22.10000 /data/raw/bok/u/201602/J7450/good/d7450.0278.fits
0279 object   11384      strumu    60.0 244.83863 +22.09997 /data/raw/bok/u/201602/J7450/good/d7450.0279.fits
0280 object   11385      strumu    60.0 245.70175 +22.10000 /data/raw/bok/u/201602/J7450/good/d7450.0280.fits
0281 object   11386      strumu    60.0 246.56512 +22.10000 /data/raw/bok/u/201602/J7450/good/d7450.0281.fits
0282 object   11387      strumu    60.0 247.42912 +22.10000 /data/raw/bok/u/201602/J7450/good/d7450.0282.fits
0283 object   10659      strumu    60.0 243.89546 +20.49997 /data/raw/bok/u/201602/J7450/good/d7450.0283.fits
0284 object   10660      strumu    60.0 244.74942 +20.50000 /data/raw/bok/u/201602/J7450/good/d7450.0284.fits
0285 object   10661      strumu    60.0 245.60362 +20.50000 /data/raw/bok/u/201602/J7450/good/d7450.0285.fits
0286 object   10662      strumu    60.0 246.45729 +20.50000 /data/raw/bok/u/201602/J7450/good/d7450.0286.fits
0287 object   10663      strumu    60.0 247.31133 +20.50000 /data/raw/bok/u/201602/J7450/good/d7450.0287.fits
0288 object   11020      strumu    60.0 242.62333 +21.30000 /data/raw/bok/u/201602/J7450/good/d7450.0288.fits
0289 object   11021      strumu    60.0 243.48179 +21.30000 /data/raw/bok/u/201602/J7450/good/d7450.0289.fits
0290 object   11022      strumu    60.0 244.34013 +21.30000 /data/raw/bok/u/201602/J7450/good/d7450.0290.fits
0291 object   11023      strumu    60.0 245.19908 +21.30000 /data/raw/bok/u/201602/J7450/good/d7450.0291.fits
0292 object   11024      strumu    60.0 246.05779 +21.30000 /data/raw/bok/u/201602/J7450/good/d7450.0292.fits
0293 object   11025      strumu    60.0 246.91642 +21.30000 /data/raw/bok/u/201602/J7450/good/d7450.0293.fits
0294 object   11026      strumu    60.0 247.77512 +21.30000 /data/raw/bok/u/201602/J7450/good/d7450.0294.fits
0295 object   11733      strumu    60.0 236.70579 +22.89997 /data/raw/bok/u/201602/J7450/good/d7450.0295.fits
0296 object   11734      strumu    60.0 237.57404 +22.89997 /data/raw/bok/u/201602/J7450/good/d7450.0296.fits
0297 object   11735      strumu    60.0 238.44288 +22.89997 /data/raw/bok/u/201602/J7450/good/d7450.0297.fits
0298 object   11736      strumu    60.0 239.31125 +22.89997 /data/raw/bok/u/201602/J7450/good/d7450.0298.fits
0299 object   11737      strumu    60.0 240.17942 +22.89997 /data/raw/bok/u/201602/J7450/good/d7450.0299.fits
0300 object   11738      strumu    60.0 241.04792 +22.89997 /data/raw/bok/u/201602/J7450/good/d7450.0300.fits
0301 object   11739      strumu    60.0 241.91654 +22.89997 /data/raw/bok/u/201602/J7450/good/d7450.0301.fits
0302 object   10664      strumu    60.0 248.16575 +20.50000 /data/raw/bok/u/201602/J7450/good/d7450.0302.fits
0303 object   10665      strumu    60.0 249.01975 +20.50000 /data/raw/bok/u/201602/J7450/good/d7450.0303.fits
0304 object   10666      strumu    60.0 249.87408 +20.50000 /data/raw/bok/u/201602/J7450/good/d7450.0304.fits
0305 object   10667      strumu    60.0 250.72767 +20.50000 /data/raw/bok/u/201602/J7450/good/d7450.0305.fits
0306 object   10668      strumu    60.0 251.58179 +20.50000 /data/raw/bok/u/201602/J7450/good/d7450.0306.fits
0307 object   10669      strumu    60.0 252.43613 +20.50003 /data/raw/bok/u/201602/J7450/good/d7450.0307.fits
0308 object   10670      strumu    60.0 253.29017 +20.50000 /data/raw/bok/u/201602/J7450/good/d7450.0308.fits
0309 object   12082      strumu    60.0 231.14429 +23.69997 /data/raw/bok/u/201602/J7450/good/d7450.0309.fits
0310 object   12083      strumu    60.0 232.01779 +23.70000 /data/raw/bok/u/201602/J7450/good/d7450.0310.fits
0311 object   12084      strumu    60.0 232.89150 +23.70000 /data/raw/bok/u/201602/J7450/good/d7450.0311.fits
0312 object   12085      strumu    60.0 233.76500 +23.69997 /data/raw/bok/u/201602/J7450/good/d7450.0312.fits
0313 object   12086      strumu    60.0 234.63875 +23.70000 /data/raw/bok/u/201602/J7450/good/d7450.0313.fits
0314 object   12087      strumu    60.0 235.51250 +23.70000 /data/raw/bok/u/201602/J7450/good/d7450.0314.fits
0315 object   12088      strumu    60.0 236.38617 +23.70000 /data/raw/bok/u/201602/J7450/good/d7450.0315.fits
0107 object   13353      strumv    60.0 119.81421 +26.89997 /data/raw/bok/v/201602/J7450/good/d7450.0107.fits
0108 object   13354      strumv    60.0 120.71108 +26.89992 /data/raw/bok/v/201602/J7450/good/d7450.0108.fits
0109 object   13355      strumv    60.0 121.60833 +26.89994 /data/raw/bok/v/201602/J7450/good/d7450.0109.fits
0110 object   13356      strumv    60.0 122.50537 +26.89994 /data/raw/bok/v/201602/J7450/good/d7450.0110.fits
0270 object   11007      strumv    60.0 231.46092 +21.30003 /data/raw/bok/v/201602/J7450/good/d7450.0270.fits
0271 object   11008      strumv    60.0 232.31950 +21.30000 /data/raw/bok/v/201602/J7450/good/d7450.0271.fits
0272 object   11009      strumv    60.0 233.17771 +21.30000 /data/raw/bok/v/201602/J7450/good/d7450.0272.fits
0273 object   11010      strumv    60.0 234.03637 +21.30000 /data/raw/bok/v/201602/J7450/good/d7450.0273.fits
0274 object   11011      strumv    60.0 234.89525 +21.30000 /data/raw/bok/v/201602/J7450/good/d7450.0274.fits
0275 object   11012      strumv    60.0 235.75396 +21.30000 /data/raw/bok/v/201602/J7450/good/d7450.0275.fits
