0032 object   10850      strumu    60.0  71.75121 +21.30003 /data/raw/bok/u/201602/J7448/good/d7448.0032.fits
0033 object   10851      strumu    60.0  72.60979 +21.29997 /data/raw/bok/u/201602/J7448/good/d7448.0033.fits
0034 object   10852      strumu    60.0  73.46808 +21.29997 /data/raw/bok/u/201602/J7448/good/d7448.0034.fits
0035 object   10853      strumu    60.0  74.32696 +21.29997 /data/raw/bok/u/201602/J7448/good/d7448.0035.fits
0036 object   10848      strumu    60.0  70.03392 +21.30000 /data/raw/bok/u/201602/J7448/good/d7448.0036.fits
0037 object   10849      strumu    60.0  70.89246 +21.29997 /data/raw/bok/u/201602/J7448/good/d7448.0037.fits
0038 object   11213      strumu    60.0  73.01438 +22.10000 /data/raw/bok/u/201602/J7448/good/d7448.0038.fits
0039 object   11214      strumu    60.0  73.87783 +22.09997 /data/raw/bok/u/201602/J7448/good/d7448.0039.fits
0040 object   11215      strumu    60.0  74.74121 +22.09994 /data/raw/bok/u/201602/J7448/good/d7448.0040.fits
0041 object   11216      strumu    60.0  75.60475 +22.09997 /data/raw/bok/u/201602/J7448/good/d7448.0041.fits
0042 object   11217      strumu    60.0  76.46821 +22.09994 /data/raw/bok/u/201602/J7448/good/d7448.0042.fits
0043 object   11218      strumu    60.0  77.33150 +22.09997 /data/raw/bok/u/201602/J7448/good/d7448.0043.fits
0044 object   11219      strumu    60.0  78.19517 +22.09994 /data/raw/bok/u/201602/J7448/good/d7448.0044.fits
0045 object   11220      strumu    60.0 103.23483 +22.10006 /data/raw/bok/u/201602/J7448/good/d7448.0045.fits
0046 object   11221      strumu    60.0 104.09812 +22.10000 /data/raw/bok/u/201602/J7448/good/d7448.0046.fits
0047 object   11222      strumu    60.0 104.96146 +22.09997 /data/raw/bok/u/201602/J7448/good/d7448.0047.fits
0048 object   11223      strumu    60.0 105.82496 +22.09997 /data/raw/bok/u/201602/J7448/good/d7448.0048.fits
0049 object   11224      strumu    60.0 106.68833 +22.09997 /data/raw/bok/u/201602/J7448/good/d7448.0049.fits
0050 object   11225      strumu    60.0 107.55188 +22.09997 /data/raw/bok/u/201602/J7448/good/d7448.0050.fits
0051 object   11226      strumu    60.0 108.41529 +22.10000 /data/raw/bok/u/201602/J7448/good/d7448.0051.fits
0052 object   11227      strumu    60.0 109.27854 +22.10000 /data/raw/bok/u/201602/J7448/good/d7448.0052.fits
0053 object   11228      strumu    60.0 110.14217 +22.09997 /data/raw/bok/u/201602/J7448/good/d7448.0053.fits
0054 object   11229      strumu    60.0 111.00567 +22.10000 /data/raw/bok/u/201602/J7448/good/d7448.0054.fits
0055 object   11230      strumu    60.0 111.86908 +22.10000 /data/raw/bok/u/201602/J7448/good/d7448.0055.fits
0056 object   11231      strumu    60.0 112.73233 +22.09997 /data/raw/bok/u/201602/J7448/good/d7448.0056.fits
0057 object   11232      strumu    60.0 113.59587 +22.09997 /data/raw/bok/u/201602/J7448/good/d7448.0057.fits
0058 object   11212      strumu    60.0  72.15108 +22.09992 /data/raw/bok/u/201602/J7448/good/d7448.0058.fits
0059 object   11942      strumu    60.0 108.82817 +23.70003 /data/raw/bok/u/201602/J7448/good/d7448.0059.fits
0060 object   11943      strumu    60.0 109.70196 +23.69997 /data/raw/bok/u/201602/J7448/good/d7448.0060.fits
0061 object   11944      strumu    60.0 110.57537 +23.69997 /data/raw/bok/u/201602/J7448/good/d7448.0061.fits
0062 object   11945      strumu    60.0 111.44896 +23.69997 /data/raw/bok/u/201602/J7448/good/d7448.0062.fits
0063 object   11946      strumu    60.0 112.32283 +23.69997 /data/raw/bok/u/201602/J7448/good/d7448.0063.fits
0064 object   11947      strumu    60.0 113.19654 +23.69994 /data/raw/bok/u/201602/J7448/good/d7448.0064.fits
0065 object   11930      strumu    60.0  73.00721 +23.69997 /data/raw/bok/u/201602/J7448/good/d7448.0065.fits
0066 object   11931      strumu    60.0  73.88075 +23.69994 /data/raw/bok/u/201602/J7448/good/d7448.0066.fits
0067 object   11932      strumu    60.0  74.75442 +23.69994 /data/raw/bok/u/201602/J7448/good/d7448.0067.fits
0068 object   11933      strumu    60.0  75.62808 +23.69997 /data/raw/bok/u/201602/J7448/good/d7448.0068.fits
0069 object   11934      strumu    60.0  76.50162 +23.69994 /data/raw/bok/u/201602/J7448/good/d7448.0069.fits
0070 object   11927      strumu    60.0  70.38629 +23.70003 /data/raw/bok/u/201602/J7448/good/d7448.0070.fits
0071 object   11928      strumu    60.0  71.25992 +23.69994 /data/raw/bok/u/201602/J7448/good/d7448.0071.fits
0072 object   11929      strumu    60.0  72.13333 +23.70000 /data/raw/bok/u/201602/J7448/good/d7448.0072.fits
0079 object   12302      strumu    60.0 113.90596 +24.50000 /data/raw/bok/u/201602/J7448/good/d7448.0079.fits
0080 object   12303      strumu    60.0 114.78483 +24.49994 /data/raw/bok/u/201602/J7448/good/d7448.0080.fits
0082 object   12304      strumu    60.0 115.66404 +24.49997 /data/raw/bok/u/201602/J7448/good/d7448.0082.fits
0083 object   12305      strumu    60.0 116.54329 +24.49997 /data/raw/bok/u/201602/J7448/good/d7448.0083.fits
0084 object   12306      strumu    60.0 117.42254 +24.49997 /data/raw/bok/u/201602/J7448/good/d7448.0084.fits
0085 object   12307      strumu    60.0 118.30137 +24.49997 /data/raw/bok/u/201602/J7448/good/d7448.0085.fits
0086 object   12308      strumu    60.0 119.18054 +24.49997 /data/raw/bok/u/201602/J7448/good/d7448.0086.fits
0087 object   12309      strumu    60.0 120.05996 +24.49997 /data/raw/bok/u/201602/J7448/good/d7448.0087.fits
0088 object   12670      strumu    60.0 128.80433 +25.30000 /data/raw/bok/u/201602/J7448/good/d7448.0088.fits
0089 object   12671      strumu    60.0 129.68912 +25.29997 /data/raw/bok/u/201602/J7448/good/d7448.0089.fits
0090 object   12672      strumu    60.0 130.57429 +25.29997 /data/raw/bok/u/201602/J7448/good/d7448.0090.fits
0091 object   12673      strumu    60.0 131.45904 +25.29997 /data/raw/bok/u/201602/J7448/good/d7448.0091.fits
0092 object   12674      strumu    60.0 132.34400 +25.29997 /data/raw/bok/u/201602/J7448/good/d7448.0092.fits
0093 object   12326      strumu    60.0 135.00554 +24.49997 /data/raw/bok/u/201602/J7448/good/d7448.0093.fits
0094 object   12327      strumu    60.0 135.88467 +24.50000 /data/raw/bok/u/201602/J7448/good/d7448.0094.fits
0095 object   12328      strumu    60.0 136.76383 +24.50000 /data/raw/bok/u/201602/J7448/good/d7448.0095.fits
0096 object   12329      strumu    60.0 137.64304 +24.49997 /data/raw/bok/u/201602/J7448/good/d7448.0096.fits
0097 object   12330      strumu    60.0 138.52221 +24.50000 /data/raw/bok/u/201602/J7448/good/d7448.0097.fits
0098 object   12331      strumu    60.0 139.40133 +24.50000 /data/raw/bok/u/201602/J7448/good/d7448.0098.fits
0099 object   12332      strumu    60.0 140.28062 +24.50000 /data/raw/bok/u/201602/J7448/good/d7448.0099.fits
0100 object   12340      strumu    60.0 147.31375 +24.50000 /data/raw/bok/u/201602/J7448/good/d7448.0100.fits
0101 object   12341      strumu    60.0 148.19304 +24.50000 /data/raw/bok/u/201602/J7448/good/d7448.0101.fits
0102 object   12342      strumu    60.0 149.07221 +24.49997 /data/raw/bok/u/201602/J7448/good/d7448.0102.fits
0103 object   12343      strumu    60.0 149.95121 +24.49997 /data/raw/bok/u/201602/J7448/good/d7448.0103.fits
0104 object   12344      strumu    60.0 150.83054 +24.50000 /data/raw/bok/u/201602/J7448/good/d7448.0104.fits
0105 object   12345      strumu    60.0 151.70962 +24.50000 /data/raw/bok/u/201602/J7448/good/d7448.0105.fits
0106 object   12346      strumu    60.0 152.58875 +24.50000 /data/raw/bok/u/201602/J7448/good/d7448.0106.fits
0107 object   11637      strumu    60.0 153.33496 +22.90006 /data/raw/bok/u/201602/J7448/good/d7448.0107.fits
0108 object   12347      strumu    60.0 153.46779 +24.49983 /data/raw/bok/u/201602/J7448/good/d7448.0108.fits
0109 object   11279      strumu    60.0 154.17763 +22.10025 /data/raw/bok/u/201602/J7448/good/d7448.0109.fits
0110 object   10917      strumu    60.0 154.18187 +21.30014 /data/raw/bok/u/201602/J7448/good/d7448.0110.fits
0111 object   12348      strumu    60.0 154.34704 +24.49983 /data/raw/bok/u/201602/J7448/good/d7448.0111.fits
0112 object   10918      strumu    60.0 155.04050 +21.30006 /data/raw/bok/u/201602/J7448/good/d7448.0112.fits
0113 object   11280      strumu    60.0 155.04092 +22.09986 /data/raw/bok/u/201602/J7448/good/d7448.0113.fits
0114 object   12349      strumu    60.0 155.22617 +24.49983 /data/raw/bok/u/201602/J7448/good/d7448.0114.fits
0115 object   11281      strumu    60.0 155.90425 +22.10006 /data/raw/bok/u/201602/J7448/good/d7448.0115.fits
0116 object   12350      strumu    60.0 156.10525 +24.49989 /data/raw/bok/u/201602/J7448/good/d7448.0116.fits
0117 object   12351      strumu    60.0 156.98433 +24.49997 /data/raw/bok/u/201602/J7448/good/d7448.0117.fits
0118 object   10559      strumu    60.0 158.48654 +20.50011 /data/raw/bok/u/201602/J7448/good/d7448.0118.fits
0119 object   11999      strumu    60.0 158.62817 +23.69981 /data/raw/bok/u/201602/J7448/good/d7448.0119.fits
0120 object   10560      strumu    60.0 159.34050 +20.50011 /data/raw/bok/u/201602/J7448/good/d7448.0120.fits
0121 object   12000      strumu    60.0 159.50183 +23.69983 /data/raw/bok/u/201602/J7448/good/d7448.0121.fits
0122 object   10561      strumu    60.0 160.19458 +20.50008 /data/raw/bok/u/201602/J7448/good/d7448.0122.fits
0123 object   12001      strumu    60.0 160.37562 +23.69981 /data/raw/bok/u/201602/J7448/good/d7448.0123.fits
0124 object   10562      strumu    60.0 161.04858 +20.50031 /data/raw/bok/u/201602/J7448/good/d7448.0124.fits
0125 object   12002      strumu    60.0 161.24921 +23.69969 /data/raw/bok/u/201602/J7448/good/d7448.0125.fits
0126 object   10563      strumu    60.0 161.90283 +20.50014 /data/raw/bok/u/201602/J7448/good/d7448.0126.fits
0127 object   10926      strumu    60.0 161.90975 +21.29992 /data/raw/bok/u/201602/J7448/good/d7448.0127.fits
0128 object   12003      strumu    60.0 162.12292 +23.69983 /data/raw/bok/u/201602/J7448/good/d7448.0128.fits
0129 object   10564      strumu    60.0 162.75687 +20.50011 /data/raw/bok/u/201602/J7448/good/d7448.0129.fits
0130 object   10927      strumu    60.0 162.76837 +21.29981 /data/raw/bok/u/201602/J7448/good/d7448.0130.fits
0131 object   11289      strumu    60.0 162.81179 +22.09986 /data/raw/bok/u/201602/J7448/good/d7448.0131.fits
0132 object   11648      strumu    60.0 162.88771 +22.89981 /data/raw/bok/u/201602/J7448/good/d7448.0132.fits
0133 object   12004      strumu    60.0 162.99667 +23.69989 /data/raw/bok/u/201602/J7448/good/d7448.0133.fits
0134 object   10565      strumu    60.0 163.61088 +20.50006 /data/raw/bok/u/201602/J7448/good/d7448.0134.fits
0135 object   10928      strumu    60.0 163.62708 +21.29983 /data/raw/bok/u/201602/J7448/good/d7448.0135.fits
0136 object   11290      strumu    60.0 163.67538 +22.09986 /data/raw/bok/u/201602/J7448/good/d7448.0136.fits
0137 object   11649      strumu    60.0 163.75625 +22.89975 /data/raw/bok/u/201602/J7448/good/d7448.0137.fits
0138 object   12005      strumu    60.0 163.87021 +23.69983 /data/raw/bok/u/201602/J7448/good/d7448.0138.fits
0139 object   10566      strumu    60.0 164.46513 +20.50028 /data/raw/bok/u/201602/J7448/good/d7448.0139.fits
0140 object   10929      strumu    60.0 164.48567 +21.29989 /data/raw/bok/u/201602/J7448/good/d7448.0140.fits
0141 object   11291      strumu    60.0 164.53867 +22.09972 /data/raw/bok/u/201602/J7448/good/d7448.0141.fits
0142 object   11650      strumu    60.0 164.62483 +22.89986 /data/raw/bok/u/201602/J7448/good/d7448.0142.fits
0143 object   12006      strumu    60.0 164.74383 +23.69986 /data/raw/bok/u/201602/J7448/good/d7448.0143.fits
0144 object   10567      strumu    60.0 165.31913 +20.50017 /data/raw/bok/u/201602/J7448/good/d7448.0144.fits
0145 object   10930      strumu    60.0 165.34421 +21.29983 /data/raw/bok/u/201602/J7448/good/d7448.0145.fits
0146 object   11292      strumu    60.0 165.40225 +22.09981 /data/raw/bok/u/201602/J7448/good/d7448.0146.fits
0147 object   11651      strumu    60.0 165.49321 +22.89981 /data/raw/bok/u/201602/J7448/good/d7448.0147.fits
0148 object   12007      strumu    60.0 165.61771 +23.69983 /data/raw/bok/u/201602/J7448/good/d7448.0148.fits
0149 object   10568      strumu    60.0 166.17312 +20.50011 /data/raw/bok/u/201602/J7448/good/d7448.0149.fits
0150 object   10931      strumu    60.0 166.20300 +21.29992 /data/raw/bok/u/201602/J7448/good/d7448.0150.fits
0157 object   11293      strumu    60.0 166.26558 +22.09978 /data/raw/bok/u/201602/J7448/good/d7448.0157.fits
0158 object   11652      strumu    60.0 166.36171 +22.89986 /data/raw/bok/u/201602/J7448/good/d7448.0158.fits
0159 object   12008      strumu    60.0 166.49125 +23.69994 /data/raw/bok/u/201602/J7448/good/d7448.0159.fits
0160 object   10569      strumu    60.0 167.02725 +20.50014 /data/raw/bok/u/201602/J7448/good/d7448.0160.fits
0161 object   10932      strumu    60.0 167.06171 +21.29983 /data/raw/bok/u/201602/J7448/good/d7448.0161.fits
0162 object   11294      strumu    60.0 167.12904 +22.09972 /data/raw/bok/u/201602/J7448/good/d7448.0162.fits
0163 object   11653      strumu    60.0 167.23012 +22.89983 /data/raw/bok/u/201602/J7448/good/d7448.0163.fits
0164 object   12009      strumu    60.0 167.36508 +23.69981 /data/raw/bok/u/201602/J7448/good/d7448.0164.fits
0165 object   10570      strumu    60.0 167.88133 +20.50008 /data/raw/bok/u/201602/J7448/good/d7448.0165.fits
0166 object   10933      strumu    60.0 167.92033 +21.29972 /data/raw/bok/u/201602/J7448/good/d7448.0166.fits
0167 object   11295      strumu    60.0 167.99246 +22.09978 /data/raw/bok/u/201602/J7448/good/d7448.0167.fits
0168 object   11654      strumu    60.0 168.09858 +22.89989 /data/raw/bok/u/201602/J7448/good/d7448.0168.fits
0169 object   12010      strumu    60.0 168.23867 +23.69989 /data/raw/bok/u/201602/J7448/good/d7448.0169.fits
0170 object   10571      strumu    60.0 168.73550 +20.50014 /data/raw/bok/u/201602/J7448/good/d7448.0170.fits
0171 object   10934      strumu    60.0 168.77887 +21.29989 /data/raw/bok/u/201602/J7448/good/d7448.0171.fits
0172 object   11296      strumu    60.0 168.85600 +22.09994 /data/raw/bok/u/201602/J7448/good/d7448.0172.fits
0173 object   11655      strumu    60.0 168.96700 +22.89978 /data/raw/bok/u/201602/J7448/good/d7448.0173.fits
0174 object   12011      strumu    60.0 169.11229 +23.69989 /data/raw/bok/u/201602/J7448/good/d7448.0174.fits
0175 object   10572      strumu    60.0 169.58950 +20.50014 /data/raw/bok/u/201602/J7448/good/d7448.0175.fits
0176 object   10935      strumu    60.0 169.63763 +21.29981 /data/raw/bok/u/201602/J7448/good/d7448.0176.fits
0177 object   11297      strumu    60.0 169.71938 +22.09978 /data/raw/bok/u/201602/J7448/good/d7448.0177.fits
0178 object   11656      strumu    60.0 169.83533 +22.89972 /data/raw/bok/u/201602/J7448/good/d7448.0178.fits
0179 object   12012      strumu    60.0 169.98600 +23.69972 /data/raw/bok/u/201602/J7448/good/d7448.0179.fits
0180 object   12366      strumu    60.0 170.17200 +24.49986 /data/raw/bok/u/201602/J7448/good/d7448.0180.fits
0181 object   10573      strumu    60.0 170.44354 +20.50006 /data/raw/bok/u/201602/J7448/good/d7448.0181.fits
0182 object   10936      strumu    60.0 170.49629 +21.29983 /data/raw/bok/u/201602/J7448/good/d7448.0182.fits
0183 object   11298      strumu    60.0 170.58275 +22.09983 /data/raw/bok/u/201602/J7448/good/d7448.0183.fits
0184 object   11657      strumu    60.0 170.70383 +22.89989 /data/raw/bok/u/201602/J7448/good/d7448.0184.fits
0185 object   12013      strumu    60.0 170.85975 +23.69989 /data/raw/bok/u/201602/J7448/good/d7448.0185.fits
0186 object   12367      strumu    60.0 171.05125 +24.49986 /data/raw/bok/u/201602/J7448/good/d7448.0186.fits
0187 object   10574      strumu    60.0 171.29775 +20.50019 /data/raw/bok/u/201602/J7448/good/d7448.0187.fits
0188 object   10937      strumu    60.0 171.35504 +21.29989 /data/raw/bok/u/201602/J7448/good/d7448.0188.fits
0189 object   11299      strumu    60.0 171.44621 +22.09989 /data/raw/bok/u/201602/J7448/good/d7448.0189.fits
0190 object   11658      strumu    60.0 171.57238 +22.89981 /data/raw/bok/u/201602/J7448/good/d7448.0190.fits
0191 object   12014      strumu    60.0 171.73358 +23.69986 /data/raw/bok/u/201602/J7448/good/d7448.0191.fits
0192 object   12368      strumu    60.0 171.93025 +24.49983 /data/raw/bok/u/201602/J7448/good/d7448.0192.fits
0193 object   10575      strumu    60.0 172.15192 +20.50011 /data/raw/bok/u/201602/J7448/good/d7448.0193.fits
0194 object   10938      strumu    60.0 172.21363 +21.29981 /data/raw/bok/u/201602/J7448/good/d7448.0194.fits
0195 object   11300      strumu    60.0 172.30983 +22.09981 /data/raw/bok/u/201602/J7448/good/d7448.0195.fits
0196 object   11659      strumu    60.0 172.44075 +22.89989 /data/raw/bok/u/201602/J7448/good/d7448.0196.fits
0197 object   12015      strumu    60.0 172.60721 +23.69986 /data/raw/bok/u/201602/J7448/good/d7448.0197.fits
0198 object   12369      strumu    60.0 172.80954 +24.49986 /data/raw/bok/u/201602/J7448/good/d7448.0198.fits
0199 object   10576      strumu    60.0 173.00604 +20.50008 /data/raw/bok/u/201602/J7448/good/d7448.0199.fits
0200 object   10939      strumu    60.0 173.07229 +21.29981 /data/raw/bok/u/201602/J7448/good/d7448.0200.fits
0201 object   11301      strumu    60.0 173.17325 +22.09986 /data/raw/bok/u/201602/J7448/good/d7448.0201.fits
0202 object   11660      strumu    60.0 173.30929 +22.89978 /data/raw/bok/u/201602/J7448/good/d7448.0202.fits
0203 object   12016      strumu    60.0 173.48092 +23.69989 /data/raw/bok/u/201602/J7448/good/d7448.0203.fits
0204 object   12370      strumu    60.0 173.68863 +24.49986 /data/raw/bok/u/201602/J7448/good/d7448.0204.fits
0205 object   10577      strumu    60.0 173.86008 +20.50014 /data/raw/bok/u/201602/J7448/good/d7448.0205.fits
0206 object   10940      strumu    60.0 173.93092 +21.29989 /data/raw/bok/u/201602/J7448/good/d7448.0206.fits
0207 object   11302      strumu    60.0 174.03662 +22.09972 /data/raw/bok/u/201602/J7448/good/d7448.0207.fits
0208 object   11661      strumu    60.0 174.17771 +22.89986 /data/raw/bok/u/201602/J7448/good/d7448.0208.fits
0209 object   12017      strumu    60.0 174.35463 +23.69986 /data/raw/bok/u/201602/J7448/good/d7448.0209.fits
0210 object   12371      strumu    60.0 174.56775 +24.49989 /data/raw/bok/u/201602/J7448/good/d7448.0210.fits
0211 object   10578      strumu    60.0 174.71417 +20.50006 /data/raw/bok/u/201602/J7448/good/d7448.0211.fits
0212 object   10941      strumu    60.0 174.78958 +21.29981 /data/raw/bok/u/201602/J7448/good/d7448.0212.fits
0213 object   11303      strumu    60.0 174.90013 +22.09992 /data/raw/bok/u/201602/J7448/good/d7448.0213.fits
0214 object   11662      strumu    60.0 175.04617 +22.89989 /data/raw/bok/u/201602/J7448/good/d7448.0214.fits
0215 object   12018      strumu    60.0 175.22817 +23.69992 /data/raw/bok/u/201602/J7448/good/d7448.0215.fits
0216 object   12372      strumu    60.0 175.44688 +24.49975 /data/raw/bok/u/201602/J7448/good/d7448.0216.fits
0217 object   10579      strumu    60.0 175.56833 +20.50019 /data/raw/bok/u/201602/J7448/good/d7448.0217.fits
0218 object   10942      strumu    60.0 175.64833 +21.29972 /data/raw/bok/u/201602/J7448/good/d7448.0218.fits
0219 object   11304      strumu    60.0 175.76350 +22.09989 /data/raw/bok/u/201602/J7448/good/d7448.0219.fits
0220 object   11663      strumu    60.0 175.91467 +22.89975 /data/raw/bok/u/201602/J7448/good/d7448.0220.fits
0221 object   12019      strumu    60.0 176.10200 +23.69983 /data/raw/bok/u/201602/J7448/good/d7448.0221.fits
0222 object   12373      strumu    60.0 176.32608 +24.49975 /data/raw/bok/u/201602/J7448/good/d7448.0222.fits
0223 object   10580      strumu    60.0 176.42233 +20.50006 /data/raw/bok/u/201602/J7448/good/d7448.0223.fits
0224 object   10943      strumu    60.0 176.50683 +21.29992 /data/raw/bok/u/201602/J7448/good/d7448.0224.fits
0225 object   11305      strumu    60.0 176.62696 +22.09983 /data/raw/bok/u/201602/J7448/good/d7448.0225.fits
0226 object   11664      strumu    60.0 176.78300 +22.89972 /data/raw/bok/u/201602/J7448/good/d7448.0226.fits
0227 object   12020      strumu    60.0 176.97567 +23.69986 /data/raw/bok/u/201602/J7448/good/d7448.0227.fits
0228 object   12374      strumu    60.0 177.20533 +24.50000 /data/raw/bok/u/201602/J7448/good/d7448.0228.fits
0229 object   10581      strumu    60.0 177.27646 +20.50014 /data/raw/bok/u/201602/J7448/good/d7448.0229.fits
0230 object   10944      strumu    60.0 177.36550 +21.29981 /data/raw/bok/u/201602/J7448/good/d7448.0230.fits
0231 object   11306      strumu    60.0 177.49042 +22.09981 /data/raw/bok/u/201602/J7448/good/d7448.0231.fits
0232 object   11665      strumu    60.0 177.65138 +22.89983 /data/raw/bok/u/201602/J7448/good/d7448.0232.fits
0233 object   12021      strumu    60.0 177.84925 +23.69989 /data/raw/bok/u/201602/J7448/good/d7448.0233.fits
0234 object   12375      strumu    60.0 178.08442 +24.49983 /data/raw/bok/u/201602/J7448/good/d7448.0234.fits
0235 object   10582      strumu    60.0 178.13046 +20.50011 /data/raw/bok/u/201602/J7448/good/d7448.0235.fits
0236 object   10945      strumu    60.0 178.22413 +21.29989 /data/raw/bok/u/201602/J7448/good/d7448.0236.fits
0237 object   11307      strumu    60.0 178.35383 +22.09986 /data/raw/bok/u/201602/J7448/good/d7448.0237.fits
0238 object   11666      strumu    60.0 178.51983 +22.89983 /data/raw/bok/u/201602/J7448/good/d7448.0238.fits
0239 object   12022      strumu    60.0 178.72287 +23.69983 /data/raw/bok/u/201602/J7448/good/d7448.0239.fits
0240 object   12376      strumu    60.0 178.96350 +24.49992 /data/raw/bok/u/201602/J7448/good/d7448.0240.fits
0241 object   10946      strumu    60.0 179.08279 +21.30008 /data/raw/bok/u/201602/J7448/good/d7448.0241.fits
0242 object   11308      strumu    60.0 179.21733 +22.09986 /data/raw/bok/u/201602/J7448/good/d7448.0242.fits
0243 object   11667      strumu    60.0 179.38850 +22.89972 /data/raw/bok/u/201602/J7448/good/d7448.0243.fits
0244 object   12023      strumu    60.0 179.59658 +23.69992 /data/raw/bok/u/201602/J7448/good/d7448.0244.fits
0245 object   12377      strumu    60.0 179.84279 +24.49975 /data/raw/bok/u/201602/J7448/good/d7448.0245.fits
0246 object   10947      strumu    60.0 179.94162 +21.30014 /data/raw/bok/u/201602/J7448/good/d7448.0246.fits
0247 object   11309      strumu    60.0 180.08071 +22.09981 /data/raw/bok/u/201602/J7448/good/d7448.0247.fits
0248 object   11668      strumu    60.0 180.25688 +22.89981 /data/raw/bok/u/201602/J7448/good/d7448.0248.fits
0249 object   12024      strumu    60.0 180.47033 +23.69989 /data/raw/bok/u/201602/J7448/good/d7448.0249.fits
0250 object   12378      strumu    60.0 180.72192 +24.49992 /data/raw/bok/u/201602/J7448/good/d7448.0250.fits
0251 object   10948      strumu    60.0 180.80013 +21.30006 /data/raw/bok/u/201602/J7448/good/d7448.0251.fits
0252 object   11669      strumu    60.0 181.12512 +22.89989 /data/raw/bok/u/201602/J7448/good/d7448.0252.fits
0253 object   12025      strumu    60.0 181.34396 +23.69986 /data/raw/bok/u/201602/J7448/good/d7448.0253.fits
0254 object   12379      strumu    60.0 181.60117 +24.49986 /data/raw/bok/u/201602/J7448/good/d7448.0254.fits
0255 object   10949      strumu    60.0 181.65887 +21.30006 /data/raw/bok/u/201602/J7448/good/d7448.0255.fits
0256 object   13430      strumu    60.0 188.88813 +26.90000 /data/raw/bok/u/201602/J7448/good/d7448.0256.fits
0257 object   10958      strumu    60.0 189.38658 +21.30014 /data/raw/bok/u/201602/J7448/good/d7448.0257.fits
0258 object   13431      strumu    60.0 189.78508 +26.89986 /data/raw/bok/u/201602/J7448/good/d7448.0258.fits
0276 object   10959      strumu    60.0 190.24554 +21.29992 /data/raw/bok/u/201602/J7448/good/d7448.0276.fits
0277 object   12389      strumu    60.0 190.39254 +24.49986 /data/raw/bok/u/201602/J7448/good/d7448.0277.fits
0278 object   13432      strumu    60.0 190.68217 +26.89981 /data/raw/bok/u/201602/J7448/good/d7448.0278.fits
0279 object   10960      strumu    60.0 191.10392 +21.30008 /data/raw/bok/u/201602/J7448/good/d7448.0279.fits
0280 object   13087      strumu    60.0 191.14100 +26.09989 /data/raw/bok/u/201602/J7448/good/d7448.0280.fits
0281 object   12390      strumu    60.0 191.27183 +24.50006 /data/raw/bok/u/201602/J7448/good/d7448.0281.fits
0282 object   13433      strumu    60.0 191.57925 +26.89992 /data/raw/bok/u/201602/J7448/good/d7448.0282.fits
0283 object   10961      strumu    60.0 191.96263 +21.30017 /data/raw/bok/u/201602/J7448/good/d7448.0283.fits
0284 object   13088      strumu    60.0 192.03196 +26.09986 /data/raw/bok/u/201602/J7448/good/d7448.0284.fits
0285 object   12391      strumu    60.0 192.15092 +24.50011 /data/raw/bok/u/201602/J7448/good/d7448.0285.fits
0286 object   13434      strumu    60.0 192.47633 +26.89975 /data/raw/bok/u/201602/J7448/good/d7448.0286.fits
0287 object   10962      strumu    60.0 192.82125 +21.30011 /data/raw/bok/u/201602/J7448/good/d7448.0287.fits
0288 object   13089      strumu    60.0 192.92279 +26.09978 /data/raw/bok/u/201602/J7448/good/d7448.0288.fits
0289 object   12392      strumu    60.0 193.03000 +24.50014 /data/raw/bok/u/201602/J7448/good/d7448.0289.fits
0290 object   11324      strumu    60.0 193.03229 +22.10014 /data/raw/bok/u/201602/J7448/good/d7448.0290.fits
0291 object   13435      strumu    60.0 193.37333 +26.89989 /data/raw/bok/u/201602/J7448/good/d7448.0291.fits
0292 object   10963      strumu    60.0 193.68008 +21.30017 /data/raw/bok/u/201602/J7448/good/d7448.0292.fits
0293 object   13090      strumu    60.0 193.81346 +26.09972 /data/raw/bok/u/201602/J7448/good/d7448.0293.fits
0294 object   12393      strumu    60.0 193.90929 +24.50011 /data/raw/bok/u/201602/J7448/good/d7448.0294.fits
0295 object   13436      strumu    60.0 194.27046 +26.89986 /data/raw/bok/u/201602/J7448/good/d7448.0295.fits
0296 object   12744      strumu    60.0 194.28529 +25.30017 /data/raw/bok/u/201602/J7448/good/d7448.0296.fits
0297 object   12040      strumu    60.0 194.44917 +23.70006 /data/raw/bok/u/201602/J7448/good/d7448.0297.fits
0298 object   13091      strumu    60.0 194.70450 +26.09989 /data/raw/bok/u/201602/J7448/good/d7448.0298.fits
0299 object   12394      strumu    60.0 194.78842 +24.50008 /data/raw/bok/u/201602/J7448/good/d7448.0299.fits
0300 object   11685      strumu    60.0 195.02042 +22.90014 /data/raw/bok/u/201602/J7448/good/d7448.0300.fits
0301 object   13437      strumu    60.0 195.16754 +26.89986 /data/raw/bok/u/201602/J7448/good/d7448.0301.fits
0302 object   12745      strumu    60.0 195.17017 +25.30011 /data/raw/bok/u/201602/J7448/good/d7448.0302.fits
0303 object   12041      strumu    60.0 195.32288 +23.70006 /data/raw/bok/u/201602/J7448/good/d7448.0303.fits
0304 object   13092      strumu    60.0 195.59517 +26.09989 /data/raw/bok/u/201602/J7448/good/d7448.0304.fits
0305 object   12395      strumu    60.0 195.66767 +24.50019 /data/raw/bok/u/201602/J7448/good/d7448.0305.fits
0306 object   13780      strumu    60.0 195.67567 +27.69992 /data/raw/bok/u/201602/J7448/good/d7448.0306.fits
0307 object   11686      strumu    60.0 195.88883 +22.90003 /data/raw/bok/u/201602/J7448/good/d7448.0307.fits
0308 object   12746      strumu    60.0 196.05504 +25.29986 /data/raw/bok/u/201602/J7448/good/d7448.0308.fits
0074 object   12302      strumv    60.0 113.90596 +24.50000 /data/raw/bok/v/201602/J7448/good/d7448.0074.fits
0075 object   12303      strumv    60.0 114.78492 +24.49997 /data/raw/bok/v/201602/J7448/good/d7448.0075.fits
0076 object   12304      strumv    60.0 115.66404 +24.49997 /data/raw/bok/v/201602/J7448/good/d7448.0076.fits
0077 object   12305      strumv    60.0 116.54321 +24.50000 /data/raw/bok/v/201602/J7448/good/d7448.0077.fits
0152 object   11293      strumv    60.0 166.26571 +22.09978 /data/raw/bok/v/201602/J7448/good/d7448.0152.fits
0153 object   11652      strumv    60.0 166.36163 +22.89989 /data/raw/bok/v/201602/J7448/good/d7448.0153.fits
0154 object   12008      strumv    60.0 166.49129 +23.69992 /data/raw/bok/v/201602/J7448/good/d7448.0154.fits
0155 object   10569      strumv    60.0 167.02729 +20.50008 /data/raw/bok/v/201602/J7448/good/d7448.0155.fits
0260 object   Moon30A    strumu    60.0 224.99992 +15.00000 /data/raw/bok/u/201602/J7448/other/d7448.0260.fits
0261 object   Moon30B    strumu    60.0 225.01663 +15.01661 /data/raw/bok/u/201602/J7448/other/d7448.0261.fits
0262 object   Moon40A    strumu    60.0 224.99996 +26.99989 /data/raw/bok/u/201602/J7448/other/d7448.0262.fits
0263 object   Moon40B    strumu    60.0 225.01650 +27.01664 /data/raw/bok/u/201602/J7448/other/d7448.0263.fits
0264 object   Moon50A    strumu    60.0 224.99975 +35.99994 /data/raw/bok/u/201602/J7448/other/d7448.0264.fits
0265 object   Moon50B    strumu    60.0 225.01658 +36.01661 /data/raw/bok/u/201602/J7448/other/d7448.0265.fits
0266 object   Moon60A    strumu    60.0 194.99983 +35.99994 /data/raw/bok/u/201602/J7448/other/d7448.0266.fits
0267 object   Moon60B    strumu    60.0 195.01671 +36.01658 /data/raw/bok/u/201602/J7448/other/d7448.0267.fits
0268 object   Moon70A    strumu    60.0 194.99988 +44.99986 /data/raw/bok/u/201602/J7448/other/d7448.0268.fits
0269 object   Moon70B    strumu    60.0 195.01663 +45.01658 /data/raw/bok/u/201602/J7448/other/d7448.0269.fits
0270 object   Moon80A    strumu    60.0 195.00008 +59.99981 /data/raw/bok/u/201602/J7448/other/d7448.0270.fits
0271 object   Moon80B    strumu    60.0 195.01683 +60.01658 /data/raw/bok/u/201602/J7448/other/d7448.0271.fits
0272 object   Moon20A    strumu    60.0 232.49971  +5.00006 /data/raw/bok/u/201602/J7448/other/d7448.0272.fits
0273 object   Moon20B    strumu    60.0 232.51663  +5.01661 /data/raw/bok/u/201602/J7448/other/d7448.0273.fits
0274 object   Moon10A    strumu    60.0 232.49988  -4.99989 /data/raw/bok/u/201602/J7448/other/d7448.0274.fits
0275 object   Moon10B    strumu    60.0 232.51671  -5.01664 /data/raw/bok/u/201602/J7448/other/d7448.0275.fits
