0032 object   11542      strumu    60.0  45.64796 +22.89997 /data/raw/bok/u/201602/J7449/good/d7449.0032.fits
0033 object   11543      strumu    60.0  46.51583 +22.89992 /data/raw/bok/u/201602/J7449/good/d7449.0033.fits
0034 object   11544      strumu    60.0  47.38462 +22.89992 /data/raw/bok/u/201602/J7449/good/d7449.0034.fits
0035 object   11185      strumu    60.0  48.83837 +22.10000 /data/raw/bok/u/201602/J7449/good/d7449.0035.fits
0036 object   11186      strumu    60.0  49.70158 +22.09997 /data/raw/bok/u/201602/J7449/good/d7449.0036.fits
0037 object   11187      strumu    60.0  50.56496 +22.09994 /data/raw/bok/u/201602/J7449/good/d7449.0037.fits
0038 object   11188      strumu    60.0  51.42817 +22.09994 /data/raw/bok/u/201602/J7449/good/d7449.0038.fits
0039 object   11189      strumu    60.0  52.29183 +22.09994 /data/raw/bok/u/201602/J7449/good/d7449.0039.fits
0040 object   11190      strumu    60.0  53.15537 +22.09994 /data/raw/bok/u/201602/J7449/good/d7449.0040.fits
0041 object   10826      strumu    60.0  51.14396 +21.29997 /data/raw/bok/u/201602/J7449/good/d7449.0041.fits
0042 object   10827      strumu    60.0  52.00175 +21.29997 /data/raw/bok/u/201602/J7449/good/d7449.0042.fits
0043 object   10828      strumu    60.0  52.86079 +21.29997 /data/raw/bok/u/201602/J7449/good/d7449.0043.fits
0044 object   10829      strumu    60.0  53.71954 +21.29997 /data/raw/bok/u/201602/J7449/good/d7449.0044.fits
0045 object   10830      strumu    60.0  54.57821 +21.29997 /data/raw/bok/u/201602/J7449/good/d7449.0045.fits
0046 object   10831      strumu    60.0  55.43646 +21.29997 /data/raw/bok/u/201602/J7449/good/d7449.0046.fits
0047 object   10832      strumu    60.0  56.29521 +21.29997 /data/raw/bok/u/201602/J7449/good/d7449.0047.fits
0048 object   10833      strumu    60.0  57.15396 +21.29997 /data/raw/bok/u/201602/J7449/good/d7449.0048.fits
0049 object   10834      strumu    60.0  58.01279 +21.29997 /data/raw/bok/u/201602/J7449/good/d7449.0049.fits
0050 object   10835      strumu    60.0  58.87112 +21.29997 /data/raw/bok/u/201602/J7449/good/d7449.0050.fits
0051 object   10836      strumu    60.0  59.72992 +21.29997 /data/raw/bok/u/201602/J7449/good/d7449.0051.fits
0052 object   10837      strumu    60.0  60.58867 +21.29997 /data/raw/bok/u/201602/J7449/good/d7449.0052.fits
0053 object   10838      strumu    60.0  61.44733 +21.29997 /data/raw/bok/u/201602/J7449/good/d7449.0053.fits
0054 object   10839      strumu    60.0  62.30617 +21.29997 /data/raw/bok/u/201602/J7449/good/d7449.0054.fits
0055 object   10840      strumu    60.0  63.16429 +21.29997 /data/raw/bok/u/201602/J7449/good/d7449.0055.fits
0056 object   10841      strumu    60.0  64.02321 +21.29997 /data/raw/bok/u/201602/J7449/good/d7449.0056.fits
0057 object   10842      strumu    60.0  64.88179 +21.29997 /data/raw/bok/u/201602/J7449/good/d7449.0057.fits
0058 object   10843      strumu    60.0  65.74058 +21.29997 /data/raw/bok/u/201602/J7449/good/d7449.0058.fits
0059 object   10844      strumu    60.0  66.59883 +21.29997 /data/raw/bok/u/201602/J7449/good/d7449.0059.fits
0060 object   10845      strumu    60.0  67.45779 +21.29997 /data/raw/bok/u/201602/J7449/good/d7449.0060.fits
0061 object   10846      strumu    60.0  68.31638 +21.29997 /data/raw/bok/u/201602/J7449/good/d7449.0061.fits
0062 object   10847      strumu    60.0  69.17537 +21.29997 /data/raw/bok/u/201602/J7449/good/d7449.0062.fits
0063 object   10848      strumu    60.0  70.03350 +21.29997 /data/raw/bok/u/201602/J7449/good/d7449.0063.fits
0064 object   10849      strumu    60.0  70.89250 +21.29997 /data/raw/bok/u/201602/J7449/good/d7449.0064.fits
0065 object   11212      strumu    60.0  72.15083 +22.09997 /data/raw/bok/u/201602/J7449/good/d7449.0065.fits
0066 object   10850      strumu    60.0  71.75129 +21.30028 /data/raw/bok/u/201602/J7449/good/d7449.0066.fits
0067 object   10851      strumu    60.0  72.61004 +21.29997 /data/raw/bok/u/201602/J7449/good/d7449.0067.fits
0068 object   10852      strumu    60.0  73.46846 +21.29997 /data/raw/bok/u/201602/J7449/good/d7449.0068.fits
0069 object   10853      strumu    60.0  74.32704 +21.29997 /data/raw/bok/u/201602/J7449/good/d7449.0069.fits
0070 object   11552      strumu    60.0  54.33208 +22.89994 /data/raw/bok/u/201602/J7449/good/d7449.0070.fits
0071 object   11553      strumu    60.0  55.20037 +22.89992 /data/raw/bok/u/201602/J7449/good/d7449.0071.fits
0072 object   11554      strumu    60.0  56.06908 +22.89992 /data/raw/bok/u/201602/J7449/good/d7449.0072.fits
0073 object   11555      strumu    60.0  56.93742 +22.89992 /data/raw/bok/u/201602/J7449/good/d7449.0073.fits
0074 object   11556      strumu    60.0  57.80563 +22.89992 /data/raw/bok/u/201602/J7449/good/d7449.0074.fits
0075 object   11557      strumu    60.0  58.67446 +22.89992 /data/raw/bok/u/201602/J7449/good/d7449.0075.fits
0076 object   11558      strumu    60.0  59.54296 +22.89992 /data/raw/bok/u/201602/J7449/good/d7449.0076.fits
0077 object   11927      strumu    60.0  70.38621 +23.70000 /data/raw/bok/u/201602/J7449/good/d7449.0077.fits
0078 object   11928      strumu    60.0  71.25996 +23.69994 /data/raw/bok/u/201602/J7449/good/d7449.0078.fits
0079 object   11929      strumu    60.0  72.13379 +23.69994 /data/raw/bok/u/201602/J7449/good/d7449.0079.fits
0082 object   10848      strumu    60.0  70.03354 +21.29997 /data/raw/bok/u/201602/J7449/good/d7449.0082.fits
0086 object   11227      strumu    60.0 109.27883 +22.10000 /data/raw/bok/u/201602/J7449/good/d7449.0086.fits
0087 object   11228      strumu    60.0 110.14225 +22.09997 /data/raw/bok/u/201602/J7449/good/d7449.0087.fits
0088 object   11229      strumu    60.0 111.00575 +22.09997 /data/raw/bok/u/201602/J7449/good/d7449.0088.fits
0089 object   11230      strumu    60.0 111.86896 +22.10000 /data/raw/bok/u/201602/J7449/good/d7449.0089.fits
0090 object   11231      strumu    60.0 112.73250 +22.09997 /data/raw/bok/u/201602/J7449/good/d7449.0090.fits
0091 object   11232      strumu    60.0 113.59612 +22.10000 /data/raw/bok/u/201602/J7449/good/d7449.0091.fits
0092 object   12289      strumu    60.0 102.47717 +24.49997 /data/raw/bok/u/201602/J7449/good/d7449.0092.fits
0093 object   12290      strumu    60.0 103.35629 +24.49994 /data/raw/bok/u/201602/J7449/good/d7449.0093.fits
0094 object   12291      strumu    60.0 104.23521 +24.49997 /data/raw/bok/u/201602/J7449/good/d7449.0094.fits
0095 object   12292      strumu    60.0 105.11413 +24.49997 /data/raw/bok/u/201602/J7449/good/d7449.0095.fits
0096 object   12293      strumu    60.0 105.99329 +24.49997 /data/raw/bok/u/201602/J7449/good/d7449.0096.fits
0097 object   12294      strumu    60.0 106.87233 +24.49997 /data/raw/bok/u/201602/J7449/good/d7449.0097.fits
0098 object   12295      strumu    60.0 107.75146 +24.49997 /data/raw/bok/u/201602/J7449/good/d7449.0098.fits
0099 object   11942      strumu    60.0 108.82804 +23.69997 /data/raw/bok/u/201602/J7449/good/d7449.0099.fits
0100 object   11943      strumu    60.0 109.70204 +23.69997 /data/raw/bok/u/201602/J7449/good/d7449.0100.fits
0101 object   11944      strumu    60.0 110.57575 +23.69997 /data/raw/bok/u/201602/J7449/good/d7449.0101.fits
0102 object   11945      strumu    60.0 111.44900 +23.70000 /data/raw/bok/u/201602/J7449/good/d7449.0102.fits
0103 object   11946      strumu    60.0 112.32271 +23.70000 /data/raw/bok/u/201602/J7449/good/d7449.0103.fits
0104 object   11947      strumu    60.0 113.19650 +23.69997 /data/raw/bok/u/201602/J7449/good/d7449.0104.fits
0105 object   10548      strumu    60.0 149.09154 +20.50003 /data/raw/bok/u/201602/J7449/good/d7449.0105.fits
0106 object   10549      strumu    60.0 149.94575 +20.50000 /data/raw/bok/u/201602/J7449/good/d7449.0106.fits
0107 object   10550      strumu    60.0 150.79983 +20.49997 /data/raw/bok/u/201602/J7449/good/d7449.0107.fits
0108 object   10551      strumu    60.0 151.65346 +20.50000 /data/raw/bok/u/201602/J7449/good/d7449.0108.fits
0109 object   12310      strumu    60.0 120.93908 +24.49997 /data/raw/bok/u/201602/J7449/good/d7449.0109.fits
0110 object   12311      strumu    60.0 121.81833 +24.49997 /data/raw/bok/u/201602/J7449/good/d7449.0110.fits
0111 object   12303      strumu    60.0 114.78504 +24.49997 /data/raw/bok/u/201602/J7449/good/d7449.0111.fits
0112 object   12304      strumu    60.0 115.66396 +24.49997 /data/raw/bok/u/201602/J7449/good/d7449.0112.fits
0113 object   12305      strumu    60.0 116.54317 +24.49997 /data/raw/bok/u/201602/J7449/good/d7449.0113.fits
0114 object   12306      strumu    60.0 117.42229 +24.50000 /data/raw/bok/u/201602/J7449/good/d7449.0114.fits
0115 object   12307      strumu    60.0 118.30146 +24.49997 /data/raw/bok/u/201602/J7449/good/d7449.0115.fits
0116 object   12308      strumu    60.0 119.18058 +24.49997 /data/raw/bok/u/201602/J7449/good/d7449.0116.fits
0117 object   12309      strumu    60.0 120.05996 +24.49997 /data/raw/bok/u/201602/J7449/good/d7449.0117.fits
0118 object   10552      strumu    60.0 152.50767 +20.50000 /data/raw/bok/u/201602/J7449/good/d7449.0118.fits
0119 object   10553      strumu    60.0 153.36192 +20.50000 /data/raw/bok/u/201602/J7449/good/d7449.0119.fits
0120 object   10554      strumu    60.0 154.21621 +20.50000 /data/raw/bok/u/201602/J7449/good/d7449.0120.fits
0121 object   10555      strumu    60.0 155.07025 +20.50000 /data/raw/bok/u/201602/J7449/good/d7449.0121.fits
0122 object   10556      strumu    60.0 155.92392 +20.50000 /data/raw/bok/u/201602/J7449/good/d7449.0122.fits
0123 object   10557      strumu    60.0 156.77825 +20.50000 /data/raw/bok/u/201602/J7449/good/d7449.0123.fits
0124 object   10558      strumu    60.0 157.63246 +20.50000 /data/raw/bok/u/201602/J7449/good/d7449.0124.fits
0125 object   10917      strumu    60.0 154.18200 +21.30000 /data/raw/bok/u/201602/J7449/good/d7449.0125.fits
0126 object   10918      strumu    60.0 155.04067 +21.30000 /data/raw/bok/u/201602/J7449/good/d7449.0126.fits
0127 object   10559      strumu    60.0 158.48658 +20.50000 /data/raw/bok/u/201602/J7449/good/d7449.0127.fits
0128 object   10560      strumu    60.0 159.34063 +20.50000 /data/raw/bok/u/201602/J7449/good/d7449.0128.fits
0129 object   10561      strumu    60.0 160.19446 +20.50000 /data/raw/bok/u/201602/J7449/good/d7449.0129.fits
0130 object   10562      strumu    60.0 161.04875 +20.50000 /data/raw/bok/u/201602/J7449/good/d7449.0130.fits
0131 object   10563      strumu    60.0 161.90271 +20.49997 /data/raw/bok/u/201602/J7449/good/d7449.0131.fits
0132 object   10564      strumu    60.0 162.75671 +20.49997 /data/raw/bok/u/201602/J7449/good/d7449.0132.fits
0133 object   10565      strumu    60.0 163.61104 +20.49997 /data/raw/bok/u/201602/J7449/good/d7449.0133.fits
0134 object   11670      strumu    60.0 181.99354 +22.89997 /data/raw/bok/u/201602/J7449/good/d7449.0134.fits
0135 object   11671      strumu    60.0 182.86192 +22.89997 /data/raw/bok/u/201602/J7449/good/d7449.0135.fits
0136 object   11672      strumu    60.0 183.73067 +22.89997 /data/raw/bok/u/201602/J7449/good/d7449.0136.fits
0142 object   11673      strumu    60.0 184.59925 +22.89997 /data/raw/bok/u/201602/J7449/good/d7449.0142.fits
0143 object   11674      strumu    60.0 185.46738 +22.89997 /data/raw/bok/u/201602/J7449/good/d7449.0143.fits
0144 object   11675      strumu    60.0 186.33542 +22.89997 /data/raw/bok/u/201602/J7449/good/d7449.0144.fits
0145 object   11676      strumu    60.0 187.20450 +22.89994 /data/raw/bok/u/201602/J7449/good/d7449.0145.fits
0146 object   13077      strumu    60.0 182.23283 +26.10000 /data/raw/bok/u/201602/J7449/good/d7449.0146.fits
0147 object   13078      strumu    60.0 183.12363 +26.10000 /data/raw/bok/u/201602/J7449/good/d7449.0147.fits
0148 object   13079      strumu    60.0 184.01454 +26.10000 /data/raw/bok/u/201602/J7449/good/d7449.0148.fits
0149 object   12026      strumu    60.0 182.21787 +23.70017 /data/raw/bok/u/201602/J7449/good/d7449.0149.fits
0150 object   12027      strumu    60.0 183.09150 +23.70000 /data/raw/bok/u/201602/J7449/good/d7449.0150.fits
0151 object   12028      strumu    60.0 183.96492 +23.70000 /data/raw/bok/u/201602/J7449/good/d7449.0151.fits
0152 object   12029      strumu    60.0 184.83875 +23.69997 /data/raw/bok/u/201602/J7449/good/d7449.0152.fits
0153 object   12030      strumu    60.0 185.71238 +23.70000 /data/raw/bok/u/201602/J7449/good/d7449.0153.fits
0154 object   12031      strumu    60.0 186.58604 +23.70000 /data/raw/bok/u/201602/J7449/good/d7449.0154.fits
0155 object   12032      strumu    60.0 187.45992 +23.70000 /data/raw/bok/u/201602/J7449/good/d7449.0155.fits
0156 object   12731      strumu    60.0 182.78196 +25.30000 /data/raw/bok/u/201602/J7449/good/d7449.0156.fits
0157 object   12732      strumu    60.0 183.66654 +25.29997 /data/raw/bok/u/201602/J7449/good/d7449.0157.fits
0158 object   12380      strumu    60.0 182.48042 +24.49997 /data/raw/bok/u/201602/J7449/good/d7449.0158.fits
0159 object   12381      strumu    60.0 183.35929 +24.50000 /data/raw/bok/u/201602/J7449/good/d7449.0159.fits
0160 object   12385      strumu    60.0 186.87617 +24.50000 /data/raw/bok/u/201602/J7449/good/d7449.0160.fits
0161 object   12386      strumu    60.0 187.75533 +24.50000 /data/raw/bok/u/201602/J7449/good/d7449.0161.fits
0162 object   13423      strumu    60.0 182.60862 +26.89997 /data/raw/bok/u/201602/J7449/good/d7449.0162.fits
0163 object   13424      strumu    60.0 183.50567 +26.89994 /data/raw/bok/u/201602/J7449/good/d7449.0163.fits
0164 object   13425      strumu    60.0 184.40296 +26.89997 /data/raw/bok/u/201602/J7449/good/d7449.0164.fits
0165 object   13426      strumu    60.0 185.29996 +26.89997 /data/raw/bok/u/201602/J7449/good/d7449.0165.fits
0166 object   13427      strumu    60.0 186.19696 +26.89997 /data/raw/bok/u/201602/J7449/good/d7449.0166.fits
0167 object   13428      strumu    60.0 187.09408 +26.89997 /data/raw/bok/u/201602/J7449/good/d7449.0167.fits
0168 object   13429      strumu    60.0 187.99104 +26.89997 /data/raw/bok/u/201602/J7449/good/d7449.0168.fits
0169 object   11315      strumu    60.0 185.26117 +22.10011 /data/raw/bok/u/201602/J7449/good/d7449.0169.fits
0170 object   11316      strumu    60.0 186.12500 +22.10000 /data/raw/bok/u/201602/J7449/good/d7449.0170.fits
0171 object   11317      strumu    60.0 186.98800 +22.10000 /data/raw/bok/u/201602/J7449/good/d7449.0171.fits
0172 object   14104      strumu    60.0 183.48538 +28.49972 /data/raw/bok/u/201602/J7449/good/d7449.0172.fits
0173 object   14105      strumu    60.0 184.39525 +28.50000 /data/raw/bok/u/201602/J7449/good/d7449.0173.fits
0174 object   14106      strumu    60.0 185.30562 +28.50000 /data/raw/bok/u/201602/J7449/good/d7449.0174.fits
0175 object   14107      strumu    60.0 186.21617 +28.50000 /data/raw/bok/u/201602/J7449/good/d7449.0175.fits
0176 object   14108      strumu    60.0 187.12646 +28.50000 /data/raw/bok/u/201602/J7449/good/d7449.0176.fits
0177 object   14109      strumu    60.0 188.03658 +28.50000 /data/raw/bok/u/201602/J7449/good/d7449.0177.fits
0178 object   14110      strumu    60.0 188.94704 +28.50000 /data/raw/bok/u/201602/J7449/good/d7449.0178.fits
0179 object   11318      strumu    60.0 187.85158 +22.10028 /data/raw/bok/u/201602/J7449/good/d7449.0179.fits
0180 object   11319      strumu    60.0 188.71471 +22.09997 /data/raw/bok/u/201602/J7449/good/d7449.0180.fits
0181 object   11320      strumu    60.0 189.57854 +22.09997 /data/raw/bok/u/201602/J7449/good/d7449.0181.fits
0182 object   11321      strumu    60.0 190.44158 +22.10000 /data/raw/bok/u/201602/J7449/good/d7449.0182.fits
0183 object   11322      strumu    60.0 191.30525 +22.10000 /data/raw/bok/u/201602/J7449/good/d7449.0183.fits
0184 object   11323      strumu    60.0 192.16829 +22.10000 /data/raw/bok/u/201602/J7449/good/d7449.0184.fits
0185 object   11324      strumu    60.0 193.03213 +22.10000 /data/raw/bok/u/201602/J7449/good/d7449.0185.fits
0186 object   11677      strumu    60.0 188.07292 +22.89997 /data/raw/bok/u/201602/J7449/good/d7449.0186.fits
0187 object   11678      strumu    60.0 188.94125 +22.89997 /data/raw/bok/u/201602/J7449/good/d7449.0187.fits
0188 object   11679      strumu    60.0 189.80954 +22.89997 /data/raw/bok/u/201602/J7449/good/d7449.0188.fits
0189 object   11680      strumu    60.0 190.67808 +22.89997 /data/raw/bok/u/201602/J7449/good/d7449.0189.fits
0190 object   11681      strumu    60.0 191.54638 +22.89997 /data/raw/bok/u/201602/J7449/good/d7449.0190.fits
0191 object   11682      strumu    60.0 192.41471 +22.89997 /data/raw/bok/u/201602/J7449/good/d7449.0191.fits
0192 object   12033      strumu    60.0 188.33379 +23.70000 /data/raw/bok/u/201602/J7449/good/d7449.0192.fits
0193 object   12034      strumu    60.0 189.20683 +23.70000 /data/raw/bok/u/201602/J7449/good/d7449.0193.fits
0194 object   12035      strumu    60.0 190.08046 +23.70000 /data/raw/bok/u/201602/J7449/good/d7449.0194.fits
0195 object   12036      strumu    60.0 190.95462 +23.70000 /data/raw/bok/u/201602/J7449/good/d7449.0195.fits
0196 object   12037      strumu    60.0 191.82825 +23.70000 /data/raw/bok/u/201602/J7449/good/d7449.0196.fits
0197 object   12038      strumu    60.0 192.70196 +23.69997 /data/raw/bok/u/201602/J7449/good/d7449.0197.fits
0198 object   12039      strumu    60.0 193.57579 +23.70000 /data/raw/bok/u/201602/J7449/good/d7449.0198.fits
0199 object   13769      strumu    60.0 185.73654 +27.70000 /data/raw/bok/u/201602/J7449/good/d7449.0199.fits
0200 object   13770      strumu    60.0 186.63979 +27.70000 /data/raw/bok/u/201602/J7449/good/d7449.0200.fits
0201 object   13771      strumu    60.0 187.54354 +27.70000 /data/raw/bok/u/201602/J7449/good/d7449.0201.fits
0202 object   13772      strumu    60.0 188.44679 +27.70000 /data/raw/bok/u/201602/J7449/good/d7449.0202.fits
0203 object   12389      strumu    60.0 190.39283 +24.50017 /data/raw/bok/u/201602/J7449/good/d7449.0203.fits
0204 object   12390      strumu    60.0 191.27208 +24.50000 /data/raw/bok/u/201602/J7449/good/d7449.0204.fits
0205 object   12391      strumu    60.0 192.15075 +24.49997 /data/raw/bok/u/201602/J7449/good/d7449.0205.fits
0206 object   12392      strumu    60.0 193.02992 +24.50000 /data/raw/bok/u/201602/J7449/good/d7449.0206.fits
0207 object   12393      strumu    60.0 193.90912 +24.50000 /data/raw/bok/u/201602/J7449/good/d7449.0207.fits
0208 object   10957      strumu    60.0 188.52783 +21.29997 /data/raw/bok/u/201602/J7449/good/d7449.0208.fits
0209 object   10958      strumu    60.0 189.38625 +21.30000 /data/raw/bok/u/201602/J7449/good/d7449.0209.fits
0210 object   10959      strumu    60.0 190.24513 +21.29997 /data/raw/bok/u/201602/J7449/good/d7449.0210.fits
0211 object   10960      strumu    60.0 191.10387 +21.30000 /data/raw/bok/u/201602/J7449/good/d7449.0211.fits
0212 object   10962      strumu    60.0 192.82108 +21.30000 /data/raw/bok/u/201602/J7449/good/d7449.0212.fits
0213 object   10963      strumu    60.0 193.67975 +21.30000 /data/raw/bok/u/201602/J7449/good/d7449.0213.fits
0214 object   10950      strumu    60.0 182.51779 +21.30000 /data/raw/bok/u/201602/J7449/good/d7449.0214.fits
0215 object   10951      strumu    60.0 183.37625 +21.30000 /data/raw/bok/u/201602/J7449/good/d7449.0215.fits
0216 object   10952      strumu    60.0 184.23467 +21.30000 /data/raw/bok/u/201602/J7449/good/d7449.0216.fits
0217 object   10953      strumu    60.0 185.09325 +21.30003 /data/raw/bok/u/201602/J7449/good/d7449.0217.fits
0218 object   10954      strumu    60.0 185.95183 +21.30000 /data/raw/bok/u/201602/J7449/good/d7449.0218.fits
0219 object   10955      strumu    60.0 186.81071 +21.30000 /data/raw/bok/u/201602/J7449/good/d7449.0219.fits
0220 object   10956      strumu    60.0 187.66917 +21.30000 /data/raw/bok/u/201602/J7449/good/d7449.0220.fits
0221 object   11325      strumu    60.0 193.89554 +22.10000 /data/raw/bok/u/201602/J7449/good/d7449.0221.fits
0222 object   11326      strumu    60.0 194.75887 +22.10000 /data/raw/bok/u/201602/J7449/good/d7449.0222.fits
0223 object   11327      strumu    60.0 195.62233 +22.10000 /data/raw/bok/u/201602/J7449/good/d7449.0223.fits
0224 object   11328      strumu    60.0 196.48604 +22.10000 /data/raw/bok/u/201602/J7449/good/d7449.0224.fits
0225 object   11329      strumu    60.0 197.34933 +22.10000 /data/raw/bok/u/201602/J7449/good/d7449.0225.fits
0226 object   11330      strumu    60.0 198.21292 +22.10000 /data/raw/bok/u/201602/J7449/good/d7449.0226.fits
0227 object   11331      strumu    60.0 199.07596 +22.10000 /data/raw/bok/u/201602/J7449/good/d7449.0227.fits
0228 object   10964      strumu    60.0 194.53862 +21.30000 /data/raw/bok/u/201602/J7449/good/d7449.0228.fits
0229 object   10965      strumu    60.0 195.39738 +21.30000 /data/raw/bok/u/201602/J7449/good/d7449.0229.fits
0230 object   10966      strumu    60.0 196.25550 +21.30000 /data/raw/bok/u/201602/J7449/good/d7449.0230.fits
0231 object   10967      strumu    60.0 197.11425 +21.30000 /data/raw/bok/u/201602/J7449/good/d7449.0231.fits
0232 object   10968      strumu    60.0 197.97317 +21.30000 /data/raw/bok/u/201602/J7449/good/d7449.0232.fits
0233 object   10969      strumu    60.0 198.83179 +21.30000 /data/raw/bok/u/201602/J7449/good/d7449.0233.fits
0234 object   10970      strumu    60.0 199.69063 +21.29997 /data/raw/bok/u/201602/J7449/good/d7449.0234.fits
0235 object   11332      strumu    60.0 199.93979 +22.09978 /data/raw/bok/u/201602/J7449/good/d7449.0235.fits
0236 object   11333      strumu    60.0 200.80312 +22.10000 /data/raw/bok/u/201602/J7449/good/d7449.0236.fits
0237 object   11334      strumu    60.0 201.66642 +22.10000 /data/raw/bok/u/201602/J7449/good/d7449.0237.fits
0238 object   11335      strumu    60.0 202.53000 +22.10003 /data/raw/bok/u/201602/J7449/good/d7449.0238.fits
0239 object   11336      strumu    60.0 203.39354 +22.09997 /data/raw/bok/u/201602/J7449/good/d7449.0239.fits
0240 object   11337      strumu    60.0 204.25683 +22.10000 /data/raw/bok/u/201602/J7449/good/d7449.0240.fits
0241 object   11338      strumu    60.0 205.12000 +22.10000 /data/raw/bok/u/201602/J7449/good/d7449.0241.fits
0242 object   10978      strumu    60.0 206.55988 +21.30000 /data/raw/bok/u/201602/J7449/good/d7449.0242.fits
0243 object   10979      strumu    60.0 207.41817 +21.30000 /data/raw/bok/u/201602/J7449/good/d7449.0243.fits
0244 object   10980      strumu    60.0 208.27696 +21.29997 /data/raw/bok/u/201602/J7449/good/d7449.0244.fits
0245 object   10981      strumu    60.0 209.13567 +21.30000 /data/raw/bok/u/201602/J7449/good/d7449.0245.fits
0246 object   10982      strumu    60.0 209.99433 +21.30000 /data/raw/bok/u/201602/J7449/good/d7449.0246.fits
0247 object   10983      strumu    60.0 210.85275 +21.30000 /data/raw/bok/u/201602/J7449/good/d7449.0247.fits
0248 object   10984      strumu    60.0 211.71158 +21.30000 /data/raw/bok/u/201602/J7449/good/d7449.0248.fits
0249 object   10985      strumu    60.0 212.57017 +21.29997 /data/raw/bok/u/201602/J7449/good/d7449.0249.fits
0250 object   10986      strumu    60.0 213.42900 +21.30000 /data/raw/bok/u/201602/J7449/good/d7449.0250.fits
0251 object   10987      strumu    60.0 214.28762 +21.29997 /data/raw/bok/u/201602/J7449/good/d7449.0251.fits
0252 object   10988      strumu    60.0 215.14587 +21.30000 /data/raw/bok/u/201602/J7449/good/d7449.0252.fits
0253 object   10989      strumu    60.0 216.00504 +21.30000 /data/raw/bok/u/201602/J7449/good/d7449.0253.fits
0254 object   10990      strumu    60.0 216.86379 +21.30003 /data/raw/bok/u/201602/J7449/good/d7449.0254.fits
0255 object   10991      strumu    60.0 217.72237 +21.30000 /data/raw/bok/u/201602/J7449/good/d7449.0255.fits
0256 object   11346      strumu    60.0 212.02787 +22.10000 /data/raw/bok/u/201602/J7449/good/d7449.0256.fits
0257 object   11347      strumu    60.0 212.89100 +22.10000 /data/raw/bok/u/201602/J7449/good/d7449.0257.fits
0258 object   11348      strumu    60.0 213.75475 +22.10000 /data/raw/bok/u/201602/J7449/good/d7449.0258.fits
0259 object   11349      strumu    60.0 214.61833 +22.10000 /data/raw/bok/u/201602/J7449/good/d7449.0259.fits
0260 object   11350      strumu    60.0 215.48138 +22.10000 /data/raw/bok/u/201602/J7449/good/d7449.0260.fits
0261 object   11351      strumu    60.0 216.34483 +22.10000 /data/raw/bok/u/201602/J7449/good/d7449.0261.fits
0262 object   11352      strumu    60.0 217.20863 +22.10000 /data/raw/bok/u/201602/J7449/good/d7449.0262.fits
0263 object   10992      strumu    60.0 218.58071 +21.30000 /data/raw/bok/u/201602/J7449/good/d7449.0263.fits
0264 object   10993      strumu    60.0 219.43933 +21.30000 /data/raw/bok/u/201602/J7449/good/d7449.0264.fits
0265 object   10994      strumu    60.0 220.29808 +21.30000 /data/raw/bok/u/201602/J7449/good/d7449.0265.fits
0266 object   10995      strumu    60.0 221.15692 +21.30003 /data/raw/bok/u/201602/J7449/good/d7449.0266.fits
0267 object   10996      strumu    60.0 222.01521 +21.30000 /data/raw/bok/u/201602/J7449/good/d7449.0267.fits
0268 object   10997      strumu    60.0 222.87396 +21.30000 /data/raw/bok/u/201602/J7449/good/d7449.0268.fits
0269 object   10998      strumu    60.0 223.73279 +21.30000 /data/raw/bok/u/201602/J7449/good/d7449.0269.fits
0270 object   11360      strumu    60.0 224.11617 +22.09978 /data/raw/bok/u/201602/J7449/good/d7449.0270.fits
0271 object   11361      strumu    60.0 224.97921 +22.10000 /data/raw/bok/u/201602/J7449/good/d7449.0271.fits
0272 object   11362      strumu    60.0 225.84275 +22.10000 /data/raw/bok/u/201602/J7449/good/d7449.0272.fits
0273 object   11363      strumu    60.0 226.70596 +22.10000 /data/raw/bok/u/201602/J7449/good/d7449.0273.fits
0274 object   11364      strumu    60.0 227.56992 +22.10000 /data/raw/bok/u/201602/J7449/good/d7449.0274.fits
0275 object   11365      strumu    60.0 228.43313 +22.10000 /data/raw/bok/u/201602/J7449/good/d7449.0275.fits
0276 object   11366      strumu    60.0 229.29633 +22.10000 /data/raw/bok/u/201602/J7449/good/d7449.0276.fits
0277 object   11367      strumu    60.0 230.16000 +22.10000 /data/raw/bok/u/201602/J7449/good/d7449.0277.fits
0278 object   11368      strumu    60.0 231.02367 +22.10000 /data/raw/bok/u/201602/J7449/good/d7449.0278.fits
0279 object   11369      strumu    60.0 231.88692 +22.10000 /data/raw/bok/u/201602/J7449/good/d7449.0279.fits
0280 object   11370      strumu    60.0 232.75029 +22.10000 /data/raw/bok/u/201602/J7449/good/d7449.0280.fits
0281 object   11371      strumu    60.0 233.61362 +22.10000 /data/raw/bok/u/201602/J7449/good/d7449.0281.fits
0282 object   11372      strumu    60.0 234.47717 +22.09997 /data/raw/bok/u/201602/J7449/good/d7449.0282.fits
0283 object   11373      strumu    60.0 235.34083 +22.10000 /data/raw/bok/u/201602/J7449/good/d7449.0283.fits
0284 object   11006      strumu    60.0 230.60221 +21.30000 /data/raw/bok/u/201602/J7449/good/d7449.0284.fits
0289 object   10629      strumu    60.0 218.27292 +20.49997 /data/raw/bok/u/201602/J7449/good/d7449.0289.fits
0290 object   10630      strumu    60.0 219.12667 +20.50000 /data/raw/bok/u/201602/J7449/good/d7449.0290.fits
0291 object   10631      strumu    60.0 219.98063 +20.50000 /data/raw/bok/u/201602/J7449/good/d7449.0291.fits
0292 object   10632      strumu    60.0 220.83471 +20.50000 /data/raw/bok/u/201602/J7449/good/d7449.0292.fits
0293 object   10633      strumu    60.0 221.68908 +20.50000 /data/raw/bok/u/201602/J7449/good/d7449.0293.fits
0294 object   10634      strumu    60.0 222.54317 +20.50000 /data/raw/bok/u/201602/J7449/good/d7449.0294.fits
0295 object   10635      strumu    60.0 223.39696 +20.50000 /data/raw/bok/u/201602/J7449/good/d7449.0295.fits
0296 object   10650      strumu    60.0 236.20842 +20.50003 /data/raw/bok/u/201602/J7449/good/d7449.0296.fits
0297 object   10651      strumu    60.0 237.06250 +20.50000 /data/raw/bok/u/201602/J7449/good/d7449.0297.fits
0298 object   10652      strumu    60.0 237.91650 +20.50000 /data/raw/bok/u/201602/J7449/good/d7449.0298.fits
0299 object   10653      strumu    60.0 238.77054 +20.50000 /data/raw/bok/u/201602/J7449/good/d7449.0299.fits
0300 object   10654      strumu    60.0 239.62471 +20.50000 /data/raw/bok/u/201602/J7449/good/d7449.0300.fits
0301 object   10655      strumu    60.0 240.47908 +20.50000 /data/raw/bok/u/201602/J7449/good/d7449.0301.fits
0302 object   10656      strumu    60.0 241.33287 +20.50000 /data/raw/bok/u/201602/J7449/good/d7449.0302.fits
0303 object   10657      strumu    60.0 242.18679 +20.50000 /data/raw/bok/u/201602/J7449/good/d7449.0303.fits
0304 object   10658      strumu    60.0 243.04096 +20.50000 /data/raw/bok/u/201602/J7449/good/d7449.0304.fits
0080 object   10846      strumv    60.0  68.31671 +21.30000 /data/raw/bok/v/201602/J7449/good/d7449.0080.fits
0081 object   10847      strumv    60.0  69.17525 +21.29997 /data/raw/bok/v/201602/J7449/good/d7449.0081.fits
0083 object   10849      strumv    60.0  70.89246 +21.29997 /data/raw/bok/v/201602/J7449/good/d7449.0083.fits
0084 object   11212      strumv    60.0  72.15058 +22.09997 /data/raw/bok/v/201602/J7449/good/d7449.0084.fits
0137 object   11673      strumv    60.0 184.59888 +22.89994 /data/raw/bok/v/201602/J7449/good/d7449.0137.fits
0138 object   11674      strumv    60.0 185.46738 +22.89994 /data/raw/bok/v/201602/J7449/good/d7449.0138.fits
0139 object   11675      strumv    60.0 186.33571 +22.89994 /data/raw/bok/v/201602/J7449/good/d7449.0139.fits
0140 object   11676      strumv    60.0 187.20437 +22.89994 /data/raw/bok/v/201602/J7449/good/d7449.0140.fits
0285 object   11371      strumv    60.0 233.61354 +22.10000 /data/raw/bok/v/201602/J7449/good/d7449.0285.fits
0286 object   11372      strumv    60.0 234.47750 +22.10000 /data/raw/bok/v/201602/J7449/good/d7449.0286.fits
0287 object   11373      strumv    60.0 235.34062 +22.10000 /data/raw/bok/v/201602/J7449/good/d7449.0287.fits
0288 object   11006      strumv    60.0 230.60213 +21.29997 /data/raw/bok/v/201602/J7449/good/d7449.0288.fits
