#Object       u60

12060         1.0
13360         1.0
13361         1.0
13362         1.0
13363         1.0
13364         1.0
13365         1.0
13366         1.0
14776         1.0
14777         1.0
14774         1.0
14775         1.0
14772         1.0
14773         1.0
11386         1.0
11387         1.0
13005         1.0
13004         1.0
13007         1.0
13006         1.0
10660         1.0
10661         1.0
13003         1.0
10663         1.0
11704         1.0
13027         1.0
13009         1.0
13008         1.0
11702         1.0
13026         1.0
11939         1.0
11938         1.0
15425         1.0
15427         1.0
15426         1.0
15751         1.0
15753         1.0
15752         1.0
13681         1.0
13680         1.0
15429         1.0
15428         1.0
11025         1.0
11024         1.0
12285         1.0
13028         1.0
11021         1.0
11020         1.0
11023         1.0
11022         1.0
13016         1.0
13017         1.0
13014         1.0
13015         1.0
13012         1.0
13013         1.0
13010         1.0
13011         1.0
10619         1.0
10618         1.0
13018         1.0
13019         1.0
14112         1.0
14113         1.0
15747         1.0
14116         1.0
14117         1.0
14114         1.0
14115         1.0
11009         1.0
15748         1.0
15749         1.0
12987         1.0
12986         1.0
12985         2.0
14452         1.0
15430         1.0
15431         1.0
15106         1.0
15104         1.0
15105         1.0
15102         1.0
15103         1.0
15100         1.0
12988         1.0
10611         1.0
10972         1.0
10973         1.0
10974         1.0
10975         1.0
10976         1.0
10610         1.0
11687         1.0
10613         1.0
13023         1.0
13022         1.0
13021         1.0
13020         1.0
10606         1.0
10607         1.0
13025         1.0
13024         1.0
11937         1.0
11936         1.0
13029         1.0
10609         1.0
12300         1.0
11026         1.0
10617         1.0
10608         1.0
10616         1.0
11382         1.0
14443         1.0
14444         1.0
14445         1.0
14446         1.0
14447         1.0
14448         1.0
11384         1.0
10615         1.0
11385         1.0
11003         1.0
11002         1.0
11001         1.0
11000         1.0
11007         1.0
11381         1.0
11698         1.0
11004         1.0
11696         1.0
11697         1.0
11694         1.0
14771         1.0
11692         1.0
11693         1.0
11690         1.0
11691         1.0
12086         1.0
12301         1.0
12084         1.0
12085         1.0
12082         1.0
12083         1.0
10639         1.0
10638         1.0
13034         1.0
10636         1.0
13030         1.0
13031         1.0
13032         1.0
13033         1.0
10659         1.0
11940         1.0
11941         1.0
14111         1.0
14449         1.0
11008         1.0
13773         1.0
11383         1.0
13678         1.0
13679         1.0
13777         1.0
13776         1.0
13775         1.0
10999         1.0
15750         1.0
13779         1.0
13778         1.0
11010         1.0
10666         1.0
11012         1.0
10628         1.0
10667         1.0
11935         1.0
10620         1.0
10621         1.0
10622         1.0
10623         1.0
10624         1.0
10625         1.0
10626         1.0
10627         1.0
14014         1.0
10662         1.0
10648         1.0
10612         1.0
10646         1.0
10647         1.0
10644         1.0
10645         1.0
10642         1.0
10643         1.0
10640         1.0
10641         1.0
13351         1.0
13774         1.0
13353         1.0
13352         1.0
13355         1.0
13354         1.0
13357         1.0
13356         1.0
13359         1.0
13358         1.0
11005         1.0
11700         1.0
10668         1.0
11699         1.0
11701         1.0
11735         1.0
11734         1.0
11737         1.0
11736         1.0
11733         1.0
13346         1.0
11703         1.0
11739         1.0
11738         1.0
13347         1.0
11695         1.0
13677         1.0
14019         1.0
14018         1.0
14017         1.0
14016         1.0
10637         1.0
10670         1.0
14013         1.0
13342         1.0
13343         1.0
12055         1.0
12054         1.0
13344         1.0
12056         1.0
12059         1.0
12058         1.0
13348         1.0
13349         1.0
10665         1.0
12299         1.0
12298         1.0
12087         1.0
10649         1.0
12297         1.0
12296         1.0
15101         1.0
10971         1.0
10614         1.0
12042         1.0
12043         1.0
12286         1.0
12287         1.0
12046         1.0
12044         1.0
12045         1.0
11689         1.0
10664         1.0
12288         1.0
14015         1.0
14451         1.0
11688         1.0
12682         1.0
12683         1.0
12057         1.0
13350         1.0
13345         1.0
10977         1.0
11011         1.0
12088         1.0
14450         1.0
10669         1.0
