#Object       u60

11650         1.0
10848         1.0
11686         1.0
10565         1.0
12392         1.0
10564         1.0
12010         1.0
11308         1.0
11309         1.0
12390         1.0
11300         1.0
11301         1.0
11302         1.0
11303         1.0
11304         1.0
11232         1.0
11306         1.0
11307         1.0
12370         1.0
12371         1.0
12372         1.0
12373         1.0
11663         1.0
11662         1.0
11661         1.0
11660         1.0
12378         1.0
12674         1.0
13087         1.0
Moon40A       1.0
12671         1.0
12670         1.0
12673         1.0
12672         1.0
10581         1.0
10580         1.0
10958         1.0
10582         1.0
11222         1.0
11220         1.0
10578         1.0
10963         1.0
11279         1.0
10937         1.0
12389         1.0
10962         1.0
10961         1.0
10960         1.0
13092         1.0
12350         1.0
13090         1.0
13091         1.0
12305         1.0
12304         1.0
12307         1.0
12306         1.0
12303         1.0
12302         1.0
12309         1.0
12308         1.0
11653         1.0
Moon10B       1.0
Moon10A       1.0
11305         1.0
11651         1.0
Moon50B       1.0
Moon50A       1.0
12019         1.0
12018         1.0
12015         1.0
12014         1.0
12394         1.0
12395         1.0
12011         1.0
12393         1.0
12013         1.0
12012         1.0
11289         1.0
11221         1.0
11281         1.0
11280         1.0
10849         1.0
11934         1.0
11933         1.0
11932         1.0
11931         1.0
11930         1.0
11667         1.0
11666         1.0
11665         1.0
11212         1.0
11213         1.0
11664         1.0
11216         1.0
11217         1.0
11214         1.0
11215         1.0
13430         1.0
13089         1.0
11218         1.0
11219         1.0
13434         1.0
12343         1.0
13436         1.0
13088         1.0
10928         1.0
12376         1.0
12008         1.0
12009         1.0
12006         1.0
12007         1.0
12004         1.0
12377         1.0
12002         1.0
12003         1.0
12000         1.0
12001         1.0
11928         1.0
Moon40B       1.0
11298         1.0
11299         1.0
12327         1.0
12326         1.0
12379         1.0
11292         1.0
11293         1.0
12329         1.0
12328         1.0
11296         1.0
11297         1.0
11294         1.0
11295         1.0
11946         1.0
11947         1.0
11944         1.0
11945         1.0
11942         1.0
11943         1.0
11669         1.0
11229         1.0
11228         1.0
11227         1.0
11226         1.0
11225         1.0
11224         1.0
11223         1.0
Moon20A       1.0
Moon20B       1.0
10559         1.0
13433         1.0
10853         1.0
10852         1.0
10851         1.0
10850         1.0
13432         1.0
13431         1.0
10917         1.0
10959         1.0
11655         1.0
11668         1.0
13437         1.0
12330         1.0
12331         1.0
10918         1.0
12332         1.0
12366         1.0
Moon70A       1.0
10562         1.0
10561         1.0
10560         1.0
10567         1.0
12021         1.0
12022         1.0
12023         1.0
11230         1.0
11231         1.0
10569         1.0
10568         1.0
11927         1.0
12745         1.0
12744         1.0
12746         1.0
12349         1.0
12348         1.0
10927         1.0
10926         1.0
12341         1.0
12340         1.0
10929         1.0
12342         1.0
12345         1.0
12344         1.0
12347         1.0
12346         1.0
13435         1.0
12005         1.0
Moon60A       1.0
Moon30A       1.0
10579         1.0
11324         1.0
Moon30B       1.0
10574         1.0
10575         1.0
10576         1.0
11637         1.0
10570         1.0
10571         1.0
10572         1.0
10573         1.0
12024         1.0
12391         1.0
10577         1.0
10948         1.0
11929         1.0
Moon60B       1.0
11649         1.0
11648         1.0
10946         1.0
11659         1.0
10938         1.0
10939         1.0
10934         1.0
10935         1.0
10936         1.0
12351         1.0
10930         1.0
10931         1.0
10932         1.0
10933         1.0
11657         1.0
13780         1.0
Moon80A       1.0
12375         1.0
11999         1.0
11652         1.0
12040         1.0
12041         1.0
10940         1.0
12374         1.0
11290         1.0
12367         1.0
10563         1.0
11291         1.0
12025         1.0
11656         1.0
12016         1.0
12369         1.0
12368         1.0
10949         1.0
11685         1.0
11658         1.0
Moon70B       1.0
Moon80B       1.0
11654         1.0
12017         1.0
10941         1.0
12020         1.0
10943         1.0
10942         1.0
10945         1.0
10944         1.0
10947         1.0
10566         1.0
